[2022-06-13 22:37:34,035] {taskinstance.py:1043} INFO - Dependencies all met for <TaskInstance: my_first_dag.format_data_from_lastfm manual__2022-06-13T20:37:14.187954+00:00 [queued]>
[2022-06-13 22:37:34,047] {taskinstance.py:1043} INFO - Dependencies all met for <TaskInstance: my_first_dag.format_data_from_lastfm manual__2022-06-13T20:37:14.187954+00:00 [queued]>
[2022-06-13 22:37:34,047] {taskinstance.py:1249} INFO - 
--------------------------------------------------------------------------------
[2022-06-13 22:37:34,047] {taskinstance.py:1250} INFO - Starting attempt 1 of 2
[2022-06-13 22:37:34,048] {taskinstance.py:1251} INFO - 
--------------------------------------------------------------------------------
[2022-06-13 22:37:34,069] {taskinstance.py:1270} INFO - Executing <Task(PythonOperator): format_data_from_lastfm> on 2022-06-13 20:37:14.187954+00:00
[2022-06-13 22:37:34,071] {standard_task_runner.py:52} INFO - Started process 5524 to run task
[2022-06-13 22:37:34,075] {standard_task_runner.py:79} INFO - Running: ['airflow', 'tasks', 'run', 'my_first_dag', 'format_data_from_lastfm', 'manual__2022-06-13T20:37:14.187954+00:00', '--job-id', '55', '--raw', '--subdir', 'DAGS_FOLDER/my_first_dag.py', '--cfg-path', '/tmp/tmp752bbl9p', '--error-file', '/tmp/tmpcu9mi6py']
[2022-06-13 22:37:34,076] {standard_task_runner.py:80} INFO - Job 55: Subtask format_data_from_lastfm
[2022-06-13 22:37:34,127] {logging_mixin.py:109} INFO - Running <TaskInstance: my_first_dag.format_data_from_lastfm manual__2022-06-13T20:37:14.187954+00:00 [running]> on host LAPTOP-M1F9EL62.localdomain
[2022-06-13 22:37:34,191] {taskinstance.py:1446} INFO - Exporting the following env vars:
AIRFLOW_CTX_DAG_EMAIL=airflow@example.com
AIRFLOW_CTX_DAG_OWNER=airflow
AIRFLOW_CTX_DAG_ID=my_first_dag
AIRFLOW_CTX_TASK_ID=format_data_from_lastfm
AIRFLOW_CTX_EXECUTION_DATE=2022-06-13T20:37:14.187954+00:00
AIRFLOW_CTX_DAG_RUN_ID=manual__2022-06-13T20:37:14.187954+00:00
[2022-06-13 22:37:34,193] {logging_mixin.py:109} INFO - Hello Airflow - This is Task with task_number: task2
[2022-06-13 22:37:34,193] {logging_mixin.py:109} INFO - kwargs['dag_run'] 2022-06-13 20:37:14.187954+00:00
[2022-06-13 22:37:34,193] {python.py:175} INFO - Done. Returned value was: None
[2022-06-13 22:37:34,205] {taskinstance.py:1278} INFO - Marking task as SUCCESS. dag_id=my_first_dag, task_id=format_data_from_lastfm, execution_date=20220613T203714, start_date=20220613T203734, end_date=20220613T203734
[2022-06-13 22:37:34,247] {local_task_job.py:154} INFO - Task exited with return code 0
[2022-06-13 22:37:34,294] {local_task_job.py:264} INFO - 0 downstream tasks scheduled from follow-on schedule check
