[2022-06-12 22:27:50,829] {taskinstance.py:1043} INFO - Dependencies all met for <TaskInstance: my_first_dag.format_data_from_spotify manual__2022-06-12T20:27:27.024916+00:00 [queued]>
[2022-06-12 22:27:50,846] {taskinstance.py:1043} INFO - Dependencies all met for <TaskInstance: my_first_dag.format_data_from_spotify manual__2022-06-12T20:27:27.024916+00:00 [queued]>
[2022-06-12 22:27:50,847] {taskinstance.py:1249} INFO - 
--------------------------------------------------------------------------------
[2022-06-12 22:27:50,847] {taskinstance.py:1250} INFO - Starting attempt 1 of 2
[2022-06-12 22:27:50,848] {taskinstance.py:1251} INFO - 
--------------------------------------------------------------------------------
[2022-06-12 22:27:50,868] {taskinstance.py:1270} INFO - Executing <Task(PythonOperator): format_data_from_spotify> on 2022-06-12 20:27:27.024916+00:00
[2022-06-12 22:27:50,871] {standard_task_runner.py:52} INFO - Started process 1910 to run task
[2022-06-12 22:27:50,879] {standard_task_runner.py:79} INFO - Running: ['airflow', 'tasks', 'run', 'my_first_dag', 'format_data_from_spotify', 'manual__2022-06-12T20:27:27.024916+00:00', '--job-id', '10', '--raw', '--subdir', 'DAGS_FOLDER/my_first_dag.py', '--cfg-path', '/tmp/tmp2vhan6bl', '--error-file', '/tmp/tmp490r0gff']
[2022-06-12 22:27:50,880] {standard_task_runner.py:80} INFO - Job 10: Subtask format_data_from_spotify
[2022-06-12 22:27:50,952] {logging_mixin.py:109} INFO - Running <TaskInstance: my_first_dag.format_data_from_spotify manual__2022-06-12T20:27:27.024916+00:00 [running]> on host LAPTOP-M1F9EL62.localdomain
[2022-06-12 22:27:51,023] {taskinstance.py:1446} INFO - Exporting the following env vars:
AIRFLOW_CTX_DAG_EMAIL=airflow@example.com
AIRFLOW_CTX_DAG_OWNER=airflow
AIRFLOW_CTX_DAG_ID=my_first_dag
AIRFLOW_CTX_TASK_ID=format_data_from_spotify
AIRFLOW_CTX_EXECUTION_DATE=2022-06-12T20:27:27.024916+00:00
AIRFLOW_CTX_DAG_RUN_ID=manual__2022-06-12T20:27:27.024916+00:00
[2022-06-12 22:27:51,025] {logging_mixin.py:109} INFO - Hello Airflow - This is Task with task_number: task4
[2022-06-12 22:27:51,026] {logging_mixin.py:109} INFO - kwargs['dag_run'] 2022-06-12 20:27:27.024916+00:00
[2022-06-12 22:27:51,026] {python.py:175} INFO - Done. Returned value was: None
[2022-06-12 22:27:51,038] {taskinstance.py:1278} INFO - Marking task as SUCCESS. dag_id=my_first_dag, task_id=format_data_from_spotify, execution_date=20220612T202727, start_date=20220612T202750, end_date=20220612T202751
[2022-06-12 22:27:51,095] {local_task_job.py:154} INFO - Task exited with return code 0
[2022-06-12 22:27:51,146] {local_task_job.py:264} INFO - 1 downstream tasks scheduled from follow-on schedule check
