[2022-06-15 21:13:08,011] {processor.py:163} INFO - Started process (PID=5422) to work on /home/leizo/.local/lib/python3.8/site-packages/airflow/example_dags/example_kubernetes_executor.py
[2022-06-15 21:13:08,014] {processor.py:642} INFO - Processing file /home/leizo/.local/lib/python3.8/site-packages/airflow/example_dags/example_kubernetes_executor.py for tasks to queue
[2022-06-15 21:13:08,015] {logging_mixin.py:109} INFO - [2022-06-15 21:13:08,015] {dagbag.py:500} INFO - Filling up the DagBag from /home/leizo/.local/lib/python3.8/site-packages/airflow/example_dags/example_kubernetes_executor.py
[2022-06-15 21:13:08,032] {logging_mixin.py:109} INFO - [2022-06-15 21:13:08,032] {example_kubernetes_executor.py:39} WARNING - The example_kubernetes_executor example DAG requires the kubernetes provider. Please install it with: pip install apache-airflow[cncf.kubernetes]
[2022-06-15 21:13:08,033] {processor.py:654} WARNING - No viable dags retrieved from /home/leizo/.local/lib/python3.8/site-packages/airflow/example_dags/example_kubernetes_executor.py
[2022-06-15 21:13:08,058] {processor.py:171} INFO - Processing /home/leizo/.local/lib/python3.8/site-packages/airflow/example_dags/example_kubernetes_executor.py took 0.053 seconds
[2022-06-16 00:45:21,872] {processor.py:163} INFO - Started process (PID=12418) to work on /home/leizo/.local/lib/python3.8/site-packages/airflow/example_dags/example_kubernetes_executor.py
[2022-06-16 00:45:21,876] {processor.py:642} INFO - Processing file /home/leizo/.local/lib/python3.8/site-packages/airflow/example_dags/example_kubernetes_executor.py for tasks to queue
[2022-06-16 00:45:21,878] {logging_mixin.py:109} INFO - [2022-06-16 00:45:21,878] {dagbag.py:500} INFO - Filling up the DagBag from /home/leizo/.local/lib/python3.8/site-packages/airflow/example_dags/example_kubernetes_executor.py
[2022-06-16 00:45:21,902] {logging_mixin.py:109} INFO - [2022-06-16 00:45:21,902] {example_kubernetes_executor.py:39} WARNING - The example_kubernetes_executor example DAG requires the kubernetes provider. Please install it with: pip install apache-airflow[cncf.kubernetes]
[2022-06-16 00:45:21,903] {processor.py:654} WARNING - No viable dags retrieved from /home/leizo/.local/lib/python3.8/site-packages/airflow/example_dags/example_kubernetes_executor.py
[2022-06-16 00:45:21,914] {processor.py:171} INFO - Processing /home/leizo/.local/lib/python3.8/site-packages/airflow/example_dags/example_kubernetes_executor.py took 0.047 seconds
[2022-06-16 00:49:05,019] {processor.py:163} INFO - Started process (PID=15237) to work on /home/leizo/.local/lib/python3.8/site-packages/airflow/example_dags/example_kubernetes_executor.py
[2022-06-16 00:49:05,022] {processor.py:642} INFO - Processing file /home/leizo/.local/lib/python3.8/site-packages/airflow/example_dags/example_kubernetes_executor.py for tasks to queue
[2022-06-16 00:49:05,023] {logging_mixin.py:109} INFO - [2022-06-16 00:49:05,023] {dagbag.py:500} INFO - Filling up the DagBag from /home/leizo/.local/lib/python3.8/site-packages/airflow/example_dags/example_kubernetes_executor.py
[2022-06-16 00:49:05,033] {logging_mixin.py:109} INFO - [2022-06-16 00:49:05,033] {example_kubernetes_executor.py:39} WARNING - The example_kubernetes_executor example DAG requires the kubernetes provider. Please install it with: pip install apache-airflow[cncf.kubernetes]
[2022-06-16 00:49:05,033] {processor.py:654} WARNING - No viable dags retrieved from /home/leizo/.local/lib/python3.8/site-packages/airflow/example_dags/example_kubernetes_executor.py
[2022-06-16 00:49:05,040] {processor.py:171} INFO - Processing /home/leizo/.local/lib/python3.8/site-packages/airflow/example_dags/example_kubernetes_executor.py took 0.026 seconds
[2022-06-16 00:50:55,096] {processor.py:163} INFO - Started process (PID=15988) to work on /home/leizo/.local/lib/python3.8/site-packages/airflow/example_dags/example_kubernetes_executor.py
[2022-06-16 00:50:55,099] {processor.py:642} INFO - Processing file /home/leizo/.local/lib/python3.8/site-packages/airflow/example_dags/example_kubernetes_executor.py for tasks to queue
[2022-06-16 00:50:55,100] {logging_mixin.py:109} INFO - [2022-06-16 00:50:55,100] {dagbag.py:500} INFO - Filling up the DagBag from /home/leizo/.local/lib/python3.8/site-packages/airflow/example_dags/example_kubernetes_executor.py
[2022-06-16 00:50:55,116] {logging_mixin.py:109} INFO - [2022-06-16 00:50:55,116] {example_kubernetes_executor.py:39} WARNING - The example_kubernetes_executor example DAG requires the kubernetes provider. Please install it with: pip install apache-airflow[cncf.kubernetes]
[2022-06-16 00:50:55,117] {processor.py:654} WARNING - No viable dags retrieved from /home/leizo/.local/lib/python3.8/site-packages/airflow/example_dags/example_kubernetes_executor.py
[2022-06-16 00:50:55,133] {processor.py:171} INFO - Processing /home/leizo/.local/lib/python3.8/site-packages/airflow/example_dags/example_kubernetes_executor.py took 0.045 seconds
[2022-06-16 00:53:12,880] {processor.py:163} INFO - Started process (PID=19915) to work on /home/leizo/.local/lib/python3.8/site-packages/airflow/example_dags/example_kubernetes_executor.py
[2022-06-16 00:53:12,883] {processor.py:642} INFO - Processing file /home/leizo/.local/lib/python3.8/site-packages/airflow/example_dags/example_kubernetes_executor.py for tasks to queue
[2022-06-16 00:53:12,884] {logging_mixin.py:109} INFO - [2022-06-16 00:53:12,884] {dagbag.py:500} INFO - Filling up the DagBag from /home/leizo/.local/lib/python3.8/site-packages/airflow/example_dags/example_kubernetes_executor.py
[2022-06-16 00:53:12,893] {logging_mixin.py:109} INFO - [2022-06-16 00:53:12,893] {example_kubernetes_executor.py:39} WARNING - The example_kubernetes_executor example DAG requires the kubernetes provider. Please install it with: pip install apache-airflow[cncf.kubernetes]
[2022-06-16 00:53:12,893] {processor.py:654} WARNING - No viable dags retrieved from /home/leizo/.local/lib/python3.8/site-packages/airflow/example_dags/example_kubernetes_executor.py
[2022-06-16 00:53:12,903] {processor.py:171} INFO - Processing /home/leizo/.local/lib/python3.8/site-packages/airflow/example_dags/example_kubernetes_executor.py took 0.027 seconds
[2022-06-16 00:54:52,743] {processor.py:163} INFO - Started process (PID=20689) to work on /home/leizo/.local/lib/python3.8/site-packages/airflow/example_dags/example_kubernetes_executor.py
[2022-06-16 00:54:52,746] {processor.py:642} INFO - Processing file /home/leizo/.local/lib/python3.8/site-packages/airflow/example_dags/example_kubernetes_executor.py for tasks to queue
[2022-06-16 00:54:52,747] {logging_mixin.py:109} INFO - [2022-06-16 00:54:52,747] {dagbag.py:500} INFO - Filling up the DagBag from /home/leizo/.local/lib/python3.8/site-packages/airflow/example_dags/example_kubernetes_executor.py
[2022-06-16 00:54:52,767] {logging_mixin.py:109} INFO - [2022-06-16 00:54:52,767] {example_kubernetes_executor.py:39} WARNING - The example_kubernetes_executor example DAG requires the kubernetes provider. Please install it with: pip install apache-airflow[cncf.kubernetes]
[2022-06-16 00:54:52,768] {processor.py:654} WARNING - No viable dags retrieved from /home/leizo/.local/lib/python3.8/site-packages/airflow/example_dags/example_kubernetes_executor.py
[2022-06-16 00:54:52,786] {processor.py:171} INFO - Processing /home/leizo/.local/lib/python3.8/site-packages/airflow/example_dags/example_kubernetes_executor.py took 0.048 seconds
[2022-06-16 00:56:59,026] {processor.py:163} INFO - Started process (PID=21745) to work on /home/leizo/.local/lib/python3.8/site-packages/airflow/example_dags/example_kubernetes_executor.py
[2022-06-16 00:56:59,028] {processor.py:642} INFO - Processing file /home/leizo/.local/lib/python3.8/site-packages/airflow/example_dags/example_kubernetes_executor.py for tasks to queue
[2022-06-16 00:56:59,029] {logging_mixin.py:109} INFO - [2022-06-16 00:56:59,029] {dagbag.py:500} INFO - Filling up the DagBag from /home/leizo/.local/lib/python3.8/site-packages/airflow/example_dags/example_kubernetes_executor.py
[2022-06-16 00:56:59,038] {logging_mixin.py:109} INFO - [2022-06-16 00:56:59,038] {example_kubernetes_executor.py:39} WARNING - The example_kubernetes_executor example DAG requires the kubernetes provider. Please install it with: pip install apache-airflow[cncf.kubernetes]
[2022-06-16 00:56:59,038] {processor.py:654} WARNING - No viable dags retrieved from /home/leizo/.local/lib/python3.8/site-packages/airflow/example_dags/example_kubernetes_executor.py
[2022-06-16 00:56:59,049] {processor.py:171} INFO - Processing /home/leizo/.local/lib/python3.8/site-packages/airflow/example_dags/example_kubernetes_executor.py took 0.028 seconds
