[2022-06-15 21:13:31,514] {processor.py:163} INFO - Started process (PID=5442) to work on /home/leizo/.local/lib/python3.8/site-packages/airflow/example_dags/example_branch_python_dop_operator_3.py
[2022-06-15 21:13:31,515] {processor.py:642} INFO - Processing file /home/leizo/.local/lib/python3.8/site-packages/airflow/example_dags/example_branch_python_dop_operator_3.py for tasks to queue
[2022-06-15 21:13:31,515] {logging_mixin.py:109} INFO - [2022-06-15 21:13:31,515] {dagbag.py:500} INFO - Filling up the DagBag from /home/leizo/.local/lib/python3.8/site-packages/airflow/example_dags/example_branch_python_dop_operator_3.py
[2022-06-15 21:13:31,533] {processor.py:652} INFO - DAG(s) dict_keys(['example_branch_dop_operator_v3']) retrieved from /home/leizo/.local/lib/python3.8/site-packages/airflow/example_dags/example_branch_python_dop_operator_3.py
[2022-06-15 21:13:31,551] {logging_mixin.py:109} INFO - [2022-06-15 21:13:31,551] {dag.py:2398} INFO - Sync 1 DAGs
[2022-06-15 21:13:31,572] {logging_mixin.py:109} INFO - [2022-06-15 21:13:31,572] {dag.py:2937} INFO - Setting next_dagrun for example_branch_dop_operator_v3 to 2022-06-15T19:12:00+00:00
[2022-06-15 21:13:31,588] {processor.py:171} INFO - Processing /home/leizo/.local/lib/python3.8/site-packages/airflow/example_dags/example_branch_python_dop_operator_3.py took 0.077 seconds
[2022-06-16 00:49:27,094] {processor.py:163} INFO - Started process (PID=15257) to work on /home/leizo/.local/lib/python3.8/site-packages/airflow/example_dags/example_branch_python_dop_operator_3.py
[2022-06-16 00:49:27,097] {processor.py:642} INFO - Processing file /home/leizo/.local/lib/python3.8/site-packages/airflow/example_dags/example_branch_python_dop_operator_3.py for tasks to queue
[2022-06-16 00:49:27,098] {logging_mixin.py:109} INFO - [2022-06-16 00:49:27,098] {dagbag.py:500} INFO - Filling up the DagBag from /home/leizo/.local/lib/python3.8/site-packages/airflow/example_dags/example_branch_python_dop_operator_3.py
[2022-06-16 00:49:27,118] {processor.py:652} INFO - DAG(s) dict_keys(['example_branch_dop_operator_v3']) retrieved from /home/leizo/.local/lib/python3.8/site-packages/airflow/example_dags/example_branch_python_dop_operator_3.py
[2022-06-16 00:49:27,147] {logging_mixin.py:109} INFO - [2022-06-16 00:49:27,147] {dag.py:2398} INFO - Sync 1 DAGs
[2022-06-16 00:49:27,163] {logging_mixin.py:109} INFO - [2022-06-16 00:49:27,163] {dag.py:2937} INFO - Setting next_dagrun for example_branch_dop_operator_v3 to 2022-06-15T22:48:00+00:00
[2022-06-16 00:49:27,178] {processor.py:171} INFO - Processing /home/leizo/.local/lib/python3.8/site-packages/airflow/example_dags/example_branch_python_dop_operator_3.py took 0.090 seconds
[2022-06-16 00:51:50,651] {processor.py:163} INFO - Started process (PID=17140) to work on /home/leizo/.local/lib/python3.8/site-packages/airflow/example_dags/example_branch_python_dop_operator_3.py
[2022-06-16 00:51:50,655] {processor.py:642} INFO - Processing file /home/leizo/.local/lib/python3.8/site-packages/airflow/example_dags/example_branch_python_dop_operator_3.py for tasks to queue
[2022-06-16 00:51:50,657] {logging_mixin.py:109} INFO - [2022-06-16 00:51:50,656] {dagbag.py:500} INFO - Filling up the DagBag from /home/leizo/.local/lib/python3.8/site-packages/airflow/example_dags/example_branch_python_dop_operator_3.py
[2022-06-16 00:51:50,699] {processor.py:652} INFO - DAG(s) dict_keys(['example_branch_dop_operator_v3']) retrieved from /home/leizo/.local/lib/python3.8/site-packages/airflow/example_dags/example_branch_python_dop_operator_3.py
[2022-06-16 00:51:50,759] {logging_mixin.py:109} INFO - [2022-06-16 00:51:50,758] {dag.py:2398} INFO - Sync 1 DAGs
[2022-06-16 00:51:50,836] {logging_mixin.py:109} INFO - [2022-06-16 00:51:50,836] {dag.py:2937} INFO - Setting next_dagrun for example_branch_dop_operator_v3 to 2022-06-15T22:50:00+00:00
[2022-06-16 00:51:50,865] {processor.py:171} INFO - Processing /home/leizo/.local/lib/python3.8/site-packages/airflow/example_dags/example_branch_python_dop_operator_3.py took 0.220 seconds
[2022-06-16 00:54:02,344] {processor.py:163} INFO - Started process (PID=20224) to work on /home/leizo/.local/lib/python3.8/site-packages/airflow/example_dags/example_branch_python_dop_operator_3.py
[2022-06-16 00:54:02,347] {processor.py:642} INFO - Processing file /home/leizo/.local/lib/python3.8/site-packages/airflow/example_dags/example_branch_python_dop_operator_3.py for tasks to queue
[2022-06-16 00:54:02,348] {logging_mixin.py:109} INFO - [2022-06-16 00:54:02,348] {dagbag.py:500} INFO - Filling up the DagBag from /home/leizo/.local/lib/python3.8/site-packages/airflow/example_dags/example_branch_python_dop_operator_3.py
[2022-06-16 00:54:02,363] {processor.py:652} INFO - DAG(s) dict_keys(['example_branch_dop_operator_v3']) retrieved from /home/leizo/.local/lib/python3.8/site-packages/airflow/example_dags/example_branch_python_dop_operator_3.py
[2022-06-16 00:54:02,379] {logging_mixin.py:109} INFO - [2022-06-16 00:54:02,379] {dag.py:2398} INFO - Sync 1 DAGs
[2022-06-16 00:54:02,399] {logging_mixin.py:109} INFO - [2022-06-16 00:54:02,399] {dag.py:2937} INFO - Setting next_dagrun for example_branch_dop_operator_v3 to 2022-06-15T22:53:00+00:00
[2022-06-16 00:54:02,424] {processor.py:171} INFO - Processing /home/leizo/.local/lib/python3.8/site-packages/airflow/example_dags/example_branch_python_dop_operator_3.py took 0.083 seconds
[2022-06-16 00:55:41,005] {processor.py:163} INFO - Started process (PID=21000) to work on /home/leizo/.local/lib/python3.8/site-packages/airflow/example_dags/example_branch_python_dop_operator_3.py
[2022-06-16 00:55:41,007] {processor.py:642} INFO - Processing file /home/leizo/.local/lib/python3.8/site-packages/airflow/example_dags/example_branch_python_dop_operator_3.py for tasks to queue
[2022-06-16 00:55:41,008] {logging_mixin.py:109} INFO - [2022-06-16 00:55:41,007] {dagbag.py:500} INFO - Filling up the DagBag from /home/leizo/.local/lib/python3.8/site-packages/airflow/example_dags/example_branch_python_dop_operator_3.py
[2022-06-16 00:55:41,017] {processor.py:652} INFO - DAG(s) dict_keys(['example_branch_dop_operator_v3']) retrieved from /home/leizo/.local/lib/python3.8/site-packages/airflow/example_dags/example_branch_python_dop_operator_3.py
[2022-06-16 00:55:41,032] {logging_mixin.py:109} INFO - [2022-06-16 00:55:41,032] {dag.py:2398} INFO - Sync 1 DAGs
[2022-06-16 00:55:41,059] {logging_mixin.py:109} INFO - [2022-06-16 00:55:41,059] {dag.py:2937} INFO - Setting next_dagrun for example_branch_dop_operator_v3 to 2022-06-15T22:54:00+00:00
[2022-06-16 00:55:41,077] {processor.py:171} INFO - Processing /home/leizo/.local/lib/python3.8/site-packages/airflow/example_dags/example_branch_python_dop_operator_3.py took 0.075 seconds
