[2022-06-15 21:13:36,374] {processor.py:163} INFO - Started process (PID=5447) to work on /home/leizo/.local/lib/python3.8/site-packages/airflow/example_dags/example_external_task_marker_dag.py
[2022-06-15 21:13:36,375] {processor.py:642} INFO - Processing file /home/leizo/.local/lib/python3.8/site-packages/airflow/example_dags/example_external_task_marker_dag.py for tasks to queue
[2022-06-15 21:13:36,375] {logging_mixin.py:109} INFO - [2022-06-15 21:13:36,375] {dagbag.py:500} INFO - Filling up the DagBag from /home/leizo/.local/lib/python3.8/site-packages/airflow/example_dags/example_external_task_marker_dag.py
[2022-06-15 21:13:36,393] {processor.py:652} INFO - DAG(s) dict_keys(['example_external_task_marker_parent', 'example_external_task_marker_child']) retrieved from /home/leizo/.local/lib/python3.8/site-packages/airflow/example_dags/example_external_task_marker_dag.py
[2022-06-15 21:13:36,413] {logging_mixin.py:109} INFO - [2022-06-15 21:13:36,413] {dag.py:2398} INFO - Sync 2 DAGs
[2022-06-15 21:13:36,430] {logging_mixin.py:109} INFO - [2022-06-15 21:13:36,429] {dag.py:2937} INFO - Setting next_dagrun for example_external_task_marker_child to None
[2022-06-15 21:13:36,430] {logging_mixin.py:109} INFO - [2022-06-15 21:13:36,430] {dag.py:2937} INFO - Setting next_dagrun for example_external_task_marker_parent to None
[2022-06-15 21:13:36,446] {processor.py:171} INFO - Processing /home/leizo/.local/lib/python3.8/site-packages/airflow/example_dags/example_external_task_marker_dag.py took 0.075 seconds
[2022-06-16 00:49:32,403] {processor.py:163} INFO - Started process (PID=15262) to work on /home/leizo/.local/lib/python3.8/site-packages/airflow/example_dags/example_external_task_marker_dag.py
[2022-06-16 00:49:32,407] {processor.py:642} INFO - Processing file /home/leizo/.local/lib/python3.8/site-packages/airflow/example_dags/example_external_task_marker_dag.py for tasks to queue
[2022-06-16 00:49:32,409] {logging_mixin.py:109} INFO - [2022-06-16 00:49:32,409] {dagbag.py:500} INFO - Filling up the DagBag from /home/leizo/.local/lib/python3.8/site-packages/airflow/example_dags/example_external_task_marker_dag.py
[2022-06-16 00:49:32,425] {processor.py:652} INFO - DAG(s) dict_keys(['example_external_task_marker_parent', 'example_external_task_marker_child']) retrieved from /home/leizo/.local/lib/python3.8/site-packages/airflow/example_dags/example_external_task_marker_dag.py
[2022-06-16 00:49:32,465] {logging_mixin.py:109} INFO - [2022-06-16 00:49:32,465] {dag.py:2398} INFO - Sync 2 DAGs
[2022-06-16 00:49:32,491] {logging_mixin.py:109} INFO - [2022-06-16 00:49:32,491] {dag.py:2937} INFO - Setting next_dagrun for example_external_task_marker_child to None
[2022-06-16 00:49:32,492] {logging_mixin.py:109} INFO - [2022-06-16 00:49:32,491] {dag.py:2937} INFO - Setting next_dagrun for example_external_task_marker_parent to None
[2022-06-16 00:49:32,517] {processor.py:171} INFO - Processing /home/leizo/.local/lib/python3.8/site-packages/airflow/example_dags/example_external_task_marker_dag.py took 0.119 seconds
[2022-06-16 00:51:55,880] {processor.py:163} INFO - Started process (PID=17145) to work on /home/leizo/.local/lib/python3.8/site-packages/airflow/example_dags/example_external_task_marker_dag.py
[2022-06-16 00:51:55,883] {processor.py:642} INFO - Processing file /home/leizo/.local/lib/python3.8/site-packages/airflow/example_dags/example_external_task_marker_dag.py for tasks to queue
[2022-06-16 00:51:55,885] {logging_mixin.py:109} INFO - [2022-06-16 00:51:55,884] {dagbag.py:500} INFO - Filling up the DagBag from /home/leizo/.local/lib/python3.8/site-packages/airflow/example_dags/example_external_task_marker_dag.py
[2022-06-16 00:51:55,903] {processor.py:652} INFO - DAG(s) dict_keys(['example_external_task_marker_parent', 'example_external_task_marker_child']) retrieved from /home/leizo/.local/lib/python3.8/site-packages/airflow/example_dags/example_external_task_marker_dag.py
[2022-06-16 00:51:55,937] {logging_mixin.py:109} INFO - [2022-06-16 00:51:55,936] {dag.py:2398} INFO - Sync 2 DAGs
[2022-06-16 00:51:55,970] {logging_mixin.py:109} INFO - [2022-06-16 00:51:55,970] {dag.py:2937} INFO - Setting next_dagrun for example_external_task_marker_child to None
[2022-06-16 00:51:55,971] {logging_mixin.py:109} INFO - [2022-06-16 00:51:55,971] {dag.py:2937} INFO - Setting next_dagrun for example_external_task_marker_parent to None
[2022-06-16 00:51:55,995] {processor.py:171} INFO - Processing /home/leizo/.local/lib/python3.8/site-packages/airflow/example_dags/example_external_task_marker_dag.py took 0.122 seconds
[2022-06-16 00:54:08,323] {processor.py:163} INFO - Started process (PID=20229) to work on /home/leizo/.local/lib/python3.8/site-packages/airflow/example_dags/example_external_task_marker_dag.py
[2022-06-16 00:54:08,326] {processor.py:642} INFO - Processing file /home/leizo/.local/lib/python3.8/site-packages/airflow/example_dags/example_external_task_marker_dag.py for tasks to queue
[2022-06-16 00:54:08,327] {logging_mixin.py:109} INFO - [2022-06-16 00:54:08,327] {dagbag.py:500} INFO - Filling up the DagBag from /home/leizo/.local/lib/python3.8/site-packages/airflow/example_dags/example_external_task_marker_dag.py
[2022-06-16 00:54:08,340] {processor.py:652} INFO - DAG(s) dict_keys(['example_external_task_marker_parent', 'example_external_task_marker_child']) retrieved from /home/leizo/.local/lib/python3.8/site-packages/airflow/example_dags/example_external_task_marker_dag.py
[2022-06-16 00:54:08,365] {logging_mixin.py:109} INFO - [2022-06-16 00:54:08,365] {dag.py:2398} INFO - Sync 2 DAGs
[2022-06-16 00:54:08,379] {logging_mixin.py:109} INFO - [2022-06-16 00:54:08,379] {dag.py:2937} INFO - Setting next_dagrun for example_external_task_marker_child to None
[2022-06-16 00:54:08,379] {logging_mixin.py:109} INFO - [2022-06-16 00:54:08,379] {dag.py:2937} INFO - Setting next_dagrun for example_external_task_marker_parent to None
[2022-06-16 00:54:08,397] {processor.py:171} INFO - Processing /home/leizo/.local/lib/python3.8/site-packages/airflow/example_dags/example_external_task_marker_dag.py took 0.079 seconds
[2022-06-16 00:55:47,619] {processor.py:163} INFO - Started process (PID=21005) to work on /home/leizo/.local/lib/python3.8/site-packages/airflow/example_dags/example_external_task_marker_dag.py
[2022-06-16 00:55:47,622] {processor.py:642} INFO - Processing file /home/leizo/.local/lib/python3.8/site-packages/airflow/example_dags/example_external_task_marker_dag.py for tasks to queue
[2022-06-16 00:55:47,623] {logging_mixin.py:109} INFO - [2022-06-16 00:55:47,623] {dagbag.py:500} INFO - Filling up the DagBag from /home/leizo/.local/lib/python3.8/site-packages/airflow/example_dags/example_external_task_marker_dag.py
[2022-06-16 00:55:47,638] {processor.py:652} INFO - DAG(s) dict_keys(['example_external_task_marker_parent', 'example_external_task_marker_child']) retrieved from /home/leizo/.local/lib/python3.8/site-packages/airflow/example_dags/example_external_task_marker_dag.py
[2022-06-16 00:55:47,678] {logging_mixin.py:109} INFO - [2022-06-16 00:55:47,678] {dag.py:2398} INFO - Sync 2 DAGs
[2022-06-16 00:55:47,697] {logging_mixin.py:109} INFO - [2022-06-16 00:55:47,697] {dag.py:2937} INFO - Setting next_dagrun for example_external_task_marker_child to None
[2022-06-16 00:55:47,697] {logging_mixin.py:109} INFO - [2022-06-16 00:55:47,697] {dag.py:2937} INFO - Setting next_dagrun for example_external_task_marker_parent to None
[2022-06-16 00:55:47,716] {processor.py:171} INFO - Processing /home/leizo/.local/lib/python3.8/site-packages/airflow/example_dags/example_external_task_marker_dag.py took 0.107 seconds
