[2022-06-15 21:13:11,942] {processor.py:163} INFO - Started process (PID=5425) to work on /home/leizo/.local/lib/python3.8/site-packages/airflow/example_dags/example_task_group.py
[2022-06-15 21:13:11,946] {processor.py:642} INFO - Processing file /home/leizo/.local/lib/python3.8/site-packages/airflow/example_dags/example_task_group.py for tasks to queue
[2022-06-15 21:13:11,947] {logging_mixin.py:109} INFO - [2022-06-15 21:13:11,947] {dagbag.py:500} INFO - Filling up the DagBag from /home/leizo/.local/lib/python3.8/site-packages/airflow/example_dags/example_task_group.py
[2022-06-15 21:13:11,990] {processor.py:652} INFO - DAG(s) dict_keys(['example_task_group']) retrieved from /home/leizo/.local/lib/python3.8/site-packages/airflow/example_dags/example_task_group.py
[2022-06-15 21:13:12,020] {logging_mixin.py:109} INFO - [2022-06-15 21:13:12,020] {dag.py:2398} INFO - Sync 1 DAGs
[2022-06-15 21:13:12,056] {logging_mixin.py:109} INFO - [2022-06-15 21:13:12,056] {dag.py:2937} INFO - Setting next_dagrun for example_task_group to 2022-06-14T19:13:12.056151+00:00
[2022-06-15 21:13:12,077] {processor.py:171} INFO - Processing /home/leizo/.local/lib/python3.8/site-packages/airflow/example_dags/example_task_group.py took 0.145 seconds
[2022-06-16 00:45:25,243] {processor.py:163} INFO - Started process (PID=12421) to work on /home/leizo/.local/lib/python3.8/site-packages/airflow/example_dags/example_task_group.py
[2022-06-16 00:45:25,246] {processor.py:642} INFO - Processing file /home/leizo/.local/lib/python3.8/site-packages/airflow/example_dags/example_task_group.py for tasks to queue
[2022-06-16 00:45:25,247] {logging_mixin.py:109} INFO - [2022-06-16 00:45:25,247] {dagbag.py:500} INFO - Filling up the DagBag from /home/leizo/.local/lib/python3.8/site-packages/airflow/example_dags/example_task_group.py
[2022-06-16 00:45:25,265] {processor.py:652} INFO - DAG(s) dict_keys(['example_task_group']) retrieved from /home/leizo/.local/lib/python3.8/site-packages/airflow/example_dags/example_task_group.py
[2022-06-16 00:45:25,295] {logging_mixin.py:109} INFO - [2022-06-16 00:45:25,295] {dag.py:2398} INFO - Sync 1 DAGs
[2022-06-16 00:45:25,309] {logging_mixin.py:109} INFO - [2022-06-16 00:45:25,309] {dag.py:2937} INFO - Setting next_dagrun for example_task_group to 2022-06-14T22:45:25.309109+00:00
[2022-06-16 00:45:25,327] {processor.py:171} INFO - Processing /home/leizo/.local/lib/python3.8/site-packages/airflow/example_dags/example_task_group.py took 0.088 seconds
[2022-06-16 00:49:08,122] {processor.py:163} INFO - Started process (PID=15240) to work on /home/leizo/.local/lib/python3.8/site-packages/airflow/example_dags/example_task_group.py
[2022-06-16 00:49:08,125] {processor.py:642} INFO - Processing file /home/leizo/.local/lib/python3.8/site-packages/airflow/example_dags/example_task_group.py for tasks to queue
[2022-06-16 00:49:08,127] {logging_mixin.py:109} INFO - [2022-06-16 00:49:08,127] {dagbag.py:500} INFO - Filling up the DagBag from /home/leizo/.local/lib/python3.8/site-packages/airflow/example_dags/example_task_group.py
[2022-06-16 00:49:08,144] {processor.py:652} INFO - DAG(s) dict_keys(['example_task_group']) retrieved from /home/leizo/.local/lib/python3.8/site-packages/airflow/example_dags/example_task_group.py
[2022-06-16 00:49:08,157] {logging_mixin.py:109} INFO - [2022-06-16 00:49:08,157] {dag.py:2398} INFO - Sync 1 DAGs
[2022-06-16 00:49:08,166] {logging_mixin.py:109} INFO - [2022-06-16 00:49:08,166] {dag.py:2937} INFO - Setting next_dagrun for example_task_group to 2022-06-14T22:49:08.165949+00:00
[2022-06-16 00:49:08,179] {processor.py:171} INFO - Processing /home/leizo/.local/lib/python3.8/site-packages/airflow/example_dags/example_task_group.py took 0.063 seconds
[2022-06-16 00:51:29,667] {processor.py:163} INFO - Started process (PID=17080) to work on /home/leizo/.local/lib/python3.8/site-packages/airflow/example_dags/example_task_group.py
[2022-06-16 00:51:29,670] {processor.py:642} INFO - Processing file /home/leizo/.local/lib/python3.8/site-packages/airflow/example_dags/example_task_group.py for tasks to queue
[2022-06-16 00:51:29,672] {logging_mixin.py:109} INFO - [2022-06-16 00:51:29,672] {dagbag.py:500} INFO - Filling up the DagBag from /home/leizo/.local/lib/python3.8/site-packages/airflow/example_dags/example_task_group.py
[2022-06-16 00:51:29,688] {processor.py:652} INFO - DAG(s) dict_keys(['example_task_group']) retrieved from /home/leizo/.local/lib/python3.8/site-packages/airflow/example_dags/example_task_group.py
[2022-06-16 00:51:29,704] {logging_mixin.py:109} INFO - [2022-06-16 00:51:29,703] {dag.py:2398} INFO - Sync 1 DAGs
[2022-06-16 00:51:29,726] {logging_mixin.py:109} INFO - [2022-06-16 00:51:29,726] {dag.py:2937} INFO - Setting next_dagrun for example_task_group to 2022-06-14T22:51:29.725594+00:00
[2022-06-16 00:51:29,751] {processor.py:171} INFO - Processing /home/leizo/.local/lib/python3.8/site-packages/airflow/example_dags/example_task_group.py took 0.092 seconds
[2022-06-16 00:53:16,770] {processor.py:163} INFO - Started process (PID=19918) to work on /home/leizo/.local/lib/python3.8/site-packages/airflow/example_dags/example_task_group.py
[2022-06-16 00:53:16,773] {processor.py:642} INFO - Processing file /home/leizo/.local/lib/python3.8/site-packages/airflow/example_dags/example_task_group.py for tasks to queue
[2022-06-16 00:53:16,774] {logging_mixin.py:109} INFO - [2022-06-16 00:53:16,773] {dagbag.py:500} INFO - Filling up the DagBag from /home/leizo/.local/lib/python3.8/site-packages/airflow/example_dags/example_task_group.py
[2022-06-16 00:53:16,783] {processor.py:652} INFO - DAG(s) dict_keys(['example_task_group']) retrieved from /home/leizo/.local/lib/python3.8/site-packages/airflow/example_dags/example_task_group.py
[2022-06-16 00:53:16,800] {logging_mixin.py:109} INFO - [2022-06-16 00:53:16,800] {dag.py:2398} INFO - Sync 1 DAGs
[2022-06-16 00:53:16,820] {logging_mixin.py:109} INFO - [2022-06-16 00:53:16,820] {dag.py:2937} INFO - Setting next_dagrun for example_task_group to 2022-06-14T22:53:16.820422+00:00
[2022-06-16 00:53:16,837] {processor.py:171} INFO - Processing /home/leizo/.local/lib/python3.8/site-packages/airflow/example_dags/example_task_group.py took 0.071 seconds
[2022-06-16 00:54:56,787] {processor.py:163} INFO - Started process (PID=20692) to work on /home/leizo/.local/lib/python3.8/site-packages/airflow/example_dags/example_task_group.py
[2022-06-16 00:54:56,790] {processor.py:642} INFO - Processing file /home/leizo/.local/lib/python3.8/site-packages/airflow/example_dags/example_task_group.py for tasks to queue
[2022-06-16 00:54:56,792] {logging_mixin.py:109} INFO - [2022-06-16 00:54:56,792] {dagbag.py:500} INFO - Filling up the DagBag from /home/leizo/.local/lib/python3.8/site-packages/airflow/example_dags/example_task_group.py
[2022-06-16 00:54:56,813] {processor.py:652} INFO - DAG(s) dict_keys(['example_task_group']) retrieved from /home/leizo/.local/lib/python3.8/site-packages/airflow/example_dags/example_task_group.py
[2022-06-16 00:54:56,841] {logging_mixin.py:109} INFO - [2022-06-16 00:54:56,841] {dag.py:2398} INFO - Sync 1 DAGs
[2022-06-16 00:54:56,863] {logging_mixin.py:109} INFO - [2022-06-16 00:54:56,863] {dag.py:2937} INFO - Setting next_dagrun for example_task_group to 2022-06-14T22:54:56.862813+00:00
[2022-06-16 00:54:56,882] {processor.py:171} INFO - Processing /home/leizo/.local/lib/python3.8/site-packages/airflow/example_dags/example_task_group.py took 0.101 seconds
[2022-06-16 00:57:02,802] {processor.py:163} INFO - Started process (PID=21748) to work on /home/leizo/.local/lib/python3.8/site-packages/airflow/example_dags/example_task_group.py
[2022-06-16 00:57:02,806] {processor.py:642} INFO - Processing file /home/leizo/.local/lib/python3.8/site-packages/airflow/example_dags/example_task_group.py for tasks to queue
[2022-06-16 00:57:02,807] {logging_mixin.py:109} INFO - [2022-06-16 00:57:02,806] {dagbag.py:500} INFO - Filling up the DagBag from /home/leizo/.local/lib/python3.8/site-packages/airflow/example_dags/example_task_group.py
[2022-06-16 00:57:02,820] {processor.py:652} INFO - DAG(s) dict_keys(['example_task_group']) retrieved from /home/leizo/.local/lib/python3.8/site-packages/airflow/example_dags/example_task_group.py
[2022-06-16 00:57:02,837] {logging_mixin.py:109} INFO - [2022-06-16 00:57:02,837] {dag.py:2398} INFO - Sync 1 DAGs
[2022-06-16 00:57:02,854] {logging_mixin.py:109} INFO - [2022-06-16 00:57:02,854] {dag.py:2937} INFO - Setting next_dagrun for example_task_group to 2022-06-14T22:57:02.854013+00:00
[2022-06-16 00:57:02,872] {processor.py:171} INFO - Processing /home/leizo/.local/lib/python3.8/site-packages/airflow/example_dags/example_task_group.py took 0.074 seconds
