[2022-06-15 21:13:07,040] {processor.py:163} INFO - Started process (PID=5421) to work on /home/leizo/.local/lib/python3.8/site-packages/airflow/example_dags/example_xcom.py
[2022-06-15 21:13:07,043] {processor.py:642} INFO - Processing file /home/leizo/.local/lib/python3.8/site-packages/airflow/example_dags/example_xcom.py for tasks to queue
[2022-06-15 21:13:07,044] {logging_mixin.py:109} INFO - [2022-06-15 21:13:07,044] {dagbag.py:500} INFO - Filling up the DagBag from /home/leizo/.local/lib/python3.8/site-packages/airflow/example_dags/example_xcom.py
[2022-06-15 21:13:07,090] {processor.py:652} INFO - DAG(s) dict_keys(['example_xcom']) retrieved from /home/leizo/.local/lib/python3.8/site-packages/airflow/example_dags/example_xcom.py
[2022-06-15 21:13:07,502] {logging_mixin.py:109} INFO - [2022-06-15 21:13:07,502] {dag.py:2398} INFO - Sync 1 DAGs
[2022-06-15 21:13:07,523] {logging_mixin.py:109} INFO - [2022-06-15 21:13:07,522] {dag.py:2937} INFO - Setting next_dagrun for example_xcom to 2021-01-01T00:00:00+00:00
[2022-06-15 21:13:07,545] {processor.py:171} INFO - Processing /home/leizo/.local/lib/python3.8/site-packages/airflow/example_dags/example_xcom.py took 0.510 seconds
[2022-06-16 00:45:21,337] {processor.py:163} INFO - Started process (PID=12417) to work on /home/leizo/.local/lib/python3.8/site-packages/airflow/example_dags/example_xcom.py
[2022-06-16 00:45:21,341] {processor.py:642} INFO - Processing file /home/leizo/.local/lib/python3.8/site-packages/airflow/example_dags/example_xcom.py for tasks to queue
[2022-06-16 00:45:21,342] {logging_mixin.py:109} INFO - [2022-06-16 00:45:21,342] {dagbag.py:500} INFO - Filling up the DagBag from /home/leizo/.local/lib/python3.8/site-packages/airflow/example_dags/example_xcom.py
[2022-06-16 00:45:21,383] {processor.py:652} INFO - DAG(s) dict_keys(['example_xcom']) retrieved from /home/leizo/.local/lib/python3.8/site-packages/airflow/example_dags/example_xcom.py
[2022-06-16 00:45:21,555] {logging_mixin.py:109} INFO - [2022-06-16 00:45:21,555] {dag.py:2398} INFO - Sync 1 DAGs
[2022-06-16 00:45:21,568] {logging_mixin.py:109} INFO - [2022-06-16 00:45:21,568] {dag.py:2937} INFO - Setting next_dagrun for example_xcom to 2021-01-01T00:00:00+00:00
[2022-06-16 00:45:21,581] {processor.py:171} INFO - Processing /home/leizo/.local/lib/python3.8/site-packages/airflow/example_dags/example_xcom.py took 0.249 seconds
[2022-06-16 00:49:04,509] {processor.py:163} INFO - Started process (PID=15236) to work on /home/leizo/.local/lib/python3.8/site-packages/airflow/example_dags/example_xcom.py
[2022-06-16 00:49:04,512] {processor.py:642} INFO - Processing file /home/leizo/.local/lib/python3.8/site-packages/airflow/example_dags/example_xcom.py for tasks to queue
[2022-06-16 00:49:04,514] {logging_mixin.py:109} INFO - [2022-06-16 00:49:04,513] {dagbag.py:500} INFO - Filling up the DagBag from /home/leizo/.local/lib/python3.8/site-packages/airflow/example_dags/example_xcom.py
[2022-06-16 00:49:04,542] {processor.py:652} INFO - DAG(s) dict_keys(['example_xcom']) retrieved from /home/leizo/.local/lib/python3.8/site-packages/airflow/example_dags/example_xcom.py
[2022-06-16 00:49:04,724] {logging_mixin.py:109} INFO - [2022-06-16 00:49:04,724] {dag.py:2398} INFO - Sync 1 DAGs
[2022-06-16 00:49:04,736] {logging_mixin.py:109} INFO - [2022-06-16 00:49:04,736] {dag.py:2937} INFO - Setting next_dagrun for example_xcom to 2021-01-01T00:00:00+00:00
[2022-06-16 00:49:04,750] {processor.py:171} INFO - Processing /home/leizo/.local/lib/python3.8/site-packages/airflow/example_dags/example_xcom.py took 0.247 seconds
[2022-06-16 00:50:54,393] {processor.py:163} INFO - Started process (PID=15987) to work on /home/leizo/.local/lib/python3.8/site-packages/airflow/example_dags/example_xcom.py
[2022-06-16 00:50:54,397] {processor.py:642} INFO - Processing file /home/leizo/.local/lib/python3.8/site-packages/airflow/example_dags/example_xcom.py for tasks to queue
[2022-06-16 00:50:54,399] {logging_mixin.py:109} INFO - [2022-06-16 00:50:54,399] {dagbag.py:500} INFO - Filling up the DagBag from /home/leizo/.local/lib/python3.8/site-packages/airflow/example_dags/example_xcom.py
[2022-06-16 00:50:54,432] {processor.py:652} INFO - DAG(s) dict_keys(['example_xcom']) retrieved from /home/leizo/.local/lib/python3.8/site-packages/airflow/example_dags/example_xcom.py
[2022-06-16 00:50:54,804] {logging_mixin.py:109} INFO - [2022-06-16 00:50:54,801] {dag.py:2398} INFO - Sync 1 DAGs
[2022-06-16 00:50:54,832] {logging_mixin.py:109} INFO - [2022-06-16 00:50:54,832] {dag.py:2937} INFO - Setting next_dagrun for example_xcom to 2021-01-01T00:00:00+00:00
[2022-06-16 00:50:54,869] {processor.py:171} INFO - Processing /home/leizo/.local/lib/python3.8/site-packages/airflow/example_dags/example_xcom.py took 0.483 seconds
[2022-06-16 00:53:11,405] {processor.py:163} INFO - Started process (PID=19914) to work on /home/leizo/.local/lib/python3.8/site-packages/airflow/example_dags/example_xcom.py
[2022-06-16 00:53:11,409] {processor.py:642} INFO - Processing file /home/leizo/.local/lib/python3.8/site-packages/airflow/example_dags/example_xcom.py for tasks to queue
[2022-06-16 00:53:11,410] {logging_mixin.py:109} INFO - [2022-06-16 00:53:11,410] {dagbag.py:500} INFO - Filling up the DagBag from /home/leizo/.local/lib/python3.8/site-packages/airflow/example_dags/example_xcom.py
[2022-06-16 00:53:11,429] {processor.py:652} INFO - DAG(s) dict_keys(['example_xcom']) retrieved from /home/leizo/.local/lib/python3.8/site-packages/airflow/example_dags/example_xcom.py
[2022-06-16 00:53:11,736] {logging_mixin.py:109} INFO - [2022-06-16 00:53:11,736] {dag.py:2398} INFO - Sync 1 DAGs
[2022-06-16 00:53:11,753] {logging_mixin.py:109} INFO - [2022-06-16 00:53:11,753] {dag.py:2937} INFO - Setting next_dagrun for example_xcom to 2021-01-01T00:00:00+00:00
[2022-06-16 00:53:11,771] {processor.py:171} INFO - Processing /home/leizo/.local/lib/python3.8/site-packages/airflow/example_dags/example_xcom.py took 0.369 seconds
[2022-06-16 00:54:52,044] {processor.py:163} INFO - Started process (PID=20688) to work on /home/leizo/.local/lib/python3.8/site-packages/airflow/example_dags/example_xcom.py
[2022-06-16 00:54:52,049] {processor.py:642} INFO - Processing file /home/leizo/.local/lib/python3.8/site-packages/airflow/example_dags/example_xcom.py for tasks to queue
[2022-06-16 00:54:52,051] {logging_mixin.py:109} INFO - [2022-06-16 00:54:52,050] {dagbag.py:500} INFO - Filling up the DagBag from /home/leizo/.local/lib/python3.8/site-packages/airflow/example_dags/example_xcom.py
[2022-06-16 00:54:52,076] {processor.py:652} INFO - DAG(s) dict_keys(['example_xcom']) retrieved from /home/leizo/.local/lib/python3.8/site-packages/airflow/example_dags/example_xcom.py
[2022-06-16 00:54:52,376] {logging_mixin.py:109} INFO - [2022-06-16 00:54:52,376] {dag.py:2398} INFO - Sync 1 DAGs
[2022-06-16 00:54:52,389] {logging_mixin.py:109} INFO - [2022-06-16 00:54:52,389] {dag.py:2937} INFO - Setting next_dagrun for example_xcom to 2021-01-01T00:00:00+00:00
[2022-06-16 00:54:52,411] {processor.py:171} INFO - Processing /home/leizo/.local/lib/python3.8/site-packages/airflow/example_dags/example_xcom.py took 0.373 seconds
[2022-06-16 00:56:58,517] {processor.py:163} INFO - Started process (PID=21744) to work on /home/leizo/.local/lib/python3.8/site-packages/airflow/example_dags/example_xcom.py
[2022-06-16 00:56:58,521] {processor.py:642} INFO - Processing file /home/leizo/.local/lib/python3.8/site-packages/airflow/example_dags/example_xcom.py for tasks to queue
[2022-06-16 00:56:58,523] {logging_mixin.py:109} INFO - [2022-06-16 00:56:58,522] {dagbag.py:500} INFO - Filling up the DagBag from /home/leizo/.local/lib/python3.8/site-packages/airflow/example_dags/example_xcom.py
[2022-06-16 00:56:58,546] {processor.py:652} INFO - DAG(s) dict_keys(['example_xcom']) retrieved from /home/leizo/.local/lib/python3.8/site-packages/airflow/example_dags/example_xcom.py
[2022-06-16 00:56:58,826] {logging_mixin.py:109} INFO - [2022-06-16 00:56:58,826] {dag.py:2398} INFO - Sync 1 DAGs
[2022-06-16 00:56:58,840] {logging_mixin.py:109} INFO - [2022-06-16 00:56:58,840] {dag.py:2937} INFO - Setting next_dagrun for example_xcom to 2021-01-01T00:00:00+00:00
[2022-06-16 00:56:58,863] {processor.py:171} INFO - Processing /home/leizo/.local/lib/python3.8/site-packages/airflow/example_dags/example_xcom.py took 0.351 seconds
