[2022-06-15 21:13:14,489] {processor.py:163} INFO - Started process (PID=5427) to work on /home/leizo/.local/lib/python3.8/site-packages/airflow/example_dags/tutorial_etl_dag.py
[2022-06-15 21:13:14,490] {processor.py:642} INFO - Processing file /home/leizo/.local/lib/python3.8/site-packages/airflow/example_dags/tutorial_etl_dag.py for tasks to queue
[2022-06-15 21:13:14,490] {logging_mixin.py:109} INFO - [2022-06-15 21:13:14,490] {dagbag.py:500} INFO - Filling up the DagBag from /home/leizo/.local/lib/python3.8/site-packages/airflow/example_dags/tutorial_etl_dag.py
[2022-06-15 21:13:14,509] {processor.py:652} INFO - DAG(s) dict_keys(['tutorial_etl_dag']) retrieved from /home/leizo/.local/lib/python3.8/site-packages/airflow/example_dags/tutorial_etl_dag.py
[2022-06-15 21:13:14,522] {logging_mixin.py:109} INFO - [2022-06-15 21:13:14,522] {dag.py:2398} INFO - Sync 1 DAGs
[2022-06-15 21:13:14,545] {logging_mixin.py:109} INFO - [2022-06-15 21:13:14,545] {dag.py:2937} INFO - Setting next_dagrun for tutorial_etl_dag to None
[2022-06-15 21:13:14,561] {processor.py:171} INFO - Processing /home/leizo/.local/lib/python3.8/site-packages/airflow/example_dags/tutorial_etl_dag.py took 0.075 seconds
[2022-06-16 00:45:27,058] {processor.py:163} INFO - Started process (PID=12423) to work on /home/leizo/.local/lib/python3.8/site-packages/airflow/example_dags/tutorial_etl_dag.py
[2022-06-16 00:45:27,061] {processor.py:642} INFO - Processing file /home/leizo/.local/lib/python3.8/site-packages/airflow/example_dags/tutorial_etl_dag.py for tasks to queue
[2022-06-16 00:45:27,062] {logging_mixin.py:109} INFO - [2022-06-16 00:45:27,061] {dagbag.py:500} INFO - Filling up the DagBag from /home/leizo/.local/lib/python3.8/site-packages/airflow/example_dags/tutorial_etl_dag.py
[2022-06-16 00:45:27,077] {processor.py:652} INFO - DAG(s) dict_keys(['tutorial_etl_dag']) retrieved from /home/leizo/.local/lib/python3.8/site-packages/airflow/example_dags/tutorial_etl_dag.py
[2022-06-16 00:45:27,093] {logging_mixin.py:109} INFO - [2022-06-16 00:45:27,093] {dag.py:2398} INFO - Sync 1 DAGs
[2022-06-16 00:45:27,109] {logging_mixin.py:109} INFO - [2022-06-16 00:45:27,108] {dag.py:2937} INFO - Setting next_dagrun for tutorial_etl_dag to None
[2022-06-16 00:45:27,121] {processor.py:171} INFO - Processing /home/leizo/.local/lib/python3.8/site-packages/airflow/example_dags/tutorial_etl_dag.py took 0.066 seconds
[2022-06-16 00:49:10,213] {processor.py:163} INFO - Started process (PID=15242) to work on /home/leizo/.local/lib/python3.8/site-packages/airflow/example_dags/tutorial_etl_dag.py
[2022-06-16 00:49:10,216] {processor.py:642} INFO - Processing file /home/leizo/.local/lib/python3.8/site-packages/airflow/example_dags/tutorial_etl_dag.py for tasks to queue
[2022-06-16 00:49:10,218] {logging_mixin.py:109} INFO - [2022-06-16 00:49:10,217] {dagbag.py:500} INFO - Filling up the DagBag from /home/leizo/.local/lib/python3.8/site-packages/airflow/example_dags/tutorial_etl_dag.py
[2022-06-16 00:49:10,231] {processor.py:652} INFO - DAG(s) dict_keys(['tutorial_etl_dag']) retrieved from /home/leizo/.local/lib/python3.8/site-packages/airflow/example_dags/tutorial_etl_dag.py
[2022-06-16 00:49:10,257] {logging_mixin.py:109} INFO - [2022-06-16 00:49:10,257] {dag.py:2398} INFO - Sync 1 DAGs
[2022-06-16 00:49:10,273] {logging_mixin.py:109} INFO - [2022-06-16 00:49:10,273] {dag.py:2937} INFO - Setting next_dagrun for tutorial_etl_dag to None
[2022-06-16 00:49:10,286] {processor.py:171} INFO - Processing /home/leizo/.local/lib/python3.8/site-packages/airflow/example_dags/tutorial_etl_dag.py took 0.078 seconds
[2022-06-16 00:51:32,248] {processor.py:163} INFO - Started process (PID=17082) to work on /home/leizo/.local/lib/python3.8/site-packages/airflow/example_dags/tutorial_etl_dag.py
[2022-06-16 00:51:32,250] {processor.py:642} INFO - Processing file /home/leizo/.local/lib/python3.8/site-packages/airflow/example_dags/tutorial_etl_dag.py for tasks to queue
[2022-06-16 00:51:32,252] {logging_mixin.py:109} INFO - [2022-06-16 00:51:32,251] {dagbag.py:500} INFO - Filling up the DagBag from /home/leizo/.local/lib/python3.8/site-packages/airflow/example_dags/tutorial_etl_dag.py
[2022-06-16 00:51:32,271] {processor.py:652} INFO - DAG(s) dict_keys(['tutorial_etl_dag']) retrieved from /home/leizo/.local/lib/python3.8/site-packages/airflow/example_dags/tutorial_etl_dag.py
[2022-06-16 00:51:32,291] {logging_mixin.py:109} INFO - [2022-06-16 00:51:32,291] {dag.py:2398} INFO - Sync 1 DAGs
[2022-06-16 00:51:32,311] {logging_mixin.py:109} INFO - [2022-06-16 00:51:32,311] {dag.py:2937} INFO - Setting next_dagrun for tutorial_etl_dag to None
[2022-06-16 00:51:32,335] {processor.py:171} INFO - Processing /home/leizo/.local/lib/python3.8/site-packages/airflow/example_dags/tutorial_etl_dag.py took 0.093 seconds
[2022-06-16 00:53:45,262] {processor.py:163} INFO - Started process (PID=20209) to work on /home/leizo/.local/lib/python3.8/site-packages/airflow/example_dags/tutorial_etl_dag.py
[2022-06-16 00:53:45,266] {processor.py:642} INFO - Processing file /home/leizo/.local/lib/python3.8/site-packages/airflow/example_dags/tutorial_etl_dag.py for tasks to queue
[2022-06-16 00:53:45,268] {logging_mixin.py:109} INFO - [2022-06-16 00:53:45,267] {dagbag.py:500} INFO - Filling up the DagBag from /home/leizo/.local/lib/python3.8/site-packages/airflow/example_dags/tutorial_etl_dag.py
[2022-06-16 00:53:45,278] {processor.py:652} INFO - DAG(s) dict_keys(['tutorial_etl_dag']) retrieved from /home/leizo/.local/lib/python3.8/site-packages/airflow/example_dags/tutorial_etl_dag.py
[2022-06-16 00:53:45,305] {logging_mixin.py:109} INFO - [2022-06-16 00:53:45,305] {dag.py:2398} INFO - Sync 1 DAGs
[2022-06-16 00:53:45,328] {logging_mixin.py:109} INFO - [2022-06-16 00:53:45,328] {dag.py:2937} INFO - Setting next_dagrun for tutorial_etl_dag to None
[2022-06-16 00:53:45,357] {processor.py:171} INFO - Processing /home/leizo/.local/lib/python3.8/site-packages/airflow/example_dags/tutorial_etl_dag.py took 0.100 seconds
[2022-06-16 00:55:24,688] {processor.py:163} INFO - Started process (PID=20985) to work on /home/leizo/.local/lib/python3.8/site-packages/airflow/example_dags/tutorial_etl_dag.py
[2022-06-16 00:55:24,691] {processor.py:642} INFO - Processing file /home/leizo/.local/lib/python3.8/site-packages/airflow/example_dags/tutorial_etl_dag.py for tasks to queue
[2022-06-16 00:55:24,692] {logging_mixin.py:109} INFO - [2022-06-16 00:55:24,691] {dagbag.py:500} INFO - Filling up the DagBag from /home/leizo/.local/lib/python3.8/site-packages/airflow/example_dags/tutorial_etl_dag.py
[2022-06-16 00:55:24,702] {processor.py:652} INFO - DAG(s) dict_keys(['tutorial_etl_dag']) retrieved from /home/leizo/.local/lib/python3.8/site-packages/airflow/example_dags/tutorial_etl_dag.py
[2022-06-16 00:55:24,725] {logging_mixin.py:109} INFO - [2022-06-16 00:55:24,725] {dag.py:2398} INFO - Sync 1 DAGs
[2022-06-16 00:55:24,744] {logging_mixin.py:109} INFO - [2022-06-16 00:55:24,743] {dag.py:2937} INFO - Setting next_dagrun for tutorial_etl_dag to None
[2022-06-16 00:55:24,768] {processor.py:171} INFO - Processing /home/leizo/.local/lib/python3.8/site-packages/airflow/example_dags/tutorial_etl_dag.py took 0.084 seconds
