[2022-06-20 16:43:50,330] {taskinstance.py:1043} INFO - Dependencies all met for <TaskInstance: my_first_dag.fetch_data_from_spotify manual__2022-06-20T14:42:48.043638+00:00 [queued]>
[2022-06-20 16:43:50,338] {taskinstance.py:1043} INFO - Dependencies all met for <TaskInstance: my_first_dag.fetch_data_from_spotify manual__2022-06-20T14:42:48.043638+00:00 [queued]>
[2022-06-20 16:43:50,338] {taskinstance.py:1249} INFO - 
--------------------------------------------------------------------------------
[2022-06-20 16:43:50,338] {taskinstance.py:1250} INFO - Starting attempt 1 of 2
[2022-06-20 16:43:50,338] {taskinstance.py:1251} INFO - 
--------------------------------------------------------------------------------
[2022-06-20 16:43:50,355] {taskinstance.py:1270} INFO - Executing <Task(PythonOperator): fetch_data_from_spotify> on 2022-06-20 14:42:48.043638+00:00
[2022-06-20 16:43:50,357] {standard_task_runner.py:52} INFO - Started process 12801 to run task
[2022-06-20 16:43:50,361] {standard_task_runner.py:79} INFO - Running: ['airflow', 'tasks', 'run', 'my_first_dag', 'fetch_data_from_spotify', 'manual__2022-06-20T14:42:48.043638+00:00', '--job-id', '95', '--raw', '--subdir', 'DAGS_FOLDER/my_first_dag.py', '--cfg-path', '/tmp/tmp40qx306t', '--error-file', '/tmp/tmpnvdakp5g']
[2022-06-20 16:43:50,362] {standard_task_runner.py:80} INFO - Job 95: Subtask fetch_data_from_spotify
[2022-06-20 16:43:50,414] {logging_mixin.py:109} INFO - Running <TaskInstance: my_first_dag.fetch_data_from_spotify manual__2022-06-20T14:42:48.043638+00:00 [running]> on host LAPTOP-M1F9EL62.localdomain
[2022-06-20 16:43:50,467] {taskinstance.py:1446} INFO - Exporting the following env vars:
AIRFLOW_CTX_DAG_EMAIL=airflow@example.com
AIRFLOW_CTX_DAG_OWNER=airflow
AIRFLOW_CTX_DAG_ID=my_first_dag
AIRFLOW_CTX_TASK_ID=fetch_data_from_spotify
AIRFLOW_CTX_EXECUTION_DATE=2022-06-20T14:42:48.043638+00:00
AIRFLOW_CTX_DAG_RUN_ID=manual__2022-06-20T14:42:48.043638+00:00
[2022-06-20 16:43:50,855] {logging_mixin.py:109} INFO - Writing here:  /home/leizo/datalake/raw/spotify/playlists/dailyMix1/20220620/
[2022-06-20 16:43:51,088] {logging_mixin.py:109} INFO - Writing here:  /home/leizo/datalake/raw/spotify/playlists/dailyMix2/20220620/
[2022-06-20 16:43:51,316] {logging_mixin.py:109} INFO - Writing here:  /home/leizo/datalake/raw/spotify/playlists/dailyMix3/20220620/
[2022-06-20 16:43:51,515] {logging_mixin.py:109} INFO - Writing here:  /home/leizo/datalake/raw/spotify/playlists/dailyMix4/20220620/
[2022-06-20 16:43:51,924] {logging_mixin.py:109} INFO - Writing here:  /home/leizo/datalake/raw/spotify/playlists/dailyMix5/20220620/
[2022-06-20 16:43:52,200] {logging_mixin.py:109} INFO - Writing here:  /home/leizo/datalake/raw/spotify/playlists/dailyMix6/20220620/
[2022-06-20 16:43:52,465] {logging_mixin.py:109} INFO - Writing here:  /home/leizo/datalake/raw/spotify/playlists/mixRock/20220620/
[2022-06-20 16:43:52,733] {logging_mixin.py:109} INFO - Writing here:  /home/leizo/datalake/raw/spotify/playlists/mixIndie/20220620/
[2022-06-20 16:43:52,983] {logging_mixin.py:109} INFO - Writing here:  /home/leizo/datalake/raw/spotify/playlists/feelGoodIndieRock/20220620/
[2022-06-20 16:43:53,196] {logging_mixin.py:109} INFO - Writing here:  /home/leizo/datalake/raw/spotify/playlists/topAlternative/20220620/
[2022-06-20 16:43:53,198] {python.py:175} INFO - Done. Returned value was: None
[2022-06-20 16:43:53,206] {taskinstance.py:1278} INFO - Marking task as SUCCESS. dag_id=my_first_dag, task_id=fetch_data_from_spotify, execution_date=20220620T144248, start_date=20220620T144350, end_date=20220620T144353
[2022-06-20 16:43:53,226] {local_task_job.py:154} INFO - Task exited with return code 0
[2022-06-20 16:43:53,261] {local_task_job.py:264} INFO - 1 downstream tasks scheduled from follow-on schedule check
