[2022-06-12 22:00:09,395] {processor.py:163} INFO - Started process (PID=168) to work on /home/leizo/.local/lib/python3.8/site-packages/airflow/example_dags/subdags/subdag.py
[2022-06-12 22:00:09,398] {processor.py:642} INFO - Processing file /home/leizo/.local/lib/python3.8/site-packages/airflow/example_dags/subdags/subdag.py for tasks to queue
[2022-06-12 22:00:09,399] {logging_mixin.py:109} INFO - [2022-06-12 22:00:09,399] {dagbag.py:500} INFO - Filling up the DagBag from /home/leizo/.local/lib/python3.8/site-packages/airflow/example_dags/subdags/subdag.py
[2022-06-12 22:00:09,405] {processor.py:654} WARNING - No viable dags retrieved from /home/leizo/.local/lib/python3.8/site-packages/airflow/example_dags/subdags/subdag.py
[2022-06-12 22:00:09,421] {processor.py:171} INFO - Processing /home/leizo/.local/lib/python3.8/site-packages/airflow/example_dags/subdags/subdag.py took 0.031 seconds
[2022-06-12 22:00:59,615] {processor.py:163} INFO - Started process (PID=205) to work on /home/leizo/.local/lib/python3.8/site-packages/airflow/example_dags/subdags/subdag.py
[2022-06-12 22:00:59,619] {processor.py:642} INFO - Processing file /home/leizo/.local/lib/python3.8/site-packages/airflow/example_dags/subdags/subdag.py for tasks to queue
[2022-06-12 22:00:59,627] {logging_mixin.py:109} INFO - [2022-06-12 22:00:59,626] {dagbag.py:500} INFO - Filling up the DagBag from /home/leizo/.local/lib/python3.8/site-packages/airflow/example_dags/subdags/subdag.py
[2022-06-12 22:00:59,636] {processor.py:654} WARNING - No viable dags retrieved from /home/leizo/.local/lib/python3.8/site-packages/airflow/example_dags/subdags/subdag.py
[2022-06-12 22:00:59,666] {processor.py:171} INFO - Processing /home/leizo/.local/lib/python3.8/site-packages/airflow/example_dags/subdags/subdag.py took 0.067 seconds
[2022-06-12 22:01:56,624] {processor.py:163} INFO - Started process (PID=245) to work on /home/leizo/.local/lib/python3.8/site-packages/airflow/example_dags/subdags/subdag.py
[2022-06-12 22:01:56,627] {processor.py:642} INFO - Processing file /home/leizo/.local/lib/python3.8/site-packages/airflow/example_dags/subdags/subdag.py for tasks to queue
[2022-06-12 22:01:56,629] {logging_mixin.py:109} INFO - [2022-06-12 22:01:56,629] {dagbag.py:500} INFO - Filling up the DagBag from /home/leizo/.local/lib/python3.8/site-packages/airflow/example_dags/subdags/subdag.py
[2022-06-12 22:01:56,634] {processor.py:654} WARNING - No viable dags retrieved from /home/leizo/.local/lib/python3.8/site-packages/airflow/example_dags/subdags/subdag.py
[2022-06-12 22:01:56,651] {processor.py:171} INFO - Processing /home/leizo/.local/lib/python3.8/site-packages/airflow/example_dags/subdags/subdag.py took 0.033 seconds
[2022-06-12 22:02:45,276] {processor.py:163} INFO - Started process (PID=285) to work on /home/leizo/.local/lib/python3.8/site-packages/airflow/example_dags/subdags/subdag.py
[2022-06-12 22:02:45,278] {processor.py:642} INFO - Processing file /home/leizo/.local/lib/python3.8/site-packages/airflow/example_dags/subdags/subdag.py for tasks to queue
[2022-06-12 22:02:45,279] {logging_mixin.py:109} INFO - [2022-06-12 22:02:45,278] {dagbag.py:500} INFO - Filling up the DagBag from /home/leizo/.local/lib/python3.8/site-packages/airflow/example_dags/subdags/subdag.py
[2022-06-12 22:02:45,282] {processor.py:654} WARNING - No viable dags retrieved from /home/leizo/.local/lib/python3.8/site-packages/airflow/example_dags/subdags/subdag.py
[2022-06-12 22:02:45,294] {processor.py:171} INFO - Processing /home/leizo/.local/lib/python3.8/site-packages/airflow/example_dags/subdags/subdag.py took 0.022 seconds
[2022-06-12 22:03:31,131] {processor.py:163} INFO - Started process (PID=323) to work on /home/leizo/.local/lib/python3.8/site-packages/airflow/example_dags/subdags/subdag.py
[2022-06-12 22:03:31,133] {processor.py:642} INFO - Processing file /home/leizo/.local/lib/python3.8/site-packages/airflow/example_dags/subdags/subdag.py for tasks to queue
[2022-06-12 22:03:31,135] {logging_mixin.py:109} INFO - [2022-06-12 22:03:31,134] {dagbag.py:500} INFO - Filling up the DagBag from /home/leizo/.local/lib/python3.8/site-packages/airflow/example_dags/subdags/subdag.py
[2022-06-12 22:03:31,139] {processor.py:654} WARNING - No viable dags retrieved from /home/leizo/.local/lib/python3.8/site-packages/airflow/example_dags/subdags/subdag.py
[2022-06-12 22:03:31,149] {processor.py:171} INFO - Processing /home/leizo/.local/lib/python3.8/site-packages/airflow/example_dags/subdags/subdag.py took 0.022 seconds
[2022-06-12 22:04:28,203] {processor.py:163} INFO - Started process (PID=364) to work on /home/leizo/.local/lib/python3.8/site-packages/airflow/example_dags/subdags/subdag.py
[2022-06-12 22:04:28,207] {processor.py:642} INFO - Processing file /home/leizo/.local/lib/python3.8/site-packages/airflow/example_dags/subdags/subdag.py for tasks to queue
[2022-06-12 22:04:28,208] {logging_mixin.py:109} INFO - [2022-06-12 22:04:28,208] {dagbag.py:500} INFO - Filling up the DagBag from /home/leizo/.local/lib/python3.8/site-packages/airflow/example_dags/subdags/subdag.py
[2022-06-12 22:04:28,222] {processor.py:654} WARNING - No viable dags retrieved from /home/leizo/.local/lib/python3.8/site-packages/airflow/example_dags/subdags/subdag.py
[2022-06-12 22:04:28,260] {processor.py:171} INFO - Processing /home/leizo/.local/lib/python3.8/site-packages/airflow/example_dags/subdags/subdag.py took 0.074 seconds
[2022-06-12 22:05:30,327] {processor.py:163} INFO - Started process (PID=424) to work on /home/leizo/.local/lib/python3.8/site-packages/airflow/example_dags/subdags/subdag.py
[2022-06-12 22:05:30,331] {processor.py:642} INFO - Processing file /home/leizo/.local/lib/python3.8/site-packages/airflow/example_dags/subdags/subdag.py for tasks to queue
[2022-06-12 22:05:30,332] {logging_mixin.py:109} INFO - [2022-06-12 22:05:30,332] {dagbag.py:500} INFO - Filling up the DagBag from /home/leizo/.local/lib/python3.8/site-packages/airflow/example_dags/subdags/subdag.py
[2022-06-12 22:05:30,341] {processor.py:654} WARNING - No viable dags retrieved from /home/leizo/.local/lib/python3.8/site-packages/airflow/example_dags/subdags/subdag.py
[2022-06-12 22:05:30,368] {processor.py:171} INFO - Processing /home/leizo/.local/lib/python3.8/site-packages/airflow/example_dags/subdags/subdag.py took 0.049 seconds
[2022-06-12 22:06:22,925] {processor.py:163} INFO - Started process (PID=596) to work on /home/leizo/.local/lib/python3.8/site-packages/airflow/example_dags/subdags/subdag.py
[2022-06-12 22:06:22,929] {processor.py:642} INFO - Processing file /home/leizo/.local/lib/python3.8/site-packages/airflow/example_dags/subdags/subdag.py for tasks to queue
[2022-06-12 22:06:22,931] {logging_mixin.py:109} INFO - [2022-06-12 22:06:22,931] {dagbag.py:500} INFO - Filling up the DagBag from /home/leizo/.local/lib/python3.8/site-packages/airflow/example_dags/subdags/subdag.py
[2022-06-12 22:06:22,949] {processor.py:654} WARNING - No viable dags retrieved from /home/leizo/.local/lib/python3.8/site-packages/airflow/example_dags/subdags/subdag.py
[2022-06-12 22:06:22,976] {processor.py:171} INFO - Processing /home/leizo/.local/lib/python3.8/site-packages/airflow/example_dags/subdags/subdag.py took 0.067 seconds
[2022-06-12 22:07:06,594] {processor.py:163} INFO - Started process (PID=645) to work on /home/leizo/.local/lib/python3.8/site-packages/airflow/example_dags/subdags/subdag.py
[2022-06-12 22:07:06,595] {processor.py:642} INFO - Processing file /home/leizo/.local/lib/python3.8/site-packages/airflow/example_dags/subdags/subdag.py for tasks to queue
[2022-06-12 22:07:06,596] {logging_mixin.py:109} INFO - [2022-06-12 22:07:06,596] {dagbag.py:500} INFO - Filling up the DagBag from /home/leizo/.local/lib/python3.8/site-packages/airflow/example_dags/subdags/subdag.py
[2022-06-12 22:07:06,599] {processor.py:654} WARNING - No viable dags retrieved from /home/leizo/.local/lib/python3.8/site-packages/airflow/example_dags/subdags/subdag.py
[2022-06-12 22:07:06,609] {processor.py:171} INFO - Processing /home/leizo/.local/lib/python3.8/site-packages/airflow/example_dags/subdags/subdag.py took 0.018 seconds
[2022-06-12 22:07:43,595] {processor.py:163} INFO - Started process (PID=679) to work on /home/leizo/.local/lib/python3.8/site-packages/airflow/example_dags/subdags/subdag.py
[2022-06-12 22:07:43,597] {processor.py:642} INFO - Processing file /home/leizo/.local/lib/python3.8/site-packages/airflow/example_dags/subdags/subdag.py for tasks to queue
[2022-06-12 22:07:43,599] {logging_mixin.py:109} INFO - [2022-06-12 22:07:43,598] {dagbag.py:500} INFO - Filling up the DagBag from /home/leizo/.local/lib/python3.8/site-packages/airflow/example_dags/subdags/subdag.py
[2022-06-12 22:07:43,602] {processor.py:654} WARNING - No viable dags retrieved from /home/leizo/.local/lib/python3.8/site-packages/airflow/example_dags/subdags/subdag.py
[2022-06-12 22:07:43,615] {processor.py:171} INFO - Processing /home/leizo/.local/lib/python3.8/site-packages/airflow/example_dags/subdags/subdag.py took 0.024 seconds
[2022-06-12 22:08:20,139] {processor.py:163} INFO - Started process (PID=715) to work on /home/leizo/.local/lib/python3.8/site-packages/airflow/example_dags/subdags/subdag.py
[2022-06-12 22:08:20,141] {processor.py:642} INFO - Processing file /home/leizo/.local/lib/python3.8/site-packages/airflow/example_dags/subdags/subdag.py for tasks to queue
[2022-06-12 22:08:20,142] {logging_mixin.py:109} INFO - [2022-06-12 22:08:20,142] {dagbag.py:500} INFO - Filling up the DagBag from /home/leizo/.local/lib/python3.8/site-packages/airflow/example_dags/subdags/subdag.py
[2022-06-12 22:08:20,146] {processor.py:654} WARNING - No viable dags retrieved from /home/leizo/.local/lib/python3.8/site-packages/airflow/example_dags/subdags/subdag.py
[2022-06-12 22:08:20,154] {processor.py:171} INFO - Processing /home/leizo/.local/lib/python3.8/site-packages/airflow/example_dags/subdags/subdag.py took 0.018 seconds
[2022-06-12 22:09:00,752] {processor.py:163} INFO - Started process (PID=752) to work on /home/leizo/.local/lib/python3.8/site-packages/airflow/example_dags/subdags/subdag.py
[2022-06-12 22:09:00,755] {processor.py:642} INFO - Processing file /home/leizo/.local/lib/python3.8/site-packages/airflow/example_dags/subdags/subdag.py for tasks to queue
[2022-06-12 22:09:00,756] {logging_mixin.py:109} INFO - [2022-06-12 22:09:00,756] {dagbag.py:500} INFO - Filling up the DagBag from /home/leizo/.local/lib/python3.8/site-packages/airflow/example_dags/subdags/subdag.py
[2022-06-12 22:09:00,760] {processor.py:654} WARNING - No viable dags retrieved from /home/leizo/.local/lib/python3.8/site-packages/airflow/example_dags/subdags/subdag.py
[2022-06-12 22:09:00,769] {processor.py:171} INFO - Processing /home/leizo/.local/lib/python3.8/site-packages/airflow/example_dags/subdags/subdag.py took 0.021 seconds
[2022-06-12 22:09:39,102] {processor.py:163} INFO - Started process (PID=786) to work on /home/leizo/.local/lib/python3.8/site-packages/airflow/example_dags/subdags/subdag.py
[2022-06-12 22:09:39,105] {processor.py:642} INFO - Processing file /home/leizo/.local/lib/python3.8/site-packages/airflow/example_dags/subdags/subdag.py for tasks to queue
[2022-06-12 22:09:39,106] {logging_mixin.py:109} INFO - [2022-06-12 22:09:39,106] {dagbag.py:500} INFO - Filling up the DagBag from /home/leizo/.local/lib/python3.8/site-packages/airflow/example_dags/subdags/subdag.py
[2022-06-12 22:09:39,111] {processor.py:654} WARNING - No viable dags retrieved from /home/leizo/.local/lib/python3.8/site-packages/airflow/example_dags/subdags/subdag.py
[2022-06-12 22:09:39,123] {processor.py:171} INFO - Processing /home/leizo/.local/lib/python3.8/site-packages/airflow/example_dags/subdags/subdag.py took 0.026 seconds
[2022-06-12 22:10:15,933] {processor.py:163} INFO - Started process (PID=821) to work on /home/leizo/.local/lib/python3.8/site-packages/airflow/example_dags/subdags/subdag.py
[2022-06-12 22:10:15,943] {processor.py:642} INFO - Processing file /home/leizo/.local/lib/python3.8/site-packages/airflow/example_dags/subdags/subdag.py for tasks to queue
[2022-06-12 22:10:15,945] {logging_mixin.py:109} INFO - [2022-06-12 22:10:15,944] {dagbag.py:500} INFO - Filling up the DagBag from /home/leizo/.local/lib/python3.8/site-packages/airflow/example_dags/subdags/subdag.py
[2022-06-12 22:10:15,952] {processor.py:654} WARNING - No viable dags retrieved from /home/leizo/.local/lib/python3.8/site-packages/airflow/example_dags/subdags/subdag.py
[2022-06-12 22:10:15,988] {processor.py:171} INFO - Processing /home/leizo/.local/lib/python3.8/site-packages/airflow/example_dags/subdags/subdag.py took 0.061 seconds
[2022-06-12 22:11:05,232] {processor.py:163} INFO - Started process (PID=857) to work on /home/leizo/.local/lib/python3.8/site-packages/airflow/example_dags/subdags/subdag.py
[2022-06-12 22:11:05,235] {processor.py:642} INFO - Processing file /home/leizo/.local/lib/python3.8/site-packages/airflow/example_dags/subdags/subdag.py for tasks to queue
[2022-06-12 22:11:05,237] {logging_mixin.py:109} INFO - [2022-06-12 22:11:05,236] {dagbag.py:500} INFO - Filling up the DagBag from /home/leizo/.local/lib/python3.8/site-packages/airflow/example_dags/subdags/subdag.py
[2022-06-12 22:11:05,250] {processor.py:654} WARNING - No viable dags retrieved from /home/leizo/.local/lib/python3.8/site-packages/airflow/example_dags/subdags/subdag.py
[2022-06-12 22:11:05,284] {processor.py:171} INFO - Processing /home/leizo/.local/lib/python3.8/site-packages/airflow/example_dags/subdags/subdag.py took 0.066 seconds
[2022-06-12 22:11:56,136] {processor.py:163} INFO - Started process (PID=895) to work on /home/leizo/.local/lib/python3.8/site-packages/airflow/example_dags/subdags/subdag.py
[2022-06-12 22:11:56,138] {processor.py:642} INFO - Processing file /home/leizo/.local/lib/python3.8/site-packages/airflow/example_dags/subdags/subdag.py for tasks to queue
[2022-06-12 22:11:56,139] {logging_mixin.py:109} INFO - [2022-06-12 22:11:56,139] {dagbag.py:500} INFO - Filling up the DagBag from /home/leizo/.local/lib/python3.8/site-packages/airflow/example_dags/subdags/subdag.py
[2022-06-12 22:11:56,142] {processor.py:654} WARNING - No viable dags retrieved from /home/leizo/.local/lib/python3.8/site-packages/airflow/example_dags/subdags/subdag.py
[2022-06-12 22:11:56,156] {processor.py:171} INFO - Processing /home/leizo/.local/lib/python3.8/site-packages/airflow/example_dags/subdags/subdag.py took 0.024 seconds
[2022-06-12 22:12:45,477] {processor.py:163} INFO - Started process (PID=936) to work on /home/leizo/.local/lib/python3.8/site-packages/airflow/example_dags/subdags/subdag.py
[2022-06-12 22:12:45,479] {processor.py:642} INFO - Processing file /home/leizo/.local/lib/python3.8/site-packages/airflow/example_dags/subdags/subdag.py for tasks to queue
[2022-06-12 22:12:45,480] {logging_mixin.py:109} INFO - [2022-06-12 22:12:45,479] {dagbag.py:500} INFO - Filling up the DagBag from /home/leizo/.local/lib/python3.8/site-packages/airflow/example_dags/subdags/subdag.py
[2022-06-12 22:12:45,483] {processor.py:654} WARNING - No viable dags retrieved from /home/leizo/.local/lib/python3.8/site-packages/airflow/example_dags/subdags/subdag.py
[2022-06-12 22:12:45,494] {processor.py:171} INFO - Processing /home/leizo/.local/lib/python3.8/site-packages/airflow/example_dags/subdags/subdag.py took 0.021 seconds
[2022-06-12 22:13:29,557] {processor.py:163} INFO - Started process (PID=975) to work on /home/leizo/.local/lib/python3.8/site-packages/airflow/example_dags/subdags/subdag.py
[2022-06-12 22:13:29,559] {processor.py:642} INFO - Processing file /home/leizo/.local/lib/python3.8/site-packages/airflow/example_dags/subdags/subdag.py for tasks to queue
[2022-06-12 22:13:29,559] {logging_mixin.py:109} INFO - [2022-06-12 22:13:29,559] {dagbag.py:500} INFO - Filling up the DagBag from /home/leizo/.local/lib/python3.8/site-packages/airflow/example_dags/subdags/subdag.py
[2022-06-12 22:13:29,562] {processor.py:654} WARNING - No viable dags retrieved from /home/leizo/.local/lib/python3.8/site-packages/airflow/example_dags/subdags/subdag.py
[2022-06-12 22:13:29,571] {processor.py:171} INFO - Processing /home/leizo/.local/lib/python3.8/site-packages/airflow/example_dags/subdags/subdag.py took 0.017 seconds
[2022-06-12 22:14:07,813] {processor.py:163} INFO - Started process (PID=1010) to work on /home/leizo/.local/lib/python3.8/site-packages/airflow/example_dags/subdags/subdag.py
[2022-06-12 22:14:07,815] {processor.py:642} INFO - Processing file /home/leizo/.local/lib/python3.8/site-packages/airflow/example_dags/subdags/subdag.py for tasks to queue
[2022-06-12 22:14:07,816] {logging_mixin.py:109} INFO - [2022-06-12 22:14:07,815] {dagbag.py:500} INFO - Filling up the DagBag from /home/leizo/.local/lib/python3.8/site-packages/airflow/example_dags/subdags/subdag.py
[2022-06-12 22:14:07,819] {processor.py:654} WARNING - No viable dags retrieved from /home/leizo/.local/lib/python3.8/site-packages/airflow/example_dags/subdags/subdag.py
[2022-06-12 22:14:07,832] {processor.py:171} INFO - Processing /home/leizo/.local/lib/python3.8/site-packages/airflow/example_dags/subdags/subdag.py took 0.023 seconds
[2022-06-12 22:14:48,138] {processor.py:163} INFO - Started process (PID=1049) to work on /home/leizo/.local/lib/python3.8/site-packages/airflow/example_dags/subdags/subdag.py
[2022-06-12 22:14:48,139] {processor.py:642} INFO - Processing file /home/leizo/.local/lib/python3.8/site-packages/airflow/example_dags/subdags/subdag.py for tasks to queue
[2022-06-12 22:14:48,140] {logging_mixin.py:109} INFO - [2022-06-12 22:14:48,140] {dagbag.py:500} INFO - Filling up the DagBag from /home/leizo/.local/lib/python3.8/site-packages/airflow/example_dags/subdags/subdag.py
[2022-06-12 22:14:48,142] {processor.py:654} WARNING - No viable dags retrieved from /home/leizo/.local/lib/python3.8/site-packages/airflow/example_dags/subdags/subdag.py
[2022-06-12 22:14:48,149] {processor.py:171} INFO - Processing /home/leizo/.local/lib/python3.8/site-packages/airflow/example_dags/subdags/subdag.py took 0.013 seconds
[2022-06-12 22:15:26,781] {processor.py:163} INFO - Started process (PID=1086) to work on /home/leizo/.local/lib/python3.8/site-packages/airflow/example_dags/subdags/subdag.py
[2022-06-12 22:15:26,783] {processor.py:642} INFO - Processing file /home/leizo/.local/lib/python3.8/site-packages/airflow/example_dags/subdags/subdag.py for tasks to queue
[2022-06-12 22:15:26,783] {logging_mixin.py:109} INFO - [2022-06-12 22:15:26,783] {dagbag.py:500} INFO - Filling up the DagBag from /home/leizo/.local/lib/python3.8/site-packages/airflow/example_dags/subdags/subdag.py
[2022-06-12 22:15:26,786] {processor.py:654} WARNING - No viable dags retrieved from /home/leizo/.local/lib/python3.8/site-packages/airflow/example_dags/subdags/subdag.py
[2022-06-12 22:15:26,794] {processor.py:171} INFO - Processing /home/leizo/.local/lib/python3.8/site-packages/airflow/example_dags/subdags/subdag.py took 0.014 seconds
[2022-06-12 22:16:01,831] {processor.py:163} INFO - Started process (PID=1120) to work on /home/leizo/.local/lib/python3.8/site-packages/airflow/example_dags/subdags/subdag.py
[2022-06-12 22:16:01,832] {processor.py:642} INFO - Processing file /home/leizo/.local/lib/python3.8/site-packages/airflow/example_dags/subdags/subdag.py for tasks to queue
[2022-06-12 22:16:01,832] {logging_mixin.py:109} INFO - [2022-06-12 22:16:01,832] {dagbag.py:500} INFO - Filling up the DagBag from /home/leizo/.local/lib/python3.8/site-packages/airflow/example_dags/subdags/subdag.py
[2022-06-12 22:16:01,834] {processor.py:654} WARNING - No viable dags retrieved from /home/leizo/.local/lib/python3.8/site-packages/airflow/example_dags/subdags/subdag.py
[2022-06-12 22:16:01,839] {processor.py:171} INFO - Processing /home/leizo/.local/lib/python3.8/site-packages/airflow/example_dags/subdags/subdag.py took 0.011 seconds
[2022-06-12 22:16:41,414] {processor.py:163} INFO - Started process (PID=1158) to work on /home/leizo/.local/lib/python3.8/site-packages/airflow/example_dags/subdags/subdag.py
[2022-06-12 22:16:41,415] {processor.py:642} INFO - Processing file /home/leizo/.local/lib/python3.8/site-packages/airflow/example_dags/subdags/subdag.py for tasks to queue
[2022-06-12 22:16:41,416] {logging_mixin.py:109} INFO - [2022-06-12 22:16:41,416] {dagbag.py:500} INFO - Filling up the DagBag from /home/leizo/.local/lib/python3.8/site-packages/airflow/example_dags/subdags/subdag.py
[2022-06-12 22:16:41,419] {processor.py:654} WARNING - No viable dags retrieved from /home/leizo/.local/lib/python3.8/site-packages/airflow/example_dags/subdags/subdag.py
[2022-06-12 22:16:41,426] {processor.py:171} INFO - Processing /home/leizo/.local/lib/python3.8/site-packages/airflow/example_dags/subdags/subdag.py took 0.015 seconds
[2022-06-12 22:17:18,427] {processor.py:163} INFO - Started process (PID=1194) to work on /home/leizo/.local/lib/python3.8/site-packages/airflow/example_dags/subdags/subdag.py
[2022-06-12 22:17:18,428] {processor.py:642} INFO - Processing file /home/leizo/.local/lib/python3.8/site-packages/airflow/example_dags/subdags/subdag.py for tasks to queue
[2022-06-12 22:17:18,429] {logging_mixin.py:109} INFO - [2022-06-12 22:17:18,429] {dagbag.py:500} INFO - Filling up the DagBag from /home/leizo/.local/lib/python3.8/site-packages/airflow/example_dags/subdags/subdag.py
[2022-06-12 22:17:18,431] {processor.py:654} WARNING - No viable dags retrieved from /home/leizo/.local/lib/python3.8/site-packages/airflow/example_dags/subdags/subdag.py
[2022-06-12 22:17:18,440] {processor.py:171} INFO - Processing /home/leizo/.local/lib/python3.8/site-packages/airflow/example_dags/subdags/subdag.py took 0.016 seconds
[2022-06-12 22:17:56,979] {processor.py:163} INFO - Started process (PID=1231) to work on /home/leizo/.local/lib/python3.8/site-packages/airflow/example_dags/subdags/subdag.py
[2022-06-12 22:17:56,981] {processor.py:642} INFO - Processing file /home/leizo/.local/lib/python3.8/site-packages/airflow/example_dags/subdags/subdag.py for tasks to queue
[2022-06-12 22:17:56,981] {logging_mixin.py:109} INFO - [2022-06-12 22:17:56,981] {dagbag.py:500} INFO - Filling up the DagBag from /home/leizo/.local/lib/python3.8/site-packages/airflow/example_dags/subdags/subdag.py
[2022-06-12 22:17:56,984] {processor.py:654} WARNING - No viable dags retrieved from /home/leizo/.local/lib/python3.8/site-packages/airflow/example_dags/subdags/subdag.py
[2022-06-12 22:17:56,995] {processor.py:171} INFO - Processing /home/leizo/.local/lib/python3.8/site-packages/airflow/example_dags/subdags/subdag.py took 0.019 seconds
[2022-06-12 22:18:33,065] {processor.py:163} INFO - Started process (PID=1266) to work on /home/leizo/.local/lib/python3.8/site-packages/airflow/example_dags/subdags/subdag.py
[2022-06-12 22:18:33,066] {processor.py:642} INFO - Processing file /home/leizo/.local/lib/python3.8/site-packages/airflow/example_dags/subdags/subdag.py for tasks to queue
[2022-06-12 22:18:33,067] {logging_mixin.py:109} INFO - [2022-06-12 22:18:33,067] {dagbag.py:500} INFO - Filling up the DagBag from /home/leizo/.local/lib/python3.8/site-packages/airflow/example_dags/subdags/subdag.py
[2022-06-12 22:18:33,069] {processor.py:654} WARNING - No viable dags retrieved from /home/leizo/.local/lib/python3.8/site-packages/airflow/example_dags/subdags/subdag.py
[2022-06-12 22:18:33,076] {processor.py:171} INFO - Processing /home/leizo/.local/lib/python3.8/site-packages/airflow/example_dags/subdags/subdag.py took 0.014 seconds
[2022-06-12 22:19:08,870] {processor.py:163} INFO - Started process (PID=1302) to work on /home/leizo/.local/lib/python3.8/site-packages/airflow/example_dags/subdags/subdag.py
[2022-06-12 22:19:08,871] {processor.py:642} INFO - Processing file /home/leizo/.local/lib/python3.8/site-packages/airflow/example_dags/subdags/subdag.py for tasks to queue
[2022-06-12 22:19:08,872] {logging_mixin.py:109} INFO - [2022-06-12 22:19:08,872] {dagbag.py:500} INFO - Filling up the DagBag from /home/leizo/.local/lib/python3.8/site-packages/airflow/example_dags/subdags/subdag.py
[2022-06-12 22:19:08,874] {processor.py:654} WARNING - No viable dags retrieved from /home/leizo/.local/lib/python3.8/site-packages/airflow/example_dags/subdags/subdag.py
[2022-06-12 22:19:08,882] {processor.py:171} INFO - Processing /home/leizo/.local/lib/python3.8/site-packages/airflow/example_dags/subdags/subdag.py took 0.015 seconds
[2022-06-12 22:19:45,123] {processor.py:163} INFO - Started process (PID=1338) to work on /home/leizo/.local/lib/python3.8/site-packages/airflow/example_dags/subdags/subdag.py
[2022-06-12 22:19:45,125] {processor.py:642} INFO - Processing file /home/leizo/.local/lib/python3.8/site-packages/airflow/example_dags/subdags/subdag.py for tasks to queue
[2022-06-12 22:19:45,126] {logging_mixin.py:109} INFO - [2022-06-12 22:19:45,125] {dagbag.py:500} INFO - Filling up the DagBag from /home/leizo/.local/lib/python3.8/site-packages/airflow/example_dags/subdags/subdag.py
[2022-06-12 22:19:45,128] {processor.py:654} WARNING - No viable dags retrieved from /home/leizo/.local/lib/python3.8/site-packages/airflow/example_dags/subdags/subdag.py
[2022-06-12 22:19:45,133] {processor.py:171} INFO - Processing /home/leizo/.local/lib/python3.8/site-packages/airflow/example_dags/subdags/subdag.py took 0.012 seconds
[2022-06-12 22:20:21,445] {processor.py:163} INFO - Started process (PID=1374) to work on /home/leizo/.local/lib/python3.8/site-packages/airflow/example_dags/subdags/subdag.py
[2022-06-12 22:20:21,447] {processor.py:642} INFO - Processing file /home/leizo/.local/lib/python3.8/site-packages/airflow/example_dags/subdags/subdag.py for tasks to queue
[2022-06-12 22:20:21,447] {logging_mixin.py:109} INFO - [2022-06-12 22:20:21,447] {dagbag.py:500} INFO - Filling up the DagBag from /home/leizo/.local/lib/python3.8/site-packages/airflow/example_dags/subdags/subdag.py
[2022-06-12 22:20:21,449] {processor.py:654} WARNING - No viable dags retrieved from /home/leizo/.local/lib/python3.8/site-packages/airflow/example_dags/subdags/subdag.py
[2022-06-12 22:20:21,456] {processor.py:171} INFO - Processing /home/leizo/.local/lib/python3.8/site-packages/airflow/example_dags/subdags/subdag.py took 0.013 seconds
[2022-06-12 22:20:59,276] {processor.py:163} INFO - Started process (PID=1410) to work on /home/leizo/.local/lib/python3.8/site-packages/airflow/example_dags/subdags/subdag.py
[2022-06-12 22:20:59,278] {processor.py:642} INFO - Processing file /home/leizo/.local/lib/python3.8/site-packages/airflow/example_dags/subdags/subdag.py for tasks to queue
[2022-06-12 22:20:59,278] {logging_mixin.py:109} INFO - [2022-06-12 22:20:59,278] {dagbag.py:500} INFO - Filling up the DagBag from /home/leizo/.local/lib/python3.8/site-packages/airflow/example_dags/subdags/subdag.py
[2022-06-12 22:20:59,280] {processor.py:654} WARNING - No viable dags retrieved from /home/leizo/.local/lib/python3.8/site-packages/airflow/example_dags/subdags/subdag.py
[2022-06-12 22:20:59,288] {processor.py:171} INFO - Processing /home/leizo/.local/lib/python3.8/site-packages/airflow/example_dags/subdags/subdag.py took 0.016 seconds
[2022-06-12 22:21:36,987] {processor.py:163} INFO - Started process (PID=1447) to work on /home/leizo/.local/lib/python3.8/site-packages/airflow/example_dags/subdags/subdag.py
[2022-06-12 22:21:36,989] {processor.py:642} INFO - Processing file /home/leizo/.local/lib/python3.8/site-packages/airflow/example_dags/subdags/subdag.py for tasks to queue
[2022-06-12 22:21:36,990] {logging_mixin.py:109} INFO - [2022-06-12 22:21:36,989] {dagbag.py:500} INFO - Filling up the DagBag from /home/leizo/.local/lib/python3.8/site-packages/airflow/example_dags/subdags/subdag.py
[2022-06-12 22:21:36,992] {processor.py:654} WARNING - No viable dags retrieved from /home/leizo/.local/lib/python3.8/site-packages/airflow/example_dags/subdags/subdag.py
[2022-06-12 22:21:36,998] {processor.py:171} INFO - Processing /home/leizo/.local/lib/python3.8/site-packages/airflow/example_dags/subdags/subdag.py took 0.013 seconds
[2022-06-12 22:22:11,060] {processor.py:163} INFO - Started process (PID=1481) to work on /home/leizo/.local/lib/python3.8/site-packages/airflow/example_dags/subdags/subdag.py
[2022-06-12 22:22:11,061] {processor.py:642} INFO - Processing file /home/leizo/.local/lib/python3.8/site-packages/airflow/example_dags/subdags/subdag.py for tasks to queue
[2022-06-12 22:22:11,062] {logging_mixin.py:109} INFO - [2022-06-12 22:22:11,061] {dagbag.py:500} INFO - Filling up the DagBag from /home/leizo/.local/lib/python3.8/site-packages/airflow/example_dags/subdags/subdag.py
[2022-06-12 22:22:11,064] {processor.py:654} WARNING - No viable dags retrieved from /home/leizo/.local/lib/python3.8/site-packages/airflow/example_dags/subdags/subdag.py
[2022-06-12 22:22:11,069] {processor.py:171} INFO - Processing /home/leizo/.local/lib/python3.8/site-packages/airflow/example_dags/subdags/subdag.py took 0.012 seconds
[2022-06-12 22:22:48,343] {processor.py:163} INFO - Started process (PID=1517) to work on /home/leizo/.local/lib/python3.8/site-packages/airflow/example_dags/subdags/subdag.py
[2022-06-12 22:22:48,344] {processor.py:642} INFO - Processing file /home/leizo/.local/lib/python3.8/site-packages/airflow/example_dags/subdags/subdag.py for tasks to queue
[2022-06-12 22:22:48,345] {logging_mixin.py:109} INFO - [2022-06-12 22:22:48,345] {dagbag.py:500} INFO - Filling up the DagBag from /home/leizo/.local/lib/python3.8/site-packages/airflow/example_dags/subdags/subdag.py
[2022-06-12 22:22:48,348] {processor.py:654} WARNING - No viable dags retrieved from /home/leizo/.local/lib/python3.8/site-packages/airflow/example_dags/subdags/subdag.py
[2022-06-12 22:22:48,356] {processor.py:171} INFO - Processing /home/leizo/.local/lib/python3.8/site-packages/airflow/example_dags/subdags/subdag.py took 0.015 seconds
[2022-06-12 22:23:24,652] {processor.py:163} INFO - Started process (PID=1552) to work on /home/leizo/.local/lib/python3.8/site-packages/airflow/example_dags/subdags/subdag.py
[2022-06-12 22:23:24,656] {processor.py:642} INFO - Processing file /home/leizo/.local/lib/python3.8/site-packages/airflow/example_dags/subdags/subdag.py for tasks to queue
[2022-06-12 22:23:24,657] {logging_mixin.py:109} INFO - [2022-06-12 22:23:24,657] {dagbag.py:500} INFO - Filling up the DagBag from /home/leizo/.local/lib/python3.8/site-packages/airflow/example_dags/subdags/subdag.py
[2022-06-12 22:23:24,661] {processor.py:654} WARNING - No viable dags retrieved from /home/leizo/.local/lib/python3.8/site-packages/airflow/example_dags/subdags/subdag.py
[2022-06-12 22:23:24,675] {processor.py:171} INFO - Processing /home/leizo/.local/lib/python3.8/site-packages/airflow/example_dags/subdags/subdag.py took 0.029 seconds
[2022-06-12 22:24:07,400] {processor.py:163} INFO - Started process (PID=1654) to work on /home/leizo/.local/lib/python3.8/site-packages/airflow/example_dags/subdags/subdag.py
[2022-06-12 22:24:07,402] {processor.py:642} INFO - Processing file /home/leizo/.local/lib/python3.8/site-packages/airflow/example_dags/subdags/subdag.py for tasks to queue
[2022-06-12 22:24:07,403] {logging_mixin.py:109} INFO - [2022-06-12 22:24:07,402] {dagbag.py:500} INFO - Filling up the DagBag from /home/leizo/.local/lib/python3.8/site-packages/airflow/example_dags/subdags/subdag.py
[2022-06-12 22:24:07,406] {processor.py:654} WARNING - No viable dags retrieved from /home/leizo/.local/lib/python3.8/site-packages/airflow/example_dags/subdags/subdag.py
[2022-06-12 22:24:07,418] {processor.py:171} INFO - Processing /home/leizo/.local/lib/python3.8/site-packages/airflow/example_dags/subdags/subdag.py took 0.022 seconds
[2022-06-12 22:24:42,678] {processor.py:163} INFO - Started process (PID=1689) to work on /home/leizo/.local/lib/python3.8/site-packages/airflow/example_dags/subdags/subdag.py
[2022-06-12 22:24:42,682] {processor.py:642} INFO - Processing file /home/leizo/.local/lib/python3.8/site-packages/airflow/example_dags/subdags/subdag.py for tasks to queue
[2022-06-12 22:24:42,684] {logging_mixin.py:109} INFO - [2022-06-12 22:24:42,684] {dagbag.py:500} INFO - Filling up the DagBag from /home/leizo/.local/lib/python3.8/site-packages/airflow/example_dags/subdags/subdag.py
[2022-06-12 22:24:42,690] {processor.py:654} WARNING - No viable dags retrieved from /home/leizo/.local/lib/python3.8/site-packages/airflow/example_dags/subdags/subdag.py
[2022-06-12 22:24:42,708] {processor.py:171} INFO - Processing /home/leizo/.local/lib/python3.8/site-packages/airflow/example_dags/subdags/subdag.py took 0.035 seconds
[2022-06-12 22:25:34,537] {processor.py:163} INFO - Started process (PID=1772) to work on /home/leizo/.local/lib/python3.8/site-packages/airflow/example_dags/subdags/subdag.py
[2022-06-12 22:25:34,539] {processor.py:642} INFO - Processing file /home/leizo/.local/lib/python3.8/site-packages/airflow/example_dags/subdags/subdag.py for tasks to queue
[2022-06-12 22:25:34,539] {logging_mixin.py:109} INFO - [2022-06-12 22:25:34,539] {dagbag.py:500} INFO - Filling up the DagBag from /home/leizo/.local/lib/python3.8/site-packages/airflow/example_dags/subdags/subdag.py
[2022-06-12 22:25:34,542] {processor.py:654} WARNING - No viable dags retrieved from /home/leizo/.local/lib/python3.8/site-packages/airflow/example_dags/subdags/subdag.py
[2022-06-12 22:25:34,550] {processor.py:171} INFO - Processing /home/leizo/.local/lib/python3.8/site-packages/airflow/example_dags/subdags/subdag.py took 0.016 seconds
[2022-06-12 22:26:23,826] {processor.py:163} INFO - Started process (PID=1818) to work on /home/leizo/.local/lib/python3.8/site-packages/airflow/example_dags/subdags/subdag.py
[2022-06-12 22:26:23,829] {processor.py:642} INFO - Processing file /home/leizo/.local/lib/python3.8/site-packages/airflow/example_dags/subdags/subdag.py for tasks to queue
[2022-06-12 22:26:23,829] {logging_mixin.py:109} INFO - [2022-06-12 22:26:23,829] {dagbag.py:500} INFO - Filling up the DagBag from /home/leizo/.local/lib/python3.8/site-packages/airflow/example_dags/subdags/subdag.py
[2022-06-12 22:26:23,832] {processor.py:654} WARNING - No viable dags retrieved from /home/leizo/.local/lib/python3.8/site-packages/airflow/example_dags/subdags/subdag.py
[2022-06-12 22:26:23,844] {processor.py:171} INFO - Processing /home/leizo/.local/lib/python3.8/site-packages/airflow/example_dags/subdags/subdag.py took 0.021 seconds
[2022-06-12 22:27:08,243] {processor.py:163} INFO - Started process (PID=1874) to work on /home/leizo/.local/lib/python3.8/site-packages/airflow/example_dags/subdags/subdag.py
[2022-06-12 22:27:08,246] {processor.py:642} INFO - Processing file /home/leizo/.local/lib/python3.8/site-packages/airflow/example_dags/subdags/subdag.py for tasks to queue
[2022-06-12 22:27:08,247] {logging_mixin.py:109} INFO - [2022-06-12 22:27:08,247] {dagbag.py:500} INFO - Filling up the DagBag from /home/leizo/.local/lib/python3.8/site-packages/airflow/example_dags/subdags/subdag.py
[2022-06-12 22:27:08,252] {processor.py:654} WARNING - No viable dags retrieved from /home/leizo/.local/lib/python3.8/site-packages/airflow/example_dags/subdags/subdag.py
[2022-06-12 22:27:08,270] {processor.py:171} INFO - Processing /home/leizo/.local/lib/python3.8/site-packages/airflow/example_dags/subdags/subdag.py took 0.030 seconds
[2022-06-12 22:28:31,479] {processor.py:163} INFO - Started process (PID=1963) to work on /home/leizo/.local/lib/python3.8/site-packages/airflow/example_dags/subdags/subdag.py
[2022-06-12 22:28:31,482] {processor.py:642} INFO - Processing file /home/leizo/.local/lib/python3.8/site-packages/airflow/example_dags/subdags/subdag.py for tasks to queue
[2022-06-12 22:28:31,484] {logging_mixin.py:109} INFO - [2022-06-12 22:28:31,483] {dagbag.py:500} INFO - Filling up the DagBag from /home/leizo/.local/lib/python3.8/site-packages/airflow/example_dags/subdags/subdag.py
[2022-06-12 22:28:31,488] {processor.py:654} WARNING - No viable dags retrieved from /home/leizo/.local/lib/python3.8/site-packages/airflow/example_dags/subdags/subdag.py
[2022-06-12 22:28:31,505] {processor.py:171} INFO - Processing /home/leizo/.local/lib/python3.8/site-packages/airflow/example_dags/subdags/subdag.py took 0.031 seconds
[2022-06-12 22:29:14,585] {processor.py:163} INFO - Started process (PID=2087) to work on /home/leizo/.local/lib/python3.8/site-packages/airflow/example_dags/subdags/subdag.py
[2022-06-12 22:29:14,587] {processor.py:642} INFO - Processing file /home/leizo/.local/lib/python3.8/site-packages/airflow/example_dags/subdags/subdag.py for tasks to queue
[2022-06-12 22:29:14,588] {logging_mixin.py:109} INFO - [2022-06-12 22:29:14,588] {dagbag.py:500} INFO - Filling up the DagBag from /home/leizo/.local/lib/python3.8/site-packages/airflow/example_dags/subdags/subdag.py
[2022-06-12 22:29:14,591] {processor.py:654} WARNING - No viable dags retrieved from /home/leizo/.local/lib/python3.8/site-packages/airflow/example_dags/subdags/subdag.py
[2022-06-12 22:29:14,601] {processor.py:171} INFO - Processing /home/leizo/.local/lib/python3.8/site-packages/airflow/example_dags/subdags/subdag.py took 0.019 seconds
[2022-06-12 22:30:00,412] {processor.py:163} INFO - Started process (PID=2190) to work on /home/leizo/.local/lib/python3.8/site-packages/airflow/example_dags/subdags/subdag.py
[2022-06-12 22:30:00,414] {processor.py:642} INFO - Processing file /home/leizo/.local/lib/python3.8/site-packages/airflow/example_dags/subdags/subdag.py for tasks to queue
[2022-06-12 22:30:00,415] {logging_mixin.py:109} INFO - [2022-06-12 22:30:00,415] {dagbag.py:500} INFO - Filling up the DagBag from /home/leizo/.local/lib/python3.8/site-packages/airflow/example_dags/subdags/subdag.py
[2022-06-12 22:30:00,419] {processor.py:654} WARNING - No viable dags retrieved from /home/leizo/.local/lib/python3.8/site-packages/airflow/example_dags/subdags/subdag.py
[2022-06-12 22:30:00,435] {processor.py:171} INFO - Processing /home/leizo/.local/lib/python3.8/site-packages/airflow/example_dags/subdags/subdag.py took 0.028 seconds
[2022-06-12 22:30:48,607] {processor.py:163} INFO - Started process (PID=2290) to work on /home/leizo/.local/lib/python3.8/site-packages/airflow/example_dags/subdags/subdag.py
[2022-06-12 22:30:48,611] {processor.py:642} INFO - Processing file /home/leizo/.local/lib/python3.8/site-packages/airflow/example_dags/subdags/subdag.py for tasks to queue
[2022-06-12 22:30:48,612] {logging_mixin.py:109} INFO - [2022-06-12 22:30:48,611] {dagbag.py:500} INFO - Filling up the DagBag from /home/leizo/.local/lib/python3.8/site-packages/airflow/example_dags/subdags/subdag.py
[2022-06-12 22:30:48,615] {processor.py:654} WARNING - No viable dags retrieved from /home/leizo/.local/lib/python3.8/site-packages/airflow/example_dags/subdags/subdag.py
[2022-06-12 22:30:48,626] {processor.py:171} INFO - Processing /home/leizo/.local/lib/python3.8/site-packages/airflow/example_dags/subdags/subdag.py took 0.025 seconds
[2022-06-12 22:31:31,937] {processor.py:163} INFO - Started process (PID=2426) to work on /home/leizo/.local/lib/python3.8/site-packages/airflow/example_dags/subdags/subdag.py
[2022-06-12 22:31:31,939] {processor.py:642} INFO - Processing file /home/leizo/.local/lib/python3.8/site-packages/airflow/example_dags/subdags/subdag.py for tasks to queue
[2022-06-12 22:31:31,940] {logging_mixin.py:109} INFO - [2022-06-12 22:31:31,940] {dagbag.py:500} INFO - Filling up the DagBag from /home/leizo/.local/lib/python3.8/site-packages/airflow/example_dags/subdags/subdag.py
[2022-06-12 22:31:31,943] {processor.py:654} WARNING - No viable dags retrieved from /home/leizo/.local/lib/python3.8/site-packages/airflow/example_dags/subdags/subdag.py
[2022-06-12 22:31:31,955] {processor.py:171} INFO - Processing /home/leizo/.local/lib/python3.8/site-packages/airflow/example_dags/subdags/subdag.py took 0.020 seconds
[2022-06-12 22:32:12,703] {processor.py:163} INFO - Started process (PID=2485) to work on /home/leizo/.local/lib/python3.8/site-packages/airflow/example_dags/subdags/subdag.py
[2022-06-12 22:32:12,705] {processor.py:642} INFO - Processing file /home/leizo/.local/lib/python3.8/site-packages/airflow/example_dags/subdags/subdag.py for tasks to queue
[2022-06-12 22:32:12,705] {logging_mixin.py:109} INFO - [2022-06-12 22:32:12,705] {dagbag.py:500} INFO - Filling up the DagBag from /home/leizo/.local/lib/python3.8/site-packages/airflow/example_dags/subdags/subdag.py
[2022-06-12 22:32:12,708] {processor.py:654} WARNING - No viable dags retrieved from /home/leizo/.local/lib/python3.8/site-packages/airflow/example_dags/subdags/subdag.py
[2022-06-12 22:32:12,715] {processor.py:171} INFO - Processing /home/leizo/.local/lib/python3.8/site-packages/airflow/example_dags/subdags/subdag.py took 0.015 seconds
[2022-06-12 22:32:53,325] {processor.py:163} INFO - Started process (PID=2556) to work on /home/leizo/.local/lib/python3.8/site-packages/airflow/example_dags/subdags/subdag.py
[2022-06-12 22:32:53,328] {processor.py:642} INFO - Processing file /home/leizo/.local/lib/python3.8/site-packages/airflow/example_dags/subdags/subdag.py for tasks to queue
[2022-06-12 22:32:53,329] {logging_mixin.py:109} INFO - [2022-06-12 22:32:53,329] {dagbag.py:500} INFO - Filling up the DagBag from /home/leizo/.local/lib/python3.8/site-packages/airflow/example_dags/subdags/subdag.py
[2022-06-12 22:32:53,331] {processor.py:654} WARNING - No viable dags retrieved from /home/leizo/.local/lib/python3.8/site-packages/airflow/example_dags/subdags/subdag.py
[2022-06-12 22:32:53,338] {processor.py:171} INFO - Processing /home/leizo/.local/lib/python3.8/site-packages/airflow/example_dags/subdags/subdag.py took 0.015 seconds
[2022-06-12 22:33:34,583] {processor.py:163} INFO - Started process (PID=2648) to work on /home/leizo/.local/lib/python3.8/site-packages/airflow/example_dags/subdags/subdag.py
[2022-06-12 22:33:34,585] {processor.py:642} INFO - Processing file /home/leizo/.local/lib/python3.8/site-packages/airflow/example_dags/subdags/subdag.py for tasks to queue
[2022-06-12 22:33:34,586] {logging_mixin.py:109} INFO - [2022-06-12 22:33:34,586] {dagbag.py:500} INFO - Filling up the DagBag from /home/leizo/.local/lib/python3.8/site-packages/airflow/example_dags/subdags/subdag.py
[2022-06-12 22:33:34,588] {processor.py:654} WARNING - No viable dags retrieved from /home/leizo/.local/lib/python3.8/site-packages/airflow/example_dags/subdags/subdag.py
[2022-06-12 22:33:34,595] {processor.py:171} INFO - Processing /home/leizo/.local/lib/python3.8/site-packages/airflow/example_dags/subdags/subdag.py took 0.015 seconds
[2022-06-12 22:34:14,907] {processor.py:163} INFO - Started process (PID=2722) to work on /home/leizo/.local/lib/python3.8/site-packages/airflow/example_dags/subdags/subdag.py
[2022-06-12 22:34:14,910] {processor.py:642} INFO - Processing file /home/leizo/.local/lib/python3.8/site-packages/airflow/example_dags/subdags/subdag.py for tasks to queue
[2022-06-12 22:34:14,910] {logging_mixin.py:109} INFO - [2022-06-12 22:34:14,910] {dagbag.py:500} INFO - Filling up the DagBag from /home/leizo/.local/lib/python3.8/site-packages/airflow/example_dags/subdags/subdag.py
[2022-06-12 22:34:14,912] {processor.py:654} WARNING - No viable dags retrieved from /home/leizo/.local/lib/python3.8/site-packages/airflow/example_dags/subdags/subdag.py
[2022-06-12 22:34:14,921] {processor.py:171} INFO - Processing /home/leizo/.local/lib/python3.8/site-packages/airflow/example_dags/subdags/subdag.py took 0.016 seconds
[2022-06-12 22:34:55,516] {processor.py:163} INFO - Started process (PID=2786) to work on /home/leizo/.local/lib/python3.8/site-packages/airflow/example_dags/subdags/subdag.py
[2022-06-12 22:34:55,518] {processor.py:642} INFO - Processing file /home/leizo/.local/lib/python3.8/site-packages/airflow/example_dags/subdags/subdag.py for tasks to queue
[2022-06-12 22:34:55,519] {logging_mixin.py:109} INFO - [2022-06-12 22:34:55,519] {dagbag.py:500} INFO - Filling up the DagBag from /home/leizo/.local/lib/python3.8/site-packages/airflow/example_dags/subdags/subdag.py
[2022-06-12 22:34:55,523] {processor.py:654} WARNING - No viable dags retrieved from /home/leizo/.local/lib/python3.8/site-packages/airflow/example_dags/subdags/subdag.py
[2022-06-12 22:34:55,536] {processor.py:171} INFO - Processing /home/leizo/.local/lib/python3.8/site-packages/airflow/example_dags/subdags/subdag.py took 0.023 seconds
[2022-06-12 22:35:39,329] {processor.py:163} INFO - Started process (PID=2880) to work on /home/leizo/.local/lib/python3.8/site-packages/airflow/example_dags/subdags/subdag.py
[2022-06-12 22:35:39,331] {processor.py:642} INFO - Processing file /home/leizo/.local/lib/python3.8/site-packages/airflow/example_dags/subdags/subdag.py for tasks to queue
[2022-06-12 22:35:39,332] {logging_mixin.py:109} INFO - [2022-06-12 22:35:39,332] {dagbag.py:500} INFO - Filling up the DagBag from /home/leizo/.local/lib/python3.8/site-packages/airflow/example_dags/subdags/subdag.py
[2022-06-12 22:35:39,338] {processor.py:654} WARNING - No viable dags retrieved from /home/leizo/.local/lib/python3.8/site-packages/airflow/example_dags/subdags/subdag.py
[2022-06-12 22:35:39,351] {processor.py:171} INFO - Processing /home/leizo/.local/lib/python3.8/site-packages/airflow/example_dags/subdags/subdag.py took 0.027 seconds
[2022-06-12 22:36:21,072] {processor.py:163} INFO - Started process (PID=2953) to work on /home/leizo/.local/lib/python3.8/site-packages/airflow/example_dags/subdags/subdag.py
[2022-06-12 22:36:21,077] {processor.py:642} INFO - Processing file /home/leizo/.local/lib/python3.8/site-packages/airflow/example_dags/subdags/subdag.py for tasks to queue
[2022-06-12 22:36:21,078] {logging_mixin.py:109} INFO - [2022-06-12 22:36:21,078] {dagbag.py:500} INFO - Filling up the DagBag from /home/leizo/.local/lib/python3.8/site-packages/airflow/example_dags/subdags/subdag.py
[2022-06-12 22:36:21,083] {processor.py:654} WARNING - No viable dags retrieved from /home/leizo/.local/lib/python3.8/site-packages/airflow/example_dags/subdags/subdag.py
[2022-06-12 22:36:21,098] {processor.py:171} INFO - Processing /home/leizo/.local/lib/python3.8/site-packages/airflow/example_dags/subdags/subdag.py took 0.032 seconds
[2022-06-12 22:37:02,733] {processor.py:163} INFO - Started process (PID=3040) to work on /home/leizo/.local/lib/python3.8/site-packages/airflow/example_dags/subdags/subdag.py
[2022-06-12 22:37:02,737] {processor.py:642} INFO - Processing file /home/leizo/.local/lib/python3.8/site-packages/airflow/example_dags/subdags/subdag.py for tasks to queue
[2022-06-12 22:37:02,738] {logging_mixin.py:109} INFO - [2022-06-12 22:37:02,738] {dagbag.py:500} INFO - Filling up the DagBag from /home/leizo/.local/lib/python3.8/site-packages/airflow/example_dags/subdags/subdag.py
[2022-06-12 22:37:02,742] {processor.py:654} WARNING - No viable dags retrieved from /home/leizo/.local/lib/python3.8/site-packages/airflow/example_dags/subdags/subdag.py
[2022-06-12 22:37:02,755] {processor.py:171} INFO - Processing /home/leizo/.local/lib/python3.8/site-packages/airflow/example_dags/subdags/subdag.py took 0.024 seconds
[2022-06-12 22:37:44,005] {processor.py:163} INFO - Started process (PID=3080) to work on /home/leizo/.local/lib/python3.8/site-packages/airflow/example_dags/subdags/subdag.py
[2022-06-12 22:37:44,007] {processor.py:642} INFO - Processing file /home/leizo/.local/lib/python3.8/site-packages/airflow/example_dags/subdags/subdag.py for tasks to queue
[2022-06-12 22:37:44,009] {logging_mixin.py:109} INFO - [2022-06-12 22:37:44,008] {dagbag.py:500} INFO - Filling up the DagBag from /home/leizo/.local/lib/python3.8/site-packages/airflow/example_dags/subdags/subdag.py
[2022-06-12 22:37:44,012] {processor.py:654} WARNING - No viable dags retrieved from /home/leizo/.local/lib/python3.8/site-packages/airflow/example_dags/subdags/subdag.py
[2022-06-12 22:37:44,019] {processor.py:171} INFO - Processing /home/leizo/.local/lib/python3.8/site-packages/airflow/example_dags/subdags/subdag.py took 0.017 seconds
[2022-06-12 22:38:27,409] {processor.py:163} INFO - Started process (PID=3120) to work on /home/leizo/.local/lib/python3.8/site-packages/airflow/example_dags/subdags/subdag.py
[2022-06-12 22:38:27,412] {processor.py:642} INFO - Processing file /home/leizo/.local/lib/python3.8/site-packages/airflow/example_dags/subdags/subdag.py for tasks to queue
[2022-06-12 22:38:27,413] {logging_mixin.py:109} INFO - [2022-06-12 22:38:27,413] {dagbag.py:500} INFO - Filling up the DagBag from /home/leizo/.local/lib/python3.8/site-packages/airflow/example_dags/subdags/subdag.py
[2022-06-12 22:38:27,419] {processor.py:654} WARNING - No viable dags retrieved from /home/leizo/.local/lib/python3.8/site-packages/airflow/example_dags/subdags/subdag.py
[2022-06-12 22:38:27,431] {processor.py:171} INFO - Processing /home/leizo/.local/lib/python3.8/site-packages/airflow/example_dags/subdags/subdag.py took 0.029 seconds
[2022-06-12 22:39:10,261] {processor.py:163} INFO - Started process (PID=3224) to work on /home/leizo/.local/lib/python3.8/site-packages/airflow/example_dags/subdags/subdag.py
[2022-06-12 22:39:10,265] {processor.py:642} INFO - Processing file /home/leizo/.local/lib/python3.8/site-packages/airflow/example_dags/subdags/subdag.py for tasks to queue
[2022-06-12 22:39:10,266] {logging_mixin.py:109} INFO - [2022-06-12 22:39:10,266] {dagbag.py:500} INFO - Filling up the DagBag from /home/leizo/.local/lib/python3.8/site-packages/airflow/example_dags/subdags/subdag.py
[2022-06-12 22:39:10,271] {processor.py:654} WARNING - No viable dags retrieved from /home/leizo/.local/lib/python3.8/site-packages/airflow/example_dags/subdags/subdag.py
[2022-06-12 22:39:10,284] {processor.py:171} INFO - Processing /home/leizo/.local/lib/python3.8/site-packages/airflow/example_dags/subdags/subdag.py took 0.027 seconds
[2022-06-12 22:39:53,128] {processor.py:163} INFO - Started process (PID=3267) to work on /home/leizo/.local/lib/python3.8/site-packages/airflow/example_dags/subdags/subdag.py
[2022-06-12 22:39:53,130] {processor.py:642} INFO - Processing file /home/leizo/.local/lib/python3.8/site-packages/airflow/example_dags/subdags/subdag.py for tasks to queue
[2022-06-12 22:39:53,130] {logging_mixin.py:109} INFO - [2022-06-12 22:39:53,130] {dagbag.py:500} INFO - Filling up the DagBag from /home/leizo/.local/lib/python3.8/site-packages/airflow/example_dags/subdags/subdag.py
[2022-06-12 22:39:53,133] {processor.py:654} WARNING - No viable dags retrieved from /home/leizo/.local/lib/python3.8/site-packages/airflow/example_dags/subdags/subdag.py
[2022-06-12 22:39:53,144] {processor.py:171} INFO - Processing /home/leizo/.local/lib/python3.8/site-packages/airflow/example_dags/subdags/subdag.py took 0.019 seconds
