[2022-06-13 21:50:11,059] {taskinstance.py:1043} INFO - Dependencies all met for <TaskInstance: my_first_dag.format_data_from_lastfm manual__2022-06-13T19:49:56.567509+00:00 [queued]>
[2022-06-13 21:50:11,068] {taskinstance.py:1043} INFO - Dependencies all met for <TaskInstance: my_first_dag.format_data_from_lastfm manual__2022-06-13T19:49:56.567509+00:00 [queued]>
[2022-06-13 21:50:11,069] {taskinstance.py:1249} INFO - 
--------------------------------------------------------------------------------
[2022-06-13 21:50:11,069] {taskinstance.py:1250} INFO - Starting attempt 1 of 2
[2022-06-13 21:50:11,069] {taskinstance.py:1251} INFO - 
--------------------------------------------------------------------------------
[2022-06-13 21:50:11,078] {taskinstance.py:1270} INFO - Executing <Task(PythonOperator): format_data_from_lastfm> on 2022-06-13 19:49:56.567509+00:00
[2022-06-13 21:50:11,080] {standard_task_runner.py:52} INFO - Started process 2352 to run task
[2022-06-13 21:50:11,082] {standard_task_runner.py:79} INFO - Running: ['airflow', 'tasks', 'run', 'my_first_dag', 'format_data_from_lastfm', 'manual__2022-06-13T19:49:56.567509+00:00', '--job-id', '26', '--raw', '--subdir', 'DAGS_FOLDER/my_first_dag.py', '--cfg-path', '/tmp/tmp1c_dv0z9', '--error-file', '/tmp/tmpw4kgh0sy']
[2022-06-13 21:50:11,083] {standard_task_runner.py:80} INFO - Job 26: Subtask format_data_from_lastfm
[2022-06-13 21:50:11,110] {logging_mixin.py:109} INFO - Running <TaskInstance: my_first_dag.format_data_from_lastfm manual__2022-06-13T19:49:56.567509+00:00 [running]> on host LAPTOP-M1F9EL62.localdomain
[2022-06-13 21:50:11,144] {taskinstance.py:1446} INFO - Exporting the following env vars:
AIRFLOW_CTX_DAG_EMAIL=airflow@example.com
AIRFLOW_CTX_DAG_OWNER=airflow
AIRFLOW_CTX_DAG_ID=my_first_dag
AIRFLOW_CTX_TASK_ID=format_data_from_lastfm
AIRFLOW_CTX_EXECUTION_DATE=2022-06-13T19:49:56.567509+00:00
AIRFLOW_CTX_DAG_RUN_ID=manual__2022-06-13T19:49:56.567509+00:00
[2022-06-13 21:50:11,145] {logging_mixin.py:109} INFO - Hello Airflow - This is Task with task_number: task2
[2022-06-13 21:50:11,145] {logging_mixin.py:109} INFO - kwargs['dag_run'] 2022-06-13 19:49:56.567509+00:00
[2022-06-13 21:50:11,145] {python.py:175} INFO - Done. Returned value was: None
[2022-06-13 21:50:11,149] {taskinstance.py:1278} INFO - Marking task as SUCCESS. dag_id=my_first_dag, task_id=format_data_from_lastfm, execution_date=20220613T194956, start_date=20220613T195011, end_date=20220613T195011
[2022-06-13 21:50:11,174] {local_task_job.py:154} INFO - Task exited with return code 0
[2022-06-13 21:50:11,193] {local_task_job.py:264} INFO - 0 downstream tasks scheduled from follow-on schedule check
