[2022-06-13 22:21:59,069] {taskinstance.py:1043} INFO - Dependencies all met for <TaskInstance: my_first_dag.fetch_data_from_lastfm manual__2022-06-13T20:21:56.621296+00:00 [queued]>
[2022-06-13 22:21:59,083] {taskinstance.py:1043} INFO - Dependencies all met for <TaskInstance: my_first_dag.fetch_data_from_lastfm manual__2022-06-13T20:21:56.621296+00:00 [queued]>
[2022-06-13 22:21:59,084] {taskinstance.py:1249} INFO - 
--------------------------------------------------------------------------------
[2022-06-13 22:21:59,084] {taskinstance.py:1250} INFO - Starting attempt 1 of 2
[2022-06-13 22:21:59,084] {taskinstance.py:1251} INFO - 
--------------------------------------------------------------------------------
[2022-06-13 22:21:59,105] {taskinstance.py:1270} INFO - Executing <Task(PythonOperator): fetch_data_from_lastfm> on 2022-06-13 20:21:56.621296+00:00
[2022-06-13 22:21:59,107] {standard_task_runner.py:52} INFO - Started process 4447 to run task
[2022-06-13 22:21:59,110] {standard_task_runner.py:79} INFO - Running: ['airflow', 'tasks', 'run', 'my_first_dag', 'fetch_data_from_lastfm', 'manual__2022-06-13T20:21:56.621296+00:00', '--job-id', '41', '--raw', '--subdir', 'DAGS_FOLDER/my_first_dag.py', '--cfg-path', '/tmp/tmp8e45b_ht', '--error-file', '/tmp/tmpzslv6n9q']
[2022-06-13 22:21:59,111] {standard_task_runner.py:80} INFO - Job 41: Subtask fetch_data_from_lastfm
[2022-06-13 22:21:59,174] {logging_mixin.py:109} INFO - Running <TaskInstance: my_first_dag.fetch_data_from_lastfm manual__2022-06-13T20:21:56.621296+00:00 [running]> on host LAPTOP-M1F9EL62.localdomain
[2022-06-13 22:21:59,244] {taskinstance.py:1446} INFO - Exporting the following env vars:
AIRFLOW_CTX_DAG_EMAIL=airflow@example.com
AIRFLOW_CTX_DAG_OWNER=airflow
AIRFLOW_CTX_DAG_ID=my_first_dag
AIRFLOW_CTX_TASK_ID=fetch_data_from_lastfm
AIRFLOW_CTX_EXECUTION_DATE=2022-06-13T20:21:56.621296+00:00
AIRFLOW_CTX_DAG_RUN_ID=manual__2022-06-13T20:21:56.621296+00:00
[2022-06-13 22:21:59,913] {logging_mixin.py:109} INFO - Writing here:  /home/leizo/datalake/raw/lastfm/TopArtist/Rock/20220613/
[2022-06-13 22:22:00,604] {logging_mixin.py:109} INFO - Writing here:  /home/leizo/datalake/raw/lastfm/TopTracks/Rock/20220613/
[2022-06-13 22:22:01,212] {logging_mixin.py:109} INFO - Writing here:  /home/leizo/datalake/raw/lastfm/TopArtist/Indie/20220613/
[2022-06-13 22:22:01,990] {logging_mixin.py:109} INFO - Writing here:  /home/leizo/datalake/raw/lastfm/TopTracks/Indie/20220613/
[2022-06-13 22:22:02,742] {logging_mixin.py:109} INFO - Writing here:  /home/leizo/datalake/raw/lastfm/TopArtist/Indie rock/20220613/
[2022-06-13 22:22:03,714] {logging_mixin.py:109} INFO - Writing here:  /home/leizo/datalake/raw/lastfm/TopTracks/Indie rock/20220613/
[2022-06-13 22:22:04,324] {logging_mixin.py:109} INFO - Writing here:  /home/leizo/datalake/raw/lastfm/TopArtist/Alternative/20220613/
[2022-06-13 22:22:05,022] {logging_mixin.py:109} INFO - Writing here:  /home/leizo/datalake/raw/lastfm/TopTracks/Alternative/20220613/
[2022-06-13 22:22:05,711] {logging_mixin.py:109} INFO - Writing here:  /home/leizo/datalake/raw/lastfm/TopArtist/Pop/20220613/
[2022-06-13 22:22:06,465] {logging_mixin.py:109} INFO - Writing here:  /home/leizo/datalake/raw/lastfm/TopTracks/Pop/20220613/
[2022-06-13 22:22:06,467] {python.py:175} INFO - Done. Returned value was: None
[2022-06-13 22:22:06,476] {taskinstance.py:1278} INFO - Marking task as SUCCESS. dag_id=my_first_dag, task_id=fetch_data_from_lastfm, execution_date=20220613T202156, start_date=20220613T202159, end_date=20220613T202206
[2022-06-13 22:22:06,520] {local_task_job.py:154} INFO - Task exited with return code 0
[2022-06-13 22:22:06,556] {local_task_job.py:264} INFO - 1 downstream tasks scheduled from follow-on schedule check
