[2022-06-20 16:14:56,203] {taskinstance.py:1043} INFO - Dependencies all met for <TaskInstance: my_first_dag.produce_usage manual__2022-06-20T14:12:43.649664+00:00 [queued]>
[2022-06-20 16:14:56,211] {taskinstance.py:1043} INFO - Dependencies all met for <TaskInstance: my_first_dag.produce_usage manual__2022-06-20T14:12:43.649664+00:00 [queued]>
[2022-06-20 16:14:56,211] {taskinstance.py:1249} INFO - 
--------------------------------------------------------------------------------
[2022-06-20 16:14:56,211] {taskinstance.py:1250} INFO - Starting attempt 1 of 2
[2022-06-20 16:14:56,211] {taskinstance.py:1251} INFO - 
--------------------------------------------------------------------------------
[2022-06-20 16:14:56,225] {taskinstance.py:1270} INFO - Executing <Task(PythonOperator): produce_usage> on 2022-06-20 14:12:43.649664+00:00
[2022-06-20 16:14:56,227] {standard_task_runner.py:52} INFO - Started process 25316 to run task
[2022-06-20 16:14:56,232] {standard_task_runner.py:79} INFO - Running: ['airflow', 'tasks', 'run', 'my_first_dag', 'produce_usage', 'manual__2022-06-20T14:12:43.649664+00:00', '--job-id', '87', '--raw', '--subdir', 'DAGS_FOLDER/my_first_dag.py', '--cfg-path', '/tmp/tmpgk60pgjg', '--error-file', '/tmp/tmp79np3n3a']
[2022-06-20 16:14:56,233] {standard_task_runner.py:80} INFO - Job 87: Subtask produce_usage
[2022-06-20 16:14:56,284] {logging_mixin.py:109} INFO - Running <TaskInstance: my_first_dag.produce_usage manual__2022-06-20T14:12:43.649664+00:00 [running]> on host LAPTOP-M1F9EL62.localdomain
[2022-06-20 16:14:56,334] {taskinstance.py:1446} INFO - Exporting the following env vars:
AIRFLOW_CTX_DAG_EMAIL=airflow@example.com
AIRFLOW_CTX_DAG_OWNER=airflow
AIRFLOW_CTX_DAG_ID=my_first_dag
AIRFLOW_CTX_TASK_ID=produce_usage
AIRFLOW_CTX_EXECUTION_DATE=2022-06-20T14:12:43.649664+00:00
AIRFLOW_CTX_DAG_RUN_ID=manual__2022-06-20T14:12:43.649664+00:00
[2022-06-20 16:15:00,142] {logging_mixin.py:109} INFO - paquet already exists /bytracks/rock/20220620
[2022-06-20 16:15:00,760] {logging_mixin.py:109} INFO - paquet already exists /byartist/rock/20220620
[2022-06-20 16:15:01,255] {logging_mixin.py:109} INFO - paquet already exists /bytracks/indie/20220620
[2022-06-20 16:15:01,576] {logging_mixin.py:109} INFO - paquet already exists /byartist/indie/20220620
[2022-06-20 16:15:01,815] {logging_mixin.py:109} INFO - paquet already exists /bytracks/alternative/20220620
[2022-06-20 16:15:02,005] {logging_mixin.py:109} INFO - paquet already exists /byartist/alternative/20220620
[2022-06-20 16:15:02,219] {logging_mixin.py:109} INFO - paquet already exists /bytracks/pop/20220620
[2022-06-20 16:15:02,377] {logging_mixin.py:109} INFO - paquet already exists /byartist/pop/20220620
[2022-06-20 16:15:02,378] {python.py:175} INFO - Done. Returned value was: None
[2022-06-20 16:15:02,384] {taskinstance.py:1278} INFO - Marking task as SUCCESS. dag_id=my_first_dag, task_id=produce_usage, execution_date=20220620T141243, start_date=20220620T141456, end_date=20220620T141502
[2022-06-20 16:15:02,400] {local_task_job.py:154} INFO - Task exited with return code 0
[2022-06-20 16:15:02,419] {local_task_job.py:264} INFO - 1 downstream tasks scheduled from follow-on schedule check
