[2022-06-14 09:30:51,066] {taskinstance.py:1043} INFO - Dependencies all met for <TaskInstance: my_first_dag.format_data_from_lastfm manual__2022-06-14T07:29:56.541745+00:00 [queued]>
[2022-06-14 09:30:51,081] {taskinstance.py:1043} INFO - Dependencies all met for <TaskInstance: my_first_dag.format_data_from_lastfm manual__2022-06-14T07:29:56.541745+00:00 [queued]>
[2022-06-14 09:30:51,082] {taskinstance.py:1249} INFO - 
--------------------------------------------------------------------------------
[2022-06-14 09:30:51,082] {taskinstance.py:1250} INFO - Starting attempt 1 of 2
[2022-06-14 09:30:51,082] {taskinstance.py:1251} INFO - 
--------------------------------------------------------------------------------
[2022-06-14 09:30:51,101] {taskinstance.py:1270} INFO - Executing <Task(PythonOperator): format_data_from_lastfm> on 2022-06-14 07:29:56.541745+00:00
[2022-06-14 09:30:51,103] {standard_task_runner.py:52} INFO - Started process 9095 to run task
[2022-06-14 09:30:51,108] {standard_task_runner.py:79} INFO - Running: ['airflow', 'tasks', 'run', 'my_first_dag', 'format_data_from_lastfm', 'manual__2022-06-14T07:29:56.541745+00:00', '--job-id', '63', '--raw', '--subdir', 'DAGS_FOLDER/my_first_dag.py', '--cfg-path', '/tmp/tmpuvc5u9et', '--error-file', '/tmp/tmpmwqobi0v']
[2022-06-14 09:30:51,108] {standard_task_runner.py:80} INFO - Job 63: Subtask format_data_from_lastfm
[2022-06-14 09:30:51,164] {logging_mixin.py:109} INFO - Running <TaskInstance: my_first_dag.format_data_from_lastfm manual__2022-06-14T07:29:56.541745+00:00 [running]> on host LAPTOP-M1F9EL62.localdomain
[2022-06-14 09:30:51,227] {taskinstance.py:1446} INFO - Exporting the following env vars:
AIRFLOW_CTX_DAG_EMAIL=airflow@example.com
AIRFLOW_CTX_DAG_OWNER=airflow
AIRFLOW_CTX_DAG_ID=my_first_dag
AIRFLOW_CTX_TASK_ID=format_data_from_lastfm
AIRFLOW_CTX_EXECUTION_DATE=2022-06-14T07:29:56.541745+00:00
AIRFLOW_CTX_DAG_RUN_ID=manual__2022-06-14T07:29:56.541745+00:00
[2022-06-14 09:30:57,660] {logging_mixin.py:109} INFO - paquet already exists topArtist rock 20220614
[2022-06-14 09:30:58,105] {logging_mixin.py:109} INFO - paquet already exists topArtist indie 20220614
[2022-06-14 09:30:58,480] {logging_mixin.py:109} INFO - paquet already exists topArtist indie rock 20220614
[2022-06-14 09:30:58,813] {logging_mixin.py:109} INFO - paquet already exists topArtist alternative 20220614
[2022-06-14 09:30:59,169] {logging_mixin.py:109} INFO - paquet already exists topArtist pop 20220614
[2022-06-14 09:30:59,488] {logging_mixin.py:109} INFO - paquet already exists topTracks rock 20220614
[2022-06-14 09:30:59,759] {logging_mixin.py:109} INFO - paquet already exists topTracks indie 20220614
[2022-06-14 09:31:00,035] {logging_mixin.py:109} INFO - paquet already exists topTracks indie rock 20220614
[2022-06-14 09:31:00,341] {logging_mixin.py:109} INFO - paquet already exists topTracks alternative 20220614
[2022-06-14 09:31:00,599] {logging_mixin.py:109} INFO - paquet already exists topTracks pop 20220614
[2022-06-14 09:31:00,599] {python.py:175} INFO - Done. Returned value was: None
[2022-06-14 09:31:00,607] {taskinstance.py:1278} INFO - Marking task as SUCCESS. dag_id=my_first_dag, task_id=format_data_from_lastfm, execution_date=20220614T072956, start_date=20220614T073051, end_date=20220614T073100
[2022-06-14 09:31:00,623] {local_task_job.py:154} INFO - Task exited with return code 0
[2022-06-14 09:31:00,643] {local_task_job.py:264} INFO - 0 downstream tasks scheduled from follow-on schedule check
