[2022-06-20 11:07:23,993] {processor.py:163} INFO - Started process (PID=6179) to work on /home/leizo/.local/lib/python3.8/site-packages/airflow/example_dags/plugins/workday.py
[2022-06-20 11:07:23,994] {processor.py:642} INFO - Processing file /home/leizo/.local/lib/python3.8/site-packages/airflow/example_dags/plugins/workday.py for tasks to queue
[2022-06-20 11:07:23,995] {logging_mixin.py:109} INFO - [2022-06-20 11:07:23,995] {dagbag.py:500} INFO - Filling up the DagBag from /home/leizo/.local/lib/python3.8/site-packages/airflow/example_dags/plugins/workday.py
[2022-06-20 11:07:23,997] {processor.py:654} WARNING - No viable dags retrieved from /home/leizo/.local/lib/python3.8/site-packages/airflow/example_dags/plugins/workday.py
[2022-06-20 11:07:24,005] {processor.py:171} INFO - Processing /home/leizo/.local/lib/python3.8/site-packages/airflow/example_dags/plugins/workday.py took 0.015 seconds
[2022-06-20 11:09:32,127] {processor.py:163} INFO - Started process (PID=7477) to work on /home/leizo/.local/lib/python3.8/site-packages/airflow/example_dags/plugins/workday.py
[2022-06-20 11:09:32,129] {processor.py:642} INFO - Processing file /home/leizo/.local/lib/python3.8/site-packages/airflow/example_dags/plugins/workday.py for tasks to queue
[2022-06-20 11:09:32,130] {logging_mixin.py:109} INFO - [2022-06-20 11:09:32,130] {dagbag.py:500} INFO - Filling up the DagBag from /home/leizo/.local/lib/python3.8/site-packages/airflow/example_dags/plugins/workday.py
[2022-06-20 11:09:32,133] {processor.py:654} WARNING - No viable dags retrieved from /home/leizo/.local/lib/python3.8/site-packages/airflow/example_dags/plugins/workday.py
[2022-06-20 11:09:32,144] {processor.py:171} INFO - Processing /home/leizo/.local/lib/python3.8/site-packages/airflow/example_dags/plugins/workday.py took 0.020 seconds
[2022-06-20 11:12:00,848] {processor.py:163} INFO - Started process (PID=9027) to work on /home/leizo/.local/lib/python3.8/site-packages/airflow/example_dags/plugins/workday.py
[2022-06-20 11:12:00,851] {processor.py:642} INFO - Processing file /home/leizo/.local/lib/python3.8/site-packages/airflow/example_dags/plugins/workday.py for tasks to queue
[2022-06-20 11:12:00,852] {logging_mixin.py:109} INFO - [2022-06-20 11:12:00,852] {dagbag.py:500} INFO - Filling up the DagBag from /home/leizo/.local/lib/python3.8/site-packages/airflow/example_dags/plugins/workday.py
[2022-06-20 11:12:00,854] {processor.py:654} WARNING - No viable dags retrieved from /home/leizo/.local/lib/python3.8/site-packages/airflow/example_dags/plugins/workday.py
[2022-06-20 11:12:00,864] {processor.py:171} INFO - Processing /home/leizo/.local/lib/python3.8/site-packages/airflow/example_dags/plugins/workday.py took 0.018 seconds
[2022-06-20 11:14:06,723] {processor.py:163} INFO - Started process (PID=10381) to work on /home/leizo/.local/lib/python3.8/site-packages/airflow/example_dags/plugins/workday.py
[2022-06-20 11:14:06,725] {processor.py:642} INFO - Processing file /home/leizo/.local/lib/python3.8/site-packages/airflow/example_dags/plugins/workday.py for tasks to queue
[2022-06-20 11:14:06,726] {logging_mixin.py:109} INFO - [2022-06-20 11:14:06,726] {dagbag.py:500} INFO - Filling up the DagBag from /home/leizo/.local/lib/python3.8/site-packages/airflow/example_dags/plugins/workday.py
[2022-06-20 11:14:06,729] {processor.py:654} WARNING - No viable dags retrieved from /home/leizo/.local/lib/python3.8/site-packages/airflow/example_dags/plugins/workday.py
[2022-06-20 11:14:06,738] {processor.py:171} INFO - Processing /home/leizo/.local/lib/python3.8/site-packages/airflow/example_dags/plugins/workday.py took 0.018 seconds
[2022-06-20 11:16:20,210] {processor.py:163} INFO - Started process (PID=11673) to work on /home/leizo/.local/lib/python3.8/site-packages/airflow/example_dags/plugins/workday.py
[2022-06-20 11:16:20,213] {processor.py:642} INFO - Processing file /home/leizo/.local/lib/python3.8/site-packages/airflow/example_dags/plugins/workday.py for tasks to queue
[2022-06-20 11:16:20,214] {logging_mixin.py:109} INFO - [2022-06-20 11:16:20,214] {dagbag.py:500} INFO - Filling up the DagBag from /home/leizo/.local/lib/python3.8/site-packages/airflow/example_dags/plugins/workday.py
[2022-06-20 11:16:20,217] {processor.py:654} WARNING - No viable dags retrieved from /home/leizo/.local/lib/python3.8/site-packages/airflow/example_dags/plugins/workday.py
[2022-06-20 11:16:20,230] {processor.py:171} INFO - Processing /home/leizo/.local/lib/python3.8/site-packages/airflow/example_dags/plugins/workday.py took 0.026 seconds
[2022-06-20 11:18:50,929] {processor.py:163} INFO - Started process (PID=13089) to work on /home/leizo/.local/lib/python3.8/site-packages/airflow/example_dags/plugins/workday.py
[2022-06-20 11:18:50,931] {processor.py:642} INFO - Processing file /home/leizo/.local/lib/python3.8/site-packages/airflow/example_dags/plugins/workday.py for tasks to queue
[2022-06-20 11:18:50,932] {logging_mixin.py:109} INFO - [2022-06-20 11:18:50,932] {dagbag.py:500} INFO - Filling up the DagBag from /home/leizo/.local/lib/python3.8/site-packages/airflow/example_dags/plugins/workday.py
[2022-06-20 11:18:50,935] {processor.py:654} WARNING - No viable dags retrieved from /home/leizo/.local/lib/python3.8/site-packages/airflow/example_dags/plugins/workday.py
[2022-06-20 11:18:50,945] {processor.py:171} INFO - Processing /home/leizo/.local/lib/python3.8/site-packages/airflow/example_dags/plugins/workday.py took 0.019 seconds
[2022-06-20 11:21:10,352] {processor.py:163} INFO - Started process (PID=14434) to work on /home/leizo/.local/lib/python3.8/site-packages/airflow/example_dags/plugins/workday.py
[2022-06-20 11:21:10,354] {processor.py:642} INFO - Processing file /home/leizo/.local/lib/python3.8/site-packages/airflow/example_dags/plugins/workday.py for tasks to queue
[2022-06-20 11:21:10,355] {logging_mixin.py:109} INFO - [2022-06-20 11:21:10,355] {dagbag.py:500} INFO - Filling up the DagBag from /home/leizo/.local/lib/python3.8/site-packages/airflow/example_dags/plugins/workday.py
[2022-06-20 11:21:10,358] {processor.py:654} WARNING - No viable dags retrieved from /home/leizo/.local/lib/python3.8/site-packages/airflow/example_dags/plugins/workday.py
[2022-06-20 11:21:10,368] {processor.py:171} INFO - Processing /home/leizo/.local/lib/python3.8/site-packages/airflow/example_dags/plugins/workday.py took 0.019 seconds
[2022-06-20 11:23:23,714] {processor.py:163} INFO - Started process (PID=15745) to work on /home/leizo/.local/lib/python3.8/site-packages/airflow/example_dags/plugins/workday.py
[2022-06-20 11:23:23,717] {processor.py:642} INFO - Processing file /home/leizo/.local/lib/python3.8/site-packages/airflow/example_dags/plugins/workday.py for tasks to queue
[2022-06-20 11:23:23,718] {logging_mixin.py:109} INFO - [2022-06-20 11:23:23,718] {dagbag.py:500} INFO - Filling up the DagBag from /home/leizo/.local/lib/python3.8/site-packages/airflow/example_dags/plugins/workday.py
[2022-06-20 11:23:23,720] {processor.py:654} WARNING - No viable dags retrieved from /home/leizo/.local/lib/python3.8/site-packages/airflow/example_dags/plugins/workday.py
[2022-06-20 11:23:23,729] {processor.py:171} INFO - Processing /home/leizo/.local/lib/python3.8/site-packages/airflow/example_dags/plugins/workday.py took 0.018 seconds
[2022-06-20 11:25:49,764] {processor.py:163} INFO - Started process (PID=17062) to work on /home/leizo/.local/lib/python3.8/site-packages/airflow/example_dags/plugins/workday.py
[2022-06-20 11:25:49,766] {processor.py:642} INFO - Processing file /home/leizo/.local/lib/python3.8/site-packages/airflow/example_dags/plugins/workday.py for tasks to queue
[2022-06-20 11:25:49,767] {logging_mixin.py:109} INFO - [2022-06-20 11:25:49,767] {dagbag.py:500} INFO - Filling up the DagBag from /home/leizo/.local/lib/python3.8/site-packages/airflow/example_dags/plugins/workday.py
[2022-06-20 11:25:49,769] {processor.py:654} WARNING - No viable dags retrieved from /home/leizo/.local/lib/python3.8/site-packages/airflow/example_dags/plugins/workday.py
[2022-06-20 11:25:49,777] {processor.py:171} INFO - Processing /home/leizo/.local/lib/python3.8/site-packages/airflow/example_dags/plugins/workday.py took 0.015 seconds
[2022-06-20 11:28:18,248] {processor.py:163} INFO - Started process (PID=18361) to work on /home/leizo/.local/lib/python3.8/site-packages/airflow/example_dags/plugins/workday.py
[2022-06-20 11:28:18,251] {processor.py:642} INFO - Processing file /home/leizo/.local/lib/python3.8/site-packages/airflow/example_dags/plugins/workday.py for tasks to queue
[2022-06-20 11:28:18,251] {logging_mixin.py:109} INFO - [2022-06-20 11:28:18,251] {dagbag.py:500} INFO - Filling up the DagBag from /home/leizo/.local/lib/python3.8/site-packages/airflow/example_dags/plugins/workday.py
[2022-06-20 11:28:18,253] {processor.py:654} WARNING - No viable dags retrieved from /home/leizo/.local/lib/python3.8/site-packages/airflow/example_dags/plugins/workday.py
[2022-06-20 11:28:18,262] {processor.py:171} INFO - Processing /home/leizo/.local/lib/python3.8/site-packages/airflow/example_dags/plugins/workday.py took 0.018 seconds
[2022-06-20 11:30:31,560] {processor.py:163} INFO - Started process (PID=19652) to work on /home/leizo/.local/lib/python3.8/site-packages/airflow/example_dags/plugins/workday.py
[2022-06-20 11:30:31,562] {processor.py:642} INFO - Processing file /home/leizo/.local/lib/python3.8/site-packages/airflow/example_dags/plugins/workday.py for tasks to queue
[2022-06-20 11:30:31,563] {logging_mixin.py:109} INFO - [2022-06-20 11:30:31,563] {dagbag.py:500} INFO - Filling up the DagBag from /home/leizo/.local/lib/python3.8/site-packages/airflow/example_dags/plugins/workday.py
[2022-06-20 11:30:31,565] {processor.py:654} WARNING - No viable dags retrieved from /home/leizo/.local/lib/python3.8/site-packages/airflow/example_dags/plugins/workday.py
[2022-06-20 11:30:31,576] {processor.py:171} INFO - Processing /home/leizo/.local/lib/python3.8/site-packages/airflow/example_dags/plugins/workday.py took 0.020 seconds
[2022-06-20 11:32:37,167] {processor.py:163} INFO - Started process (PID=21023) to work on /home/leizo/.local/lib/python3.8/site-packages/airflow/example_dags/plugins/workday.py
[2022-06-20 11:32:37,169] {processor.py:642} INFO - Processing file /home/leizo/.local/lib/python3.8/site-packages/airflow/example_dags/plugins/workday.py for tasks to queue
[2022-06-20 11:32:37,170] {logging_mixin.py:109} INFO - [2022-06-20 11:32:37,170] {dagbag.py:500} INFO - Filling up the DagBag from /home/leizo/.local/lib/python3.8/site-packages/airflow/example_dags/plugins/workday.py
[2022-06-20 11:32:37,172] {processor.py:654} WARNING - No viable dags retrieved from /home/leizo/.local/lib/python3.8/site-packages/airflow/example_dags/plugins/workday.py
[2022-06-20 11:32:37,181] {processor.py:171} INFO - Processing /home/leizo/.local/lib/python3.8/site-packages/airflow/example_dags/plugins/workday.py took 0.018 seconds
[2022-06-20 11:34:09,916] {processor.py:163} INFO - Started process (PID=21983) to work on /home/leizo/.local/lib/python3.8/site-packages/airflow/example_dags/plugins/workday.py
[2022-06-20 11:34:09,919] {processor.py:642} INFO - Processing file /home/leizo/.local/lib/python3.8/site-packages/airflow/example_dags/plugins/workday.py for tasks to queue
[2022-06-20 11:34:09,920] {logging_mixin.py:109} INFO - [2022-06-20 11:34:09,920] {dagbag.py:500} INFO - Filling up the DagBag from /home/leizo/.local/lib/python3.8/site-packages/airflow/example_dags/plugins/workday.py
[2022-06-20 11:34:09,923] {processor.py:654} WARNING - No viable dags retrieved from /home/leizo/.local/lib/python3.8/site-packages/airflow/example_dags/plugins/workday.py
[2022-06-20 11:34:09,937] {processor.py:171} INFO - Processing /home/leizo/.local/lib/python3.8/site-packages/airflow/example_dags/plugins/workday.py took 0.025 seconds
[2022-06-20 11:35:49,754] {processor.py:163} INFO - Started process (PID=22922) to work on /home/leizo/.local/lib/python3.8/site-packages/airflow/example_dags/plugins/workday.py
[2022-06-20 11:35:49,757] {processor.py:642} INFO - Processing file /home/leizo/.local/lib/python3.8/site-packages/airflow/example_dags/plugins/workday.py for tasks to queue
[2022-06-20 11:35:49,759] {logging_mixin.py:109} INFO - [2022-06-20 11:35:49,759] {dagbag.py:500} INFO - Filling up the DagBag from /home/leizo/.local/lib/python3.8/site-packages/airflow/example_dags/plugins/workday.py
[2022-06-20 11:35:49,772] {processor.py:654} WARNING - No viable dags retrieved from /home/leizo/.local/lib/python3.8/site-packages/airflow/example_dags/plugins/workday.py
[2022-06-20 11:35:49,792] {processor.py:171} INFO - Processing /home/leizo/.local/lib/python3.8/site-packages/airflow/example_dags/plugins/workday.py took 0.044 seconds
[2022-06-20 11:37:34,670] {processor.py:163} INFO - Started process (PID=23963) to work on /home/leizo/.local/lib/python3.8/site-packages/airflow/example_dags/plugins/workday.py
[2022-06-20 11:37:34,672] {processor.py:642} INFO - Processing file /home/leizo/.local/lib/python3.8/site-packages/airflow/example_dags/plugins/workday.py for tasks to queue
[2022-06-20 11:37:34,673] {logging_mixin.py:109} INFO - [2022-06-20 11:37:34,673] {dagbag.py:500} INFO - Filling up the DagBag from /home/leizo/.local/lib/python3.8/site-packages/airflow/example_dags/plugins/workday.py
[2022-06-20 11:37:34,675] {processor.py:654} WARNING - No viable dags retrieved from /home/leizo/.local/lib/python3.8/site-packages/airflow/example_dags/plugins/workday.py
[2022-06-20 11:37:34,685] {processor.py:171} INFO - Processing /home/leizo/.local/lib/python3.8/site-packages/airflow/example_dags/plugins/workday.py took 0.018 seconds
[2022-06-20 11:39:06,195] {processor.py:163} INFO - Started process (PID=24880) to work on /home/leizo/.local/lib/python3.8/site-packages/airflow/example_dags/plugins/workday.py
[2022-06-20 11:39:06,197] {processor.py:642} INFO - Processing file /home/leizo/.local/lib/python3.8/site-packages/airflow/example_dags/plugins/workday.py for tasks to queue
[2022-06-20 11:39:06,197] {logging_mixin.py:109} INFO - [2022-06-20 11:39:06,197] {dagbag.py:500} INFO - Filling up the DagBag from /home/leizo/.local/lib/python3.8/site-packages/airflow/example_dags/plugins/workday.py
[2022-06-20 11:39:06,199] {processor.py:654} WARNING - No viable dags retrieved from /home/leizo/.local/lib/python3.8/site-packages/airflow/example_dags/plugins/workday.py
[2022-06-20 11:39:06,207] {processor.py:171} INFO - Processing /home/leizo/.local/lib/python3.8/site-packages/airflow/example_dags/plugins/workday.py took 0.015 seconds
[2022-06-20 11:40:49,649] {processor.py:163} INFO - Started process (PID=25918) to work on /home/leizo/.local/lib/python3.8/site-packages/airflow/example_dags/plugins/workday.py
[2022-06-20 11:40:49,652] {processor.py:642} INFO - Processing file /home/leizo/.local/lib/python3.8/site-packages/airflow/example_dags/plugins/workday.py for tasks to queue
[2022-06-20 11:40:49,652] {logging_mixin.py:109} INFO - [2022-06-20 11:40:49,652] {dagbag.py:500} INFO - Filling up the DagBag from /home/leizo/.local/lib/python3.8/site-packages/airflow/example_dags/plugins/workday.py
[2022-06-20 11:40:49,654] {processor.py:654} WARNING - No viable dags retrieved from /home/leizo/.local/lib/python3.8/site-packages/airflow/example_dags/plugins/workday.py
[2022-06-20 11:40:49,666] {processor.py:171} INFO - Processing /home/leizo/.local/lib/python3.8/site-packages/airflow/example_dags/plugins/workday.py took 0.019 seconds
[2022-06-20 11:42:16,329] {processor.py:163} INFO - Started process (PID=26680) to work on /home/leizo/.local/lib/python3.8/site-packages/airflow/example_dags/plugins/workday.py
[2022-06-20 11:42:16,333] {processor.py:642} INFO - Processing file /home/leizo/.local/lib/python3.8/site-packages/airflow/example_dags/plugins/workday.py for tasks to queue
[2022-06-20 11:42:16,336] {logging_mixin.py:109} INFO - [2022-06-20 11:42:16,335] {dagbag.py:500} INFO - Filling up the DagBag from /home/leizo/.local/lib/python3.8/site-packages/airflow/example_dags/plugins/workday.py
[2022-06-20 11:42:16,350] {processor.py:654} WARNING - No viable dags retrieved from /home/leizo/.local/lib/python3.8/site-packages/airflow/example_dags/plugins/workday.py
[2022-06-20 11:42:16,391] {processor.py:171} INFO - Processing /home/leizo/.local/lib/python3.8/site-packages/airflow/example_dags/plugins/workday.py took 0.069 seconds
[2022-06-20 11:44:04,581] {processor.py:163} INFO - Started process (PID=27629) to work on /home/leizo/.local/lib/python3.8/site-packages/airflow/example_dags/plugins/workday.py
[2022-06-20 11:44:04,584] {processor.py:642} INFO - Processing file /home/leizo/.local/lib/python3.8/site-packages/airflow/example_dags/plugins/workday.py for tasks to queue
[2022-06-20 11:44:04,585] {logging_mixin.py:109} INFO - [2022-06-20 11:44:04,585] {dagbag.py:500} INFO - Filling up the DagBag from /home/leizo/.local/lib/python3.8/site-packages/airflow/example_dags/plugins/workday.py
[2022-06-20 11:44:04,588] {processor.py:654} WARNING - No viable dags retrieved from /home/leizo/.local/lib/python3.8/site-packages/airflow/example_dags/plugins/workday.py
[2022-06-20 11:44:04,595] {processor.py:171} INFO - Processing /home/leizo/.local/lib/python3.8/site-packages/airflow/example_dags/plugins/workday.py took 0.017 seconds
[2022-06-20 11:45:46,405] {processor.py:163} INFO - Started process (PID=28567) to work on /home/leizo/.local/lib/python3.8/site-packages/airflow/example_dags/plugins/workday.py
[2022-06-20 11:45:46,408] {processor.py:642} INFO - Processing file /home/leizo/.local/lib/python3.8/site-packages/airflow/example_dags/plugins/workday.py for tasks to queue
[2022-06-20 11:45:46,408] {logging_mixin.py:109} INFO - [2022-06-20 11:45:46,408] {dagbag.py:500} INFO - Filling up the DagBag from /home/leizo/.local/lib/python3.8/site-packages/airflow/example_dags/plugins/workday.py
[2022-06-20 11:45:46,410] {processor.py:654} WARNING - No viable dags retrieved from /home/leizo/.local/lib/python3.8/site-packages/airflow/example_dags/plugins/workday.py
[2022-06-20 11:45:46,417] {processor.py:171} INFO - Processing /home/leizo/.local/lib/python3.8/site-packages/airflow/example_dags/plugins/workday.py took 0.014 seconds
[2022-06-20 11:47:21,309] {processor.py:163} INFO - Started process (PID=29606) to work on /home/leizo/.local/lib/python3.8/site-packages/airflow/example_dags/plugins/workday.py
[2022-06-20 11:47:21,312] {processor.py:642} INFO - Processing file /home/leizo/.local/lib/python3.8/site-packages/airflow/example_dags/plugins/workday.py for tasks to queue
[2022-06-20 11:47:21,313] {logging_mixin.py:109} INFO - [2022-06-20 11:47:21,313] {dagbag.py:500} INFO - Filling up the DagBag from /home/leizo/.local/lib/python3.8/site-packages/airflow/example_dags/plugins/workday.py
[2022-06-20 11:47:21,314] {processor.py:654} WARNING - No viable dags retrieved from /home/leizo/.local/lib/python3.8/site-packages/airflow/example_dags/plugins/workday.py
[2022-06-20 11:47:21,321] {processor.py:171} INFO - Processing /home/leizo/.local/lib/python3.8/site-packages/airflow/example_dags/plugins/workday.py took 0.016 seconds
[2022-06-20 11:49:01,874] {processor.py:163} INFO - Started process (PID=30607) to work on /home/leizo/.local/lib/python3.8/site-packages/airflow/example_dags/plugins/workday.py
[2022-06-20 11:49:01,877] {processor.py:642} INFO - Processing file /home/leizo/.local/lib/python3.8/site-packages/airflow/example_dags/plugins/workday.py for tasks to queue
[2022-06-20 11:49:01,878] {logging_mixin.py:109} INFO - [2022-06-20 11:49:01,878] {dagbag.py:500} INFO - Filling up the DagBag from /home/leizo/.local/lib/python3.8/site-packages/airflow/example_dags/plugins/workday.py
[2022-06-20 11:49:01,882] {processor.py:654} WARNING - No viable dags retrieved from /home/leizo/.local/lib/python3.8/site-packages/airflow/example_dags/plugins/workday.py
[2022-06-20 11:49:01,893] {processor.py:171} INFO - Processing /home/leizo/.local/lib/python3.8/site-packages/airflow/example_dags/plugins/workday.py took 0.025 seconds
[2022-06-20 11:50:44,898] {processor.py:163} INFO - Started process (PID=31581) to work on /home/leizo/.local/lib/python3.8/site-packages/airflow/example_dags/plugins/workday.py
[2022-06-20 11:50:44,900] {processor.py:642} INFO - Processing file /home/leizo/.local/lib/python3.8/site-packages/airflow/example_dags/plugins/workday.py for tasks to queue
[2022-06-20 11:50:44,902] {logging_mixin.py:109} INFO - [2022-06-20 11:50:44,901] {dagbag.py:500} INFO - Filling up the DagBag from /home/leizo/.local/lib/python3.8/site-packages/airflow/example_dags/plugins/workday.py
[2022-06-20 11:50:44,904] {processor.py:654} WARNING - No viable dags retrieved from /home/leizo/.local/lib/python3.8/site-packages/airflow/example_dags/plugins/workday.py
[2022-06-20 11:50:44,914] {processor.py:171} INFO - Processing /home/leizo/.local/lib/python3.8/site-packages/airflow/example_dags/plugins/workday.py took 0.019 seconds
[2022-06-20 11:52:47,022] {processor.py:163} INFO - Started process (PID=358) to work on /home/leizo/.local/lib/python3.8/site-packages/airflow/example_dags/plugins/workday.py
[2022-06-20 11:52:47,024] {processor.py:642} INFO - Processing file /home/leizo/.local/lib/python3.8/site-packages/airflow/example_dags/plugins/workday.py for tasks to queue
[2022-06-20 11:52:47,025] {logging_mixin.py:109} INFO - [2022-06-20 11:52:47,025] {dagbag.py:500} INFO - Filling up the DagBag from /home/leizo/.local/lib/python3.8/site-packages/airflow/example_dags/plugins/workday.py
[2022-06-20 11:52:47,027] {processor.py:654} WARNING - No viable dags retrieved from /home/leizo/.local/lib/python3.8/site-packages/airflow/example_dags/plugins/workday.py
[2022-06-20 11:52:47,035] {processor.py:171} INFO - Processing /home/leizo/.local/lib/python3.8/site-packages/airflow/example_dags/plugins/workday.py took 0.016 seconds
[2022-06-20 11:54:29,334] {processor.py:163} INFO - Started process (PID=1276) to work on /home/leizo/.local/lib/python3.8/site-packages/airflow/example_dags/plugins/workday.py
[2022-06-20 11:54:29,337] {processor.py:642} INFO - Processing file /home/leizo/.local/lib/python3.8/site-packages/airflow/example_dags/plugins/workday.py for tasks to queue
[2022-06-20 11:54:29,338] {logging_mixin.py:109} INFO - [2022-06-20 11:54:29,338] {dagbag.py:500} INFO - Filling up the DagBag from /home/leizo/.local/lib/python3.8/site-packages/airflow/example_dags/plugins/workday.py
[2022-06-20 11:54:29,341] {processor.py:654} WARNING - No viable dags retrieved from /home/leizo/.local/lib/python3.8/site-packages/airflow/example_dags/plugins/workday.py
[2022-06-20 11:54:29,352] {processor.py:171} INFO - Processing /home/leizo/.local/lib/python3.8/site-packages/airflow/example_dags/plugins/workday.py took 0.021 seconds
[2022-06-20 11:56:10,436] {processor.py:163} INFO - Started process (PID=2215) to work on /home/leizo/.local/lib/python3.8/site-packages/airflow/example_dags/plugins/workday.py
[2022-06-20 11:56:10,438] {processor.py:642} INFO - Processing file /home/leizo/.local/lib/python3.8/site-packages/airflow/example_dags/plugins/workday.py for tasks to queue
[2022-06-20 11:56:10,439] {logging_mixin.py:109} INFO - [2022-06-20 11:56:10,439] {dagbag.py:500} INFO - Filling up the DagBag from /home/leizo/.local/lib/python3.8/site-packages/airflow/example_dags/plugins/workday.py
[2022-06-20 11:56:10,440] {processor.py:654} WARNING - No viable dags retrieved from /home/leizo/.local/lib/python3.8/site-packages/airflow/example_dags/plugins/workday.py
[2022-06-20 11:56:10,450] {processor.py:171} INFO - Processing /home/leizo/.local/lib/python3.8/site-packages/airflow/example_dags/plugins/workday.py took 0.017 seconds
[2022-06-20 11:57:44,969] {processor.py:163} INFO - Started process (PID=2988) to work on /home/leizo/.local/lib/python3.8/site-packages/airflow/example_dags/plugins/workday.py
[2022-06-20 11:57:44,972] {processor.py:642} INFO - Processing file /home/leizo/.local/lib/python3.8/site-packages/airflow/example_dags/plugins/workday.py for tasks to queue
[2022-06-20 11:57:44,973] {logging_mixin.py:109} INFO - [2022-06-20 11:57:44,973] {dagbag.py:500} INFO - Filling up the DagBag from /home/leizo/.local/lib/python3.8/site-packages/airflow/example_dags/plugins/workday.py
[2022-06-20 11:57:44,975] {processor.py:654} WARNING - No viable dags retrieved from /home/leizo/.local/lib/python3.8/site-packages/airflow/example_dags/plugins/workday.py
[2022-06-20 11:57:44,982] {processor.py:171} INFO - Processing /home/leizo/.local/lib/python3.8/site-packages/airflow/example_dags/plugins/workday.py took 0.016 seconds
[2022-06-20 11:59:39,965] {processor.py:163} INFO - Started process (PID=3910) to work on /home/leizo/.local/lib/python3.8/site-packages/airflow/example_dags/plugins/workday.py
[2022-06-20 11:59:39,967] {processor.py:642} INFO - Processing file /home/leizo/.local/lib/python3.8/site-packages/airflow/example_dags/plugins/workday.py for tasks to queue
[2022-06-20 11:59:39,968] {logging_mixin.py:109} INFO - [2022-06-20 11:59:39,968] {dagbag.py:500} INFO - Filling up the DagBag from /home/leizo/.local/lib/python3.8/site-packages/airflow/example_dags/plugins/workday.py
[2022-06-20 11:59:39,970] {processor.py:654} WARNING - No viable dags retrieved from /home/leizo/.local/lib/python3.8/site-packages/airflow/example_dags/plugins/workday.py
[2022-06-20 11:59:39,980] {processor.py:171} INFO - Processing /home/leizo/.local/lib/python3.8/site-packages/airflow/example_dags/plugins/workday.py took 0.018 seconds
[2022-06-20 12:01:59,694] {processor.py:163} INFO - Started process (PID=5507) to work on /home/leizo/.local/lib/python3.8/site-packages/airflow/example_dags/plugins/workday.py
[2022-06-20 12:01:59,696] {processor.py:642} INFO - Processing file /home/leizo/.local/lib/python3.8/site-packages/airflow/example_dags/plugins/workday.py for tasks to queue
[2022-06-20 12:01:59,697] {logging_mixin.py:109} INFO - [2022-06-20 12:01:59,697] {dagbag.py:500} INFO - Filling up the DagBag from /home/leizo/.local/lib/python3.8/site-packages/airflow/example_dags/plugins/workday.py
[2022-06-20 12:01:59,699] {processor.py:654} WARNING - No viable dags retrieved from /home/leizo/.local/lib/python3.8/site-packages/airflow/example_dags/plugins/workday.py
[2022-06-20 12:01:59,711] {processor.py:171} INFO - Processing /home/leizo/.local/lib/python3.8/site-packages/airflow/example_dags/plugins/workday.py took 0.020 seconds
[2022-06-20 12:05:22,080] {processor.py:163} INFO - Started process (PID=7160) to work on /home/leizo/.local/lib/python3.8/site-packages/airflow/example_dags/plugins/workday.py
[2022-06-20 12:05:22,082] {processor.py:642} INFO - Processing file /home/leizo/.local/lib/python3.8/site-packages/airflow/example_dags/plugins/workday.py for tasks to queue
[2022-06-20 12:05:22,082] {logging_mixin.py:109} INFO - [2022-06-20 12:05:22,082] {dagbag.py:500} INFO - Filling up the DagBag from /home/leizo/.local/lib/python3.8/site-packages/airflow/example_dags/plugins/workday.py
[2022-06-20 12:05:22,084] {processor.py:654} WARNING - No viable dags retrieved from /home/leizo/.local/lib/python3.8/site-packages/airflow/example_dags/plugins/workday.py
[2022-06-20 12:05:22,090] {processor.py:171} INFO - Processing /home/leizo/.local/lib/python3.8/site-packages/airflow/example_dags/plugins/workday.py took 0.012 seconds
[2022-06-20 12:08:52,112] {processor.py:163} INFO - Started process (PID=8797) to work on /home/leizo/.local/lib/python3.8/site-packages/airflow/example_dags/plugins/workday.py
[2022-06-20 12:08:52,114] {processor.py:642} INFO - Processing file /home/leizo/.local/lib/python3.8/site-packages/airflow/example_dags/plugins/workday.py for tasks to queue
[2022-06-20 12:08:52,114] {logging_mixin.py:109} INFO - [2022-06-20 12:08:52,114] {dagbag.py:500} INFO - Filling up the DagBag from /home/leizo/.local/lib/python3.8/site-packages/airflow/example_dags/plugins/workday.py
[2022-06-20 12:08:52,116] {processor.py:654} WARNING - No viable dags retrieved from /home/leizo/.local/lib/python3.8/site-packages/airflow/example_dags/plugins/workday.py
[2022-06-20 12:08:52,126] {processor.py:171} INFO - Processing /home/leizo/.local/lib/python3.8/site-packages/airflow/example_dags/plugins/workday.py took 0.017 seconds
[2022-06-20 12:11:54,135] {processor.py:163} INFO - Started process (PID=10439) to work on /home/leizo/.local/lib/python3.8/site-packages/airflow/example_dags/plugins/workday.py
[2022-06-20 12:11:54,140] {processor.py:642} INFO - Processing file /home/leizo/.local/lib/python3.8/site-packages/airflow/example_dags/plugins/workday.py for tasks to queue
[2022-06-20 12:11:54,140] {logging_mixin.py:109} INFO - [2022-06-20 12:11:54,140] {dagbag.py:500} INFO - Filling up the DagBag from /home/leizo/.local/lib/python3.8/site-packages/airflow/example_dags/plugins/workday.py
[2022-06-20 12:11:54,142] {processor.py:654} WARNING - No viable dags retrieved from /home/leizo/.local/lib/python3.8/site-packages/airflow/example_dags/plugins/workday.py
[2022-06-20 12:11:54,152] {processor.py:171} INFO - Processing /home/leizo/.local/lib/python3.8/site-packages/airflow/example_dags/plugins/workday.py took 0.026 seconds
[2022-06-20 12:14:25,078] {processor.py:163} INFO - Started process (PID=11789) to work on /home/leizo/.local/lib/python3.8/site-packages/airflow/example_dags/plugins/workday.py
[2022-06-20 12:14:25,080] {processor.py:642} INFO - Processing file /home/leizo/.local/lib/python3.8/site-packages/airflow/example_dags/plugins/workday.py for tasks to queue
[2022-06-20 12:14:25,082] {logging_mixin.py:109} INFO - [2022-06-20 12:14:25,081] {dagbag.py:500} INFO - Filling up the DagBag from /home/leizo/.local/lib/python3.8/site-packages/airflow/example_dags/plugins/workday.py
[2022-06-20 12:14:25,084] {processor.py:654} WARNING - No viable dags retrieved from /home/leizo/.local/lib/python3.8/site-packages/airflow/example_dags/plugins/workday.py
[2022-06-20 12:14:25,095] {processor.py:171} INFO - Processing /home/leizo/.local/lib/python3.8/site-packages/airflow/example_dags/plugins/workday.py took 0.020 seconds
[2022-06-20 12:17:15,690] {processor.py:163} INFO - Started process (PID=13130) to work on /home/leizo/.local/lib/python3.8/site-packages/airflow/example_dags/plugins/workday.py
[2022-06-20 12:17:15,692] {processor.py:642} INFO - Processing file /home/leizo/.local/lib/python3.8/site-packages/airflow/example_dags/plugins/workday.py for tasks to queue
[2022-06-20 12:17:15,693] {logging_mixin.py:109} INFO - [2022-06-20 12:17:15,693] {dagbag.py:500} INFO - Filling up the DagBag from /home/leizo/.local/lib/python3.8/site-packages/airflow/example_dags/plugins/workday.py
[2022-06-20 12:17:15,694] {processor.py:654} WARNING - No viable dags retrieved from /home/leizo/.local/lib/python3.8/site-packages/airflow/example_dags/plugins/workday.py
[2022-06-20 12:17:15,702] {processor.py:171} INFO - Processing /home/leizo/.local/lib/python3.8/site-packages/airflow/example_dags/plugins/workday.py took 0.016 seconds
[2022-06-20 12:20:43,670] {processor.py:163} INFO - Started process (PID=14514) to work on /home/leizo/.local/lib/python3.8/site-packages/airflow/example_dags/plugins/workday.py
[2022-06-20 12:20:43,673] {processor.py:642} INFO - Processing file /home/leizo/.local/lib/python3.8/site-packages/airflow/example_dags/plugins/workday.py for tasks to queue
[2022-06-20 12:20:43,674] {logging_mixin.py:109} INFO - [2022-06-20 12:20:43,674] {dagbag.py:500} INFO - Filling up the DagBag from /home/leizo/.local/lib/python3.8/site-packages/airflow/example_dags/plugins/workday.py
[2022-06-20 12:20:43,677] {processor.py:654} WARNING - No viable dags retrieved from /home/leizo/.local/lib/python3.8/site-packages/airflow/example_dags/plugins/workday.py
[2022-06-20 12:20:43,689] {processor.py:171} INFO - Processing /home/leizo/.local/lib/python3.8/site-packages/airflow/example_dags/plugins/workday.py took 0.021 seconds
[2022-06-20 12:24:08,802] {processor.py:163} INFO - Started process (PID=16139) to work on /home/leizo/.local/lib/python3.8/site-packages/airflow/example_dags/plugins/workday.py
[2022-06-20 12:24:08,807] {processor.py:642} INFO - Processing file /home/leizo/.local/lib/python3.8/site-packages/airflow/example_dags/plugins/workday.py for tasks to queue
[2022-06-20 12:24:08,809] {logging_mixin.py:109} INFO - [2022-06-20 12:24:08,809] {dagbag.py:500} INFO - Filling up the DagBag from /home/leizo/.local/lib/python3.8/site-packages/airflow/example_dags/plugins/workday.py
[2022-06-20 12:24:08,816] {processor.py:654} WARNING - No viable dags retrieved from /home/leizo/.local/lib/python3.8/site-packages/airflow/example_dags/plugins/workday.py
[2022-06-20 12:24:08,840] {processor.py:171} INFO - Processing /home/leizo/.local/lib/python3.8/site-packages/airflow/example_dags/plugins/workday.py took 0.044 seconds
[2022-06-20 12:26:38,327] {processor.py:163} INFO - Started process (PID=17456) to work on /home/leizo/.local/lib/python3.8/site-packages/airflow/example_dags/plugins/workday.py
[2022-06-20 12:26:38,330] {processor.py:642} INFO - Processing file /home/leizo/.local/lib/python3.8/site-packages/airflow/example_dags/plugins/workday.py for tasks to queue
[2022-06-20 12:26:38,331] {logging_mixin.py:109} INFO - [2022-06-20 12:26:38,331] {dagbag.py:500} INFO - Filling up the DagBag from /home/leizo/.local/lib/python3.8/site-packages/airflow/example_dags/plugins/workday.py
[2022-06-20 12:26:38,333] {processor.py:654} WARNING - No viable dags retrieved from /home/leizo/.local/lib/python3.8/site-packages/airflow/example_dags/plugins/workday.py
[2022-06-20 12:26:38,340] {processor.py:171} INFO - Processing /home/leizo/.local/lib/python3.8/site-packages/airflow/example_dags/plugins/workday.py took 0.015 seconds
[2022-06-20 12:29:49,555] {processor.py:163} INFO - Started process (PID=18817) to work on /home/leizo/.local/lib/python3.8/site-packages/airflow/example_dags/plugins/workday.py
[2022-06-20 12:29:49,558] {processor.py:642} INFO - Processing file /home/leizo/.local/lib/python3.8/site-packages/airflow/example_dags/plugins/workday.py for tasks to queue
[2022-06-20 12:29:49,559] {logging_mixin.py:109} INFO - [2022-06-20 12:29:49,559] {dagbag.py:500} INFO - Filling up the DagBag from /home/leizo/.local/lib/python3.8/site-packages/airflow/example_dags/plugins/workday.py
[2022-06-20 12:29:49,563] {processor.py:654} WARNING - No viable dags retrieved from /home/leizo/.local/lib/python3.8/site-packages/airflow/example_dags/plugins/workday.py
[2022-06-20 12:29:49,576] {processor.py:171} INFO - Processing /home/leizo/.local/lib/python3.8/site-packages/airflow/example_dags/plugins/workday.py took 0.025 seconds
[2022-06-20 12:33:11,635] {processor.py:163} INFO - Started process (PID=20183) to work on /home/leizo/.local/lib/python3.8/site-packages/airflow/example_dags/plugins/workday.py
[2022-06-20 12:33:11,640] {processor.py:642} INFO - Processing file /home/leizo/.local/lib/python3.8/site-packages/airflow/example_dags/plugins/workday.py for tasks to queue
[2022-06-20 12:33:11,643] {logging_mixin.py:109} INFO - [2022-06-20 12:33:11,642] {dagbag.py:500} INFO - Filling up the DagBag from /home/leizo/.local/lib/python3.8/site-packages/airflow/example_dags/plugins/workday.py
[2022-06-20 12:33:11,658] {processor.py:654} WARNING - No viable dags retrieved from /home/leizo/.local/lib/python3.8/site-packages/airflow/example_dags/plugins/workday.py
[2022-06-20 12:33:11,703] {processor.py:171} INFO - Processing /home/leizo/.local/lib/python3.8/site-packages/airflow/example_dags/plugins/workday.py took 0.086 seconds
[2022-06-20 12:36:29,367] {processor.py:163} INFO - Started process (PID=21527) to work on /home/leizo/.local/lib/python3.8/site-packages/airflow/example_dags/plugins/workday.py
[2022-06-20 12:36:29,370] {processor.py:642} INFO - Processing file /home/leizo/.local/lib/python3.8/site-packages/airflow/example_dags/plugins/workday.py for tasks to queue
[2022-06-20 12:36:29,371] {logging_mixin.py:109} INFO - [2022-06-20 12:36:29,371] {dagbag.py:500} INFO - Filling up the DagBag from /home/leizo/.local/lib/python3.8/site-packages/airflow/example_dags/plugins/workday.py
[2022-06-20 12:36:29,374] {processor.py:654} WARNING - No viable dags retrieved from /home/leizo/.local/lib/python3.8/site-packages/airflow/example_dags/plugins/workday.py
[2022-06-20 12:36:29,393] {processor.py:171} INFO - Processing /home/leizo/.local/lib/python3.8/site-packages/airflow/example_dags/plugins/workday.py took 0.032 seconds
[2022-06-20 12:40:11,537] {processor.py:163} INFO - Started process (PID=23144) to work on /home/leizo/.local/lib/python3.8/site-packages/airflow/example_dags/plugins/workday.py
[2022-06-20 12:40:11,540] {processor.py:642} INFO - Processing file /home/leizo/.local/lib/python3.8/site-packages/airflow/example_dags/plugins/workday.py for tasks to queue
[2022-06-20 12:40:11,541] {logging_mixin.py:109} INFO - [2022-06-20 12:40:11,541] {dagbag.py:500} INFO - Filling up the DagBag from /home/leizo/.local/lib/python3.8/site-packages/airflow/example_dags/plugins/workday.py
[2022-06-20 12:40:11,543] {processor.py:654} WARNING - No viable dags retrieved from /home/leizo/.local/lib/python3.8/site-packages/airflow/example_dags/plugins/workday.py
[2022-06-20 12:40:11,552] {processor.py:171} INFO - Processing /home/leizo/.local/lib/python3.8/site-packages/airflow/example_dags/plugins/workday.py took 0.019 seconds
[2022-06-20 12:42:16,568] {processor.py:163} INFO - Started process (PID=24464) to work on /home/leizo/.local/lib/python3.8/site-packages/airflow/example_dags/plugins/workday.py
[2022-06-20 12:42:16,571] {processor.py:642} INFO - Processing file /home/leizo/.local/lib/python3.8/site-packages/airflow/example_dags/plugins/workday.py for tasks to queue
[2022-06-20 12:42:16,571] {logging_mixin.py:109} INFO - [2022-06-20 12:42:16,571] {dagbag.py:500} INFO - Filling up the DagBag from /home/leizo/.local/lib/python3.8/site-packages/airflow/example_dags/plugins/workday.py
[2022-06-20 12:42:16,573] {processor.py:654} WARNING - No viable dags retrieved from /home/leizo/.local/lib/python3.8/site-packages/airflow/example_dags/plugins/workday.py
[2022-06-20 12:42:16,582] {processor.py:171} INFO - Processing /home/leizo/.local/lib/python3.8/site-packages/airflow/example_dags/plugins/workday.py took 0.017 seconds
[2022-06-20 12:44:23,068] {processor.py:163} INFO - Started process (PID=25772) to work on /home/leizo/.local/lib/python3.8/site-packages/airflow/example_dags/plugins/workday.py
[2022-06-20 12:44:23,070] {processor.py:642} INFO - Processing file /home/leizo/.local/lib/python3.8/site-packages/airflow/example_dags/plugins/workday.py for tasks to queue
[2022-06-20 12:44:23,071] {logging_mixin.py:109} INFO - [2022-06-20 12:44:23,071] {dagbag.py:500} INFO - Filling up the DagBag from /home/leizo/.local/lib/python3.8/site-packages/airflow/example_dags/plugins/workday.py
[2022-06-20 12:44:23,072] {processor.py:654} WARNING - No viable dags retrieved from /home/leizo/.local/lib/python3.8/site-packages/airflow/example_dags/plugins/workday.py
[2022-06-20 12:44:23,082] {processor.py:171} INFO - Processing /home/leizo/.local/lib/python3.8/site-packages/airflow/example_dags/plugins/workday.py took 0.018 seconds
[2022-06-20 12:46:24,988] {processor.py:163} INFO - Started process (PID=27085) to work on /home/leizo/.local/lib/python3.8/site-packages/airflow/example_dags/plugins/workday.py
[2022-06-20 12:46:24,990] {processor.py:642} INFO - Processing file /home/leizo/.local/lib/python3.8/site-packages/airflow/example_dags/plugins/workday.py for tasks to queue
[2022-06-20 12:46:24,991] {logging_mixin.py:109} INFO - [2022-06-20 12:46:24,990] {dagbag.py:500} INFO - Filling up the DagBag from /home/leizo/.local/lib/python3.8/site-packages/airflow/example_dags/plugins/workday.py
[2022-06-20 12:46:24,992] {processor.py:654} WARNING - No viable dags retrieved from /home/leizo/.local/lib/python3.8/site-packages/airflow/example_dags/plugins/workday.py
[2022-06-20 12:46:25,001] {processor.py:171} INFO - Processing /home/leizo/.local/lib/python3.8/site-packages/airflow/example_dags/plugins/workday.py took 0.016 seconds
[2022-06-20 12:48:32,375] {processor.py:163} INFO - Started process (PID=28388) to work on /home/leizo/.local/lib/python3.8/site-packages/airflow/example_dags/plugins/workday.py
[2022-06-20 12:48:32,378] {processor.py:642} INFO - Processing file /home/leizo/.local/lib/python3.8/site-packages/airflow/example_dags/plugins/workday.py for tasks to queue
[2022-06-20 12:48:32,378] {logging_mixin.py:109} INFO - [2022-06-20 12:48:32,378] {dagbag.py:500} INFO - Filling up the DagBag from /home/leizo/.local/lib/python3.8/site-packages/airflow/example_dags/plugins/workday.py
[2022-06-20 12:48:32,381] {processor.py:654} WARNING - No viable dags retrieved from /home/leizo/.local/lib/python3.8/site-packages/airflow/example_dags/plugins/workday.py
[2022-06-20 12:48:32,391] {processor.py:171} INFO - Processing /home/leizo/.local/lib/python3.8/site-packages/airflow/example_dags/plugins/workday.py took 0.018 seconds
[2022-06-20 12:50:39,645] {processor.py:163} INFO - Started process (PID=29806) to work on /home/leizo/.local/lib/python3.8/site-packages/airflow/example_dags/plugins/workday.py
[2022-06-20 12:50:39,646] {processor.py:642} INFO - Processing file /home/leizo/.local/lib/python3.8/site-packages/airflow/example_dags/plugins/workday.py for tasks to queue
[2022-06-20 12:50:39,647] {logging_mixin.py:109} INFO - [2022-06-20 12:50:39,647] {dagbag.py:500} INFO - Filling up the DagBag from /home/leizo/.local/lib/python3.8/site-packages/airflow/example_dags/plugins/workday.py
[2022-06-20 12:50:39,648] {processor.py:654} WARNING - No viable dags retrieved from /home/leizo/.local/lib/python3.8/site-packages/airflow/example_dags/plugins/workday.py
[2022-06-20 12:50:39,656] {processor.py:171} INFO - Processing /home/leizo/.local/lib/python3.8/site-packages/airflow/example_dags/plugins/workday.py took 0.014 seconds
[2022-06-20 12:52:48,875] {processor.py:163} INFO - Started process (PID=31129) to work on /home/leizo/.local/lib/python3.8/site-packages/airflow/example_dags/plugins/workday.py
[2022-06-20 12:52:48,877] {processor.py:642} INFO - Processing file /home/leizo/.local/lib/python3.8/site-packages/airflow/example_dags/plugins/workday.py for tasks to queue
[2022-06-20 12:52:48,878] {logging_mixin.py:109} INFO - [2022-06-20 12:52:48,878] {dagbag.py:500} INFO - Filling up the DagBag from /home/leizo/.local/lib/python3.8/site-packages/airflow/example_dags/plugins/workday.py
[2022-06-20 12:52:48,880] {processor.py:654} WARNING - No viable dags retrieved from /home/leizo/.local/lib/python3.8/site-packages/airflow/example_dags/plugins/workday.py
[2022-06-20 12:52:48,889] {processor.py:171} INFO - Processing /home/leizo/.local/lib/python3.8/site-packages/airflow/example_dags/plugins/workday.py took 0.017 seconds
[2022-06-20 12:56:03,980] {processor.py:163} INFO - Started process (PID=32441) to work on /home/leizo/.local/lib/python3.8/site-packages/airflow/example_dags/plugins/workday.py
[2022-06-20 12:56:03,984] {processor.py:642} INFO - Processing file /home/leizo/.local/lib/python3.8/site-packages/airflow/example_dags/plugins/workday.py for tasks to queue
[2022-06-20 12:56:03,985] {logging_mixin.py:109} INFO - [2022-06-20 12:56:03,985] {dagbag.py:500} INFO - Filling up the DagBag from /home/leizo/.local/lib/python3.8/site-packages/airflow/example_dags/plugins/workday.py
[2022-06-20 12:56:03,988] {processor.py:654} WARNING - No viable dags retrieved from /home/leizo/.local/lib/python3.8/site-packages/airflow/example_dags/plugins/workday.py
[2022-06-20 12:56:03,999] {processor.py:171} INFO - Processing /home/leizo/.local/lib/python3.8/site-packages/airflow/example_dags/plugins/workday.py took 0.025 seconds
[2022-06-20 12:59:29,841] {processor.py:163} INFO - Started process (PID=1312) to work on /home/leizo/.local/lib/python3.8/site-packages/airflow/example_dags/plugins/workday.py
[2022-06-20 12:59:29,853] {processor.py:642} INFO - Processing file /home/leizo/.local/lib/python3.8/site-packages/airflow/example_dags/plugins/workday.py for tasks to queue
[2022-06-20 12:59:29,854] {logging_mixin.py:109} INFO - [2022-06-20 12:59:29,854] {dagbag.py:500} INFO - Filling up the DagBag from /home/leizo/.local/lib/python3.8/site-packages/airflow/example_dags/plugins/workday.py
[2022-06-20 12:59:29,858] {processor.py:654} WARNING - No viable dags retrieved from /home/leizo/.local/lib/python3.8/site-packages/airflow/example_dags/plugins/workday.py
[2022-06-20 12:59:29,903] {processor.py:171} INFO - Processing /home/leizo/.local/lib/python3.8/site-packages/airflow/example_dags/plugins/workday.py took 0.079 seconds
[2022-06-20 13:04:02,195] {processor.py:163} INFO - Started process (PID=3010) to work on /home/leizo/.local/lib/python3.8/site-packages/airflow/example_dags/plugins/workday.py
[2022-06-20 13:04:02,200] {processor.py:642} INFO - Processing file /home/leizo/.local/lib/python3.8/site-packages/airflow/example_dags/plugins/workday.py for tasks to queue
[2022-06-20 13:04:02,203] {logging_mixin.py:109} INFO - [2022-06-20 13:04:02,202] {dagbag.py:500} INFO - Filling up the DagBag from /home/leizo/.local/lib/python3.8/site-packages/airflow/example_dags/plugins/workday.py
[2022-06-20 13:04:02,209] {processor.py:654} WARNING - No viable dags retrieved from /home/leizo/.local/lib/python3.8/site-packages/airflow/example_dags/plugins/workday.py
[2022-06-20 13:04:02,224] {processor.py:171} INFO - Processing /home/leizo/.local/lib/python3.8/site-packages/airflow/example_dags/plugins/workday.py took 0.046 seconds
[2022-06-20 15:44:19,191] {processor.py:163} INFO - Started process (PID=2407) to work on /home/leizo/.local/lib/python3.8/site-packages/airflow/example_dags/plugins/workday.py
[2022-06-20 15:44:19,194] {processor.py:642} INFO - Processing file /home/leizo/.local/lib/python3.8/site-packages/airflow/example_dags/plugins/workday.py for tasks to queue
[2022-06-20 15:44:19,195] {logging_mixin.py:109} INFO - [2022-06-20 15:44:19,195] {dagbag.py:500} INFO - Filling up the DagBag from /home/leizo/.local/lib/python3.8/site-packages/airflow/example_dags/plugins/workday.py
[2022-06-20 15:44:19,199] {processor.py:654} WARNING - No viable dags retrieved from /home/leizo/.local/lib/python3.8/site-packages/airflow/example_dags/plugins/workday.py
[2022-06-20 15:44:19,209] {processor.py:171} INFO - Processing /home/leizo/.local/lib/python3.8/site-packages/airflow/example_dags/plugins/workday.py took 0.025 seconds
[2022-06-20 15:46:15,428] {processor.py:163} INFO - Started process (PID=3781) to work on /home/leizo/.local/lib/python3.8/site-packages/airflow/example_dags/plugins/workday.py
[2022-06-20 15:46:15,431] {processor.py:642} INFO - Processing file /home/leizo/.local/lib/python3.8/site-packages/airflow/example_dags/plugins/workday.py for tasks to queue
[2022-06-20 15:46:15,431] {logging_mixin.py:109} INFO - [2022-06-20 15:46:15,431] {dagbag.py:500} INFO - Filling up the DagBag from /home/leizo/.local/lib/python3.8/site-packages/airflow/example_dags/plugins/workday.py
[2022-06-20 15:46:15,433] {processor.py:654} WARNING - No viable dags retrieved from /home/leizo/.local/lib/python3.8/site-packages/airflow/example_dags/plugins/workday.py
[2022-06-20 15:46:15,443] {processor.py:171} INFO - Processing /home/leizo/.local/lib/python3.8/site-packages/airflow/example_dags/plugins/workday.py took 0.018 seconds
[2022-06-20 15:48:11,233] {processor.py:163} INFO - Started process (PID=5160) to work on /home/leizo/.local/lib/python3.8/site-packages/airflow/example_dags/plugins/workday.py
[2022-06-20 15:48:11,236] {processor.py:642} INFO - Processing file /home/leizo/.local/lib/python3.8/site-packages/airflow/example_dags/plugins/workday.py for tasks to queue
[2022-06-20 15:48:11,237] {logging_mixin.py:109} INFO - [2022-06-20 15:48:11,237] {dagbag.py:500} INFO - Filling up the DagBag from /home/leizo/.local/lib/python3.8/site-packages/airflow/example_dags/plugins/workday.py
[2022-06-20 15:48:11,239] {processor.py:654} WARNING - No viable dags retrieved from /home/leizo/.local/lib/python3.8/site-packages/airflow/example_dags/plugins/workday.py
[2022-06-20 15:48:11,252] {processor.py:171} INFO - Processing /home/leizo/.local/lib/python3.8/site-packages/airflow/example_dags/plugins/workday.py took 0.024 seconds
[2022-06-20 15:50:00,037] {processor.py:163} INFO - Started process (PID=6495) to work on /home/leizo/.local/lib/python3.8/site-packages/airflow/example_dags/plugins/workday.py
[2022-06-20 15:50:00,040] {processor.py:642} INFO - Processing file /home/leizo/.local/lib/python3.8/site-packages/airflow/example_dags/plugins/workday.py for tasks to queue
[2022-06-20 15:50:00,041] {logging_mixin.py:109} INFO - [2022-06-20 15:50:00,041] {dagbag.py:500} INFO - Filling up the DagBag from /home/leizo/.local/lib/python3.8/site-packages/airflow/example_dags/plugins/workday.py
[2022-06-20 15:50:00,043] {processor.py:654} WARNING - No viable dags retrieved from /home/leizo/.local/lib/python3.8/site-packages/airflow/example_dags/plugins/workday.py
[2022-06-20 15:50:00,060] {processor.py:171} INFO - Processing /home/leizo/.local/lib/python3.8/site-packages/airflow/example_dags/plugins/workday.py took 0.027 seconds
[2022-06-20 15:51:48,558] {processor.py:163} INFO - Started process (PID=7861) to work on /home/leizo/.local/lib/python3.8/site-packages/airflow/example_dags/plugins/workday.py
[2022-06-20 15:51:48,561] {processor.py:642} INFO - Processing file /home/leizo/.local/lib/python3.8/site-packages/airflow/example_dags/plugins/workday.py for tasks to queue
[2022-06-20 15:51:48,562] {logging_mixin.py:109} INFO - [2022-06-20 15:51:48,562] {dagbag.py:500} INFO - Filling up the DagBag from /home/leizo/.local/lib/python3.8/site-packages/airflow/example_dags/plugins/workday.py
[2022-06-20 15:51:48,565] {processor.py:654} WARNING - No viable dags retrieved from /home/leizo/.local/lib/python3.8/site-packages/airflow/example_dags/plugins/workday.py
[2022-06-20 15:51:48,578] {processor.py:171} INFO - Processing /home/leizo/.local/lib/python3.8/site-packages/airflow/example_dags/plugins/workday.py took 0.025 seconds
[2022-06-20 15:53:40,362] {processor.py:163} INFO - Started process (PID=9235) to work on /home/leizo/.local/lib/python3.8/site-packages/airflow/example_dags/plugins/workday.py
[2022-06-20 15:53:40,366] {processor.py:642} INFO - Processing file /home/leizo/.local/lib/python3.8/site-packages/airflow/example_dags/plugins/workday.py for tasks to queue
[2022-06-20 15:53:40,367] {logging_mixin.py:109} INFO - [2022-06-20 15:53:40,367] {dagbag.py:500} INFO - Filling up the DagBag from /home/leizo/.local/lib/python3.8/site-packages/airflow/example_dags/plugins/workday.py
[2022-06-20 15:53:40,370] {processor.py:654} WARNING - No viable dags retrieved from /home/leizo/.local/lib/python3.8/site-packages/airflow/example_dags/plugins/workday.py
[2022-06-20 15:53:40,384] {processor.py:171} INFO - Processing /home/leizo/.local/lib/python3.8/site-packages/airflow/example_dags/plugins/workday.py took 0.027 seconds
[2022-06-20 15:55:37,182] {processor.py:163} INFO - Started process (PID=10561) to work on /home/leizo/.local/lib/python3.8/site-packages/airflow/example_dags/plugins/workday.py
[2022-06-20 15:55:37,185] {processor.py:642} INFO - Processing file /home/leizo/.local/lib/python3.8/site-packages/airflow/example_dags/plugins/workday.py for tasks to queue
[2022-06-20 15:55:37,186] {logging_mixin.py:109} INFO - [2022-06-20 15:55:37,186] {dagbag.py:500} INFO - Filling up the DagBag from /home/leizo/.local/lib/python3.8/site-packages/airflow/example_dags/plugins/workday.py
[2022-06-20 15:55:37,189] {processor.py:654} WARNING - No viable dags retrieved from /home/leizo/.local/lib/python3.8/site-packages/airflow/example_dags/plugins/workday.py
[2022-06-20 15:55:37,203] {processor.py:171} INFO - Processing /home/leizo/.local/lib/python3.8/site-packages/airflow/example_dags/plugins/workday.py took 0.027 seconds
[2022-06-20 15:57:33,344] {processor.py:163} INFO - Started process (PID=11905) to work on /home/leizo/.local/lib/python3.8/site-packages/airflow/example_dags/plugins/workday.py
[2022-06-20 15:57:33,346] {processor.py:642} INFO - Processing file /home/leizo/.local/lib/python3.8/site-packages/airflow/example_dags/plugins/workday.py for tasks to queue
[2022-06-20 15:57:33,348] {logging_mixin.py:109} INFO - [2022-06-20 15:57:33,348] {dagbag.py:500} INFO - Filling up the DagBag from /home/leizo/.local/lib/python3.8/site-packages/airflow/example_dags/plugins/workday.py
[2022-06-20 15:57:33,351] {processor.py:654} WARNING - No viable dags retrieved from /home/leizo/.local/lib/python3.8/site-packages/airflow/example_dags/plugins/workday.py
[2022-06-20 15:57:33,360] {processor.py:171} INFO - Processing /home/leizo/.local/lib/python3.8/site-packages/airflow/example_dags/plugins/workday.py took 0.020 seconds
[2022-06-20 15:59:23,228] {processor.py:163} INFO - Started process (PID=13265) to work on /home/leizo/.local/lib/python3.8/site-packages/airflow/example_dags/plugins/workday.py
[2022-06-20 15:59:23,232] {processor.py:642} INFO - Processing file /home/leizo/.local/lib/python3.8/site-packages/airflow/example_dags/plugins/workday.py for tasks to queue
[2022-06-20 15:59:23,233] {logging_mixin.py:109} INFO - [2022-06-20 15:59:23,233] {dagbag.py:500} INFO - Filling up the DagBag from /home/leizo/.local/lib/python3.8/site-packages/airflow/example_dags/plugins/workday.py
[2022-06-20 15:59:23,236] {processor.py:654} WARNING - No viable dags retrieved from /home/leizo/.local/lib/python3.8/site-packages/airflow/example_dags/plugins/workday.py
[2022-06-20 15:59:23,249] {processor.py:171} INFO - Processing /home/leizo/.local/lib/python3.8/site-packages/airflow/example_dags/plugins/workday.py took 0.026 seconds
[2022-06-20 16:01:06,453] {processor.py:163} INFO - Started process (PID=14595) to work on /home/leizo/.local/lib/python3.8/site-packages/airflow/example_dags/plugins/workday.py
[2022-06-20 16:01:06,456] {processor.py:642} INFO - Processing file /home/leizo/.local/lib/python3.8/site-packages/airflow/example_dags/plugins/workday.py for tasks to queue
[2022-06-20 16:01:06,456] {logging_mixin.py:109} INFO - [2022-06-20 16:01:06,456] {dagbag.py:500} INFO - Filling up the DagBag from /home/leizo/.local/lib/python3.8/site-packages/airflow/example_dags/plugins/workday.py
[2022-06-20 16:01:06,458] {processor.py:654} WARNING - No viable dags retrieved from /home/leizo/.local/lib/python3.8/site-packages/airflow/example_dags/plugins/workday.py
[2022-06-20 16:01:06,466] {processor.py:171} INFO - Processing /home/leizo/.local/lib/python3.8/site-packages/airflow/example_dags/plugins/workday.py took 0.016 seconds
[2022-06-20 16:03:42,847] {processor.py:163} INFO - Started process (PID=16754) to work on /home/leizo/.local/lib/python3.8/site-packages/airflow/example_dags/plugins/workday.py
[2022-06-20 16:03:42,850] {processor.py:642} INFO - Processing file /home/leizo/.local/lib/python3.8/site-packages/airflow/example_dags/plugins/workday.py for tasks to queue
[2022-06-20 16:03:42,851] {logging_mixin.py:109} INFO - [2022-06-20 16:03:42,851] {dagbag.py:500} INFO - Filling up the DagBag from /home/leizo/.local/lib/python3.8/site-packages/airflow/example_dags/plugins/workday.py
[2022-06-20 16:03:42,854] {processor.py:654} WARNING - No viable dags retrieved from /home/leizo/.local/lib/python3.8/site-packages/airflow/example_dags/plugins/workday.py
[2022-06-20 16:03:42,868] {processor.py:171} INFO - Processing /home/leizo/.local/lib/python3.8/site-packages/airflow/example_dags/plugins/workday.py took 0.025 seconds
[2022-06-20 16:07:04,050] {processor.py:163} INFO - Started process (PID=18683) to work on /home/leizo/.local/lib/python3.8/site-packages/airflow/example_dags/plugins/workday.py
[2022-06-20 16:07:04,052] {processor.py:642} INFO - Processing file /home/leizo/.local/lib/python3.8/site-packages/airflow/example_dags/plugins/workday.py for tasks to queue
[2022-06-20 16:07:04,053] {logging_mixin.py:109} INFO - [2022-06-20 16:07:04,053] {dagbag.py:500} INFO - Filling up the DagBag from /home/leizo/.local/lib/python3.8/site-packages/airflow/example_dags/plugins/workday.py
[2022-06-20 16:07:04,055] {processor.py:654} WARNING - No viable dags retrieved from /home/leizo/.local/lib/python3.8/site-packages/airflow/example_dags/plugins/workday.py
[2022-06-20 16:07:04,065] {processor.py:171} INFO - Processing /home/leizo/.local/lib/python3.8/site-packages/airflow/example_dags/plugins/workday.py took 0.018 seconds
[2022-06-20 16:09:36,504] {processor.py:163} INFO - Started process (PID=21131) to work on /home/leizo/.local/lib/python3.8/site-packages/airflow/example_dags/plugins/workday.py
[2022-06-20 16:09:36,507] {processor.py:642} INFO - Processing file /home/leizo/.local/lib/python3.8/site-packages/airflow/example_dags/plugins/workday.py for tasks to queue
[2022-06-20 16:09:36,508] {logging_mixin.py:109} INFO - [2022-06-20 16:09:36,508] {dagbag.py:500} INFO - Filling up the DagBag from /home/leizo/.local/lib/python3.8/site-packages/airflow/example_dags/plugins/workday.py
[2022-06-20 16:09:36,509] {processor.py:654} WARNING - No viable dags retrieved from /home/leizo/.local/lib/python3.8/site-packages/airflow/example_dags/plugins/workday.py
[2022-06-20 16:09:36,517] {processor.py:171} INFO - Processing /home/leizo/.local/lib/python3.8/site-packages/airflow/example_dags/plugins/workday.py took 0.015 seconds
[2022-06-20 16:11:30,897] {processor.py:163} INFO - Started process (PID=22573) to work on /home/leizo/.local/lib/python3.8/site-packages/airflow/example_dags/plugins/workday.py
[2022-06-20 16:11:30,900] {processor.py:642} INFO - Processing file /home/leizo/.local/lib/python3.8/site-packages/airflow/example_dags/plugins/workday.py for tasks to queue
[2022-06-20 16:11:30,901] {logging_mixin.py:109} INFO - [2022-06-20 16:11:30,901] {dagbag.py:500} INFO - Filling up the DagBag from /home/leizo/.local/lib/python3.8/site-packages/airflow/example_dags/plugins/workday.py
[2022-06-20 16:11:30,902] {processor.py:654} WARNING - No viable dags retrieved from /home/leizo/.local/lib/python3.8/site-packages/airflow/example_dags/plugins/workday.py
[2022-06-20 16:11:30,908] {processor.py:171} INFO - Processing /home/leizo/.local/lib/python3.8/site-packages/airflow/example_dags/plugins/workday.py took 0.014 seconds
[2022-06-20 16:15:21,484] {processor.py:163} INFO - Started process (PID=25772) to work on /home/leizo/.local/lib/python3.8/site-packages/airflow/example_dags/plugins/workday.py
[2022-06-20 16:15:21,486] {processor.py:642} INFO - Processing file /home/leizo/.local/lib/python3.8/site-packages/airflow/example_dags/plugins/workday.py for tasks to queue
[2022-06-20 16:15:21,487] {logging_mixin.py:109} INFO - [2022-06-20 16:15:21,487] {dagbag.py:500} INFO - Filling up the DagBag from /home/leizo/.local/lib/python3.8/site-packages/airflow/example_dags/plugins/workday.py
[2022-06-20 16:15:21,489] {processor.py:654} WARNING - No viable dags retrieved from /home/leizo/.local/lib/python3.8/site-packages/airflow/example_dags/plugins/workday.py
[2022-06-20 16:15:21,499] {processor.py:171} INFO - Processing /home/leizo/.local/lib/python3.8/site-packages/airflow/example_dags/plugins/workday.py took 0.019 seconds
[2022-06-20 16:17:25,488] {processor.py:163} INFO - Started process (PID=27253) to work on /home/leizo/.local/lib/python3.8/site-packages/airflow/example_dags/plugins/workday.py
[2022-06-20 16:17:25,490] {processor.py:642} INFO - Processing file /home/leizo/.local/lib/python3.8/site-packages/airflow/example_dags/plugins/workday.py for tasks to queue
[2022-06-20 16:17:25,491] {logging_mixin.py:109} INFO - [2022-06-20 16:17:25,491] {dagbag.py:500} INFO - Filling up the DagBag from /home/leizo/.local/lib/python3.8/site-packages/airflow/example_dags/plugins/workday.py
[2022-06-20 16:17:25,493] {processor.py:654} WARNING - No viable dags retrieved from /home/leizo/.local/lib/python3.8/site-packages/airflow/example_dags/plugins/workday.py
[2022-06-20 16:17:25,500] {processor.py:171} INFO - Processing /home/leizo/.local/lib/python3.8/site-packages/airflow/example_dags/plugins/workday.py took 0.015 seconds
[2022-06-20 16:19:17,465] {processor.py:163} INFO - Started process (PID=28515) to work on /home/leizo/.local/lib/python3.8/site-packages/airflow/example_dags/plugins/workday.py
[2022-06-20 16:19:17,467] {processor.py:642} INFO - Processing file /home/leizo/.local/lib/python3.8/site-packages/airflow/example_dags/plugins/workday.py for tasks to queue
[2022-06-20 16:19:17,467] {logging_mixin.py:109} INFO - [2022-06-20 16:19:17,467] {dagbag.py:500} INFO - Filling up the DagBag from /home/leizo/.local/lib/python3.8/site-packages/airflow/example_dags/plugins/workday.py
[2022-06-20 16:19:17,469] {processor.py:654} WARNING - No viable dags retrieved from /home/leizo/.local/lib/python3.8/site-packages/airflow/example_dags/plugins/workday.py
[2022-06-20 16:19:17,478] {processor.py:171} INFO - Processing /home/leizo/.local/lib/python3.8/site-packages/airflow/example_dags/plugins/workday.py took 0.015 seconds
[2022-06-20 16:21:02,671] {processor.py:163} INFO - Started process (PID=29786) to work on /home/leizo/.local/lib/python3.8/site-packages/airflow/example_dags/plugins/workday.py
[2022-06-20 16:21:02,674] {processor.py:642} INFO - Processing file /home/leizo/.local/lib/python3.8/site-packages/airflow/example_dags/plugins/workday.py for tasks to queue
[2022-06-20 16:21:02,674] {logging_mixin.py:109} INFO - [2022-06-20 16:21:02,674] {dagbag.py:500} INFO - Filling up the DagBag from /home/leizo/.local/lib/python3.8/site-packages/airflow/example_dags/plugins/workday.py
[2022-06-20 16:21:02,675] {processor.py:654} WARNING - No viable dags retrieved from /home/leizo/.local/lib/python3.8/site-packages/airflow/example_dags/plugins/workday.py
[2022-06-20 16:21:02,683] {processor.py:171} INFO - Processing /home/leizo/.local/lib/python3.8/site-packages/airflow/example_dags/plugins/workday.py took 0.014 seconds
[2022-06-20 16:22:47,933] {processor.py:163} INFO - Started process (PID=31048) to work on /home/leizo/.local/lib/python3.8/site-packages/airflow/example_dags/plugins/workday.py
[2022-06-20 16:22:47,935] {processor.py:642} INFO - Processing file /home/leizo/.local/lib/python3.8/site-packages/airflow/example_dags/plugins/workday.py for tasks to queue
[2022-06-20 16:22:47,936] {logging_mixin.py:109} INFO - [2022-06-20 16:22:47,936] {dagbag.py:500} INFO - Filling up the DagBag from /home/leizo/.local/lib/python3.8/site-packages/airflow/example_dags/plugins/workday.py
[2022-06-20 16:22:47,937] {processor.py:654} WARNING - No viable dags retrieved from /home/leizo/.local/lib/python3.8/site-packages/airflow/example_dags/plugins/workday.py
[2022-06-20 16:22:47,946] {processor.py:171} INFO - Processing /home/leizo/.local/lib/python3.8/site-packages/airflow/example_dags/plugins/workday.py took 0.015 seconds
[2022-06-20 16:24:32,417] {processor.py:163} INFO - Started process (PID=32284) to work on /home/leizo/.local/lib/python3.8/site-packages/airflow/example_dags/plugins/workday.py
[2022-06-20 16:24:32,419] {processor.py:642} INFO - Processing file /home/leizo/.local/lib/python3.8/site-packages/airflow/example_dags/plugins/workday.py for tasks to queue
[2022-06-20 16:24:32,420] {logging_mixin.py:109} INFO - [2022-06-20 16:24:32,420] {dagbag.py:500} INFO - Filling up the DagBag from /home/leizo/.local/lib/python3.8/site-packages/airflow/example_dags/plugins/workday.py
[2022-06-20 16:24:32,422] {processor.py:654} WARNING - No viable dags retrieved from /home/leizo/.local/lib/python3.8/site-packages/airflow/example_dags/plugins/workday.py
[2022-06-20 16:24:32,428] {processor.py:171} INFO - Processing /home/leizo/.local/lib/python3.8/site-packages/airflow/example_dags/plugins/workday.py took 0.014 seconds
[2022-06-20 16:26:25,489] {processor.py:163} INFO - Started process (PID=1203) to work on /home/leizo/.local/lib/python3.8/site-packages/airflow/example_dags/plugins/workday.py
[2022-06-20 16:26:25,492] {processor.py:642} INFO - Processing file /home/leizo/.local/lib/python3.8/site-packages/airflow/example_dags/plugins/workday.py for tasks to queue
[2022-06-20 16:26:25,493] {logging_mixin.py:109} INFO - [2022-06-20 16:26:25,493] {dagbag.py:500} INFO - Filling up the DagBag from /home/leizo/.local/lib/python3.8/site-packages/airflow/example_dags/plugins/workday.py
[2022-06-20 16:26:25,494] {processor.py:654} WARNING - No viable dags retrieved from /home/leizo/.local/lib/python3.8/site-packages/airflow/example_dags/plugins/workday.py
[2022-06-20 16:26:25,501] {processor.py:171} INFO - Processing /home/leizo/.local/lib/python3.8/site-packages/airflow/example_dags/plugins/workday.py took 0.014 seconds
[2022-06-20 16:28:21,197] {processor.py:163} INFO - Started process (PID=2496) to work on /home/leizo/.local/lib/python3.8/site-packages/airflow/example_dags/plugins/workday.py
[2022-06-20 16:28:21,200] {processor.py:642} INFO - Processing file /home/leizo/.local/lib/python3.8/site-packages/airflow/example_dags/plugins/workday.py for tasks to queue
[2022-06-20 16:28:21,201] {logging_mixin.py:109} INFO - [2022-06-20 16:28:21,201] {dagbag.py:500} INFO - Filling up the DagBag from /home/leizo/.local/lib/python3.8/site-packages/airflow/example_dags/plugins/workday.py
[2022-06-20 16:28:21,202] {processor.py:654} WARNING - No viable dags retrieved from /home/leizo/.local/lib/python3.8/site-packages/airflow/example_dags/plugins/workday.py
[2022-06-20 16:28:21,210] {processor.py:171} INFO - Processing /home/leizo/.local/lib/python3.8/site-packages/airflow/example_dags/plugins/workday.py took 0.016 seconds
[2022-06-20 16:30:07,326] {processor.py:163} INFO - Started process (PID=3759) to work on /home/leizo/.local/lib/python3.8/site-packages/airflow/example_dags/plugins/workday.py
[2022-06-20 16:30:07,328] {processor.py:642} INFO - Processing file /home/leizo/.local/lib/python3.8/site-packages/airflow/example_dags/plugins/workday.py for tasks to queue
[2022-06-20 16:30:07,328] {logging_mixin.py:109} INFO - [2022-06-20 16:30:07,328] {dagbag.py:500} INFO - Filling up the DagBag from /home/leizo/.local/lib/python3.8/site-packages/airflow/example_dags/plugins/workday.py
[2022-06-20 16:30:07,330] {processor.py:654} WARNING - No viable dags retrieved from /home/leizo/.local/lib/python3.8/site-packages/airflow/example_dags/plugins/workday.py
[2022-06-20 16:30:07,336] {processor.py:171} INFO - Processing /home/leizo/.local/lib/python3.8/site-packages/airflow/example_dags/plugins/workday.py took 0.013 seconds
[2022-06-20 16:31:51,691] {processor.py:163} INFO - Started process (PID=4984) to work on /home/leizo/.local/lib/python3.8/site-packages/airflow/example_dags/plugins/workday.py
[2022-06-20 16:31:51,693] {processor.py:642} INFO - Processing file /home/leizo/.local/lib/python3.8/site-packages/airflow/example_dags/plugins/workday.py for tasks to queue
[2022-06-20 16:31:51,694] {logging_mixin.py:109} INFO - [2022-06-20 16:31:51,694] {dagbag.py:500} INFO - Filling up the DagBag from /home/leizo/.local/lib/python3.8/site-packages/airflow/example_dags/plugins/workday.py
[2022-06-20 16:31:51,696] {processor.py:654} WARNING - No viable dags retrieved from /home/leizo/.local/lib/python3.8/site-packages/airflow/example_dags/plugins/workday.py
[2022-06-20 16:31:51,702] {processor.py:171} INFO - Processing /home/leizo/.local/lib/python3.8/site-packages/airflow/example_dags/plugins/workday.py took 0.013 seconds
[2022-06-20 16:33:36,783] {processor.py:163} INFO - Started process (PID=6258) to work on /home/leizo/.local/lib/python3.8/site-packages/airflow/example_dags/plugins/workday.py
[2022-06-20 16:33:36,785] {processor.py:642} INFO - Processing file /home/leizo/.local/lib/python3.8/site-packages/airflow/example_dags/plugins/workday.py for tasks to queue
[2022-06-20 16:33:36,786] {logging_mixin.py:109} INFO - [2022-06-20 16:33:36,786] {dagbag.py:500} INFO - Filling up the DagBag from /home/leizo/.local/lib/python3.8/site-packages/airflow/example_dags/plugins/workday.py
[2022-06-20 16:33:36,788] {processor.py:654} WARNING - No viable dags retrieved from /home/leizo/.local/lib/python3.8/site-packages/airflow/example_dags/plugins/workday.py
[2022-06-20 16:33:36,795] {processor.py:171} INFO - Processing /home/leizo/.local/lib/python3.8/site-packages/airflow/example_dags/plugins/workday.py took 0.016 seconds
[2022-06-20 16:35:20,451] {processor.py:163} INFO - Started process (PID=7537) to work on /home/leizo/.local/lib/python3.8/site-packages/airflow/example_dags/plugins/workday.py
[2022-06-20 16:35:20,453] {processor.py:642} INFO - Processing file /home/leizo/.local/lib/python3.8/site-packages/airflow/example_dags/plugins/workday.py for tasks to queue
[2022-06-20 16:35:20,453] {logging_mixin.py:109} INFO - [2022-06-20 16:35:20,453] {dagbag.py:500} INFO - Filling up the DagBag from /home/leizo/.local/lib/python3.8/site-packages/airflow/example_dags/plugins/workday.py
[2022-06-20 16:35:20,455] {processor.py:654} WARNING - No viable dags retrieved from /home/leizo/.local/lib/python3.8/site-packages/airflow/example_dags/plugins/workday.py
[2022-06-20 16:35:20,462] {processor.py:171} INFO - Processing /home/leizo/.local/lib/python3.8/site-packages/airflow/example_dags/plugins/workday.py took 0.014 seconds
[2022-06-20 16:37:11,900] {processor.py:163} INFO - Started process (PID=8817) to work on /home/leizo/.local/lib/python3.8/site-packages/airflow/example_dags/plugins/workday.py
[2022-06-20 16:37:11,903] {processor.py:642} INFO - Processing file /home/leizo/.local/lib/python3.8/site-packages/airflow/example_dags/plugins/workday.py for tasks to queue
[2022-06-20 16:37:11,904] {logging_mixin.py:109} INFO - [2022-06-20 16:37:11,904] {dagbag.py:500} INFO - Filling up the DagBag from /home/leizo/.local/lib/python3.8/site-packages/airflow/example_dags/plugins/workday.py
[2022-06-20 16:37:11,907] {processor.py:654} WARNING - No viable dags retrieved from /home/leizo/.local/lib/python3.8/site-packages/airflow/example_dags/plugins/workday.py
[2022-06-20 16:37:11,919] {processor.py:171} INFO - Processing /home/leizo/.local/lib/python3.8/site-packages/airflow/example_dags/plugins/workday.py took 0.026 seconds
[2022-06-20 16:39:08,671] {processor.py:163} INFO - Started process (PID=10051) to work on /home/leizo/.local/lib/python3.8/site-packages/airflow/example_dags/plugins/workday.py
[2022-06-20 16:39:08,673] {processor.py:642} INFO - Processing file /home/leizo/.local/lib/python3.8/site-packages/airflow/example_dags/plugins/workday.py for tasks to queue
[2022-06-20 16:39:08,673] {logging_mixin.py:109} INFO - [2022-06-20 16:39:08,673] {dagbag.py:500} INFO - Filling up the DagBag from /home/leizo/.local/lib/python3.8/site-packages/airflow/example_dags/plugins/workday.py
[2022-06-20 16:39:08,675] {processor.py:654} WARNING - No viable dags retrieved from /home/leizo/.local/lib/python3.8/site-packages/airflow/example_dags/plugins/workday.py
[2022-06-20 16:39:08,685] {processor.py:171} INFO - Processing /home/leizo/.local/lib/python3.8/site-packages/airflow/example_dags/plugins/workday.py took 0.017 seconds
[2022-06-20 16:46:30,854] {processor.py:163} INFO - Started process (PID=14649) to work on /home/leizo/.local/lib/python3.8/site-packages/airflow/example_dags/plugins/workday.py
[2022-06-20 16:46:30,856] {processor.py:642} INFO - Processing file /home/leizo/.local/lib/python3.8/site-packages/airflow/example_dags/plugins/workday.py for tasks to queue
[2022-06-20 16:46:30,857] {logging_mixin.py:109} INFO - [2022-06-20 16:46:30,857] {dagbag.py:500} INFO - Filling up the DagBag from /home/leizo/.local/lib/python3.8/site-packages/airflow/example_dags/plugins/workday.py
[2022-06-20 16:46:30,858] {processor.py:654} WARNING - No viable dags retrieved from /home/leizo/.local/lib/python3.8/site-packages/airflow/example_dags/plugins/workday.py
[2022-06-20 16:46:30,867] {processor.py:171} INFO - Processing /home/leizo/.local/lib/python3.8/site-packages/airflow/example_dags/plugins/workday.py took 0.016 seconds
[2022-06-20 16:48:43,969] {processor.py:163} INFO - Started process (PID=15923) to work on /home/leizo/.local/lib/python3.8/site-packages/airflow/example_dags/plugins/workday.py
[2022-06-20 16:48:43,971] {processor.py:642} INFO - Processing file /home/leizo/.local/lib/python3.8/site-packages/airflow/example_dags/plugins/workday.py for tasks to queue
[2022-06-20 16:48:43,972] {logging_mixin.py:109} INFO - [2022-06-20 16:48:43,971] {dagbag.py:500} INFO - Filling up the DagBag from /home/leizo/.local/lib/python3.8/site-packages/airflow/example_dags/plugins/workday.py
[2022-06-20 16:48:43,973] {processor.py:654} WARNING - No viable dags retrieved from /home/leizo/.local/lib/python3.8/site-packages/airflow/example_dags/plugins/workday.py
[2022-06-20 16:48:43,983] {processor.py:171} INFO - Processing /home/leizo/.local/lib/python3.8/site-packages/airflow/example_dags/plugins/workday.py took 0.016 seconds
[2022-06-20 16:50:58,682] {processor.py:163} INFO - Started process (PID=17691) to work on /home/leizo/.local/lib/python3.8/site-packages/airflow/example_dags/plugins/workday.py
[2022-06-20 16:50:58,685] {processor.py:642} INFO - Processing file /home/leizo/.local/lib/python3.8/site-packages/airflow/example_dags/plugins/workday.py for tasks to queue
[2022-06-20 16:50:58,686] {logging_mixin.py:109} INFO - [2022-06-20 16:50:58,686] {dagbag.py:500} INFO - Filling up the DagBag from /home/leizo/.local/lib/python3.8/site-packages/airflow/example_dags/plugins/workday.py
[2022-06-20 16:50:58,688] {processor.py:654} WARNING - No viable dags retrieved from /home/leizo/.local/lib/python3.8/site-packages/airflow/example_dags/plugins/workday.py
[2022-06-20 16:50:58,696] {processor.py:171} INFO - Processing /home/leizo/.local/lib/python3.8/site-packages/airflow/example_dags/plugins/workday.py took 0.016 seconds
[2022-06-20 16:53:09,281] {processor.py:163} INFO - Started process (PID=19258) to work on /home/leizo/.local/lib/python3.8/site-packages/airflow/example_dags/plugins/workday.py
[2022-06-20 16:53:09,283] {processor.py:642} INFO - Processing file /home/leizo/.local/lib/python3.8/site-packages/airflow/example_dags/plugins/workday.py for tasks to queue
[2022-06-20 16:53:09,284] {logging_mixin.py:109} INFO - [2022-06-20 16:53:09,284] {dagbag.py:500} INFO - Filling up the DagBag from /home/leizo/.local/lib/python3.8/site-packages/airflow/example_dags/plugins/workday.py
[2022-06-20 16:53:09,286] {processor.py:654} WARNING - No viable dags retrieved from /home/leizo/.local/lib/python3.8/site-packages/airflow/example_dags/plugins/workday.py
[2022-06-20 16:53:09,296] {processor.py:171} INFO - Processing /home/leizo/.local/lib/python3.8/site-packages/airflow/example_dags/plugins/workday.py took 0.017 seconds
[2022-06-20 16:55:36,993] {processor.py:163} INFO - Started process (PID=20512) to work on /home/leizo/.local/lib/python3.8/site-packages/airflow/example_dags/plugins/workday.py
[2022-06-20 16:55:36,996] {processor.py:642} INFO - Processing file /home/leizo/.local/lib/python3.8/site-packages/airflow/example_dags/plugins/workday.py for tasks to queue
[2022-06-20 16:55:36,996] {logging_mixin.py:109} INFO - [2022-06-20 16:55:36,996] {dagbag.py:500} INFO - Filling up the DagBag from /home/leizo/.local/lib/python3.8/site-packages/airflow/example_dags/plugins/workday.py
[2022-06-20 16:55:36,998] {processor.py:654} WARNING - No viable dags retrieved from /home/leizo/.local/lib/python3.8/site-packages/airflow/example_dags/plugins/workday.py
[2022-06-20 16:55:37,005] {processor.py:171} INFO - Processing /home/leizo/.local/lib/python3.8/site-packages/airflow/example_dags/plugins/workday.py took 0.015 seconds
[2022-06-20 16:57:57,686] {processor.py:163} INFO - Started process (PID=21775) to work on /home/leizo/.local/lib/python3.8/site-packages/airflow/example_dags/plugins/workday.py
[2022-06-20 16:57:57,689] {processor.py:642} INFO - Processing file /home/leizo/.local/lib/python3.8/site-packages/airflow/example_dags/plugins/workday.py for tasks to queue
[2022-06-20 16:57:57,691] {logging_mixin.py:109} INFO - [2022-06-20 16:57:57,690] {dagbag.py:500} INFO - Filling up the DagBag from /home/leizo/.local/lib/python3.8/site-packages/airflow/example_dags/plugins/workday.py
[2022-06-20 16:57:57,693] {processor.py:654} WARNING - No viable dags retrieved from /home/leizo/.local/lib/python3.8/site-packages/airflow/example_dags/plugins/workday.py
[2022-06-20 16:57:57,701] {processor.py:171} INFO - Processing /home/leizo/.local/lib/python3.8/site-packages/airflow/example_dags/plugins/workday.py took 0.018 seconds
[2022-06-20 17:00:43,347] {processor.py:163} INFO - Started process (PID=23071) to work on /home/leizo/.local/lib/python3.8/site-packages/airflow/example_dags/plugins/workday.py
[2022-06-20 17:00:43,349] {processor.py:642} INFO - Processing file /home/leizo/.local/lib/python3.8/site-packages/airflow/example_dags/plugins/workday.py for tasks to queue
[2022-06-20 17:00:43,350] {logging_mixin.py:109} INFO - [2022-06-20 17:00:43,350] {dagbag.py:500} INFO - Filling up the DagBag from /home/leizo/.local/lib/python3.8/site-packages/airflow/example_dags/plugins/workday.py
[2022-06-20 17:00:43,352] {processor.py:654} WARNING - No viable dags retrieved from /home/leizo/.local/lib/python3.8/site-packages/airflow/example_dags/plugins/workday.py
[2022-06-20 17:00:43,364] {processor.py:171} INFO - Processing /home/leizo/.local/lib/python3.8/site-packages/airflow/example_dags/plugins/workday.py took 0.024 seconds
[2022-06-20 17:03:14,079] {processor.py:163} INFO - Started process (PID=24368) to work on /home/leizo/.local/lib/python3.8/site-packages/airflow/example_dags/plugins/workday.py
[2022-06-20 17:03:14,091] {processor.py:642} INFO - Processing file /home/leizo/.local/lib/python3.8/site-packages/airflow/example_dags/plugins/workday.py for tasks to queue
[2022-06-20 17:03:14,092] {logging_mixin.py:109} INFO - [2022-06-20 17:03:14,092] {dagbag.py:500} INFO - Filling up the DagBag from /home/leizo/.local/lib/python3.8/site-packages/airflow/example_dags/plugins/workday.py
[2022-06-20 17:03:14,096] {processor.py:654} WARNING - No viable dags retrieved from /home/leizo/.local/lib/python3.8/site-packages/airflow/example_dags/plugins/workday.py
[2022-06-20 17:03:14,112] {processor.py:171} INFO - Processing /home/leizo/.local/lib/python3.8/site-packages/airflow/example_dags/plugins/workday.py took 0.038 seconds
[2022-06-20 17:06:24,255] {processor.py:163} INFO - Started process (PID=25660) to work on /home/leizo/.local/lib/python3.8/site-packages/airflow/example_dags/plugins/workday.py
[2022-06-20 17:06:24,257] {processor.py:642} INFO - Processing file /home/leizo/.local/lib/python3.8/site-packages/airflow/example_dags/plugins/workday.py for tasks to queue
[2022-06-20 17:06:24,258] {logging_mixin.py:109} INFO - [2022-06-20 17:06:24,257] {dagbag.py:500} INFO - Filling up the DagBag from /home/leizo/.local/lib/python3.8/site-packages/airflow/example_dags/plugins/workday.py
[2022-06-20 17:06:24,259] {processor.py:654} WARNING - No viable dags retrieved from /home/leizo/.local/lib/python3.8/site-packages/airflow/example_dags/plugins/workday.py
[2022-06-20 17:06:24,269] {processor.py:171} INFO - Processing /home/leizo/.local/lib/python3.8/site-packages/airflow/example_dags/plugins/workday.py took 0.017 seconds
[2022-06-20 17:09:45,504] {processor.py:163} INFO - Started process (PID=26925) to work on /home/leizo/.local/lib/python3.8/site-packages/airflow/example_dags/plugins/workday.py
[2022-06-20 17:09:45,508] {processor.py:642} INFO - Processing file /home/leizo/.local/lib/python3.8/site-packages/airflow/example_dags/plugins/workday.py for tasks to queue
[2022-06-20 17:09:45,510] {logging_mixin.py:109} INFO - [2022-06-20 17:09:45,510] {dagbag.py:500} INFO - Filling up the DagBag from /home/leizo/.local/lib/python3.8/site-packages/airflow/example_dags/plugins/workday.py
[2022-06-20 17:09:45,514] {processor.py:654} WARNING - No viable dags retrieved from /home/leizo/.local/lib/python3.8/site-packages/airflow/example_dags/plugins/workday.py
[2022-06-20 17:09:45,531] {processor.py:171} INFO - Processing /home/leizo/.local/lib/python3.8/site-packages/airflow/example_dags/plugins/workday.py took 0.033 seconds
[2022-06-20 17:13:13,256] {processor.py:163} INFO - Started process (PID=28172) to work on /home/leizo/.local/lib/python3.8/site-packages/airflow/example_dags/plugins/workday.py
[2022-06-20 17:13:13,260] {processor.py:642} INFO - Processing file /home/leizo/.local/lib/python3.8/site-packages/airflow/example_dags/plugins/workday.py for tasks to queue
[2022-06-20 17:13:13,262] {logging_mixin.py:109} INFO - [2022-06-20 17:13:13,262] {dagbag.py:500} INFO - Filling up the DagBag from /home/leizo/.local/lib/python3.8/site-packages/airflow/example_dags/plugins/workday.py
[2022-06-20 17:13:13,265] {processor.py:654} WARNING - No viable dags retrieved from /home/leizo/.local/lib/python3.8/site-packages/airflow/example_dags/plugins/workday.py
[2022-06-20 17:13:13,281] {processor.py:171} INFO - Processing /home/leizo/.local/lib/python3.8/site-packages/airflow/example_dags/plugins/workday.py took 0.030 seconds
[2022-06-20 17:16:32,963] {processor.py:163} INFO - Started process (PID=29471) to work on /home/leizo/.local/lib/python3.8/site-packages/airflow/example_dags/plugins/workday.py
[2022-06-20 17:16:32,967] {processor.py:642} INFO - Processing file /home/leizo/.local/lib/python3.8/site-packages/airflow/example_dags/plugins/workday.py for tasks to queue
[2022-06-20 17:16:32,969] {logging_mixin.py:109} INFO - [2022-06-20 17:16:32,968] {dagbag.py:500} INFO - Filling up the DagBag from /home/leizo/.local/lib/python3.8/site-packages/airflow/example_dags/plugins/workday.py
[2022-06-20 17:16:32,972] {processor.py:654} WARNING - No viable dags retrieved from /home/leizo/.local/lib/python3.8/site-packages/airflow/example_dags/plugins/workday.py
[2022-06-20 17:16:32,991] {processor.py:171} INFO - Processing /home/leizo/.local/lib/python3.8/site-packages/airflow/example_dags/plugins/workday.py took 0.034 seconds
[2022-06-20 17:19:36,705] {processor.py:163} INFO - Started process (PID=30785) to work on /home/leizo/.local/lib/python3.8/site-packages/airflow/example_dags/plugins/workday.py
[2022-06-20 17:19:36,709] {processor.py:642} INFO - Processing file /home/leizo/.local/lib/python3.8/site-packages/airflow/example_dags/plugins/workday.py for tasks to queue
[2022-06-20 17:19:36,712] {logging_mixin.py:109} INFO - [2022-06-20 17:19:36,711] {dagbag.py:500} INFO - Filling up the DagBag from /home/leizo/.local/lib/python3.8/site-packages/airflow/example_dags/plugins/workday.py
[2022-06-20 17:19:36,716] {processor.py:654} WARNING - No viable dags retrieved from /home/leizo/.local/lib/python3.8/site-packages/airflow/example_dags/plugins/workday.py
[2022-06-20 17:19:36,740] {processor.py:171} INFO - Processing /home/leizo/.local/lib/python3.8/site-packages/airflow/example_dags/plugins/workday.py took 0.042 seconds
[2022-06-20 17:22:38,358] {processor.py:163} INFO - Started process (PID=32100) to work on /home/leizo/.local/lib/python3.8/site-packages/airflow/example_dags/plugins/workday.py
[2022-06-20 17:22:38,361] {processor.py:642} INFO - Processing file /home/leizo/.local/lib/python3.8/site-packages/airflow/example_dags/plugins/workday.py for tasks to queue
[2022-06-20 17:22:38,362] {logging_mixin.py:109} INFO - [2022-06-20 17:22:38,361] {dagbag.py:500} INFO - Filling up the DagBag from /home/leizo/.local/lib/python3.8/site-packages/airflow/example_dags/plugins/workday.py
[2022-06-20 17:22:38,363] {processor.py:654} WARNING - No viable dags retrieved from /home/leizo/.local/lib/python3.8/site-packages/airflow/example_dags/plugins/workday.py
[2022-06-20 17:22:38,375] {processor.py:171} INFO - Processing /home/leizo/.local/lib/python3.8/site-packages/airflow/example_dags/plugins/workday.py took 0.023 seconds
[2022-06-20 17:25:39,779] {processor.py:163} INFO - Started process (PID=972) to work on /home/leizo/.local/lib/python3.8/site-packages/airflow/example_dags/plugins/workday.py
[2022-06-20 17:25:39,782] {processor.py:642} INFO - Processing file /home/leizo/.local/lib/python3.8/site-packages/airflow/example_dags/plugins/workday.py for tasks to queue
[2022-06-20 17:25:39,783] {logging_mixin.py:109} INFO - [2022-06-20 17:25:39,783] {dagbag.py:500} INFO - Filling up the DagBag from /home/leizo/.local/lib/python3.8/site-packages/airflow/example_dags/plugins/workday.py
[2022-06-20 17:25:39,786] {processor.py:654} WARNING - No viable dags retrieved from /home/leizo/.local/lib/python3.8/site-packages/airflow/example_dags/plugins/workday.py
[2022-06-20 17:25:39,800] {processor.py:171} INFO - Processing /home/leizo/.local/lib/python3.8/site-packages/airflow/example_dags/plugins/workday.py took 0.027 seconds
[2022-06-20 17:28:43,987] {processor.py:163} INFO - Started process (PID=2363) to work on /home/leizo/.local/lib/python3.8/site-packages/airflow/example_dags/plugins/workday.py
[2022-06-20 17:28:43,991] {processor.py:642} INFO - Processing file /home/leizo/.local/lib/python3.8/site-packages/airflow/example_dags/plugins/workday.py for tasks to queue
[2022-06-20 17:28:43,993] {logging_mixin.py:109} INFO - [2022-06-20 17:28:43,993] {dagbag.py:500} INFO - Filling up the DagBag from /home/leizo/.local/lib/python3.8/site-packages/airflow/example_dags/plugins/workday.py
[2022-06-20 17:28:43,998] {processor.py:654} WARNING - No viable dags retrieved from /home/leizo/.local/lib/python3.8/site-packages/airflow/example_dags/plugins/workday.py
[2022-06-20 17:28:44,018] {processor.py:171} INFO - Processing /home/leizo/.local/lib/python3.8/site-packages/airflow/example_dags/plugins/workday.py took 0.037 seconds
[2022-06-20 17:31:51,049] {processor.py:163} INFO - Started process (PID=3668) to work on /home/leizo/.local/lib/python3.8/site-packages/airflow/example_dags/plugins/workday.py
[2022-06-20 17:31:51,052] {processor.py:642} INFO - Processing file /home/leizo/.local/lib/python3.8/site-packages/airflow/example_dags/plugins/workday.py for tasks to queue
[2022-06-20 17:31:51,053] {logging_mixin.py:109} INFO - [2022-06-20 17:31:51,052] {dagbag.py:500} INFO - Filling up the DagBag from /home/leizo/.local/lib/python3.8/site-packages/airflow/example_dags/plugins/workday.py
[2022-06-20 17:31:51,056] {processor.py:654} WARNING - No viable dags retrieved from /home/leizo/.local/lib/python3.8/site-packages/airflow/example_dags/plugins/workday.py
[2022-06-20 17:31:51,070] {processor.py:171} INFO - Processing /home/leizo/.local/lib/python3.8/site-packages/airflow/example_dags/plugins/workday.py took 0.027 seconds
[2022-06-20 17:35:02,408] {processor.py:163} INFO - Started process (PID=4917) to work on /home/leizo/.local/lib/python3.8/site-packages/airflow/example_dags/plugins/workday.py
[2022-06-20 17:35:02,410] {processor.py:642} INFO - Processing file /home/leizo/.local/lib/python3.8/site-packages/airflow/example_dags/plugins/workday.py for tasks to queue
[2022-06-20 17:35:02,411] {logging_mixin.py:109} INFO - [2022-06-20 17:35:02,411] {dagbag.py:500} INFO - Filling up the DagBag from /home/leizo/.local/lib/python3.8/site-packages/airflow/example_dags/plugins/workday.py
[2022-06-20 17:35:02,413] {processor.py:654} WARNING - No viable dags retrieved from /home/leizo/.local/lib/python3.8/site-packages/airflow/example_dags/plugins/workday.py
[2022-06-20 17:35:02,422] {processor.py:171} INFO - Processing /home/leizo/.local/lib/python3.8/site-packages/airflow/example_dags/plugins/workday.py took 0.017 seconds
