[2022-06-16 00:47:24,413] {taskinstance.py:1043} INFO - Dependencies all met for <TaskInstance: my_first_dag.format_data_from_spotify manual__2022-06-15T22:45:35.067806+00:00 [queued]>
[2022-06-16 00:47:24,422] {taskinstance.py:1043} INFO - Dependencies all met for <TaskInstance: my_first_dag.format_data_from_spotify manual__2022-06-15T22:45:35.067806+00:00 [queued]>
[2022-06-16 00:47:24,423] {taskinstance.py:1249} INFO - 
--------------------------------------------------------------------------------
[2022-06-16 00:47:24,423] {taskinstance.py:1250} INFO - Starting attempt 1 of 2
[2022-06-16 00:47:24,423] {taskinstance.py:1251} INFO - 
--------------------------------------------------------------------------------
[2022-06-16 00:47:24,440] {taskinstance.py:1270} INFO - Executing <Task(PythonOperator): format_data_from_spotify> on 2022-06-15 22:45:35.067806+00:00
[2022-06-16 00:47:24,443] {standard_task_runner.py:52} INFO - Started process 13612 to run task
[2022-06-16 00:47:24,447] {standard_task_runner.py:79} INFO - Running: ['airflow', 'tasks', 'run', 'my_first_dag', 'format_data_from_spotify', 'manual__2022-06-15T22:45:35.067806+00:00', '--job-id', '74', '--raw', '--subdir', 'DAGS_FOLDER/my_first_dag.py', '--cfg-path', '/tmp/tmplpgaxv6g', '--error-file', '/tmp/tmps8k49r1m']
[2022-06-16 00:47:24,448] {standard_task_runner.py:80} INFO - Job 74: Subtask format_data_from_spotify
[2022-06-16 00:47:24,491] {logging_mixin.py:109} INFO - Running <TaskInstance: my_first_dag.format_data_from_spotify manual__2022-06-15T22:45:35.067806+00:00 [running]> on host LAPTOP-M1F9EL62.localdomain
[2022-06-16 00:47:24,541] {taskinstance.py:1446} INFO - Exporting the following env vars:
AIRFLOW_CTX_DAG_EMAIL=airflow@example.com
AIRFLOW_CTX_DAG_OWNER=airflow
AIRFLOW_CTX_DAG_ID=my_first_dag
AIRFLOW_CTX_TASK_ID=format_data_from_spotify
AIRFLOW_CTX_EXECUTION_DATE=2022-06-15T22:45:35.067806+00:00
AIRFLOW_CTX_DAG_RUN_ID=manual__2022-06-15T22:45:35.067806+00:00
[2022-06-16 00:47:24,875] {logging_mixin.py:109} INFO - paquet already exists dailyMix1 20220616
[2022-06-16 00:47:25,197] {logging_mixin.py:109} INFO - paquet already exists dailyMix2 20220616
[2022-06-16 00:47:25,514] {logging_mixin.py:109} INFO - paquet already exists dailyMix3 20220616
[2022-06-16 00:47:25,853] {logging_mixin.py:109} INFO - paquet already exists dailyMix4 20220616
[2022-06-16 00:47:26,126] {logging_mixin.py:109} INFO - paquet already exists dailyMix5 20220616
[2022-06-16 00:47:26,458] {logging_mixin.py:109} INFO - paquet already exists dailyMix6 20220616
[2022-06-16 00:47:27,220] {logging_mixin.py:109} INFO - paquet already exists mixRock 20220616
[2022-06-16 00:47:27,518] {logging_mixin.py:109} INFO - paquet already exists mixIndie 20220616
[2022-06-16 00:47:27,904] {logging_mixin.py:109} INFO - paquet already exists feelGoodIndieRock 20220616
[2022-06-16 00:47:28,246] {logging_mixin.py:109} INFO - paquet already exists topAlternative 20220616
[2022-06-16 00:47:28,247] {python.py:175} INFO - Done. Returned value was: None
[2022-06-16 00:47:28,270] {taskinstance.py:1278} INFO - Marking task as SUCCESS. dag_id=my_first_dag, task_id=format_data_from_spotify, execution_date=20220615T224535, start_date=20220615T224724, end_date=20220615T224728
[2022-06-16 00:47:28,328] {local_task_job.py:154} INFO - Task exited with return code 0
[2022-06-16 00:47:28,366] {local_task_job.py:264} INFO - 1 downstream tasks scheduled from follow-on schedule check
