[2022-06-13 22:37:17,028] {taskinstance.py:1043} INFO - Dependencies all met for <TaskInstance: my_first_dag.fetch_data_from_lastfm manual__2022-06-13T20:37:14.187954+00:00 [queued]>
[2022-06-13 22:37:17,052] {taskinstance.py:1043} INFO - Dependencies all met for <TaskInstance: my_first_dag.fetch_data_from_lastfm manual__2022-06-13T20:37:14.187954+00:00 [queued]>
[2022-06-13 22:37:17,052] {taskinstance.py:1249} INFO - 
--------------------------------------------------------------------------------
[2022-06-13 22:37:17,053] {taskinstance.py:1250} INFO - Starting attempt 1 of 2
[2022-06-13 22:37:17,053] {taskinstance.py:1251} INFO - 
--------------------------------------------------------------------------------
[2022-06-13 22:37:17,088] {taskinstance.py:1270} INFO - Executing <Task(PythonOperator): fetch_data_from_lastfm> on 2022-06-13 20:37:14.187954+00:00
[2022-06-13 22:37:17,091] {standard_task_runner.py:52} INFO - Started process 5516 to run task
[2022-06-13 22:37:17,097] {standard_task_runner.py:79} INFO - Running: ['airflow', 'tasks', 'run', 'my_first_dag', 'fetch_data_from_lastfm', 'manual__2022-06-13T20:37:14.187954+00:00', '--job-id', '53', '--raw', '--subdir', 'DAGS_FOLDER/my_first_dag.py', '--cfg-path', '/tmp/tmp6y5f_bkh', '--error-file', '/tmp/tmpea0cmle7']
[2022-06-13 22:37:17,099] {standard_task_runner.py:80} INFO - Job 53: Subtask fetch_data_from_lastfm
[2022-06-13 22:37:17,186] {logging_mixin.py:109} INFO - Running <TaskInstance: my_first_dag.fetch_data_from_lastfm manual__2022-06-13T20:37:14.187954+00:00 [running]> on host LAPTOP-M1F9EL62.localdomain
[2022-06-13 22:37:17,258] {taskinstance.py:1446} INFO - Exporting the following env vars:
AIRFLOW_CTX_DAG_EMAIL=airflow@example.com
AIRFLOW_CTX_DAG_OWNER=airflow
AIRFLOW_CTX_DAG_ID=my_first_dag
AIRFLOW_CTX_TASK_ID=fetch_data_from_lastfm
AIRFLOW_CTX_EXECUTION_DATE=2022-06-13T20:37:14.187954+00:00
AIRFLOW_CTX_DAG_RUN_ID=manual__2022-06-13T20:37:14.187954+00:00
[2022-06-13 22:37:17,924] {logging_mixin.py:109} INFO - Writing here:  /home/leizo/datalake/raw/lastfm/topArtist/rock/20220613/
[2022-06-13 22:37:18,681] {logging_mixin.py:109} INFO - Writing here:  /home/leizo/datalake/raw/lastfm/topTracks/rock/20220613/
[2022-06-13 22:37:19,287] {logging_mixin.py:109} INFO - Writing here:  /home/leizo/datalake/raw/lastfm/topArtist/indie/20220613/
[2022-06-13 22:37:20,829] {logging_mixin.py:109} INFO - Writing here:  /home/leizo/datalake/raw/lastfm/topTracks/indie/20220613/
[2022-06-13 22:37:23,148] {logging_mixin.py:109} INFO - Writing here:  /home/leizo/datalake/raw/lastfm/topArtist/indie rock/20220613/
[2022-06-13 22:37:23,813] {logging_mixin.py:109} INFO - Writing here:  /home/leizo/datalake/raw/lastfm/topTracks/indie rock/20220613/
[2022-06-13 22:37:24,432] {logging_mixin.py:109} INFO - Writing here:  /home/leizo/datalake/raw/lastfm/topArtist/alternative/20220613/
[2022-06-13 22:37:25,206] {logging_mixin.py:109} INFO - Writing here:  /home/leizo/datalake/raw/lastfm/topTracks/alternative/20220613/
[2022-06-13 22:37:26,040] {logging_mixin.py:109} INFO - Writing here:  /home/leizo/datalake/raw/lastfm/topArtist/pop/20220613/
[2022-06-13 22:37:26,722] {logging_mixin.py:109} INFO - Writing here:  /home/leizo/datalake/raw/lastfm/topTracks/pop/20220613/
[2022-06-13 22:37:26,724] {python.py:175} INFO - Done. Returned value was: None
[2022-06-13 22:37:26,729] {taskinstance.py:1278} INFO - Marking task as SUCCESS. dag_id=my_first_dag, task_id=fetch_data_from_lastfm, execution_date=20220613T203714, start_date=20220613T203717, end_date=20220613T203726
[2022-06-13 22:37:26,773] {local_task_job.py:154} INFO - Task exited with return code 0
[2022-06-13 22:37:26,801] {local_task_job.py:264} INFO - 1 downstream tasks scheduled from follow-on schedule check
