[2022-06-12 21:59:25,962] {processor.py:163} INFO - Started process (PID=103) to work on /home/leizo/airflow/dags/lib/spotify_fetcher.py
[2022-06-12 21:59:25,965] {processor.py:642} INFO - Processing file /home/leizo/airflow/dags/lib/spotify_fetcher.py for tasks to queue
[2022-06-12 21:59:25,967] {logging_mixin.py:109} INFO - [2022-06-12 21:59:25,966] {dagbag.py:500} INFO - Filling up the DagBag from /home/leizo/airflow/dags/lib/spotify_fetcher.py
[2022-06-12 21:59:25,971] {processor.py:654} WARNING - No viable dags retrieved from /home/leizo/airflow/dags/lib/spotify_fetcher.py
[2022-06-12 21:59:25,997] {processor.py:171} INFO - Processing /home/leizo/airflow/dags/lib/spotify_fetcher.py took 0.043 seconds
[2022-06-12 22:00:13,177] {processor.py:163} INFO - Started process (PID=171) to work on /home/leizo/airflow/dags/lib/spotify_fetcher.py
[2022-06-12 22:00:13,181] {processor.py:642} INFO - Processing file /home/leizo/airflow/dags/lib/spotify_fetcher.py for tasks to queue
[2022-06-12 22:00:13,183] {logging_mixin.py:109} INFO - [2022-06-12 22:00:13,182] {dagbag.py:500} INFO - Filling up the DagBag from /home/leizo/airflow/dags/lib/spotify_fetcher.py
[2022-06-12 22:00:13,186] {processor.py:654} WARNING - No viable dags retrieved from /home/leizo/airflow/dags/lib/spotify_fetcher.py
[2022-06-12 22:00:13,205] {processor.py:171} INFO - Processing /home/leizo/airflow/dags/lib/spotify_fetcher.py took 0.034 seconds
[2022-06-12 22:00:46,601] {processor.py:163} INFO - Started process (PID=196) to work on /home/leizo/airflow/dags/lib/spotify_fetcher.py
[2022-06-12 22:00:46,604] {processor.py:642} INFO - Processing file /home/leizo/airflow/dags/lib/spotify_fetcher.py for tasks to queue
[2022-06-12 22:00:46,605] {logging_mixin.py:109} INFO - [2022-06-12 22:00:46,605] {dagbag.py:500} INFO - Filling up the DagBag from /home/leizo/airflow/dags/lib/spotify_fetcher.py
[2022-06-12 22:00:46,608] {processor.py:654} WARNING - No viable dags retrieved from /home/leizo/airflow/dags/lib/spotify_fetcher.py
[2022-06-12 22:00:46,631] {processor.py:171} INFO - Processing /home/leizo/airflow/dags/lib/spotify_fetcher.py took 0.040 seconds
[2022-06-12 22:01:23,302] {processor.py:163} INFO - Started process (PID=220) to work on /home/leizo/airflow/dags/lib/spotify_fetcher.py
[2022-06-12 22:01:23,305] {processor.py:642} INFO - Processing file /home/leizo/airflow/dags/lib/spotify_fetcher.py for tasks to queue
[2022-06-12 22:01:23,307] {logging_mixin.py:109} INFO - [2022-06-12 22:01:23,307] {dagbag.py:500} INFO - Filling up the DagBag from /home/leizo/airflow/dags/lib/spotify_fetcher.py
[2022-06-12 22:01:23,312] {processor.py:654} WARNING - No viable dags retrieved from /home/leizo/airflow/dags/lib/spotify_fetcher.py
[2022-06-12 22:01:23,330] {processor.py:171} INFO - Processing /home/leizo/airflow/dags/lib/spotify_fetcher.py took 0.042 seconds
[2022-06-12 22:02:00,074] {processor.py:163} INFO - Started process (PID=248) to work on /home/leizo/airflow/dags/lib/spotify_fetcher.py
[2022-06-12 22:02:00,079] {processor.py:642} INFO - Processing file /home/leizo/airflow/dags/lib/spotify_fetcher.py for tasks to queue
[2022-06-12 22:02:00,081] {logging_mixin.py:109} INFO - [2022-06-12 22:02:00,081] {dagbag.py:500} INFO - Filling up the DagBag from /home/leizo/airflow/dags/lib/spotify_fetcher.py
[2022-06-12 22:02:00,084] {processor.py:654} WARNING - No viable dags retrieved from /home/leizo/airflow/dags/lib/spotify_fetcher.py
[2022-06-12 22:02:00,103] {processor.py:171} INFO - Processing /home/leizo/airflow/dags/lib/spotify_fetcher.py took 0.035 seconds
[2022-06-12 22:02:37,380] {processor.py:163} INFO - Started process (PID=278) to work on /home/leizo/airflow/dags/lib/spotify_fetcher.py
[2022-06-12 22:02:37,383] {processor.py:642} INFO - Processing file /home/leizo/airflow/dags/lib/spotify_fetcher.py for tasks to queue
[2022-06-12 22:02:37,384] {logging_mixin.py:109} INFO - [2022-06-12 22:02:37,384] {dagbag.py:500} INFO - Filling up the DagBag from /home/leizo/airflow/dags/lib/spotify_fetcher.py
[2022-06-12 22:02:37,386] {processor.py:654} WARNING - No viable dags retrieved from /home/leizo/airflow/dags/lib/spotify_fetcher.py
[2022-06-12 22:02:37,396] {processor.py:171} INFO - Processing /home/leizo/airflow/dags/lib/spotify_fetcher.py took 0.021 seconds
[2022-06-12 22:03:10,319] {processor.py:163} INFO - Started process (PID=306) to work on /home/leizo/airflow/dags/lib/spotify_fetcher.py
[2022-06-12 22:03:10,320] {processor.py:642} INFO - Processing file /home/leizo/airflow/dags/lib/spotify_fetcher.py for tasks to queue
[2022-06-12 22:03:10,321] {logging_mixin.py:109} INFO - [2022-06-12 22:03:10,321] {dagbag.py:500} INFO - Filling up the DagBag from /home/leizo/airflow/dags/lib/spotify_fetcher.py
[2022-06-12 22:03:10,323] {processor.py:654} WARNING - No viable dags retrieved from /home/leizo/airflow/dags/lib/spotify_fetcher.py
[2022-06-12 22:03:10,335] {processor.py:171} INFO - Processing /home/leizo/airflow/dags/lib/spotify_fetcher.py took 0.020 seconds
[2022-06-12 22:03:44,630] {processor.py:163} INFO - Started process (PID=334) to work on /home/leizo/airflow/dags/lib/spotify_fetcher.py
[2022-06-12 22:03:44,633] {processor.py:642} INFO - Processing file /home/leizo/airflow/dags/lib/spotify_fetcher.py for tasks to queue
[2022-06-12 22:03:44,635] {logging_mixin.py:109} INFO - [2022-06-12 22:03:44,635] {dagbag.py:500} INFO - Filling up the DagBag from /home/leizo/airflow/dags/lib/spotify_fetcher.py
[2022-06-12 22:03:44,644] {processor.py:654} WARNING - No viable dags retrieved from /home/leizo/airflow/dags/lib/spotify_fetcher.py
[2022-06-12 22:03:44,677] {processor.py:171} INFO - Processing /home/leizo/airflow/dags/lib/spotify_fetcher.py took 0.052 seconds
[2022-06-12 22:04:31,973] {processor.py:163} INFO - Started process (PID=367) to work on /home/leizo/airflow/dags/lib/spotify_fetcher.py
[2022-06-12 22:04:31,976] {processor.py:642} INFO - Processing file /home/leizo/airflow/dags/lib/spotify_fetcher.py for tasks to queue
[2022-06-12 22:04:31,979] {logging_mixin.py:109} INFO - [2022-06-12 22:04:31,978] {dagbag.py:500} INFO - Filling up the DagBag from /home/leizo/airflow/dags/lib/spotify_fetcher.py
[2022-06-12 22:04:31,984] {processor.py:654} WARNING - No viable dags retrieved from /home/leizo/airflow/dags/lib/spotify_fetcher.py
[2022-06-12 22:04:32,004] {processor.py:171} INFO - Processing /home/leizo/airflow/dags/lib/spotify_fetcher.py took 0.038 seconds
[2022-06-12 22:05:16,213] {processor.py:163} INFO - Started process (PID=397) to work on /home/leizo/airflow/dags/lib/spotify_fetcher.py
[2022-06-12 22:05:16,217] {processor.py:642} INFO - Processing file /home/leizo/airflow/dags/lib/spotify_fetcher.py for tasks to queue
[2022-06-12 22:05:16,218] {logging_mixin.py:109} INFO - [2022-06-12 22:05:16,218] {dagbag.py:500} INFO - Filling up the DagBag from /home/leizo/airflow/dags/lib/spotify_fetcher.py
[2022-06-12 22:05:16,222] {processor.py:654} WARNING - No viable dags retrieved from /home/leizo/airflow/dags/lib/spotify_fetcher.py
[2022-06-12 22:05:16,256] {processor.py:171} INFO - Processing /home/leizo/airflow/dags/lib/spotify_fetcher.py took 0.055 seconds
[2022-06-12 22:05:51,718] {processor.py:163} INFO - Started process (PID=459) to work on /home/leizo/airflow/dags/lib/spotify_fetcher.py
[2022-06-12 22:05:51,721] {processor.py:642} INFO - Processing file /home/leizo/airflow/dags/lib/spotify_fetcher.py for tasks to queue
[2022-06-12 22:05:51,722] {logging_mixin.py:109} INFO - [2022-06-12 22:05:51,722] {dagbag.py:500} INFO - Filling up the DagBag from /home/leizo/airflow/dags/lib/spotify_fetcher.py
[2022-06-12 22:05:51,725] {processor.py:654} WARNING - No viable dags retrieved from /home/leizo/airflow/dags/lib/spotify_fetcher.py
[2022-06-12 22:05:51,742] {processor.py:171} INFO - Processing /home/leizo/airflow/dags/lib/spotify_fetcher.py took 0.032 seconds
[2022-06-12 22:06:25,655] {processor.py:163} INFO - Started process (PID=610) to work on /home/leizo/airflow/dags/lib/spotify_fetcher.py
[2022-06-12 22:06:25,659] {processor.py:642} INFO - Processing file /home/leizo/airflow/dags/lib/spotify_fetcher.py for tasks to queue
[2022-06-12 22:06:25,667] {logging_mixin.py:109} INFO - [2022-06-12 22:06:25,660] {dagbag.py:500} INFO - Filling up the DagBag from /home/leizo/airflow/dags/lib/spotify_fetcher.py
[2022-06-12 22:06:25,673] {processor.py:654} WARNING - No viable dags retrieved from /home/leizo/airflow/dags/lib/spotify_fetcher.py
[2022-06-12 22:06:25,702] {processor.py:171} INFO - Processing /home/leizo/airflow/dags/lib/spotify_fetcher.py took 0.058 seconds
[2022-06-12 22:06:57,583] {processor.py:163} INFO - Started process (PID=637) to work on /home/leizo/airflow/dags/lib/spotify_fetcher.py
[2022-06-12 22:06:57,584] {processor.py:642} INFO - Processing file /home/leizo/airflow/dags/lib/spotify_fetcher.py for tasks to queue
[2022-06-12 22:06:57,585] {logging_mixin.py:109} INFO - [2022-06-12 22:06:57,585] {dagbag.py:500} INFO - Filling up the DagBag from /home/leizo/airflow/dags/lib/spotify_fetcher.py
[2022-06-12 22:06:57,587] {processor.py:654} WARNING - No viable dags retrieved from /home/leizo/airflow/dags/lib/spotify_fetcher.py
[2022-06-12 22:06:57,599] {processor.py:171} INFO - Processing /home/leizo/airflow/dags/lib/spotify_fetcher.py took 0.019 seconds
[2022-06-12 22:07:28,007] {processor.py:163} INFO - Started process (PID=664) to work on /home/leizo/airflow/dags/lib/spotify_fetcher.py
[2022-06-12 22:07:28,009] {processor.py:642} INFO - Processing file /home/leizo/airflow/dags/lib/spotify_fetcher.py for tasks to queue
[2022-06-12 22:07:28,010] {logging_mixin.py:109} INFO - [2022-06-12 22:07:28,010] {dagbag.py:500} INFO - Filling up the DagBag from /home/leizo/airflow/dags/lib/spotify_fetcher.py
[2022-06-12 22:07:28,012] {processor.py:654} WARNING - No viable dags retrieved from /home/leizo/airflow/dags/lib/spotify_fetcher.py
[2022-06-12 22:07:28,023] {processor.py:171} INFO - Processing /home/leizo/airflow/dags/lib/spotify_fetcher.py took 0.020 seconds
[2022-06-12 22:07:58,905] {processor.py:163} INFO - Started process (PID=693) to work on /home/leizo/airflow/dags/lib/spotify_fetcher.py
[2022-06-12 22:07:58,906] {processor.py:642} INFO - Processing file /home/leizo/airflow/dags/lib/spotify_fetcher.py for tasks to queue
[2022-06-12 22:07:58,906] {logging_mixin.py:109} INFO - [2022-06-12 22:07:58,906] {dagbag.py:500} INFO - Filling up the DagBag from /home/leizo/airflow/dags/lib/spotify_fetcher.py
[2022-06-12 22:07:58,908] {processor.py:654} WARNING - No viable dags retrieved from /home/leizo/airflow/dags/lib/spotify_fetcher.py
[2022-06-12 22:07:58,916] {processor.py:171} INFO - Processing /home/leizo/airflow/dags/lib/spotify_fetcher.py took 0.013 seconds
[2022-06-12 22:08:30,452] {processor.py:163} INFO - Started process (PID=725) to work on /home/leizo/airflow/dags/lib/spotify_fetcher.py
[2022-06-12 22:08:30,454] {processor.py:642} INFO - Processing file /home/leizo/airflow/dags/lib/spotify_fetcher.py for tasks to queue
[2022-06-12 22:08:30,454] {logging_mixin.py:109} INFO - [2022-06-12 22:08:30,454] {dagbag.py:500} INFO - Filling up the DagBag from /home/leizo/airflow/dags/lib/spotify_fetcher.py
[2022-06-12 22:08:30,456] {processor.py:654} WARNING - No viable dags retrieved from /home/leizo/airflow/dags/lib/spotify_fetcher.py
[2022-06-12 22:08:30,464] {processor.py:171} INFO - Processing /home/leizo/airflow/dags/lib/spotify_fetcher.py took 0.015 seconds
[2022-06-12 22:09:01,857] {processor.py:163} INFO - Started process (PID=753) to work on /home/leizo/airflow/dags/lib/spotify_fetcher.py
[2022-06-12 22:09:01,858] {processor.py:642} INFO - Processing file /home/leizo/airflow/dags/lib/spotify_fetcher.py for tasks to queue
[2022-06-12 22:09:01,858] {logging_mixin.py:109} INFO - [2022-06-12 22:09:01,858] {dagbag.py:500} INFO - Filling up the DagBag from /home/leizo/airflow/dags/lib/spotify_fetcher.py
[2022-06-12 22:09:01,860] {processor.py:654} WARNING - No viable dags retrieved from /home/leizo/airflow/dags/lib/spotify_fetcher.py
[2022-06-12 22:09:01,869] {processor.py:171} INFO - Processing /home/leizo/airflow/dags/lib/spotify_fetcher.py took 0.015 seconds
[2022-06-12 22:09:40,278] {processor.py:163} INFO - Started process (PID=787) to work on /home/leizo/airflow/dags/lib/spotify_fetcher.py
[2022-06-12 22:09:40,279] {processor.py:642} INFO - Processing file /home/leizo/airflow/dags/lib/spotify_fetcher.py for tasks to queue
[2022-06-12 22:09:40,280] {logging_mixin.py:109} INFO - [2022-06-12 22:09:40,280] {dagbag.py:500} INFO - Filling up the DagBag from /home/leizo/airflow/dags/lib/spotify_fetcher.py
[2022-06-12 22:09:40,282] {processor.py:654} WARNING - No viable dags retrieved from /home/leizo/airflow/dags/lib/spotify_fetcher.py
[2022-06-12 22:09:40,295] {processor.py:171} INFO - Processing /home/leizo/airflow/dags/lib/spotify_fetcher.py took 0.021 seconds
[2022-06-12 22:10:11,663] {processor.py:163} INFO - Started process (PID=817) to work on /home/leizo/airflow/dags/lib/spotify_fetcher.py
[2022-06-12 22:10:11,665] {processor.py:642} INFO - Processing file /home/leizo/airflow/dags/lib/spotify_fetcher.py for tasks to queue
[2022-06-12 22:10:11,665] {logging_mixin.py:109} INFO - [2022-06-12 22:10:11,665] {dagbag.py:500} INFO - Filling up the DagBag from /home/leizo/airflow/dags/lib/spotify_fetcher.py
[2022-06-12 22:10:11,668] {processor.py:654} WARNING - No viable dags retrieved from /home/leizo/airflow/dags/lib/spotify_fetcher.py
[2022-06-12 22:10:11,678] {processor.py:171} INFO - Processing /home/leizo/airflow/dags/lib/spotify_fetcher.py took 0.017 seconds
[2022-06-12 22:10:50,394] {processor.py:163} INFO - Started process (PID=847) to work on /home/leizo/airflow/dags/lib/spotify_fetcher.py
[2022-06-12 22:10:50,396] {processor.py:642} INFO - Processing file /home/leizo/airflow/dags/lib/spotify_fetcher.py for tasks to queue
[2022-06-12 22:10:50,397] {logging_mixin.py:109} INFO - [2022-06-12 22:10:50,397] {dagbag.py:500} INFO - Filling up the DagBag from /home/leizo/airflow/dags/lib/spotify_fetcher.py
[2022-06-12 22:10:50,399] {processor.py:654} WARNING - No viable dags retrieved from /home/leizo/airflow/dags/lib/spotify_fetcher.py
[2022-06-12 22:10:50,409] {processor.py:171} INFO - Processing /home/leizo/airflow/dags/lib/spotify_fetcher.py took 0.019 seconds
[2022-06-12 22:11:26,842] {processor.py:163} INFO - Started process (PID=871) to work on /home/leizo/airflow/dags/lib/spotify_fetcher.py
[2022-06-12 22:11:26,845] {processor.py:642} INFO - Processing file /home/leizo/airflow/dags/lib/spotify_fetcher.py for tasks to queue
[2022-06-12 22:11:26,847] {logging_mixin.py:109} INFO - [2022-06-12 22:11:26,847] {dagbag.py:500} INFO - Filling up the DagBag from /home/leizo/airflow/dags/lib/spotify_fetcher.py
[2022-06-12 22:11:26,850] {processor.py:654} WARNING - No viable dags retrieved from /home/leizo/airflow/dags/lib/spotify_fetcher.py
[2022-06-12 22:11:26,881] {processor.py:171} INFO - Processing /home/leizo/airflow/dags/lib/spotify_fetcher.py took 0.049 seconds
[2022-06-12 22:11:57,393] {processor.py:163} INFO - Started process (PID=896) to work on /home/leizo/airflow/dags/lib/spotify_fetcher.py
[2022-06-12 22:11:57,397] {processor.py:642} INFO - Processing file /home/leizo/airflow/dags/lib/spotify_fetcher.py for tasks to queue
[2022-06-12 22:11:57,398] {logging_mixin.py:109} INFO - [2022-06-12 22:11:57,398] {dagbag.py:500} INFO - Filling up the DagBag from /home/leizo/airflow/dags/lib/spotify_fetcher.py
[2022-06-12 22:11:57,401] {processor.py:654} WARNING - No viable dags retrieved from /home/leizo/airflow/dags/lib/spotify_fetcher.py
[2022-06-12 22:11:57,420] {processor.py:171} INFO - Processing /home/leizo/airflow/dags/lib/spotify_fetcher.py took 0.042 seconds
[2022-06-12 22:12:36,081] {processor.py:163} INFO - Started process (PID=928) to work on /home/leizo/airflow/dags/lib/spotify_fetcher.py
[2022-06-12 22:12:36,082] {processor.py:642} INFO - Processing file /home/leizo/airflow/dags/lib/spotify_fetcher.py for tasks to queue
[2022-06-12 22:12:36,083] {logging_mixin.py:109} INFO - [2022-06-12 22:12:36,083] {dagbag.py:500} INFO - Filling up the DagBag from /home/leizo/airflow/dags/lib/spotify_fetcher.py
[2022-06-12 22:12:36,085] {processor.py:654} WARNING - No viable dags retrieved from /home/leizo/airflow/dags/lib/spotify_fetcher.py
[2022-06-12 22:12:36,095] {processor.py:171} INFO - Processing /home/leizo/airflow/dags/lib/spotify_fetcher.py took 0.018 seconds
[2022-06-12 22:13:13,857] {processor.py:163} INFO - Started process (PID=961) to work on /home/leizo/airflow/dags/lib/spotify_fetcher.py
[2022-06-12 22:13:13,858] {processor.py:642} INFO - Processing file /home/leizo/airflow/dags/lib/spotify_fetcher.py for tasks to queue
[2022-06-12 22:13:13,859] {logging_mixin.py:109} INFO - [2022-06-12 22:13:13,859] {dagbag.py:500} INFO - Filling up the DagBag from /home/leizo/airflow/dags/lib/spotify_fetcher.py
[2022-06-12 22:13:13,861] {processor.py:654} WARNING - No viable dags retrieved from /home/leizo/airflow/dags/lib/spotify_fetcher.py
[2022-06-12 22:13:13,873] {processor.py:171} INFO - Processing /home/leizo/airflow/dags/lib/spotify_fetcher.py took 0.019 seconds
[2022-06-12 22:13:45,479] {processor.py:163} INFO - Started process (PID=990) to work on /home/leizo/airflow/dags/lib/spotify_fetcher.py
[2022-06-12 22:13:45,481] {processor.py:642} INFO - Processing file /home/leizo/airflow/dags/lib/spotify_fetcher.py for tasks to queue
[2022-06-12 22:13:45,481] {logging_mixin.py:109} INFO - [2022-06-12 22:13:45,481] {dagbag.py:500} INFO - Filling up the DagBag from /home/leizo/airflow/dags/lib/spotify_fetcher.py
[2022-06-12 22:13:45,483] {processor.py:654} WARNING - No viable dags retrieved from /home/leizo/airflow/dags/lib/spotify_fetcher.py
[2022-06-12 22:13:45,494] {processor.py:171} INFO - Processing /home/leizo/airflow/dags/lib/spotify_fetcher.py took 0.019 seconds
[2022-06-12 22:14:16,719] {processor.py:163} INFO - Started process (PID=1018) to work on /home/leizo/airflow/dags/lib/spotify_fetcher.py
[2022-06-12 22:14:16,721] {processor.py:642} INFO - Processing file /home/leizo/airflow/dags/lib/spotify_fetcher.py for tasks to queue
[2022-06-12 22:14:16,722] {logging_mixin.py:109} INFO - [2022-06-12 22:14:16,722] {dagbag.py:500} INFO - Filling up the DagBag from /home/leizo/airflow/dags/lib/spotify_fetcher.py
[2022-06-12 22:14:16,724] {processor.py:654} WARNING - No viable dags retrieved from /home/leizo/airflow/dags/lib/spotify_fetcher.py
[2022-06-12 22:14:16,736] {processor.py:171} INFO - Processing /home/leizo/airflow/dags/lib/spotify_fetcher.py took 0.020 seconds
[2022-06-12 22:14:49,279] {processor.py:163} INFO - Started process (PID=1050) to work on /home/leizo/airflow/dags/lib/spotify_fetcher.py
[2022-06-12 22:14:49,281] {processor.py:642} INFO - Processing file /home/leizo/airflow/dags/lib/spotify_fetcher.py for tasks to queue
[2022-06-12 22:14:49,281] {logging_mixin.py:109} INFO - [2022-06-12 22:14:49,281] {dagbag.py:500} INFO - Filling up the DagBag from /home/leizo/airflow/dags/lib/spotify_fetcher.py
[2022-06-12 22:14:49,282] {processor.py:654} WARNING - No viable dags retrieved from /home/leizo/airflow/dags/lib/spotify_fetcher.py
[2022-06-12 22:14:49,288] {processor.py:171} INFO - Processing /home/leizo/airflow/dags/lib/spotify_fetcher.py took 0.011 seconds
[2022-06-12 22:15:22,038] {processor.py:163} INFO - Started process (PID=1082) to work on /home/leizo/airflow/dags/lib/spotify_fetcher.py
[2022-06-12 22:15:22,039] {processor.py:642} INFO - Processing file /home/leizo/airflow/dags/lib/spotify_fetcher.py for tasks to queue
[2022-06-12 22:15:22,039] {logging_mixin.py:109} INFO - [2022-06-12 22:15:22,039] {dagbag.py:500} INFO - Filling up the DagBag from /home/leizo/airflow/dags/lib/spotify_fetcher.py
[2022-06-12 22:15:22,040] {processor.py:654} WARNING - No viable dags retrieved from /home/leizo/airflow/dags/lib/spotify_fetcher.py
[2022-06-12 22:15:22,048] {processor.py:171} INFO - Processing /home/leizo/airflow/dags/lib/spotify_fetcher.py took 0.012 seconds
[2022-06-12 22:15:58,021] {processor.py:163} INFO - Started process (PID=1116) to work on /home/leizo/airflow/dags/lib/spotify_fetcher.py
[2022-06-12 22:15:58,023] {processor.py:642} INFO - Processing file /home/leizo/airflow/dags/lib/spotify_fetcher.py for tasks to queue
[2022-06-12 22:15:58,023] {logging_mixin.py:109} INFO - [2022-06-12 22:15:58,023] {dagbag.py:500} INFO - Filling up the DagBag from /home/leizo/airflow/dags/lib/spotify_fetcher.py
[2022-06-12 22:15:58,024] {processor.py:654} WARNING - No viable dags retrieved from /home/leizo/airflow/dags/lib/spotify_fetcher.py
[2022-06-12 22:15:58,030] {processor.py:171} INFO - Processing /home/leizo/airflow/dags/lib/spotify_fetcher.py took 0.012 seconds
[2022-06-12 22:16:30,912] {processor.py:163} INFO - Started process (PID=1148) to work on /home/leizo/airflow/dags/lib/spotify_fetcher.py
[2022-06-12 22:16:30,913] {processor.py:642} INFO - Processing file /home/leizo/airflow/dags/lib/spotify_fetcher.py for tasks to queue
[2022-06-12 22:16:30,914] {logging_mixin.py:109} INFO - [2022-06-12 22:16:30,914] {dagbag.py:500} INFO - Filling up the DagBag from /home/leizo/airflow/dags/lib/spotify_fetcher.py
[2022-06-12 22:16:30,915] {processor.py:654} WARNING - No viable dags retrieved from /home/leizo/airflow/dags/lib/spotify_fetcher.py
[2022-06-12 22:16:30,922] {processor.py:171} INFO - Processing /home/leizo/airflow/dags/lib/spotify_fetcher.py took 0.012 seconds
[2022-06-12 22:17:04,487] {processor.py:163} INFO - Started process (PID=1181) to work on /home/leizo/airflow/dags/lib/spotify_fetcher.py
[2022-06-12 22:17:04,489] {processor.py:642} INFO - Processing file /home/leizo/airflow/dags/lib/spotify_fetcher.py for tasks to queue
[2022-06-12 22:17:04,490] {logging_mixin.py:109} INFO - [2022-06-12 22:17:04,489] {dagbag.py:500} INFO - Filling up the DagBag from /home/leizo/airflow/dags/lib/spotify_fetcher.py
[2022-06-12 22:17:04,491] {processor.py:654} WARNING - No viable dags retrieved from /home/leizo/airflow/dags/lib/spotify_fetcher.py
[2022-06-12 22:17:04,500] {processor.py:171} INFO - Processing /home/leizo/airflow/dags/lib/spotify_fetcher.py took 0.015 seconds
[2022-06-12 22:17:38,092] {processor.py:163} INFO - Started process (PID=1213) to work on /home/leizo/airflow/dags/lib/spotify_fetcher.py
[2022-06-12 22:17:38,094] {processor.py:642} INFO - Processing file /home/leizo/airflow/dags/lib/spotify_fetcher.py for tasks to queue
[2022-06-12 22:17:38,095] {logging_mixin.py:109} INFO - [2022-06-12 22:17:38,094] {dagbag.py:500} INFO - Filling up the DagBag from /home/leizo/airflow/dags/lib/spotify_fetcher.py
[2022-06-12 22:17:38,096] {processor.py:654} WARNING - No viable dags retrieved from /home/leizo/airflow/dags/lib/spotify_fetcher.py
[2022-06-12 22:17:38,102] {processor.py:171} INFO - Processing /home/leizo/airflow/dags/lib/spotify_fetcher.py took 0.012 seconds
[2022-06-12 22:18:09,024] {processor.py:163} INFO - Started process (PID=1243) to work on /home/leizo/airflow/dags/lib/spotify_fetcher.py
[2022-06-12 22:18:09,025] {processor.py:642} INFO - Processing file /home/leizo/airflow/dags/lib/spotify_fetcher.py for tasks to queue
[2022-06-12 22:18:09,025] {logging_mixin.py:109} INFO - [2022-06-12 22:18:09,025] {dagbag.py:500} INFO - Filling up the DagBag from /home/leizo/airflow/dags/lib/spotify_fetcher.py
[2022-06-12 22:18:09,026] {processor.py:654} WARNING - No viable dags retrieved from /home/leizo/airflow/dags/lib/spotify_fetcher.py
[2022-06-12 22:18:09,032] {processor.py:171} INFO - Processing /home/leizo/airflow/dags/lib/spotify_fetcher.py took 0.011 seconds
[2022-06-12 22:18:39,831] {processor.py:163} INFO - Started process (PID=1273) to work on /home/leizo/airflow/dags/lib/spotify_fetcher.py
[2022-06-12 22:18:39,833] {processor.py:642} INFO - Processing file /home/leizo/airflow/dags/lib/spotify_fetcher.py for tasks to queue
[2022-06-12 22:18:39,833] {logging_mixin.py:109} INFO - [2022-06-12 22:18:39,833] {dagbag.py:500} INFO - Filling up the DagBag from /home/leizo/airflow/dags/lib/spotify_fetcher.py
[2022-06-12 22:18:39,834] {processor.py:654} WARNING - No viable dags retrieved from /home/leizo/airflow/dags/lib/spotify_fetcher.py
[2022-06-12 22:18:39,840] {processor.py:171} INFO - Processing /home/leizo/airflow/dags/lib/spotify_fetcher.py took 0.012 seconds
[2022-06-12 22:19:11,150] {processor.py:163} INFO - Started process (PID=1304) to work on /home/leizo/airflow/dags/lib/spotify_fetcher.py
[2022-06-12 22:19:11,152] {processor.py:642} INFO - Processing file /home/leizo/airflow/dags/lib/spotify_fetcher.py for tasks to queue
[2022-06-12 22:19:11,152] {logging_mixin.py:109} INFO - [2022-06-12 22:19:11,152] {dagbag.py:500} INFO - Filling up the DagBag from /home/leizo/airflow/dags/lib/spotify_fetcher.py
[2022-06-12 22:19:11,154] {processor.py:654} WARNING - No viable dags retrieved from /home/leizo/airflow/dags/lib/spotify_fetcher.py
[2022-06-12 22:19:11,162] {processor.py:171} INFO - Processing /home/leizo/airflow/dags/lib/spotify_fetcher.py took 0.015 seconds
[2022-06-12 22:19:42,841] {processor.py:163} INFO - Started process (PID=1336) to work on /home/leizo/airflow/dags/lib/spotify_fetcher.py
[2022-06-12 22:19:42,842] {processor.py:642} INFO - Processing file /home/leizo/airflow/dags/lib/spotify_fetcher.py for tasks to queue
[2022-06-12 22:19:42,842] {logging_mixin.py:109} INFO - [2022-06-12 22:19:42,842] {dagbag.py:500} INFO - Filling up the DagBag from /home/leizo/airflow/dags/lib/spotify_fetcher.py
[2022-06-12 22:19:42,844] {processor.py:654} WARNING - No viable dags retrieved from /home/leizo/airflow/dags/lib/spotify_fetcher.py
[2022-06-12 22:19:42,850] {processor.py:171} INFO - Processing /home/leizo/airflow/dags/lib/spotify_fetcher.py took 0.011 seconds
[2022-06-12 22:20:13,475] {processor.py:163} INFO - Started process (PID=1366) to work on /home/leizo/airflow/dags/lib/spotify_fetcher.py
[2022-06-12 22:20:13,477] {processor.py:642} INFO - Processing file /home/leizo/airflow/dags/lib/spotify_fetcher.py for tasks to queue
[2022-06-12 22:20:13,478] {logging_mixin.py:109} INFO - [2022-06-12 22:20:13,478] {dagbag.py:500} INFO - Filling up the DagBag from /home/leizo/airflow/dags/lib/spotify_fetcher.py
[2022-06-12 22:20:13,479] {processor.py:654} WARNING - No viable dags retrieved from /home/leizo/airflow/dags/lib/spotify_fetcher.py
[2022-06-12 22:20:13,487] {processor.py:171} INFO - Processing /home/leizo/airflow/dags/lib/spotify_fetcher.py took 0.014 seconds
[2022-06-12 22:20:44,665] {processor.py:163} INFO - Started process (PID=1396) to work on /home/leizo/airflow/dags/lib/spotify_fetcher.py
[2022-06-12 22:20:44,666] {processor.py:642} INFO - Processing file /home/leizo/airflow/dags/lib/spotify_fetcher.py for tasks to queue
[2022-06-12 22:20:44,666] {logging_mixin.py:109} INFO - [2022-06-12 22:20:44,666] {dagbag.py:500} INFO - Filling up the DagBag from /home/leizo/airflow/dags/lib/spotify_fetcher.py
[2022-06-12 22:20:44,667] {processor.py:654} WARNING - No viable dags retrieved from /home/leizo/airflow/dags/lib/spotify_fetcher.py
[2022-06-12 22:20:44,673] {processor.py:171} INFO - Processing /home/leizo/airflow/dags/lib/spotify_fetcher.py took 0.010 seconds
[2022-06-12 22:21:20,074] {processor.py:163} INFO - Started process (PID=1430) to work on /home/leizo/airflow/dags/lib/spotify_fetcher.py
[2022-06-12 22:21:20,076] {processor.py:642} INFO - Processing file /home/leizo/airflow/dags/lib/spotify_fetcher.py for tasks to queue
[2022-06-12 22:21:20,077] {logging_mixin.py:109} INFO - [2022-06-12 22:21:20,077] {dagbag.py:500} INFO - Filling up the DagBag from /home/leizo/airflow/dags/lib/spotify_fetcher.py
[2022-06-12 22:21:20,078] {processor.py:654} WARNING - No viable dags retrieved from /home/leizo/airflow/dags/lib/spotify_fetcher.py
[2022-06-12 22:21:20,086] {processor.py:171} INFO - Processing /home/leizo/airflow/dags/lib/spotify_fetcher.py took 0.014 seconds
[2022-06-12 22:21:50,352] {processor.py:163} INFO - Started process (PID=1461) to work on /home/leizo/airflow/dags/lib/spotify_fetcher.py
[2022-06-12 22:21:50,353] {processor.py:642} INFO - Processing file /home/leizo/airflow/dags/lib/spotify_fetcher.py for tasks to queue
[2022-06-12 22:21:50,353] {logging_mixin.py:109} INFO - [2022-06-12 22:21:50,353] {dagbag.py:500} INFO - Filling up the DagBag from /home/leizo/airflow/dags/lib/spotify_fetcher.py
[2022-06-12 22:21:50,354] {processor.py:654} WARNING - No viable dags retrieved from /home/leizo/airflow/dags/lib/spotify_fetcher.py
[2022-06-12 22:21:50,362] {processor.py:171} INFO - Processing /home/leizo/airflow/dags/lib/spotify_fetcher.py took 0.013 seconds
[2022-06-12 22:22:24,101] {processor.py:163} INFO - Started process (PID=1494) to work on /home/leizo/airflow/dags/lib/spotify_fetcher.py
[2022-06-12 22:22:24,102] {processor.py:642} INFO - Processing file /home/leizo/airflow/dags/lib/spotify_fetcher.py for tasks to queue
[2022-06-12 22:22:24,102] {logging_mixin.py:109} INFO - [2022-06-12 22:22:24,102] {dagbag.py:500} INFO - Filling up the DagBag from /home/leizo/airflow/dags/lib/spotify_fetcher.py
[2022-06-12 22:22:24,104] {processor.py:654} WARNING - No viable dags retrieved from /home/leizo/airflow/dags/lib/spotify_fetcher.py
[2022-06-12 22:22:24,111] {processor.py:171} INFO - Processing /home/leizo/airflow/dags/lib/spotify_fetcher.py took 0.013 seconds
[2022-06-12 22:22:55,246] {processor.py:163} INFO - Started process (PID=1524) to work on /home/leizo/airflow/dags/lib/spotify_fetcher.py
[2022-06-12 22:22:55,247] {processor.py:642} INFO - Processing file /home/leizo/airflow/dags/lib/spotify_fetcher.py for tasks to queue
[2022-06-12 22:22:55,248] {logging_mixin.py:109} INFO - [2022-06-12 22:22:55,248] {dagbag.py:500} INFO - Filling up the DagBag from /home/leizo/airflow/dags/lib/spotify_fetcher.py
[2022-06-12 22:22:55,249] {processor.py:654} WARNING - No viable dags retrieved from /home/leizo/airflow/dags/lib/spotify_fetcher.py
[2022-06-12 22:22:55,256] {processor.py:171} INFO - Processing /home/leizo/airflow/dags/lib/spotify_fetcher.py took 0.012 seconds
[2022-06-12 22:23:26,574] {processor.py:163} INFO - Started process (PID=1554) to work on /home/leizo/airflow/dags/lib/spotify_fetcher.py
[2022-06-12 22:23:26,577] {processor.py:642} INFO - Processing file /home/leizo/airflow/dags/lib/spotify_fetcher.py for tasks to queue
[2022-06-12 22:23:26,578] {logging_mixin.py:109} INFO - [2022-06-12 22:23:26,578] {dagbag.py:500} INFO - Filling up the DagBag from /home/leizo/airflow/dags/lib/spotify_fetcher.py
[2022-06-12 22:23:26,580] {processor.py:654} WARNING - No viable dags retrieved from /home/leizo/airflow/dags/lib/spotify_fetcher.py
[2022-06-12 22:23:26,592] {processor.py:171} INFO - Processing /home/leizo/airflow/dags/lib/spotify_fetcher.py took 0.024 seconds
[2022-06-12 22:23:59,353] {processor.py:163} INFO - Started process (PID=1647) to work on /home/leizo/airflow/dags/lib/spotify_fetcher.py
[2022-06-12 22:23:59,357] {processor.py:642} INFO - Processing file /home/leizo/airflow/dags/lib/spotify_fetcher.py for tasks to queue
[2022-06-12 22:23:59,358] {logging_mixin.py:109} INFO - [2022-06-12 22:23:59,358] {dagbag.py:500} INFO - Filling up the DagBag from /home/leizo/airflow/dags/lib/spotify_fetcher.py
[2022-06-12 22:23:59,362] {processor.py:654} WARNING - No viable dags retrieved from /home/leizo/airflow/dags/lib/spotify_fetcher.py
[2022-06-12 22:23:59,375] {processor.py:171} INFO - Processing /home/leizo/airflow/dags/lib/spotify_fetcher.py took 0.027 seconds
[2022-06-12 22:24:32,249] {processor.py:163} INFO - Started process (PID=1679) to work on /home/leizo/airflow/dags/lib/spotify_fetcher.py
[2022-06-12 22:24:32,251] {processor.py:642} INFO - Processing file /home/leizo/airflow/dags/lib/spotify_fetcher.py for tasks to queue
[2022-06-12 22:24:32,252] {logging_mixin.py:109} INFO - [2022-06-12 22:24:32,252] {dagbag.py:500} INFO - Filling up the DagBag from /home/leizo/airflow/dags/lib/spotify_fetcher.py
[2022-06-12 22:24:32,254] {processor.py:654} WARNING - No viable dags retrieved from /home/leizo/airflow/dags/lib/spotify_fetcher.py
[2022-06-12 22:24:32,262] {processor.py:171} INFO - Processing /home/leizo/airflow/dags/lib/spotify_fetcher.py took 0.019 seconds
[2022-06-12 22:24:48,879] {processor.py:163} INFO - Started process (PID=1695) to work on /home/leizo/airflow/dags/lib/spotify_fetcher.py
[2022-06-12 22:24:48,880] {processor.py:642} INFO - Processing file /home/leizo/airflow/dags/lib/spotify_fetcher.py for tasks to queue
[2022-06-12 22:24:48,881] {logging_mixin.py:109} INFO - [2022-06-12 22:24:48,881] {dagbag.py:500} INFO - Filling up the DagBag from /home/leizo/airflow/dags/lib/spotify_fetcher.py
[2022-06-12 22:24:48,885] {processor.py:654} WARNING - No viable dags retrieved from /home/leizo/airflow/dags/lib/spotify_fetcher.py
[2022-06-12 22:24:48,894] {processor.py:171} INFO - Processing /home/leizo/airflow/dags/lib/spotify_fetcher.py took 0.019 seconds
[2022-06-12 22:24:53,954] {processor.py:163} INFO - Started process (PID=1700) to work on /home/leizo/airflow/dags/lib/spotify_fetcher.py
[2022-06-12 22:24:53,956] {processor.py:642} INFO - Processing file /home/leizo/airflow/dags/lib/spotify_fetcher.py for tasks to queue
[2022-06-12 22:24:53,957] {logging_mixin.py:109} INFO - [2022-06-12 22:24:53,957] {dagbag.py:500} INFO - Filling up the DagBag from /home/leizo/airflow/dags/lib/spotify_fetcher.py
[2022-06-12 22:24:53,959] {processor.py:654} WARNING - No viable dags retrieved from /home/leizo/airflow/dags/lib/spotify_fetcher.py
[2022-06-12 22:24:53,976] {processor.py:171} INFO - Processing /home/leizo/airflow/dags/lib/spotify_fetcher.py took 0.025 seconds
[2022-06-12 22:25:00,674] {processor.py:163} INFO - Started process (PID=1724) to work on /home/leizo/airflow/dags/lib/spotify_fetcher.py
[2022-06-12 22:25:00,675] {processor.py:642} INFO - Processing file /home/leizo/airflow/dags/lib/spotify_fetcher.py for tasks to queue
[2022-06-12 22:25:00,676] {logging_mixin.py:109} INFO - [2022-06-12 22:25:00,676] {dagbag.py:500} INFO - Filling up the DagBag from /home/leizo/airflow/dags/lib/spotify_fetcher.py
[2022-06-12 22:25:00,678] {processor.py:654} WARNING - No viable dags retrieved from /home/leizo/airflow/dags/lib/spotify_fetcher.py
[2022-06-12 22:25:00,691] {processor.py:171} INFO - Processing /home/leizo/airflow/dags/lib/spotify_fetcher.py took 0.020 seconds
[2022-06-12 22:25:10,976] {processor.py:163} INFO - Started process (PID=1753) to work on /home/leizo/airflow/dags/lib/spotify_fetcher.py
[2022-06-12 22:25:10,980] {processor.py:642} INFO - Processing file /home/leizo/airflow/dags/lib/spotify_fetcher.py for tasks to queue
[2022-06-12 22:25:10,982] {logging_mixin.py:109} INFO - [2022-06-12 22:25:10,982] {dagbag.py:500} INFO - Filling up the DagBag from /home/leizo/airflow/dags/lib/spotify_fetcher.py
[2022-06-12 22:25:10,986] {processor.py:654} WARNING - No viable dags retrieved from /home/leizo/airflow/dags/lib/spotify_fetcher.py
[2022-06-12 22:25:11,011] {processor.py:171} INFO - Processing /home/leizo/airflow/dags/lib/spotify_fetcher.py took 0.041 seconds
[2022-06-12 22:25:23,658] {processor.py:163} INFO - Started process (PID=1763) to work on /home/leizo/airflow/dags/lib/spotify_fetcher.py
[2022-06-12 22:25:23,660] {processor.py:642} INFO - Processing file /home/leizo/airflow/dags/lib/spotify_fetcher.py for tasks to queue
[2022-06-12 22:25:23,661] {logging_mixin.py:109} INFO - [2022-06-12 22:25:23,661] {dagbag.py:500} INFO - Filling up the DagBag from /home/leizo/airflow/dags/lib/spotify_fetcher.py
[2022-06-12 22:25:23,664] {processor.py:654} WARNING - No viable dags retrieved from /home/leizo/airflow/dags/lib/spotify_fetcher.py
[2022-06-12 22:25:23,681] {processor.py:171} INFO - Processing /home/leizo/airflow/dags/lib/spotify_fetcher.py took 0.029 seconds
[2022-06-12 22:25:37,079] {processor.py:163} INFO - Started process (PID=1777) to work on /home/leizo/airflow/dags/lib/spotify_fetcher.py
[2022-06-12 22:25:37,081] {processor.py:642} INFO - Processing file /home/leizo/airflow/dags/lib/spotify_fetcher.py for tasks to queue
[2022-06-12 22:25:37,082] {logging_mixin.py:109} INFO - [2022-06-12 22:25:37,082] {dagbag.py:500} INFO - Filling up the DagBag from /home/leizo/airflow/dags/lib/spotify_fetcher.py
[2022-06-12 22:25:37,086] {processor.py:654} WARNING - No viable dags retrieved from /home/leizo/airflow/dags/lib/spotify_fetcher.py
[2022-06-12 22:25:37,108] {processor.py:171} INFO - Processing /home/leizo/airflow/dags/lib/spotify_fetcher.py took 0.034 seconds
[2022-06-12 22:25:49,228] {processor.py:163} INFO - Started process (PID=1789) to work on /home/leizo/airflow/dags/lib/spotify_fetcher.py
[2022-06-12 22:25:49,232] {processor.py:642} INFO - Processing file /home/leizo/airflow/dags/lib/spotify_fetcher.py for tasks to queue
[2022-06-12 22:25:49,233] {logging_mixin.py:109} INFO - [2022-06-12 22:25:49,233] {dagbag.py:500} INFO - Filling up the DagBag from /home/leizo/airflow/dags/lib/spotify_fetcher.py
[2022-06-12 22:25:49,240] {processor.py:654} WARNING - No viable dags retrieved from /home/leizo/airflow/dags/lib/spotify_fetcher.py
[2022-06-12 22:25:49,268] {processor.py:171} INFO - Processing /home/leizo/airflow/dags/lib/spotify_fetcher.py took 0.051 seconds
[2022-06-12 22:26:02,313] {processor.py:163} INFO - Started process (PID=1800) to work on /home/leizo/airflow/dags/lib/spotify_fetcher.py
[2022-06-12 22:26:02,317] {processor.py:642} INFO - Processing file /home/leizo/airflow/dags/lib/spotify_fetcher.py for tasks to queue
[2022-06-12 22:26:02,320] {logging_mixin.py:109} INFO - [2022-06-12 22:26:02,319] {dagbag.py:500} INFO - Filling up the DagBag from /home/leizo/airflow/dags/lib/spotify_fetcher.py
[2022-06-12 22:26:02,325] {processor.py:654} WARNING - No viable dags retrieved from /home/leizo/airflow/dags/lib/spotify_fetcher.py
[2022-06-12 22:26:02,339] {processor.py:171} INFO - Processing /home/leizo/airflow/dags/lib/spotify_fetcher.py took 0.031 seconds
[2022-06-12 22:26:14,542] {processor.py:163} INFO - Started process (PID=1811) to work on /home/leizo/airflow/dags/lib/spotify_fetcher.py
[2022-06-12 22:26:14,545] {processor.py:642} INFO - Processing file /home/leizo/airflow/dags/lib/spotify_fetcher.py for tasks to queue
[2022-06-12 22:26:14,547] {logging_mixin.py:109} INFO - [2022-06-12 22:26:14,546] {dagbag.py:500} INFO - Filling up the DagBag from /home/leizo/airflow/dags/lib/spotify_fetcher.py
[2022-06-12 22:26:14,549] {processor.py:654} WARNING - No viable dags retrieved from /home/leizo/airflow/dags/lib/spotify_fetcher.py
[2022-06-12 22:26:14,564] {processor.py:171} INFO - Processing /home/leizo/airflow/dags/lib/spotify_fetcher.py took 0.028 seconds
[2022-06-12 22:26:26,488] {processor.py:163} INFO - Started process (PID=1821) to work on /home/leizo/airflow/dags/lib/spotify_fetcher.py
[2022-06-12 22:26:26,490] {processor.py:642} INFO - Processing file /home/leizo/airflow/dags/lib/spotify_fetcher.py for tasks to queue
[2022-06-12 22:26:26,492] {logging_mixin.py:109} INFO - [2022-06-12 22:26:26,491] {dagbag.py:500} INFO - Filling up the DagBag from /home/leizo/airflow/dags/lib/spotify_fetcher.py
[2022-06-12 22:26:26,494] {processor.py:654} WARNING - No viable dags retrieved from /home/leizo/airflow/dags/lib/spotify_fetcher.py
[2022-06-12 22:26:26,514] {processor.py:171} INFO - Processing /home/leizo/airflow/dags/lib/spotify_fetcher.py took 0.032 seconds
[2022-06-12 22:26:40,779] {processor.py:163} INFO - Started process (PID=1834) to work on /home/leizo/airflow/dags/lib/spotify_fetcher.py
[2022-06-12 22:26:40,784] {processor.py:642} INFO - Processing file /home/leizo/airflow/dags/lib/spotify_fetcher.py for tasks to queue
[2022-06-12 22:26:40,786] {logging_mixin.py:109} INFO - [2022-06-12 22:26:40,786] {dagbag.py:500} INFO - Filling up the DagBag from /home/leizo/airflow/dags/lib/spotify_fetcher.py
[2022-06-12 22:26:40,790] {processor.py:654} WARNING - No viable dags retrieved from /home/leizo/airflow/dags/lib/spotify_fetcher.py
[2022-06-12 22:26:40,810] {processor.py:171} INFO - Processing /home/leizo/airflow/dags/lib/spotify_fetcher.py took 0.039 seconds
[2022-06-12 22:26:56,308] {processor.py:163} INFO - Started process (PID=1862) to work on /home/leizo/airflow/dags/lib/spotify_fetcher.py
[2022-06-12 22:26:56,311] {processor.py:642} INFO - Processing file /home/leizo/airflow/dags/lib/spotify_fetcher.py for tasks to queue
[2022-06-12 22:26:56,312] {logging_mixin.py:109} INFO - [2022-06-12 22:26:56,312] {dagbag.py:500} INFO - Filling up the DagBag from /home/leizo/airflow/dags/lib/spotify_fetcher.py
[2022-06-12 22:26:56,314] {processor.py:654} WARNING - No viable dags retrieved from /home/leizo/airflow/dags/lib/spotify_fetcher.py
[2022-06-12 22:26:56,329] {processor.py:171} INFO - Processing /home/leizo/airflow/dags/lib/spotify_fetcher.py took 0.026 seconds
[2022-06-12 22:27:10,673] {processor.py:163} INFO - Started process (PID=1876) to work on /home/leizo/airflow/dags/lib/spotify_fetcher.py
[2022-06-12 22:27:10,674] {processor.py:642} INFO - Processing file /home/leizo/airflow/dags/lib/spotify_fetcher.py for tasks to queue
[2022-06-12 22:27:10,675] {logging_mixin.py:109} INFO - [2022-06-12 22:27:10,675] {dagbag.py:500} INFO - Filling up the DagBag from /home/leizo/airflow/dags/lib/spotify_fetcher.py
[2022-06-12 22:27:10,677] {processor.py:654} WARNING - No viable dags retrieved from /home/leizo/airflow/dags/lib/spotify_fetcher.py
[2022-06-12 22:27:10,691] {processor.py:171} INFO - Processing /home/leizo/airflow/dags/lib/spotify_fetcher.py took 0.022 seconds
[2022-06-12 22:27:25,136] {processor.py:163} INFO - Started process (PID=1888) to work on /home/leizo/airflow/dags/lib/spotify_fetcher.py
[2022-06-12 22:27:25,140] {processor.py:642} INFO - Processing file /home/leizo/airflow/dags/lib/spotify_fetcher.py for tasks to queue
[2022-06-12 22:27:25,142] {logging_mixin.py:109} INFO - [2022-06-12 22:27:25,142] {dagbag.py:500} INFO - Filling up the DagBag from /home/leizo/airflow/dags/lib/spotify_fetcher.py
[2022-06-12 22:27:25,146] {processor.py:654} WARNING - No viable dags retrieved from /home/leizo/airflow/dags/lib/spotify_fetcher.py
[2022-06-12 22:27:25,166] {processor.py:171} INFO - Processing /home/leizo/airflow/dags/lib/spotify_fetcher.py took 0.038 seconds
[2022-06-12 22:28:07,663] {processor.py:163} INFO - Started process (PID=1928) to work on /home/leizo/airflow/dags/lib/spotify_fetcher.py
[2022-06-12 22:28:07,666] {processor.py:642} INFO - Processing file /home/leizo/airflow/dags/lib/spotify_fetcher.py for tasks to queue
[2022-06-12 22:28:07,667] {logging_mixin.py:109} INFO - [2022-06-12 22:28:07,667] {dagbag.py:500} INFO - Filling up the DagBag from /home/leizo/airflow/dags/lib/spotify_fetcher.py
[2022-06-12 22:28:07,669] {processor.py:654} WARNING - No viable dags retrieved from /home/leizo/airflow/dags/lib/spotify_fetcher.py
[2022-06-12 22:28:07,684] {processor.py:171} INFO - Processing /home/leizo/airflow/dags/lib/spotify_fetcher.py took 0.026 seconds
[2022-06-12 22:28:34,997] {processor.py:163} INFO - Started process (PID=1980) to work on /home/leizo/airflow/dags/lib/spotify_fetcher.py
[2022-06-12 22:28:34,999] {processor.py:642} INFO - Processing file /home/leizo/airflow/dags/lib/spotify_fetcher.py for tasks to queue
[2022-06-12 22:28:35,000] {logging_mixin.py:109} INFO - [2022-06-12 22:28:35,000] {dagbag.py:500} INFO - Filling up the DagBag from /home/leizo/airflow/dags/lib/spotify_fetcher.py
[2022-06-12 22:28:35,002] {processor.py:654} WARNING - No viable dags retrieved from /home/leizo/airflow/dags/lib/spotify_fetcher.py
[2022-06-12 22:28:35,012] {processor.py:171} INFO - Processing /home/leizo/airflow/dags/lib/spotify_fetcher.py took 0.020 seconds
[2022-06-12 22:28:44,447] {processor.py:163} INFO - Started process (PID=2014) to work on /home/leizo/airflow/dags/lib/spotify_fetcher.py
[2022-06-12 22:28:44,451] {processor.py:642} INFO - Processing file /home/leizo/airflow/dags/lib/spotify_fetcher.py for tasks to queue
[2022-06-12 22:28:44,452] {logging_mixin.py:109} INFO - [2022-06-12 22:28:44,452] {dagbag.py:500} INFO - Filling up the DagBag from /home/leizo/airflow/dags/lib/spotify_fetcher.py
[2022-06-12 22:28:44,455] {processor.py:654} WARNING - No viable dags retrieved from /home/leizo/airflow/dags/lib/spotify_fetcher.py
[2022-06-12 22:28:44,466] {processor.py:171} INFO - Processing /home/leizo/airflow/dags/lib/spotify_fetcher.py took 0.024 seconds
[2022-06-12 22:28:53,091] {processor.py:163} INFO - Started process (PID=2053) to work on /home/leizo/airflow/dags/lib/spotify_fetcher.py
[2022-06-12 22:28:53,094] {processor.py:642} INFO - Processing file /home/leizo/airflow/dags/lib/spotify_fetcher.py for tasks to queue
[2022-06-12 22:28:53,095] {logging_mixin.py:109} INFO - [2022-06-12 22:28:53,095] {dagbag.py:500} INFO - Filling up the DagBag from /home/leizo/airflow/dags/lib/spotify_fetcher.py
[2022-06-12 22:28:53,099] {processor.py:654} WARNING - No viable dags retrieved from /home/leizo/airflow/dags/lib/spotify_fetcher.py
[2022-06-12 22:28:53,111] {processor.py:171} INFO - Processing /home/leizo/airflow/dags/lib/spotify_fetcher.py took 0.026 seconds
[2022-06-12 22:29:04,119] {processor.py:163} INFO - Started process (PID=2073) to work on /home/leizo/airflow/dags/lib/spotify_fetcher.py
[2022-06-12 22:29:04,120] {processor.py:642} INFO - Processing file /home/leizo/airflow/dags/lib/spotify_fetcher.py for tasks to queue
[2022-06-12 22:29:04,122] {logging_mixin.py:109} INFO - [2022-06-12 22:29:04,122] {dagbag.py:500} INFO - Filling up the DagBag from /home/leizo/airflow/dags/lib/spotify_fetcher.py
[2022-06-12 22:29:04,124] {processor.py:654} WARNING - No viable dags retrieved from /home/leizo/airflow/dags/lib/spotify_fetcher.py
[2022-06-12 22:29:04,138] {processor.py:171} INFO - Processing /home/leizo/airflow/dags/lib/spotify_fetcher.py took 0.023 seconds
[2022-06-12 22:29:17,243] {processor.py:163} INFO - Started process (PID=2090) to work on /home/leizo/airflow/dags/lib/spotify_fetcher.py
[2022-06-12 22:29:17,246] {processor.py:642} INFO - Processing file /home/leizo/airflow/dags/lib/spotify_fetcher.py for tasks to queue
[2022-06-12 22:29:17,247] {logging_mixin.py:109} INFO - [2022-06-12 22:29:17,247] {dagbag.py:500} INFO - Filling up the DagBag from /home/leizo/airflow/dags/lib/spotify_fetcher.py
[2022-06-12 22:29:17,250] {processor.py:654} WARNING - No viable dags retrieved from /home/leizo/airflow/dags/lib/spotify_fetcher.py
[2022-06-12 22:29:17,267] {processor.py:171} INFO - Processing /home/leizo/airflow/dags/lib/spotify_fetcher.py took 0.030 seconds
[2022-06-12 22:29:28,899] {processor.py:163} INFO - Started process (PID=2101) to work on /home/leizo/airflow/dags/lib/spotify_fetcher.py
[2022-06-12 22:29:28,904] {processor.py:642} INFO - Processing file /home/leizo/airflow/dags/lib/spotify_fetcher.py for tasks to queue
[2022-06-12 22:29:28,906] {logging_mixin.py:109} INFO - [2022-06-12 22:29:28,906] {dagbag.py:500} INFO - Filling up the DagBag from /home/leizo/airflow/dags/lib/spotify_fetcher.py
[2022-06-12 22:29:28,911] {processor.py:654} WARNING - No viable dags retrieved from /home/leizo/airflow/dags/lib/spotify_fetcher.py
[2022-06-12 22:29:28,937] {processor.py:171} INFO - Processing /home/leizo/airflow/dags/lib/spotify_fetcher.py took 0.051 seconds
[2022-06-12 22:29:40,394] {processor.py:163} INFO - Started process (PID=2121) to work on /home/leizo/airflow/dags/lib/spotify_fetcher.py
[2022-06-12 22:29:40,398] {processor.py:642} INFO - Processing file /home/leizo/airflow/dags/lib/spotify_fetcher.py for tasks to queue
[2022-06-12 22:29:40,399] {logging_mixin.py:109} INFO - [2022-06-12 22:29:40,398] {dagbag.py:500} INFO - Filling up the DagBag from /home/leizo/airflow/dags/lib/spotify_fetcher.py
[2022-06-12 22:29:40,400] {processor.py:654} WARNING - No viable dags retrieved from /home/leizo/airflow/dags/lib/spotify_fetcher.py
[2022-06-12 22:29:40,405] {processor.py:171} INFO - Processing /home/leizo/airflow/dags/lib/spotify_fetcher.py took 0.014 seconds
[2022-06-12 22:29:52,411] {processor.py:163} INFO - Started process (PID=2152) to work on /home/leizo/airflow/dags/lib/spotify_fetcher.py
[2022-06-12 22:29:52,416] {processor.py:642} INFO - Processing file /home/leizo/airflow/dags/lib/spotify_fetcher.py for tasks to queue
[2022-06-12 22:29:52,417] {logging_mixin.py:109} INFO - [2022-06-12 22:29:52,417] {dagbag.py:500} INFO - Filling up the DagBag from /home/leizo/airflow/dags/lib/spotify_fetcher.py
[2022-06-12 22:29:52,419] {processor.py:654} WARNING - No viable dags retrieved from /home/leizo/airflow/dags/lib/spotify_fetcher.py
[2022-06-12 22:29:52,435] {processor.py:171} INFO - Processing /home/leizo/airflow/dags/lib/spotify_fetcher.py took 0.030 seconds
[2022-06-12 22:30:03,926] {processor.py:163} INFO - Started process (PID=2203) to work on /home/leizo/airflow/dags/lib/spotify_fetcher.py
[2022-06-12 22:30:03,929] {processor.py:642} INFO - Processing file /home/leizo/airflow/dags/lib/spotify_fetcher.py for tasks to queue
[2022-06-12 22:30:03,930] {logging_mixin.py:109} INFO - [2022-06-12 22:30:03,930] {dagbag.py:500} INFO - Filling up the DagBag from /home/leizo/airflow/dags/lib/spotify_fetcher.py
[2022-06-12 22:30:03,932] {processor.py:654} WARNING - No viable dags retrieved from /home/leizo/airflow/dags/lib/spotify_fetcher.py
[2022-06-12 22:30:03,940] {processor.py:171} INFO - Processing /home/leizo/airflow/dags/lib/spotify_fetcher.py took 0.019 seconds
[2022-06-12 22:30:14,733] {processor.py:163} INFO - Started process (PID=2234) to work on /home/leizo/airflow/dags/lib/spotify_fetcher.py
[2022-06-12 22:30:14,735] {processor.py:642} INFO - Processing file /home/leizo/airflow/dags/lib/spotify_fetcher.py for tasks to queue
[2022-06-12 22:30:14,736] {logging_mixin.py:109} INFO - [2022-06-12 22:30:14,736] {dagbag.py:500} INFO - Filling up the DagBag from /home/leizo/airflow/dags/lib/spotify_fetcher.py
[2022-06-12 22:30:14,739] {processor.py:654} WARNING - No viable dags retrieved from /home/leizo/airflow/dags/lib/spotify_fetcher.py
[2022-06-12 22:30:14,754] {processor.py:171} INFO - Processing /home/leizo/airflow/dags/lib/spotify_fetcher.py took 0.025 seconds
[2022-06-12 22:30:27,271] {processor.py:163} INFO - Started process (PID=2270) to work on /home/leizo/airflow/dags/lib/spotify_fetcher.py
[2022-06-12 22:30:27,273] {processor.py:642} INFO - Processing file /home/leizo/airflow/dags/lib/spotify_fetcher.py for tasks to queue
[2022-06-12 22:30:27,274] {logging_mixin.py:109} INFO - [2022-06-12 22:30:27,274] {dagbag.py:500} INFO - Filling up the DagBag from /home/leizo/airflow/dags/lib/spotify_fetcher.py
[2022-06-12 22:30:27,276] {processor.py:654} WARNING - No viable dags retrieved from /home/leizo/airflow/dags/lib/spotify_fetcher.py
[2022-06-12 22:30:27,291] {processor.py:171} INFO - Processing /home/leizo/airflow/dags/lib/spotify_fetcher.py took 0.024 seconds
[2022-06-12 22:30:38,108] {processor.py:163} INFO - Started process (PID=2281) to work on /home/leizo/airflow/dags/lib/spotify_fetcher.py
[2022-06-12 22:30:38,112] {processor.py:642} INFO - Processing file /home/leizo/airflow/dags/lib/spotify_fetcher.py for tasks to queue
[2022-06-12 22:30:38,113] {logging_mixin.py:109} INFO - [2022-06-12 22:30:38,113] {dagbag.py:500} INFO - Filling up the DagBag from /home/leizo/airflow/dags/lib/spotify_fetcher.py
[2022-06-12 22:30:38,117] {processor.py:654} WARNING - No viable dags retrieved from /home/leizo/airflow/dags/lib/spotify_fetcher.py
[2022-06-12 22:30:38,129] {processor.py:171} INFO - Processing /home/leizo/airflow/dags/lib/spotify_fetcher.py took 0.028 seconds
[2022-06-12 22:30:52,211] {processor.py:163} INFO - Started process (PID=2304) to work on /home/leizo/airflow/dags/lib/spotify_fetcher.py
[2022-06-12 22:30:52,213] {processor.py:642} INFO - Processing file /home/leizo/airflow/dags/lib/spotify_fetcher.py for tasks to queue
[2022-06-12 22:30:52,214] {logging_mixin.py:109} INFO - [2022-06-12 22:30:52,213] {dagbag.py:500} INFO - Filling up the DagBag from /home/leizo/airflow/dags/lib/spotify_fetcher.py
[2022-06-12 22:30:52,216] {processor.py:654} WARNING - No viable dags retrieved from /home/leizo/airflow/dags/lib/spotify_fetcher.py
[2022-06-12 22:30:52,226] {processor.py:171} INFO - Processing /home/leizo/airflow/dags/lib/spotify_fetcher.py took 0.022 seconds
[2022-06-12 22:31:02,568] {processor.py:163} INFO - Started process (PID=2344) to work on /home/leizo/airflow/dags/lib/spotify_fetcher.py
[2022-06-12 22:31:02,570] {processor.py:642} INFO - Processing file /home/leizo/airflow/dags/lib/spotify_fetcher.py for tasks to queue
[2022-06-12 22:31:02,570] {logging_mixin.py:109} INFO - [2022-06-12 22:31:02,570] {dagbag.py:500} INFO - Filling up the DagBag from /home/leizo/airflow/dags/lib/spotify_fetcher.py
[2022-06-12 22:31:02,572] {processor.py:654} WARNING - No viable dags retrieved from /home/leizo/airflow/dags/lib/spotify_fetcher.py
[2022-06-12 22:31:02,583] {processor.py:171} INFO - Processing /home/leizo/airflow/dags/lib/spotify_fetcher.py took 0.021 seconds
[2022-06-12 22:31:12,924] {processor.py:163} INFO - Started process (PID=2389) to work on /home/leizo/airflow/dags/lib/spotify_fetcher.py
[2022-06-12 22:31:12,926] {processor.py:642} INFO - Processing file /home/leizo/airflow/dags/lib/spotify_fetcher.py for tasks to queue
[2022-06-12 22:31:12,928] {logging_mixin.py:109} INFO - [2022-06-12 22:31:12,927] {dagbag.py:500} INFO - Filling up the DagBag from /home/leizo/airflow/dags/lib/spotify_fetcher.py
[2022-06-12 22:31:12,930] {processor.py:654} WARNING - No viable dags retrieved from /home/leizo/airflow/dags/lib/spotify_fetcher.py
[2022-06-12 22:31:12,942] {processor.py:171} INFO - Processing /home/leizo/airflow/dags/lib/spotify_fetcher.py took 0.021 seconds
[2022-06-12 22:31:23,699] {processor.py:163} INFO - Started process (PID=2419) to work on /home/leizo/airflow/dags/lib/spotify_fetcher.py
[2022-06-12 22:31:23,701] {processor.py:642} INFO - Processing file /home/leizo/airflow/dags/lib/spotify_fetcher.py for tasks to queue
[2022-06-12 22:31:23,702] {logging_mixin.py:109} INFO - [2022-06-12 22:31:23,701] {dagbag.py:500} INFO - Filling up the DagBag from /home/leizo/airflow/dags/lib/spotify_fetcher.py
[2022-06-12 22:31:23,703] {processor.py:654} WARNING - No viable dags retrieved from /home/leizo/airflow/dags/lib/spotify_fetcher.py
[2022-06-12 22:31:23,716] {processor.py:171} INFO - Processing /home/leizo/airflow/dags/lib/spotify_fetcher.py took 0.020 seconds
[2022-06-12 22:31:34,674] {processor.py:163} INFO - Started process (PID=2429) to work on /home/leizo/airflow/dags/lib/spotify_fetcher.py
[2022-06-12 22:31:34,676] {processor.py:642} INFO - Processing file /home/leizo/airflow/dags/lib/spotify_fetcher.py for tasks to queue
[2022-06-12 22:31:34,678] {logging_mixin.py:109} INFO - [2022-06-12 22:31:34,678] {dagbag.py:500} INFO - Filling up the DagBag from /home/leizo/airflow/dags/lib/spotify_fetcher.py
[2022-06-12 22:31:34,680] {processor.py:654} WARNING - No viable dags retrieved from /home/leizo/airflow/dags/lib/spotify_fetcher.py
[2022-06-12 22:31:34,694] {processor.py:171} INFO - Processing /home/leizo/airflow/dags/lib/spotify_fetcher.py took 0.023 seconds
[2022-06-12 22:31:44,979] {processor.py:163} INFO - Started process (PID=2458) to work on /home/leizo/airflow/dags/lib/spotify_fetcher.py
[2022-06-12 22:31:44,981] {processor.py:642} INFO - Processing file /home/leizo/airflow/dags/lib/spotify_fetcher.py for tasks to queue
[2022-06-12 22:31:44,982] {logging_mixin.py:109} INFO - [2022-06-12 22:31:44,982] {dagbag.py:500} INFO - Filling up the DagBag from /home/leizo/airflow/dags/lib/spotify_fetcher.py
[2022-06-12 22:31:44,983] {processor.py:654} WARNING - No viable dags retrieved from /home/leizo/airflow/dags/lib/spotify_fetcher.py
[2022-06-12 22:31:44,991] {processor.py:171} INFO - Processing /home/leizo/airflow/dags/lib/spotify_fetcher.py took 0.015 seconds
[2022-06-12 22:31:55,087] {processor.py:163} INFO - Started process (PID=2468) to work on /home/leizo/airflow/dags/lib/spotify_fetcher.py
[2022-06-12 22:31:55,088] {processor.py:642} INFO - Processing file /home/leizo/airflow/dags/lib/spotify_fetcher.py for tasks to queue
[2022-06-12 22:31:55,088] {logging_mixin.py:109} INFO - [2022-06-12 22:31:55,088] {dagbag.py:500} INFO - Filling up the DagBag from /home/leizo/airflow/dags/lib/spotify_fetcher.py
[2022-06-12 22:31:55,090] {processor.py:654} WARNING - No viable dags retrieved from /home/leizo/airflow/dags/lib/spotify_fetcher.py
[2022-06-12 22:31:55,097] {processor.py:171} INFO - Processing /home/leizo/airflow/dags/lib/spotify_fetcher.py took 0.013 seconds
[2022-06-12 22:32:05,603] {processor.py:163} INFO - Started process (PID=2478) to work on /home/leizo/airflow/dags/lib/spotify_fetcher.py
[2022-06-12 22:32:05,606] {processor.py:642} INFO - Processing file /home/leizo/airflow/dags/lib/spotify_fetcher.py for tasks to queue
[2022-06-12 22:32:05,607] {logging_mixin.py:109} INFO - [2022-06-12 22:32:05,607] {dagbag.py:500} INFO - Filling up the DagBag from /home/leizo/airflow/dags/lib/spotify_fetcher.py
[2022-06-12 22:32:05,608] {processor.py:654} WARNING - No viable dags retrieved from /home/leizo/airflow/dags/lib/spotify_fetcher.py
[2022-06-12 22:32:05,614] {processor.py:171} INFO - Processing /home/leizo/airflow/dags/lib/spotify_fetcher.py took 0.013 seconds
[2022-06-12 22:32:15,902] {processor.py:163} INFO - Started process (PID=2488) to work on /home/leizo/airflow/dags/lib/spotify_fetcher.py
[2022-06-12 22:32:15,904] {processor.py:642} INFO - Processing file /home/leizo/airflow/dags/lib/spotify_fetcher.py for tasks to queue
[2022-06-12 22:32:15,905] {logging_mixin.py:109} INFO - [2022-06-12 22:32:15,905] {dagbag.py:500} INFO - Filling up the DagBag from /home/leizo/airflow/dags/lib/spotify_fetcher.py
[2022-06-12 22:32:15,907] {processor.py:654} WARNING - No viable dags retrieved from /home/leizo/airflow/dags/lib/spotify_fetcher.py
[2022-06-12 22:32:15,917] {processor.py:171} INFO - Processing /home/leizo/airflow/dags/lib/spotify_fetcher.py took 0.017 seconds
[2022-06-12 22:32:25,385] {processor.py:163} INFO - Started process (PID=2529) to work on /home/leizo/airflow/dags/lib/spotify_fetcher.py
[2022-06-12 22:32:25,389] {processor.py:642} INFO - Processing file /home/leizo/airflow/dags/lib/spotify_fetcher.py for tasks to queue
[2022-06-12 22:32:25,390] {logging_mixin.py:109} INFO - [2022-06-12 22:32:25,390] {dagbag.py:500} INFO - Filling up the DagBag from /home/leizo/airflow/dags/lib/spotify_fetcher.py
[2022-06-12 22:32:25,392] {processor.py:654} WARNING - No viable dags retrieved from /home/leizo/airflow/dags/lib/spotify_fetcher.py
[2022-06-12 22:32:25,398] {processor.py:171} INFO - Processing /home/leizo/airflow/dags/lib/spotify_fetcher.py took 0.021 seconds
[2022-06-12 22:32:35,410] {processor.py:163} INFO - Started process (PID=2539) to work on /home/leizo/airflow/dags/lib/spotify_fetcher.py
[2022-06-12 22:32:35,411] {processor.py:642} INFO - Processing file /home/leizo/airflow/dags/lib/spotify_fetcher.py for tasks to queue
[2022-06-12 22:32:35,412] {logging_mixin.py:109} INFO - [2022-06-12 22:32:35,412] {dagbag.py:500} INFO - Filling up the DagBag from /home/leizo/airflow/dags/lib/spotify_fetcher.py
[2022-06-12 22:32:35,413] {processor.py:654} WARNING - No viable dags retrieved from /home/leizo/airflow/dags/lib/spotify_fetcher.py
[2022-06-12 22:32:35,419] {processor.py:171} INFO - Processing /home/leizo/airflow/dags/lib/spotify_fetcher.py took 0.015 seconds
[2022-06-12 22:32:45,683] {processor.py:163} INFO - Started process (PID=2549) to work on /home/leizo/airflow/dags/lib/spotify_fetcher.py
[2022-06-12 22:32:45,684] {processor.py:642} INFO - Processing file /home/leizo/airflow/dags/lib/spotify_fetcher.py for tasks to queue
[2022-06-12 22:32:45,684] {logging_mixin.py:109} INFO - [2022-06-12 22:32:45,684] {dagbag.py:500} INFO - Filling up the DagBag from /home/leizo/airflow/dags/lib/spotify_fetcher.py
[2022-06-12 22:32:45,685] {processor.py:654} WARNING - No viable dags retrieved from /home/leizo/airflow/dags/lib/spotify_fetcher.py
[2022-06-12 22:32:45,692] {processor.py:171} INFO - Processing /home/leizo/airflow/dags/lib/spotify_fetcher.py took 0.012 seconds
[2022-06-12 22:32:55,997] {processor.py:163} INFO - Started process (PID=2560) to work on /home/leizo/airflow/dags/lib/spotify_fetcher.py
[2022-06-12 22:32:55,998] {processor.py:642} INFO - Processing file /home/leizo/airflow/dags/lib/spotify_fetcher.py for tasks to queue
[2022-06-12 22:32:55,999] {logging_mixin.py:109} INFO - [2022-06-12 22:32:55,999] {dagbag.py:500} INFO - Filling up the DagBag from /home/leizo/airflow/dags/lib/spotify_fetcher.py
[2022-06-12 22:32:56,000] {processor.py:654} WARNING - No viable dags retrieved from /home/leizo/airflow/dags/lib/spotify_fetcher.py
[2022-06-12 22:32:56,006] {processor.py:171} INFO - Processing /home/leizo/airflow/dags/lib/spotify_fetcher.py took 0.012 seconds
[2022-06-12 22:33:06,305] {processor.py:163} INFO - Started process (PID=2570) to work on /home/leizo/airflow/dags/lib/spotify_fetcher.py
[2022-06-12 22:33:06,307] {processor.py:642} INFO - Processing file /home/leizo/airflow/dags/lib/spotify_fetcher.py for tasks to queue
[2022-06-12 22:33:06,307] {logging_mixin.py:109} INFO - [2022-06-12 22:33:06,307] {dagbag.py:500} INFO - Filling up the DagBag from /home/leizo/airflow/dags/lib/spotify_fetcher.py
[2022-06-12 22:33:06,309] {processor.py:654} WARNING - No viable dags retrieved from /home/leizo/airflow/dags/lib/spotify_fetcher.py
[2022-06-12 22:33:06,319] {processor.py:171} INFO - Processing /home/leizo/airflow/dags/lib/spotify_fetcher.py took 0.017 seconds
[2022-06-12 22:33:16,622] {processor.py:163} INFO - Started process (PID=2611) to work on /home/leizo/airflow/dags/lib/spotify_fetcher.py
[2022-06-12 22:33:16,625] {processor.py:642} INFO - Processing file /home/leizo/airflow/dags/lib/spotify_fetcher.py for tasks to queue
[2022-06-12 22:33:16,626] {logging_mixin.py:109} INFO - [2022-06-12 22:33:16,626] {dagbag.py:500} INFO - Filling up the DagBag from /home/leizo/airflow/dags/lib/spotify_fetcher.py
[2022-06-12 22:33:16,627] {processor.py:654} WARNING - No viable dags retrieved from /home/leizo/airflow/dags/lib/spotify_fetcher.py
[2022-06-12 22:33:16,635] {processor.py:171} INFO - Processing /home/leizo/airflow/dags/lib/spotify_fetcher.py took 0.015 seconds
[2022-06-12 22:33:26,940] {processor.py:163} INFO - Started process (PID=2636) to work on /home/leizo/airflow/dags/lib/spotify_fetcher.py
[2022-06-12 22:33:26,940] {processor.py:642} INFO - Processing file /home/leizo/airflow/dags/lib/spotify_fetcher.py for tasks to queue
[2022-06-12 22:33:26,941] {logging_mixin.py:109} INFO - [2022-06-12 22:33:26,941] {dagbag.py:500} INFO - Filling up the DagBag from /home/leizo/airflow/dags/lib/spotify_fetcher.py
[2022-06-12 22:33:26,942] {processor.py:654} WARNING - No viable dags retrieved from /home/leizo/airflow/dags/lib/spotify_fetcher.py
[2022-06-12 22:33:26,952] {processor.py:171} INFO - Processing /home/leizo/airflow/dags/lib/spotify_fetcher.py took 0.014 seconds
[2022-06-12 22:33:37,262] {processor.py:163} INFO - Started process (PID=2651) to work on /home/leizo/airflow/dags/lib/spotify_fetcher.py
[2022-06-12 22:33:37,264] {processor.py:642} INFO - Processing file /home/leizo/airflow/dags/lib/spotify_fetcher.py for tasks to queue
[2022-06-12 22:33:37,265] {logging_mixin.py:109} INFO - [2022-06-12 22:33:37,265] {dagbag.py:500} INFO - Filling up the DagBag from /home/leizo/airflow/dags/lib/spotify_fetcher.py
[2022-06-12 22:33:37,266] {processor.py:654} WARNING - No viable dags retrieved from /home/leizo/airflow/dags/lib/spotify_fetcher.py
[2022-06-12 22:33:37,272] {processor.py:171} INFO - Processing /home/leizo/airflow/dags/lib/spotify_fetcher.py took 0.014 seconds
[2022-06-12 22:33:46,408] {processor.py:163} INFO - Started process (PID=2661) to work on /home/leizo/airflow/dags/lib/spotify_fetcher.py
[2022-06-12 22:33:46,410] {processor.py:642} INFO - Processing file /home/leizo/airflow/dags/lib/spotify_fetcher.py for tasks to queue
[2022-06-12 22:33:46,411] {logging_mixin.py:109} INFO - [2022-06-12 22:33:46,410] {dagbag.py:500} INFO - Filling up the DagBag from /home/leizo/airflow/dags/lib/spotify_fetcher.py
[2022-06-12 22:33:46,412] {processor.py:654} WARNING - No viable dags retrieved from /home/leizo/airflow/dags/lib/spotify_fetcher.py
[2022-06-12 22:33:46,418] {processor.py:171} INFO - Processing /home/leizo/airflow/dags/lib/spotify_fetcher.py took 0.012 seconds
[2022-06-12 22:33:56,180] {processor.py:163} INFO - Started process (PID=2671) to work on /home/leizo/airflow/dags/lib/spotify_fetcher.py
[2022-06-12 22:33:56,182] {processor.py:642} INFO - Processing file /home/leizo/airflow/dags/lib/spotify_fetcher.py for tasks to queue
[2022-06-12 22:33:56,183] {logging_mixin.py:109} INFO - [2022-06-12 22:33:56,182] {dagbag.py:500} INFO - Filling up the DagBag from /home/leizo/airflow/dags/lib/spotify_fetcher.py
[2022-06-12 22:33:56,185] {processor.py:654} WARNING - No viable dags retrieved from /home/leizo/airflow/dags/lib/spotify_fetcher.py
[2022-06-12 22:33:56,192] {processor.py:171} INFO - Processing /home/leizo/airflow/dags/lib/spotify_fetcher.py took 0.014 seconds
[2022-06-12 22:34:06,673] {processor.py:163} INFO - Started process (PID=2714) to work on /home/leizo/airflow/dags/lib/spotify_fetcher.py
[2022-06-12 22:34:06,674] {processor.py:642} INFO - Processing file /home/leizo/airflow/dags/lib/spotify_fetcher.py for tasks to queue
[2022-06-12 22:34:06,675] {logging_mixin.py:109} INFO - [2022-06-12 22:34:06,675] {dagbag.py:500} INFO - Filling up the DagBag from /home/leizo/airflow/dags/lib/spotify_fetcher.py
[2022-06-12 22:34:06,677] {processor.py:654} WARNING - No viable dags retrieved from /home/leizo/airflow/dags/lib/spotify_fetcher.py
[2022-06-12 22:34:06,685] {processor.py:171} INFO - Processing /home/leizo/airflow/dags/lib/spotify_fetcher.py took 0.014 seconds
[2022-06-12 22:34:17,183] {processor.py:163} INFO - Started process (PID=2724) to work on /home/leizo/airflow/dags/lib/spotify_fetcher.py
[2022-06-12 22:34:17,185] {processor.py:642} INFO - Processing file /home/leizo/airflow/dags/lib/spotify_fetcher.py for tasks to queue
[2022-06-12 22:34:17,185] {logging_mixin.py:109} INFO - [2022-06-12 22:34:17,185] {dagbag.py:500} INFO - Filling up the DagBag from /home/leizo/airflow/dags/lib/spotify_fetcher.py
[2022-06-12 22:34:17,187] {processor.py:654} WARNING - No viable dags retrieved from /home/leizo/airflow/dags/lib/spotify_fetcher.py
[2022-06-12 22:34:17,197] {processor.py:171} INFO - Processing /home/leizo/airflow/dags/lib/spotify_fetcher.py took 0.017 seconds
[2022-06-12 22:34:27,505] {processor.py:163} INFO - Started process (PID=2734) to work on /home/leizo/airflow/dags/lib/spotify_fetcher.py
[2022-06-12 22:34:27,507] {processor.py:642} INFO - Processing file /home/leizo/airflow/dags/lib/spotify_fetcher.py for tasks to queue
[2022-06-12 22:34:27,507] {logging_mixin.py:109} INFO - [2022-06-12 22:34:27,507] {dagbag.py:500} INFO - Filling up the DagBag from /home/leizo/airflow/dags/lib/spotify_fetcher.py
[2022-06-12 22:34:27,509] {processor.py:654} WARNING - No viable dags retrieved from /home/leizo/airflow/dags/lib/spotify_fetcher.py
[2022-06-12 22:34:27,518] {processor.py:171} INFO - Processing /home/leizo/airflow/dags/lib/spotify_fetcher.py took 0.015 seconds
[2022-06-12 22:34:37,811] {processor.py:163} INFO - Started process (PID=2767) to work on /home/leizo/airflow/dags/lib/spotify_fetcher.py
[2022-06-12 22:34:37,813] {processor.py:642} INFO - Processing file /home/leizo/airflow/dags/lib/spotify_fetcher.py for tasks to queue
[2022-06-12 22:34:37,814] {logging_mixin.py:109} INFO - [2022-06-12 22:34:37,814] {dagbag.py:500} INFO - Filling up the DagBag from /home/leizo/airflow/dags/lib/spotify_fetcher.py
[2022-06-12 22:34:37,815] {processor.py:654} WARNING - No viable dags retrieved from /home/leizo/airflow/dags/lib/spotify_fetcher.py
[2022-06-12 22:34:37,821] {processor.py:171} INFO - Processing /home/leizo/airflow/dags/lib/spotify_fetcher.py took 0.012 seconds
[2022-06-12 22:34:48,505] {processor.py:163} INFO - Started process (PID=2778) to work on /home/leizo/airflow/dags/lib/spotify_fetcher.py
[2022-06-12 22:34:48,507] {processor.py:642} INFO - Processing file /home/leizo/airflow/dags/lib/spotify_fetcher.py for tasks to queue
[2022-06-12 22:34:48,508] {logging_mixin.py:109} INFO - [2022-06-12 22:34:48,508] {dagbag.py:500} INFO - Filling up the DagBag from /home/leizo/airflow/dags/lib/spotify_fetcher.py
[2022-06-12 22:34:48,510] {processor.py:654} WARNING - No viable dags retrieved from /home/leizo/airflow/dags/lib/spotify_fetcher.py
[2022-06-12 22:34:48,518] {processor.py:171} INFO - Processing /home/leizo/airflow/dags/lib/spotify_fetcher.py took 0.017 seconds
[2022-06-12 22:34:57,828] {processor.py:163} INFO - Started process (PID=2788) to work on /home/leizo/airflow/dags/lib/spotify_fetcher.py
[2022-06-12 22:34:57,829] {processor.py:642} INFO - Processing file /home/leizo/airflow/dags/lib/spotify_fetcher.py for tasks to queue
[2022-06-12 22:34:57,830] {logging_mixin.py:109} INFO - [2022-06-12 22:34:57,830] {dagbag.py:500} INFO - Filling up the DagBag from /home/leizo/airflow/dags/lib/spotify_fetcher.py
[2022-06-12 22:34:57,831] {processor.py:654} WARNING - No viable dags retrieved from /home/leizo/airflow/dags/lib/spotify_fetcher.py
[2022-06-12 22:34:57,839] {processor.py:171} INFO - Processing /home/leizo/airflow/dags/lib/spotify_fetcher.py took 0.013 seconds
[2022-06-12 22:35:08,099] {processor.py:163} INFO - Started process (PID=2830) to work on /home/leizo/airflow/dags/lib/spotify_fetcher.py
[2022-06-12 22:35:08,101] {processor.py:642} INFO - Processing file /home/leizo/airflow/dags/lib/spotify_fetcher.py for tasks to queue
[2022-06-12 22:35:08,102] {logging_mixin.py:109} INFO - [2022-06-12 22:35:08,102] {dagbag.py:500} INFO - Filling up the DagBag from /home/leizo/airflow/dags/lib/spotify_fetcher.py
[2022-06-12 22:35:08,106] {processor.py:654} WARNING - No viable dags retrieved from /home/leizo/airflow/dags/lib/spotify_fetcher.py
[2022-06-12 22:35:08,121] {processor.py:171} INFO - Processing /home/leizo/airflow/dags/lib/spotify_fetcher.py took 0.026 seconds
[2022-06-12 22:35:19,627] {processor.py:163} INFO - Started process (PID=2859) to work on /home/leizo/airflow/dags/lib/spotify_fetcher.py
[2022-06-12 22:35:19,629] {processor.py:642} INFO - Processing file /home/leizo/airflow/dags/lib/spotify_fetcher.py for tasks to queue
[2022-06-12 22:35:19,630] {logging_mixin.py:109} INFO - [2022-06-12 22:35:19,630] {dagbag.py:500} INFO - Filling up the DagBag from /home/leizo/airflow/dags/lib/spotify_fetcher.py
[2022-06-12 22:35:19,632] {processor.py:654} WARNING - No viable dags retrieved from /home/leizo/airflow/dags/lib/spotify_fetcher.py
[2022-06-12 22:35:19,645] {processor.py:171} INFO - Processing /home/leizo/airflow/dags/lib/spotify_fetcher.py took 0.023 seconds
[2022-06-12 22:35:29,458] {processor.py:163} INFO - Started process (PID=2870) to work on /home/leizo/airflow/dags/lib/spotify_fetcher.py
[2022-06-12 22:35:29,461] {processor.py:642} INFO - Processing file /home/leizo/airflow/dags/lib/spotify_fetcher.py for tasks to queue
[2022-06-12 22:35:29,462] {logging_mixin.py:109} INFO - [2022-06-12 22:35:29,462] {dagbag.py:500} INFO - Filling up the DagBag from /home/leizo/airflow/dags/lib/spotify_fetcher.py
[2022-06-12 22:35:29,465] {processor.py:654} WARNING - No viable dags retrieved from /home/leizo/airflow/dags/lib/spotify_fetcher.py
[2022-06-12 22:35:29,483] {processor.py:171} INFO - Processing /home/leizo/airflow/dags/lib/spotify_fetcher.py took 0.029 seconds
[2022-06-12 22:35:40,713] {processor.py:163} INFO - Started process (PID=2883) to work on /home/leizo/airflow/dags/lib/spotify_fetcher.py
[2022-06-12 22:35:40,716] {processor.py:642} INFO - Processing file /home/leizo/airflow/dags/lib/spotify_fetcher.py for tasks to queue
[2022-06-12 22:35:40,717] {logging_mixin.py:109} INFO - [2022-06-12 22:35:40,717] {dagbag.py:500} INFO - Filling up the DagBag from /home/leizo/airflow/dags/lib/spotify_fetcher.py
[2022-06-12 22:35:40,722] {processor.py:654} WARNING - No viable dags retrieved from /home/leizo/airflow/dags/lib/spotify_fetcher.py
[2022-06-12 22:35:40,735] {processor.py:171} INFO - Processing /home/leizo/airflow/dags/lib/spotify_fetcher.py took 0.026 seconds
[2022-06-12 22:35:50,885] {processor.py:163} INFO - Started process (PID=2923) to work on /home/leizo/airflow/dags/lib/spotify_fetcher.py
[2022-06-12 22:35:50,887] {processor.py:642} INFO - Processing file /home/leizo/airflow/dags/lib/spotify_fetcher.py for tasks to queue
[2022-06-12 22:35:50,888] {logging_mixin.py:109} INFO - [2022-06-12 22:35:50,888] {dagbag.py:500} INFO - Filling up the DagBag from /home/leizo/airflow/dags/lib/spotify_fetcher.py
[2022-06-12 22:35:50,890] {processor.py:654} WARNING - No viable dags retrieved from /home/leizo/airflow/dags/lib/spotify_fetcher.py
[2022-06-12 22:35:50,900] {processor.py:171} INFO - Processing /home/leizo/airflow/dags/lib/spotify_fetcher.py took 0.020 seconds
[2022-06-12 22:36:01,371] {processor.py:163} INFO - Started process (PID=2933) to work on /home/leizo/airflow/dags/lib/spotify_fetcher.py
[2022-06-12 22:36:01,373] {processor.py:642} INFO - Processing file /home/leizo/airflow/dags/lib/spotify_fetcher.py for tasks to queue
[2022-06-12 22:36:01,374] {logging_mixin.py:109} INFO - [2022-06-12 22:36:01,374] {dagbag.py:500} INFO - Filling up the DagBag from /home/leizo/airflow/dags/lib/spotify_fetcher.py
[2022-06-12 22:36:01,375] {processor.py:654} WARNING - No viable dags retrieved from /home/leizo/airflow/dags/lib/spotify_fetcher.py
[2022-06-12 22:36:01,383] {processor.py:171} INFO - Processing /home/leizo/airflow/dags/lib/spotify_fetcher.py took 0.014 seconds
[2022-06-12 22:36:11,699] {processor.py:163} INFO - Started process (PID=2943) to work on /home/leizo/airflow/dags/lib/spotify_fetcher.py
[2022-06-12 22:36:11,700] {processor.py:642} INFO - Processing file /home/leizo/airflow/dags/lib/spotify_fetcher.py for tasks to queue
[2022-06-12 22:36:11,701] {logging_mixin.py:109} INFO - [2022-06-12 22:36:11,701] {dagbag.py:500} INFO - Filling up the DagBag from /home/leizo/airflow/dags/lib/spotify_fetcher.py
[2022-06-12 22:36:11,704] {processor.py:654} WARNING - No viable dags retrieved from /home/leizo/airflow/dags/lib/spotify_fetcher.py
[2022-06-12 22:36:11,717] {processor.py:171} INFO - Processing /home/leizo/airflow/dags/lib/spotify_fetcher.py took 0.023 seconds
[2022-06-12 22:36:22,435] {processor.py:163} INFO - Started process (PID=2955) to work on /home/leizo/airflow/dags/lib/spotify_fetcher.py
[2022-06-12 22:36:22,437] {processor.py:642} INFO - Processing file /home/leizo/airflow/dags/lib/spotify_fetcher.py for tasks to queue
[2022-06-12 22:36:22,438] {logging_mixin.py:109} INFO - [2022-06-12 22:36:22,438] {dagbag.py:500} INFO - Filling up the DagBag from /home/leizo/airflow/dags/lib/spotify_fetcher.py
[2022-06-12 22:36:22,443] {processor.py:654} WARNING - No viable dags retrieved from /home/leizo/airflow/dags/lib/spotify_fetcher.py
[2022-06-12 22:36:22,458] {processor.py:171} INFO - Processing /home/leizo/airflow/dags/lib/spotify_fetcher.py took 0.027 seconds
[2022-06-12 22:36:32,570] {processor.py:163} INFO - Started process (PID=2995) to work on /home/leizo/airflow/dags/lib/spotify_fetcher.py
[2022-06-12 22:36:32,572] {processor.py:642} INFO - Processing file /home/leizo/airflow/dags/lib/spotify_fetcher.py for tasks to queue
[2022-06-12 22:36:32,573] {logging_mixin.py:109} INFO - [2022-06-12 22:36:32,573] {dagbag.py:500} INFO - Filling up the DagBag from /home/leizo/airflow/dags/lib/spotify_fetcher.py
[2022-06-12 22:36:32,575] {processor.py:654} WARNING - No viable dags retrieved from /home/leizo/airflow/dags/lib/spotify_fetcher.py
[2022-06-12 22:36:32,593] {processor.py:171} INFO - Processing /home/leizo/airflow/dags/lib/spotify_fetcher.py took 0.028 seconds
[2022-06-12 22:36:42,051] {processor.py:163} INFO - Started process (PID=3005) to work on /home/leizo/airflow/dags/lib/spotify_fetcher.py
[2022-06-12 22:36:42,054] {processor.py:642} INFO - Processing file /home/leizo/airflow/dags/lib/spotify_fetcher.py for tasks to queue
[2022-06-12 22:36:42,055] {logging_mixin.py:109} INFO - [2022-06-12 22:36:42,055] {dagbag.py:500} INFO - Filling up the DagBag from /home/leizo/airflow/dags/lib/spotify_fetcher.py
[2022-06-12 22:36:42,057] {processor.py:654} WARNING - No viable dags retrieved from /home/leizo/airflow/dags/lib/spotify_fetcher.py
[2022-06-12 22:36:42,068] {processor.py:171} INFO - Processing /home/leizo/airflow/dags/lib/spotify_fetcher.py took 0.021 seconds
[2022-06-12 22:36:53,663] {processor.py:163} INFO - Started process (PID=3031) to work on /home/leizo/airflow/dags/lib/spotify_fetcher.py
[2022-06-12 22:36:53,667] {processor.py:642} INFO - Processing file /home/leizo/airflow/dags/lib/spotify_fetcher.py for tasks to queue
[2022-06-12 22:36:53,668] {logging_mixin.py:109} INFO - [2022-06-12 22:36:53,668] {dagbag.py:500} INFO - Filling up the DagBag from /home/leizo/airflow/dags/lib/spotify_fetcher.py
[2022-06-12 22:36:53,671] {processor.py:654} WARNING - No viable dags retrieved from /home/leizo/airflow/dags/lib/spotify_fetcher.py
[2022-06-12 22:36:53,685] {processor.py:171} INFO - Processing /home/leizo/airflow/dags/lib/spotify_fetcher.py took 0.028 seconds
[2022-06-12 22:37:04,216] {processor.py:163} INFO - Started process (PID=3042) to work on /home/leizo/airflow/dags/lib/spotify_fetcher.py
[2022-06-12 22:37:04,218] {processor.py:642} INFO - Processing file /home/leizo/airflow/dags/lib/spotify_fetcher.py for tasks to queue
[2022-06-12 22:37:04,218] {logging_mixin.py:109} INFO - [2022-06-12 22:37:04,218] {dagbag.py:500} INFO - Filling up the DagBag from /home/leizo/airflow/dags/lib/spotify_fetcher.py
[2022-06-12 22:37:04,220] {processor.py:654} WARNING - No viable dags retrieved from /home/leizo/airflow/dags/lib/spotify_fetcher.py
[2022-06-12 22:37:04,227] {processor.py:171} INFO - Processing /home/leizo/airflow/dags/lib/spotify_fetcher.py took 0.014 seconds
[2022-06-12 22:37:13,516] {processor.py:163} INFO - Started process (PID=3051) to work on /home/leizo/airflow/dags/lib/spotify_fetcher.py
[2022-06-12 22:37:13,518] {processor.py:642} INFO - Processing file /home/leizo/airflow/dags/lib/spotify_fetcher.py for tasks to queue
[2022-06-12 22:37:13,519] {logging_mixin.py:109} INFO - [2022-06-12 22:37:13,519] {dagbag.py:500} INFO - Filling up the DagBag from /home/leizo/airflow/dags/lib/spotify_fetcher.py
[2022-06-12 22:37:13,522] {processor.py:654} WARNING - No viable dags retrieved from /home/leizo/airflow/dags/lib/spotify_fetcher.py
[2022-06-12 22:37:13,538] {processor.py:171} INFO - Processing /home/leizo/airflow/dags/lib/spotify_fetcher.py took 0.027 seconds
[2022-06-12 22:37:24,789] {processor.py:163} INFO - Started process (PID=3061) to work on /home/leizo/airflow/dags/lib/spotify_fetcher.py
[2022-06-12 22:37:24,791] {processor.py:642} INFO - Processing file /home/leizo/airflow/dags/lib/spotify_fetcher.py for tasks to queue
[2022-06-12 22:37:24,792] {logging_mixin.py:109} INFO - [2022-06-12 22:37:24,792] {dagbag.py:500} INFO - Filling up the DagBag from /home/leizo/airflow/dags/lib/spotify_fetcher.py
[2022-06-12 22:37:24,795] {processor.py:654} WARNING - No viable dags retrieved from /home/leizo/airflow/dags/lib/spotify_fetcher.py
[2022-06-12 22:37:24,805] {processor.py:171} INFO - Processing /home/leizo/airflow/dags/lib/spotify_fetcher.py took 0.022 seconds
[2022-06-12 22:37:35,420] {processor.py:163} INFO - Started process (PID=3071) to work on /home/leizo/airflow/dags/lib/spotify_fetcher.py
[2022-06-12 22:37:35,422] {processor.py:642} INFO - Processing file /home/leizo/airflow/dags/lib/spotify_fetcher.py for tasks to queue
[2022-06-12 22:37:35,423] {logging_mixin.py:109} INFO - [2022-06-12 22:37:35,423] {dagbag.py:500} INFO - Filling up the DagBag from /home/leizo/airflow/dags/lib/spotify_fetcher.py
[2022-06-12 22:37:35,425] {processor.py:654} WARNING - No viable dags retrieved from /home/leizo/airflow/dags/lib/spotify_fetcher.py
[2022-06-12 22:37:35,436] {processor.py:171} INFO - Processing /home/leizo/airflow/dags/lib/spotify_fetcher.py took 0.019 seconds
[2022-06-12 22:37:46,195] {processor.py:163} INFO - Started process (PID=3082) to work on /home/leizo/airflow/dags/lib/spotify_fetcher.py
[2022-06-12 22:37:46,198] {processor.py:642} INFO - Processing file /home/leizo/airflow/dags/lib/spotify_fetcher.py for tasks to queue
[2022-06-12 22:37:46,199] {logging_mixin.py:109} INFO - [2022-06-12 22:37:46,199] {dagbag.py:500} INFO - Filling up the DagBag from /home/leizo/airflow/dags/lib/spotify_fetcher.py
[2022-06-12 22:37:46,200] {processor.py:654} WARNING - No viable dags retrieved from /home/leizo/airflow/dags/lib/spotify_fetcher.py
[2022-06-12 22:37:46,209] {processor.py:171} INFO - Processing /home/leizo/airflow/dags/lib/spotify_fetcher.py took 0.017 seconds
[2022-06-12 22:37:56,501] {processor.py:163} INFO - Started process (PID=3092) to work on /home/leizo/airflow/dags/lib/spotify_fetcher.py
[2022-06-12 22:37:56,502] {processor.py:642} INFO - Processing file /home/leizo/airflow/dags/lib/spotify_fetcher.py for tasks to queue
[2022-06-12 22:37:56,503] {logging_mixin.py:109} INFO - [2022-06-12 22:37:56,502] {dagbag.py:500} INFO - Filling up the DagBag from /home/leizo/airflow/dags/lib/spotify_fetcher.py
[2022-06-12 22:37:56,504] {processor.py:654} WARNING - No viable dags retrieved from /home/leizo/airflow/dags/lib/spotify_fetcher.py
[2022-06-12 22:37:56,510] {processor.py:171} INFO - Processing /home/leizo/airflow/dags/lib/spotify_fetcher.py took 0.011 seconds
[2022-06-12 22:38:06,204] {processor.py:163} INFO - Started process (PID=3101) to work on /home/leizo/airflow/dags/lib/spotify_fetcher.py
[2022-06-12 22:38:06,205] {processor.py:642} INFO - Processing file /home/leizo/airflow/dags/lib/spotify_fetcher.py for tasks to queue
[2022-06-12 22:38:06,206] {logging_mixin.py:109} INFO - [2022-06-12 22:38:06,206] {dagbag.py:500} INFO - Filling up the DagBag from /home/leizo/airflow/dags/lib/spotify_fetcher.py
[2022-06-12 22:38:06,207] {processor.py:654} WARNING - No viable dags retrieved from /home/leizo/airflow/dags/lib/spotify_fetcher.py
[2022-06-12 22:38:06,216] {processor.py:171} INFO - Processing /home/leizo/airflow/dags/lib/spotify_fetcher.py took 0.015 seconds
[2022-06-12 22:38:18,208] {processor.py:163} INFO - Started process (PID=3111) to work on /home/leizo/airflow/dags/lib/spotify_fetcher.py
[2022-06-12 22:38:18,211] {processor.py:642} INFO - Processing file /home/leizo/airflow/dags/lib/spotify_fetcher.py for tasks to queue
[2022-06-12 22:38:18,212] {logging_mixin.py:109} INFO - [2022-06-12 22:38:18,212] {dagbag.py:500} INFO - Filling up the DagBag from /home/leizo/airflow/dags/lib/spotify_fetcher.py
[2022-06-12 22:38:18,214] {processor.py:654} WARNING - No viable dags retrieved from /home/leizo/airflow/dags/lib/spotify_fetcher.py
[2022-06-12 22:38:18,220] {processor.py:171} INFO - Processing /home/leizo/airflow/dags/lib/spotify_fetcher.py took 0.018 seconds
[2022-06-12 22:38:29,744] {processor.py:163} INFO - Started process (PID=3122) to work on /home/leizo/airflow/dags/lib/spotify_fetcher.py
[2022-06-12 22:38:29,746] {processor.py:642} INFO - Processing file /home/leizo/airflow/dags/lib/spotify_fetcher.py for tasks to queue
[2022-06-12 22:38:29,747] {logging_mixin.py:109} INFO - [2022-06-12 22:38:29,746] {dagbag.py:500} INFO - Filling up the DagBag from /home/leizo/airflow/dags/lib/spotify_fetcher.py
[2022-06-12 22:38:29,748] {processor.py:654} WARNING - No viable dags retrieved from /home/leizo/airflow/dags/lib/spotify_fetcher.py
[2022-06-12 22:38:29,759] {processor.py:171} INFO - Processing /home/leizo/airflow/dags/lib/spotify_fetcher.py took 0.019 seconds
[2022-06-12 22:38:42,754] {processor.py:163} INFO - Started process (PID=3149) to work on /home/leizo/airflow/dags/lib/spotify_fetcher.py
[2022-06-12 22:38:42,755] {processor.py:642} INFO - Processing file /home/leizo/airflow/dags/lib/spotify_fetcher.py for tasks to queue
[2022-06-12 22:38:42,756] {logging_mixin.py:109} INFO - [2022-06-12 22:38:42,756] {dagbag.py:500} INFO - Filling up the DagBag from /home/leizo/airflow/dags/lib/spotify_fetcher.py
[2022-06-12 22:38:42,760] {processor.py:654} WARNING - No viable dags retrieved from /home/leizo/airflow/dags/lib/spotify_fetcher.py
[2022-06-12 22:38:42,772] {processor.py:171} INFO - Processing /home/leizo/airflow/dags/lib/spotify_fetcher.py took 0.023 seconds
[2022-06-12 22:38:53,279] {processor.py:163} INFO - Started process (PID=3175) to work on /home/leizo/airflow/dags/lib/spotify_fetcher.py
[2022-06-12 22:38:53,281] {processor.py:642} INFO - Processing file /home/leizo/airflow/dags/lib/spotify_fetcher.py for tasks to queue
[2022-06-12 22:38:53,281] {logging_mixin.py:109} INFO - [2022-06-12 22:38:53,281] {dagbag.py:500} INFO - Filling up the DagBag from /home/leizo/airflow/dags/lib/spotify_fetcher.py
[2022-06-12 22:38:53,283] {processor.py:654} WARNING - No viable dags retrieved from /home/leizo/airflow/dags/lib/spotify_fetcher.py
[2022-06-12 22:38:53,294] {processor.py:171} INFO - Processing /home/leizo/airflow/dags/lib/spotify_fetcher.py took 0.018 seconds
[2022-06-12 22:39:02,554] {processor.py:163} INFO - Started process (PID=3205) to work on /home/leizo/airflow/dags/lib/spotify_fetcher.py
[2022-06-12 22:39:02,556] {processor.py:642} INFO - Processing file /home/leizo/airflow/dags/lib/spotify_fetcher.py for tasks to queue
[2022-06-12 22:39:02,558] {logging_mixin.py:109} INFO - [2022-06-12 22:39:02,557] {dagbag.py:500} INFO - Filling up the DagBag from /home/leizo/airflow/dags/lib/spotify_fetcher.py
[2022-06-12 22:39:02,560] {processor.py:654} WARNING - No viable dags retrieved from /home/leizo/airflow/dags/lib/spotify_fetcher.py
[2022-06-12 22:39:02,570] {processor.py:171} INFO - Processing /home/leizo/airflow/dags/lib/spotify_fetcher.py took 0.023 seconds
[2022-06-12 22:39:12,560] {processor.py:163} INFO - Started process (PID=3226) to work on /home/leizo/airflow/dags/lib/spotify_fetcher.py
[2022-06-12 22:39:12,561] {processor.py:642} INFO - Processing file /home/leizo/airflow/dags/lib/spotify_fetcher.py for tasks to queue
[2022-06-12 22:39:12,562] {logging_mixin.py:109} INFO - [2022-06-12 22:39:12,562] {dagbag.py:500} INFO - Filling up the DagBag from /home/leizo/airflow/dags/lib/spotify_fetcher.py
[2022-06-12 22:39:12,565] {processor.py:654} WARNING - No viable dags retrieved from /home/leizo/airflow/dags/lib/spotify_fetcher.py
[2022-06-12 22:39:12,577] {processor.py:171} INFO - Processing /home/leizo/airflow/dags/lib/spotify_fetcher.py took 0.022 seconds
[2022-06-12 22:39:24,243] {processor.py:163} INFO - Started process (PID=3237) to work on /home/leizo/airflow/dags/lib/spotify_fetcher.py
[2022-06-12 22:39:24,245] {processor.py:642} INFO - Processing file /home/leizo/airflow/dags/lib/spotify_fetcher.py for tasks to queue
[2022-06-12 22:39:24,246] {logging_mixin.py:109} INFO - [2022-06-12 22:39:24,246] {dagbag.py:500} INFO - Filling up the DagBag from /home/leizo/airflow/dags/lib/spotify_fetcher.py
[2022-06-12 22:39:24,249] {processor.py:654} WARNING - No viable dags retrieved from /home/leizo/airflow/dags/lib/spotify_fetcher.py
[2022-06-12 22:39:24,263] {processor.py:171} INFO - Processing /home/leizo/airflow/dags/lib/spotify_fetcher.py took 0.028 seconds
[2022-06-12 22:39:34,975] {processor.py:163} INFO - Started process (PID=3248) to work on /home/leizo/airflow/dags/lib/spotify_fetcher.py
[2022-06-12 22:39:34,977] {processor.py:642} INFO - Processing file /home/leizo/airflow/dags/lib/spotify_fetcher.py for tasks to queue
[2022-06-12 22:39:34,978] {logging_mixin.py:109} INFO - [2022-06-12 22:39:34,978] {dagbag.py:500} INFO - Filling up the DagBag from /home/leizo/airflow/dags/lib/spotify_fetcher.py
[2022-06-12 22:39:34,980] {processor.py:654} WARNING - No viable dags retrieved from /home/leizo/airflow/dags/lib/spotify_fetcher.py
[2022-06-12 22:39:34,991] {processor.py:171} INFO - Processing /home/leizo/airflow/dags/lib/spotify_fetcher.py took 0.022 seconds
[2022-06-12 22:39:44,561] {processor.py:163} INFO - Started process (PID=3257) to work on /home/leizo/airflow/dags/lib/spotify_fetcher.py
[2022-06-12 22:39:44,563] {processor.py:642} INFO - Processing file /home/leizo/airflow/dags/lib/spotify_fetcher.py for tasks to queue
[2022-06-12 22:39:44,564] {logging_mixin.py:109} INFO - [2022-06-12 22:39:44,564] {dagbag.py:500} INFO - Filling up the DagBag from /home/leizo/airflow/dags/lib/spotify_fetcher.py
[2022-06-12 22:39:44,566] {processor.py:654} WARNING - No viable dags retrieved from /home/leizo/airflow/dags/lib/spotify_fetcher.py
[2022-06-12 22:39:44,580] {processor.py:171} INFO - Processing /home/leizo/airflow/dags/lib/spotify_fetcher.py took 0.022 seconds
[2022-06-12 22:39:55,426] {processor.py:163} INFO - Started process (PID=3269) to work on /home/leizo/airflow/dags/lib/spotify_fetcher.py
[2022-06-12 22:39:55,429] {processor.py:642} INFO - Processing file /home/leizo/airflow/dags/lib/spotify_fetcher.py for tasks to queue
[2022-06-12 22:39:55,429] {logging_mixin.py:109} INFO - [2022-06-12 22:39:55,429] {dagbag.py:500} INFO - Filling up the DagBag from /home/leizo/airflow/dags/lib/spotify_fetcher.py
[2022-06-12 22:39:55,431] {processor.py:654} WARNING - No viable dags retrieved from /home/leizo/airflow/dags/lib/spotify_fetcher.py
[2022-06-12 22:39:55,441] {processor.py:171} INFO - Processing /home/leizo/airflow/dags/lib/spotify_fetcher.py took 0.021 seconds
[2022-06-12 22:40:05,954] {processor.py:163} INFO - Started process (PID=3279) to work on /home/leizo/airflow/dags/lib/spotify_fetcher.py
[2022-06-12 22:40:05,957] {processor.py:642} INFO - Processing file /home/leizo/airflow/dags/lib/spotify_fetcher.py for tasks to queue
[2022-06-12 22:40:05,958] {logging_mixin.py:109} INFO - [2022-06-12 22:40:05,958] {dagbag.py:500} INFO - Filling up the DagBag from /home/leizo/airflow/dags/lib/spotify_fetcher.py
[2022-06-12 22:40:05,961] {processor.py:654} WARNING - No viable dags retrieved from /home/leizo/airflow/dags/lib/spotify_fetcher.py
[2022-06-12 22:40:05,973] {processor.py:171} INFO - Processing /home/leizo/airflow/dags/lib/spotify_fetcher.py took 0.025 seconds
[2022-06-12 22:40:18,019] {processor.py:163} INFO - Started process (PID=3291) to work on /home/leizo/airflow/dags/lib/spotify_fetcher.py
[2022-06-12 22:40:18,024] {processor.py:642} INFO - Processing file /home/leizo/airflow/dags/lib/spotify_fetcher.py for tasks to queue
[2022-06-12 22:40:18,026] {logging_mixin.py:109} INFO - [2022-06-12 22:40:18,026] {dagbag.py:500} INFO - Filling up the DagBag from /home/leizo/airflow/dags/lib/spotify_fetcher.py
[2022-06-12 22:40:18,030] {processor.py:654} WARNING - No viable dags retrieved from /home/leizo/airflow/dags/lib/spotify_fetcher.py
[2022-06-12 22:40:18,050] {processor.py:171} INFO - Processing /home/leizo/airflow/dags/lib/spotify_fetcher.py took 0.038 seconds
[2022-06-12 22:40:31,319] {processor.py:163} INFO - Started process (PID=3302) to work on /home/leizo/airflow/dags/lib/spotify_fetcher.py
[2022-06-12 22:40:31,322] {processor.py:642} INFO - Processing file /home/leizo/airflow/dags/lib/spotify_fetcher.py for tasks to queue
[2022-06-12 22:40:31,323] {logging_mixin.py:109} INFO - [2022-06-12 22:40:31,323] {dagbag.py:500} INFO - Filling up the DagBag from /home/leizo/airflow/dags/lib/spotify_fetcher.py
[2022-06-12 22:40:31,326] {processor.py:654} WARNING - No viable dags retrieved from /home/leizo/airflow/dags/lib/spotify_fetcher.py
[2022-06-12 22:40:31,339] {processor.py:171} INFO - Processing /home/leizo/airflow/dags/lib/spotify_fetcher.py took 0.025 seconds
