[2022-06-20 16:13:32,623] {taskinstance.py:1043} INFO - Dependencies all met for <TaskInstance: my_first_dag.fetch_data_from_spotify manual__2022-06-20T14:12:43.649664+00:00 [queued]>
[2022-06-20 16:13:32,634] {taskinstance.py:1043} INFO - Dependencies all met for <TaskInstance: my_first_dag.fetch_data_from_spotify manual__2022-06-20T14:12:43.649664+00:00 [queued]>
[2022-06-20 16:13:32,634] {taskinstance.py:1249} INFO - 
--------------------------------------------------------------------------------
[2022-06-20 16:13:32,634] {taskinstance.py:1250} INFO - Starting attempt 1 of 2
[2022-06-20 16:13:32,634] {taskinstance.py:1251} INFO - 
--------------------------------------------------------------------------------
[2022-06-20 16:13:32,650] {taskinstance.py:1270} INFO - Executing <Task(PythonOperator): fetch_data_from_spotify> on 2022-06-20 14:12:43.649664+00:00
[2022-06-20 16:13:32,652] {standard_task_runner.py:52} INFO - Started process 24099 to run task
[2022-06-20 16:13:32,657] {standard_task_runner.py:79} INFO - Running: ['airflow', 'tasks', 'run', 'my_first_dag', 'fetch_data_from_spotify', 'manual__2022-06-20T14:12:43.649664+00:00', '--job-id', '84', '--raw', '--subdir', 'DAGS_FOLDER/my_first_dag.py', '--cfg-path', '/tmp/tmpqbs9wfvv', '--error-file', '/tmp/tmp55l5nmuc']
[2022-06-20 16:13:32,658] {standard_task_runner.py:80} INFO - Job 84: Subtask fetch_data_from_spotify
[2022-06-20 16:13:32,699] {logging_mixin.py:109} INFO - Running <TaskInstance: my_first_dag.fetch_data_from_spotify manual__2022-06-20T14:12:43.649664+00:00 [running]> on host LAPTOP-M1F9EL62.localdomain
[2022-06-20 16:13:32,745] {taskinstance.py:1446} INFO - Exporting the following env vars:
AIRFLOW_CTX_DAG_EMAIL=airflow@example.com
AIRFLOW_CTX_DAG_OWNER=airflow
AIRFLOW_CTX_DAG_ID=my_first_dag
AIRFLOW_CTX_TASK_ID=fetch_data_from_spotify
AIRFLOW_CTX_EXECUTION_DATE=2022-06-20T14:12:43.649664+00:00
AIRFLOW_CTX_DAG_RUN_ID=manual__2022-06-20T14:12:43.649664+00:00
[2022-06-20 16:13:33,109] {logging_mixin.py:109} INFO - Writing here:  /home/leizo/datalake/raw/spotify/playlists/dailyMix1/20220620/
[2022-06-20 16:13:33,402] {logging_mixin.py:109} INFO - Writing here:  /home/leizo/datalake/raw/spotify/playlists/dailyMix2/20220620/
[2022-06-20 16:13:33,692] {logging_mixin.py:109} INFO - Writing here:  /home/leizo/datalake/raw/spotify/playlists/dailyMix3/20220620/
[2022-06-20 16:13:33,991] {logging_mixin.py:109} INFO - Writing here:  /home/leizo/datalake/raw/spotify/playlists/dailyMix4/20220620/
[2022-06-20 16:13:34,355] {logging_mixin.py:109} INFO - Writing here:  /home/leizo/datalake/raw/spotify/playlists/dailyMix5/20220620/
[2022-06-20 16:13:34,652] {logging_mixin.py:109} INFO - Writing here:  /home/leizo/datalake/raw/spotify/playlists/dailyMix6/20220620/
[2022-06-20 16:13:34,823] {logging_mixin.py:109} INFO - Writing here:  /home/leizo/datalake/raw/spotify/playlists/mixRock/20220620/
[2022-06-20 16:13:35,062] {logging_mixin.py:109} INFO - Writing here:  /home/leizo/datalake/raw/spotify/playlists/mixIndie/20220620/
[2022-06-20 16:13:35,331] {logging_mixin.py:109} INFO - Writing here:  /home/leizo/datalake/raw/spotify/playlists/feelGoodIndieRock/20220620/
[2022-06-20 16:13:35,643] {logging_mixin.py:109} INFO - Writing here:  /home/leizo/datalake/raw/spotify/playlists/topAlternative/20220620/
[2022-06-20 16:13:35,645] {python.py:175} INFO - Done. Returned value was: None
[2022-06-20 16:13:35,650] {taskinstance.py:1278} INFO - Marking task as SUCCESS. dag_id=my_first_dag, task_id=fetch_data_from_spotify, execution_date=20220620T141243, start_date=20220620T141332, end_date=20220620T141335
[2022-06-20 16:13:35,684] {local_task_job.py:154} INFO - Task exited with return code 0
[2022-06-20 16:13:35,708] {local_task_job.py:264} INFO - 1 downstream tasks scheduled from follow-on schedule check
