[2022-06-13 21:54:39,184] {taskinstance.py:1043} INFO - Dependencies all met for <TaskInstance: my_first_dag.fetch_data_from_lastfm manual__2022-06-13T19:54:35.221267+00:00 [queued]>
[2022-06-13 21:54:39,192] {taskinstance.py:1043} INFO - Dependencies all met for <TaskInstance: my_first_dag.fetch_data_from_lastfm manual__2022-06-13T19:54:35.221267+00:00 [queued]>
[2022-06-13 21:54:39,192] {taskinstance.py:1249} INFO - 
--------------------------------------------------------------------------------
[2022-06-13 21:54:39,193] {taskinstance.py:1250} INFO - Starting attempt 1 of 2
[2022-06-13 21:54:39,193] {taskinstance.py:1251} INFO - 
--------------------------------------------------------------------------------
[2022-06-13 21:54:39,209] {taskinstance.py:1270} INFO - Executing <Task(PythonOperator): fetch_data_from_lastfm> on 2022-06-13 19:54:35.221267+00:00
[2022-06-13 21:54:39,212] {standard_task_runner.py:52} INFO - Started process 2690 to run task
[2022-06-13 21:54:39,217] {standard_task_runner.py:79} INFO - Running: ['airflow', 'tasks', 'run', 'my_first_dag', 'fetch_data_from_lastfm', 'manual__2022-06-13T19:54:35.221267+00:00', '--job-id', '31', '--raw', '--subdir', 'DAGS_FOLDER/my_first_dag.py', '--cfg-path', '/tmp/tmp91qd6uqi', '--error-file', '/tmp/tmpe0mckmdv']
[2022-06-13 21:54:39,218] {standard_task_runner.py:80} INFO - Job 31: Subtask fetch_data_from_lastfm
[2022-06-13 21:54:39,276] {logging_mixin.py:109} INFO - Running <TaskInstance: my_first_dag.fetch_data_from_lastfm manual__2022-06-13T19:54:35.221267+00:00 [running]> on host LAPTOP-M1F9EL62.localdomain
[2022-06-13 21:54:39,316] {taskinstance.py:1446} INFO - Exporting the following env vars:
AIRFLOW_CTX_DAG_EMAIL=airflow@example.com
AIRFLOW_CTX_DAG_OWNER=airflow
AIRFLOW_CTX_DAG_ID=my_first_dag
AIRFLOW_CTX_TASK_ID=fetch_data_from_lastfm
AIRFLOW_CTX_EXECUTION_DATE=2022-06-13T19:54:35.221267+00:00
AIRFLOW_CTX_DAG_RUN_ID=manual__2022-06-13T19:54:35.221267+00:00
[2022-06-13 21:54:39,550] {logging_mixin.py:109} INFO - Writing here:  /home/leizo/datalake/raw/lastfm/TopArtist/Rock20220613/
[2022-06-13 21:54:39,742] {logging_mixin.py:109} INFO - Writing here:  /home/leizo/datalake/raw/lastfm/TopArtist/Indie20220613/
[2022-06-13 21:54:39,941] {logging_mixin.py:109} INFO - Writing here:  /home/leizo/datalake/raw/lastfm/TopArtist/Indie rock20220613/
[2022-06-13 21:54:40,164] {logging_mixin.py:109} INFO - Writing here:  /home/leizo/datalake/raw/lastfm/TopArtist/Alternative20220613/
[2022-06-13 21:54:40,503] {logging_mixin.py:109} INFO - Writing here:  /home/leizo/datalake/raw/lastfm/TopArtist/Pop20220613/
[2022-06-13 21:54:40,504] {python.py:175} INFO - Done. Returned value was: None
[2022-06-13 21:54:40,518] {taskinstance.py:1278} INFO - Marking task as SUCCESS. dag_id=my_first_dag, task_id=fetch_data_from_lastfm, execution_date=20220613T195435, start_date=20220613T195439, end_date=20220613T195440
[2022-06-13 21:54:40,557] {local_task_job.py:154} INFO - Task exited with return code 0
[2022-06-13 21:54:40,616] {local_task_job.py:264} INFO - 1 downstream tasks scheduled from follow-on schedule check
