[2022-06-20 16:41:40,923] {taskinstance.py:1043} INFO - Dependencies all met for <TaskInstance: my_first_dag.format_data_from_spotify manual__2022-06-20T14:39:37.517208+00:00 [queued]>
[2022-06-20 16:41:40,932] {taskinstance.py:1043} INFO - Dependencies all met for <TaskInstance: my_first_dag.format_data_from_spotify manual__2022-06-20T14:39:37.517208+00:00 [queued]>
[2022-06-20 16:41:40,933] {taskinstance.py:1249} INFO - 
--------------------------------------------------------------------------------
[2022-06-20 16:41:40,933] {taskinstance.py:1250} INFO - Starting attempt 1 of 2
[2022-06-20 16:41:40,933] {taskinstance.py:1251} INFO - 
--------------------------------------------------------------------------------
[2022-06-20 16:41:40,949] {taskinstance.py:1270} INFO - Executing <Task(PythonOperator): format_data_from_spotify> on 2022-06-20 14:39:37.517208+00:00
[2022-06-20 16:41:40,951] {standard_task_runner.py:52} INFO - Started process 11647 to run task
[2022-06-20 16:41:40,956] {standard_task_runner.py:79} INFO - Running: ['airflow', 'tasks', 'run', 'my_first_dag', 'format_data_from_spotify', 'manual__2022-06-20T14:39:37.517208+00:00', '--job-id', '92', '--raw', '--subdir', 'DAGS_FOLDER/my_first_dag.py', '--cfg-path', '/tmp/tmp3b5wjpgz', '--error-file', '/tmp/tmpilpsjkgt']
[2022-06-20 16:41:40,957] {standard_task_runner.py:80} INFO - Job 92: Subtask format_data_from_spotify
[2022-06-20 16:41:41,007] {logging_mixin.py:109} INFO - Running <TaskInstance: my_first_dag.format_data_from_spotify manual__2022-06-20T14:39:37.517208+00:00 [running]> on host LAPTOP-M1F9EL62.localdomain
[2022-06-20 16:41:41,061] {taskinstance.py:1446} INFO - Exporting the following env vars:
AIRFLOW_CTX_DAG_EMAIL=airflow@example.com
AIRFLOW_CTX_DAG_OWNER=airflow
AIRFLOW_CTX_DAG_ID=my_first_dag
AIRFLOW_CTX_TASK_ID=format_data_from_spotify
AIRFLOW_CTX_EXECUTION_DATE=2022-06-20T14:39:37.517208+00:00
AIRFLOW_CTX_DAG_RUN_ID=manual__2022-06-20T14:39:37.517208+00:00
[2022-06-20 16:41:41,993] {logging_mixin.py:109} INFO - paquet already exists dailyMix1 20220620
[2022-06-20 16:41:42,482] {logging_mixin.py:109} INFO - paquet already exists dailyMix2 20220620
[2022-06-20 16:41:42,963] {logging_mixin.py:109} INFO - paquet already exists dailyMix3 20220620
[2022-06-20 16:41:43,385] {logging_mixin.py:109} INFO - paquet already exists dailyMix4 20220620
[2022-06-20 16:41:43,704] {logging_mixin.py:109} INFO - paquet already exists dailyMix5 20220620
[2022-06-20 16:41:44,026] {logging_mixin.py:109} INFO - paquet already exists dailyMix6 20220620
[2022-06-20 16:41:44,362] {logging_mixin.py:109} INFO - paquet already exists mixRock 20220620
[2022-06-20 16:41:44,735] {logging_mixin.py:109} INFO - paquet already exists mixIndie 20220620
[2022-06-20 16:41:45,075] {logging_mixin.py:109} INFO - paquet already exists feelGoodIndieRock 20220620
[2022-06-20 16:41:45,524] {logging_mixin.py:109} INFO - paquet already exists topAlternative 20220620
[2022-06-20 16:41:45,525] {python.py:175} INFO - Done. Returned value was: None
[2022-06-20 16:41:45,540] {taskinstance.py:1278} INFO - Marking task as SUCCESS. dag_id=my_first_dag, task_id=format_data_from_spotify, execution_date=20220620T143937, start_date=20220620T144140, end_date=20220620T144145
[2022-06-20 16:41:45,613] {local_task_job.py:154} INFO - Task exited with return code 0
[2022-06-20 16:41:45,673] {local_task_job.py:264} INFO - 1 downstream tasks scheduled from follow-on schedule check
