[2022-06-20 16:14:06,624] {taskinstance.py:1043} INFO - Dependencies all met for <TaskInstance: my_first_dag.format_data_from_lastfm manual__2022-06-20T14:12:43.649664+00:00 [queued]>
[2022-06-20 16:14:06,630] {taskinstance.py:1043} INFO - Dependencies all met for <TaskInstance: my_first_dag.format_data_from_lastfm manual__2022-06-20T14:12:43.649664+00:00 [queued]>
[2022-06-20 16:14:06,631] {taskinstance.py:1249} INFO - 
--------------------------------------------------------------------------------
[2022-06-20 16:14:06,631] {taskinstance.py:1250} INFO - Starting attempt 1 of 2
[2022-06-20 16:14:06,631] {taskinstance.py:1251} INFO - 
--------------------------------------------------------------------------------
[2022-06-20 16:14:06,643] {taskinstance.py:1270} INFO - Executing <Task(PythonOperator): format_data_from_lastfm> on 2022-06-20 14:12:43.649664+00:00
[2022-06-20 16:14:06,645] {standard_task_runner.py:52} INFO - Started process 24488 to run task
[2022-06-20 16:14:06,648] {standard_task_runner.py:79} INFO - Running: ['airflow', 'tasks', 'run', 'my_first_dag', 'format_data_from_lastfm', 'manual__2022-06-20T14:12:43.649664+00:00', '--job-id', '85', '--raw', '--subdir', 'DAGS_FOLDER/my_first_dag.py', '--cfg-path', '/tmp/tmp1b0r277z', '--error-file', '/tmp/tmpa9snfe4b']
[2022-06-20 16:14:06,649] {standard_task_runner.py:80} INFO - Job 85: Subtask format_data_from_lastfm
[2022-06-20 16:14:06,690] {logging_mixin.py:109} INFO - Running <TaskInstance: my_first_dag.format_data_from_lastfm manual__2022-06-20T14:12:43.649664+00:00 [running]> on host LAPTOP-M1F9EL62.localdomain
[2022-06-20 16:14:06,732] {taskinstance.py:1446} INFO - Exporting the following env vars:
AIRFLOW_CTX_DAG_EMAIL=airflow@example.com
AIRFLOW_CTX_DAG_OWNER=airflow
AIRFLOW_CTX_DAG_ID=my_first_dag
AIRFLOW_CTX_TASK_ID=format_data_from_lastfm
AIRFLOW_CTX_EXECUTION_DATE=2022-06-20T14:12:43.649664+00:00
AIRFLOW_CTX_DAG_RUN_ID=manual__2022-06-20T14:12:43.649664+00:00
[2022-06-20 16:14:07,356] {logging_mixin.py:109} INFO - paquet already exists topArtist rock 20220620
[2022-06-20 16:14:07,740] {logging_mixin.py:109} INFO - paquet already exists topArtist indie 20220620
[2022-06-20 16:14:08,098] {logging_mixin.py:109} INFO - paquet already exists topArtist indie rock 20220620
[2022-06-20 16:14:08,374] {logging_mixin.py:109} INFO - paquet already exists topArtist alternative 20220620
[2022-06-20 16:14:08,704] {logging_mixin.py:109} INFO - paquet already exists topArtist pop 20220620
[2022-06-20 16:14:09,139] {logging_mixin.py:109} INFO - paquet already exists topTracks rock 20220620
[2022-06-20 16:14:09,443] {logging_mixin.py:109} INFO - paquet already exists topTracks indie 20220620
[2022-06-20 16:14:09,710] {logging_mixin.py:109} INFO - paquet already exists topTracks indie rock 20220620
[2022-06-20 16:14:10,047] {logging_mixin.py:109} INFO - paquet already exists topTracks alternative 20220620
[2022-06-20 16:14:10,359] {logging_mixin.py:109} INFO - paquet already exists topTracks pop 20220620
[2022-06-20 16:14:10,359] {python.py:175} INFO - Done. Returned value was: None
[2022-06-20 16:14:10,367] {taskinstance.py:1278} INFO - Marking task as SUCCESS. dag_id=my_first_dag, task_id=format_data_from_lastfm, execution_date=20220620T141243, start_date=20220620T141406, end_date=20220620T141410
[2022-06-20 16:14:10,416] {local_task_job.py:154} INFO - Task exited with return code 0
[2022-06-20 16:14:10,440] {local_task_job.py:264} INFO - 0 downstream tasks scheduled from follow-on schedule check
