[2022-06-13 22:22:08,170] {taskinstance.py:1043} INFO - Dependencies all met for <TaskInstance: my_first_dag.fetch_data_from_spotify manual__2022-06-13T20:21:56.621296+00:00 [queued]>
[2022-06-13 22:22:08,176] {taskinstance.py:1043} INFO - Dependencies all met for <TaskInstance: my_first_dag.fetch_data_from_spotify manual__2022-06-13T20:21:56.621296+00:00 [queued]>
[2022-06-13 22:22:08,176] {taskinstance.py:1249} INFO - 
--------------------------------------------------------------------------------
[2022-06-13 22:22:08,177] {taskinstance.py:1250} INFO - Starting attempt 1 of 2
[2022-06-13 22:22:08,177] {taskinstance.py:1251} INFO - 
--------------------------------------------------------------------------------
[2022-06-13 22:22:08,193] {taskinstance.py:1270} INFO - Executing <Task(PythonOperator): fetch_data_from_spotify> on 2022-06-13 20:21:56.621296+00:00
[2022-06-13 22:22:08,195] {standard_task_runner.py:52} INFO - Started process 4451 to run task
[2022-06-13 22:22:08,199] {standard_task_runner.py:79} INFO - Running: ['airflow', 'tasks', 'run', 'my_first_dag', 'fetch_data_from_spotify', 'manual__2022-06-13T20:21:56.621296+00:00', '--job-id', '42', '--raw', '--subdir', 'DAGS_FOLDER/my_first_dag.py', '--cfg-path', '/tmp/tmpyftjglpm', '--error-file', '/tmp/tmplwv3d9mg']
[2022-06-13 22:22:08,201] {standard_task_runner.py:80} INFO - Job 42: Subtask fetch_data_from_spotify
[2022-06-13 22:22:08,274] {logging_mixin.py:109} INFO - Running <TaskInstance: my_first_dag.fetch_data_from_spotify manual__2022-06-13T20:21:56.621296+00:00 [running]> on host LAPTOP-M1F9EL62.localdomain
[2022-06-13 22:22:08,346] {taskinstance.py:1446} INFO - Exporting the following env vars:
AIRFLOW_CTX_DAG_EMAIL=airflow@example.com
AIRFLOW_CTX_DAG_OWNER=airflow
AIRFLOW_CTX_DAG_ID=my_first_dag
AIRFLOW_CTX_TASK_ID=fetch_data_from_spotify
AIRFLOW_CTX_EXECUTION_DATE=2022-06-13T20:21:56.621296+00:00
AIRFLOW_CTX_DAG_RUN_ID=manual__2022-06-13T20:21:56.621296+00:00
[2022-06-13 22:22:08,588] {logging_mixin.py:109} INFO - Writing here:  /home/leizo/datalake/raw/spotify/Playlists/DailyMix1/20220613/
[2022-06-13 22:22:09,092] {logging_mixin.py:109} INFO - Writing here:  /home/leizo/datalake/raw/spotify/Playlists/DailyMix2/20220613/
[2022-06-13 22:22:09,297] {logging_mixin.py:109} INFO - Writing here:  /home/leizo/datalake/raw/spotify/Playlists/DailyMix3/20220613/
[2022-06-13 22:22:09,523] {logging_mixin.py:109} INFO - Writing here:  /home/leizo/datalake/raw/spotify/Playlists/DailyMix4/20220613/
[2022-06-13 22:22:09,737] {logging_mixin.py:109} INFO - Writing here:  /home/leizo/datalake/raw/spotify/Playlists/DailyMix5/20220613/
[2022-06-13 22:22:10,087] {logging_mixin.py:109} INFO - Writing here:  /home/leizo/datalake/raw/spotify/Playlists/DailyMix6/20220613/
[2022-06-13 22:22:10,280] {logging_mixin.py:109} INFO - Writing here:  /home/leizo/datalake/raw/spotify/Playlists/MixRock/20220613/
[2022-06-13 22:22:10,498] {logging_mixin.py:109} INFO - Writing here:  /home/leizo/datalake/raw/spotify/Playlists/MixIndie/20220613/
[2022-06-13 22:22:10,500] {python.py:175} INFO - Done. Returned value was: None
[2022-06-13 22:22:10,512] {taskinstance.py:1278} INFO - Marking task as SUCCESS. dag_id=my_first_dag, task_id=fetch_data_from_spotify, execution_date=20220613T202156, start_date=20220613T202208, end_date=20220613T202210
[2022-06-13 22:22:10,545] {local_task_job.py:154} INFO - Task exited with return code 0
[2022-06-13 22:22:10,590] {local_task_job.py:264} INFO - 1 downstream tasks scheduled from follow-on schedule check
