[2022-06-20 16:44:26,977] {taskinstance.py:1043} INFO - Dependencies all met for <TaskInstance: my_first_dag.format_data_from_lastfm manual__2022-06-20T14:42:48.043638+00:00 [queued]>
[2022-06-20 16:44:26,988] {taskinstance.py:1043} INFO - Dependencies all met for <TaskInstance: my_first_dag.format_data_from_lastfm manual__2022-06-20T14:42:48.043638+00:00 [queued]>
[2022-06-20 16:44:26,989] {taskinstance.py:1249} INFO - 
--------------------------------------------------------------------------------
[2022-06-20 16:44:26,989] {taskinstance.py:1250} INFO - Starting attempt 1 of 2
[2022-06-20 16:44:26,989] {taskinstance.py:1251} INFO - 
--------------------------------------------------------------------------------
[2022-06-20 16:44:27,006] {taskinstance.py:1270} INFO - Executing <Task(PythonOperator): format_data_from_lastfm> on 2022-06-20 14:42:48.043638+00:00
[2022-06-20 16:44:27,008] {standard_task_runner.py:52} INFO - Started process 13213 to run task
[2022-06-20 16:44:27,013] {standard_task_runner.py:79} INFO - Running: ['airflow', 'tasks', 'run', 'my_first_dag', 'format_data_from_lastfm', 'manual__2022-06-20T14:42:48.043638+00:00', '--job-id', '96', '--raw', '--subdir', 'DAGS_FOLDER/my_first_dag.py', '--cfg-path', '/tmp/tmpfapb9rdi', '--error-file', '/tmp/tmp4ya7vbj7']
[2022-06-20 16:44:27,015] {standard_task_runner.py:80} INFO - Job 96: Subtask format_data_from_lastfm
[2022-06-20 16:44:27,073] {logging_mixin.py:109} INFO - Running <TaskInstance: my_first_dag.format_data_from_lastfm manual__2022-06-20T14:42:48.043638+00:00 [running]> on host LAPTOP-M1F9EL62.localdomain
[2022-06-20 16:44:27,134] {taskinstance.py:1446} INFO - Exporting the following env vars:
AIRFLOW_CTX_DAG_EMAIL=airflow@example.com
AIRFLOW_CTX_DAG_OWNER=airflow
AIRFLOW_CTX_DAG_ID=my_first_dag
AIRFLOW_CTX_TASK_ID=format_data_from_lastfm
AIRFLOW_CTX_EXECUTION_DATE=2022-06-20T14:42:48.043638+00:00
AIRFLOW_CTX_DAG_RUN_ID=manual__2022-06-20T14:42:48.043638+00:00
[2022-06-20 16:44:28,063] {logging_mixin.py:109} INFO - paquet already exists topArtist rock 20220620
[2022-06-20 16:44:28,764] {logging_mixin.py:109} INFO - paquet already exists topArtist indie 20220620
[2022-06-20 16:44:29,365] {logging_mixin.py:109} INFO - paquet already exists topArtist indie rock 20220620
[2022-06-20 16:44:29,776] {logging_mixin.py:109} INFO - paquet already exists topArtist alternative 20220620
[2022-06-20 16:44:30,278] {logging_mixin.py:109} INFO - paquet already exists topArtist pop 20220620
[2022-06-20 16:44:30,763] {logging_mixin.py:109} INFO - paquet already exists topTracks rock 20220620
[2022-06-20 16:44:31,309] {logging_mixin.py:109} INFO - paquet already exists topTracks indie 20220620
[2022-06-20 16:44:31,784] {logging_mixin.py:109} INFO - paquet already exists topTracks indie rock 20220620
[2022-06-20 16:44:32,359] {logging_mixin.py:109} INFO - paquet already exists topTracks alternative 20220620
[2022-06-20 16:44:32,841] {logging_mixin.py:109} INFO - paquet already exists topTracks pop 20220620
[2022-06-20 16:44:32,841] {python.py:175} INFO - Done. Returned value was: None
[2022-06-20 16:44:32,856] {taskinstance.py:1278} INFO - Marking task as SUCCESS. dag_id=my_first_dag, task_id=format_data_from_lastfm, execution_date=20220620T144248, start_date=20220620T144426, end_date=20220620T144432
[2022-06-20 16:44:32,911] {local_task_job.py:154} INFO - Task exited with return code 0
[2022-06-20 16:44:32,952] {local_task_job.py:264} INFO - 0 downstream tasks scheduled from follow-on schedule check
