[2022-06-13 21:54:51,668] {taskinstance.py:1043} INFO - Dependencies all met for <TaskInstance: my_first_dag.format_data_from_predicthq manual__2022-06-13T19:54:35.221267+00:00 [queued]>
[2022-06-13 21:54:51,674] {taskinstance.py:1043} INFO - Dependencies all met for <TaskInstance: my_first_dag.format_data_from_predicthq manual__2022-06-13T19:54:35.221267+00:00 [queued]>
[2022-06-13 21:54:51,674] {taskinstance.py:1249} INFO - 
--------------------------------------------------------------------------------
[2022-06-13 21:54:51,674] {taskinstance.py:1250} INFO - Starting attempt 1 of 2
[2022-06-13 21:54:51,674] {taskinstance.py:1251} INFO - 
--------------------------------------------------------------------------------
[2022-06-13 21:54:51,683] {taskinstance.py:1270} INFO - Executing <Task(PythonOperator): format_data_from_predicthq> on 2022-06-13 19:54:35.221267+00:00
[2022-06-13 21:54:51,685] {standard_task_runner.py:52} INFO - Started process 2704 to run task
[2022-06-13 21:54:51,687] {standard_task_runner.py:79} INFO - Running: ['airflow', 'tasks', 'run', 'my_first_dag', 'format_data_from_predicthq', 'manual__2022-06-13T19:54:35.221267+00:00', '--job-id', '35', '--raw', '--subdir', 'DAGS_FOLDER/my_first_dag.py', '--cfg-path', '/tmp/tmpnif4p24e', '--error-file', '/tmp/tmpm01eh_tv']
[2022-06-13 21:54:51,688] {standard_task_runner.py:80} INFO - Job 35: Subtask format_data_from_predicthq
[2022-06-13 21:54:51,720] {logging_mixin.py:109} INFO - Running <TaskInstance: my_first_dag.format_data_from_predicthq manual__2022-06-13T19:54:35.221267+00:00 [running]> on host LAPTOP-M1F9EL62.localdomain
[2022-06-13 21:54:51,756] {taskinstance.py:1446} INFO - Exporting the following env vars:
AIRFLOW_CTX_DAG_EMAIL=airflow@example.com
AIRFLOW_CTX_DAG_OWNER=airflow
AIRFLOW_CTX_DAG_ID=my_first_dag
AIRFLOW_CTX_TASK_ID=format_data_from_predicthq
AIRFLOW_CTX_EXECUTION_DATE=2022-06-13T19:54:35.221267+00:00
AIRFLOW_CTX_DAG_RUN_ID=manual__2022-06-13T19:54:35.221267+00:00
[2022-06-13 21:54:51,757] {logging_mixin.py:109} INFO - Hello Airflow - This is Task with task_number: task4
[2022-06-13 21:54:51,757] {logging_mixin.py:109} INFO - kwargs['dag_run'] 2022-06-13 19:54:35.221267+00:00
[2022-06-13 21:54:51,757] {python.py:175} INFO - Done. Returned value was: None
[2022-06-13 21:54:51,762] {taskinstance.py:1278} INFO - Marking task as SUCCESS. dag_id=my_first_dag, task_id=format_data_from_predicthq, execution_date=20220613T195435, start_date=20220613T195451, end_date=20220613T195451
[2022-06-13 21:54:51,779] {local_task_job.py:154} INFO - Task exited with return code 0
[2022-06-13 21:54:51,798] {local_task_job.py:264} INFO - 0 downstream tasks scheduled from follow-on schedule check
