[2022-06-14 09:30:07,492] {taskinstance.py:1043} INFO - Dependencies all met for <TaskInstance: my_first_dag.fetch_data_from_lastfm manual__2022-06-14T07:29:56.541745+00:00 [queued]>
[2022-06-14 09:30:07,498] {taskinstance.py:1043} INFO - Dependencies all met for <TaskInstance: my_first_dag.fetch_data_from_lastfm manual__2022-06-14T07:29:56.541745+00:00 [queued]>
[2022-06-14 09:30:07,498] {taskinstance.py:1249} INFO - 
--------------------------------------------------------------------------------
[2022-06-14 09:30:07,498] {taskinstance.py:1250} INFO - Starting attempt 1 of 2
[2022-06-14 09:30:07,498] {taskinstance.py:1251} INFO - 
--------------------------------------------------------------------------------
[2022-06-14 09:30:07,513] {taskinstance.py:1270} INFO - Executing <Task(PythonOperator): fetch_data_from_lastfm> on 2022-06-14 07:29:56.541745+00:00
[2022-06-14 09:30:07,514] {standard_task_runner.py:52} INFO - Started process 8607 to run task
[2022-06-14 09:30:07,520] {standard_task_runner.py:79} INFO - Running: ['airflow', 'tasks', 'run', 'my_first_dag', 'fetch_data_from_lastfm', 'manual__2022-06-14T07:29:56.541745+00:00', '--job-id', '61', '--raw', '--subdir', 'DAGS_FOLDER/my_first_dag.py', '--cfg-path', '/tmp/tmpyldu19tx', '--error-file', '/tmp/tmpcwguk7zk']
[2022-06-14 09:30:07,521] {standard_task_runner.py:80} INFO - Job 61: Subtask fetch_data_from_lastfm
[2022-06-14 09:30:07,555] {logging_mixin.py:109} INFO - Running <TaskInstance: my_first_dag.fetch_data_from_lastfm manual__2022-06-14T07:29:56.541745+00:00 [running]> on host LAPTOP-M1F9EL62.localdomain
[2022-06-14 09:30:07,599] {taskinstance.py:1446} INFO - Exporting the following env vars:
AIRFLOW_CTX_DAG_EMAIL=airflow@example.com
AIRFLOW_CTX_DAG_OWNER=airflow
AIRFLOW_CTX_DAG_ID=my_first_dag
AIRFLOW_CTX_TASK_ID=fetch_data_from_lastfm
AIRFLOW_CTX_EXECUTION_DATE=2022-06-14T07:29:56.541745+00:00
AIRFLOW_CTX_DAG_RUN_ID=manual__2022-06-14T07:29:56.541745+00:00
[2022-06-14 09:30:08,524] {logging_mixin.py:109} INFO - Writing here:  /home/leizo/datalake/raw/lastfm/topArtist/rock/20220614/
[2022-06-14 09:30:09,801] {logging_mixin.py:109} INFO - Writing here:  /home/leizo/datalake/raw/lastfm/topTracks/rock/20220614/
[2022-06-14 09:30:10,985] {logging_mixin.py:109} INFO - Writing here:  /home/leizo/datalake/raw/lastfm/topArtist/indie/20220614/
[2022-06-14 09:30:11,721] {logging_mixin.py:109} INFO - Writing here:  /home/leizo/datalake/raw/lastfm/topTracks/indie/20220614/
[2022-06-14 09:30:12,569] {logging_mixin.py:109} INFO - Writing here:  /home/leizo/datalake/raw/lastfm/topArtist/indie rock/20220614/
[2022-06-14 09:30:13,991] {logging_mixin.py:109} INFO - Writing here:  /home/leizo/datalake/raw/lastfm/topTracks/indie rock/20220614/
[2022-06-14 09:30:15,021] {logging_mixin.py:109} INFO - Writing here:  /home/leizo/datalake/raw/lastfm/topArtist/alternative/20220614/
[2022-06-14 09:30:15,800] {logging_mixin.py:109} INFO - Writing here:  /home/leizo/datalake/raw/lastfm/topTracks/alternative/20220614/
[2022-06-14 09:30:16,752] {logging_mixin.py:109} INFO - Writing here:  /home/leizo/datalake/raw/lastfm/topArtist/pop/20220614/
[2022-06-14 09:30:17,665] {logging_mixin.py:109} INFO - Writing here:  /home/leizo/datalake/raw/lastfm/topTracks/pop/20220614/
[2022-06-14 09:30:17,670] {python.py:175} INFO - Done. Returned value was: None
[2022-06-14 09:30:17,674] {taskinstance.py:1278} INFO - Marking task as SUCCESS. dag_id=my_first_dag, task_id=fetch_data_from_lastfm, execution_date=20220614T072956, start_date=20220614T073007, end_date=20220614T073017
[2022-06-14 09:30:17,726] {local_task_job.py:154} INFO - Task exited with return code 0
[2022-06-14 09:30:17,745] {local_task_job.py:264} INFO - 1 downstream tasks scheduled from follow-on schedule check
