[2022-06-09 17:57:20,580] {processor.py:163} INFO - Started process (PID=12604) to work on /home/leizo/airflow/dags/lib/spotify_fetcher.py
[2022-06-09 17:57:20,581] {processor.py:642} INFO - Processing file /home/leizo/airflow/dags/lib/spotify_fetcher.py for tasks to queue
[2022-06-09 17:57:20,581] {logging_mixin.py:109} INFO - [2022-06-09 17:57:20,581] {dagbag.py:500} INFO - Filling up the DagBag from /home/leizo/airflow/dags/lib/spotify_fetcher.py
[2022-06-09 17:57:20,583] {processor.py:654} WARNING - No viable dags retrieved from /home/leizo/airflow/dags/lib/spotify_fetcher.py
[2022-06-09 17:57:20,590] {processor.py:171} INFO - Processing /home/leizo/airflow/dags/lib/spotify_fetcher.py took 0.012 seconds
[2022-06-09 17:57:59,246] {processor.py:163} INFO - Started process (PID=12711) to work on /home/leizo/airflow/dags/lib/spotify_fetcher.py
[2022-06-09 17:57:59,248] {processor.py:642} INFO - Processing file /home/leizo/airflow/dags/lib/spotify_fetcher.py for tasks to queue
[2022-06-09 17:57:59,249] {logging_mixin.py:109} INFO - [2022-06-09 17:57:59,249] {dagbag.py:500} INFO - Filling up the DagBag from /home/leizo/airflow/dags/lib/spotify_fetcher.py
[2022-06-09 17:57:59,250] {processor.py:654} WARNING - No viable dags retrieved from /home/leizo/airflow/dags/lib/spotify_fetcher.py
[2022-06-09 17:57:59,256] {processor.py:171} INFO - Processing /home/leizo/airflow/dags/lib/spotify_fetcher.py took 0.013 seconds
[2022-06-09 17:58:33,882] {processor.py:163} INFO - Started process (PID=18237) to work on /home/leizo/airflow/dags/lib/spotify_fetcher.py
[2022-06-09 17:58:33,885] {processor.py:642} INFO - Processing file /home/leizo/airflow/dags/lib/spotify_fetcher.py for tasks to queue
[2022-06-09 17:58:33,885] {logging_mixin.py:109} INFO - [2022-06-09 17:58:33,885] {dagbag.py:500} INFO - Filling up the DagBag from /home/leizo/airflow/dags/lib/spotify_fetcher.py
[2022-06-09 17:58:33,886] {processor.py:654} WARNING - No viable dags retrieved from /home/leizo/airflow/dags/lib/spotify_fetcher.py
[2022-06-09 17:58:33,892] {processor.py:171} INFO - Processing /home/leizo/airflow/dags/lib/spotify_fetcher.py took 0.013 seconds
[2022-06-09 17:59:10,149] {processor.py:163} INFO - Started process (PID=18416) to work on /home/leizo/airflow/dags/lib/spotify_fetcher.py
[2022-06-09 17:59:10,152] {processor.py:642} INFO - Processing file /home/leizo/airflow/dags/lib/spotify_fetcher.py for tasks to queue
[2022-06-09 17:59:10,152] {logging_mixin.py:109} INFO - [2022-06-09 17:59:10,152] {dagbag.py:500} INFO - Filling up the DagBag from /home/leizo/airflow/dags/lib/spotify_fetcher.py
[2022-06-09 17:59:10,153] {processor.py:654} WARNING - No viable dags retrieved from /home/leizo/airflow/dags/lib/spotify_fetcher.py
[2022-06-09 17:59:10,159] {processor.py:171} INFO - Processing /home/leizo/airflow/dags/lib/spotify_fetcher.py took 0.012 seconds
[2022-06-09 17:59:47,875] {processor.py:163} INFO - Started process (PID=20361) to work on /home/leizo/airflow/dags/lib/spotify_fetcher.py
[2022-06-09 17:59:47,878] {processor.py:642} INFO - Processing file /home/leizo/airflow/dags/lib/spotify_fetcher.py for tasks to queue
[2022-06-09 17:59:47,878] {logging_mixin.py:109} INFO - [2022-06-09 17:59:47,878] {dagbag.py:500} INFO - Filling up the DagBag from /home/leizo/airflow/dags/lib/spotify_fetcher.py
[2022-06-09 17:59:47,879] {processor.py:654} WARNING - No viable dags retrieved from /home/leizo/airflow/dags/lib/spotify_fetcher.py
[2022-06-09 17:59:47,888] {processor.py:171} INFO - Processing /home/leizo/airflow/dags/lib/spotify_fetcher.py took 0.016 seconds
[2022-06-09 18:00:24,539] {processor.py:163} INFO - Started process (PID=20497) to work on /home/leizo/airflow/dags/lib/spotify_fetcher.py
[2022-06-09 18:00:24,542] {processor.py:642} INFO - Processing file /home/leizo/airflow/dags/lib/spotify_fetcher.py for tasks to queue
[2022-06-09 18:00:24,543] {logging_mixin.py:109} INFO - [2022-06-09 18:00:24,543] {dagbag.py:500} INFO - Filling up the DagBag from /home/leizo/airflow/dags/lib/spotify_fetcher.py
[2022-06-09 18:00:24,544] {processor.py:654} WARNING - No viable dags retrieved from /home/leizo/airflow/dags/lib/spotify_fetcher.py
[2022-06-09 18:00:24,549] {processor.py:171} INFO - Processing /home/leizo/airflow/dags/lib/spotify_fetcher.py took 0.012 seconds
[2022-06-09 18:01:00,523] {processor.py:163} INFO - Started process (PID=22759) to work on /home/leizo/airflow/dags/lib/spotify_fetcher.py
[2022-06-09 18:01:00,525] {processor.py:642} INFO - Processing file /home/leizo/airflow/dags/lib/spotify_fetcher.py for tasks to queue
[2022-06-09 18:01:00,525] {logging_mixin.py:109} INFO - [2022-06-09 18:01:00,525] {dagbag.py:500} INFO - Filling up the DagBag from /home/leizo/airflow/dags/lib/spotify_fetcher.py
[2022-06-09 18:01:00,527] {processor.py:654} WARNING - No viable dags retrieved from /home/leizo/airflow/dags/lib/spotify_fetcher.py
[2022-06-09 18:01:00,534] {processor.py:171} INFO - Processing /home/leizo/airflow/dags/lib/spotify_fetcher.py took 0.013 seconds
[2022-06-09 18:01:36,990] {processor.py:163} INFO - Started process (PID=22900) to work on /home/leizo/airflow/dags/lib/spotify_fetcher.py
[2022-06-09 18:01:36,993] {processor.py:642} INFO - Processing file /home/leizo/airflow/dags/lib/spotify_fetcher.py for tasks to queue
[2022-06-09 18:01:36,993] {logging_mixin.py:109} INFO - [2022-06-09 18:01:36,993] {dagbag.py:500} INFO - Filling up the DagBag from /home/leizo/airflow/dags/lib/spotify_fetcher.py
[2022-06-09 18:01:36,994] {processor.py:654} WARNING - No viable dags retrieved from /home/leizo/airflow/dags/lib/spotify_fetcher.py
[2022-06-09 18:01:37,002] {processor.py:171} INFO - Processing /home/leizo/airflow/dags/lib/spotify_fetcher.py took 0.014 seconds
[2022-06-09 18:02:13,900] {processor.py:163} INFO - Started process (PID=2545) to work on /home/leizo/airflow/dags/lib/spotify_fetcher.py
[2022-06-09 18:02:13,902] {processor.py:642} INFO - Processing file /home/leizo/airflow/dags/lib/spotify_fetcher.py for tasks to queue
[2022-06-09 18:02:13,902] {logging_mixin.py:109} INFO - [2022-06-09 18:02:13,902] {dagbag.py:500} INFO - Filling up the DagBag from /home/leizo/airflow/dags/lib/spotify_fetcher.py
[2022-06-09 18:02:13,903] {processor.py:654} WARNING - No viable dags retrieved from /home/leizo/airflow/dags/lib/spotify_fetcher.py
[2022-06-09 18:02:13,912] {processor.py:171} INFO - Processing /home/leizo/airflow/dags/lib/spotify_fetcher.py took 0.014 seconds
[2022-06-09 18:02:51,702] {processor.py:163} INFO - Started process (PID=5069) to work on /home/leizo/airflow/dags/lib/spotify_fetcher.py
[2022-06-09 18:02:51,704] {processor.py:642} INFO - Processing file /home/leizo/airflow/dags/lib/spotify_fetcher.py for tasks to queue
[2022-06-09 18:02:51,705] {logging_mixin.py:109} INFO - [2022-06-09 18:02:51,705] {dagbag.py:500} INFO - Filling up the DagBag from /home/leizo/airflow/dags/lib/spotify_fetcher.py
[2022-06-09 18:02:51,706] {processor.py:654} WARNING - No viable dags retrieved from /home/leizo/airflow/dags/lib/spotify_fetcher.py
[2022-06-09 18:02:51,714] {processor.py:171} INFO - Processing /home/leizo/airflow/dags/lib/spotify_fetcher.py took 0.015 seconds
[2022-06-09 18:03:30,465] {processor.py:163} INFO - Started process (PID=5144) to work on /home/leizo/airflow/dags/lib/spotify_fetcher.py
[2022-06-09 18:03:30,467] {processor.py:642} INFO - Processing file /home/leizo/airflow/dags/lib/spotify_fetcher.py for tasks to queue
[2022-06-09 18:03:30,468] {logging_mixin.py:109} INFO - [2022-06-09 18:03:30,468] {dagbag.py:500} INFO - Filling up the DagBag from /home/leizo/airflow/dags/lib/spotify_fetcher.py
[2022-06-09 18:03:30,469] {processor.py:654} WARNING - No viable dags retrieved from /home/leizo/airflow/dags/lib/spotify_fetcher.py
[2022-06-09 18:03:30,474] {processor.py:171} INFO - Processing /home/leizo/airflow/dags/lib/spotify_fetcher.py took 0.011 seconds
[2022-06-09 18:04:07,235] {processor.py:163} INFO - Started process (PID=5240) to work on /home/leizo/airflow/dags/lib/spotify_fetcher.py
[2022-06-09 18:04:07,237] {processor.py:642} INFO - Processing file /home/leizo/airflow/dags/lib/spotify_fetcher.py for tasks to queue
[2022-06-09 18:04:07,238] {logging_mixin.py:109} INFO - [2022-06-09 18:04:07,238] {dagbag.py:500} INFO - Filling up the DagBag from /home/leizo/airflow/dags/lib/spotify_fetcher.py
[2022-06-09 18:04:07,239] {processor.py:654} WARNING - No viable dags retrieved from /home/leizo/airflow/dags/lib/spotify_fetcher.py
[2022-06-09 18:04:07,246] {processor.py:171} INFO - Processing /home/leizo/airflow/dags/lib/spotify_fetcher.py took 0.014 seconds
[2022-06-09 18:04:46,013] {processor.py:163} INFO - Started process (PID=5315) to work on /home/leizo/airflow/dags/lib/spotify_fetcher.py
[2022-06-09 18:04:46,016] {processor.py:642} INFO - Processing file /home/leizo/airflow/dags/lib/spotify_fetcher.py for tasks to queue
[2022-06-09 18:04:46,016] {logging_mixin.py:109} INFO - [2022-06-09 18:04:46,016] {dagbag.py:500} INFO - Filling up the DagBag from /home/leizo/airflow/dags/lib/spotify_fetcher.py
[2022-06-09 18:04:46,017] {processor.py:654} WARNING - No viable dags retrieved from /home/leizo/airflow/dags/lib/spotify_fetcher.py
[2022-06-09 18:04:46,024] {processor.py:171} INFO - Processing /home/leizo/airflow/dags/lib/spotify_fetcher.py took 0.013 seconds
[2022-06-09 18:05:25,039] {processor.py:163} INFO - Started process (PID=5375) to work on /home/leizo/airflow/dags/lib/spotify_fetcher.py
[2022-06-09 18:05:25,041] {processor.py:642} INFO - Processing file /home/leizo/airflow/dags/lib/spotify_fetcher.py for tasks to queue
[2022-06-09 18:05:25,042] {logging_mixin.py:109} INFO - [2022-06-09 18:05:25,042] {dagbag.py:500} INFO - Filling up the DagBag from /home/leizo/airflow/dags/lib/spotify_fetcher.py
[2022-06-09 18:05:25,043] {processor.py:654} WARNING - No viable dags retrieved from /home/leizo/airflow/dags/lib/spotify_fetcher.py
[2022-06-09 18:05:25,051] {processor.py:171} INFO - Processing /home/leizo/airflow/dags/lib/spotify_fetcher.py took 0.014 seconds
[2022-06-09 18:06:07,915] {processor.py:163} INFO - Started process (PID=9522) to work on /home/leizo/airflow/dags/lib/spotify_fetcher.py
[2022-06-09 18:06:07,917] {processor.py:642} INFO - Processing file /home/leizo/airflow/dags/lib/spotify_fetcher.py for tasks to queue
[2022-06-09 18:06:07,917] {logging_mixin.py:109} INFO - [2022-06-09 18:06:07,917] {dagbag.py:500} INFO - Filling up the DagBag from /home/leizo/airflow/dags/lib/spotify_fetcher.py
[2022-06-09 18:06:07,918] {processor.py:654} WARNING - No viable dags retrieved from /home/leizo/airflow/dags/lib/spotify_fetcher.py
[2022-06-09 18:06:07,926] {processor.py:171} INFO - Processing /home/leizo/airflow/dags/lib/spotify_fetcher.py took 0.013 seconds
[2022-06-09 18:06:47,697] {processor.py:163} INFO - Started process (PID=11057) to work on /home/leizo/airflow/dags/lib/spotify_fetcher.py
[2022-06-09 18:06:47,699] {processor.py:642} INFO - Processing file /home/leizo/airflow/dags/lib/spotify_fetcher.py for tasks to queue
[2022-06-09 18:06:47,700] {logging_mixin.py:109} INFO - [2022-06-09 18:06:47,700] {dagbag.py:500} INFO - Filling up the DagBag from /home/leizo/airflow/dags/lib/spotify_fetcher.py
[2022-06-09 18:06:47,701] {processor.py:654} WARNING - No viable dags retrieved from /home/leizo/airflow/dags/lib/spotify_fetcher.py
[2022-06-09 18:06:47,706] {processor.py:171} INFO - Processing /home/leizo/airflow/dags/lib/spotify_fetcher.py took 0.012 seconds
[2022-06-09 18:07:23,799] {processor.py:163} INFO - Started process (PID=11274) to work on /home/leizo/airflow/dags/lib/spotify_fetcher.py
[2022-06-09 18:07:23,801] {processor.py:642} INFO - Processing file /home/leizo/airflow/dags/lib/spotify_fetcher.py for tasks to queue
[2022-06-09 18:07:23,802] {logging_mixin.py:109} INFO - [2022-06-09 18:07:23,802] {dagbag.py:500} INFO - Filling up the DagBag from /home/leizo/airflow/dags/lib/spotify_fetcher.py
[2022-06-09 18:07:23,803] {processor.py:654} WARNING - No viable dags retrieved from /home/leizo/airflow/dags/lib/spotify_fetcher.py
[2022-06-09 18:07:23,810] {processor.py:171} INFO - Processing /home/leizo/airflow/dags/lib/spotify_fetcher.py took 0.014 seconds
[2022-06-09 18:08:00,662] {processor.py:163} INFO - Started process (PID=11313) to work on /home/leizo/airflow/dags/lib/spotify_fetcher.py
[2022-06-09 18:08:00,664] {processor.py:642} INFO - Processing file /home/leizo/airflow/dags/lib/spotify_fetcher.py for tasks to queue
[2022-06-09 18:08:00,665] {logging_mixin.py:109} INFO - [2022-06-09 18:08:00,664] {dagbag.py:500} INFO - Filling up the DagBag from /home/leizo/airflow/dags/lib/spotify_fetcher.py
[2022-06-09 18:08:00,666] {processor.py:654} WARNING - No viable dags retrieved from /home/leizo/airflow/dags/lib/spotify_fetcher.py
[2022-06-09 18:08:00,675] {processor.py:171} INFO - Processing /home/leizo/airflow/dags/lib/spotify_fetcher.py took 0.016 seconds
[2022-06-09 18:08:36,320] {processor.py:163} INFO - Started process (PID=11376) to work on /home/leizo/airflow/dags/lib/spotify_fetcher.py
[2022-06-09 18:08:36,322] {processor.py:642} INFO - Processing file /home/leizo/airflow/dags/lib/spotify_fetcher.py for tasks to queue
[2022-06-09 18:08:36,323] {logging_mixin.py:109} INFO - [2022-06-09 18:08:36,323] {dagbag.py:500} INFO - Filling up the DagBag from /home/leizo/airflow/dags/lib/spotify_fetcher.py
[2022-06-09 18:08:36,324] {processor.py:654} WARNING - No viable dags retrieved from /home/leizo/airflow/dags/lib/spotify_fetcher.py
[2022-06-09 18:08:36,332] {processor.py:171} INFO - Processing /home/leizo/airflow/dags/lib/spotify_fetcher.py took 0.014 seconds
[2022-06-09 18:09:16,762] {processor.py:163} INFO - Started process (PID=12908) to work on /home/leizo/airflow/dags/lib/spotify_fetcher.py
[2022-06-09 18:09:16,764] {processor.py:642} INFO - Processing file /home/leizo/airflow/dags/lib/spotify_fetcher.py for tasks to queue
[2022-06-09 18:09:16,764] {logging_mixin.py:109} INFO - [2022-06-09 18:09:16,764] {dagbag.py:500} INFO - Filling up the DagBag from /home/leizo/airflow/dags/lib/spotify_fetcher.py
[2022-06-09 18:09:16,766] {processor.py:654} WARNING - No viable dags retrieved from /home/leizo/airflow/dags/lib/spotify_fetcher.py
[2022-06-09 18:09:16,772] {processor.py:171} INFO - Processing /home/leizo/airflow/dags/lib/spotify_fetcher.py took 0.013 seconds
[2022-06-09 18:09:29,182] {processor.py:163} INFO - Started process (PID=12927) to work on /home/leizo/airflow/dags/lib/spotify_fetcher.py
[2022-06-09 18:09:29,183] {processor.py:642} INFO - Processing file /home/leizo/airflow/dags/lib/spotify_fetcher.py for tasks to queue
[2022-06-09 18:09:29,184] {logging_mixin.py:109} INFO - [2022-06-09 18:09:29,183] {dagbag.py:500} INFO - Filling up the DagBag from /home/leizo/airflow/dags/lib/spotify_fetcher.py
[2022-06-09 18:09:29,185] {processor.py:654} WARNING - No viable dags retrieved from /home/leizo/airflow/dags/lib/spotify_fetcher.py
[2022-06-09 18:09:29,191] {processor.py:171} INFO - Processing /home/leizo/airflow/dags/lib/spotify_fetcher.py took 0.011 seconds
[2022-06-09 18:09:36,621] {processor.py:163} INFO - Started process (PID=12939) to work on /home/leizo/airflow/dags/lib/spotify_fetcher.py
[2022-06-09 18:09:36,621] {processor.py:642} INFO - Processing file /home/leizo/airflow/dags/lib/spotify_fetcher.py for tasks to queue
[2022-06-09 18:09:36,622] {logging_mixin.py:109} INFO - [2022-06-09 18:09:36,622] {dagbag.py:500} INFO - Filling up the DagBag from /home/leizo/airflow/dags/lib/spotify_fetcher.py
[2022-06-09 18:09:36,623] {processor.py:654} WARNING - No viable dags retrieved from /home/leizo/airflow/dags/lib/spotify_fetcher.py
[2022-06-09 18:09:36,630] {processor.py:171} INFO - Processing /home/leizo/airflow/dags/lib/spotify_fetcher.py took 0.012 seconds
[2022-06-09 18:09:43,701] {processor.py:163} INFO - Started process (PID=14431) to work on /home/leizo/airflow/dags/lib/spotify_fetcher.py
[2022-06-09 18:09:43,702] {processor.py:642} INFO - Processing file /home/leizo/airflow/dags/lib/spotify_fetcher.py for tasks to queue
[2022-06-09 18:09:43,703] {logging_mixin.py:109} INFO - [2022-06-09 18:09:43,702] {dagbag.py:500} INFO - Filling up the DagBag from /home/leizo/airflow/dags/lib/spotify_fetcher.py
[2022-06-09 18:09:43,704] {processor.py:654} WARNING - No viable dags retrieved from /home/leizo/airflow/dags/lib/spotify_fetcher.py
[2022-06-09 18:09:43,711] {processor.py:171} INFO - Processing /home/leizo/airflow/dags/lib/spotify_fetcher.py took 0.012 seconds
[2022-06-09 18:09:53,400] {processor.py:163} INFO - Started process (PID=14440) to work on /home/leizo/airflow/dags/lib/spotify_fetcher.py
[2022-06-09 18:09:53,402] {processor.py:642} INFO - Processing file /home/leizo/airflow/dags/lib/spotify_fetcher.py for tasks to queue
[2022-06-09 18:09:53,403] {logging_mixin.py:109} INFO - [2022-06-09 18:09:53,403] {dagbag.py:500} INFO - Filling up the DagBag from /home/leizo/airflow/dags/lib/spotify_fetcher.py
[2022-06-09 18:09:53,404] {processor.py:654} WARNING - No viable dags retrieved from /home/leizo/airflow/dags/lib/spotify_fetcher.py
[2022-06-09 18:09:53,409] {processor.py:171} INFO - Processing /home/leizo/airflow/dags/lib/spotify_fetcher.py took 0.011 seconds
[2022-06-09 18:10:01,316] {processor.py:163} INFO - Started process (PID=14448) to work on /home/leizo/airflow/dags/lib/spotify_fetcher.py
[2022-06-09 18:10:01,318] {processor.py:642} INFO - Processing file /home/leizo/airflow/dags/lib/spotify_fetcher.py for tasks to queue
[2022-06-09 18:10:01,318] {logging_mixin.py:109} INFO - [2022-06-09 18:10:01,318] {dagbag.py:500} INFO - Filling up the DagBag from /home/leizo/airflow/dags/lib/spotify_fetcher.py
[2022-06-09 18:10:01,319] {processor.py:654} WARNING - No viable dags retrieved from /home/leizo/airflow/dags/lib/spotify_fetcher.py
[2022-06-09 18:10:01,326] {processor.py:171} INFO - Processing /home/leizo/airflow/dags/lib/spotify_fetcher.py took 0.011 seconds
[2022-06-09 18:10:09,893] {processor.py:163} INFO - Started process (PID=14456) to work on /home/leizo/airflow/dags/lib/spotify_fetcher.py
[2022-06-09 18:10:09,894] {processor.py:642} INFO - Processing file /home/leizo/airflow/dags/lib/spotify_fetcher.py for tasks to queue
[2022-06-09 18:10:09,894] {logging_mixin.py:109} INFO - [2022-06-09 18:10:09,894] {dagbag.py:500} INFO - Filling up the DagBag from /home/leizo/airflow/dags/lib/spotify_fetcher.py
[2022-06-09 18:10:09,896] {processor.py:654} WARNING - No viable dags retrieved from /home/leizo/airflow/dags/lib/spotify_fetcher.py
[2022-06-09 18:10:09,905] {processor.py:171} INFO - Processing /home/leizo/airflow/dags/lib/spotify_fetcher.py took 0.016 seconds
[2022-06-09 18:10:19,080] {processor.py:163} INFO - Started process (PID=14465) to work on /home/leizo/airflow/dags/lib/spotify_fetcher.py
[2022-06-09 18:10:19,081] {processor.py:642} INFO - Processing file /home/leizo/airflow/dags/lib/spotify_fetcher.py for tasks to queue
[2022-06-09 18:10:19,081] {logging_mixin.py:109} INFO - [2022-06-09 18:10:19,081] {dagbag.py:500} INFO - Filling up the DagBag from /home/leizo/airflow/dags/lib/spotify_fetcher.py
[2022-06-09 18:10:19,082] {processor.py:654} WARNING - No viable dags retrieved from /home/leizo/airflow/dags/lib/spotify_fetcher.py
[2022-06-09 18:10:19,089] {processor.py:171} INFO - Processing /home/leizo/airflow/dags/lib/spotify_fetcher.py took 0.012 seconds
[2022-06-09 18:10:26,778] {processor.py:163} INFO - Started process (PID=14473) to work on /home/leizo/airflow/dags/lib/spotify_fetcher.py
[2022-06-09 18:10:26,779] {processor.py:642} INFO - Processing file /home/leizo/airflow/dags/lib/spotify_fetcher.py for tasks to queue
[2022-06-09 18:10:26,779] {logging_mixin.py:109} INFO - [2022-06-09 18:10:26,779] {dagbag.py:500} INFO - Filling up the DagBag from /home/leizo/airflow/dags/lib/spotify_fetcher.py
[2022-06-09 18:10:26,781] {processor.py:654} WARNING - No viable dags retrieved from /home/leizo/airflow/dags/lib/spotify_fetcher.py
[2022-06-09 18:10:26,787] {processor.py:171} INFO - Processing /home/leizo/airflow/dags/lib/spotify_fetcher.py took 0.012 seconds
[2022-06-09 18:10:36,273] {processor.py:163} INFO - Started process (PID=14482) to work on /home/leizo/airflow/dags/lib/spotify_fetcher.py
[2022-06-09 18:10:36,274] {processor.py:642} INFO - Processing file /home/leizo/airflow/dags/lib/spotify_fetcher.py for tasks to queue
[2022-06-09 18:10:36,275] {logging_mixin.py:109} INFO - [2022-06-09 18:10:36,275] {dagbag.py:500} INFO - Filling up the DagBag from /home/leizo/airflow/dags/lib/spotify_fetcher.py
[2022-06-09 18:10:36,276] {processor.py:654} WARNING - No viable dags retrieved from /home/leizo/airflow/dags/lib/spotify_fetcher.py
[2022-06-09 18:10:36,282] {processor.py:171} INFO - Processing /home/leizo/airflow/dags/lib/spotify_fetcher.py took 0.011 seconds
[2022-06-09 18:10:44,414] {processor.py:163} INFO - Started process (PID=14490) to work on /home/leizo/airflow/dags/lib/spotify_fetcher.py
[2022-06-09 18:10:44,415] {processor.py:642} INFO - Processing file /home/leizo/airflow/dags/lib/spotify_fetcher.py for tasks to queue
[2022-06-09 18:10:44,416] {logging_mixin.py:109} INFO - [2022-06-09 18:10:44,415] {dagbag.py:500} INFO - Filling up the DagBag from /home/leizo/airflow/dags/lib/spotify_fetcher.py
[2022-06-09 18:10:44,417] {processor.py:654} WARNING - No viable dags retrieved from /home/leizo/airflow/dags/lib/spotify_fetcher.py
[2022-06-09 18:10:44,423] {processor.py:171} INFO - Processing /home/leizo/airflow/dags/lib/spotify_fetcher.py took 0.012 seconds
[2022-06-09 18:10:52,897] {processor.py:163} INFO - Started process (PID=14498) to work on /home/leizo/airflow/dags/lib/spotify_fetcher.py
[2022-06-09 18:10:52,898] {processor.py:642} INFO - Processing file /home/leizo/airflow/dags/lib/spotify_fetcher.py for tasks to queue
[2022-06-09 18:10:52,899] {logging_mixin.py:109} INFO - [2022-06-09 18:10:52,899] {dagbag.py:500} INFO - Filling up the DagBag from /home/leizo/airflow/dags/lib/spotify_fetcher.py
[2022-06-09 18:10:52,901] {processor.py:654} WARNING - No viable dags retrieved from /home/leizo/airflow/dags/lib/spotify_fetcher.py
[2022-06-09 18:10:52,908] {processor.py:171} INFO - Processing /home/leizo/airflow/dags/lib/spotify_fetcher.py took 0.015 seconds
[2022-06-09 18:11:00,692] {processor.py:163} INFO - Started process (PID=14506) to work on /home/leizo/airflow/dags/lib/spotify_fetcher.py
[2022-06-09 18:11:00,693] {processor.py:642} INFO - Processing file /home/leizo/airflow/dags/lib/spotify_fetcher.py for tasks to queue
[2022-06-09 18:11:00,694] {logging_mixin.py:109} INFO - [2022-06-09 18:11:00,694] {dagbag.py:500} INFO - Filling up the DagBag from /home/leizo/airflow/dags/lib/spotify_fetcher.py
[2022-06-09 18:11:00,695] {processor.py:654} WARNING - No viable dags retrieved from /home/leizo/airflow/dags/lib/spotify_fetcher.py
[2022-06-09 18:11:00,702] {processor.py:171} INFO - Processing /home/leizo/airflow/dags/lib/spotify_fetcher.py took 0.013 seconds
[2022-06-09 18:11:08,562] {processor.py:163} INFO - Started process (PID=14514) to work on /home/leizo/airflow/dags/lib/spotify_fetcher.py
[2022-06-09 18:11:08,564] {processor.py:642} INFO - Processing file /home/leizo/airflow/dags/lib/spotify_fetcher.py for tasks to queue
[2022-06-09 18:11:08,565] {logging_mixin.py:109} INFO - [2022-06-09 18:11:08,564] {dagbag.py:500} INFO - Filling up the DagBag from /home/leizo/airflow/dags/lib/spotify_fetcher.py
[2022-06-09 18:11:08,566] {processor.py:654} WARNING - No viable dags retrieved from /home/leizo/airflow/dags/lib/spotify_fetcher.py
[2022-06-09 18:11:08,573] {processor.py:171} INFO - Processing /home/leizo/airflow/dags/lib/spotify_fetcher.py took 0.014 seconds
[2022-06-09 18:11:15,050] {processor.py:163} INFO - Started process (PID=14521) to work on /home/leizo/airflow/dags/lib/spotify_fetcher.py
[2022-06-09 18:11:15,051] {processor.py:642} INFO - Processing file /home/leizo/airflow/dags/lib/spotify_fetcher.py for tasks to queue
[2022-06-09 18:11:15,052] {logging_mixin.py:109} INFO - [2022-06-09 18:11:15,052] {dagbag.py:500} INFO - Filling up the DagBag from /home/leizo/airflow/dags/lib/spotify_fetcher.py
[2022-06-09 18:11:15,053] {processor.py:654} WARNING - No viable dags retrieved from /home/leizo/airflow/dags/lib/spotify_fetcher.py
[2022-06-09 18:11:15,061] {processor.py:171} INFO - Processing /home/leizo/airflow/dags/lib/spotify_fetcher.py took 0.014 seconds
[2022-06-09 18:11:22,685] {processor.py:163} INFO - Started process (PID=14528) to work on /home/leizo/airflow/dags/lib/spotify_fetcher.py
[2022-06-09 18:11:22,686] {processor.py:642} INFO - Processing file /home/leizo/airflow/dags/lib/spotify_fetcher.py for tasks to queue
[2022-06-09 18:11:22,686] {logging_mixin.py:109} INFO - [2022-06-09 18:11:22,686] {dagbag.py:500} INFO - Filling up the DagBag from /home/leizo/airflow/dags/lib/spotify_fetcher.py
[2022-06-09 18:11:22,687] {processor.py:654} WARNING - No viable dags retrieved from /home/leizo/airflow/dags/lib/spotify_fetcher.py
[2022-06-09 18:11:22,694] {processor.py:171} INFO - Processing /home/leizo/airflow/dags/lib/spotify_fetcher.py took 0.011 seconds
[2022-06-09 18:11:30,512] {processor.py:163} INFO - Started process (PID=14536) to work on /home/leizo/airflow/dags/lib/spotify_fetcher.py
[2022-06-09 18:11:30,513] {processor.py:642} INFO - Processing file /home/leizo/airflow/dags/lib/spotify_fetcher.py for tasks to queue
[2022-06-09 18:11:30,514] {logging_mixin.py:109} INFO - [2022-06-09 18:11:30,514] {dagbag.py:500} INFO - Filling up the DagBag from /home/leizo/airflow/dags/lib/spotify_fetcher.py
[2022-06-09 18:11:30,516] {processor.py:654} WARNING - No viable dags retrieved from /home/leizo/airflow/dags/lib/spotify_fetcher.py
[2022-06-09 18:11:30,525] {processor.py:171} INFO - Processing /home/leizo/airflow/dags/lib/spotify_fetcher.py took 0.016 seconds
[2022-06-09 18:11:38,518] {processor.py:163} INFO - Started process (PID=14544) to work on /home/leizo/airflow/dags/lib/spotify_fetcher.py
[2022-06-09 18:11:38,519] {processor.py:642} INFO - Processing file /home/leizo/airflow/dags/lib/spotify_fetcher.py for tasks to queue
[2022-06-09 18:11:38,520] {logging_mixin.py:109} INFO - [2022-06-09 18:11:38,520] {dagbag.py:500} INFO - Filling up the DagBag from /home/leizo/airflow/dags/lib/spotify_fetcher.py
[2022-06-09 18:11:38,522] {processor.py:654} WARNING - No viable dags retrieved from /home/leizo/airflow/dags/lib/spotify_fetcher.py
[2022-06-09 18:11:38,528] {processor.py:171} INFO - Processing /home/leizo/airflow/dags/lib/spotify_fetcher.py took 0.012 seconds
[2022-06-09 18:11:47,095] {processor.py:163} INFO - Started process (PID=14552) to work on /home/leizo/airflow/dags/lib/spotify_fetcher.py
[2022-06-09 18:11:47,098] {processor.py:642} INFO - Processing file /home/leizo/airflow/dags/lib/spotify_fetcher.py for tasks to queue
[2022-06-09 18:11:47,099] {logging_mixin.py:109} INFO - [2022-06-09 18:11:47,098] {dagbag.py:500} INFO - Filling up the DagBag from /home/leizo/airflow/dags/lib/spotify_fetcher.py
[2022-06-09 18:11:47,101] {processor.py:654} WARNING - No viable dags retrieved from /home/leizo/airflow/dags/lib/spotify_fetcher.py
[2022-06-09 18:11:47,111] {processor.py:171} INFO - Processing /home/leizo/airflow/dags/lib/spotify_fetcher.py took 0.020 seconds
[2022-06-09 18:11:55,123] {processor.py:163} INFO - Started process (PID=14560) to work on /home/leizo/airflow/dags/lib/spotify_fetcher.py
[2022-06-09 18:11:55,124] {processor.py:642} INFO - Processing file /home/leizo/airflow/dags/lib/spotify_fetcher.py for tasks to queue
[2022-06-09 18:11:55,125] {logging_mixin.py:109} INFO - [2022-06-09 18:11:55,125] {dagbag.py:500} INFO - Filling up the DagBag from /home/leizo/airflow/dags/lib/spotify_fetcher.py
[2022-06-09 18:11:55,126] {processor.py:654} WARNING - No viable dags retrieved from /home/leizo/airflow/dags/lib/spotify_fetcher.py
[2022-06-09 18:11:55,133] {processor.py:171} INFO - Processing /home/leizo/airflow/dags/lib/spotify_fetcher.py took 0.012 seconds
[2022-06-09 18:12:03,885] {processor.py:163} INFO - Started process (PID=14568) to work on /home/leizo/airflow/dags/lib/spotify_fetcher.py
[2022-06-09 18:12:03,886] {processor.py:642} INFO - Processing file /home/leizo/airflow/dags/lib/spotify_fetcher.py for tasks to queue
[2022-06-09 18:12:03,886] {logging_mixin.py:109} INFO - [2022-06-09 18:12:03,886] {dagbag.py:500} INFO - Filling up the DagBag from /home/leizo/airflow/dags/lib/spotify_fetcher.py
[2022-06-09 18:12:03,887] {processor.py:654} WARNING - No viable dags retrieved from /home/leizo/airflow/dags/lib/spotify_fetcher.py
[2022-06-09 18:12:03,894] {processor.py:171} INFO - Processing /home/leizo/airflow/dags/lib/spotify_fetcher.py took 0.011 seconds
[2022-06-09 18:12:12,861] {processor.py:163} INFO - Started process (PID=14577) to work on /home/leizo/airflow/dags/lib/spotify_fetcher.py
[2022-06-09 18:12:12,862] {processor.py:642} INFO - Processing file /home/leizo/airflow/dags/lib/spotify_fetcher.py for tasks to queue
[2022-06-09 18:12:12,863] {logging_mixin.py:109} INFO - [2022-06-09 18:12:12,863] {dagbag.py:500} INFO - Filling up the DagBag from /home/leizo/airflow/dags/lib/spotify_fetcher.py
[2022-06-09 18:12:12,864] {processor.py:654} WARNING - No viable dags retrieved from /home/leizo/airflow/dags/lib/spotify_fetcher.py
[2022-06-09 18:12:12,871] {processor.py:171} INFO - Processing /home/leizo/airflow/dags/lib/spotify_fetcher.py took 0.014 seconds
[2022-06-09 18:12:19,723] {processor.py:163} INFO - Started process (PID=14585) to work on /home/leizo/airflow/dags/lib/spotify_fetcher.py
[2022-06-09 18:12:19,726] {processor.py:642} INFO - Processing file /home/leizo/airflow/dags/lib/spotify_fetcher.py for tasks to queue
[2022-06-09 18:12:19,726] {logging_mixin.py:109} INFO - [2022-06-09 18:12:19,726] {dagbag.py:500} INFO - Filling up the DagBag from /home/leizo/airflow/dags/lib/spotify_fetcher.py
[2022-06-09 18:12:19,728] {processor.py:654} WARNING - No viable dags retrieved from /home/leizo/airflow/dags/lib/spotify_fetcher.py
[2022-06-09 18:12:19,735] {processor.py:171} INFO - Processing /home/leizo/airflow/dags/lib/spotify_fetcher.py took 0.014 seconds
[2022-06-09 18:12:27,164] {processor.py:163} INFO - Started process (PID=14592) to work on /home/leizo/airflow/dags/lib/spotify_fetcher.py
[2022-06-09 18:12:27,165] {processor.py:642} INFO - Processing file /home/leizo/airflow/dags/lib/spotify_fetcher.py for tasks to queue
[2022-06-09 18:12:27,166] {logging_mixin.py:109} INFO - [2022-06-09 18:12:27,166] {dagbag.py:500} INFO - Filling up the DagBag from /home/leizo/airflow/dags/lib/spotify_fetcher.py
[2022-06-09 18:12:27,167] {processor.py:654} WARNING - No viable dags retrieved from /home/leizo/airflow/dags/lib/spotify_fetcher.py
[2022-06-09 18:12:27,174] {processor.py:171} INFO - Processing /home/leizo/airflow/dags/lib/spotify_fetcher.py took 0.012 seconds
[2022-06-09 18:12:34,805] {processor.py:163} INFO - Started process (PID=16125) to work on /home/leizo/airflow/dags/lib/spotify_fetcher.py
[2022-06-09 18:12:34,806] {processor.py:642} INFO - Processing file /home/leizo/airflow/dags/lib/spotify_fetcher.py for tasks to queue
[2022-06-09 18:12:34,807] {logging_mixin.py:109} INFO - [2022-06-09 18:12:34,807] {dagbag.py:500} INFO - Filling up the DagBag from /home/leizo/airflow/dags/lib/spotify_fetcher.py
[2022-06-09 18:12:34,809] {processor.py:654} WARNING - No viable dags retrieved from /home/leizo/airflow/dags/lib/spotify_fetcher.py
[2022-06-09 18:12:34,822] {processor.py:171} INFO - Processing /home/leizo/airflow/dags/lib/spotify_fetcher.py took 0.030 seconds
[2022-06-09 18:12:42,829] {processor.py:163} INFO - Started process (PID=16133) to work on /home/leizo/airflow/dags/lib/spotify_fetcher.py
[2022-06-09 18:12:42,830] {processor.py:642} INFO - Processing file /home/leizo/airflow/dags/lib/spotify_fetcher.py for tasks to queue
[2022-06-09 18:12:42,830] {logging_mixin.py:109} INFO - [2022-06-09 18:12:42,830] {dagbag.py:500} INFO - Filling up the DagBag from /home/leizo/airflow/dags/lib/spotify_fetcher.py
[2022-06-09 18:12:42,831] {processor.py:654} WARNING - No viable dags retrieved from /home/leizo/airflow/dags/lib/spotify_fetcher.py
[2022-06-09 18:12:42,837] {processor.py:171} INFO - Processing /home/leizo/airflow/dags/lib/spotify_fetcher.py took 0.012 seconds
[2022-06-09 18:12:50,852] {processor.py:163} INFO - Started process (PID=16141) to work on /home/leizo/airflow/dags/lib/spotify_fetcher.py
[2022-06-09 18:12:50,853] {processor.py:642} INFO - Processing file /home/leizo/airflow/dags/lib/spotify_fetcher.py for tasks to queue
[2022-06-09 18:12:50,854] {logging_mixin.py:109} INFO - [2022-06-09 18:12:50,853] {dagbag.py:500} INFO - Filling up the DagBag from /home/leizo/airflow/dags/lib/spotify_fetcher.py
[2022-06-09 18:12:50,855] {processor.py:654} WARNING - No viable dags retrieved from /home/leizo/airflow/dags/lib/spotify_fetcher.py
[2022-06-09 18:12:50,862] {processor.py:171} INFO - Processing /home/leizo/airflow/dags/lib/spotify_fetcher.py took 0.012 seconds
[2022-06-09 18:12:58,520] {processor.py:163} INFO - Started process (PID=16156) to work on /home/leizo/airflow/dags/lib/spotify_fetcher.py
[2022-06-09 18:12:58,522] {processor.py:642} INFO - Processing file /home/leizo/airflow/dags/lib/spotify_fetcher.py for tasks to queue
[2022-06-09 18:12:58,523] {logging_mixin.py:109} INFO - [2022-06-09 18:12:58,523] {dagbag.py:500} INFO - Filling up the DagBag from /home/leizo/airflow/dags/lib/spotify_fetcher.py
[2022-06-09 18:12:58,525] {processor.py:654} WARNING - No viable dags retrieved from /home/leizo/airflow/dags/lib/spotify_fetcher.py
[2022-06-09 18:12:58,532] {processor.py:171} INFO - Processing /home/leizo/airflow/dags/lib/spotify_fetcher.py took 0.015 seconds
[2022-06-09 18:13:06,300] {processor.py:163} INFO - Started process (PID=16164) to work on /home/leizo/airflow/dags/lib/spotify_fetcher.py
[2022-06-09 18:13:06,301] {processor.py:642} INFO - Processing file /home/leizo/airflow/dags/lib/spotify_fetcher.py for tasks to queue
[2022-06-09 18:13:06,301] {logging_mixin.py:109} INFO - [2022-06-09 18:13:06,301] {dagbag.py:500} INFO - Filling up the DagBag from /home/leizo/airflow/dags/lib/spotify_fetcher.py
[2022-06-09 18:13:06,302] {processor.py:654} WARNING - No viable dags retrieved from /home/leizo/airflow/dags/lib/spotify_fetcher.py
[2022-06-09 18:13:06,308] {processor.py:171} INFO - Processing /home/leizo/airflow/dags/lib/spotify_fetcher.py took 0.010 seconds
