[2022-06-20 16:45:20,694] {taskinstance.py:1043} INFO - Dependencies all met for <TaskInstance: my_first_dag.produce_usage manual__2022-06-20T14:42:48.043638+00:00 [queued]>
[2022-06-20 16:45:20,705] {taskinstance.py:1043} INFO - Dependencies all met for <TaskInstance: my_first_dag.produce_usage manual__2022-06-20T14:42:48.043638+00:00 [queued]>
[2022-06-20 16:45:20,705] {taskinstance.py:1249} INFO - 
--------------------------------------------------------------------------------
[2022-06-20 16:45:20,706] {taskinstance.py:1250} INFO - Starting attempt 1 of 2
[2022-06-20 16:45:20,706] {taskinstance.py:1251} INFO - 
--------------------------------------------------------------------------------
[2022-06-20 16:45:20,723] {taskinstance.py:1270} INFO - Executing <Task(PythonOperator): produce_usage> on 2022-06-20 14:42:48.043638+00:00
[2022-06-20 16:45:20,726] {standard_task_runner.py:52} INFO - Started process 14029 to run task
[2022-06-20 16:45:20,731] {standard_task_runner.py:79} INFO - Running: ['airflow', 'tasks', 'run', 'my_first_dag', 'produce_usage', 'manual__2022-06-20T14:42:48.043638+00:00', '--job-id', '98', '--raw', '--subdir', 'DAGS_FOLDER/my_first_dag.py', '--cfg-path', '/tmp/tmppdr3s9kp', '--error-file', '/tmp/tmp60ra8xa7']
[2022-06-20 16:45:20,732] {standard_task_runner.py:80} INFO - Job 98: Subtask produce_usage
[2022-06-20 16:45:20,780] {logging_mixin.py:109} INFO - Running <TaskInstance: my_first_dag.produce_usage manual__2022-06-20T14:42:48.043638+00:00 [running]> on host LAPTOP-M1F9EL62.localdomain
[2022-06-20 16:45:20,825] {taskinstance.py:1446} INFO - Exporting the following env vars:
AIRFLOW_CTX_DAG_EMAIL=airflow@example.com
AIRFLOW_CTX_DAG_OWNER=airflow
AIRFLOW_CTX_DAG_ID=my_first_dag
AIRFLOW_CTX_TASK_ID=produce_usage
AIRFLOW_CTX_EXECUTION_DATE=2022-06-20T14:42:48.043638+00:00
AIRFLOW_CTX_DAG_RUN_ID=manual__2022-06-20T14:42:48.043638+00:00
[2022-06-20 16:45:25,567] {logging_mixin.py:109} INFO - paquet already exists /bytracks/rock/20220620
[2022-06-20 16:45:26,308] {logging_mixin.py:109} INFO - paquet already exists /byartist/rock/20220620
[2022-06-20 16:45:26,970] {logging_mixin.py:109} INFO - paquet already exists /bytracks/indie/20220620
[2022-06-20 16:45:27,325] {logging_mixin.py:109} INFO - paquet already exists /byartist/indie/20220620
[2022-06-20 16:45:27,595] {logging_mixin.py:109} INFO - paquet already exists /bytracks/alternative/20220620
[2022-06-20 16:45:27,792] {logging_mixin.py:109} INFO - paquet already exists /byartist/alternative/20220620
[2022-06-20 16:45:27,975] {logging_mixin.py:109} INFO - paquet already exists /bytracks/pop/20220620
[2022-06-20 16:45:28,147] {logging_mixin.py:109} INFO - paquet already exists /byartist/pop/20220620
[2022-06-20 16:45:28,147] {python.py:175} INFO - Done. Returned value was: None
[2022-06-20 16:45:28,159] {taskinstance.py:1278} INFO - Marking task as SUCCESS. dag_id=my_first_dag, task_id=produce_usage, execution_date=20220620T144248, start_date=20220620T144520, end_date=20220620T144528
[2022-06-20 16:45:28,220] {local_task_job.py:154} INFO - Task exited with return code 0
[2022-06-20 16:45:28,233] {local_task_job.py:264} INFO - 0 downstream tasks scheduled from follow-on schedule check
