[2022-06-15 21:12:09,856] {processor.py:163} INFO - Started process (PID=4742) to work on /home/leizo/airflow/dags/lib/produce_usage.py
[2022-06-15 21:12:09,859] {processor.py:642} INFO - Processing file /home/leizo/airflow/dags/lib/produce_usage.py for tasks to queue
[2022-06-15 21:12:09,868] {logging_mixin.py:109} INFO - [2022-06-15 21:12:09,863] {dagbag.py:500} INFO - Filling up the DagBag from /home/leizo/airflow/dags/lib/produce_usage.py
[2022-06-15 21:12:28,477] {logging_mixin.py:109} INFO - [2022-06-15 21:12:28,454] {dagbag.py:334} ERROR - Failed to import: /home/leizo/airflow/dags/lib/produce_usage.py
Traceback (most recent call last):
  File "/home/leizo/.local/lib/python3.8/site-packages/airflow/models/dagbag.py", line 331, in _load_modules_from_file
    loader.exec_module(new_module)
  File "<frozen importlib._bootstrap_external>", line 848, in exec_module
  File "<frozen importlib._bootstrap>", line 219, in _call_with_frames_removed
  File "/home/leizo/airflow/dags/lib/produce_usage.py", line 27, in <module>
    df = spark.read.parquet(HOME + "/datalake/formatted/lastfm/" + "topTracks" + "/" + e + "/" + current_day + "/lastfm.parquet")
  File "/home/leizo/.local/lib/python3.8/site-packages/pyspark/sql/readwriter.py", line 301, in parquet
    return self._df(self._jreader.parquet(_to_seq(self._spark._sc, paths)))
  File "/home/leizo/.local/lib/python3.8/site-packages/py4j/java_gateway.py", line 1321, in __call__
    return_value = get_return_value(
  File "/home/leizo/.local/lib/python3.8/site-packages/pyspark/sql/utils.py", line 117, in deco
    raise converted from None
pyspark.sql.utils.AnalysisException: Path does not exist: file:/home/leizo/datalake/formatted/lastfm/topTracks/rock/20220615/lastfm.parquet
[2022-06-15 21:12:28,489] {processor.py:654} WARNING - No viable dags retrieved from /home/leizo/airflow/dags/lib/produce_usage.py
[2022-06-15 21:12:28,519] {processor.py:171} INFO - Processing /home/leizo/airflow/dags/lib/produce_usage.py took 18.694 seconds
[2022-06-16 00:44:25,570] {processor.py:163} INFO - Started process (PID=11684) to work on /home/leizo/airflow/dags/lib/produce_usage.py
[2022-06-16 00:44:25,572] {processor.py:642} INFO - Processing file /home/leizo/airflow/dags/lib/produce_usage.py for tasks to queue
[2022-06-16 00:44:25,573] {logging_mixin.py:109} INFO - [2022-06-16 00:44:25,573] {dagbag.py:500} INFO - Filling up the DagBag from /home/leizo/airflow/dags/lib/produce_usage.py
[2022-06-16 00:44:25,765] {processor.py:654} WARNING - No viable dags retrieved from /home/leizo/airflow/dags/lib/produce_usage.py
[2022-06-16 00:44:25,790] {processor.py:171} INFO - Processing /home/leizo/airflow/dags/lib/produce_usage.py took 0.224 seconds
[2022-06-16 00:46:43,536] {processor.py:163} INFO - Started process (PID=12996) to work on /home/leizo/airflow/dags/lib/produce_usage.py
[2022-06-16 00:46:43,540] {processor.py:642} INFO - Processing file /home/leizo/airflow/dags/lib/produce_usage.py for tasks to queue
[2022-06-16 00:46:43,542] {logging_mixin.py:109} INFO - [2022-06-16 00:46:43,542] {dagbag.py:500} INFO - Filling up the DagBag from /home/leizo/airflow/dags/lib/produce_usage.py
[2022-06-16 00:46:43,750] {processor.py:654} WARNING - No viable dags retrieved from /home/leizo/airflow/dags/lib/produce_usage.py
[2022-06-16 00:46:43,769] {processor.py:171} INFO - Processing /home/leizo/airflow/dags/lib/produce_usage.py took 0.239 seconds
[2022-06-16 00:49:37,199] {processor.py:163} INFO - Started process (PID=15266) to work on /home/leizo/airflow/dags/lib/produce_usage.py
[2022-06-16 00:49:37,203] {processor.py:642} INFO - Processing file /home/leizo/airflow/dags/lib/produce_usage.py for tasks to queue
[2022-06-16 00:49:37,204] {logging_mixin.py:109} INFO - [2022-06-16 00:49:37,204] {dagbag.py:500} INFO - Filling up the DagBag from /home/leizo/airflow/dags/lib/produce_usage.py
[2022-06-16 00:49:37,469] {processor.py:654} WARNING - No viable dags retrieved from /home/leizo/airflow/dags/lib/produce_usage.py
[2022-06-16 00:49:37,480] {processor.py:171} INFO - Processing /home/leizo/airflow/dags/lib/produce_usage.py took 0.286 seconds
[2022-06-16 00:50:59,041] {processor.py:163} INFO - Started process (PID=15991) to work on /home/leizo/airflow/dags/lib/produce_usage.py
[2022-06-16 00:50:59,043] {processor.py:642} INFO - Processing file /home/leizo/airflow/dags/lib/produce_usage.py for tasks to queue
[2022-06-16 00:50:59,045] {logging_mixin.py:109} INFO - [2022-06-16 00:50:59,044] {dagbag.py:500} INFO - Filling up the DagBag from /home/leizo/airflow/dags/lib/produce_usage.py
[2022-06-16 00:50:59,318] {processor.py:654} WARNING - No viable dags retrieved from /home/leizo/airflow/dags/lib/produce_usage.py
[2022-06-16 00:50:59,332] {processor.py:171} INFO - Processing /home/leizo/airflow/dags/lib/produce_usage.py took 0.294 seconds
[2022-06-16 00:51:59,878] {processor.py:163} INFO - Started process (PID=17149) to work on /home/leizo/airflow/dags/lib/produce_usage.py
[2022-06-16 00:51:59,881] {processor.py:642} INFO - Processing file /home/leizo/airflow/dags/lib/produce_usage.py for tasks to queue
[2022-06-16 00:51:59,883] {logging_mixin.py:109} INFO - [2022-06-16 00:51:59,883] {dagbag.py:500} INFO - Filling up the DagBag from /home/leizo/airflow/dags/lib/produce_usage.py
[2022-06-16 00:52:00,088] {processor.py:654} WARNING - No viable dags retrieved from /home/leizo/airflow/dags/lib/produce_usage.py
[2022-06-16 00:52:00,111] {processor.py:171} INFO - Processing /home/leizo/airflow/dags/lib/produce_usage.py took 0.238 seconds
[2022-06-16 00:53:17,960] {processor.py:163} INFO - Started process (PID=19919) to work on /home/leizo/airflow/dags/lib/produce_usage.py
[2022-06-16 00:53:17,963] {processor.py:642} INFO - Processing file /home/leizo/airflow/dags/lib/produce_usage.py for tasks to queue
[2022-06-16 00:53:17,965] {logging_mixin.py:109} INFO - [2022-06-16 00:53:17,964] {dagbag.py:500} INFO - Filling up the DagBag from /home/leizo/airflow/dags/lib/produce_usage.py
[2022-06-16 00:53:18,217] {processor.py:654} WARNING - No viable dags retrieved from /home/leizo/airflow/dags/lib/produce_usage.py
[2022-06-16 00:53:18,231] {processor.py:171} INFO - Processing /home/leizo/airflow/dags/lib/produce_usage.py took 0.274 seconds
[2022-06-16 00:54:12,486] {processor.py:163} INFO - Started process (PID=20233) to work on /home/leizo/airflow/dags/lib/produce_usage.py
[2022-06-16 00:54:12,489] {processor.py:642} INFO - Processing file /home/leizo/airflow/dags/lib/produce_usage.py for tasks to queue
[2022-06-16 00:54:12,491] {logging_mixin.py:109} INFO - [2022-06-16 00:54:12,491] {dagbag.py:500} INFO - Filling up the DagBag from /home/leizo/airflow/dags/lib/produce_usage.py
[2022-06-16 00:54:12,732] {processor.py:654} WARNING - No viable dags retrieved from /home/leizo/airflow/dags/lib/produce_usage.py
[2022-06-16 00:54:12,745] {processor.py:171} INFO - Processing /home/leizo/airflow/dags/lib/produce_usage.py took 0.262 seconds
[2022-06-16 00:54:57,941] {processor.py:163} INFO - Started process (PID=20693) to work on /home/leizo/airflow/dags/lib/produce_usage.py
[2022-06-16 00:54:57,944] {processor.py:642} INFO - Processing file /home/leizo/airflow/dags/lib/produce_usage.py for tasks to queue
[2022-06-16 00:54:57,945] {logging_mixin.py:109} INFO - [2022-06-16 00:54:57,945] {dagbag.py:500} INFO - Filling up the DagBag from /home/leizo/airflow/dags/lib/produce_usage.py
[2022-06-16 00:54:58,151] {processor.py:654} WARNING - No viable dags retrieved from /home/leizo/airflow/dags/lib/produce_usage.py
[2022-06-16 00:54:58,177] {processor.py:171} INFO - Processing /home/leizo/airflow/dags/lib/produce_usage.py took 0.240 seconds
[2022-06-16 00:55:52,671] {processor.py:163} INFO - Started process (PID=21009) to work on /home/leizo/airflow/dags/lib/produce_usage.py
[2022-06-16 00:55:52,676] {processor.py:642} INFO - Processing file /home/leizo/airflow/dags/lib/produce_usage.py for tasks to queue
[2022-06-16 00:55:52,677] {logging_mixin.py:109} INFO - [2022-06-16 00:55:52,677] {dagbag.py:500} INFO - Filling up the DagBag from /home/leizo/airflow/dags/lib/produce_usage.py
[2022-06-16 00:55:52,972] {processor.py:654} WARNING - No viable dags retrieved from /home/leizo/airflow/dags/lib/produce_usage.py
[2022-06-16 00:55:52,987] {processor.py:171} INFO - Processing /home/leizo/airflow/dags/lib/produce_usage.py took 0.322 seconds
[2022-06-16 00:57:03,954] {processor.py:163} INFO - Started process (PID=21749) to work on /home/leizo/airflow/dags/lib/produce_usage.py
[2022-06-16 00:57:03,957] {processor.py:642} INFO - Processing file /home/leizo/airflow/dags/lib/produce_usage.py for tasks to queue
[2022-06-16 00:57:03,959] {logging_mixin.py:109} INFO - [2022-06-16 00:57:03,959] {dagbag.py:500} INFO - Filling up the DagBag from /home/leizo/airflow/dags/lib/produce_usage.py
[2022-06-16 00:57:04,203] {processor.py:654} WARNING - No viable dags retrieved from /home/leizo/airflow/dags/lib/produce_usage.py
[2022-06-16 00:57:04,217] {processor.py:171} INFO - Processing /home/leizo/airflow/dags/lib/produce_usage.py took 0.269 seconds
