[2022-06-15 21:12:53,045] {processor.py:163} INFO - Started process (PID=5255) to work on /home/leizo/airflow/dags/lib/raw_to_fmt_spotify.py
[2022-06-15 21:12:53,046] {processor.py:642} INFO - Processing file /home/leizo/airflow/dags/lib/raw_to_fmt_spotify.py for tasks to queue
[2022-06-15 21:12:53,047] {logging_mixin.py:109} INFO - [2022-06-15 21:12:53,047] {dagbag.py:500} INFO - Filling up the DagBag from /home/leizo/airflow/dags/lib/raw_to_fmt_spotify.py
[2022-06-15 21:13:02,858] {processor.py:654} WARNING - No viable dags retrieved from /home/leizo/airflow/dags/lib/raw_to_fmt_spotify.py
[2022-06-15 21:13:02,875] {processor.py:171} INFO - Processing /home/leizo/airflow/dags/lib/raw_to_fmt_spotify.py took 9.832 seconds
[2022-06-16 00:45:08,742] {processor.py:163} INFO - Started process (PID=12249) to work on /home/leizo/airflow/dags/lib/raw_to_fmt_spotify.py
[2022-06-16 00:45:08,745] {processor.py:642} INFO - Processing file /home/leizo/airflow/dags/lib/raw_to_fmt_spotify.py for tasks to queue
[2022-06-16 00:45:08,746] {logging_mixin.py:109} INFO - [2022-06-16 00:45:08,746] {dagbag.py:500} INFO - Filling up the DagBag from /home/leizo/airflow/dags/lib/raw_to_fmt_spotify.py
[2022-06-16 00:45:16,709] {processor.py:654} WARNING - No viable dags retrieved from /home/leizo/airflow/dags/lib/raw_to_fmt_spotify.py
[2022-06-16 00:45:16,720] {processor.py:171} INFO - Processing /home/leizo/airflow/dags/lib/raw_to_fmt_spotify.py took 7.983 seconds
[2022-06-16 00:48:51,759] {processor.py:163} INFO - Started process (PID=15050) to work on /home/leizo/airflow/dags/lib/raw_to_fmt_spotify.py
[2022-06-16 00:48:51,771] {processor.py:642} INFO - Processing file /home/leizo/airflow/dags/lib/raw_to_fmt_spotify.py for tasks to queue
[2022-06-16 00:48:51,772] {logging_mixin.py:109} INFO - [2022-06-16 00:48:51,772] {dagbag.py:500} INFO - Filling up the DagBag from /home/leizo/airflow/dags/lib/raw_to_fmt_spotify.py
[2022-06-16 00:48:59,839] {processor.py:654} WARNING - No viable dags retrieved from /home/leizo/airflow/dags/lib/raw_to_fmt_spotify.py
[2022-06-16 00:48:59,852] {processor.py:171} INFO - Processing /home/leizo/airflow/dags/lib/raw_to_fmt_spotify.py took 8.096 seconds
[2022-06-16 00:50:39,098] {processor.py:163} INFO - Started process (PID=15819) to work on /home/leizo/airflow/dags/lib/raw_to_fmt_spotify.py
[2022-06-16 00:50:39,100] {processor.py:642} INFO - Processing file /home/leizo/airflow/dags/lib/raw_to_fmt_spotify.py for tasks to queue
[2022-06-16 00:50:39,101] {logging_mixin.py:109} INFO - [2022-06-16 00:50:39,101] {dagbag.py:500} INFO - Filling up the DagBag from /home/leizo/airflow/dags/lib/raw_to_fmt_spotify.py
[2022-06-16 00:50:49,873] {processor.py:654} WARNING - No viable dags retrieved from /home/leizo/airflow/dags/lib/raw_to_fmt_spotify.py
[2022-06-16 00:50:49,890] {processor.py:171} INFO - Processing /home/leizo/airflow/dags/lib/raw_to_fmt_spotify.py took 10.796 seconds
[2022-06-16 00:52:56,395] {processor.py:163} INFO - Started process (PID=19748) to work on /home/leizo/airflow/dags/lib/raw_to_fmt_spotify.py
[2022-06-16 00:52:56,397] {processor.py:642} INFO - Processing file /home/leizo/airflow/dags/lib/raw_to_fmt_spotify.py for tasks to queue
[2022-06-16 00:52:56,398] {logging_mixin.py:109} INFO - [2022-06-16 00:52:56,398] {dagbag.py:500} INFO - Filling up the DagBag from /home/leizo/airflow/dags/lib/raw_to_fmt_spotify.py
[2022-06-16 00:53:06,680] {processor.py:654} WARNING - No viable dags retrieved from /home/leizo/airflow/dags/lib/raw_to_fmt_spotify.py
[2022-06-16 00:53:06,700] {processor.py:171} INFO - Processing /home/leizo/airflow/dags/lib/raw_to_fmt_spotify.py took 10.311 seconds
[2022-06-16 00:54:36,890] {processor.py:163} INFO - Started process (PID=20519) to work on /home/leizo/airflow/dags/lib/raw_to_fmt_spotify.py
[2022-06-16 00:54:36,893] {processor.py:642} INFO - Processing file /home/leizo/airflow/dags/lib/raw_to_fmt_spotify.py for tasks to queue
[2022-06-16 00:54:36,894] {logging_mixin.py:109} INFO - [2022-06-16 00:54:36,893] {dagbag.py:500} INFO - Filling up the DagBag from /home/leizo/airflow/dags/lib/raw_to_fmt_spotify.py
[2022-06-16 00:54:47,559] {processor.py:654} WARNING - No viable dags retrieved from /home/leizo/airflow/dags/lib/raw_to_fmt_spotify.py
[2022-06-16 00:54:47,574] {processor.py:171} INFO - Processing /home/leizo/airflow/dags/lib/raw_to_fmt_spotify.py took 10.689 seconds
[2022-06-16 00:56:43,367] {processor.py:163} INFO - Started process (PID=21579) to work on /home/leizo/airflow/dags/lib/raw_to_fmt_spotify.py
[2022-06-16 00:56:43,369] {processor.py:642} INFO - Processing file /home/leizo/airflow/dags/lib/raw_to_fmt_spotify.py for tasks to queue
[2022-06-16 00:56:43,370] {logging_mixin.py:109} INFO - [2022-06-16 00:56:43,370] {dagbag.py:500} INFO - Filling up the DagBag from /home/leizo/airflow/dags/lib/raw_to_fmt_spotify.py
[2022-06-16 00:56:53,834] {processor.py:654} WARNING - No viable dags retrieved from /home/leizo/airflow/dags/lib/raw_to_fmt_spotify.py
[2022-06-16 00:56:53,846] {processor.py:171} INFO - Processing /home/leizo/airflow/dags/lib/raw_to_fmt_spotify.py took 10.482 seconds
