[2022-06-15 21:13:04,017] {processor.py:163} INFO - Started process (PID=5418) to work on /home/leizo/airflow/dags/lib/spotify_fetcher.py
[2022-06-15 21:13:04,018] {processor.py:642} INFO - Processing file /home/leizo/airflow/dags/lib/spotify_fetcher.py for tasks to queue
[2022-06-15 21:13:04,019] {logging_mixin.py:109} INFO - [2022-06-15 21:13:04,019] {dagbag.py:500} INFO - Filling up the DagBag from /home/leizo/airflow/dags/lib/spotify_fetcher.py
[2022-06-15 21:13:04,021] {processor.py:654} WARNING - No viable dags retrieved from /home/leizo/airflow/dags/lib/spotify_fetcher.py
[2022-06-15 21:13:04,032] {processor.py:171} INFO - Processing /home/leizo/airflow/dags/lib/spotify_fetcher.py took 0.018 seconds
[2022-06-16 00:45:17,866] {processor.py:163} INFO - Started process (PID=12414) to work on /home/leizo/airflow/dags/lib/spotify_fetcher.py
[2022-06-16 00:45:17,868] {processor.py:642} INFO - Processing file /home/leizo/airflow/dags/lib/spotify_fetcher.py for tasks to queue
[2022-06-16 00:45:17,869] {logging_mixin.py:109} INFO - [2022-06-16 00:45:17,869] {dagbag.py:500} INFO - Filling up the DagBag from /home/leizo/airflow/dags/lib/spotify_fetcher.py
[2022-06-16 00:45:17,870] {processor.py:654} WARNING - No viable dags retrieved from /home/leizo/airflow/dags/lib/spotify_fetcher.py
[2022-06-16 00:45:17,881] {processor.py:171} INFO - Processing /home/leizo/airflow/dags/lib/spotify_fetcher.py took 0.017 seconds
[2022-06-16 00:49:01,019] {processor.py:163} INFO - Started process (PID=15233) to work on /home/leizo/airflow/dags/lib/spotify_fetcher.py
[2022-06-16 00:49:01,022] {processor.py:642} INFO - Processing file /home/leizo/airflow/dags/lib/spotify_fetcher.py for tasks to queue
[2022-06-16 00:49:01,023] {logging_mixin.py:109} INFO - [2022-06-16 00:49:01,023] {dagbag.py:500} INFO - Filling up the DagBag from /home/leizo/airflow/dags/lib/spotify_fetcher.py
[2022-06-16 00:49:01,025] {processor.py:654} WARNING - No viable dags retrieved from /home/leizo/airflow/dags/lib/spotify_fetcher.py
[2022-06-16 00:49:01,039] {processor.py:171} INFO - Processing /home/leizo/airflow/dags/lib/spotify_fetcher.py took 0.025 seconds
[2022-06-16 00:50:51,107] {processor.py:163} INFO - Started process (PID=15984) to work on /home/leizo/airflow/dags/lib/spotify_fetcher.py
[2022-06-16 00:50:51,110] {processor.py:642} INFO - Processing file /home/leizo/airflow/dags/lib/spotify_fetcher.py for tasks to queue
[2022-06-16 00:50:51,112] {logging_mixin.py:109} INFO - [2022-06-16 00:50:51,111] {dagbag.py:500} INFO - Filling up the DagBag from /home/leizo/airflow/dags/lib/spotify_fetcher.py
[2022-06-16 00:50:51,114] {processor.py:654} WARNING - No viable dags retrieved from /home/leizo/airflow/dags/lib/spotify_fetcher.py
[2022-06-16 00:50:51,130] {processor.py:171} INFO - Processing /home/leizo/airflow/dags/lib/spotify_fetcher.py took 0.027 seconds
[2022-06-16 00:53:07,842] {processor.py:163} INFO - Started process (PID=19911) to work on /home/leizo/airflow/dags/lib/spotify_fetcher.py
[2022-06-16 00:53:07,846] {processor.py:642} INFO - Processing file /home/leizo/airflow/dags/lib/spotify_fetcher.py for tasks to queue
[2022-06-16 00:53:07,847] {logging_mixin.py:109} INFO - [2022-06-16 00:53:07,846] {dagbag.py:500} INFO - Filling up the DagBag from /home/leizo/airflow/dags/lib/spotify_fetcher.py
[2022-06-16 00:53:07,849] {processor.py:654} WARNING - No viable dags retrieved from /home/leizo/airflow/dags/lib/spotify_fetcher.py
[2022-06-16 00:53:07,860] {processor.py:171} INFO - Processing /home/leizo/airflow/dags/lib/spotify_fetcher.py took 0.021 seconds
[2022-06-16 00:54:48,758] {processor.py:163} INFO - Started process (PID=20685) to work on /home/leizo/airflow/dags/lib/spotify_fetcher.py
[2022-06-16 00:54:48,761] {processor.py:642} INFO - Processing file /home/leizo/airflow/dags/lib/spotify_fetcher.py for tasks to queue
[2022-06-16 00:54:48,762] {logging_mixin.py:109} INFO - [2022-06-16 00:54:48,762] {dagbag.py:500} INFO - Filling up the DagBag from /home/leizo/airflow/dags/lib/spotify_fetcher.py
[2022-06-16 00:54:48,765] {processor.py:654} WARNING - No viable dags retrieved from /home/leizo/airflow/dags/lib/spotify_fetcher.py
[2022-06-16 00:54:48,779] {processor.py:171} INFO - Processing /home/leizo/airflow/dags/lib/spotify_fetcher.py took 0.026 seconds
[2022-06-16 00:56:55,133] {processor.py:163} INFO - Started process (PID=21741) to work on /home/leizo/airflow/dags/lib/spotify_fetcher.py
[2022-06-16 00:56:55,137] {processor.py:642} INFO - Processing file /home/leizo/airflow/dags/lib/spotify_fetcher.py for tasks to queue
[2022-06-16 00:56:55,139] {logging_mixin.py:109} INFO - [2022-06-16 00:56:55,138] {dagbag.py:500} INFO - Filling up the DagBag from /home/leizo/airflow/dags/lib/spotify_fetcher.py
[2022-06-16 00:56:55,143] {processor.py:654} WARNING - No viable dags retrieved from /home/leizo/airflow/dags/lib/spotify_fetcher.py
[2022-06-16 00:56:55,156] {processor.py:171} INFO - Processing /home/leizo/airflow/dags/lib/spotify_fetcher.py took 0.039 seconds
