[2022-06-13 21:50:06,178] {taskinstance.py:1043} INFO - Dependencies all met for <TaskInstance: my_first_dag.fetch_data_from_spotify manual__2022-06-13T19:49:56.567509+00:00 [queued]>
[2022-06-13 21:50:06,191] {taskinstance.py:1043} INFO - Dependencies all met for <TaskInstance: my_first_dag.fetch_data_from_spotify manual__2022-06-13T19:49:56.567509+00:00 [queued]>
[2022-06-13 21:50:06,191] {taskinstance.py:1249} INFO - 
--------------------------------------------------------------------------------
[2022-06-13 21:50:06,191] {taskinstance.py:1250} INFO - Starting attempt 1 of 2
[2022-06-13 21:50:06,191] {taskinstance.py:1251} INFO - 
--------------------------------------------------------------------------------
[2022-06-13 21:50:06,207] {taskinstance.py:1270} INFO - Executing <Task(PythonOperator): fetch_data_from_spotify> on 2022-06-13 19:49:56.567509+00:00
[2022-06-13 21:50:06,209] {standard_task_runner.py:52} INFO - Started process 2348 to run task
[2022-06-13 21:50:06,213] {standard_task_runner.py:79} INFO - Running: ['airflow', 'tasks', 'run', 'my_first_dag', 'fetch_data_from_spotify', 'manual__2022-06-13T19:49:56.567509+00:00', '--job-id', '25', '--raw', '--subdir', 'DAGS_FOLDER/my_first_dag.py', '--cfg-path', '/tmp/tmpqvpdcnwy', '--error-file', '/tmp/tmp3un75uap']
[2022-06-13 21:50:06,213] {standard_task_runner.py:80} INFO - Job 25: Subtask fetch_data_from_spotify
[2022-06-13 21:50:06,280] {logging_mixin.py:109} INFO - Running <TaskInstance: my_first_dag.fetch_data_from_spotify manual__2022-06-13T19:49:56.567509+00:00 [running]> on host LAPTOP-M1F9EL62.localdomain
[2022-06-13 21:50:06,342] {taskinstance.py:1446} INFO - Exporting the following env vars:
AIRFLOW_CTX_DAG_EMAIL=airflow@example.com
AIRFLOW_CTX_DAG_OWNER=airflow
AIRFLOW_CTX_DAG_ID=my_first_dag
AIRFLOW_CTX_TASK_ID=fetch_data_from_spotify
AIRFLOW_CTX_EXECUTION_DATE=2022-06-13T19:49:56.567509+00:00
AIRFLOW_CTX_DAG_RUN_ID=manual__2022-06-13T19:49:56.567509+00:00
[2022-06-13 21:50:06,760] {logging_mixin.py:109} INFO - Writing here:  /home/leizo/datalake/raw/spotify/Playlists/DailyMix1/20220613/
[2022-06-13 21:50:07,496] {logging_mixin.py:109} INFO - Writing here:  /home/leizo/datalake/raw/spotify/Playlists/DailyMix2/20220613/
[2022-06-13 21:50:07,832] {logging_mixin.py:109} INFO - Writing here:  /home/leizo/datalake/raw/spotify/Playlists/DailyMix3/20220613/
[2022-06-13 21:50:08,252] {logging_mixin.py:109} INFO - Writing here:  /home/leizo/datalake/raw/spotify/Playlists/DailyMix4/20220613/
[2022-06-13 21:50:08,532] {logging_mixin.py:109} INFO - Writing here:  /home/leizo/datalake/raw/spotify/Playlists/DailyMix5/20220613/
[2022-06-13 21:50:08,797] {logging_mixin.py:109} INFO - Writing here:  /home/leizo/datalake/raw/spotify/Playlists/DailyMix6/20220613/
[2022-06-13 21:50:09,163] {logging_mixin.py:109} INFO - Writing here:  /home/leizo/datalake/raw/spotify/Playlists/MixRock/20220613/
[2022-06-13 21:50:09,166] {python.py:175} INFO - Done. Returned value was: None
[2022-06-13 21:50:09,177] {taskinstance.py:1278} INFO - Marking task as SUCCESS. dag_id=my_first_dag, task_id=fetch_data_from_spotify, execution_date=20220613T194956, start_date=20220613T195006, end_date=20220613T195009
[2022-06-13 21:50:09,243] {local_task_job.py:154} INFO - Task exited with return code 0
[2022-06-13 21:50:09,306] {local_task_job.py:264} INFO - 1 downstream tasks scheduled from follow-on schedule check
