[2022-06-12 22:27:58,454] {taskinstance.py:1043} INFO - Dependencies all met for <TaskInstance: my_first_dag.index_to_elastic manual__2022-06-12T20:27:27.024916+00:00 [queued]>
[2022-06-12 22:27:58,462] {taskinstance.py:1043} INFO - Dependencies all met for <TaskInstance: my_first_dag.index_to_elastic manual__2022-06-12T20:27:27.024916+00:00 [queued]>
[2022-06-12 22:27:58,462] {taskinstance.py:1249} INFO - 
--------------------------------------------------------------------------------
[2022-06-12 22:27:58,463] {taskinstance.py:1250} INFO - Starting attempt 1 of 2
[2022-06-12 22:27:58,463] {taskinstance.py:1251} INFO - 
--------------------------------------------------------------------------------
[2022-06-12 22:27:58,476] {taskinstance.py:1270} INFO - Executing <Task(PythonOperator): index_to_elastic> on 2022-06-12 20:27:27.024916+00:00
[2022-06-12 22:27:58,479] {standard_task_runner.py:52} INFO - Started process 1918 to run task
[2022-06-12 22:27:58,483] {standard_task_runner.py:79} INFO - Running: ['airflow', 'tasks', 'run', 'my_first_dag', 'index_to_elastic', 'manual__2022-06-12T20:27:27.024916+00:00', '--job-id', '12', '--raw', '--subdir', 'DAGS_FOLDER/my_first_dag.py', '--cfg-path', '/tmp/tmp8qm3f1x9', '--error-file', '/tmp/tmpv097vgzv']
[2022-06-12 22:27:58,483] {standard_task_runner.py:80} INFO - Job 12: Subtask index_to_elastic
[2022-06-12 22:27:58,533] {logging_mixin.py:109} INFO - Running <TaskInstance: my_first_dag.index_to_elastic manual__2022-06-12T20:27:27.024916+00:00 [running]> on host LAPTOP-M1F9EL62.localdomain
[2022-06-12 22:27:58,592] {taskinstance.py:1446} INFO - Exporting the following env vars:
AIRFLOW_CTX_DAG_EMAIL=airflow@example.com
AIRFLOW_CTX_DAG_OWNER=airflow
AIRFLOW_CTX_DAG_ID=my_first_dag
AIRFLOW_CTX_TASK_ID=index_to_elastic
AIRFLOW_CTX_EXECUTION_DATE=2022-06-12T20:27:27.024916+00:00
AIRFLOW_CTX_DAG_RUN_ID=manual__2022-06-12T20:27:27.024916+00:00
[2022-06-12 22:27:58,593] {logging_mixin.py:109} INFO - Hello Airflow - This is Task with task_number: task6
[2022-06-12 22:27:58,594] {logging_mixin.py:109} INFO - kwargs['dag_run'] 2022-06-12 20:27:27.024916+00:00
[2022-06-12 22:27:58,594] {python.py:175} INFO - Done. Returned value was: None
[2022-06-12 22:27:58,604] {taskinstance.py:1278} INFO - Marking task as SUCCESS. dag_id=my_first_dag, task_id=index_to_elastic, execution_date=20220612T202727, start_date=20220612T202758, end_date=20220612T202758
[2022-06-12 22:27:58,656] {local_task_job.py:154} INFO - Task exited with return code 0
[2022-06-12 22:27:58,681] {local_task_job.py:264} INFO - 0 downstream tasks scheduled from follow-on schedule check
