[2022-06-15 21:13:39,096] {processor.py:163} INFO - Started process (PID=5450) to work on /home/leizo/.local/lib/python3.8/site-packages/airflow/example_dags/plugins/workday.py
[2022-06-15 21:13:39,097] {processor.py:642} INFO - Processing file /home/leizo/.local/lib/python3.8/site-packages/airflow/example_dags/plugins/workday.py for tasks to queue
[2022-06-15 21:13:39,097] {logging_mixin.py:109} INFO - [2022-06-15 21:13:39,097] {dagbag.py:500} INFO - Filling up the DagBag from /home/leizo/.local/lib/python3.8/site-packages/airflow/example_dags/plugins/workday.py
[2022-06-15 21:13:39,099] {processor.py:654} WARNING - No viable dags retrieved from /home/leizo/.local/lib/python3.8/site-packages/airflow/example_dags/plugins/workday.py
[2022-06-15 21:13:39,105] {processor.py:171} INFO - Processing /home/leizo/.local/lib/python3.8/site-packages/airflow/example_dags/plugins/workday.py took 0.012 seconds
[2022-06-16 00:49:36,396] {processor.py:163} INFO - Started process (PID=15265) to work on /home/leizo/.local/lib/python3.8/site-packages/airflow/example_dags/plugins/workday.py
[2022-06-16 00:49:36,399] {processor.py:642} INFO - Processing file /home/leizo/.local/lib/python3.8/site-packages/airflow/example_dags/plugins/workday.py for tasks to queue
[2022-06-16 00:49:36,401] {logging_mixin.py:109} INFO - [2022-06-16 00:49:36,401] {dagbag.py:500} INFO - Filling up the DagBag from /home/leizo/.local/lib/python3.8/site-packages/airflow/example_dags/plugins/workday.py
[2022-06-16 00:49:36,404] {processor.py:654} WARNING - No viable dags retrieved from /home/leizo/.local/lib/python3.8/site-packages/airflow/example_dags/plugins/workday.py
[2022-06-16 00:49:36,417] {processor.py:171} INFO - Processing /home/leizo/.local/lib/python3.8/site-packages/airflow/example_dags/plugins/workday.py took 0.024 seconds
[2022-06-16 00:51:58,945] {processor.py:163} INFO - Started process (PID=17148) to work on /home/leizo/.local/lib/python3.8/site-packages/airflow/example_dags/plugins/workday.py
[2022-06-16 00:51:58,947] {processor.py:642} INFO - Processing file /home/leizo/.local/lib/python3.8/site-packages/airflow/example_dags/plugins/workday.py for tasks to queue
[2022-06-16 00:51:58,948] {logging_mixin.py:109} INFO - [2022-06-16 00:51:58,948] {dagbag.py:500} INFO - Filling up the DagBag from /home/leizo/.local/lib/python3.8/site-packages/airflow/example_dags/plugins/workday.py
[2022-06-16 00:51:58,950] {processor.py:654} WARNING - No viable dags retrieved from /home/leizo/.local/lib/python3.8/site-packages/airflow/example_dags/plugins/workday.py
[2022-06-16 00:51:58,961] {processor.py:171} INFO - Processing /home/leizo/.local/lib/python3.8/site-packages/airflow/example_dags/plugins/workday.py took 0.019 seconds
[2022-06-16 00:54:11,340] {processor.py:163} INFO - Started process (PID=20232) to work on /home/leizo/.local/lib/python3.8/site-packages/airflow/example_dags/plugins/workday.py
[2022-06-16 00:54:11,343] {processor.py:642} INFO - Processing file /home/leizo/.local/lib/python3.8/site-packages/airflow/example_dags/plugins/workday.py for tasks to queue
[2022-06-16 00:54:11,344] {logging_mixin.py:109} INFO - [2022-06-16 00:54:11,344] {dagbag.py:500} INFO - Filling up the DagBag from /home/leizo/.local/lib/python3.8/site-packages/airflow/example_dags/plugins/workday.py
[2022-06-16 00:54:11,347] {processor.py:654} WARNING - No viable dags retrieved from /home/leizo/.local/lib/python3.8/site-packages/airflow/example_dags/plugins/workday.py
[2022-06-16 00:54:11,362] {processor.py:171} INFO - Processing /home/leizo/.local/lib/python3.8/site-packages/airflow/example_dags/plugins/workday.py took 0.026 seconds
[2022-06-16 00:55:51,767] {processor.py:163} INFO - Started process (PID=21008) to work on /home/leizo/.local/lib/python3.8/site-packages/airflow/example_dags/plugins/workday.py
[2022-06-16 00:55:51,769] {processor.py:642} INFO - Processing file /home/leizo/.local/lib/python3.8/site-packages/airflow/example_dags/plugins/workday.py for tasks to queue
[2022-06-16 00:55:51,770] {logging_mixin.py:109} INFO - [2022-06-16 00:55:51,770] {dagbag.py:500} INFO - Filling up the DagBag from /home/leizo/.local/lib/python3.8/site-packages/airflow/example_dags/plugins/workday.py
[2022-06-16 00:55:51,772] {processor.py:654} WARNING - No viable dags retrieved from /home/leizo/.local/lib/python3.8/site-packages/airflow/example_dags/plugins/workday.py
[2022-06-16 00:55:51,784] {processor.py:171} INFO - Processing /home/leizo/.local/lib/python3.8/site-packages/airflow/example_dags/plugins/workday.py took 0.020 seconds
