[2022-06-14 09:30:26,606] {taskinstance.py:1043} INFO - Dependencies all met for <TaskInstance: my_first_dag.fetch_data_from_spotify manual__2022-06-14T07:29:56.541745+00:00 [queued]>
[2022-06-14 09:30:26,631] {taskinstance.py:1043} INFO - Dependencies all met for <TaskInstance: my_first_dag.fetch_data_from_spotify manual__2022-06-14T07:29:56.541745+00:00 [queued]>
[2022-06-14 09:30:26,631] {taskinstance.py:1249} INFO - 
--------------------------------------------------------------------------------
[2022-06-14 09:30:26,631] {taskinstance.py:1250} INFO - Starting attempt 1 of 2
[2022-06-14 09:30:26,631] {taskinstance.py:1251} INFO - 
--------------------------------------------------------------------------------
[2022-06-14 09:30:26,650] {taskinstance.py:1270} INFO - Executing <Task(PythonOperator): fetch_data_from_spotify> on 2022-06-14 07:29:56.541745+00:00
[2022-06-14 09:30:26,653] {standard_task_runner.py:52} INFO - Started process 8771 to run task
[2022-06-14 09:30:26,661] {standard_task_runner.py:79} INFO - Running: ['airflow', 'tasks', 'run', 'my_first_dag', 'fetch_data_from_spotify', 'manual__2022-06-14T07:29:56.541745+00:00', '--job-id', '62', '--raw', '--subdir', 'DAGS_FOLDER/my_first_dag.py', '--cfg-path', '/tmp/tmpfbg4s_7t', '--error-file', '/tmp/tmp3r0igetm']
[2022-06-14 09:30:26,662] {standard_task_runner.py:80} INFO - Job 62: Subtask fetch_data_from_spotify
[2022-06-14 09:30:26,712] {logging_mixin.py:109} INFO - Running <TaskInstance: my_first_dag.fetch_data_from_spotify manual__2022-06-14T07:29:56.541745+00:00 [running]> on host LAPTOP-M1F9EL62.localdomain
[2022-06-14 09:30:26,759] {taskinstance.py:1446} INFO - Exporting the following env vars:
AIRFLOW_CTX_DAG_EMAIL=airflow@example.com
AIRFLOW_CTX_DAG_OWNER=airflow
AIRFLOW_CTX_DAG_ID=my_first_dag
AIRFLOW_CTX_TASK_ID=fetch_data_from_spotify
AIRFLOW_CTX_EXECUTION_DATE=2022-06-14T07:29:56.541745+00:00
AIRFLOW_CTX_DAG_RUN_ID=manual__2022-06-14T07:29:56.541745+00:00
[2022-06-14 09:30:27,295] {logging_mixin.py:109} INFO - Writing here:  /home/leizo/datalake/raw/spotify/playlists/dailyMix1/20220614/
[2022-06-14 09:30:27,987] {logging_mixin.py:109} INFO - Writing here:  /home/leizo/datalake/raw/spotify/playlists/dailyMix2/20220614/
[2022-06-14 09:30:28,512] {logging_mixin.py:109} INFO - Writing here:  /home/leizo/datalake/raw/spotify/playlists/dailyMix3/20220614/
[2022-06-14 09:30:29,005] {logging_mixin.py:109} INFO - Writing here:  /home/leizo/datalake/raw/spotify/playlists/dailyMix4/20220614/
[2022-06-14 09:30:29,333] {logging_mixin.py:109} INFO - Writing here:  /home/leizo/datalake/raw/spotify/playlists/dailyMix5/20220614/
[2022-06-14 09:30:29,687] {logging_mixin.py:109} INFO - Writing here:  /home/leizo/datalake/raw/spotify/playlists/dailyMix6/20220614/
[2022-06-14 09:30:30,025] {logging_mixin.py:109} INFO - Writing here:  /home/leizo/datalake/raw/spotify/playlists/mixRock/20220614/
[2022-06-14 09:30:30,252] {logging_mixin.py:109} INFO - Writing here:  /home/leizo/datalake/raw/spotify/playlists/mixIndie/20220614/
[2022-06-14 09:30:30,628] {logging_mixin.py:109} INFO - Writing here:  /home/leizo/datalake/raw/spotify/playlists/feelGoodIndieRock/20220614/
[2022-06-14 09:30:30,863] {logging_mixin.py:109} INFO - Writing here:  /home/leizo/datalake/raw/spotify/playlists/topAlternative/20220614/
[2022-06-14 09:30:30,867] {python.py:175} INFO - Done. Returned value was: None
[2022-06-14 09:30:30,873] {taskinstance.py:1278} INFO - Marking task as SUCCESS. dag_id=my_first_dag, task_id=fetch_data_from_spotify, execution_date=20220614T072956, start_date=20220614T073026, end_date=20220614T073030
[2022-06-14 09:30:30,895] {local_task_job.py:154} INFO - Task exited with return code 0
[2022-06-14 09:30:30,921] {local_task_job.py:264} INFO - 1 downstream tasks scheduled from follow-on schedule check
