[2022-06-13 22:37:28,524] {taskinstance.py:1043} INFO - Dependencies all met for <TaskInstance: my_first_dag.fetch_data_from_spotify manual__2022-06-13T20:37:14.187954+00:00 [queued]>
[2022-06-13 22:37:28,545] {taskinstance.py:1043} INFO - Dependencies all met for <TaskInstance: my_first_dag.fetch_data_from_spotify manual__2022-06-13T20:37:14.187954+00:00 [queued]>
[2022-06-13 22:37:28,546] {taskinstance.py:1249} INFO - 
--------------------------------------------------------------------------------
[2022-06-13 22:37:28,546] {taskinstance.py:1250} INFO - Starting attempt 1 of 2
[2022-06-13 22:37:28,546] {taskinstance.py:1251} INFO - 
--------------------------------------------------------------------------------
[2022-06-13 22:37:28,568] {taskinstance.py:1270} INFO - Executing <Task(PythonOperator): fetch_data_from_spotify> on 2022-06-13 20:37:14.187954+00:00
[2022-06-13 22:37:28,571] {standard_task_runner.py:52} INFO - Started process 5520 to run task
[2022-06-13 22:37:28,578] {standard_task_runner.py:79} INFO - Running: ['airflow', 'tasks', 'run', 'my_first_dag', 'fetch_data_from_spotify', 'manual__2022-06-13T20:37:14.187954+00:00', '--job-id', '54', '--raw', '--subdir', 'DAGS_FOLDER/my_first_dag.py', '--cfg-path', '/tmp/tmpinnlq_v5', '--error-file', '/tmp/tmpzaktw7pw']
[2022-06-13 22:37:28,580] {standard_task_runner.py:80} INFO - Job 54: Subtask fetch_data_from_spotify
[2022-06-13 22:37:28,665] {logging_mixin.py:109} INFO - Running <TaskInstance: my_first_dag.fetch_data_from_spotify manual__2022-06-13T20:37:14.187954+00:00 [running]> on host LAPTOP-M1F9EL62.localdomain
[2022-06-13 22:37:28,719] {taskinstance.py:1446} INFO - Exporting the following env vars:
AIRFLOW_CTX_DAG_EMAIL=airflow@example.com
AIRFLOW_CTX_DAG_OWNER=airflow
AIRFLOW_CTX_DAG_ID=my_first_dag
AIRFLOW_CTX_TASK_ID=fetch_data_from_spotify
AIRFLOW_CTX_EXECUTION_DATE=2022-06-13T20:37:14.187954+00:00
AIRFLOW_CTX_DAG_RUN_ID=manual__2022-06-13T20:37:14.187954+00:00
[2022-06-13 22:37:29,050] {logging_mixin.py:109} INFO - Writing here:  /home/leizo/datalake/raw/spotify/playlists/dailyMix1/20220613/
[2022-06-13 22:37:29,370] {logging_mixin.py:109} INFO - Writing here:  /home/leizo/datalake/raw/spotify/playlists/dailyMix2/20220613/
[2022-06-13 22:37:29,727] {logging_mixin.py:109} INFO - Writing here:  /home/leizo/datalake/raw/spotify/playlists/dailyMix3/20220613/
[2022-06-13 22:37:30,048] {logging_mixin.py:109} INFO - Writing here:  /home/leizo/datalake/raw/spotify/playlists/dailyMix4/20220613/
[2022-06-13 22:37:30,464] {logging_mixin.py:109} INFO - Writing here:  /home/leizo/datalake/raw/spotify/playlists/dailyMix5/20220613/
[2022-06-13 22:37:30,750] {logging_mixin.py:109} INFO - Writing here:  /home/leizo/datalake/raw/spotify/playlists/dailyMix6/20220613/
[2022-06-13 22:37:30,995] {logging_mixin.py:109} INFO - Writing here:  /home/leizo/datalake/raw/spotify/playlists/mixRock/20220613/
[2022-06-13 22:37:31,183] {logging_mixin.py:109} INFO - Writing here:  /home/leizo/datalake/raw/spotify/playlists/mixIndie/20220613/
[2022-06-13 22:37:31,464] {logging_mixin.py:109} INFO - Writing here:  /home/leizo/datalake/raw/spotify/playlists/feelGoodIndieRock/20220613/
[2022-06-13 22:37:31,694] {logging_mixin.py:109} INFO - Writing here:  /home/leizo/datalake/raw/spotify/playlists/topAlternative/20220613/
[2022-06-13 22:37:31,696] {python.py:175} INFO - Done. Returned value was: None
[2022-06-13 22:37:31,706] {taskinstance.py:1278} INFO - Marking task as SUCCESS. dag_id=my_first_dag, task_id=fetch_data_from_spotify, execution_date=20220613T203714, start_date=20220613T203728, end_date=20220613T203731
[2022-06-13 22:37:31,733] {local_task_job.py:154} INFO - Task exited with return code 0
[2022-06-13 22:37:31,765] {local_task_job.py:264} INFO - 1 downstream tasks scheduled from follow-on schedule check
