[2022-06-15 21:13:37,948] {processor.py:163} INFO - Started process (PID=5449) to work on /home/leizo/.local/lib/python3.8/site-packages/airflow/example_dags/subdags/subdag.py
[2022-06-15 21:13:37,948] {processor.py:642} INFO - Processing file /home/leizo/.local/lib/python3.8/site-packages/airflow/example_dags/subdags/subdag.py for tasks to queue
[2022-06-15 21:13:37,949] {logging_mixin.py:109} INFO - [2022-06-15 21:13:37,949] {dagbag.py:500} INFO - Filling up the DagBag from /home/leizo/.local/lib/python3.8/site-packages/airflow/example_dags/subdags/subdag.py
[2022-06-15 21:13:37,952] {processor.py:654} WARNING - No viable dags retrieved from /home/leizo/.local/lib/python3.8/site-packages/airflow/example_dags/subdags/subdag.py
[2022-06-15 21:13:37,959] {processor.py:171} INFO - Processing /home/leizo/.local/lib/python3.8/site-packages/airflow/example_dags/subdags/subdag.py took 0.014 seconds
[2022-06-16 00:49:35,314] {processor.py:163} INFO - Started process (PID=15264) to work on /home/leizo/.local/lib/python3.8/site-packages/airflow/example_dags/subdags/subdag.py
[2022-06-16 00:49:35,317] {processor.py:642} INFO - Processing file /home/leizo/.local/lib/python3.8/site-packages/airflow/example_dags/subdags/subdag.py for tasks to queue
[2022-06-16 00:49:35,320] {logging_mixin.py:109} INFO - [2022-06-16 00:49:35,319] {dagbag.py:500} INFO - Filling up the DagBag from /home/leizo/.local/lib/python3.8/site-packages/airflow/example_dags/subdags/subdag.py
[2022-06-16 00:49:35,328] {processor.py:654} WARNING - No viable dags retrieved from /home/leizo/.local/lib/python3.8/site-packages/airflow/example_dags/subdags/subdag.py
[2022-06-16 00:49:35,354] {processor.py:171} INFO - Processing /home/leizo/.local/lib/python3.8/site-packages/airflow/example_dags/subdags/subdag.py took 0.047 seconds
[2022-06-16 00:51:58,599] {processor.py:163} INFO - Started process (PID=17147) to work on /home/leizo/.local/lib/python3.8/site-packages/airflow/example_dags/subdags/subdag.py
[2022-06-16 00:51:58,601] {processor.py:642} INFO - Processing file /home/leizo/.local/lib/python3.8/site-packages/airflow/example_dags/subdags/subdag.py for tasks to queue
[2022-06-16 00:51:58,602] {logging_mixin.py:109} INFO - [2022-06-16 00:51:58,602] {dagbag.py:500} INFO - Filling up the DagBag from /home/leizo/.local/lib/python3.8/site-packages/airflow/example_dags/subdags/subdag.py
[2022-06-16 00:51:58,604] {processor.py:654} WARNING - No viable dags retrieved from /home/leizo/.local/lib/python3.8/site-packages/airflow/example_dags/subdags/subdag.py
[2022-06-16 00:51:58,612] {processor.py:171} INFO - Processing /home/leizo/.local/lib/python3.8/site-packages/airflow/example_dags/subdags/subdag.py took 0.017 seconds
[2022-06-16 00:54:10,185] {processor.py:163} INFO - Started process (PID=20231) to work on /home/leizo/.local/lib/python3.8/site-packages/airflow/example_dags/subdags/subdag.py
[2022-06-16 00:54:10,187] {processor.py:642} INFO - Processing file /home/leizo/.local/lib/python3.8/site-packages/airflow/example_dags/subdags/subdag.py for tasks to queue
[2022-06-16 00:54:10,188] {logging_mixin.py:109} INFO - [2022-06-16 00:54:10,188] {dagbag.py:500} INFO - Filling up the DagBag from /home/leizo/.local/lib/python3.8/site-packages/airflow/example_dags/subdags/subdag.py
[2022-06-16 00:54:10,191] {processor.py:654} WARNING - No viable dags retrieved from /home/leizo/.local/lib/python3.8/site-packages/airflow/example_dags/subdags/subdag.py
[2022-06-16 00:54:10,202] {processor.py:171} INFO - Processing /home/leizo/.local/lib/python3.8/site-packages/airflow/example_dags/subdags/subdag.py took 0.020 seconds
[2022-06-16 00:55:50,604] {processor.py:163} INFO - Started process (PID=21007) to work on /home/leizo/.local/lib/python3.8/site-packages/airflow/example_dags/subdags/subdag.py
[2022-06-16 00:55:50,607] {processor.py:642} INFO - Processing file /home/leizo/.local/lib/python3.8/site-packages/airflow/example_dags/subdags/subdag.py for tasks to queue
[2022-06-16 00:55:50,608] {logging_mixin.py:109} INFO - [2022-06-16 00:55:50,608] {dagbag.py:500} INFO - Filling up the DagBag from /home/leizo/.local/lib/python3.8/site-packages/airflow/example_dags/subdags/subdag.py
[2022-06-16 00:55:50,613] {processor.py:654} WARNING - No viable dags retrieved from /home/leizo/.local/lib/python3.8/site-packages/airflow/example_dags/subdags/subdag.py
[2022-06-16 00:55:50,624] {processor.py:171} INFO - Processing /home/leizo/.local/lib/python3.8/site-packages/airflow/example_dags/subdags/subdag.py took 0.026 seconds
