[2022-06-13 21:49:59,484] {taskinstance.py:1043} INFO - Dependencies all met for <TaskInstance: my_first_dag.fetch_data_from_lastfm manual__2022-06-13T19:49:56.567509+00:00 [queued]>
[2022-06-13 21:49:59,495] {taskinstance.py:1043} INFO - Dependencies all met for <TaskInstance: my_first_dag.fetch_data_from_lastfm manual__2022-06-13T19:49:56.567509+00:00 [queued]>
[2022-06-13 21:49:59,495] {taskinstance.py:1249} INFO - 
--------------------------------------------------------------------------------
[2022-06-13 21:49:59,495] {taskinstance.py:1250} INFO - Starting attempt 1 of 2
[2022-06-13 21:49:59,495] {taskinstance.py:1251} INFO - 
--------------------------------------------------------------------------------
[2022-06-13 21:49:59,522] {taskinstance.py:1270} INFO - Executing <Task(PythonOperator): fetch_data_from_lastfm> on 2022-06-13 19:49:56.567509+00:00
[2022-06-13 21:49:59,525] {standard_task_runner.py:52} INFO - Started process 2342 to run task
[2022-06-13 21:49:59,532] {standard_task_runner.py:79} INFO - Running: ['airflow', 'tasks', 'run', 'my_first_dag', 'fetch_data_from_lastfm', 'manual__2022-06-13T19:49:56.567509+00:00', '--job-id', '23', '--raw', '--subdir', 'DAGS_FOLDER/my_first_dag.py', '--cfg-path', '/tmp/tmpumrx8h9p', '--error-file', '/tmp/tmpoj6r73n5']
[2022-06-13 21:49:59,533] {standard_task_runner.py:80} INFO - Job 23: Subtask fetch_data_from_lastfm
[2022-06-13 21:49:59,608] {logging_mixin.py:109} INFO - Running <TaskInstance: my_first_dag.fetch_data_from_lastfm manual__2022-06-13T19:49:56.567509+00:00 [running]> on host LAPTOP-M1F9EL62.localdomain
[2022-06-13 21:49:59,662] {taskinstance.py:1446} INFO - Exporting the following env vars:
AIRFLOW_CTX_DAG_EMAIL=airflow@example.com
AIRFLOW_CTX_DAG_OWNER=airflow
AIRFLOW_CTX_DAG_ID=my_first_dag
AIRFLOW_CTX_TASK_ID=fetch_data_from_lastfm
AIRFLOW_CTX_EXECUTION_DATE=2022-06-13T19:49:56.567509+00:00
AIRFLOW_CTX_DAG_RUN_ID=manual__2022-06-13T19:49:56.567509+00:00
[2022-06-13 21:49:59,962] {logging_mixin.py:109} INFO - Writing here:  /home/leizo/datalake/raw/lastfm/TopArtistrock20220613/
[2022-06-13 21:50:00,186] {logging_mixin.py:109} INFO - Writing here:  /home/leizo/datalake/raw/lastfm/TopArtistindie20220613/
[2022-06-13 21:50:00,430] {logging_mixin.py:109} INFO - Writing here:  /home/leizo/datalake/raw/lastfm/TopArtistindie rock20220613/
[2022-06-13 21:50:00,748] {logging_mixin.py:109} INFO - Writing here:  /home/leizo/datalake/raw/lastfm/TopArtistalternative20220613/
[2022-06-13 21:50:00,995] {logging_mixin.py:109} INFO - Writing here:  /home/leizo/datalake/raw/lastfm/TopArtistpop20220613/
[2022-06-13 21:50:00,996] {python.py:175} INFO - Done. Returned value was: None
[2022-06-13 21:50:01,011] {taskinstance.py:1278} INFO - Marking task as SUCCESS. dag_id=my_first_dag, task_id=fetch_data_from_lastfm, execution_date=20220613T194956, start_date=20220613T194959, end_date=20220613T195001
[2022-06-13 21:50:01,072] {local_task_job.py:154} INFO - Task exited with return code 0
[2022-06-13 21:50:01,135] {local_task_job.py:264} INFO - 1 downstream tasks scheduled from follow-on schedule check
