[2022-06-13 22:31:28,515] {taskinstance.py:1043} INFO - Dependencies all met for <TaskInstance: my_first_dag.fetch_data_from_lastfm manual__2022-06-13T20:31:25.905945+00:00 [queued]>
[2022-06-13 22:31:28,529] {taskinstance.py:1043} INFO - Dependencies all met for <TaskInstance: my_first_dag.fetch_data_from_lastfm manual__2022-06-13T20:31:25.905945+00:00 [queued]>
[2022-06-13 22:31:28,529] {taskinstance.py:1249} INFO - 
--------------------------------------------------------------------------------
[2022-06-13 22:31:28,529] {taskinstance.py:1250} INFO - Starting attempt 1 of 2
[2022-06-13 22:31:28,530] {taskinstance.py:1251} INFO - 
--------------------------------------------------------------------------------
[2022-06-13 22:31:28,543] {taskinstance.py:1270} INFO - Executing <Task(PythonOperator): fetch_data_from_lastfm> on 2022-06-13 20:31:25.905945+00:00
[2022-06-13 22:31:28,545] {standard_task_runner.py:52} INFO - Started process 5168 to run task
[2022-06-13 22:31:28,548] {standard_task_runner.py:79} INFO - Running: ['airflow', 'tasks', 'run', 'my_first_dag', 'fetch_data_from_lastfm', 'manual__2022-06-13T20:31:25.905945+00:00', '--job-id', '47', '--raw', '--subdir', 'DAGS_FOLDER/my_first_dag.py', '--cfg-path', '/tmp/tmp6c1jm8h4', '--error-file', '/tmp/tmpinx0pcpi']
[2022-06-13 22:31:28,548] {standard_task_runner.py:80} INFO - Job 47: Subtask fetch_data_from_lastfm
[2022-06-13 22:31:28,595] {logging_mixin.py:109} INFO - Running <TaskInstance: my_first_dag.fetch_data_from_lastfm manual__2022-06-13T20:31:25.905945+00:00 [running]> on host LAPTOP-M1F9EL62.localdomain
[2022-06-13 22:31:28,639] {taskinstance.py:1446} INFO - Exporting the following env vars:
AIRFLOW_CTX_DAG_EMAIL=airflow@example.com
AIRFLOW_CTX_DAG_OWNER=airflow
AIRFLOW_CTX_DAG_ID=my_first_dag
AIRFLOW_CTX_TASK_ID=fetch_data_from_lastfm
AIRFLOW_CTX_EXECUTION_DATE=2022-06-13T20:31:25.905945+00:00
AIRFLOW_CTX_DAG_RUN_ID=manual__2022-06-13T20:31:25.905945+00:00
[2022-06-13 22:31:29,662] {logging_mixin.py:109} INFO - Writing here:  /home/leizo/datalake/raw/lastfm/TopArtist/Rock/20220613/
[2022-06-13 22:31:30,578] {logging_mixin.py:109} INFO - Writing here:  /home/leizo/datalake/raw/lastfm/TopTracks/Rock/20220613/
[2022-06-13 22:31:31,748] {logging_mixin.py:109} INFO - Writing here:  /home/leizo/datalake/raw/lastfm/TopArtist/Indie/20220613/
[2022-06-13 22:31:32,509] {logging_mixin.py:109} INFO - Writing here:  /home/leizo/datalake/raw/lastfm/TopTracks/Indie/20220613/
[2022-06-13 22:31:33,318] {logging_mixin.py:109} INFO - Writing here:  /home/leizo/datalake/raw/lastfm/TopArtist/Indie rock/20220613/
[2022-06-13 22:31:35,879] {logging_mixin.py:109} INFO - Writing here:  /home/leizo/datalake/raw/lastfm/TopTracks/Indie rock/20220613/
[2022-06-13 22:31:36,698] {logging_mixin.py:109} INFO - Writing here:  /home/leizo/datalake/raw/lastfm/TopArtist/Alternative/20220613/
[2022-06-13 22:31:38,187] {logging_mixin.py:109} INFO - Writing here:  /home/leizo/datalake/raw/lastfm/TopTracks/Alternative/20220613/
[2022-06-13 22:31:38,801] {logging_mixin.py:109} INFO - Writing here:  /home/leizo/datalake/raw/lastfm/TopArtist/Pop/20220613/
[2022-06-13 22:31:39,540] {logging_mixin.py:109} INFO - Writing here:  /home/leizo/datalake/raw/lastfm/TopTracks/Pop/20220613/
[2022-06-13 22:31:39,543] {python.py:175} INFO - Done. Returned value was: None
[2022-06-13 22:31:39,551] {taskinstance.py:1278} INFO - Marking task as SUCCESS. dag_id=my_first_dag, task_id=fetch_data_from_lastfm, execution_date=20220613T203125, start_date=20220613T203128, end_date=20220613T203139
[2022-06-13 22:31:39,577] {local_task_job.py:154} INFO - Task exited with return code 0
[2022-06-13 22:31:39,608] {local_task_job.py:264} INFO - 1 downstream tasks scheduled from follow-on schedule check
