[2022-06-20 16:42:04,620] {taskinstance.py:1043} INFO - Dependencies all met for <TaskInstance: my_first_dag.produce_usage manual__2022-06-20T14:39:37.517208+00:00 [queued]>
[2022-06-20 16:42:04,634] {taskinstance.py:1043} INFO - Dependencies all met for <TaskInstance: my_first_dag.produce_usage manual__2022-06-20T14:39:37.517208+00:00 [queued]>
[2022-06-20 16:42:04,634] {taskinstance.py:1249} INFO - 
--------------------------------------------------------------------------------
[2022-06-20 16:42:04,634] {taskinstance.py:1250} INFO - Starting attempt 1 of 2
[2022-06-20 16:42:04,634] {taskinstance.py:1251} INFO - 
--------------------------------------------------------------------------------
[2022-06-20 16:42:04,654] {taskinstance.py:1270} INFO - Executing <Task(PythonOperator): produce_usage> on 2022-06-20 14:39:37.517208+00:00
[2022-06-20 16:42:04,657] {standard_task_runner.py:52} INFO - Started process 11983 to run task
[2022-06-20 16:42:04,661] {standard_task_runner.py:79} INFO - Running: ['airflow', 'tasks', 'run', 'my_first_dag', 'produce_usage', 'manual__2022-06-20T14:39:37.517208+00:00', '--job-id', '93', '--raw', '--subdir', 'DAGS_FOLDER/my_first_dag.py', '--cfg-path', '/tmp/tmpz5f3uwha', '--error-file', '/tmp/tmpxlq08lij']
[2022-06-20 16:42:04,662] {standard_task_runner.py:80} INFO - Job 93: Subtask produce_usage
[2022-06-20 16:42:04,727] {logging_mixin.py:109} INFO - Running <TaskInstance: my_first_dag.produce_usage manual__2022-06-20T14:39:37.517208+00:00 [running]> on host LAPTOP-M1F9EL62.localdomain
[2022-06-20 16:42:04,775] {taskinstance.py:1446} INFO - Exporting the following env vars:
AIRFLOW_CTX_DAG_EMAIL=airflow@example.com
AIRFLOW_CTX_DAG_OWNER=airflow
AIRFLOW_CTX_DAG_ID=my_first_dag
AIRFLOW_CTX_TASK_ID=produce_usage
AIRFLOW_CTX_EXECUTION_DATE=2022-06-20T14:39:37.517208+00:00
AIRFLOW_CTX_DAG_RUN_ID=manual__2022-06-20T14:39:37.517208+00:00
[2022-06-20 16:42:10,589] {logging_mixin.py:109} INFO - paquet already exists /bytracks/rock/20220620
[2022-06-20 16:42:11,755] {logging_mixin.py:109} INFO - paquet already exists /byartist/rock/20220620
[2022-06-20 16:42:12,586] {logging_mixin.py:109} INFO - paquet already exists /bytracks/indie/20220620
[2022-06-20 16:42:13,239] {logging_mixin.py:109} INFO - paquet already exists /byartist/indie/20220620
[2022-06-20 16:42:13,590] {logging_mixin.py:109} INFO - paquet already exists /bytracks/alternative/20220620
[2022-06-20 16:42:14,124] {logging_mixin.py:109} INFO - paquet already exists /byartist/alternative/20220620
[2022-06-20 16:42:14,383] {logging_mixin.py:109} INFO - paquet already exists /bytracks/pop/20220620
[2022-06-20 16:42:14,554] {logging_mixin.py:109} INFO - paquet already exists /byartist/pop/20220620
[2022-06-20 16:42:14,554] {python.py:175} INFO - Done. Returned value was: None
[2022-06-20 16:42:14,565] {taskinstance.py:1278} INFO - Marking task as SUCCESS. dag_id=my_first_dag, task_id=produce_usage, execution_date=20220620T143937, start_date=20220620T144204, end_date=20220620T144214
[2022-06-20 16:42:14,598] {local_task_job.py:154} INFO - Task exited with return code 0
[2022-06-20 16:42:14,611] {local_task_job.py:264} INFO - 0 downstream tasks scheduled from follow-on schedule check
