[2022-06-13 21:54:55,620] {taskinstance.py:1043} INFO - Dependencies all met for <TaskInstance: my_first_dag.produce_usage manual__2022-06-13T19:54:35.221267+00:00 [queued]>
[2022-06-13 21:54:55,629] {taskinstance.py:1043} INFO - Dependencies all met for <TaskInstance: my_first_dag.produce_usage manual__2022-06-13T19:54:35.221267+00:00 [queued]>
[2022-06-13 21:54:55,629] {taskinstance.py:1249} INFO - 
--------------------------------------------------------------------------------
[2022-06-13 21:54:55,630] {taskinstance.py:1250} INFO - Starting attempt 1 of 2
[2022-06-13 21:54:55,630] {taskinstance.py:1251} INFO - 
--------------------------------------------------------------------------------
[2022-06-13 21:54:55,649] {taskinstance.py:1270} INFO - Executing <Task(PythonOperator): produce_usage> on 2022-06-13 19:54:35.221267+00:00
[2022-06-13 21:54:55,652] {standard_task_runner.py:52} INFO - Started process 2711 to run task
[2022-06-13 21:54:55,657] {standard_task_runner.py:79} INFO - Running: ['airflow', 'tasks', 'run', 'my_first_dag', 'produce_usage', 'manual__2022-06-13T19:54:35.221267+00:00', '--job-id', '37', '--raw', '--subdir', 'DAGS_FOLDER/my_first_dag.py', '--cfg-path', '/tmp/tmpojyly0x_', '--error-file', '/tmp/tmphwvooeim']
[2022-06-13 21:54:55,658] {standard_task_runner.py:80} INFO - Job 37: Subtask produce_usage
[2022-06-13 21:54:55,706] {logging_mixin.py:109} INFO - Running <TaskInstance: my_first_dag.produce_usage manual__2022-06-13T19:54:35.221267+00:00 [running]> on host LAPTOP-M1F9EL62.localdomain
[2022-06-13 21:54:55,754] {taskinstance.py:1446} INFO - Exporting the following env vars:
AIRFLOW_CTX_DAG_EMAIL=airflow@example.com
AIRFLOW_CTX_DAG_OWNER=airflow
AIRFLOW_CTX_DAG_ID=my_first_dag
AIRFLOW_CTX_TASK_ID=produce_usage
AIRFLOW_CTX_EXECUTION_DATE=2022-06-13T19:54:35.221267+00:00
AIRFLOW_CTX_DAG_RUN_ID=manual__2022-06-13T19:54:35.221267+00:00
[2022-06-13 21:54:55,754] {logging_mixin.py:109} INFO - Hello Airflow - This is Task with task_number: task5
[2022-06-13 21:54:55,755] {logging_mixin.py:109} INFO - kwargs['dag_run'] 2022-06-13 19:54:35.221267+00:00
[2022-06-13 21:54:55,755] {python.py:175} INFO - Done. Returned value was: None
[2022-06-13 21:54:55,760] {taskinstance.py:1278} INFO - Marking task as SUCCESS. dag_id=my_first_dag, task_id=produce_usage, execution_date=20220613T195435, start_date=20220613T195455, end_date=20220613T195455
[2022-06-13 21:54:55,789] {local_task_job.py:154} INFO - Task exited with return code 0
[2022-06-13 21:54:55,818] {local_task_job.py:264} INFO - 1 downstream tasks scheduled from follow-on schedule check
