2022.06.14 03:06:40 INFO  tracing is disabled for protocol LSP, to enable tracing of incoming and outgoing JSON messages create an empty file at /home/leizo/airflow/.metals/lsp.trace.json or /home/leizo/.cache/metals/lsp.trace.json[0m
2022.06.14 03:06:42 INFO  logging to file /home/leizo/airflow/.metals/metals.log[0m
2022.06.14 03:06:42 INFO  Started: Metals version 0.11.6 in workspace '/home/leizo/airflow' for client Visual Studio Code 1.68.0.[0m
2022.06.14 03:06:45 INFO  time: initialize in 3.71s[0m
2022.06.14 03:06:45 WARN  Flyway upgrade recommended: H2 2.1.212 is newer than this version of Flyway and support has not been tested. The latest supported version of H2 is 2.1.210.[0m
2022.06.14 03:06:47 WARN  Build server is not auto-connectable.[0m
2022.06.14 03:06:47 WARN  no build tool detected in workspace '/home/leizo/airflow'. The most common cause for this problem is that the editor was opened in the wrong working directory, for example if you use sbt then the workspace directory should contain build.sbt. [0m
2022.06.14 03:06:52 WARN  no build target for: /home/leizo/airflow/dags/lib/test.scala[0m
2022.06.14 03:07:09 INFO  no build target found for /home/leizo/airflow/dags/lib/test.scala. Using presentation compiler with project's scala-library version: 3.1.2[0m
Jun 14, 2022 3:07:15 AM org.eclipse.lsp4j.jsonrpc.RemoteEndpoint handleCancellation
WARNING: Unmatched cancel notification for request id 1
2022.06.14 03:08:33 INFO  [0m
2022.06.14 03:08:33 INFO  Template applied in /home/leizo/./hello-world[0m
2022.06.14 03:08:33 INFO  [0m
2022.06.14 03:08:33 INFO  time: ran 'giter8.Giter8' in 8.16s[0m
2022.06.14 06:06:41 INFO  shutting down Metals[0m
2022.06.14 08:21:58 INFO  tracing is disabled for protocol LSP, to enable tracing of incoming and outgoing JSON messages create an empty file at /home/leizo/airflow/.metals/lsp.trace.json or /home/leizo/.cache/metals/lsp.trace.json[0m
2022.06.14 08:21:59 INFO  logging to file /home/leizo/airflow/.metals/metals.log[0m
2022.06.14 08:21:59 INFO  Started: Metals version 0.11.6 in workspace '/home/leizo/airflow' for client Visual Studio Code 1.68.0.[0m
2022.06.14 08:22:01 INFO  time: initialize in 2.03s[0m
2022.06.14 08:22:01 WARN  Flyway upgrade recommended: H2 2.1.212 is newer than this version of Flyway and support has not been tested. The latest supported version of H2 is 2.1.210.[0m
2022.06.14 08:22:01 WARN  Build server is not auto-connectable.[0m
2022.06.14 08:22:01 WARN  no build tool detected in workspace '/home/leizo/airflow'. The most common cause for this problem is that the editor was opened in the wrong working directory, for example if you use sbt then the workspace directory should contain build.sbt. [0m
2022.06.16 00:35:47 INFO  shutting down Metals[0m
