[2022-06-16 00:45:55,288] {taskinstance.py:1043} INFO - Dependencies all met for <TaskInstance: my_first_dag.fetch_data_from_lastfm manual__2022-06-15T22:45:35.067806+00:00 [queued]>
[2022-06-16 00:45:55,297] {taskinstance.py:1043} INFO - Dependencies all met for <TaskInstance: my_first_dag.fetch_data_from_lastfm manual__2022-06-15T22:45:35.067806+00:00 [queued]>
[2022-06-16 00:45:55,297] {taskinstance.py:1249} INFO - 
--------------------------------------------------------------------------------
[2022-06-16 00:45:55,297] {taskinstance.py:1250} INFO - Starting attempt 1 of 2
[2022-06-16 00:45:55,297] {taskinstance.py:1251} INFO - 
--------------------------------------------------------------------------------
[2022-06-16 00:45:55,315] {taskinstance.py:1270} INFO - Executing <Task(PythonOperator): fetch_data_from_lastfm> on 2022-06-15 22:45:35.067806+00:00
[2022-06-16 00:45:55,317] {standard_task_runner.py:52} INFO - Started process 12674 to run task
[2022-06-16 00:45:55,321] {standard_task_runner.py:79} INFO - Running: ['airflow', 'tasks', 'run', 'my_first_dag', 'fetch_data_from_lastfm', 'manual__2022-06-15T22:45:35.067806+00:00', '--job-id', '71', '--raw', '--subdir', 'DAGS_FOLDER/my_first_dag.py', '--cfg-path', '/tmp/tmptv20ky29', '--error-file', '/tmp/tmp1w56f2ls']
[2022-06-16 00:45:55,321] {standard_task_runner.py:80} INFO - Job 71: Subtask fetch_data_from_lastfm
[2022-06-16 00:45:55,374] {logging_mixin.py:109} INFO - Running <TaskInstance: my_first_dag.fetch_data_from_lastfm manual__2022-06-15T22:45:35.067806+00:00 [running]> on host LAPTOP-M1F9EL62.localdomain
[2022-06-16 00:45:55,479] {taskinstance.py:1446} INFO - Exporting the following env vars:
AIRFLOW_CTX_DAG_EMAIL=airflow@example.com
AIRFLOW_CTX_DAG_OWNER=airflow
AIRFLOW_CTX_DAG_ID=my_first_dag
AIRFLOW_CTX_TASK_ID=fetch_data_from_lastfm
AIRFLOW_CTX_EXECUTION_DATE=2022-06-15T22:45:35.067806+00:00
AIRFLOW_CTX_DAG_RUN_ID=manual__2022-06-15T22:45:35.067806+00:00
[2022-06-16 00:45:57,379] {logging_mixin.py:109} INFO - Writing here:  /home/leizo/datalake/raw/lastfm/topArtist/rock/20220616/
[2022-06-16 00:45:58,893] {logging_mixin.py:109} INFO - Writing here:  /home/leizo/datalake/raw/lastfm/topTracks/rock/20220616/
[2022-06-16 00:46:00,488] {logging_mixin.py:109} INFO - Writing here:  /home/leizo/datalake/raw/lastfm/topArtist/indie/20220616/
[2022-06-16 00:46:01,917] {logging_mixin.py:109} INFO - Writing here:  /home/leizo/datalake/raw/lastfm/topTracks/indie/20220616/
[2022-06-16 00:46:03,448] {logging_mixin.py:109} INFO - Writing here:  /home/leizo/datalake/raw/lastfm/topArtist/indie rock/20220616/
[2022-06-16 00:46:09,033] {logging_mixin.py:109} INFO - Writing here:  /home/leizo/datalake/raw/lastfm/topTracks/indie rock/20220616/
[2022-06-16 00:46:14,934] {logging_mixin.py:109} INFO - Writing here:  /home/leizo/datalake/raw/lastfm/topArtist/alternative/20220616/
[2022-06-16 00:46:16,457] {logging_mixin.py:109} INFO - Writing here:  /home/leizo/datalake/raw/lastfm/topTracks/alternative/20220616/
[2022-06-16 00:46:17,441] {logging_mixin.py:109} INFO - Writing here:  /home/leizo/datalake/raw/lastfm/topArtist/pop/20220616/
[2022-06-16 00:46:18,509] {logging_mixin.py:109} INFO - Writing here:  /home/leizo/datalake/raw/lastfm/topTracks/pop/20220616/
[2022-06-16 00:46:18,515] {python.py:175} INFO - Done. Returned value was: None
[2022-06-16 00:46:18,527] {taskinstance.py:1278} INFO - Marking task as SUCCESS. dag_id=my_first_dag, task_id=fetch_data_from_lastfm, execution_date=20220615T224535, start_date=20220615T224555, end_date=20220615T224618
[2022-06-16 00:46:18,568] {local_task_job.py:154} INFO - Task exited with return code 0
[2022-06-16 00:46:18,623] {local_task_job.py:264} INFO - 1 downstream tasks scheduled from follow-on schedule check
