[2022-06-12 22:00:10,623] {processor.py:163} INFO - Started process (PID=169) to work on /home/leizo/.local/lib/python3.8/site-packages/airflow/example_dags/plugins/workday.py
[2022-06-12 22:00:10,625] {processor.py:642} INFO - Processing file /home/leizo/.local/lib/python3.8/site-packages/airflow/example_dags/plugins/workday.py for tasks to queue
[2022-06-12 22:00:10,627] {logging_mixin.py:109} INFO - [2022-06-12 22:00:10,626] {dagbag.py:500} INFO - Filling up the DagBag from /home/leizo/.local/lib/python3.8/site-packages/airflow/example_dags/plugins/workday.py
[2022-06-12 22:00:10,630] {processor.py:654} WARNING - No viable dags retrieved from /home/leizo/.local/lib/python3.8/site-packages/airflow/example_dags/plugins/workday.py
[2022-06-12 22:00:10,670] {processor.py:171} INFO - Processing /home/leizo/.local/lib/python3.8/site-packages/airflow/example_dags/plugins/workday.py took 0.061 seconds
[2022-06-12 22:01:00,907] {processor.py:163} INFO - Started process (PID=206) to work on /home/leizo/.local/lib/python3.8/site-packages/airflow/example_dags/plugins/workday.py
[2022-06-12 22:01:00,910] {processor.py:642} INFO - Processing file /home/leizo/.local/lib/python3.8/site-packages/airflow/example_dags/plugins/workday.py for tasks to queue
[2022-06-12 22:01:00,911] {logging_mixin.py:109} INFO - [2022-06-12 22:01:00,911] {dagbag.py:500} INFO - Filling up the DagBag from /home/leizo/.local/lib/python3.8/site-packages/airflow/example_dags/plugins/workday.py
[2022-06-12 22:01:00,915] {processor.py:654} WARNING - No viable dags retrieved from /home/leizo/.local/lib/python3.8/site-packages/airflow/example_dags/plugins/workday.py
[2022-06-12 22:01:00,965] {processor.py:171} INFO - Processing /home/leizo/.local/lib/python3.8/site-packages/airflow/example_dags/plugins/workday.py took 0.073 seconds
[2022-06-12 22:01:57,662] {processor.py:163} INFO - Started process (PID=246) to work on /home/leizo/.local/lib/python3.8/site-packages/airflow/example_dags/plugins/workday.py
[2022-06-12 22:01:57,665] {processor.py:642} INFO - Processing file /home/leizo/.local/lib/python3.8/site-packages/airflow/example_dags/plugins/workday.py for tasks to queue
[2022-06-12 22:01:57,666] {logging_mixin.py:109} INFO - [2022-06-12 22:01:57,666] {dagbag.py:500} INFO - Filling up the DagBag from /home/leizo/.local/lib/python3.8/site-packages/airflow/example_dags/plugins/workday.py
[2022-06-12 22:01:57,670] {processor.py:654} WARNING - No viable dags retrieved from /home/leizo/.local/lib/python3.8/site-packages/airflow/example_dags/plugins/workday.py
[2022-06-12 22:01:57,694] {processor.py:171} INFO - Processing /home/leizo/.local/lib/python3.8/site-packages/airflow/example_dags/plugins/workday.py took 0.037 seconds
[2022-06-12 22:02:46,466] {processor.py:163} INFO - Started process (PID=286) to work on /home/leizo/.local/lib/python3.8/site-packages/airflow/example_dags/plugins/workday.py
[2022-06-12 22:02:46,468] {processor.py:642} INFO - Processing file /home/leizo/.local/lib/python3.8/site-packages/airflow/example_dags/plugins/workday.py for tasks to queue
[2022-06-12 22:02:46,469] {logging_mixin.py:109} INFO - [2022-06-12 22:02:46,469] {dagbag.py:500} INFO - Filling up the DagBag from /home/leizo/.local/lib/python3.8/site-packages/airflow/example_dags/plugins/workday.py
[2022-06-12 22:02:46,472] {processor.py:654} WARNING - No viable dags retrieved from /home/leizo/.local/lib/python3.8/site-packages/airflow/example_dags/plugins/workday.py
[2022-06-12 22:02:46,482] {processor.py:171} INFO - Processing /home/leizo/.local/lib/python3.8/site-packages/airflow/example_dags/plugins/workday.py took 0.020 seconds
[2022-06-12 22:03:32,284] {processor.py:163} INFO - Started process (PID=324) to work on /home/leizo/.local/lib/python3.8/site-packages/airflow/example_dags/plugins/workday.py
[2022-06-12 22:03:32,286] {processor.py:642} INFO - Processing file /home/leizo/.local/lib/python3.8/site-packages/airflow/example_dags/plugins/workday.py for tasks to queue
[2022-06-12 22:03:32,287] {logging_mixin.py:109} INFO - [2022-06-12 22:03:32,287] {dagbag.py:500} INFO - Filling up the DagBag from /home/leizo/.local/lib/python3.8/site-packages/airflow/example_dags/plugins/workday.py
[2022-06-12 22:03:32,290] {processor.py:654} WARNING - No viable dags retrieved from /home/leizo/.local/lib/python3.8/site-packages/airflow/example_dags/plugins/workday.py
[2022-06-12 22:03:32,308] {processor.py:171} INFO - Processing /home/leizo/.local/lib/python3.8/site-packages/airflow/example_dags/plugins/workday.py took 0.029 seconds
[2022-06-12 22:04:29,529] {processor.py:163} INFO - Started process (PID=365) to work on /home/leizo/.local/lib/python3.8/site-packages/airflow/example_dags/plugins/workday.py
[2022-06-12 22:04:29,543] {processor.py:642} INFO - Processing file /home/leizo/.local/lib/python3.8/site-packages/airflow/example_dags/plugins/workday.py for tasks to queue
[2022-06-12 22:04:29,545] {logging_mixin.py:109} INFO - [2022-06-12 22:04:29,544] {dagbag.py:500} INFO - Filling up the DagBag from /home/leizo/.local/lib/python3.8/site-packages/airflow/example_dags/plugins/workday.py
[2022-06-12 22:04:29,557] {processor.py:654} WARNING - No viable dags retrieved from /home/leizo/.local/lib/python3.8/site-packages/airflow/example_dags/plugins/workday.py
[2022-06-12 22:04:29,583] {processor.py:171} INFO - Processing /home/leizo/.local/lib/python3.8/site-packages/airflow/example_dags/plugins/workday.py took 0.069 seconds
[2022-06-12 22:05:31,587] {processor.py:163} INFO - Started process (PID=431) to work on /home/leizo/.local/lib/python3.8/site-packages/airflow/example_dags/plugins/workday.py
[2022-06-12 22:05:31,592] {processor.py:642} INFO - Processing file /home/leizo/.local/lib/python3.8/site-packages/airflow/example_dags/plugins/workday.py for tasks to queue
[2022-06-12 22:05:31,593] {logging_mixin.py:109} INFO - [2022-06-12 22:05:31,593] {dagbag.py:500} INFO - Filling up the DagBag from /home/leizo/.local/lib/python3.8/site-packages/airflow/example_dags/plugins/workday.py
[2022-06-12 22:05:31,598] {processor.py:654} WARNING - No viable dags retrieved from /home/leizo/.local/lib/python3.8/site-packages/airflow/example_dags/plugins/workday.py
[2022-06-12 22:05:31,628] {processor.py:171} INFO - Processing /home/leizo/.local/lib/python3.8/site-packages/airflow/example_dags/plugins/workday.py took 0.051 seconds
[2022-06-12 22:06:23,918] {processor.py:163} INFO - Started process (PID=608) to work on /home/leizo/.local/lib/python3.8/site-packages/airflow/example_dags/plugins/workday.py
[2022-06-12 22:06:23,922] {processor.py:642} INFO - Processing file /home/leizo/.local/lib/python3.8/site-packages/airflow/example_dags/plugins/workday.py for tasks to queue
[2022-06-12 22:06:23,924] {logging_mixin.py:109} INFO - [2022-06-12 22:06:23,923] {dagbag.py:500} INFO - Filling up the DagBag from /home/leizo/.local/lib/python3.8/site-packages/airflow/example_dags/plugins/workday.py
[2022-06-12 22:06:23,927] {processor.py:654} WARNING - No viable dags retrieved from /home/leizo/.local/lib/python3.8/site-packages/airflow/example_dags/plugins/workday.py
[2022-06-12 22:06:23,958] {processor.py:171} INFO - Processing /home/leizo/.local/lib/python3.8/site-packages/airflow/example_dags/plugins/workday.py took 0.050 seconds
[2022-06-12 22:07:07,765] {processor.py:163} INFO - Started process (PID=646) to work on /home/leizo/.local/lib/python3.8/site-packages/airflow/example_dags/plugins/workday.py
[2022-06-12 22:07:07,767] {processor.py:642} INFO - Processing file /home/leizo/.local/lib/python3.8/site-packages/airflow/example_dags/plugins/workday.py for tasks to queue
[2022-06-12 22:07:07,768] {logging_mixin.py:109} INFO - [2022-06-12 22:07:07,767] {dagbag.py:500} INFO - Filling up the DagBag from /home/leizo/.local/lib/python3.8/site-packages/airflow/example_dags/plugins/workday.py
[2022-06-12 22:07:07,770] {processor.py:654} WARNING - No viable dags retrieved from /home/leizo/.local/lib/python3.8/site-packages/airflow/example_dags/plugins/workday.py
[2022-06-12 22:07:07,781] {processor.py:171} INFO - Processing /home/leizo/.local/lib/python3.8/site-packages/airflow/example_dags/plugins/workday.py took 0.020 seconds
[2022-06-12 22:07:49,922] {processor.py:163} INFO - Started process (PID=685) to work on /home/leizo/.local/lib/python3.8/site-packages/airflow/example_dags/plugins/workday.py
[2022-06-12 22:07:49,924] {processor.py:642} INFO - Processing file /home/leizo/.local/lib/python3.8/site-packages/airflow/example_dags/plugins/workday.py for tasks to queue
[2022-06-12 22:07:49,925] {logging_mixin.py:109} INFO - [2022-06-12 22:07:49,925] {dagbag.py:500} INFO - Filling up the DagBag from /home/leizo/.local/lib/python3.8/site-packages/airflow/example_dags/plugins/workday.py
[2022-06-12 22:07:49,927] {processor.py:654} WARNING - No viable dags retrieved from /home/leizo/.local/lib/python3.8/site-packages/airflow/example_dags/plugins/workday.py
[2022-06-12 22:07:49,937] {processor.py:171} INFO - Processing /home/leizo/.local/lib/python3.8/site-packages/airflow/example_dags/plugins/workday.py took 0.019 seconds
[2022-06-12 22:08:25,042] {processor.py:163} INFO - Started process (PID=719) to work on /home/leizo/.local/lib/python3.8/site-packages/airflow/example_dags/plugins/workday.py
[2022-06-12 22:08:25,044] {processor.py:642} INFO - Processing file /home/leizo/.local/lib/python3.8/site-packages/airflow/example_dags/plugins/workday.py for tasks to queue
[2022-06-12 22:08:25,045] {logging_mixin.py:109} INFO - [2022-06-12 22:08:25,045] {dagbag.py:500} INFO - Filling up the DagBag from /home/leizo/.local/lib/python3.8/site-packages/airflow/example_dags/plugins/workday.py
[2022-06-12 22:08:25,047] {processor.py:654} WARNING - No viable dags retrieved from /home/leizo/.local/lib/python3.8/site-packages/airflow/example_dags/plugins/workday.py
[2022-06-12 22:08:25,057] {processor.py:171} INFO - Processing /home/leizo/.local/lib/python3.8/site-packages/airflow/example_dags/plugins/workday.py took 0.017 seconds
[2022-06-12 22:09:07,028] {processor.py:163} INFO - Started process (PID=758) to work on /home/leizo/.local/lib/python3.8/site-packages/airflow/example_dags/plugins/workday.py
[2022-06-12 22:09:07,030] {processor.py:642} INFO - Processing file /home/leizo/.local/lib/python3.8/site-packages/airflow/example_dags/plugins/workday.py for tasks to queue
[2022-06-12 22:09:07,030] {logging_mixin.py:109} INFO - [2022-06-12 22:09:07,030] {dagbag.py:500} INFO - Filling up the DagBag from /home/leizo/.local/lib/python3.8/site-packages/airflow/example_dags/plugins/workday.py
[2022-06-12 22:09:07,032] {processor.py:654} WARNING - No viable dags retrieved from /home/leizo/.local/lib/python3.8/site-packages/airflow/example_dags/plugins/workday.py
[2022-06-12 22:09:07,041] {processor.py:171} INFO - Processing /home/leizo/.local/lib/python3.8/site-packages/airflow/example_dags/plugins/workday.py took 0.017 seconds
[2022-06-12 22:09:46,997] {processor.py:163} INFO - Started process (PID=793) to work on /home/leizo/.local/lib/python3.8/site-packages/airflow/example_dags/plugins/workday.py
[2022-06-12 22:09:46,999] {processor.py:642} INFO - Processing file /home/leizo/.local/lib/python3.8/site-packages/airflow/example_dags/plugins/workday.py for tasks to queue
[2022-06-12 22:09:47,000] {logging_mixin.py:109} INFO - [2022-06-12 22:09:46,999] {dagbag.py:500} INFO - Filling up the DagBag from /home/leizo/.local/lib/python3.8/site-packages/airflow/example_dags/plugins/workday.py
[2022-06-12 22:09:47,003] {processor.py:654} WARNING - No viable dags retrieved from /home/leizo/.local/lib/python3.8/site-packages/airflow/example_dags/plugins/workday.py
[2022-06-12 22:09:47,019] {processor.py:171} INFO - Processing /home/leizo/.local/lib/python3.8/site-packages/airflow/example_dags/plugins/workday.py took 0.025 seconds
[2022-06-12 22:10:25,174] {processor.py:163} INFO - Started process (PID=827) to work on /home/leizo/.local/lib/python3.8/site-packages/airflow/example_dags/plugins/workday.py
[2022-06-12 22:10:25,177] {processor.py:642} INFO - Processing file /home/leizo/.local/lib/python3.8/site-packages/airflow/example_dags/plugins/workday.py for tasks to queue
[2022-06-12 22:10:25,178] {logging_mixin.py:109} INFO - [2022-06-12 22:10:25,178] {dagbag.py:500} INFO - Filling up the DagBag from /home/leizo/.local/lib/python3.8/site-packages/airflow/example_dags/plugins/workday.py
[2022-06-12 22:10:25,182] {processor.py:654} WARNING - No viable dags retrieved from /home/leizo/.local/lib/python3.8/site-packages/airflow/example_dags/plugins/workday.py
[2022-06-12 22:10:25,217] {processor.py:171} INFO - Processing /home/leizo/.local/lib/python3.8/site-packages/airflow/example_dags/plugins/workday.py took 0.058 seconds
[2022-06-12 22:11:24,372] {processor.py:163} INFO - Started process (PID=869) to work on /home/leizo/.local/lib/python3.8/site-packages/airflow/example_dags/plugins/workday.py
[2022-06-12 22:11:24,384] {processor.py:642} INFO - Processing file /home/leizo/.local/lib/python3.8/site-packages/airflow/example_dags/plugins/workday.py for tasks to queue
[2022-06-12 22:11:24,385] {logging_mixin.py:109} INFO - [2022-06-12 22:11:24,385] {dagbag.py:500} INFO - Filling up the DagBag from /home/leizo/.local/lib/python3.8/site-packages/airflow/example_dags/plugins/workday.py
[2022-06-12 22:11:24,389] {processor.py:654} WARNING - No viable dags retrieved from /home/leizo/.local/lib/python3.8/site-packages/airflow/example_dags/plugins/workday.py
[2022-06-12 22:11:24,433] {processor.py:171} INFO - Processing /home/leizo/.local/lib/python3.8/site-packages/airflow/example_dags/plugins/workday.py took 0.067 seconds
[2022-06-12 22:12:08,055] {processor.py:163} INFO - Started process (PID=904) to work on /home/leizo/.local/lib/python3.8/site-packages/airflow/example_dags/plugins/workday.py
[2022-06-12 22:12:08,057] {processor.py:642} INFO - Processing file /home/leizo/.local/lib/python3.8/site-packages/airflow/example_dags/plugins/workday.py for tasks to queue
[2022-06-12 22:12:08,058] {logging_mixin.py:109} INFO - [2022-06-12 22:12:08,058] {dagbag.py:500} INFO - Filling up the DagBag from /home/leizo/.local/lib/python3.8/site-packages/airflow/example_dags/plugins/workday.py
[2022-06-12 22:12:08,061] {processor.py:654} WARNING - No viable dags retrieved from /home/leizo/.local/lib/python3.8/site-packages/airflow/example_dags/plugins/workday.py
[2022-06-12 22:12:08,073] {processor.py:171} INFO - Processing /home/leizo/.local/lib/python3.8/site-packages/airflow/example_dags/plugins/workday.py took 0.023 seconds
[2022-06-12 22:12:55,462] {processor.py:163} INFO - Started process (PID=944) to work on /home/leizo/.local/lib/python3.8/site-packages/airflow/example_dags/plugins/workday.py
[2022-06-12 22:12:55,464] {processor.py:642} INFO - Processing file /home/leizo/.local/lib/python3.8/site-packages/airflow/example_dags/plugins/workday.py for tasks to queue
[2022-06-12 22:12:55,465] {logging_mixin.py:109} INFO - [2022-06-12 22:12:55,465] {dagbag.py:500} INFO - Filling up the DagBag from /home/leizo/.local/lib/python3.8/site-packages/airflow/example_dags/plugins/workday.py
[2022-06-12 22:12:55,468] {processor.py:654} WARNING - No viable dags retrieved from /home/leizo/.local/lib/python3.8/site-packages/airflow/example_dags/plugins/workday.py
[2022-06-12 22:12:55,480] {processor.py:171} INFO - Processing /home/leizo/.local/lib/python3.8/site-packages/airflow/example_dags/plugins/workday.py took 0.022 seconds
[2022-06-12 22:13:35,983] {processor.py:163} INFO - Started process (PID=981) to work on /home/leizo/.local/lib/python3.8/site-packages/airflow/example_dags/plugins/workday.py
[2022-06-12 22:13:35,985] {processor.py:642} INFO - Processing file /home/leizo/.local/lib/python3.8/site-packages/airflow/example_dags/plugins/workday.py for tasks to queue
[2022-06-12 22:13:35,986] {logging_mixin.py:109} INFO - [2022-06-12 22:13:35,986] {dagbag.py:500} INFO - Filling up the DagBag from /home/leizo/.local/lib/python3.8/site-packages/airflow/example_dags/plugins/workday.py
[2022-06-12 22:13:35,989] {processor.py:654} WARNING - No viable dags retrieved from /home/leizo/.local/lib/python3.8/site-packages/airflow/example_dags/plugins/workday.py
[2022-06-12 22:13:36,004] {processor.py:171} INFO - Processing /home/leizo/.local/lib/python3.8/site-packages/airflow/example_dags/plugins/workday.py took 0.025 seconds
[2022-06-12 22:14:15,006] {processor.py:163} INFO - Started process (PID=1016) to work on /home/leizo/.local/lib/python3.8/site-packages/airflow/example_dags/plugins/workday.py
[2022-06-12 22:14:15,007] {processor.py:642} INFO - Processing file /home/leizo/.local/lib/python3.8/site-packages/airflow/example_dags/plugins/workday.py for tasks to queue
[2022-06-12 22:14:15,008] {logging_mixin.py:109} INFO - [2022-06-12 22:14:15,008] {dagbag.py:500} INFO - Filling up the DagBag from /home/leizo/.local/lib/python3.8/site-packages/airflow/example_dags/plugins/workday.py
[2022-06-12 22:14:15,009] {processor.py:654} WARNING - No viable dags retrieved from /home/leizo/.local/lib/python3.8/site-packages/airflow/example_dags/plugins/workday.py
[2022-06-12 22:14:15,018] {processor.py:171} INFO - Processing /home/leizo/.local/lib/python3.8/site-packages/airflow/example_dags/plugins/workday.py took 0.015 seconds
[2022-06-12 22:14:51,921] {processor.py:163} INFO - Started process (PID=1053) to work on /home/leizo/.local/lib/python3.8/site-packages/airflow/example_dags/plugins/workday.py
[2022-06-12 22:14:51,922] {processor.py:642} INFO - Processing file /home/leizo/.local/lib/python3.8/site-packages/airflow/example_dags/plugins/workday.py for tasks to queue
[2022-06-12 22:14:51,923] {logging_mixin.py:109} INFO - [2022-06-12 22:14:51,923] {dagbag.py:500} INFO - Filling up the DagBag from /home/leizo/.local/lib/python3.8/site-packages/airflow/example_dags/plugins/workday.py
[2022-06-12 22:14:51,926] {processor.py:654} WARNING - No viable dags retrieved from /home/leizo/.local/lib/python3.8/site-packages/airflow/example_dags/plugins/workday.py
[2022-06-12 22:14:51,932] {processor.py:171} INFO - Processing /home/leizo/.local/lib/python3.8/site-packages/airflow/example_dags/plugins/workday.py took 0.015 seconds
[2022-06-12 22:15:27,918] {processor.py:163} INFO - Started process (PID=1087) to work on /home/leizo/.local/lib/python3.8/site-packages/airflow/example_dags/plugins/workday.py
[2022-06-12 22:15:27,921] {processor.py:642} INFO - Processing file /home/leizo/.local/lib/python3.8/site-packages/airflow/example_dags/plugins/workday.py for tasks to queue
[2022-06-12 22:15:27,921] {logging_mixin.py:109} INFO - [2022-06-12 22:15:27,921] {dagbag.py:500} INFO - Filling up the DagBag from /home/leizo/.local/lib/python3.8/site-packages/airflow/example_dags/plugins/workday.py
[2022-06-12 22:15:27,923] {processor.py:654} WARNING - No viable dags retrieved from /home/leizo/.local/lib/python3.8/site-packages/airflow/example_dags/plugins/workday.py
[2022-06-12 22:15:27,931] {processor.py:171} INFO - Processing /home/leizo/.local/lib/python3.8/site-packages/airflow/example_dags/plugins/workday.py took 0.016 seconds
[2022-06-12 22:16:02,972] {processor.py:163} INFO - Started process (PID=1121) to work on /home/leizo/.local/lib/python3.8/site-packages/airflow/example_dags/plugins/workday.py
[2022-06-12 22:16:02,974] {processor.py:642} INFO - Processing file /home/leizo/.local/lib/python3.8/site-packages/airflow/example_dags/plugins/workday.py for tasks to queue
[2022-06-12 22:16:02,974] {logging_mixin.py:109} INFO - [2022-06-12 22:16:02,974] {dagbag.py:500} INFO - Filling up the DagBag from /home/leizo/.local/lib/python3.8/site-packages/airflow/example_dags/plugins/workday.py
[2022-06-12 22:16:02,976] {processor.py:654} WARNING - No viable dags retrieved from /home/leizo/.local/lib/python3.8/site-packages/airflow/example_dags/plugins/workday.py
[2022-06-12 22:16:02,982] {processor.py:171} INFO - Processing /home/leizo/.local/lib/python3.8/site-packages/airflow/example_dags/plugins/workday.py took 0.013 seconds
[2022-06-12 22:16:42,561] {processor.py:163} INFO - Started process (PID=1159) to work on /home/leizo/.local/lib/python3.8/site-packages/airflow/example_dags/plugins/workday.py
[2022-06-12 22:16:42,563] {processor.py:642} INFO - Processing file /home/leizo/.local/lib/python3.8/site-packages/airflow/example_dags/plugins/workday.py for tasks to queue
[2022-06-12 22:16:42,564] {logging_mixin.py:109} INFO - [2022-06-12 22:16:42,564] {dagbag.py:500} INFO - Filling up the DagBag from /home/leizo/.local/lib/python3.8/site-packages/airflow/example_dags/plugins/workday.py
[2022-06-12 22:16:42,566] {processor.py:654} WARNING - No viable dags retrieved from /home/leizo/.local/lib/python3.8/site-packages/airflow/example_dags/plugins/workday.py
[2022-06-12 22:16:42,574] {processor.py:171} INFO - Processing /home/leizo/.local/lib/python3.8/site-packages/airflow/example_dags/plugins/workday.py took 0.015 seconds
[2022-06-12 22:17:19,563] {processor.py:163} INFO - Started process (PID=1195) to work on /home/leizo/.local/lib/python3.8/site-packages/airflow/example_dags/plugins/workday.py
[2022-06-12 22:17:19,565] {processor.py:642} INFO - Processing file /home/leizo/.local/lib/python3.8/site-packages/airflow/example_dags/plugins/workday.py for tasks to queue
[2022-06-12 22:17:19,566] {logging_mixin.py:109} INFO - [2022-06-12 22:17:19,565] {dagbag.py:500} INFO - Filling up the DagBag from /home/leizo/.local/lib/python3.8/site-packages/airflow/example_dags/plugins/workday.py
[2022-06-12 22:17:19,568] {processor.py:654} WARNING - No viable dags retrieved from /home/leizo/.local/lib/python3.8/site-packages/airflow/example_dags/plugins/workday.py
[2022-06-12 22:17:19,575] {processor.py:171} INFO - Processing /home/leizo/.local/lib/python3.8/site-packages/airflow/example_dags/plugins/workday.py took 0.014 seconds
[2022-06-12 22:17:58,113] {processor.py:163} INFO - Started process (PID=1232) to work on /home/leizo/.local/lib/python3.8/site-packages/airflow/example_dags/plugins/workday.py
[2022-06-12 22:17:58,115] {processor.py:642} INFO - Processing file /home/leizo/.local/lib/python3.8/site-packages/airflow/example_dags/plugins/workday.py for tasks to queue
[2022-06-12 22:17:58,115] {logging_mixin.py:109} INFO - [2022-06-12 22:17:58,115] {dagbag.py:500} INFO - Filling up the DagBag from /home/leizo/.local/lib/python3.8/site-packages/airflow/example_dags/plugins/workday.py
[2022-06-12 22:17:58,117] {processor.py:654} WARNING - No viable dags retrieved from /home/leizo/.local/lib/python3.8/site-packages/airflow/example_dags/plugins/workday.py
[2022-06-12 22:17:58,125] {processor.py:171} INFO - Processing /home/leizo/.local/lib/python3.8/site-packages/airflow/example_dags/plugins/workday.py took 0.014 seconds
[2022-06-12 22:18:34,199] {processor.py:163} INFO - Started process (PID=1267) to work on /home/leizo/.local/lib/python3.8/site-packages/airflow/example_dags/plugins/workday.py
[2022-06-12 22:18:34,201] {processor.py:642} INFO - Processing file /home/leizo/.local/lib/python3.8/site-packages/airflow/example_dags/plugins/workday.py for tasks to queue
[2022-06-12 22:18:34,201] {logging_mixin.py:109} INFO - [2022-06-12 22:18:34,201] {dagbag.py:500} INFO - Filling up the DagBag from /home/leizo/.local/lib/python3.8/site-packages/airflow/example_dags/plugins/workday.py
[2022-06-12 22:18:34,203] {processor.py:654} WARNING - No viable dags retrieved from /home/leizo/.local/lib/python3.8/site-packages/airflow/example_dags/plugins/workday.py
[2022-06-12 22:18:34,210] {processor.py:171} INFO - Processing /home/leizo/.local/lib/python3.8/site-packages/airflow/example_dags/plugins/workday.py took 0.013 seconds
[2022-06-12 22:19:10,007] {processor.py:163} INFO - Started process (PID=1303) to work on /home/leizo/.local/lib/python3.8/site-packages/airflow/example_dags/plugins/workday.py
[2022-06-12 22:19:10,008] {processor.py:642} INFO - Processing file /home/leizo/.local/lib/python3.8/site-packages/airflow/example_dags/plugins/workday.py for tasks to queue
[2022-06-12 22:19:10,009] {logging_mixin.py:109} INFO - [2022-06-12 22:19:10,009] {dagbag.py:500} INFO - Filling up the DagBag from /home/leizo/.local/lib/python3.8/site-packages/airflow/example_dags/plugins/workday.py
[2022-06-12 22:19:10,010] {processor.py:654} WARNING - No viable dags retrieved from /home/leizo/.local/lib/python3.8/site-packages/airflow/example_dags/plugins/workday.py
[2022-06-12 22:19:10,019] {processor.py:171} INFO - Processing /home/leizo/.local/lib/python3.8/site-packages/airflow/example_dags/plugins/workday.py took 0.015 seconds
[2022-06-12 22:19:46,259] {processor.py:163} INFO - Started process (PID=1339) to work on /home/leizo/.local/lib/python3.8/site-packages/airflow/example_dags/plugins/workday.py
[2022-06-12 22:19:46,260] {processor.py:642} INFO - Processing file /home/leizo/.local/lib/python3.8/site-packages/airflow/example_dags/plugins/workday.py for tasks to queue
[2022-06-12 22:19:46,261] {logging_mixin.py:109} INFO - [2022-06-12 22:19:46,261] {dagbag.py:500} INFO - Filling up the DagBag from /home/leizo/.local/lib/python3.8/site-packages/airflow/example_dags/plugins/workday.py
[2022-06-12 22:19:46,262] {processor.py:654} WARNING - No viable dags retrieved from /home/leizo/.local/lib/python3.8/site-packages/airflow/example_dags/plugins/workday.py
[2022-06-12 22:19:46,268] {processor.py:171} INFO - Processing /home/leizo/.local/lib/python3.8/site-packages/airflow/example_dags/plugins/workday.py took 0.011 seconds
[2022-06-12 22:20:22,593] {processor.py:163} INFO - Started process (PID=1375) to work on /home/leizo/.local/lib/python3.8/site-packages/airflow/example_dags/plugins/workday.py
[2022-06-12 22:20:22,594] {processor.py:642} INFO - Processing file /home/leizo/.local/lib/python3.8/site-packages/airflow/example_dags/plugins/workday.py for tasks to queue
[2022-06-12 22:20:22,595] {logging_mixin.py:109} INFO - [2022-06-12 22:20:22,595] {dagbag.py:500} INFO - Filling up the DagBag from /home/leizo/.local/lib/python3.8/site-packages/airflow/example_dags/plugins/workday.py
[2022-06-12 22:20:22,596] {processor.py:654} WARNING - No viable dags retrieved from /home/leizo/.local/lib/python3.8/site-packages/airflow/example_dags/plugins/workday.py
[2022-06-12 22:20:22,603] {processor.py:171} INFO - Processing /home/leizo/.local/lib/python3.8/site-packages/airflow/example_dags/plugins/workday.py took 0.013 seconds
[2022-06-12 22:21:00,410] {processor.py:163} INFO - Started process (PID=1411) to work on /home/leizo/.local/lib/python3.8/site-packages/airflow/example_dags/plugins/workday.py
[2022-06-12 22:21:00,411] {processor.py:642} INFO - Processing file /home/leizo/.local/lib/python3.8/site-packages/airflow/example_dags/plugins/workday.py for tasks to queue
[2022-06-12 22:21:00,412] {logging_mixin.py:109} INFO - [2022-06-12 22:21:00,412] {dagbag.py:500} INFO - Filling up the DagBag from /home/leizo/.local/lib/python3.8/site-packages/airflow/example_dags/plugins/workday.py
[2022-06-12 22:21:00,413] {processor.py:654} WARNING - No viable dags retrieved from /home/leizo/.local/lib/python3.8/site-packages/airflow/example_dags/plugins/workday.py
[2022-06-12 22:21:00,420] {processor.py:171} INFO - Processing /home/leizo/.local/lib/python3.8/site-packages/airflow/example_dags/plugins/workday.py took 0.013 seconds
[2022-06-12 22:21:37,343] {processor.py:163} INFO - Started process (PID=1448) to work on /home/leizo/.local/lib/python3.8/site-packages/airflow/example_dags/plugins/workday.py
[2022-06-12 22:21:37,345] {processor.py:642} INFO - Processing file /home/leizo/.local/lib/python3.8/site-packages/airflow/example_dags/plugins/workday.py for tasks to queue
[2022-06-12 22:21:37,346] {logging_mixin.py:109} INFO - [2022-06-12 22:21:37,346] {dagbag.py:500} INFO - Filling up the DagBag from /home/leizo/.local/lib/python3.8/site-packages/airflow/example_dags/plugins/workday.py
[2022-06-12 22:21:37,347] {processor.py:654} WARNING - No viable dags retrieved from /home/leizo/.local/lib/python3.8/site-packages/airflow/example_dags/plugins/workday.py
[2022-06-12 22:21:37,355] {processor.py:171} INFO - Processing /home/leizo/.local/lib/python3.8/site-packages/airflow/example_dags/plugins/workday.py took 0.015 seconds
[2022-06-12 22:22:12,199] {processor.py:163} INFO - Started process (PID=1482) to work on /home/leizo/.local/lib/python3.8/site-packages/airflow/example_dags/plugins/workday.py
[2022-06-12 22:22:12,200] {processor.py:642} INFO - Processing file /home/leizo/.local/lib/python3.8/site-packages/airflow/example_dags/plugins/workday.py for tasks to queue
[2022-06-12 22:22:12,201] {logging_mixin.py:109} INFO - [2022-06-12 22:22:12,200] {dagbag.py:500} INFO - Filling up the DagBag from /home/leizo/.local/lib/python3.8/site-packages/airflow/example_dags/plugins/workday.py
[2022-06-12 22:22:12,202] {processor.py:654} WARNING - No viable dags retrieved from /home/leizo/.local/lib/python3.8/site-packages/airflow/example_dags/plugins/workday.py
[2022-06-12 22:22:12,208] {processor.py:171} INFO - Processing /home/leizo/.local/lib/python3.8/site-packages/airflow/example_dags/plugins/workday.py took 0.012 seconds
[2022-06-12 22:22:49,478] {processor.py:163} INFO - Started process (PID=1518) to work on /home/leizo/.local/lib/python3.8/site-packages/airflow/example_dags/plugins/workday.py
[2022-06-12 22:22:49,480] {processor.py:642} INFO - Processing file /home/leizo/.local/lib/python3.8/site-packages/airflow/example_dags/plugins/workday.py for tasks to queue
[2022-06-12 22:22:49,480] {logging_mixin.py:109} INFO - [2022-06-12 22:22:49,480] {dagbag.py:500} INFO - Filling up the DagBag from /home/leizo/.local/lib/python3.8/site-packages/airflow/example_dags/plugins/workday.py
[2022-06-12 22:22:49,482] {processor.py:654} WARNING - No viable dags retrieved from /home/leizo/.local/lib/python3.8/site-packages/airflow/example_dags/plugins/workday.py
[2022-06-12 22:22:49,491] {processor.py:171} INFO - Processing /home/leizo/.local/lib/python3.8/site-packages/airflow/example_dags/plugins/workday.py took 0.015 seconds
[2022-06-12 22:23:25,800] {processor.py:163} INFO - Started process (PID=1553) to work on /home/leizo/.local/lib/python3.8/site-packages/airflow/example_dags/plugins/workday.py
[2022-06-12 22:23:25,802] {processor.py:642} INFO - Processing file /home/leizo/.local/lib/python3.8/site-packages/airflow/example_dags/plugins/workday.py for tasks to queue
[2022-06-12 22:23:25,803] {logging_mixin.py:109} INFO - [2022-06-12 22:23:25,803] {dagbag.py:500} INFO - Filling up the DagBag from /home/leizo/.local/lib/python3.8/site-packages/airflow/example_dags/plugins/workday.py
[2022-06-12 22:23:25,804] {processor.py:654} WARNING - No viable dags retrieved from /home/leizo/.local/lib/python3.8/site-packages/airflow/example_dags/plugins/workday.py
[2022-06-12 22:23:25,811] {processor.py:171} INFO - Processing /home/leizo/.local/lib/python3.8/site-packages/airflow/example_dags/plugins/workday.py took 0.015 seconds
[2022-06-12 22:24:08,542] {processor.py:163} INFO - Started process (PID=1655) to work on /home/leizo/.local/lib/python3.8/site-packages/airflow/example_dags/plugins/workday.py
[2022-06-12 22:24:08,545] {processor.py:642} INFO - Processing file /home/leizo/.local/lib/python3.8/site-packages/airflow/example_dags/plugins/workday.py for tasks to queue
[2022-06-12 22:24:08,546] {logging_mixin.py:109} INFO - [2022-06-12 22:24:08,546] {dagbag.py:500} INFO - Filling up the DagBag from /home/leizo/.local/lib/python3.8/site-packages/airflow/example_dags/plugins/workday.py
[2022-06-12 22:24:08,548] {processor.py:654} WARNING - No viable dags retrieved from /home/leizo/.local/lib/python3.8/site-packages/airflow/example_dags/plugins/workday.py
[2022-06-12 22:24:08,559] {processor.py:171} INFO - Processing /home/leizo/.local/lib/python3.8/site-packages/airflow/example_dags/plugins/workday.py took 0.021 seconds
[2022-06-12 22:24:47,729] {processor.py:163} INFO - Started process (PID=1694) to work on /home/leizo/.local/lib/python3.8/site-packages/airflow/example_dags/plugins/workday.py
[2022-06-12 22:24:47,731] {processor.py:642} INFO - Processing file /home/leizo/.local/lib/python3.8/site-packages/airflow/example_dags/plugins/workday.py for tasks to queue
[2022-06-12 22:24:47,732] {logging_mixin.py:109} INFO - [2022-06-12 22:24:47,732] {dagbag.py:500} INFO - Filling up the DagBag from /home/leizo/.local/lib/python3.8/site-packages/airflow/example_dags/plugins/workday.py
[2022-06-12 22:24:47,734] {processor.py:654} WARNING - No viable dags retrieved from /home/leizo/.local/lib/python3.8/site-packages/airflow/example_dags/plugins/workday.py
[2022-06-12 22:24:47,742] {processor.py:171} INFO - Processing /home/leizo/.local/lib/python3.8/site-packages/airflow/example_dags/plugins/workday.py took 0.015 seconds
[2022-06-12 22:25:35,710] {processor.py:163} INFO - Started process (PID=1775) to work on /home/leizo/.local/lib/python3.8/site-packages/airflow/example_dags/plugins/workday.py
[2022-06-12 22:25:35,720] {processor.py:642} INFO - Processing file /home/leizo/.local/lib/python3.8/site-packages/airflow/example_dags/plugins/workday.py for tasks to queue
[2022-06-12 22:25:35,724] {logging_mixin.py:109} INFO - [2022-06-12 22:25:35,723] {dagbag.py:500} INFO - Filling up the DagBag from /home/leizo/.local/lib/python3.8/site-packages/airflow/example_dags/plugins/workday.py
[2022-06-12 22:25:35,735] {processor.py:654} WARNING - No viable dags retrieved from /home/leizo/.local/lib/python3.8/site-packages/airflow/example_dags/plugins/workday.py
[2022-06-12 22:25:35,748] {processor.py:171} INFO - Processing /home/leizo/.local/lib/python3.8/site-packages/airflow/example_dags/plugins/workday.py took 0.054 seconds
[2022-06-12 22:26:24,980] {processor.py:163} INFO - Started process (PID=1819) to work on /home/leizo/.local/lib/python3.8/site-packages/airflow/example_dags/plugins/workday.py
[2022-06-12 22:26:24,983] {processor.py:642} INFO - Processing file /home/leizo/.local/lib/python3.8/site-packages/airflow/example_dags/plugins/workday.py for tasks to queue
[2022-06-12 22:26:24,984] {logging_mixin.py:109} INFO - [2022-06-12 22:26:24,984] {dagbag.py:500} INFO - Filling up the DagBag from /home/leizo/.local/lib/python3.8/site-packages/airflow/example_dags/plugins/workday.py
[2022-06-12 22:26:24,988] {processor.py:654} WARNING - No viable dags retrieved from /home/leizo/.local/lib/python3.8/site-packages/airflow/example_dags/plugins/workday.py
[2022-06-12 22:26:25,001] {processor.py:171} INFO - Processing /home/leizo/.local/lib/python3.8/site-packages/airflow/example_dags/plugins/workday.py took 0.025 seconds
[2022-06-12 22:27:22,766] {processor.py:163} INFO - Started process (PID=1886) to work on /home/leizo/.local/lib/python3.8/site-packages/airflow/example_dags/plugins/workday.py
[2022-06-12 22:27:22,769] {processor.py:642} INFO - Processing file /home/leizo/.local/lib/python3.8/site-packages/airflow/example_dags/plugins/workday.py for tasks to queue
[2022-06-12 22:27:22,770] {logging_mixin.py:109} INFO - [2022-06-12 22:27:22,770] {dagbag.py:500} INFO - Filling up the DagBag from /home/leizo/.local/lib/python3.8/site-packages/airflow/example_dags/plugins/workday.py
[2022-06-12 22:27:22,774] {processor.py:654} WARNING - No viable dags retrieved from /home/leizo/.local/lib/python3.8/site-packages/airflow/example_dags/plugins/workday.py
[2022-06-12 22:27:22,792] {processor.py:171} INFO - Processing /home/leizo/.local/lib/python3.8/site-packages/airflow/example_dags/plugins/workday.py took 0.031 seconds
[2022-06-12 22:28:32,657] {processor.py:163} INFO - Started process (PID=1975) to work on /home/leizo/.local/lib/python3.8/site-packages/airflow/example_dags/plugins/workday.py
[2022-06-12 22:28:32,660] {processor.py:642} INFO - Processing file /home/leizo/.local/lib/python3.8/site-packages/airflow/example_dags/plugins/workday.py for tasks to queue
[2022-06-12 22:28:32,661] {logging_mixin.py:109} INFO - [2022-06-12 22:28:32,661] {dagbag.py:500} INFO - Filling up the DagBag from /home/leizo/.local/lib/python3.8/site-packages/airflow/example_dags/plugins/workday.py
[2022-06-12 22:28:32,664] {processor.py:654} WARNING - No viable dags retrieved from /home/leizo/.local/lib/python3.8/site-packages/airflow/example_dags/plugins/workday.py
[2022-06-12 22:28:32,674] {processor.py:171} INFO - Processing /home/leizo/.local/lib/python3.8/site-packages/airflow/example_dags/plugins/workday.py took 0.022 seconds
[2022-06-12 22:29:15,735] {processor.py:163} INFO - Started process (PID=2088) to work on /home/leizo/.local/lib/python3.8/site-packages/airflow/example_dags/plugins/workday.py
[2022-06-12 22:29:15,737] {processor.py:642} INFO - Processing file /home/leizo/.local/lib/python3.8/site-packages/airflow/example_dags/plugins/workday.py for tasks to queue
[2022-06-12 22:29:15,738] {logging_mixin.py:109} INFO - [2022-06-12 22:29:15,738] {dagbag.py:500} INFO - Filling up the DagBag from /home/leizo/.local/lib/python3.8/site-packages/airflow/example_dags/plugins/workday.py
[2022-06-12 22:29:15,740] {processor.py:654} WARNING - No viable dags retrieved from /home/leizo/.local/lib/python3.8/site-packages/airflow/example_dags/plugins/workday.py
[2022-06-12 22:29:15,753] {processor.py:171} INFO - Processing /home/leizo/.local/lib/python3.8/site-packages/airflow/example_dags/plugins/workday.py took 0.023 seconds
[2022-06-12 22:30:01,587] {processor.py:163} INFO - Started process (PID=2191) to work on /home/leizo/.local/lib/python3.8/site-packages/airflow/example_dags/plugins/workday.py
[2022-06-12 22:30:01,590] {processor.py:642} INFO - Processing file /home/leizo/.local/lib/python3.8/site-packages/airflow/example_dags/plugins/workday.py for tasks to queue
[2022-06-12 22:30:01,591] {logging_mixin.py:109} INFO - [2022-06-12 22:30:01,590] {dagbag.py:500} INFO - Filling up the DagBag from /home/leizo/.local/lib/python3.8/site-packages/airflow/example_dags/plugins/workday.py
[2022-06-12 22:30:01,593] {processor.py:654} WARNING - No viable dags retrieved from /home/leizo/.local/lib/python3.8/site-packages/airflow/example_dags/plugins/workday.py
[2022-06-12 22:30:01,600] {processor.py:171} INFO - Processing /home/leizo/.local/lib/python3.8/site-packages/airflow/example_dags/plugins/workday.py took 0.015 seconds
[2022-06-12 22:30:49,762] {processor.py:163} INFO - Started process (PID=2301) to work on /home/leizo/.local/lib/python3.8/site-packages/airflow/example_dags/plugins/workday.py
[2022-06-12 22:30:49,764] {processor.py:642} INFO - Processing file /home/leizo/.local/lib/python3.8/site-packages/airflow/example_dags/plugins/workday.py for tasks to queue
[2022-06-12 22:30:49,765] {logging_mixin.py:109} INFO - [2022-06-12 22:30:49,765] {dagbag.py:500} INFO - Filling up the DagBag from /home/leizo/.local/lib/python3.8/site-packages/airflow/example_dags/plugins/workday.py
[2022-06-12 22:30:49,767] {processor.py:654} WARNING - No viable dags retrieved from /home/leizo/.local/lib/python3.8/site-packages/airflow/example_dags/plugins/workday.py
[2022-06-12 22:30:49,781] {processor.py:171} INFO - Processing /home/leizo/.local/lib/python3.8/site-packages/airflow/example_dags/plugins/workday.py took 0.023 seconds
[2022-06-12 22:31:32,299] {processor.py:163} INFO - Started process (PID=2427) to work on /home/leizo/.local/lib/python3.8/site-packages/airflow/example_dags/plugins/workday.py
[2022-06-12 22:31:32,304] {processor.py:642} INFO - Processing file /home/leizo/.local/lib/python3.8/site-packages/airflow/example_dags/plugins/workday.py for tasks to queue
[2022-06-12 22:31:32,305] {logging_mixin.py:109} INFO - [2022-06-12 22:31:32,305] {dagbag.py:500} INFO - Filling up the DagBag from /home/leizo/.local/lib/python3.8/site-packages/airflow/example_dags/plugins/workday.py
[2022-06-12 22:31:32,310] {processor.py:654} WARNING - No viable dags retrieved from /home/leizo/.local/lib/python3.8/site-packages/airflow/example_dags/plugins/workday.py
[2022-06-12 22:31:32,324] {processor.py:171} INFO - Processing /home/leizo/.local/lib/python3.8/site-packages/airflow/example_dags/plugins/workday.py took 0.029 seconds
[2022-06-12 22:32:13,612] {processor.py:163} INFO - Started process (PID=2486) to work on /home/leizo/.local/lib/python3.8/site-packages/airflow/example_dags/plugins/workday.py
[2022-06-12 22:32:13,615] {processor.py:642} INFO - Processing file /home/leizo/.local/lib/python3.8/site-packages/airflow/example_dags/plugins/workday.py for tasks to queue
[2022-06-12 22:32:13,616] {logging_mixin.py:109} INFO - [2022-06-12 22:32:13,616] {dagbag.py:500} INFO - Filling up the DagBag from /home/leizo/.local/lib/python3.8/site-packages/airflow/example_dags/plugins/workday.py
[2022-06-12 22:32:13,617] {processor.py:654} WARNING - No viable dags retrieved from /home/leizo/.local/lib/python3.8/site-packages/airflow/example_dags/plugins/workday.py
[2022-06-12 22:32:13,623] {processor.py:171} INFO - Processing /home/leizo/.local/lib/python3.8/site-packages/airflow/example_dags/plugins/workday.py took 0.013 seconds
[2022-06-12 22:32:54,468] {processor.py:163} INFO - Started process (PID=2557) to work on /home/leizo/.local/lib/python3.8/site-packages/airflow/example_dags/plugins/workday.py
[2022-06-12 22:32:54,471] {processor.py:642} INFO - Processing file /home/leizo/.local/lib/python3.8/site-packages/airflow/example_dags/plugins/workday.py for tasks to queue
[2022-06-12 22:32:54,471] {logging_mixin.py:109} INFO - [2022-06-12 22:32:54,471] {dagbag.py:500} INFO - Filling up the DagBag from /home/leizo/.local/lib/python3.8/site-packages/airflow/example_dags/plugins/workday.py
[2022-06-12 22:32:54,473] {processor.py:654} WARNING - No viable dags retrieved from /home/leizo/.local/lib/python3.8/site-packages/airflow/example_dags/plugins/workday.py
[2022-06-12 22:32:54,479] {processor.py:171} INFO - Processing /home/leizo/.local/lib/python3.8/site-packages/airflow/example_dags/plugins/workday.py took 0.013 seconds
[2022-06-12 22:33:35,726] {processor.py:163} INFO - Started process (PID=2649) to work on /home/leizo/.local/lib/python3.8/site-packages/airflow/example_dags/plugins/workday.py
[2022-06-12 22:33:35,728] {processor.py:642} INFO - Processing file /home/leizo/.local/lib/python3.8/site-packages/airflow/example_dags/plugins/workday.py for tasks to queue
[2022-06-12 22:33:35,729] {logging_mixin.py:109} INFO - [2022-06-12 22:33:35,728] {dagbag.py:500} INFO - Filling up the DagBag from /home/leizo/.local/lib/python3.8/site-packages/airflow/example_dags/plugins/workday.py
[2022-06-12 22:33:35,731] {processor.py:654} WARNING - No viable dags retrieved from /home/leizo/.local/lib/python3.8/site-packages/airflow/example_dags/plugins/workday.py
[2022-06-12 22:33:35,740] {processor.py:171} INFO - Processing /home/leizo/.local/lib/python3.8/site-packages/airflow/example_dags/plugins/workday.py took 0.017 seconds
[2022-06-12 22:34:16,050] {processor.py:163} INFO - Started process (PID=2723) to work on /home/leizo/.local/lib/python3.8/site-packages/airflow/example_dags/plugins/workday.py
[2022-06-12 22:34:16,052] {processor.py:642} INFO - Processing file /home/leizo/.local/lib/python3.8/site-packages/airflow/example_dags/plugins/workday.py for tasks to queue
[2022-06-12 22:34:16,052] {logging_mixin.py:109} INFO - [2022-06-12 22:34:16,052] {dagbag.py:500} INFO - Filling up the DagBag from /home/leizo/.local/lib/python3.8/site-packages/airflow/example_dags/plugins/workday.py
[2022-06-12 22:34:16,054] {processor.py:654} WARNING - No viable dags retrieved from /home/leizo/.local/lib/python3.8/site-packages/airflow/example_dags/plugins/workday.py
[2022-06-12 22:34:16,062] {processor.py:171} INFO - Processing /home/leizo/.local/lib/python3.8/site-packages/airflow/example_dags/plugins/workday.py took 0.015 seconds
[2022-06-12 22:34:56,687] {processor.py:163} INFO - Started process (PID=2787) to work on /home/leizo/.local/lib/python3.8/site-packages/airflow/example_dags/plugins/workday.py
[2022-06-12 22:34:56,689] {processor.py:642} INFO - Processing file /home/leizo/.local/lib/python3.8/site-packages/airflow/example_dags/plugins/workday.py for tasks to queue
[2022-06-12 22:34:56,690] {logging_mixin.py:109} INFO - [2022-06-12 22:34:56,690] {dagbag.py:500} INFO - Filling up the DagBag from /home/leizo/.local/lib/python3.8/site-packages/airflow/example_dags/plugins/workday.py
[2022-06-12 22:34:56,693] {processor.py:654} WARNING - No viable dags retrieved from /home/leizo/.local/lib/python3.8/site-packages/airflow/example_dags/plugins/workday.py
[2022-06-12 22:34:56,705] {processor.py:171} INFO - Processing /home/leizo/.local/lib/python3.8/site-packages/airflow/example_dags/plugins/workday.py took 0.027 seconds
[2022-06-12 22:35:40,522] {processor.py:163} INFO - Started process (PID=2882) to work on /home/leizo/.local/lib/python3.8/site-packages/airflow/example_dags/plugins/workday.py
[2022-06-12 22:35:40,526] {processor.py:642} INFO - Processing file /home/leizo/.local/lib/python3.8/site-packages/airflow/example_dags/plugins/workday.py for tasks to queue
[2022-06-12 22:35:40,527] {logging_mixin.py:109} INFO - [2022-06-12 22:35:40,527] {dagbag.py:500} INFO - Filling up the DagBag from /home/leizo/.local/lib/python3.8/site-packages/airflow/example_dags/plugins/workday.py
[2022-06-12 22:35:40,531] {processor.py:654} WARNING - No viable dags retrieved from /home/leizo/.local/lib/python3.8/site-packages/airflow/example_dags/plugins/workday.py
[2022-06-12 22:35:40,552] {processor.py:171} INFO - Processing /home/leizo/.local/lib/python3.8/site-packages/airflow/example_dags/plugins/workday.py took 0.046 seconds
[2022-06-12 22:36:22,230] {processor.py:163} INFO - Started process (PID=2954) to work on /home/leizo/.local/lib/python3.8/site-packages/airflow/example_dags/plugins/workday.py
[2022-06-12 22:36:22,232] {processor.py:642} INFO - Processing file /home/leizo/.local/lib/python3.8/site-packages/airflow/example_dags/plugins/workday.py for tasks to queue
[2022-06-12 22:36:22,234] {logging_mixin.py:109} INFO - [2022-06-12 22:36:22,234] {dagbag.py:500} INFO - Filling up the DagBag from /home/leizo/.local/lib/python3.8/site-packages/airflow/example_dags/plugins/workday.py
[2022-06-12 22:36:22,237] {processor.py:654} WARNING - No viable dags retrieved from /home/leizo/.local/lib/python3.8/site-packages/airflow/example_dags/plugins/workday.py
[2022-06-12 22:36:22,253] {processor.py:171} INFO - Processing /home/leizo/.local/lib/python3.8/site-packages/airflow/example_dags/plugins/workday.py took 0.028 seconds
[2022-06-12 22:37:03,887] {processor.py:163} INFO - Started process (PID=3041) to work on /home/leizo/.local/lib/python3.8/site-packages/airflow/example_dags/plugins/workday.py
[2022-06-12 22:37:03,889] {processor.py:642} INFO - Processing file /home/leizo/.local/lib/python3.8/site-packages/airflow/example_dags/plugins/workday.py for tasks to queue
[2022-06-12 22:37:03,890] {logging_mixin.py:109} INFO - [2022-06-12 22:37:03,889] {dagbag.py:500} INFO - Filling up the DagBag from /home/leizo/.local/lib/python3.8/site-packages/airflow/example_dags/plugins/workday.py
[2022-06-12 22:37:03,891] {processor.py:654} WARNING - No viable dags retrieved from /home/leizo/.local/lib/python3.8/site-packages/airflow/example_dags/plugins/workday.py
[2022-06-12 22:37:03,900] {processor.py:171} INFO - Processing /home/leizo/.local/lib/python3.8/site-packages/airflow/example_dags/plugins/workday.py took 0.016 seconds
[2022-06-12 22:37:45,144] {processor.py:163} INFO - Started process (PID=3081) to work on /home/leizo/.local/lib/python3.8/site-packages/airflow/example_dags/plugins/workday.py
[2022-06-12 22:37:45,146] {processor.py:642} INFO - Processing file /home/leizo/.local/lib/python3.8/site-packages/airflow/example_dags/plugins/workday.py for tasks to queue
[2022-06-12 22:37:45,147] {logging_mixin.py:109} INFO - [2022-06-12 22:37:45,147] {dagbag.py:500} INFO - Filling up the DagBag from /home/leizo/.local/lib/python3.8/site-packages/airflow/example_dags/plugins/workday.py
[2022-06-12 22:37:45,149] {processor.py:654} WARNING - No viable dags retrieved from /home/leizo/.local/lib/python3.8/site-packages/airflow/example_dags/plugins/workday.py
[2022-06-12 22:37:45,157] {processor.py:171} INFO - Processing /home/leizo/.local/lib/python3.8/site-packages/airflow/example_dags/plugins/workday.py took 0.017 seconds
[2022-06-12 22:38:28,596] {processor.py:163} INFO - Started process (PID=3121) to work on /home/leizo/.local/lib/python3.8/site-packages/airflow/example_dags/plugins/workday.py
[2022-06-12 22:38:28,599] {processor.py:642} INFO - Processing file /home/leizo/.local/lib/python3.8/site-packages/airflow/example_dags/plugins/workday.py for tasks to queue
[2022-06-12 22:38:28,601] {logging_mixin.py:109} INFO - [2022-06-12 22:38:28,600] {dagbag.py:500} INFO - Filling up the DagBag from /home/leizo/.local/lib/python3.8/site-packages/airflow/example_dags/plugins/workday.py
[2022-06-12 22:38:28,603] {processor.py:654} WARNING - No viable dags retrieved from /home/leizo/.local/lib/python3.8/site-packages/airflow/example_dags/plugins/workday.py
[2022-06-12 22:38:28,618] {processor.py:171} INFO - Processing /home/leizo/.local/lib/python3.8/site-packages/airflow/example_dags/plugins/workday.py took 0.027 seconds
[2022-06-12 22:39:11,404] {processor.py:163} INFO - Started process (PID=3225) to work on /home/leizo/.local/lib/python3.8/site-packages/airflow/example_dags/plugins/workday.py
[2022-06-12 22:39:11,407] {processor.py:642} INFO - Processing file /home/leizo/.local/lib/python3.8/site-packages/airflow/example_dags/plugins/workday.py for tasks to queue
[2022-06-12 22:39:11,407] {logging_mixin.py:109} INFO - [2022-06-12 22:39:11,407] {dagbag.py:500} INFO - Filling up the DagBag from /home/leizo/.local/lib/python3.8/site-packages/airflow/example_dags/plugins/workday.py
[2022-06-12 22:39:11,410] {processor.py:654} WARNING - No viable dags retrieved from /home/leizo/.local/lib/python3.8/site-packages/airflow/example_dags/plugins/workday.py
[2022-06-12 22:39:11,420] {processor.py:171} INFO - Processing /home/leizo/.local/lib/python3.8/site-packages/airflow/example_dags/plugins/workday.py took 0.020 seconds
[2022-06-12 22:39:54,277] {processor.py:163} INFO - Started process (PID=3268) to work on /home/leizo/.local/lib/python3.8/site-packages/airflow/example_dags/plugins/workday.py
[2022-06-12 22:39:54,279] {processor.py:642} INFO - Processing file /home/leizo/.local/lib/python3.8/site-packages/airflow/example_dags/plugins/workday.py for tasks to queue
[2022-06-12 22:39:54,279] {logging_mixin.py:109} INFO - [2022-06-12 22:39:54,279] {dagbag.py:500} INFO - Filling up the DagBag from /home/leizo/.local/lib/python3.8/site-packages/airflow/example_dags/plugins/workday.py
[2022-06-12 22:39:54,281] {processor.py:654} WARNING - No viable dags retrieved from /home/leizo/.local/lib/python3.8/site-packages/airflow/example_dags/plugins/workday.py
[2022-06-12 22:39:54,291] {processor.py:171} INFO - Processing /home/leizo/.local/lib/python3.8/site-packages/airflow/example_dags/plugins/workday.py took 0.018 seconds
