[2022-06-12 22:27:38,506] {taskinstance.py:1043} INFO - Dependencies all met for <TaskInstance: my_first_dag.fetch_data_from_spotify manual__2022-06-12T20:27:27.024916+00:00 [queued]>
[2022-06-12 22:27:38,514] {taskinstance.py:1043} INFO - Dependencies all met for <TaskInstance: my_first_dag.fetch_data_from_spotify manual__2022-06-12T20:27:27.024916+00:00 [queued]>
[2022-06-12 22:27:38,515] {taskinstance.py:1249} INFO - 
--------------------------------------------------------------------------------
[2022-06-12 22:27:38,515] {taskinstance.py:1250} INFO - Starting attempt 1 of 2
[2022-06-12 22:27:38,515] {taskinstance.py:1251} INFO - 
--------------------------------------------------------------------------------
[2022-06-12 22:27:38,530] {taskinstance.py:1270} INFO - Executing <Task(PythonOperator): fetch_data_from_spotify> on 2022-06-12 20:27:27.024916+00:00
[2022-06-12 22:27:38,533] {standard_task_runner.py:52} INFO - Started process 1900 to run task
[2022-06-12 22:27:38,539] {standard_task_runner.py:79} INFO - Running: ['airflow', 'tasks', 'run', 'my_first_dag', 'fetch_data_from_spotify', 'manual__2022-06-12T20:27:27.024916+00:00', '--job-id', '7', '--raw', '--subdir', 'DAGS_FOLDER/my_first_dag.py', '--cfg-path', '/tmp/tmp3qx_mvz0', '--error-file', '/tmp/tmp2ymx8uzk']
[2022-06-12 22:27:38,540] {standard_task_runner.py:80} INFO - Job 7: Subtask fetch_data_from_spotify
[2022-06-12 22:27:38,606] {logging_mixin.py:109} INFO - Running <TaskInstance: my_first_dag.fetch_data_from_spotify manual__2022-06-12T20:27:27.024916+00:00 [running]> on host LAPTOP-M1F9EL62.localdomain
[2022-06-12 22:27:38,673] {taskinstance.py:1446} INFO - Exporting the following env vars:
AIRFLOW_CTX_DAG_EMAIL=airflow@example.com
AIRFLOW_CTX_DAG_OWNER=airflow
AIRFLOW_CTX_DAG_ID=my_first_dag
AIRFLOW_CTX_TASK_ID=fetch_data_from_spotify
AIRFLOW_CTX_EXECUTION_DATE=2022-06-12T20:27:27.024916+00:00
AIRFLOW_CTX_DAG_RUN_ID=manual__2022-06-12T20:27:27.024916+00:00
[2022-06-12 22:27:39,157] {logging_mixin.py:109} INFO - Writing here:  /home/leizo/datalake/raw/spotify/Playlists/DailyMix1/20220612/
[2022-06-12 22:27:39,813] {logging_mixin.py:109} INFO - Writing here:  /home/leizo/datalake/raw/spotify/Playlists/DailyMix2/20220612/
[2022-06-12 22:27:40,149] {logging_mixin.py:109} INFO - Writing here:  /home/leizo/datalake/raw/spotify/Playlists/DailyMix3/20220612/
[2022-06-12 22:27:40,503] {logging_mixin.py:109} INFO - Writing here:  /home/leizo/datalake/raw/spotify/Playlists/DailyMix4/20220612/
[2022-06-12 22:27:40,829] {logging_mixin.py:109} INFO - Writing here:  /home/leizo/datalake/raw/spotify/Playlists/DailyMix5/20220612/
[2022-06-12 22:27:41,182] {logging_mixin.py:109} INFO - Writing here:  /home/leizo/datalake/raw/spotify/Playlists/DailyMix6/20220612/
[2022-06-12 22:27:41,344] {logging_mixin.py:109} INFO - Writing here:  /home/leizo/datalake/raw/spotify/Artists/MelanieMartinez/20220612/
[2022-06-12 22:27:41,513] {logging_mixin.py:109} INFO - Writing here:  /home/leizo/datalake/raw/spotify/Artists/Maneskin/20220612/
[2022-06-12 22:27:41,514] {python.py:175} INFO - Done. Returned value was: None
[2022-06-12 22:27:41,528] {taskinstance.py:1278} INFO - Marking task as SUCCESS. dag_id=my_first_dag, task_id=fetch_data_from_spotify, execution_date=20220612T202727, start_date=20220612T202738, end_date=20220612T202741
[2022-06-12 22:27:41,569] {local_task_job.py:154} INFO - Task exited with return code 0
[2022-06-12 22:27:41,618] {local_task_job.py:264} INFO - 1 downstream tasks scheduled from follow-on schedule check
