[2022-06-12 21:59:44,569] {processor.py:163} INFO - Started process (PID=151) to work on /home/leizo/.local/lib/python3.8/site-packages/airflow/example_dags/example_latest_only.py
[2022-06-12 21:59:44,572] {processor.py:642} INFO - Processing file /home/leizo/.local/lib/python3.8/site-packages/airflow/example_dags/example_latest_only.py for tasks to queue
[2022-06-12 21:59:44,573] {logging_mixin.py:109} INFO - [2022-06-12 21:59:44,573] {dagbag.py:500} INFO - Filling up the DagBag from /home/leizo/.local/lib/python3.8/site-packages/airflow/example_dags/example_latest_only.py
[2022-06-12 21:59:44,667] {processor.py:652} INFO - DAG(s) dict_keys(['latest_only']) retrieved from /home/leizo/.local/lib/python3.8/site-packages/airflow/example_dags/example_latest_only.py
[2022-06-12 21:59:44,724] {logging_mixin.py:109} INFO - [2022-06-12 21:59:44,724] {dag.py:2398} INFO - Sync 1 DAGs
[2022-06-12 21:59:44,795] {logging_mixin.py:109} INFO - [2022-06-12 21:59:44,794] {dag.py:2937} INFO - Setting next_dagrun for latest_only to 2022-06-12T15:59:44.793541+00:00
[2022-06-12 21:59:44,858] {processor.py:171} INFO - Processing /home/leizo/.local/lib/python3.8/site-packages/airflow/example_dags/example_latest_only.py took 0.303 seconds
[2022-06-12 22:00:31,934] {processor.py:163} INFO - Started process (PID=185) to work on /home/leizo/.local/lib/python3.8/site-packages/airflow/example_dags/example_latest_only.py
[2022-06-12 22:00:31,944] {processor.py:642} INFO - Processing file /home/leizo/.local/lib/python3.8/site-packages/airflow/example_dags/example_latest_only.py for tasks to queue
[2022-06-12 22:00:31,945] {logging_mixin.py:109} INFO - [2022-06-12 22:00:31,945] {dagbag.py:500} INFO - Filling up the DagBag from /home/leizo/.local/lib/python3.8/site-packages/airflow/example_dags/example_latest_only.py
[2022-06-12 22:00:32,003] {processor.py:652} INFO - DAG(s) dict_keys(['latest_only']) retrieved from /home/leizo/.local/lib/python3.8/site-packages/airflow/example_dags/example_latest_only.py
[2022-06-12 22:00:32,066] {logging_mixin.py:109} INFO - [2022-06-12 22:00:32,065] {dag.py:2398} INFO - Sync 1 DAGs
[2022-06-12 22:00:32,139] {logging_mixin.py:109} INFO - [2022-06-12 22:00:32,139] {dag.py:2937} INFO - Setting next_dagrun for latest_only to 2022-06-12T16:00:32.135335+00:00
[2022-06-12 22:00:32,192] {processor.py:171} INFO - Processing /home/leizo/.local/lib/python3.8/site-packages/airflow/example_dags/example_latest_only.py took 0.273 seconds
[2022-06-12 22:01:22,009] {processor.py:163} INFO - Started process (PID=219) to work on /home/leizo/.local/lib/python3.8/site-packages/airflow/example_dags/example_latest_only.py
[2022-06-12 22:01:22,011] {processor.py:642} INFO - Processing file /home/leizo/.local/lib/python3.8/site-packages/airflow/example_dags/example_latest_only.py for tasks to queue
[2022-06-12 22:01:22,015] {logging_mixin.py:109} INFO - [2022-06-12 22:01:22,013] {dagbag.py:500} INFO - Filling up the DagBag from /home/leizo/.local/lib/python3.8/site-packages/airflow/example_dags/example_latest_only.py
[2022-06-12 22:01:22,055] {processor.py:652} INFO - DAG(s) dict_keys(['latest_only']) retrieved from /home/leizo/.local/lib/python3.8/site-packages/airflow/example_dags/example_latest_only.py
[2022-06-12 22:01:22,081] {logging_mixin.py:109} INFO - [2022-06-12 22:01:22,081] {dag.py:2398} INFO - Sync 1 DAGs
[2022-06-12 22:01:22,110] {logging_mixin.py:109} INFO - [2022-06-12 22:01:22,110] {dag.py:2937} INFO - Setting next_dagrun for latest_only to 2022-06-12T16:01:22.109729+00:00
[2022-06-12 22:01:22,131] {processor.py:171} INFO - Processing /home/leizo/.local/lib/python3.8/site-packages/airflow/example_dags/example_latest_only.py took 0.131 seconds
[2022-06-12 22:02:09,497] {processor.py:163} INFO - Started process (PID=256) to work on /home/leizo/.local/lib/python3.8/site-packages/airflow/example_dags/example_latest_only.py
[2022-06-12 22:02:09,501] {processor.py:642} INFO - Processing file /home/leizo/.local/lib/python3.8/site-packages/airflow/example_dags/example_latest_only.py for tasks to queue
[2022-06-12 22:02:09,502] {logging_mixin.py:109} INFO - [2022-06-12 22:02:09,502] {dagbag.py:500} INFO - Filling up the DagBag from /home/leizo/.local/lib/python3.8/site-packages/airflow/example_dags/example_latest_only.py
[2022-06-12 22:02:09,531] {processor.py:652} INFO - DAG(s) dict_keys(['latest_only']) retrieved from /home/leizo/.local/lib/python3.8/site-packages/airflow/example_dags/example_latest_only.py
[2022-06-12 22:02:09,558] {logging_mixin.py:109} INFO - [2022-06-12 22:02:09,557] {dag.py:2398} INFO - Sync 1 DAGs
[2022-06-12 22:02:09,583] {logging_mixin.py:109} INFO - [2022-06-12 22:02:09,583] {dag.py:2937} INFO - Setting next_dagrun for latest_only to 2022-06-12T16:02:09.582953+00:00
[2022-06-12 22:02:09,605] {processor.py:171} INFO - Processing /home/leizo/.local/lib/python3.8/site-packages/airflow/example_dags/example_latest_only.py took 0.112 seconds
[2022-06-12 22:02:50,448] {processor.py:163} INFO - Started process (PID=290) to work on /home/leizo/.local/lib/python3.8/site-packages/airflow/example_dags/example_latest_only.py
[2022-06-12 22:02:50,450] {processor.py:642} INFO - Processing file /home/leizo/.local/lib/python3.8/site-packages/airflow/example_dags/example_latest_only.py for tasks to queue
[2022-06-12 22:02:50,451] {logging_mixin.py:109} INFO - [2022-06-12 22:02:50,451] {dagbag.py:500} INFO - Filling up the DagBag from /home/leizo/.local/lib/python3.8/site-packages/airflow/example_dags/example_latest_only.py
[2022-06-12 22:02:50,479] {processor.py:652} INFO - DAG(s) dict_keys(['latest_only']) retrieved from /home/leizo/.local/lib/python3.8/site-packages/airflow/example_dags/example_latest_only.py
[2022-06-12 22:02:50,496] {logging_mixin.py:109} INFO - [2022-06-12 22:02:50,496] {dag.py:2398} INFO - Sync 1 DAGs
[2022-06-12 22:02:50,525] {logging_mixin.py:109} INFO - [2022-06-12 22:02:50,525] {dag.py:2937} INFO - Setting next_dagrun for latest_only to 2022-06-12T16:02:50.524728+00:00
[2022-06-12 22:02:50,540] {processor.py:171} INFO - Processing /home/leizo/.local/lib/python3.8/site-packages/airflow/example_dags/example_latest_only.py took 0.096 seconds
[2022-06-12 22:03:26,747] {processor.py:163} INFO - Started process (PID=320) to work on /home/leizo/.local/lib/python3.8/site-packages/airflow/example_dags/example_latest_only.py
[2022-06-12 22:03:26,751] {processor.py:642} INFO - Processing file /home/leizo/.local/lib/python3.8/site-packages/airflow/example_dags/example_latest_only.py for tasks to queue
[2022-06-12 22:03:26,752] {logging_mixin.py:109} INFO - [2022-06-12 22:03:26,752] {dagbag.py:500} INFO - Filling up the DagBag from /home/leizo/.local/lib/python3.8/site-packages/airflow/example_dags/example_latest_only.py
[2022-06-12 22:03:26,793] {processor.py:652} INFO - DAG(s) dict_keys(['latest_only']) retrieved from /home/leizo/.local/lib/python3.8/site-packages/airflow/example_dags/example_latest_only.py
[2022-06-12 22:03:26,828] {logging_mixin.py:109} INFO - [2022-06-12 22:03:26,828] {dag.py:2398} INFO - Sync 1 DAGs
[2022-06-12 22:03:26,869] {logging_mixin.py:109} INFO - [2022-06-12 22:03:26,869] {dag.py:2937} INFO - Setting next_dagrun for latest_only to 2022-06-12T16:03:26.868011+00:00
[2022-06-12 22:03:26,914] {processor.py:171} INFO - Processing /home/leizo/.local/lib/python3.8/site-packages/airflow/example_dags/example_latest_only.py took 0.183 seconds
[2022-06-12 22:04:07,807] {processor.py:163} INFO - Started process (PID=351) to work on /home/leizo/.local/lib/python3.8/site-packages/airflow/example_dags/example_latest_only.py
[2022-06-12 22:04:07,812] {processor.py:642} INFO - Processing file /home/leizo/.local/lib/python3.8/site-packages/airflow/example_dags/example_latest_only.py for tasks to queue
[2022-06-12 22:04:07,813] {logging_mixin.py:109} INFO - [2022-06-12 22:04:07,813] {dagbag.py:500} INFO - Filling up the DagBag from /home/leizo/.local/lib/python3.8/site-packages/airflow/example_dags/example_latest_only.py
[2022-06-12 22:04:07,875] {processor.py:652} INFO - DAG(s) dict_keys(['latest_only']) retrieved from /home/leizo/.local/lib/python3.8/site-packages/airflow/example_dags/example_latest_only.py
[2022-06-12 22:04:07,933] {logging_mixin.py:109} INFO - [2022-06-12 22:04:07,933] {dag.py:2398} INFO - Sync 1 DAGs
[2022-06-12 22:04:08,001] {logging_mixin.py:109} INFO - [2022-06-12 22:04:08,001] {dag.py:2937} INFO - Setting next_dagrun for latest_only to 2022-06-12T16:04:08.000693+00:00
[2022-06-12 22:04:08,047] {processor.py:171} INFO - Processing /home/leizo/.local/lib/python3.8/site-packages/airflow/example_dags/example_latest_only.py took 0.254 seconds
[2022-06-12 22:05:02,406] {processor.py:163} INFO - Started process (PID=387) to work on /home/leizo/.local/lib/python3.8/site-packages/airflow/example_dags/example_latest_only.py
[2022-06-12 22:05:02,410] {processor.py:642} INFO - Processing file /home/leizo/.local/lib/python3.8/site-packages/airflow/example_dags/example_latest_only.py for tasks to queue
[2022-06-12 22:05:02,412] {logging_mixin.py:109} INFO - [2022-06-12 22:05:02,411] {dagbag.py:500} INFO - Filling up the DagBag from /home/leizo/.local/lib/python3.8/site-packages/airflow/example_dags/example_latest_only.py
[2022-06-12 22:05:02,472] {processor.py:652} INFO - DAG(s) dict_keys(['latest_only']) retrieved from /home/leizo/.local/lib/python3.8/site-packages/airflow/example_dags/example_latest_only.py
[2022-06-12 22:05:02,521] {logging_mixin.py:109} INFO - [2022-06-12 22:05:02,521] {dag.py:2398} INFO - Sync 1 DAGs
[2022-06-12 22:05:02,568] {logging_mixin.py:109} INFO - [2022-06-12 22:05:02,568] {dag.py:2937} INFO - Setting next_dagrun for latest_only to 2022-06-12T16:05:02.567611+00:00
[2022-06-12 22:05:02,607] {processor.py:171} INFO - Processing /home/leizo/.local/lib/python3.8/site-packages/airflow/example_dags/example_latest_only.py took 0.215 seconds
[2022-06-12 22:05:43,072] {processor.py:163} INFO - Started process (PID=453) to work on /home/leizo/.local/lib/python3.8/site-packages/airflow/example_dags/example_latest_only.py
[2022-06-12 22:05:43,075] {processor.py:642} INFO - Processing file /home/leizo/.local/lib/python3.8/site-packages/airflow/example_dags/example_latest_only.py for tasks to queue
[2022-06-12 22:05:43,077] {logging_mixin.py:109} INFO - [2022-06-12 22:05:43,077] {dagbag.py:500} INFO - Filling up the DagBag from /home/leizo/.local/lib/python3.8/site-packages/airflow/example_dags/example_latest_only.py
[2022-06-12 22:05:43,124] {processor.py:652} INFO - DAG(s) dict_keys(['latest_only']) retrieved from /home/leizo/.local/lib/python3.8/site-packages/airflow/example_dags/example_latest_only.py
[2022-06-12 22:05:43,161] {logging_mixin.py:109} INFO - [2022-06-12 22:05:43,161] {dag.py:2398} INFO - Sync 1 DAGs
[2022-06-12 22:05:43,202] {logging_mixin.py:109} INFO - [2022-06-12 22:05:43,202] {dag.py:2937} INFO - Setting next_dagrun for latest_only to 2022-06-12T16:05:43.201786+00:00
[2022-06-12 22:05:43,236] {processor.py:171} INFO - Processing /home/leizo/.local/lib/python3.8/site-packages/airflow/example_dags/example_latest_only.py took 0.169 seconds
[2022-06-12 22:06:34,945] {processor.py:163} INFO - Started process (PID=619) to work on /home/leizo/.local/lib/python3.8/site-packages/airflow/example_dags/example_latest_only.py
[2022-06-12 22:06:34,948] {processor.py:642} INFO - Processing file /home/leizo/.local/lib/python3.8/site-packages/airflow/example_dags/example_latest_only.py for tasks to queue
[2022-06-12 22:06:34,949] {logging_mixin.py:109} INFO - [2022-06-12 22:06:34,949] {dagbag.py:500} INFO - Filling up the DagBag from /home/leizo/.local/lib/python3.8/site-packages/airflow/example_dags/example_latest_only.py
[2022-06-12 22:06:34,973] {processor.py:652} INFO - DAG(s) dict_keys(['latest_only']) retrieved from /home/leizo/.local/lib/python3.8/site-packages/airflow/example_dags/example_latest_only.py
[2022-06-12 22:06:35,004] {logging_mixin.py:109} INFO - [2022-06-12 22:06:35,004] {dag.py:2398} INFO - Sync 1 DAGs
[2022-06-12 22:06:35,044] {logging_mixin.py:109} INFO - [2022-06-12 22:06:35,044] {dag.py:2937} INFO - Setting next_dagrun for latest_only to 2022-06-12T16:06:35.043363+00:00
[2022-06-12 22:06:35,077] {processor.py:171} INFO - Processing /home/leizo/.local/lib/python3.8/site-packages/airflow/example_dags/example_latest_only.py took 0.136 seconds
[2022-06-12 22:07:15,634] {processor.py:163} INFO - Started process (PID=653) to work on /home/leizo/.local/lib/python3.8/site-packages/airflow/example_dags/example_latest_only.py
[2022-06-12 22:07:15,635] {processor.py:642} INFO - Processing file /home/leizo/.local/lib/python3.8/site-packages/airflow/example_dags/example_latest_only.py for tasks to queue
[2022-06-12 22:07:15,636] {logging_mixin.py:109} INFO - [2022-06-12 22:07:15,636] {dagbag.py:500} INFO - Filling up the DagBag from /home/leizo/.local/lib/python3.8/site-packages/airflow/example_dags/example_latest_only.py
[2022-06-12 22:07:15,651] {processor.py:652} INFO - DAG(s) dict_keys(['latest_only']) retrieved from /home/leizo/.local/lib/python3.8/site-packages/airflow/example_dags/example_latest_only.py
[2022-06-12 22:07:15,670] {logging_mixin.py:109} INFO - [2022-06-12 22:07:15,670] {dag.py:2398} INFO - Sync 1 DAGs
[2022-06-12 22:07:15,691] {logging_mixin.py:109} INFO - [2022-06-12 22:07:15,691] {dag.py:2937} INFO - Setting next_dagrun for latest_only to 2022-06-12T16:07:15.690607+00:00
[2022-06-12 22:07:15,704] {processor.py:171} INFO - Processing /home/leizo/.local/lib/python3.8/site-packages/airflow/example_dags/example_latest_only.py took 0.072 seconds
[2022-06-12 22:07:53,921] {processor.py:163} INFO - Started process (PID=689) to work on /home/leizo/.local/lib/python3.8/site-packages/airflow/example_dags/example_latest_only.py
[2022-06-12 22:07:53,923] {processor.py:642} INFO - Processing file /home/leizo/.local/lib/python3.8/site-packages/airflow/example_dags/example_latest_only.py for tasks to queue
[2022-06-12 22:07:53,923] {logging_mixin.py:109} INFO - [2022-06-12 22:07:53,923] {dagbag.py:500} INFO - Filling up the DagBag from /home/leizo/.local/lib/python3.8/site-packages/airflow/example_dags/example_latest_only.py
[2022-06-12 22:07:53,947] {processor.py:652} INFO - DAG(s) dict_keys(['latest_only']) retrieved from /home/leizo/.local/lib/python3.8/site-packages/airflow/example_dags/example_latest_only.py
[2022-06-12 22:07:53,964] {logging_mixin.py:109} INFO - [2022-06-12 22:07:53,964] {dag.py:2398} INFO - Sync 1 DAGs
[2022-06-12 22:07:53,983] {logging_mixin.py:109} INFO - [2022-06-12 22:07:53,983] {dag.py:2937} INFO - Setting next_dagrun for latest_only to 2022-06-12T16:07:53.982734+00:00
[2022-06-12 22:07:54,002] {processor.py:171} INFO - Processing /home/leizo/.local/lib/python3.8/site-packages/airflow/example_dags/example_latest_only.py took 0.084 seconds
[2022-06-12 22:08:29,061] {processor.py:163} INFO - Started process (PID=723) to work on /home/leizo/.local/lib/python3.8/site-packages/airflow/example_dags/example_latest_only.py
[2022-06-12 22:08:29,063] {processor.py:642} INFO - Processing file /home/leizo/.local/lib/python3.8/site-packages/airflow/example_dags/example_latest_only.py for tasks to queue
[2022-06-12 22:08:29,064] {logging_mixin.py:109} INFO - [2022-06-12 22:08:29,064] {dagbag.py:500} INFO - Filling up the DagBag from /home/leizo/.local/lib/python3.8/site-packages/airflow/example_dags/example_latest_only.py
[2022-06-12 22:08:29,084] {processor.py:652} INFO - DAG(s) dict_keys(['latest_only']) retrieved from /home/leizo/.local/lib/python3.8/site-packages/airflow/example_dags/example_latest_only.py
[2022-06-12 22:08:29,099] {logging_mixin.py:109} INFO - [2022-06-12 22:08:29,099] {dag.py:2398} INFO - Sync 1 DAGs
[2022-06-12 22:08:29,115] {logging_mixin.py:109} INFO - [2022-06-12 22:08:29,115] {dag.py:2937} INFO - Setting next_dagrun for latest_only to 2022-06-12T16:08:29.114596+00:00
[2022-06-12 22:08:29,130] {processor.py:171} INFO - Processing /home/leizo/.local/lib/python3.8/site-packages/airflow/example_dags/example_latest_only.py took 0.073 seconds
[2022-06-12 22:09:05,613] {processor.py:163} INFO - Started process (PID=756) to work on /home/leizo/.local/lib/python3.8/site-packages/airflow/example_dags/example_latest_only.py
[2022-06-12 22:09:05,614] {processor.py:642} INFO - Processing file /home/leizo/.local/lib/python3.8/site-packages/airflow/example_dags/example_latest_only.py for tasks to queue
[2022-06-12 22:09:05,615] {logging_mixin.py:109} INFO - [2022-06-12 22:09:05,615] {dagbag.py:500} INFO - Filling up the DagBag from /home/leizo/.local/lib/python3.8/site-packages/airflow/example_dags/example_latest_only.py
[2022-06-12 22:09:05,633] {processor.py:652} INFO - DAG(s) dict_keys(['latest_only']) retrieved from /home/leizo/.local/lib/python3.8/site-packages/airflow/example_dags/example_latest_only.py
[2022-06-12 22:09:05,647] {logging_mixin.py:109} INFO - [2022-06-12 22:09:05,647] {dag.py:2398} INFO - Sync 1 DAGs
[2022-06-12 22:09:05,662] {logging_mixin.py:109} INFO - [2022-06-12 22:09:05,662] {dag.py:2937} INFO - Setting next_dagrun for latest_only to 2022-06-12T16:09:05.661966+00:00
[2022-06-12 22:09:05,680] {processor.py:171} INFO - Processing /home/leizo/.local/lib/python3.8/site-packages/airflow/example_dags/example_latest_only.py took 0.070 seconds
[2022-06-12 22:09:44,589] {processor.py:163} INFO - Started process (PID=791) to work on /home/leizo/.local/lib/python3.8/site-packages/airflow/example_dags/example_latest_only.py
[2022-06-12 22:09:44,591] {processor.py:642} INFO - Processing file /home/leizo/.local/lib/python3.8/site-packages/airflow/example_dags/example_latest_only.py for tasks to queue
[2022-06-12 22:09:44,592] {logging_mixin.py:109} INFO - [2022-06-12 22:09:44,592] {dagbag.py:500} INFO - Filling up the DagBag from /home/leizo/.local/lib/python3.8/site-packages/airflow/example_dags/example_latest_only.py
[2022-06-12 22:09:44,625] {processor.py:652} INFO - DAG(s) dict_keys(['latest_only']) retrieved from /home/leizo/.local/lib/python3.8/site-packages/airflow/example_dags/example_latest_only.py
[2022-06-12 22:09:44,654] {logging_mixin.py:109} INFO - [2022-06-12 22:09:44,654] {dag.py:2398} INFO - Sync 1 DAGs
[2022-06-12 22:09:44,676] {logging_mixin.py:109} INFO - [2022-06-12 22:09:44,676] {dag.py:2937} INFO - Setting next_dagrun for latest_only to 2022-06-12T16:09:44.676055+00:00
[2022-06-12 22:09:44,698] {processor.py:171} INFO - Processing /home/leizo/.local/lib/python3.8/site-packages/airflow/example_dags/example_latest_only.py took 0.112 seconds
[2022-06-12 22:10:23,044] {processor.py:163} INFO - Started process (PID=825) to work on /home/leizo/.local/lib/python3.8/site-packages/airflow/example_dags/example_latest_only.py
[2022-06-12 22:10:23,046] {processor.py:642} INFO - Processing file /home/leizo/.local/lib/python3.8/site-packages/airflow/example_dags/example_latest_only.py for tasks to queue
[2022-06-12 22:10:23,047] {logging_mixin.py:109} INFO - [2022-06-12 22:10:23,047] {dagbag.py:500} INFO - Filling up the DagBag from /home/leizo/.local/lib/python3.8/site-packages/airflow/example_dags/example_latest_only.py
[2022-06-12 22:10:23,078] {processor.py:652} INFO - DAG(s) dict_keys(['latest_only']) retrieved from /home/leizo/.local/lib/python3.8/site-packages/airflow/example_dags/example_latest_only.py
[2022-06-12 22:10:23,112] {logging_mixin.py:109} INFO - [2022-06-12 22:10:23,112] {dag.py:2398} INFO - Sync 1 DAGs
[2022-06-12 22:10:23,142] {logging_mixin.py:109} INFO - [2022-06-12 22:10:23,141] {dag.py:2937} INFO - Setting next_dagrun for latest_only to 2022-06-12T16:10:23.141253+00:00
[2022-06-12 22:10:23,183] {processor.py:171} INFO - Processing /home/leizo/.local/lib/python3.8/site-packages/airflow/example_dags/example_latest_only.py took 0.146 seconds
[2022-06-12 22:11:10,873] {processor.py:163} INFO - Started process (PID=860) to work on /home/leizo/.local/lib/python3.8/site-packages/airflow/example_dags/example_latest_only.py
[2022-06-12 22:11:10,880] {processor.py:642} INFO - Processing file /home/leizo/.local/lib/python3.8/site-packages/airflow/example_dags/example_latest_only.py for tasks to queue
[2022-06-12 22:11:10,881] {logging_mixin.py:109} INFO - [2022-06-12 22:11:10,881] {dagbag.py:500} INFO - Filling up the DagBag from /home/leizo/.local/lib/python3.8/site-packages/airflow/example_dags/example_latest_only.py
[2022-06-12 22:11:10,931] {processor.py:652} INFO - DAG(s) dict_keys(['latest_only']) retrieved from /home/leizo/.local/lib/python3.8/site-packages/airflow/example_dags/example_latest_only.py
[2022-06-12 22:11:10,984] {logging_mixin.py:109} INFO - [2022-06-12 22:11:10,983] {dag.py:2398} INFO - Sync 1 DAGs
[2022-06-12 22:11:11,031] {logging_mixin.py:109} INFO - [2022-06-12 22:11:11,030] {dag.py:2937} INFO - Setting next_dagrun for latest_only to 2022-06-12T16:11:11.030069+00:00
[2022-06-12 22:11:11,071] {processor.py:171} INFO - Processing /home/leizo/.local/lib/python3.8/site-packages/airflow/example_dags/example_latest_only.py took 0.203 seconds
[2022-06-12 22:11:47,891] {processor.py:163} INFO - Started process (PID=889) to work on /home/leizo/.local/lib/python3.8/site-packages/airflow/example_dags/example_latest_only.py
[2022-06-12 22:11:47,895] {processor.py:642} INFO - Processing file /home/leizo/.local/lib/python3.8/site-packages/airflow/example_dags/example_latest_only.py for tasks to queue
[2022-06-12 22:11:47,896] {logging_mixin.py:109} INFO - [2022-06-12 22:11:47,896] {dagbag.py:500} INFO - Filling up the DagBag from /home/leizo/.local/lib/python3.8/site-packages/airflow/example_dags/example_latest_only.py
[2022-06-12 22:11:47,946] {processor.py:652} INFO - DAG(s) dict_keys(['latest_only']) retrieved from /home/leizo/.local/lib/python3.8/site-packages/airflow/example_dags/example_latest_only.py
[2022-06-12 22:11:47,992] {logging_mixin.py:109} INFO - [2022-06-12 22:11:47,992] {dag.py:2398} INFO - Sync 1 DAGs
[2022-06-12 22:11:48,034] {logging_mixin.py:109} INFO - [2022-06-12 22:11:48,033] {dag.py:2937} INFO - Setting next_dagrun for latest_only to 2022-06-12T16:11:48.033146+00:00
[2022-06-12 22:11:48,062] {processor.py:171} INFO - Processing /home/leizo/.local/lib/python3.8/site-packages/airflow/example_dags/example_latest_only.py took 0.185 seconds
[2022-06-12 22:12:29,219] {processor.py:163} INFO - Started process (PID=921) to work on /home/leizo/.local/lib/python3.8/site-packages/airflow/example_dags/example_latest_only.py
[2022-06-12 22:12:29,221] {processor.py:642} INFO - Processing file /home/leizo/.local/lib/python3.8/site-packages/airflow/example_dags/example_latest_only.py for tasks to queue
[2022-06-12 22:12:29,221] {logging_mixin.py:109} INFO - [2022-06-12 22:12:29,221] {dagbag.py:500} INFO - Filling up the DagBag from /home/leizo/.local/lib/python3.8/site-packages/airflow/example_dags/example_latest_only.py
[2022-06-12 22:12:29,242] {processor.py:652} INFO - DAG(s) dict_keys(['latest_only']) retrieved from /home/leizo/.local/lib/python3.8/site-packages/airflow/example_dags/example_latest_only.py
[2022-06-12 22:12:29,263] {logging_mixin.py:109} INFO - [2022-06-12 22:12:29,263] {dag.py:2398} INFO - Sync 1 DAGs
[2022-06-12 22:12:29,282] {logging_mixin.py:109} INFO - [2022-06-12 22:12:29,282] {dag.py:2937} INFO - Setting next_dagrun for latest_only to 2022-06-12T16:12:29.282211+00:00
[2022-06-12 22:12:29,300] {processor.py:171} INFO - Processing /home/leizo/.local/lib/python3.8/site-packages/airflow/example_dags/example_latest_only.py took 0.085 seconds
[2022-06-12 22:13:07,281] {processor.py:163} INFO - Started process (PID=955) to work on /home/leizo/.local/lib/python3.8/site-packages/airflow/example_dags/example_latest_only.py
[2022-06-12 22:13:07,283] {processor.py:642} INFO - Processing file /home/leizo/.local/lib/python3.8/site-packages/airflow/example_dags/example_latest_only.py for tasks to queue
[2022-06-12 22:13:07,284] {logging_mixin.py:109} INFO - [2022-06-12 22:13:07,284] {dagbag.py:500} INFO - Filling up the DagBag from /home/leizo/.local/lib/python3.8/site-packages/airflow/example_dags/example_latest_only.py
[2022-06-12 22:13:07,312] {processor.py:652} INFO - DAG(s) dict_keys(['latest_only']) retrieved from /home/leizo/.local/lib/python3.8/site-packages/airflow/example_dags/example_latest_only.py
[2022-06-12 22:13:07,345] {logging_mixin.py:109} INFO - [2022-06-12 22:13:07,345] {dag.py:2398} INFO - Sync 1 DAGs
[2022-06-12 22:13:07,376] {logging_mixin.py:109} INFO - [2022-06-12 22:13:07,376] {dag.py:2937} INFO - Setting next_dagrun for latest_only to 2022-06-12T16:13:07.375517+00:00
[2022-06-12 22:13:07,402] {processor.py:171} INFO - Processing /home/leizo/.local/lib/python3.8/site-packages/airflow/example_dags/example_latest_only.py took 0.124 seconds
[2022-06-12 22:13:42,607] {processor.py:163} INFO - Started process (PID=987) to work on /home/leizo/.local/lib/python3.8/site-packages/airflow/example_dags/example_latest_only.py
[2022-06-12 22:13:42,609] {processor.py:642} INFO - Processing file /home/leizo/.local/lib/python3.8/site-packages/airflow/example_dags/example_latest_only.py for tasks to queue
[2022-06-12 22:13:42,610] {logging_mixin.py:109} INFO - [2022-06-12 22:13:42,610] {dagbag.py:500} INFO - Filling up the DagBag from /home/leizo/.local/lib/python3.8/site-packages/airflow/example_dags/example_latest_only.py
[2022-06-12 22:13:42,627] {processor.py:652} INFO - DAG(s) dict_keys(['latest_only']) retrieved from /home/leizo/.local/lib/python3.8/site-packages/airflow/example_dags/example_latest_only.py
[2022-06-12 22:13:42,644] {logging_mixin.py:109} INFO - [2022-06-12 22:13:42,644] {dag.py:2398} INFO - Sync 1 DAGs
[2022-06-12 22:13:42,669] {logging_mixin.py:109} INFO - [2022-06-12 22:13:42,668] {dag.py:2937} INFO - Setting next_dagrun for latest_only to 2022-06-12T16:13:42.668428+00:00
[2022-06-12 22:13:42,684] {processor.py:171} INFO - Processing /home/leizo/.local/lib/python3.8/site-packages/airflow/example_dags/example_latest_only.py took 0.081 seconds
[2022-06-12 22:14:20,736] {processor.py:163} INFO - Started process (PID=1022) to work on /home/leizo/.local/lib/python3.8/site-packages/airflow/example_dags/example_latest_only.py
[2022-06-12 22:14:20,738] {processor.py:642} INFO - Processing file /home/leizo/.local/lib/python3.8/site-packages/airflow/example_dags/example_latest_only.py for tasks to queue
[2022-06-12 22:14:20,738] {logging_mixin.py:109} INFO - [2022-06-12 22:14:20,738] {dagbag.py:500} INFO - Filling up the DagBag from /home/leizo/.local/lib/python3.8/site-packages/airflow/example_dags/example_latest_only.py
[2022-06-12 22:14:20,757] {processor.py:652} INFO - DAG(s) dict_keys(['latest_only']) retrieved from /home/leizo/.local/lib/python3.8/site-packages/airflow/example_dags/example_latest_only.py
[2022-06-12 22:14:20,774] {logging_mixin.py:109} INFO - [2022-06-12 22:14:20,773] {dag.py:2398} INFO - Sync 1 DAGs
[2022-06-12 22:14:20,799] {logging_mixin.py:109} INFO - [2022-06-12 22:14:20,799] {dag.py:2937} INFO - Setting next_dagrun for latest_only to 2022-06-12T16:14:20.799181+00:00
[2022-06-12 22:14:20,814] {processor.py:171} INFO - Processing /home/leizo/.local/lib/python3.8/site-packages/airflow/example_dags/example_latest_only.py took 0.082 seconds
[2022-06-12 22:14:55,356] {processor.py:163} INFO - Started process (PID=1056) to work on /home/leizo/.local/lib/python3.8/site-packages/airflow/example_dags/example_latest_only.py
[2022-06-12 22:14:55,357] {processor.py:642} INFO - Processing file /home/leizo/.local/lib/python3.8/site-packages/airflow/example_dags/example_latest_only.py for tasks to queue
[2022-06-12 22:14:55,357] {logging_mixin.py:109} INFO - [2022-06-12 22:14:55,357] {dagbag.py:500} INFO - Filling up the DagBag from /home/leizo/.local/lib/python3.8/site-packages/airflow/example_dags/example_latest_only.py
[2022-06-12 22:14:55,367] {processor.py:652} INFO - DAG(s) dict_keys(['latest_only']) retrieved from /home/leizo/.local/lib/python3.8/site-packages/airflow/example_dags/example_latest_only.py
[2022-06-12 22:14:55,381] {logging_mixin.py:109} INFO - [2022-06-12 22:14:55,381] {dag.py:2398} INFO - Sync 1 DAGs
[2022-06-12 22:14:55,396] {logging_mixin.py:109} INFO - [2022-06-12 22:14:55,396] {dag.py:2937} INFO - Setting next_dagrun for latest_only to 2022-06-12T16:14:55.396214+00:00
[2022-06-12 22:14:55,409] {processor.py:171} INFO - Processing /home/leizo/.local/lib/python3.8/site-packages/airflow/example_dags/example_latest_only.py took 0.055 seconds
[2022-06-12 22:15:30,788] {processor.py:163} INFO - Started process (PID=1090) to work on /home/leizo/.local/lib/python3.8/site-packages/airflow/example_dags/example_latest_only.py
[2022-06-12 22:15:30,790] {processor.py:642} INFO - Processing file /home/leizo/.local/lib/python3.8/site-packages/airflow/example_dags/example_latest_only.py for tasks to queue
[2022-06-12 22:15:30,790] {logging_mixin.py:109} INFO - [2022-06-12 22:15:30,790] {dagbag.py:500} INFO - Filling up the DagBag from /home/leizo/.local/lib/python3.8/site-packages/airflow/example_dags/example_latest_only.py
[2022-06-12 22:15:30,803] {processor.py:652} INFO - DAG(s) dict_keys(['latest_only']) retrieved from /home/leizo/.local/lib/python3.8/site-packages/airflow/example_dags/example_latest_only.py
[2022-06-12 22:15:30,813] {logging_mixin.py:109} INFO - [2022-06-12 22:15:30,813] {dag.py:2398} INFO - Sync 1 DAGs
[2022-06-12 22:15:30,824] {logging_mixin.py:109} INFO - [2022-06-12 22:15:30,824] {dag.py:2937} INFO - Setting next_dagrun for latest_only to 2022-06-12T16:15:30.824274+00:00
[2022-06-12 22:15:30,835] {processor.py:171} INFO - Processing /home/leizo/.local/lib/python3.8/site-packages/airflow/example_dags/example_latest_only.py took 0.049 seconds
[2022-06-12 22:16:05,847] {processor.py:163} INFO - Started process (PID=1124) to work on /home/leizo/.local/lib/python3.8/site-packages/airflow/example_dags/example_latest_only.py
[2022-06-12 22:16:05,848] {processor.py:642} INFO - Processing file /home/leizo/.local/lib/python3.8/site-packages/airflow/example_dags/example_latest_only.py for tasks to queue
[2022-06-12 22:16:05,849] {logging_mixin.py:109} INFO - [2022-06-12 22:16:05,849] {dagbag.py:500} INFO - Filling up the DagBag from /home/leizo/.local/lib/python3.8/site-packages/airflow/example_dags/example_latest_only.py
[2022-06-12 22:16:05,862] {processor.py:652} INFO - DAG(s) dict_keys(['latest_only']) retrieved from /home/leizo/.local/lib/python3.8/site-packages/airflow/example_dags/example_latest_only.py
[2022-06-12 22:16:05,874] {logging_mixin.py:109} INFO - [2022-06-12 22:16:05,874] {dag.py:2398} INFO - Sync 1 DAGs
[2022-06-12 22:16:05,884] {logging_mixin.py:109} INFO - [2022-06-12 22:16:05,884] {dag.py:2937} INFO - Setting next_dagrun for latest_only to 2022-06-12T16:16:05.884298+00:00
[2022-06-12 22:16:05,895] {processor.py:171} INFO - Processing /home/leizo/.local/lib/python3.8/site-packages/airflow/example_dags/example_latest_only.py took 0.051 seconds
[2022-06-12 22:16:39,680] {processor.py:163} INFO - Started process (PID=1156) to work on /home/leizo/.local/lib/python3.8/site-packages/airflow/example_dags/example_latest_only.py
[2022-06-12 22:16:39,682] {processor.py:642} INFO - Processing file /home/leizo/.local/lib/python3.8/site-packages/airflow/example_dags/example_latest_only.py for tasks to queue
[2022-06-12 22:16:39,683] {logging_mixin.py:109} INFO - [2022-06-12 22:16:39,683] {dagbag.py:500} INFO - Filling up the DagBag from /home/leizo/.local/lib/python3.8/site-packages/airflow/example_dags/example_latest_only.py
[2022-06-12 22:16:39,697] {processor.py:652} INFO - DAG(s) dict_keys(['latest_only']) retrieved from /home/leizo/.local/lib/python3.8/site-packages/airflow/example_dags/example_latest_only.py
[2022-06-12 22:16:39,709] {logging_mixin.py:109} INFO - [2022-06-12 22:16:39,709] {dag.py:2398} INFO - Sync 1 DAGs
[2022-06-12 22:16:39,720] {logging_mixin.py:109} INFO - [2022-06-12 22:16:39,720] {dag.py:2937} INFO - Setting next_dagrun for latest_only to 2022-06-12T16:16:39.720400+00:00
[2022-06-12 22:16:39,731] {processor.py:171} INFO - Processing /home/leizo/.local/lib/python3.8/site-packages/airflow/example_dags/example_latest_only.py took 0.053 seconds
[2022-06-12 22:17:12,125] {processor.py:163} INFO - Started process (PID=1188) to work on /home/leizo/.local/lib/python3.8/site-packages/airflow/example_dags/example_latest_only.py
[2022-06-12 22:17:12,126] {processor.py:642} INFO - Processing file /home/leizo/.local/lib/python3.8/site-packages/airflow/example_dags/example_latest_only.py for tasks to queue
[2022-06-12 22:17:12,127] {logging_mixin.py:109} INFO - [2022-06-12 22:17:12,127] {dagbag.py:500} INFO - Filling up the DagBag from /home/leizo/.local/lib/python3.8/site-packages/airflow/example_dags/example_latest_only.py
[2022-06-12 22:17:12,140] {processor.py:652} INFO - DAG(s) dict_keys(['latest_only']) retrieved from /home/leizo/.local/lib/python3.8/site-packages/airflow/example_dags/example_latest_only.py
[2022-06-12 22:17:12,152] {logging_mixin.py:109} INFO - [2022-06-12 22:17:12,152] {dag.py:2398} INFO - Sync 1 DAGs
[2022-06-12 22:17:12,166] {logging_mixin.py:109} INFO - [2022-06-12 22:17:12,166] {dag.py:2937} INFO - Setting next_dagrun for latest_only to 2022-06-12T16:17:12.166249+00:00
[2022-06-12 22:17:12,178] {processor.py:171} INFO - Processing /home/leizo/.local/lib/python3.8/site-packages/airflow/example_dags/example_latest_only.py took 0.056 seconds
[2022-06-12 22:17:46,656] {processor.py:163} INFO - Started process (PID=1221) to work on /home/leizo/.local/lib/python3.8/site-packages/airflow/example_dags/example_latest_only.py
[2022-06-12 22:17:46,658] {processor.py:642} INFO - Processing file /home/leizo/.local/lib/python3.8/site-packages/airflow/example_dags/example_latest_only.py for tasks to queue
[2022-06-12 22:17:46,658] {logging_mixin.py:109} INFO - [2022-06-12 22:17:46,658] {dagbag.py:500} INFO - Filling up the DagBag from /home/leizo/.local/lib/python3.8/site-packages/airflow/example_dags/example_latest_only.py
[2022-06-12 22:17:46,668] {processor.py:652} INFO - DAG(s) dict_keys(['latest_only']) retrieved from /home/leizo/.local/lib/python3.8/site-packages/airflow/example_dags/example_latest_only.py
[2022-06-12 22:17:46,681] {logging_mixin.py:109} INFO - [2022-06-12 22:17:46,681] {dag.py:2398} INFO - Sync 1 DAGs
[2022-06-12 22:17:46,691] {logging_mixin.py:109} INFO - [2022-06-12 22:17:46,691] {dag.py:2937} INFO - Setting next_dagrun for latest_only to 2022-06-12T16:17:46.691407+00:00
[2022-06-12 22:17:46,702] {processor.py:171} INFO - Processing /home/leizo/.local/lib/python3.8/site-packages/airflow/example_dags/example_latest_only.py took 0.049 seconds
[2022-06-12 22:18:21,261] {processor.py:163} INFO - Started process (PID=1255) to work on /home/leizo/.local/lib/python3.8/site-packages/airflow/example_dags/example_latest_only.py
[2022-06-12 22:18:21,262] {processor.py:642} INFO - Processing file /home/leizo/.local/lib/python3.8/site-packages/airflow/example_dags/example_latest_only.py for tasks to queue
[2022-06-12 22:18:21,263] {logging_mixin.py:109} INFO - [2022-06-12 22:18:21,263] {dagbag.py:500} INFO - Filling up the DagBag from /home/leizo/.local/lib/python3.8/site-packages/airflow/example_dags/example_latest_only.py
[2022-06-12 22:18:21,273] {processor.py:652} INFO - DAG(s) dict_keys(['latest_only']) retrieved from /home/leizo/.local/lib/python3.8/site-packages/airflow/example_dags/example_latest_only.py
[2022-06-12 22:18:21,283] {logging_mixin.py:109} INFO - [2022-06-12 22:18:21,283] {dag.py:2398} INFO - Sync 1 DAGs
[2022-06-12 22:18:21,296] {logging_mixin.py:109} INFO - [2022-06-12 22:18:21,296] {dag.py:2937} INFO - Setting next_dagrun for latest_only to 2022-06-12T16:18:21.295876+00:00
[2022-06-12 22:18:21,306] {processor.py:171} INFO - Processing /home/leizo/.local/lib/python3.8/site-packages/airflow/example_dags/example_latest_only.py took 0.048 seconds
[2022-06-12 22:18:55,708] {processor.py:163} INFO - Started process (PID=1289) to work on /home/leizo/.local/lib/python3.8/site-packages/airflow/example_dags/example_latest_only.py
[2022-06-12 22:18:55,710] {processor.py:642} INFO - Processing file /home/leizo/.local/lib/python3.8/site-packages/airflow/example_dags/example_latest_only.py for tasks to queue
[2022-06-12 22:18:55,710] {logging_mixin.py:109} INFO - [2022-06-12 22:18:55,710] {dagbag.py:500} INFO - Filling up the DagBag from /home/leizo/.local/lib/python3.8/site-packages/airflow/example_dags/example_latest_only.py
[2022-06-12 22:18:55,720] {processor.py:652} INFO - DAG(s) dict_keys(['latest_only']) retrieved from /home/leizo/.local/lib/python3.8/site-packages/airflow/example_dags/example_latest_only.py
[2022-06-12 22:18:55,730] {logging_mixin.py:109} INFO - [2022-06-12 22:18:55,729] {dag.py:2398} INFO - Sync 1 DAGs
[2022-06-12 22:18:55,741] {logging_mixin.py:109} INFO - [2022-06-12 22:18:55,741] {dag.py:2937} INFO - Setting next_dagrun for latest_only to 2022-06-12T16:18:55.741141+00:00
[2022-06-12 22:18:55,754] {processor.py:171} INFO - Processing /home/leizo/.local/lib/python3.8/site-packages/airflow/example_dags/example_latest_only.py took 0.049 seconds
[2022-06-12 22:19:29,704] {processor.py:163} INFO - Started process (PID=1323) to work on /home/leizo/.local/lib/python3.8/site-packages/airflow/example_dags/example_latest_only.py
[2022-06-12 22:19:29,705] {processor.py:642} INFO - Processing file /home/leizo/.local/lib/python3.8/site-packages/airflow/example_dags/example_latest_only.py for tasks to queue
[2022-06-12 22:19:29,705] {logging_mixin.py:109} INFO - [2022-06-12 22:19:29,705] {dagbag.py:500} INFO - Filling up the DagBag from /home/leizo/.local/lib/python3.8/site-packages/airflow/example_dags/example_latest_only.py
[2022-06-12 22:19:29,715] {processor.py:652} INFO - DAG(s) dict_keys(['latest_only']) retrieved from /home/leizo/.local/lib/python3.8/site-packages/airflow/example_dags/example_latest_only.py
[2022-06-12 22:19:29,725] {logging_mixin.py:109} INFO - [2022-06-12 22:19:29,725] {dag.py:2398} INFO - Sync 1 DAGs
[2022-06-12 22:19:29,735] {logging_mixin.py:109} INFO - [2022-06-12 22:19:29,735] {dag.py:2937} INFO - Setting next_dagrun for latest_only to 2022-06-12T16:19:29.734854+00:00
[2022-06-12 22:19:29,748] {processor.py:171} INFO - Processing /home/leizo/.local/lib/python3.8/site-packages/airflow/example_dags/example_latest_only.py took 0.045 seconds
[2022-06-12 22:20:03,652] {processor.py:163} INFO - Started process (PID=1356) to work on /home/leizo/.local/lib/python3.8/site-packages/airflow/example_dags/example_latest_only.py
[2022-06-12 22:20:03,654] {processor.py:642} INFO - Processing file /home/leizo/.local/lib/python3.8/site-packages/airflow/example_dags/example_latest_only.py for tasks to queue
[2022-06-12 22:20:03,654] {logging_mixin.py:109} INFO - [2022-06-12 22:20:03,654] {dagbag.py:500} INFO - Filling up the DagBag from /home/leizo/.local/lib/python3.8/site-packages/airflow/example_dags/example_latest_only.py
[2022-06-12 22:20:03,664] {processor.py:652} INFO - DAG(s) dict_keys(['latest_only']) retrieved from /home/leizo/.local/lib/python3.8/site-packages/airflow/example_dags/example_latest_only.py
[2022-06-12 22:20:03,674] {logging_mixin.py:109} INFO - [2022-06-12 22:20:03,674] {dag.py:2398} INFO - Sync 1 DAGs
[2022-06-12 22:20:03,684] {logging_mixin.py:109} INFO - [2022-06-12 22:20:03,684] {dag.py:2937} INFO - Setting next_dagrun for latest_only to 2022-06-12T16:20:03.683902+00:00
[2022-06-12 22:20:03,699] {processor.py:171} INFO - Processing /home/leizo/.local/lib/python3.8/site-packages/airflow/example_dags/example_latest_only.py took 0.049 seconds
[2022-06-12 22:20:36,590] {processor.py:163} INFO - Started process (PID=1389) to work on /home/leizo/.local/lib/python3.8/site-packages/airflow/example_dags/example_latest_only.py
[2022-06-12 22:20:36,592] {processor.py:642} INFO - Processing file /home/leizo/.local/lib/python3.8/site-packages/airflow/example_dags/example_latest_only.py for tasks to queue
[2022-06-12 22:20:36,592] {logging_mixin.py:109} INFO - [2022-06-12 22:20:36,592] {dagbag.py:500} INFO - Filling up the DagBag from /home/leizo/.local/lib/python3.8/site-packages/airflow/example_dags/example_latest_only.py
[2022-06-12 22:20:36,601] {processor.py:652} INFO - DAG(s) dict_keys(['latest_only']) retrieved from /home/leizo/.local/lib/python3.8/site-packages/airflow/example_dags/example_latest_only.py
[2022-06-12 22:20:36,611] {logging_mixin.py:109} INFO - [2022-06-12 22:20:36,610] {dag.py:2398} INFO - Sync 1 DAGs
[2022-06-12 22:20:36,623] {logging_mixin.py:109} INFO - [2022-06-12 22:20:36,623] {dag.py:2937} INFO - Setting next_dagrun for latest_only to 2022-06-12T16:20:36.622871+00:00
[2022-06-12 22:20:36,638] {processor.py:171} INFO - Processing /home/leizo/.local/lib/python3.8/site-packages/airflow/example_dags/example_latest_only.py took 0.050 seconds
[2022-06-12 22:21:10,477] {processor.py:163} INFO - Started process (PID=1421) to work on /home/leizo/.local/lib/python3.8/site-packages/airflow/example_dags/example_latest_only.py
[2022-06-12 22:21:10,478] {processor.py:642} INFO - Processing file /home/leizo/.local/lib/python3.8/site-packages/airflow/example_dags/example_latest_only.py for tasks to queue
[2022-06-12 22:21:10,479] {logging_mixin.py:109} INFO - [2022-06-12 22:21:10,479] {dagbag.py:500} INFO - Filling up the DagBag from /home/leizo/.local/lib/python3.8/site-packages/airflow/example_dags/example_latest_only.py
[2022-06-12 22:21:10,492] {processor.py:652} INFO - DAG(s) dict_keys(['latest_only']) retrieved from /home/leizo/.local/lib/python3.8/site-packages/airflow/example_dags/example_latest_only.py
[2022-06-12 22:21:10,503] {logging_mixin.py:109} INFO - [2022-06-12 22:21:10,503] {dag.py:2398} INFO - Sync 1 DAGs
[2022-06-12 22:21:10,512] {logging_mixin.py:109} INFO - [2022-06-12 22:21:10,512] {dag.py:2937} INFO - Setting next_dagrun for latest_only to 2022-06-12T16:21:10.512616+00:00
[2022-06-12 22:21:10,523] {processor.py:171} INFO - Processing /home/leizo/.local/lib/python3.8/site-packages/airflow/example_dags/example_latest_only.py took 0.048 seconds
[2022-06-12 22:21:44,066] {processor.py:163} INFO - Started process (PID=1455) to work on /home/leizo/.local/lib/python3.8/site-packages/airflow/example_dags/example_latest_only.py
[2022-06-12 22:21:44,068] {processor.py:642} INFO - Processing file /home/leizo/.local/lib/python3.8/site-packages/airflow/example_dags/example_latest_only.py for tasks to queue
[2022-06-12 22:21:44,068] {logging_mixin.py:109} INFO - [2022-06-12 22:21:44,068] {dagbag.py:500} INFO - Filling up the DagBag from /home/leizo/.local/lib/python3.8/site-packages/airflow/example_dags/example_latest_only.py
[2022-06-12 22:21:44,081] {processor.py:652} INFO - DAG(s) dict_keys(['latest_only']) retrieved from /home/leizo/.local/lib/python3.8/site-packages/airflow/example_dags/example_latest_only.py
[2022-06-12 22:21:44,094] {logging_mixin.py:109} INFO - [2022-06-12 22:21:44,094] {dag.py:2398} INFO - Sync 1 DAGs
[2022-06-12 22:21:44,108] {logging_mixin.py:109} INFO - [2022-06-12 22:21:44,107] {dag.py:2937} INFO - Setting next_dagrun for latest_only to 2022-06-12T16:21:44.107701+00:00
[2022-06-12 22:21:44,119] {processor.py:171} INFO - Processing /home/leizo/.local/lib/python3.8/site-packages/airflow/example_dags/example_latest_only.py took 0.055 seconds
[2022-06-12 22:22:20,239] {processor.py:163} INFO - Started process (PID=1490) to work on /home/leizo/.local/lib/python3.8/site-packages/airflow/example_dags/example_latest_only.py
[2022-06-12 22:22:20,240] {processor.py:642} INFO - Processing file /home/leizo/.local/lib/python3.8/site-packages/airflow/example_dags/example_latest_only.py for tasks to queue
[2022-06-12 22:22:20,241] {logging_mixin.py:109} INFO - [2022-06-12 22:22:20,241] {dagbag.py:500} INFO - Filling up the DagBag from /home/leizo/.local/lib/python3.8/site-packages/airflow/example_dags/example_latest_only.py
[2022-06-12 22:22:20,251] {processor.py:652} INFO - DAG(s) dict_keys(['latest_only']) retrieved from /home/leizo/.local/lib/python3.8/site-packages/airflow/example_dags/example_latest_only.py
[2022-06-12 22:22:20,260] {logging_mixin.py:109} INFO - [2022-06-12 22:22:20,260] {dag.py:2398} INFO - Sync 1 DAGs
[2022-06-12 22:22:20,275] {logging_mixin.py:109} INFO - [2022-06-12 22:22:20,275] {dag.py:2937} INFO - Setting next_dagrun for latest_only to 2022-06-12T16:22:20.275045+00:00
[2022-06-12 22:22:20,288] {processor.py:171} INFO - Processing /home/leizo/.local/lib/python3.8/site-packages/airflow/example_dags/example_latest_only.py took 0.051 seconds
[2022-06-12 22:22:56,402] {processor.py:163} INFO - Started process (PID=1525) to work on /home/leizo/.local/lib/python3.8/site-packages/airflow/example_dags/example_latest_only.py
[2022-06-12 22:22:56,404] {processor.py:642} INFO - Processing file /home/leizo/.local/lib/python3.8/site-packages/airflow/example_dags/example_latest_only.py for tasks to queue
[2022-06-12 22:22:56,404] {logging_mixin.py:109} INFO - [2022-06-12 22:22:56,404] {dagbag.py:500} INFO - Filling up the DagBag from /home/leizo/.local/lib/python3.8/site-packages/airflow/example_dags/example_latest_only.py
[2022-06-12 22:22:56,417] {processor.py:652} INFO - DAG(s) dict_keys(['latest_only']) retrieved from /home/leizo/.local/lib/python3.8/site-packages/airflow/example_dags/example_latest_only.py
[2022-06-12 22:22:56,429] {logging_mixin.py:109} INFO - [2022-06-12 22:22:56,429] {dag.py:2398} INFO - Sync 1 DAGs
[2022-06-12 22:22:56,441] {logging_mixin.py:109} INFO - [2022-06-12 22:22:56,441] {dag.py:2937} INFO - Setting next_dagrun for latest_only to 2022-06-12T16:22:56.441344+00:00
[2022-06-12 22:22:56,453] {processor.py:171} INFO - Processing /home/leizo/.local/lib/python3.8/site-packages/airflow/example_dags/example_latest_only.py took 0.053 seconds
[2022-06-12 22:23:28,894] {processor.py:163} INFO - Started process (PID=1556) to work on /home/leizo/.local/lib/python3.8/site-packages/airflow/example_dags/example_latest_only.py
[2022-06-12 22:23:28,897] {processor.py:642} INFO - Processing file /home/leizo/.local/lib/python3.8/site-packages/airflow/example_dags/example_latest_only.py for tasks to queue
[2022-06-12 22:23:28,898] {logging_mixin.py:109} INFO - [2022-06-12 22:23:28,898] {dagbag.py:500} INFO - Filling up the DagBag from /home/leizo/.local/lib/python3.8/site-packages/airflow/example_dags/example_latest_only.py
[2022-06-12 22:23:28,921] {processor.py:652} INFO - DAG(s) dict_keys(['latest_only']) retrieved from /home/leizo/.local/lib/python3.8/site-packages/airflow/example_dags/example_latest_only.py
[2022-06-12 22:23:28,938] {logging_mixin.py:109} INFO - [2022-06-12 22:23:28,938] {dag.py:2398} INFO - Sync 1 DAGs
[2022-06-12 22:23:28,949] {logging_mixin.py:109} INFO - [2022-06-12 22:23:28,949] {dag.py:2937} INFO - Setting next_dagrun for latest_only to 2022-06-12T16:23:28.948789+00:00
[2022-06-12 22:23:28,959] {processor.py:171} INFO - Processing /home/leizo/.local/lib/python3.8/site-packages/airflow/example_dags/example_latest_only.py took 0.070 seconds
[2022-06-12 22:24:03,373] {processor.py:163} INFO - Started process (PID=1651) to work on /home/leizo/.local/lib/python3.8/site-packages/airflow/example_dags/example_latest_only.py
[2022-06-12 22:24:03,377] {processor.py:642} INFO - Processing file /home/leizo/.local/lib/python3.8/site-packages/airflow/example_dags/example_latest_only.py for tasks to queue
[2022-06-12 22:24:03,378] {logging_mixin.py:109} INFO - [2022-06-12 22:24:03,377] {dagbag.py:500} INFO - Filling up the DagBag from /home/leizo/.local/lib/python3.8/site-packages/airflow/example_dags/example_latest_only.py
[2022-06-12 22:24:03,401] {processor.py:652} INFO - DAG(s) dict_keys(['latest_only']) retrieved from /home/leizo/.local/lib/python3.8/site-packages/airflow/example_dags/example_latest_only.py
[2022-06-12 22:24:03,421] {logging_mixin.py:109} INFO - [2022-06-12 22:24:03,421] {dag.py:2398} INFO - Sync 1 DAGs
[2022-06-12 22:24:03,444] {logging_mixin.py:109} INFO - [2022-06-12 22:24:03,444] {dag.py:2937} INFO - Setting next_dagrun for latest_only to 2022-06-12T16:24:03.443781+00:00
[2022-06-12 22:24:03,467] {processor.py:171} INFO - Processing /home/leizo/.local/lib/python3.8/site-packages/airflow/example_dags/example_latest_only.py took 0.100 seconds
[2022-06-12 22:24:39,310] {processor.py:163} INFO - Started process (PID=1686) to work on /home/leizo/.local/lib/python3.8/site-packages/airflow/example_dags/example_latest_only.py
[2022-06-12 22:24:39,314] {processor.py:642} INFO - Processing file /home/leizo/.local/lib/python3.8/site-packages/airflow/example_dags/example_latest_only.py for tasks to queue
[2022-06-12 22:24:39,315] {logging_mixin.py:109} INFO - [2022-06-12 22:24:39,315] {dagbag.py:500} INFO - Filling up the DagBag from /home/leizo/.local/lib/python3.8/site-packages/airflow/example_dags/example_latest_only.py
[2022-06-12 22:24:39,334] {processor.py:652} INFO - DAG(s) dict_keys(['latest_only']) retrieved from /home/leizo/.local/lib/python3.8/site-packages/airflow/example_dags/example_latest_only.py
[2022-06-12 22:24:39,355] {logging_mixin.py:109} INFO - [2022-06-12 22:24:39,354] {dag.py:2398} INFO - Sync 1 DAGs
[2022-06-12 22:24:39,369] {logging_mixin.py:109} INFO - [2022-06-12 22:24:39,369] {dag.py:2937} INFO - Setting next_dagrun for latest_only to 2022-06-12T16:24:39.369369+00:00
[2022-06-12 22:24:39,382] {processor.py:171} INFO - Processing /home/leizo/.local/lib/python3.8/site-packages/airflow/example_dags/example_latest_only.py took 0.076 seconds
[2022-06-12 22:25:17,380] {processor.py:163} INFO - Started process (PID=1758) to work on /home/leizo/.local/lib/python3.8/site-packages/airflow/example_dags/example_latest_only.py
[2022-06-12 22:25:17,384] {processor.py:642} INFO - Processing file /home/leizo/.local/lib/python3.8/site-packages/airflow/example_dags/example_latest_only.py for tasks to queue
[2022-06-12 22:25:17,387] {logging_mixin.py:109} INFO - [2022-06-12 22:25:17,386] {dagbag.py:500} INFO - Filling up the DagBag from /home/leizo/.local/lib/python3.8/site-packages/airflow/example_dags/example_latest_only.py
[2022-06-12 22:25:17,415] {processor.py:652} INFO - DAG(s) dict_keys(['latest_only']) retrieved from /home/leizo/.local/lib/python3.8/site-packages/airflow/example_dags/example_latest_only.py
[2022-06-12 22:25:17,436] {logging_mixin.py:109} INFO - [2022-06-12 22:25:17,436] {dag.py:2398} INFO - Sync 1 DAGs
[2022-06-12 22:25:17,462] {logging_mixin.py:109} INFO - [2022-06-12 22:25:17,461] {dag.py:2937} INFO - Setting next_dagrun for latest_only to 2022-06-12T16:25:17.461660+00:00
[2022-06-12 22:25:17,481] {processor.py:171} INFO - Processing /home/leizo/.local/lib/python3.8/site-packages/airflow/example_dags/example_latest_only.py took 0.107 seconds
[2022-06-12 22:25:56,218] {processor.py:163} INFO - Started process (PID=1795) to work on /home/leizo/.local/lib/python3.8/site-packages/airflow/example_dags/example_latest_only.py
[2022-06-12 22:25:56,221] {processor.py:642} INFO - Processing file /home/leizo/.local/lib/python3.8/site-packages/airflow/example_dags/example_latest_only.py for tasks to queue
[2022-06-12 22:25:56,222] {logging_mixin.py:109} INFO - [2022-06-12 22:25:56,222] {dagbag.py:500} INFO - Filling up the DagBag from /home/leizo/.local/lib/python3.8/site-packages/airflow/example_dags/example_latest_only.py
[2022-06-12 22:25:56,241] {processor.py:652} INFO - DAG(s) dict_keys(['latest_only']) retrieved from /home/leizo/.local/lib/python3.8/site-packages/airflow/example_dags/example_latest_only.py
[2022-06-12 22:25:56,258] {logging_mixin.py:109} INFO - [2022-06-12 22:25:56,257] {dag.py:2398} INFO - Sync 1 DAGs
[2022-06-12 22:25:56,273] {logging_mixin.py:109} INFO - [2022-06-12 22:25:56,272] {dag.py:2937} INFO - Setting next_dagrun for latest_only to 2022-06-12T16:25:56.272574+00:00
[2022-06-12 22:25:56,288] {processor.py:171} INFO - Processing /home/leizo/.local/lib/python3.8/site-packages/airflow/example_dags/example_latest_only.py took 0.073 seconds
[2022-06-12 22:26:36,842] {processor.py:163} INFO - Started process (PID=1831) to work on /home/leizo/.local/lib/python3.8/site-packages/airflow/example_dags/example_latest_only.py
[2022-06-12 22:26:36,843] {processor.py:642} INFO - Processing file /home/leizo/.local/lib/python3.8/site-packages/airflow/example_dags/example_latest_only.py for tasks to queue
[2022-06-12 22:26:36,844] {logging_mixin.py:109} INFO - [2022-06-12 22:26:36,844] {dagbag.py:500} INFO - Filling up the DagBag from /home/leizo/.local/lib/python3.8/site-packages/airflow/example_dags/example_latest_only.py
[2022-06-12 22:26:36,867] {processor.py:652} INFO - DAG(s) dict_keys(['latest_only']) retrieved from /home/leizo/.local/lib/python3.8/site-packages/airflow/example_dags/example_latest_only.py
[2022-06-12 22:26:36,888] {logging_mixin.py:109} INFO - [2022-06-12 22:26:36,888] {dag.py:2398} INFO - Sync 1 DAGs
[2022-06-12 22:26:36,912] {logging_mixin.py:109} INFO - [2022-06-12 22:26:36,911] {dag.py:2937} INFO - Setting next_dagrun for latest_only to 2022-06-12T16:26:36.911503+00:00
[2022-06-12 22:26:36,935] {processor.py:171} INFO - Processing /home/leizo/.local/lib/python3.8/site-packages/airflow/example_dags/example_latest_only.py took 0.096 seconds
[2022-06-12 22:27:20,115] {processor.py:163} INFO - Started process (PID=1884) to work on /home/leizo/.local/lib/python3.8/site-packages/airflow/example_dags/example_latest_only.py
[2022-06-12 22:27:20,118] {processor.py:642} INFO - Processing file /home/leizo/.local/lib/python3.8/site-packages/airflow/example_dags/example_latest_only.py for tasks to queue
[2022-06-12 22:27:20,119] {logging_mixin.py:109} INFO - [2022-06-12 22:27:20,119] {dagbag.py:500} INFO - Filling up the DagBag from /home/leizo/.local/lib/python3.8/site-packages/airflow/example_dags/example_latest_only.py
[2022-06-12 22:27:20,151] {processor.py:652} INFO - DAG(s) dict_keys(['latest_only']) retrieved from /home/leizo/.local/lib/python3.8/site-packages/airflow/example_dags/example_latest_only.py
[2022-06-12 22:27:20,178] {logging_mixin.py:109} INFO - [2022-06-12 22:27:20,178] {dag.py:2398} INFO - Sync 1 DAGs
[2022-06-12 22:27:20,212] {logging_mixin.py:109} INFO - [2022-06-12 22:27:20,212] {dag.py:2937} INFO - Setting next_dagrun for latest_only to 2022-06-12T16:27:20.211277+00:00
[2022-06-12 22:27:20,237] {processor.py:171} INFO - Processing /home/leizo/.local/lib/python3.8/site-packages/airflow/example_dags/example_latest_only.py took 0.129 seconds
[2022-06-12 22:28:22,816] {processor.py:163} INFO - Started process (PID=1942) to work on /home/leizo/.local/lib/python3.8/site-packages/airflow/example_dags/example_latest_only.py
[2022-06-12 22:28:22,819] {processor.py:642} INFO - Processing file /home/leizo/.local/lib/python3.8/site-packages/airflow/example_dags/example_latest_only.py for tasks to queue
[2022-06-12 22:28:22,820] {logging_mixin.py:109} INFO - [2022-06-12 22:28:22,820] {dagbag.py:500} INFO - Filling up the DagBag from /home/leizo/.local/lib/python3.8/site-packages/airflow/example_dags/example_latest_only.py
[2022-06-12 22:28:22,841] {processor.py:652} INFO - DAG(s) dict_keys(['latest_only']) retrieved from /home/leizo/.local/lib/python3.8/site-packages/airflow/example_dags/example_latest_only.py
[2022-06-12 22:28:22,855] {logging_mixin.py:109} INFO - [2022-06-12 22:28:22,854] {dag.py:2398} INFO - Sync 1 DAGs
[2022-06-12 22:28:22,876] {logging_mixin.py:109} INFO - [2022-06-12 22:28:22,876] {dag.py:2937} INFO - Setting next_dagrun for latest_only to 2022-06-12T16:28:22.876107+00:00
[2022-06-12 22:28:22,898] {processor.py:171} INFO - Processing /home/leizo/.local/lib/python3.8/site-packages/airflow/example_dags/example_latest_only.py took 0.088 seconds
[2022-06-12 22:29:05,287] {processor.py:163} INFO - Started process (PID=2079) to work on /home/leizo/.local/lib/python3.8/site-packages/airflow/example_dags/example_latest_only.py
[2022-06-12 22:29:05,291] {processor.py:642} INFO - Processing file /home/leizo/.local/lib/python3.8/site-packages/airflow/example_dags/example_latest_only.py for tasks to queue
[2022-06-12 22:29:05,293] {logging_mixin.py:109} INFO - [2022-06-12 22:29:05,292] {dagbag.py:500} INFO - Filling up the DagBag from /home/leizo/.local/lib/python3.8/site-packages/airflow/example_dags/example_latest_only.py
[2022-06-12 22:29:05,319] {processor.py:652} INFO - DAG(s) dict_keys(['latest_only']) retrieved from /home/leizo/.local/lib/python3.8/site-packages/airflow/example_dags/example_latest_only.py
[2022-06-12 22:29:05,331] {logging_mixin.py:109} INFO - [2022-06-12 22:29:05,331] {dag.py:2398} INFO - Sync 1 DAGs
[2022-06-12 22:29:05,343] {logging_mixin.py:109} INFO - [2022-06-12 22:29:05,343] {dag.py:2937} INFO - Setting next_dagrun for latest_only to 2022-06-12T16:29:05.343003+00:00
[2022-06-12 22:29:05,359] {processor.py:171} INFO - Processing /home/leizo/.local/lib/python3.8/site-packages/airflow/example_dags/example_latest_only.py took 0.077 seconds
[2022-06-12 22:29:46,943] {processor.py:163} INFO - Started process (PID=2147) to work on /home/leizo/.local/lib/python3.8/site-packages/airflow/example_dags/example_latest_only.py
[2022-06-12 22:29:46,947] {processor.py:642} INFO - Processing file /home/leizo/.local/lib/python3.8/site-packages/airflow/example_dags/example_latest_only.py for tasks to queue
[2022-06-12 22:29:46,948] {logging_mixin.py:109} INFO - [2022-06-12 22:29:46,948] {dagbag.py:500} INFO - Filling up the DagBag from /home/leizo/.local/lib/python3.8/site-packages/airflow/example_dags/example_latest_only.py
[2022-06-12 22:29:46,964] {processor.py:652} INFO - DAG(s) dict_keys(['latest_only']) retrieved from /home/leizo/.local/lib/python3.8/site-packages/airflow/example_dags/example_latest_only.py
[2022-06-12 22:29:46,979] {logging_mixin.py:109} INFO - [2022-06-12 22:29:46,979] {dag.py:2398} INFO - Sync 1 DAGs
[2022-06-12 22:29:47,004] {logging_mixin.py:109} INFO - [2022-06-12 22:29:47,004] {dag.py:2937} INFO - Setting next_dagrun for latest_only to 2022-06-12T16:29:47.004004+00:00
[2022-06-12 22:29:47,021] {processor.py:171} INFO - Processing /home/leizo/.local/lib/python3.8/site-packages/airflow/example_dags/example_latest_only.py took 0.082 seconds
[2022-06-12 22:30:32,447] {processor.py:163} INFO - Started process (PID=2275) to work on /home/leizo/.local/lib/python3.8/site-packages/airflow/example_dags/example_latest_only.py
[2022-06-12 22:30:32,450] {processor.py:642} INFO - Processing file /home/leizo/.local/lib/python3.8/site-packages/airflow/example_dags/example_latest_only.py for tasks to queue
[2022-06-12 22:30:32,451] {logging_mixin.py:109} INFO - [2022-06-12 22:30:32,451] {dagbag.py:500} INFO - Filling up the DagBag from /home/leizo/.local/lib/python3.8/site-packages/airflow/example_dags/example_latest_only.py
[2022-06-12 22:30:32,472] {processor.py:652} INFO - DAG(s) dict_keys(['latest_only']) retrieved from /home/leizo/.local/lib/python3.8/site-packages/airflow/example_dags/example_latest_only.py
[2022-06-12 22:30:32,492] {logging_mixin.py:109} INFO - [2022-06-12 22:30:32,491] {dag.py:2398} INFO - Sync 1 DAGs
[2022-06-12 22:30:32,506] {logging_mixin.py:109} INFO - [2022-06-12 22:30:32,506] {dag.py:2937} INFO - Setting next_dagrun for latest_only to 2022-06-12T16:30:32.506391+00:00
[2022-06-12 22:30:32,526] {processor.py:171} INFO - Processing /home/leizo/.local/lib/python3.8/site-packages/airflow/example_dags/example_latest_only.py took 0.084 seconds
[2022-06-12 22:31:16,921] {processor.py:163} INFO - Started process (PID=2407) to work on /home/leizo/.local/lib/python3.8/site-packages/airflow/example_dags/example_latest_only.py
[2022-06-12 22:31:16,922] {processor.py:642} INFO - Processing file /home/leizo/.local/lib/python3.8/site-packages/airflow/example_dags/example_latest_only.py for tasks to queue
[2022-06-12 22:31:16,923] {logging_mixin.py:109} INFO - [2022-06-12 22:31:16,923] {dagbag.py:500} INFO - Filling up the DagBag from /home/leizo/.local/lib/python3.8/site-packages/airflow/example_dags/example_latest_only.py
[2022-06-12 22:31:16,941] {processor.py:652} INFO - DAG(s) dict_keys(['latest_only']) retrieved from /home/leizo/.local/lib/python3.8/site-packages/airflow/example_dags/example_latest_only.py
[2022-06-12 22:31:16,961] {logging_mixin.py:109} INFO - [2022-06-12 22:31:16,960] {dag.py:2398} INFO - Sync 1 DAGs
[2022-06-12 22:31:16,980] {logging_mixin.py:109} INFO - [2022-06-12 22:31:16,980] {dag.py:2937} INFO - Setting next_dagrun for latest_only to 2022-06-12T16:31:16.980653+00:00
[2022-06-12 22:31:16,994] {processor.py:171} INFO - Processing /home/leizo/.local/lib/python3.8/site-packages/airflow/example_dags/example_latest_only.py took 0.076 seconds
[2022-06-12 22:31:59,300] {processor.py:163} INFO - Started process (PID=2472) to work on /home/leizo/.local/lib/python3.8/site-packages/airflow/example_dags/example_latest_only.py
[2022-06-12 22:31:59,303] {processor.py:642} INFO - Processing file /home/leizo/.local/lib/python3.8/site-packages/airflow/example_dags/example_latest_only.py for tasks to queue
[2022-06-12 22:31:59,303] {logging_mixin.py:109} INFO - [2022-06-12 22:31:59,303] {dagbag.py:500} INFO - Filling up the DagBag from /home/leizo/.local/lib/python3.8/site-packages/airflow/example_dags/example_latest_only.py
[2022-06-12 22:31:59,319] {processor.py:652} INFO - DAG(s) dict_keys(['latest_only']) retrieved from /home/leizo/.local/lib/python3.8/site-packages/airflow/example_dags/example_latest_only.py
[2022-06-12 22:31:59,330] {logging_mixin.py:109} INFO - [2022-06-12 22:31:59,329] {dag.py:2398} INFO - Sync 1 DAGs
[2022-06-12 22:31:59,340] {logging_mixin.py:109} INFO - [2022-06-12 22:31:59,340] {dag.py:2937} INFO - Setting next_dagrun for latest_only to 2022-06-12T16:31:59.339899+00:00
[2022-06-12 22:31:59,353] {processor.py:171} INFO - Processing /home/leizo/.local/lib/python3.8/site-packages/airflow/example_dags/example_latest_only.py took 0.056 seconds
[2022-06-12 22:32:39,369] {processor.py:163} INFO - Started process (PID=2543) to work on /home/leizo/.local/lib/python3.8/site-packages/airflow/example_dags/example_latest_only.py
[2022-06-12 22:32:39,371] {processor.py:642} INFO - Processing file /home/leizo/.local/lib/python3.8/site-packages/airflow/example_dags/example_latest_only.py for tasks to queue
[2022-06-12 22:32:39,371] {logging_mixin.py:109} INFO - [2022-06-12 22:32:39,371] {dagbag.py:500} INFO - Filling up the DagBag from /home/leizo/.local/lib/python3.8/site-packages/airflow/example_dags/example_latest_only.py
[2022-06-12 22:32:39,385] {processor.py:652} INFO - DAG(s) dict_keys(['latest_only']) retrieved from /home/leizo/.local/lib/python3.8/site-packages/airflow/example_dags/example_latest_only.py
[2022-06-12 22:32:39,395] {logging_mixin.py:109} INFO - [2022-06-12 22:32:39,395] {dag.py:2398} INFO - Sync 1 DAGs
[2022-06-12 22:32:39,405] {logging_mixin.py:109} INFO - [2022-06-12 22:32:39,405] {dag.py:2937} INFO - Setting next_dagrun for latest_only to 2022-06-12T16:32:39.405462+00:00
[2022-06-12 22:32:39,420] {processor.py:171} INFO - Processing /home/leizo/.local/lib/python3.8/site-packages/airflow/example_dags/example_latest_only.py took 0.054 seconds
[2022-06-12 22:33:20,627] {processor.py:163} INFO - Started process (PID=2630) to work on /home/leizo/.local/lib/python3.8/site-packages/airflow/example_dags/example_latest_only.py
[2022-06-12 22:33:20,629] {processor.py:642} INFO - Processing file /home/leizo/.local/lib/python3.8/site-packages/airflow/example_dags/example_latest_only.py for tasks to queue
[2022-06-12 22:33:20,630] {logging_mixin.py:109} INFO - [2022-06-12 22:33:20,630] {dagbag.py:500} INFO - Filling up the DagBag from /home/leizo/.local/lib/python3.8/site-packages/airflow/example_dags/example_latest_only.py
[2022-06-12 22:33:20,641] {processor.py:652} INFO - DAG(s) dict_keys(['latest_only']) retrieved from /home/leizo/.local/lib/python3.8/site-packages/airflow/example_dags/example_latest_only.py
[2022-06-12 22:33:20,653] {logging_mixin.py:109} INFO - [2022-06-12 22:33:20,653] {dag.py:2398} INFO - Sync 1 DAGs
[2022-06-12 22:33:20,667] {logging_mixin.py:109} INFO - [2022-06-12 22:33:20,667] {dag.py:2937} INFO - Setting next_dagrun for latest_only to 2022-06-12T16:33:20.667629+00:00
[2022-06-12 22:33:20,681] {processor.py:171} INFO - Processing /home/leizo/.local/lib/python3.8/site-packages/airflow/example_dags/example_latest_only.py took 0.056 seconds
[2022-06-12 22:34:01,608] {processor.py:163} INFO - Started process (PID=2692) to work on /home/leizo/.local/lib/python3.8/site-packages/airflow/example_dags/example_latest_only.py
[2022-06-12 22:34:01,611] {processor.py:642} INFO - Processing file /home/leizo/.local/lib/python3.8/site-packages/airflow/example_dags/example_latest_only.py for tasks to queue
[2022-06-12 22:34:01,611] {logging_mixin.py:109} INFO - [2022-06-12 22:34:01,611] {dagbag.py:500} INFO - Filling up the DagBag from /home/leizo/.local/lib/python3.8/site-packages/airflow/example_dags/example_latest_only.py
[2022-06-12 22:34:01,623] {processor.py:652} INFO - DAG(s) dict_keys(['latest_only']) retrieved from /home/leizo/.local/lib/python3.8/site-packages/airflow/example_dags/example_latest_only.py
[2022-06-12 22:34:01,633] {logging_mixin.py:109} INFO - [2022-06-12 22:34:01,633] {dag.py:2398} INFO - Sync 1 DAGs
[2022-06-12 22:34:01,645] {logging_mixin.py:109} INFO - [2022-06-12 22:34:01,645] {dag.py:2937} INFO - Setting next_dagrun for latest_only to 2022-06-12T16:34:01.645564+00:00
[2022-06-12 22:34:01,660] {processor.py:171} INFO - Processing /home/leizo/.local/lib/python3.8/site-packages/airflow/example_dags/example_latest_only.py took 0.054 seconds
[2022-06-12 22:34:42,654] {processor.py:163} INFO - Started process (PID=2772) to work on /home/leizo/.local/lib/python3.8/site-packages/airflow/example_dags/example_latest_only.py
[2022-06-12 22:34:42,656] {processor.py:642} INFO - Processing file /home/leizo/.local/lib/python3.8/site-packages/airflow/example_dags/example_latest_only.py for tasks to queue
[2022-06-12 22:34:42,656] {logging_mixin.py:109} INFO - [2022-06-12 22:34:42,656] {dagbag.py:500} INFO - Filling up the DagBag from /home/leizo/.local/lib/python3.8/site-packages/airflow/example_dags/example_latest_only.py
[2022-06-12 22:34:42,668] {processor.py:652} INFO - DAG(s) dict_keys(['latest_only']) retrieved from /home/leizo/.local/lib/python3.8/site-packages/airflow/example_dags/example_latest_only.py
[2022-06-12 22:34:42,682] {logging_mixin.py:109} INFO - [2022-06-12 22:34:42,682] {dag.py:2398} INFO - Sync 1 DAGs
[2022-06-12 22:34:42,695] {logging_mixin.py:109} INFO - [2022-06-12 22:34:42,694] {dag.py:2937} INFO - Setting next_dagrun for latest_only to 2022-06-12T16:34:42.694511+00:00
[2022-06-12 22:34:42,709] {processor.py:171} INFO - Processing /home/leizo/.local/lib/python3.8/site-packages/airflow/example_dags/example_latest_only.py took 0.058 seconds
[2022-06-12 22:35:24,887] {processor.py:163} INFO - Started process (PID=2865) to work on /home/leizo/.local/lib/python3.8/site-packages/airflow/example_dags/example_latest_only.py
[2022-06-12 22:35:24,888] {processor.py:642} INFO - Processing file /home/leizo/.local/lib/python3.8/site-packages/airflow/example_dags/example_latest_only.py for tasks to queue
[2022-06-12 22:35:24,889] {logging_mixin.py:109} INFO - [2022-06-12 22:35:24,889] {dagbag.py:500} INFO - Filling up the DagBag from /home/leizo/.local/lib/python3.8/site-packages/airflow/example_dags/example_latest_only.py
[2022-06-12 22:35:24,906] {processor.py:652} INFO - DAG(s) dict_keys(['latest_only']) retrieved from /home/leizo/.local/lib/python3.8/site-packages/airflow/example_dags/example_latest_only.py
[2022-06-12 22:35:24,917] {logging_mixin.py:109} INFO - [2022-06-12 22:35:24,917] {dag.py:2398} INFO - Sync 1 DAGs
[2022-06-12 22:35:24,929] {logging_mixin.py:109} INFO - [2022-06-12 22:35:24,929] {dag.py:2937} INFO - Setting next_dagrun for latest_only to 2022-06-12T16:35:24.928934+00:00
[2022-06-12 22:35:24,947] {processor.py:171} INFO - Processing /home/leizo/.local/lib/python3.8/site-packages/airflow/example_dags/example_latest_only.py took 0.067 seconds
[2022-06-12 22:36:06,468] {processor.py:163} INFO - Started process (PID=2938) to work on /home/leizo/.local/lib/python3.8/site-packages/airflow/example_dags/example_latest_only.py
[2022-06-12 22:36:06,471] {processor.py:642} INFO - Processing file /home/leizo/.local/lib/python3.8/site-packages/airflow/example_dags/example_latest_only.py for tasks to queue
[2022-06-12 22:36:06,472] {logging_mixin.py:109} INFO - [2022-06-12 22:36:06,471] {dagbag.py:500} INFO - Filling up the DagBag from /home/leizo/.local/lib/python3.8/site-packages/airflow/example_dags/example_latest_only.py
[2022-06-12 22:36:06,487] {processor.py:652} INFO - DAG(s) dict_keys(['latest_only']) retrieved from /home/leizo/.local/lib/python3.8/site-packages/airflow/example_dags/example_latest_only.py
[2022-06-12 22:36:06,499] {logging_mixin.py:109} INFO - [2022-06-12 22:36:06,499] {dag.py:2398} INFO - Sync 1 DAGs
[2022-06-12 22:36:06,512] {logging_mixin.py:109} INFO - [2022-06-12 22:36:06,512] {dag.py:2937} INFO - Setting next_dagrun for latest_only to 2022-06-12T16:36:06.511862+00:00
[2022-06-12 22:36:06,527] {processor.py:171} INFO - Processing /home/leizo/.local/lib/python3.8/site-packages/airflow/example_dags/example_latest_only.py took 0.062 seconds
[2022-06-12 22:36:48,206] {processor.py:163} INFO - Started process (PID=3025) to work on /home/leizo/.local/lib/python3.8/site-packages/airflow/example_dags/example_latest_only.py
[2022-06-12 22:36:48,210] {processor.py:642} INFO - Processing file /home/leizo/.local/lib/python3.8/site-packages/airflow/example_dags/example_latest_only.py for tasks to queue
[2022-06-12 22:36:48,211] {logging_mixin.py:109} INFO - [2022-06-12 22:36:48,211] {dagbag.py:500} INFO - Filling up the DagBag from /home/leizo/.local/lib/python3.8/site-packages/airflow/example_dags/example_latest_only.py
[2022-06-12 22:36:48,234] {processor.py:652} INFO - DAG(s) dict_keys(['latest_only']) retrieved from /home/leizo/.local/lib/python3.8/site-packages/airflow/example_dags/example_latest_only.py
[2022-06-12 22:36:48,256] {logging_mixin.py:109} INFO - [2022-06-12 22:36:48,256] {dag.py:2398} INFO - Sync 1 DAGs
[2022-06-12 22:36:48,273] {logging_mixin.py:109} INFO - [2022-06-12 22:36:48,273] {dag.py:2937} INFO - Setting next_dagrun for latest_only to 2022-06-12T16:36:48.273582+00:00
[2022-06-12 22:36:48,294] {processor.py:171} INFO - Processing /home/leizo/.local/lib/python3.8/site-packages/airflow/example_dags/example_latest_only.py took 0.091 seconds
[2022-06-12 22:37:29,822] {processor.py:163} INFO - Started process (PID=3066) to work on /home/leizo/.local/lib/python3.8/site-packages/airflow/example_dags/example_latest_only.py
[2022-06-12 22:37:29,825] {processor.py:642} INFO - Processing file /home/leizo/.local/lib/python3.8/site-packages/airflow/example_dags/example_latest_only.py for tasks to queue
[2022-06-12 22:37:29,825] {logging_mixin.py:109} INFO - [2022-06-12 22:37:29,825] {dagbag.py:500} INFO - Filling up the DagBag from /home/leizo/.local/lib/python3.8/site-packages/airflow/example_dags/example_latest_only.py
[2022-06-12 22:37:29,839] {processor.py:652} INFO - DAG(s) dict_keys(['latest_only']) retrieved from /home/leizo/.local/lib/python3.8/site-packages/airflow/example_dags/example_latest_only.py
[2022-06-12 22:37:29,859] {logging_mixin.py:109} INFO - [2022-06-12 22:37:29,859] {dag.py:2398} INFO - Sync 1 DAGs
[2022-06-12 22:37:29,882] {logging_mixin.py:109} INFO - [2022-06-12 22:37:29,882] {dag.py:2937} INFO - Setting next_dagrun for latest_only to 2022-06-12T16:37:29.881698+00:00
[2022-06-12 22:37:29,899] {processor.py:171} INFO - Processing /home/leizo/.local/lib/python3.8/site-packages/airflow/example_dags/example_latest_only.py took 0.080 seconds
[2022-06-12 22:38:11,965] {processor.py:163} INFO - Started process (PID=3106) to work on /home/leizo/.local/lib/python3.8/site-packages/airflow/example_dags/example_latest_only.py
[2022-06-12 22:38:11,991] {processor.py:642} INFO - Processing file /home/leizo/.local/lib/python3.8/site-packages/airflow/example_dags/example_latest_only.py for tasks to queue
[2022-06-12 22:38:11,991] {logging_mixin.py:109} INFO - [2022-06-12 22:38:11,991] {dagbag.py:500} INFO - Filling up the DagBag from /home/leizo/.local/lib/python3.8/site-packages/airflow/example_dags/example_latest_only.py
[2022-06-12 22:38:12,007] {processor.py:652} INFO - DAG(s) dict_keys(['latest_only']) retrieved from /home/leizo/.local/lib/python3.8/site-packages/airflow/example_dags/example_latest_only.py
[2022-06-12 22:38:12,019] {logging_mixin.py:109} INFO - [2022-06-12 22:38:12,019] {dag.py:2398} INFO - Sync 1 DAGs
[2022-06-12 22:38:12,038] {logging_mixin.py:109} INFO - [2022-06-12 22:38:12,038] {dag.py:2937} INFO - Setting next_dagrun for latest_only to 2022-06-12T16:38:12.037835+00:00
[2022-06-12 22:38:12,048] {processor.py:171} INFO - Processing /home/leizo/.local/lib/python3.8/site-packages/airflow/example_dags/example_latest_only.py took 0.086 seconds
[2022-06-12 22:38:50,446] {processor.py:163} INFO - Started process (PID=3172) to work on /home/leizo/.local/lib/python3.8/site-packages/airflow/example_dags/example_latest_only.py
[2022-06-12 22:38:50,449] {processor.py:642} INFO - Processing file /home/leizo/.local/lib/python3.8/site-packages/airflow/example_dags/example_latest_only.py for tasks to queue
[2022-06-12 22:38:50,450] {logging_mixin.py:109} INFO - [2022-06-12 22:38:50,450] {dagbag.py:500} INFO - Filling up the DagBag from /home/leizo/.local/lib/python3.8/site-packages/airflow/example_dags/example_latest_only.py
[2022-06-12 22:38:50,463] {processor.py:652} INFO - DAG(s) dict_keys(['latest_only']) retrieved from /home/leizo/.local/lib/python3.8/site-packages/airflow/example_dags/example_latest_only.py
[2022-06-12 22:38:50,478] {logging_mixin.py:109} INFO - [2022-06-12 22:38:50,477] {dag.py:2398} INFO - Sync 1 DAGs
[2022-06-12 22:38:50,498] {logging_mixin.py:109} INFO - [2022-06-12 22:38:50,498] {dag.py:2937} INFO - Setting next_dagrun for latest_only to 2022-06-12T16:38:50.497716+00:00
[2022-06-12 22:38:50,514] {processor.py:171} INFO - Processing /home/leizo/.local/lib/python3.8/site-packages/airflow/example_dags/example_latest_only.py took 0.071 seconds
[2022-06-12 22:39:32,101] {processor.py:163} INFO - Started process (PID=3245) to work on /home/leizo/.local/lib/python3.8/site-packages/airflow/example_dags/example_latest_only.py
[2022-06-12 22:39:32,105] {processor.py:642} INFO - Processing file /home/leizo/.local/lib/python3.8/site-packages/airflow/example_dags/example_latest_only.py for tasks to queue
[2022-06-12 22:39:32,107] {logging_mixin.py:109} INFO - [2022-06-12 22:39:32,107] {dagbag.py:500} INFO - Filling up the DagBag from /home/leizo/.local/lib/python3.8/site-packages/airflow/example_dags/example_latest_only.py
[2022-06-12 22:39:32,135] {processor.py:652} INFO - DAG(s) dict_keys(['latest_only']) retrieved from /home/leizo/.local/lib/python3.8/site-packages/airflow/example_dags/example_latest_only.py
[2022-06-12 22:39:32,147] {logging_mixin.py:109} INFO - [2022-06-12 22:39:32,146] {dag.py:2398} INFO - Sync 1 DAGs
[2022-06-12 22:39:32,156] {logging_mixin.py:109} INFO - [2022-06-12 22:39:32,156] {dag.py:2937} INFO - Setting next_dagrun for latest_only to 2022-06-12T16:39:32.156664+00:00
[2022-06-12 22:39:32,174] {processor.py:171} INFO - Processing /home/leizo/.local/lib/python3.8/site-packages/airflow/example_dags/example_latest_only.py took 0.079 seconds
[2022-06-12 22:40:14,867] {processor.py:163} INFO - Started process (PID=3288) to work on /home/leizo/.local/lib/python3.8/site-packages/airflow/example_dags/example_latest_only.py
[2022-06-12 22:40:14,870] {processor.py:642} INFO - Processing file /home/leizo/.local/lib/python3.8/site-packages/airflow/example_dags/example_latest_only.py for tasks to queue
[2022-06-12 22:40:14,871] {logging_mixin.py:109} INFO - [2022-06-12 22:40:14,871] {dagbag.py:500} INFO - Filling up the DagBag from /home/leizo/.local/lib/python3.8/site-packages/airflow/example_dags/example_latest_only.py
[2022-06-12 22:40:14,896] {processor.py:652} INFO - DAG(s) dict_keys(['latest_only']) retrieved from /home/leizo/.local/lib/python3.8/site-packages/airflow/example_dags/example_latest_only.py
[2022-06-12 22:40:14,913] {logging_mixin.py:109} INFO - [2022-06-12 22:40:14,913] {dag.py:2398} INFO - Sync 1 DAGs
[2022-06-12 22:40:14,926] {logging_mixin.py:109} INFO - [2022-06-12 22:40:14,926] {dag.py:2937} INFO - Setting next_dagrun for latest_only to 2022-06-12T16:40:14.925701+00:00
[2022-06-12 22:40:14,943] {processor.py:171} INFO - Processing /home/leizo/.local/lib/python3.8/site-packages/airflow/example_dags/example_latest_only.py took 0.081 seconds
