[2022-06-12 21:59:30,732] {processor.py:163} INFO - Started process (PID=107) to work on /home/leizo/.local/lib/python3.8/site-packages/airflow/example_dags/example_kubernetes_executor.py
[2022-06-12 21:59:30,735] {processor.py:642} INFO - Processing file /home/leizo/.local/lib/python3.8/site-packages/airflow/example_dags/example_kubernetes_executor.py for tasks to queue
[2022-06-12 21:59:30,736] {logging_mixin.py:109} INFO - [2022-06-12 21:59:30,736] {dagbag.py:500} INFO - Filling up the DagBag from /home/leizo/.local/lib/python3.8/site-packages/airflow/example_dags/example_kubernetes_executor.py
[2022-06-12 21:59:30,764] {logging_mixin.py:109} INFO - [2022-06-12 21:59:30,764] {example_kubernetes_executor.py:39} WARNING - The example_kubernetes_executor example DAG requires the kubernetes provider. Please install it with: pip install apache-airflow[cncf.kubernetes]
[2022-06-12 21:59:30,765] {processor.py:654} WARNING - No viable dags retrieved from /home/leizo/.local/lib/python3.8/site-packages/airflow/example_dags/example_kubernetes_executor.py
[2022-06-12 21:59:30,795] {processor.py:171} INFO - Processing /home/leizo/.local/lib/python3.8/site-packages/airflow/example_dags/example_kubernetes_executor.py took 0.070 seconds
[2022-06-12 22:00:18,782] {processor.py:163} INFO - Started process (PID=175) to work on /home/leizo/.local/lib/python3.8/site-packages/airflow/example_dags/example_kubernetes_executor.py
[2022-06-12 22:00:18,785] {processor.py:642} INFO - Processing file /home/leizo/.local/lib/python3.8/site-packages/airflow/example_dags/example_kubernetes_executor.py for tasks to queue
[2022-06-12 22:00:18,786] {logging_mixin.py:109} INFO - [2022-06-12 22:00:18,786] {dagbag.py:500} INFO - Filling up the DagBag from /home/leizo/.local/lib/python3.8/site-packages/airflow/example_dags/example_kubernetes_executor.py
[2022-06-12 22:00:18,806] {logging_mixin.py:109} INFO - [2022-06-12 22:00:18,805] {example_kubernetes_executor.py:39} WARNING - The example_kubernetes_executor example DAG requires the kubernetes provider. Please install it with: pip install apache-airflow[cncf.kubernetes]
[2022-06-12 22:00:18,806] {processor.py:654} WARNING - No viable dags retrieved from /home/leizo/.local/lib/python3.8/site-packages/airflow/example_dags/example_kubernetes_executor.py
[2022-06-12 22:00:18,830] {processor.py:171} INFO - Processing /home/leizo/.local/lib/python3.8/site-packages/airflow/example_dags/example_kubernetes_executor.py took 0.054 seconds
[2022-06-12 22:01:05,635] {processor.py:163} INFO - Started process (PID=209) to work on /home/leizo/.local/lib/python3.8/site-packages/airflow/example_dags/example_kubernetes_executor.py
[2022-06-12 22:01:05,639] {processor.py:642} INFO - Processing file /home/leizo/.local/lib/python3.8/site-packages/airflow/example_dags/example_kubernetes_executor.py for tasks to queue
[2022-06-12 22:01:05,640] {logging_mixin.py:109} INFO - [2022-06-12 22:01:05,640] {dagbag.py:500} INFO - Filling up the DagBag from /home/leizo/.local/lib/python3.8/site-packages/airflow/example_dags/example_kubernetes_executor.py
[2022-06-12 22:01:05,687] {logging_mixin.py:109} INFO - [2022-06-12 22:01:05,686] {example_kubernetes_executor.py:39} WARNING - The example_kubernetes_executor example DAG requires the kubernetes provider. Please install it with: pip install apache-airflow[cncf.kubernetes]
[2022-06-12 22:01:05,687] {processor.py:654} WARNING - No viable dags retrieved from /home/leizo/.local/lib/python3.8/site-packages/airflow/example_dags/example_kubernetes_executor.py
[2022-06-12 22:01:05,712] {processor.py:171} INFO - Processing /home/leizo/.local/lib/python3.8/site-packages/airflow/example_dags/example_kubernetes_executor.py took 0.091 seconds
[2022-06-12 22:01:44,827] {processor.py:163} INFO - Started process (PID=236) to work on /home/leizo/.local/lib/python3.8/site-packages/airflow/example_dags/example_kubernetes_executor.py
[2022-06-12 22:01:44,829] {processor.py:642} INFO - Processing file /home/leizo/.local/lib/python3.8/site-packages/airflow/example_dags/example_kubernetes_executor.py for tasks to queue
[2022-06-12 22:01:44,830] {logging_mixin.py:109} INFO - [2022-06-12 22:01:44,830] {dagbag.py:500} INFO - Filling up the DagBag from /home/leizo/.local/lib/python3.8/site-packages/airflow/example_dags/example_kubernetes_executor.py
[2022-06-12 22:01:44,849] {logging_mixin.py:109} INFO - [2022-06-12 22:01:44,848] {example_kubernetes_executor.py:39} WARNING - The example_kubernetes_executor example DAG requires the kubernetes provider. Please install it with: pip install apache-airflow[cncf.kubernetes]
[2022-06-12 22:01:44,849] {processor.py:654} WARNING - No viable dags retrieved from /home/leizo/.local/lib/python3.8/site-packages/airflow/example_dags/example_kubernetes_executor.py
[2022-06-12 22:01:44,863] {processor.py:171} INFO - Processing /home/leizo/.local/lib/python3.8/site-packages/airflow/example_dags/example_kubernetes_executor.py took 0.042 seconds
[2022-06-12 22:02:28,013] {processor.py:163} INFO - Started process (PID=270) to work on /home/leizo/.local/lib/python3.8/site-packages/airflow/example_dags/example_kubernetes_executor.py
[2022-06-12 22:02:28,020] {processor.py:642} INFO - Processing file /home/leizo/.local/lib/python3.8/site-packages/airflow/example_dags/example_kubernetes_executor.py for tasks to queue
[2022-06-12 22:02:28,021] {logging_mixin.py:109} INFO - [2022-06-12 22:02:28,021] {dagbag.py:500} INFO - Filling up the DagBag from /home/leizo/.local/lib/python3.8/site-packages/airflow/example_dags/example_kubernetes_executor.py
[2022-06-12 22:02:28,073] {logging_mixin.py:109} INFO - [2022-06-12 22:02:28,073] {example_kubernetes_executor.py:39} WARNING - The example_kubernetes_executor example DAG requires the kubernetes provider. Please install it with: pip install apache-airflow[cncf.kubernetes]
[2022-06-12 22:02:28,074] {processor.py:654} WARNING - No viable dags retrieved from /home/leizo/.local/lib/python3.8/site-packages/airflow/example_dags/example_kubernetes_executor.py
[2022-06-12 22:02:28,097] {processor.py:171} INFO - Processing /home/leizo/.local/lib/python3.8/site-packages/airflow/example_dags/example_kubernetes_executor.py took 0.096 seconds
[2022-06-12 22:03:02,264] {processor.py:163} INFO - Started process (PID=299) to work on /home/leizo/.local/lib/python3.8/site-packages/airflow/example_dags/example_kubernetes_executor.py
[2022-06-12 22:03:02,265] {processor.py:642} INFO - Processing file /home/leizo/.local/lib/python3.8/site-packages/airflow/example_dags/example_kubernetes_executor.py for tasks to queue
[2022-06-12 22:03:02,266] {logging_mixin.py:109} INFO - [2022-06-12 22:03:02,266] {dagbag.py:500} INFO - Filling up the DagBag from /home/leizo/.local/lib/python3.8/site-packages/airflow/example_dags/example_kubernetes_executor.py
[2022-06-12 22:03:02,278] {logging_mixin.py:109} INFO - [2022-06-12 22:03:02,278] {example_kubernetes_executor.py:39} WARNING - The example_kubernetes_executor example DAG requires the kubernetes provider. Please install it with: pip install apache-airflow[cncf.kubernetes]
[2022-06-12 22:03:02,278] {processor.py:654} WARNING - No viable dags retrieved from /home/leizo/.local/lib/python3.8/site-packages/airflow/example_dags/example_kubernetes_executor.py
[2022-06-12 22:03:02,287] {processor.py:171} INFO - Processing /home/leizo/.local/lib/python3.8/site-packages/airflow/example_dags/example_kubernetes_executor.py took 0.026 seconds
[2022-06-12 22:03:35,286] {processor.py:163} INFO - Started process (PID=327) to work on /home/leizo/.local/lib/python3.8/site-packages/airflow/example_dags/example_kubernetes_executor.py
[2022-06-12 22:03:35,288] {processor.py:642} INFO - Processing file /home/leizo/.local/lib/python3.8/site-packages/airflow/example_dags/example_kubernetes_executor.py for tasks to queue
[2022-06-12 22:03:35,289] {logging_mixin.py:109} INFO - [2022-06-12 22:03:35,288] {dagbag.py:500} INFO - Filling up the DagBag from /home/leizo/.local/lib/python3.8/site-packages/airflow/example_dags/example_kubernetes_executor.py
[2022-06-12 22:03:35,303] {logging_mixin.py:109} INFO - [2022-06-12 22:03:35,303] {example_kubernetes_executor.py:39} WARNING - The example_kubernetes_executor example DAG requires the kubernetes provider. Please install it with: pip install apache-airflow[cncf.kubernetes]
[2022-06-12 22:03:35,303] {processor.py:654} WARNING - No viable dags retrieved from /home/leizo/.local/lib/python3.8/site-packages/airflow/example_dags/example_kubernetes_executor.py
[2022-06-12 22:03:35,314] {processor.py:171} INFO - Processing /home/leizo/.local/lib/python3.8/site-packages/airflow/example_dags/example_kubernetes_executor.py took 0.033 seconds
[2022-06-12 22:04:15,768] {processor.py:163} INFO - Started process (PID=356) to work on /home/leizo/.local/lib/python3.8/site-packages/airflow/example_dags/example_kubernetes_executor.py
[2022-06-12 22:04:15,771] {processor.py:642} INFO - Processing file /home/leizo/.local/lib/python3.8/site-packages/airflow/example_dags/example_kubernetes_executor.py for tasks to queue
[2022-06-12 22:04:15,773] {logging_mixin.py:109} INFO - [2022-06-12 22:04:15,772] {dagbag.py:500} INFO - Filling up the DagBag from /home/leizo/.local/lib/python3.8/site-packages/airflow/example_dags/example_kubernetes_executor.py
[2022-06-12 22:04:15,790] {logging_mixin.py:109} INFO - [2022-06-12 22:04:15,789] {example_kubernetes_executor.py:39} WARNING - The example_kubernetes_executor example DAG requires the kubernetes provider. Please install it with: pip install apache-airflow[cncf.kubernetes]
[2022-06-12 22:04:15,790] {processor.py:654} WARNING - No viable dags retrieved from /home/leizo/.local/lib/python3.8/site-packages/airflow/example_dags/example_kubernetes_executor.py
[2022-06-12 22:04:15,814] {processor.py:171} INFO - Processing /home/leizo/.local/lib/python3.8/site-packages/airflow/example_dags/example_kubernetes_executor.py took 0.051 seconds
[2022-06-12 22:04:55,766] {processor.py:163} INFO - Started process (PID=382) to work on /home/leizo/.local/lib/python3.8/site-packages/airflow/example_dags/example_kubernetes_executor.py
[2022-06-12 22:04:55,769] {processor.py:642} INFO - Processing file /home/leizo/.local/lib/python3.8/site-packages/airflow/example_dags/example_kubernetes_executor.py for tasks to queue
[2022-06-12 22:04:55,770] {logging_mixin.py:109} INFO - [2022-06-12 22:04:55,770] {dagbag.py:500} INFO - Filling up the DagBag from /home/leizo/.local/lib/python3.8/site-packages/airflow/example_dags/example_kubernetes_executor.py
[2022-06-12 22:04:55,798] {logging_mixin.py:109} INFO - [2022-06-12 22:04:55,798] {example_kubernetes_executor.py:39} WARNING - The example_kubernetes_executor example DAG requires the kubernetes provider. Please install it with: pip install apache-airflow[cncf.kubernetes]
[2022-06-12 22:04:55,799] {processor.py:654} WARNING - No viable dags retrieved from /home/leizo/.local/lib/python3.8/site-packages/airflow/example_dags/example_kubernetes_executor.py
[2022-06-12 22:04:55,827] {processor.py:171} INFO - Processing /home/leizo/.local/lib/python3.8/site-packages/airflow/example_dags/example_kubernetes_executor.py took 0.071 seconds
[2022-06-12 22:05:36,201] {processor.py:163} INFO - Started process (PID=447) to work on /home/leizo/.local/lib/python3.8/site-packages/airflow/example_dags/example_kubernetes_executor.py
[2022-06-12 22:05:36,205] {processor.py:642} INFO - Processing file /home/leizo/.local/lib/python3.8/site-packages/airflow/example_dags/example_kubernetes_executor.py for tasks to queue
[2022-06-12 22:05:36,206] {logging_mixin.py:109} INFO - [2022-06-12 22:05:36,206] {dagbag.py:500} INFO - Filling up the DagBag from /home/leizo/.local/lib/python3.8/site-packages/airflow/example_dags/example_kubernetes_executor.py
[2022-06-12 22:05:36,237] {logging_mixin.py:109} INFO - [2022-06-12 22:05:36,237] {example_kubernetes_executor.py:39} WARNING - The example_kubernetes_executor example DAG requires the kubernetes provider. Please install it with: pip install apache-airflow[cncf.kubernetes]
[2022-06-12 22:05:36,238] {processor.py:654} WARNING - No viable dags retrieved from /home/leizo/.local/lib/python3.8/site-packages/airflow/example_dags/example_kubernetes_executor.py
[2022-06-12 22:05:36,255] {processor.py:171} INFO - Processing /home/leizo/.local/lib/python3.8/site-packages/airflow/example_dags/example_kubernetes_executor.py took 0.061 seconds
[2022-06-12 22:06:09,919] {processor.py:163} INFO - Started process (PID=485) to work on /home/leizo/.local/lib/python3.8/site-packages/airflow/example_dags/example_kubernetes_executor.py
[2022-06-12 22:06:09,922] {processor.py:642} INFO - Processing file /home/leizo/.local/lib/python3.8/site-packages/airflow/example_dags/example_kubernetes_executor.py for tasks to queue
[2022-06-12 22:06:09,934] {logging_mixin.py:109} INFO - [2022-06-12 22:06:09,934] {dagbag.py:500} INFO - Filling up the DagBag from /home/leizo/.local/lib/python3.8/site-packages/airflow/example_dags/example_kubernetes_executor.py
[2022-06-12 22:06:09,988] {logging_mixin.py:109} INFO - [2022-06-12 22:06:09,987] {example_kubernetes_executor.py:39} WARNING - The example_kubernetes_executor example DAG requires the kubernetes provider. Please install it with: pip install apache-airflow[cncf.kubernetes]
[2022-06-12 22:06:09,988] {processor.py:654} WARNING - No viable dags retrieved from /home/leizo/.local/lib/python3.8/site-packages/airflow/example_dags/example_kubernetes_executor.py
[2022-06-12 22:06:10,027] {processor.py:171} INFO - Processing /home/leizo/.local/lib/python3.8/site-packages/airflow/example_dags/example_kubernetes_executor.py took 0.119 seconds
[2022-06-12 22:06:44,409] {processor.py:163} INFO - Started process (PID=626) to work on /home/leizo/.local/lib/python3.8/site-packages/airflow/example_dags/example_kubernetes_executor.py
[2022-06-12 22:06:44,412] {processor.py:642} INFO - Processing file /home/leizo/.local/lib/python3.8/site-packages/airflow/example_dags/example_kubernetes_executor.py for tasks to queue
[2022-06-12 22:06:44,413] {logging_mixin.py:109} INFO - [2022-06-12 22:06:44,413] {dagbag.py:500} INFO - Filling up the DagBag from /home/leizo/.local/lib/python3.8/site-packages/airflow/example_dags/example_kubernetes_executor.py
[2022-06-12 22:06:44,434] {logging_mixin.py:109} INFO - [2022-06-12 22:06:44,433] {example_kubernetes_executor.py:39} WARNING - The example_kubernetes_executor example DAG requires the kubernetes provider. Please install it with: pip install apache-airflow[cncf.kubernetes]
[2022-06-12 22:06:44,434] {processor.py:654} WARNING - No viable dags retrieved from /home/leizo/.local/lib/python3.8/site-packages/airflow/example_dags/example_kubernetes_executor.py
[2022-06-12 22:06:44,447] {processor.py:171} INFO - Processing /home/leizo/.local/lib/python3.8/site-packages/airflow/example_dags/example_kubernetes_executor.py took 0.047 seconds
[2022-06-12 22:07:21,393] {processor.py:163} INFO - Started process (PID=658) to work on /home/leizo/.local/lib/python3.8/site-packages/airflow/example_dags/example_kubernetes_executor.py
[2022-06-12 22:07:21,394] {processor.py:642} INFO - Processing file /home/leizo/.local/lib/python3.8/site-packages/airflow/example_dags/example_kubernetes_executor.py for tasks to queue
[2022-06-12 22:07:21,395] {logging_mixin.py:109} INFO - [2022-06-12 22:07:21,395] {dagbag.py:500} INFO - Filling up the DagBag from /home/leizo/.local/lib/python3.8/site-packages/airflow/example_dags/example_kubernetes_executor.py
[2022-06-12 22:07:21,414] {logging_mixin.py:109} INFO - [2022-06-12 22:07:21,414] {example_kubernetes_executor.py:39} WARNING - The example_kubernetes_executor example DAG requires the kubernetes provider. Please install it with: pip install apache-airflow[cncf.kubernetes]
[2022-06-12 22:07:21,414] {processor.py:654} WARNING - No viable dags retrieved from /home/leizo/.local/lib/python3.8/site-packages/airflow/example_dags/example_kubernetes_executor.py
[2022-06-12 22:07:21,425] {processor.py:171} INFO - Processing /home/leizo/.local/lib/python3.8/site-packages/airflow/example_dags/example_kubernetes_executor.py took 0.035 seconds
[2022-06-12 22:07:53,666] {processor.py:163} INFO - Started process (PID=688) to work on /home/leizo/.local/lib/python3.8/site-packages/airflow/example_dags/example_kubernetes_executor.py
[2022-06-12 22:07:53,667] {processor.py:642} INFO - Processing file /home/leizo/.local/lib/python3.8/site-packages/airflow/example_dags/example_kubernetes_executor.py for tasks to queue
[2022-06-12 22:07:53,668] {logging_mixin.py:109} INFO - [2022-06-12 22:07:53,668] {dagbag.py:500} INFO - Filling up the DagBag from /home/leizo/.local/lib/python3.8/site-packages/airflow/example_dags/example_kubernetes_executor.py
[2022-06-12 22:07:53,685] {logging_mixin.py:109} INFO - [2022-06-12 22:07:53,685] {example_kubernetes_executor.py:39} WARNING - The example_kubernetes_executor example DAG requires the kubernetes provider. Please install it with: pip install apache-airflow[cncf.kubernetes]
[2022-06-12 22:07:53,685] {processor.py:654} WARNING - No viable dags retrieved from /home/leizo/.local/lib/python3.8/site-packages/airflow/example_dags/example_kubernetes_executor.py
[2022-06-12 22:07:53,696] {processor.py:171} INFO - Processing /home/leizo/.local/lib/python3.8/site-packages/airflow/example_dags/example_kubernetes_executor.py took 0.034 seconds
[2022-06-12 22:08:27,905] {processor.py:163} INFO - Started process (PID=722) to work on /home/leizo/.local/lib/python3.8/site-packages/airflow/example_dags/example_kubernetes_executor.py
[2022-06-12 22:08:27,906] {processor.py:642} INFO - Processing file /home/leizo/.local/lib/python3.8/site-packages/airflow/example_dags/example_kubernetes_executor.py for tasks to queue
[2022-06-12 22:08:27,907] {logging_mixin.py:109} INFO - [2022-06-12 22:08:27,907] {dagbag.py:500} INFO - Filling up the DagBag from /home/leizo/.local/lib/python3.8/site-packages/airflow/example_dags/example_kubernetes_executor.py
[2022-06-12 22:08:27,916] {logging_mixin.py:109} INFO - [2022-06-12 22:08:27,916] {example_kubernetes_executor.py:39} WARNING - The example_kubernetes_executor example DAG requires the kubernetes provider. Please install it with: pip install apache-airflow[cncf.kubernetes]
[2022-06-12 22:08:27,917] {processor.py:654} WARNING - No viable dags retrieved from /home/leizo/.local/lib/python3.8/site-packages/airflow/example_dags/example_kubernetes_executor.py
[2022-06-12 22:08:27,925] {processor.py:171} INFO - Processing /home/leizo/.local/lib/python3.8/site-packages/airflow/example_dags/example_kubernetes_executor.py took 0.023 seconds
[2022-06-12 22:09:04,473] {processor.py:163} INFO - Started process (PID=755) to work on /home/leizo/.local/lib/python3.8/site-packages/airflow/example_dags/example_kubernetes_executor.py
[2022-06-12 22:09:04,474] {processor.py:642} INFO - Processing file /home/leizo/.local/lib/python3.8/site-packages/airflow/example_dags/example_kubernetes_executor.py for tasks to queue
[2022-06-12 22:09:04,475] {logging_mixin.py:109} INFO - [2022-06-12 22:09:04,475] {dagbag.py:500} INFO - Filling up the DagBag from /home/leizo/.local/lib/python3.8/site-packages/airflow/example_dags/example_kubernetes_executor.py
[2022-06-12 22:09:04,485] {logging_mixin.py:109} INFO - [2022-06-12 22:09:04,485] {example_kubernetes_executor.py:39} WARNING - The example_kubernetes_executor example DAG requires the kubernetes provider. Please install it with: pip install apache-airflow[cncf.kubernetes]
[2022-06-12 22:09:04,486] {processor.py:654} WARNING - No viable dags retrieved from /home/leizo/.local/lib/python3.8/site-packages/airflow/example_dags/example_kubernetes_executor.py
[2022-06-12 22:09:04,494] {processor.py:171} INFO - Processing /home/leizo/.local/lib/python3.8/site-packages/airflow/example_dags/example_kubernetes_executor.py took 0.024 seconds
[2022-06-12 22:09:42,727] {processor.py:163} INFO - Started process (PID=789) to work on /home/leizo/.local/lib/python3.8/site-packages/airflow/example_dags/example_kubernetes_executor.py
[2022-06-12 22:09:42,729] {processor.py:642} INFO - Processing file /home/leizo/.local/lib/python3.8/site-packages/airflow/example_dags/example_kubernetes_executor.py for tasks to queue
[2022-06-12 22:09:42,729] {logging_mixin.py:109} INFO - [2022-06-12 22:09:42,729] {dagbag.py:500} INFO - Filling up the DagBag from /home/leizo/.local/lib/python3.8/site-packages/airflow/example_dags/example_kubernetes_executor.py
[2022-06-12 22:09:42,739] {logging_mixin.py:109} INFO - [2022-06-12 22:09:42,738] {example_kubernetes_executor.py:39} WARNING - The example_kubernetes_executor example DAG requires the kubernetes provider. Please install it with: pip install apache-airflow[cncf.kubernetes]
[2022-06-12 22:09:42,739] {processor.py:654} WARNING - No viable dags retrieved from /home/leizo/.local/lib/python3.8/site-packages/airflow/example_dags/example_kubernetes_executor.py
[2022-06-12 22:09:42,748] {processor.py:171} INFO - Processing /home/leizo/.local/lib/python3.8/site-packages/airflow/example_dags/example_kubernetes_executor.py took 0.024 seconds
[2022-06-12 22:10:19,863] {processor.py:163} INFO - Started process (PID=823) to work on /home/leizo/.local/lib/python3.8/site-packages/airflow/example_dags/example_kubernetes_executor.py
[2022-06-12 22:10:19,873] {processor.py:642} INFO - Processing file /home/leizo/.local/lib/python3.8/site-packages/airflow/example_dags/example_kubernetes_executor.py for tasks to queue
[2022-06-12 22:10:19,874] {logging_mixin.py:109} INFO - [2022-06-12 22:10:19,874] {dagbag.py:500} INFO - Filling up the DagBag from /home/leizo/.local/lib/python3.8/site-packages/airflow/example_dags/example_kubernetes_executor.py
[2022-06-12 22:10:19,916] {logging_mixin.py:109} INFO - [2022-06-12 22:10:19,916] {example_kubernetes_executor.py:39} WARNING - The example_kubernetes_executor example DAG requires the kubernetes provider. Please install it with: pip install apache-airflow[cncf.kubernetes]
[2022-06-12 22:10:19,917] {processor.py:654} WARNING - No viable dags retrieved from /home/leizo/.local/lib/python3.8/site-packages/airflow/example_dags/example_kubernetes_executor.py
[2022-06-12 22:10:19,949] {processor.py:171} INFO - Processing /home/leizo/.local/lib/python3.8/site-packages/airflow/example_dags/example_kubernetes_executor.py took 0.092 seconds
[2022-06-12 22:10:53,733] {processor.py:163} INFO - Started process (PID=849) to work on /home/leizo/.local/lib/python3.8/site-packages/airflow/example_dags/example_kubernetes_executor.py
[2022-06-12 22:10:53,736] {processor.py:642} INFO - Processing file /home/leizo/.local/lib/python3.8/site-packages/airflow/example_dags/example_kubernetes_executor.py for tasks to queue
[2022-06-12 22:10:53,737] {logging_mixin.py:109} INFO - [2022-06-12 22:10:53,737] {dagbag.py:500} INFO - Filling up the DagBag from /home/leizo/.local/lib/python3.8/site-packages/airflow/example_dags/example_kubernetes_executor.py
[2022-06-12 22:10:53,763] {logging_mixin.py:109} INFO - [2022-06-12 22:10:53,763] {example_kubernetes_executor.py:39} WARNING - The example_kubernetes_executor example DAG requires the kubernetes provider. Please install it with: pip install apache-airflow[cncf.kubernetes]
[2022-06-12 22:10:53,764] {processor.py:654} WARNING - No viable dags retrieved from /home/leizo/.local/lib/python3.8/site-packages/airflow/example_dags/example_kubernetes_executor.py
[2022-06-12 22:10:53,781] {processor.py:171} INFO - Processing /home/leizo/.local/lib/python3.8/site-packages/airflow/example_dags/example_kubernetes_executor.py took 0.053 seconds
[2022-06-12 22:11:30,420] {processor.py:163} INFO - Started process (PID=874) to work on /home/leizo/.local/lib/python3.8/site-packages/airflow/example_dags/example_kubernetes_executor.py
[2022-06-12 22:11:30,423] {processor.py:642} INFO - Processing file /home/leizo/.local/lib/python3.8/site-packages/airflow/example_dags/example_kubernetes_executor.py for tasks to queue
[2022-06-12 22:11:30,424] {logging_mixin.py:109} INFO - [2022-06-12 22:11:30,424] {dagbag.py:500} INFO - Filling up the DagBag from /home/leizo/.local/lib/python3.8/site-packages/airflow/example_dags/example_kubernetes_executor.py
[2022-06-12 22:11:30,466] {logging_mixin.py:109} INFO - [2022-06-12 22:11:30,466] {example_kubernetes_executor.py:39} WARNING - The example_kubernetes_executor example DAG requires the kubernetes provider. Please install it with: pip install apache-airflow[cncf.kubernetes]
[2022-06-12 22:11:30,467] {processor.py:654} WARNING - No viable dags retrieved from /home/leizo/.local/lib/python3.8/site-packages/airflow/example_dags/example_kubernetes_executor.py
[2022-06-12 22:11:30,502] {processor.py:171} INFO - Processing /home/leizo/.local/lib/python3.8/site-packages/airflow/example_dags/example_kubernetes_executor.py took 0.088 seconds
[2022-06-12 22:12:12,905] {processor.py:163} INFO - Started process (PID=908) to work on /home/leizo/.local/lib/python3.8/site-packages/airflow/example_dags/example_kubernetes_executor.py
[2022-06-12 22:12:12,907] {processor.py:642} INFO - Processing file /home/leizo/.local/lib/python3.8/site-packages/airflow/example_dags/example_kubernetes_executor.py for tasks to queue
[2022-06-12 22:12:12,908] {logging_mixin.py:109} INFO - [2022-06-12 22:12:12,908] {dagbag.py:500} INFO - Filling up the DagBag from /home/leizo/.local/lib/python3.8/site-packages/airflow/example_dags/example_kubernetes_executor.py
[2022-06-12 22:12:12,924] {logging_mixin.py:109} INFO - [2022-06-12 22:12:12,924] {example_kubernetes_executor.py:39} WARNING - The example_kubernetes_executor example DAG requires the kubernetes provider. Please install it with: pip install apache-airflow[cncf.kubernetes]
[2022-06-12 22:12:12,925] {processor.py:654} WARNING - No viable dags retrieved from /home/leizo/.local/lib/python3.8/site-packages/airflow/example_dags/example_kubernetes_executor.py
[2022-06-12 22:12:12,935] {processor.py:171} INFO - Processing /home/leizo/.local/lib/python3.8/site-packages/airflow/example_dags/example_kubernetes_executor.py took 0.035 seconds
[2022-06-12 22:12:49,306] {processor.py:163} INFO - Started process (PID=939) to work on /home/leizo/.local/lib/python3.8/site-packages/airflow/example_dags/example_kubernetes_executor.py
[2022-06-12 22:12:49,308] {processor.py:642} INFO - Processing file /home/leizo/.local/lib/python3.8/site-packages/airflow/example_dags/example_kubernetes_executor.py for tasks to queue
[2022-06-12 22:12:49,309] {logging_mixin.py:109} INFO - [2022-06-12 22:12:49,309] {dagbag.py:500} INFO - Filling up the DagBag from /home/leizo/.local/lib/python3.8/site-packages/airflow/example_dags/example_kubernetes_executor.py
[2022-06-12 22:12:49,325] {logging_mixin.py:109} INFO - [2022-06-12 22:12:49,325] {example_kubernetes_executor.py:39} WARNING - The example_kubernetes_executor example DAG requires the kubernetes provider. Please install it with: pip install apache-airflow[cncf.kubernetes]
[2022-06-12 22:12:49,326] {processor.py:654} WARNING - No viable dags retrieved from /home/leizo/.local/lib/python3.8/site-packages/airflow/example_dags/example_kubernetes_executor.py
[2022-06-12 22:12:49,336] {processor.py:171} INFO - Processing /home/leizo/.local/lib/python3.8/site-packages/airflow/example_dags/example_kubernetes_executor.py took 0.032 seconds
[2022-06-12 22:13:25,544] {processor.py:163} INFO - Started process (PID=971) to work on /home/leizo/.local/lib/python3.8/site-packages/airflow/example_dags/example_kubernetes_executor.py
[2022-06-12 22:13:25,546] {processor.py:642} INFO - Processing file /home/leizo/.local/lib/python3.8/site-packages/airflow/example_dags/example_kubernetes_executor.py for tasks to queue
[2022-06-12 22:13:25,547] {logging_mixin.py:109} INFO - [2022-06-12 22:13:25,547] {dagbag.py:500} INFO - Filling up the DagBag from /home/leizo/.local/lib/python3.8/site-packages/airflow/example_dags/example_kubernetes_executor.py
[2022-06-12 22:13:25,561] {logging_mixin.py:109} INFO - [2022-06-12 22:13:25,561] {example_kubernetes_executor.py:39} WARNING - The example_kubernetes_executor example DAG requires the kubernetes provider. Please install it with: pip install apache-airflow[cncf.kubernetes]
[2022-06-12 22:13:25,561] {processor.py:654} WARNING - No viable dags retrieved from /home/leizo/.local/lib/python3.8/site-packages/airflow/example_dags/example_kubernetes_executor.py
[2022-06-12 22:13:25,572] {processor.py:171} INFO - Processing /home/leizo/.local/lib/python3.8/site-packages/airflow/example_dags/example_kubernetes_executor.py took 0.030 seconds
[2022-06-12 22:14:03,440] {processor.py:163} INFO - Started process (PID=1006) to work on /home/leizo/.local/lib/python3.8/site-packages/airflow/example_dags/example_kubernetes_executor.py
[2022-06-12 22:14:03,442] {processor.py:642} INFO - Processing file /home/leizo/.local/lib/python3.8/site-packages/airflow/example_dags/example_kubernetes_executor.py for tasks to queue
[2022-06-12 22:14:03,443] {logging_mixin.py:109} INFO - [2022-06-12 22:14:03,443] {dagbag.py:500} INFO - Filling up the DagBag from /home/leizo/.local/lib/python3.8/site-packages/airflow/example_dags/example_kubernetes_executor.py
[2022-06-12 22:14:03,460] {logging_mixin.py:109} INFO - [2022-06-12 22:14:03,460] {example_kubernetes_executor.py:39} WARNING - The example_kubernetes_executor example DAG requires the kubernetes provider. Please install it with: pip install apache-airflow[cncf.kubernetes]
[2022-06-12 22:14:03,460] {processor.py:654} WARNING - No viable dags retrieved from /home/leizo/.local/lib/python3.8/site-packages/airflow/example_dags/example_kubernetes_executor.py
[2022-06-12 22:14:03,475] {processor.py:171} INFO - Processing /home/leizo/.local/lib/python3.8/site-packages/airflow/example_dags/example_kubernetes_executor.py took 0.040 seconds
[2022-06-12 22:14:40,097] {processor.py:163} INFO - Started process (PID=1040) to work on /home/leizo/.local/lib/python3.8/site-packages/airflow/example_dags/example_kubernetes_executor.py
[2022-06-12 22:14:40,098] {processor.py:642} INFO - Processing file /home/leizo/.local/lib/python3.8/site-packages/airflow/example_dags/example_kubernetes_executor.py for tasks to queue
[2022-06-12 22:14:40,098] {logging_mixin.py:109} INFO - [2022-06-12 22:14:40,098] {dagbag.py:500} INFO - Filling up the DagBag from /home/leizo/.local/lib/python3.8/site-packages/airflow/example_dags/example_kubernetes_executor.py
[2022-06-12 22:14:40,108] {logging_mixin.py:109} INFO - [2022-06-12 22:14:40,108] {example_kubernetes_executor.py:39} WARNING - The example_kubernetes_executor example DAG requires the kubernetes provider. Please install it with: pip install apache-airflow[cncf.kubernetes]
[2022-06-12 22:14:40,108] {processor.py:654} WARNING - No viable dags retrieved from /home/leizo/.local/lib/python3.8/site-packages/airflow/example_dags/example_kubernetes_executor.py
[2022-06-12 22:14:40,115] {processor.py:171} INFO - Processing /home/leizo/.local/lib/python3.8/site-packages/airflow/example_dags/example_kubernetes_executor.py took 0.020 seconds
[2022-06-12 22:15:13,994] {processor.py:163} INFO - Started process (PID=1074) to work on /home/leizo/.local/lib/python3.8/site-packages/airflow/example_dags/example_kubernetes_executor.py
[2022-06-12 22:15:13,996] {processor.py:642} INFO - Processing file /home/leizo/.local/lib/python3.8/site-packages/airflow/example_dags/example_kubernetes_executor.py for tasks to queue
[2022-06-12 22:15:13,997] {logging_mixin.py:109} INFO - [2022-06-12 22:15:13,996] {dagbag.py:500} INFO - Filling up the DagBag from /home/leizo/.local/lib/python3.8/site-packages/airflow/example_dags/example_kubernetes_executor.py
[2022-06-12 22:15:14,004] {logging_mixin.py:109} INFO - [2022-06-12 22:15:14,004] {example_kubernetes_executor.py:39} WARNING - The example_kubernetes_executor example DAG requires the kubernetes provider. Please install it with: pip install apache-airflow[cncf.kubernetes]
[2022-06-12 22:15:14,005] {processor.py:654} WARNING - No viable dags retrieved from /home/leizo/.local/lib/python3.8/site-packages/airflow/example_dags/example_kubernetes_executor.py
[2022-06-12 22:15:14,013] {processor.py:171} INFO - Processing /home/leizo/.local/lib/python3.8/site-packages/airflow/example_dags/example_kubernetes_executor.py took 0.022 seconds
[2022-06-12 22:15:48,721] {processor.py:163} INFO - Started process (PID=1107) to work on /home/leizo/.local/lib/python3.8/site-packages/airflow/example_dags/example_kubernetes_executor.py
[2022-06-12 22:15:48,723] {processor.py:642} INFO - Processing file /home/leizo/.local/lib/python3.8/site-packages/airflow/example_dags/example_kubernetes_executor.py for tasks to queue
[2022-06-12 22:15:48,724] {logging_mixin.py:109} INFO - [2022-06-12 22:15:48,723] {dagbag.py:500} INFO - Filling up the DagBag from /home/leizo/.local/lib/python3.8/site-packages/airflow/example_dags/example_kubernetes_executor.py
[2022-06-12 22:15:48,735] {logging_mixin.py:109} INFO - [2022-06-12 22:15:48,735] {example_kubernetes_executor.py:39} WARNING - The example_kubernetes_executor example DAG requires the kubernetes provider. Please install it with: pip install apache-airflow[cncf.kubernetes]
[2022-06-12 22:15:48,735] {processor.py:654} WARNING - No viable dags retrieved from /home/leizo/.local/lib/python3.8/site-packages/airflow/example_dags/example_kubernetes_executor.py
[2022-06-12 22:15:48,742] {processor.py:171} INFO - Processing /home/leizo/.local/lib/python3.8/site-packages/airflow/example_dags/example_kubernetes_executor.py took 0.024 seconds
[2022-06-12 22:16:22,900] {processor.py:163} INFO - Started process (PID=1140) to work on /home/leizo/.local/lib/python3.8/site-packages/airflow/example_dags/example_kubernetes_executor.py
[2022-06-12 22:16:22,901] {processor.py:642} INFO - Processing file /home/leizo/.local/lib/python3.8/site-packages/airflow/example_dags/example_kubernetes_executor.py for tasks to queue
[2022-06-12 22:16:22,902] {logging_mixin.py:109} INFO - [2022-06-12 22:16:22,902] {dagbag.py:500} INFO - Filling up the DagBag from /home/leizo/.local/lib/python3.8/site-packages/airflow/example_dags/example_kubernetes_executor.py
[2022-06-12 22:16:22,910] {logging_mixin.py:109} INFO - [2022-06-12 22:16:22,910] {example_kubernetes_executor.py:39} WARNING - The example_kubernetes_executor example DAG requires the kubernetes provider. Please install it with: pip install apache-airflow[cncf.kubernetes]
[2022-06-12 22:16:22,911] {processor.py:654} WARNING - No viable dags retrieved from /home/leizo/.local/lib/python3.8/site-packages/airflow/example_dags/example_kubernetes_executor.py
[2022-06-12 22:16:22,917] {processor.py:171} INFO - Processing /home/leizo/.local/lib/python3.8/site-packages/airflow/example_dags/example_kubernetes_executor.py took 0.019 seconds
[2022-06-12 22:16:56,774] {processor.py:163} INFO - Started process (PID=1173) to work on /home/leizo/.local/lib/python3.8/site-packages/airflow/example_dags/example_kubernetes_executor.py
[2022-06-12 22:16:56,775] {processor.py:642} INFO - Processing file /home/leizo/.local/lib/python3.8/site-packages/airflow/example_dags/example_kubernetes_executor.py for tasks to queue
[2022-06-12 22:16:56,776] {logging_mixin.py:109} INFO - [2022-06-12 22:16:56,776] {dagbag.py:500} INFO - Filling up the DagBag from /home/leizo/.local/lib/python3.8/site-packages/airflow/example_dags/example_kubernetes_executor.py
[2022-06-12 22:16:56,783] {logging_mixin.py:109} INFO - [2022-06-12 22:16:56,783] {example_kubernetes_executor.py:39} WARNING - The example_kubernetes_executor example DAG requires the kubernetes provider. Please install it with: pip install apache-airflow[cncf.kubernetes]
[2022-06-12 22:16:56,783] {processor.py:654} WARNING - No viable dags retrieved from /home/leizo/.local/lib/python3.8/site-packages/airflow/example_dags/example_kubernetes_executor.py
[2022-06-12 22:16:56,788] {processor.py:171} INFO - Processing /home/leizo/.local/lib/python3.8/site-packages/airflow/example_dags/example_kubernetes_executor.py took 0.017 seconds
[2022-06-12 22:17:28,936] {processor.py:163} INFO - Started process (PID=1204) to work on /home/leizo/.local/lib/python3.8/site-packages/airflow/example_dags/example_kubernetes_executor.py
[2022-06-12 22:17:28,937] {processor.py:642} INFO - Processing file /home/leizo/.local/lib/python3.8/site-packages/airflow/example_dags/example_kubernetes_executor.py for tasks to queue
[2022-06-12 22:17:28,937] {logging_mixin.py:109} INFO - [2022-06-12 22:17:28,937] {dagbag.py:500} INFO - Filling up the DagBag from /home/leizo/.local/lib/python3.8/site-packages/airflow/example_dags/example_kubernetes_executor.py
[2022-06-12 22:17:28,945] {logging_mixin.py:109} INFO - [2022-06-12 22:17:28,944] {example_kubernetes_executor.py:39} WARNING - The example_kubernetes_executor example DAG requires the kubernetes provider. Please install it with: pip install apache-airflow[cncf.kubernetes]
[2022-06-12 22:17:28,945] {processor.py:654} WARNING - No viable dags retrieved from /home/leizo/.local/lib/python3.8/site-packages/airflow/example_dags/example_kubernetes_executor.py
[2022-06-12 22:17:28,952] {processor.py:171} INFO - Processing /home/leizo/.local/lib/python3.8/site-packages/airflow/example_dags/example_kubernetes_executor.py took 0.019 seconds
[2022-06-12 22:18:03,860] {processor.py:163} INFO - Started process (PID=1238) to work on /home/leizo/.local/lib/python3.8/site-packages/airflow/example_dags/example_kubernetes_executor.py
[2022-06-12 22:18:03,861] {processor.py:642} INFO - Processing file /home/leizo/.local/lib/python3.8/site-packages/airflow/example_dags/example_kubernetes_executor.py for tasks to queue
[2022-06-12 22:18:03,862] {logging_mixin.py:109} INFO - [2022-06-12 22:18:03,862] {dagbag.py:500} INFO - Filling up the DagBag from /home/leizo/.local/lib/python3.8/site-packages/airflow/example_dags/example_kubernetes_executor.py
[2022-06-12 22:18:03,870] {logging_mixin.py:109} INFO - [2022-06-12 22:18:03,870] {example_kubernetes_executor.py:39} WARNING - The example_kubernetes_executor example DAG requires the kubernetes provider. Please install it with: pip install apache-airflow[cncf.kubernetes]
[2022-06-12 22:18:03,871] {processor.py:654} WARNING - No viable dags retrieved from /home/leizo/.local/lib/python3.8/site-packages/airflow/example_dags/example_kubernetes_executor.py
[2022-06-12 22:18:03,875] {processor.py:171} INFO - Processing /home/leizo/.local/lib/python3.8/site-packages/airflow/example_dags/example_kubernetes_executor.py took 0.018 seconds
[2022-06-12 22:18:35,262] {processor.py:163} INFO - Started process (PID=1269) to work on /home/leizo/.local/lib/python3.8/site-packages/airflow/example_dags/example_kubernetes_executor.py
[2022-06-12 22:18:35,263] {processor.py:642} INFO - Processing file /home/leizo/.local/lib/python3.8/site-packages/airflow/example_dags/example_kubernetes_executor.py for tasks to queue
[2022-06-12 22:18:35,263] {logging_mixin.py:109} INFO - [2022-06-12 22:18:35,263] {dagbag.py:500} INFO - Filling up the DagBag from /home/leizo/.local/lib/python3.8/site-packages/airflow/example_dags/example_kubernetes_executor.py
[2022-06-12 22:18:35,270] {logging_mixin.py:109} INFO - [2022-06-12 22:18:35,270] {example_kubernetes_executor.py:39} WARNING - The example_kubernetes_executor example DAG requires the kubernetes provider. Please install it with: pip install apache-airflow[cncf.kubernetes]
[2022-06-12 22:18:35,270] {processor.py:654} WARNING - No viable dags retrieved from /home/leizo/.local/lib/python3.8/site-packages/airflow/example_dags/example_kubernetes_executor.py
[2022-06-12 22:18:35,278] {processor.py:171} INFO - Processing /home/leizo/.local/lib/python3.8/site-packages/airflow/example_dags/example_kubernetes_executor.py took 0.018 seconds
[2022-06-12 22:19:07,731] {processor.py:163} INFO - Started process (PID=1301) to work on /home/leizo/.local/lib/python3.8/site-packages/airflow/example_dags/example_kubernetes_executor.py
[2022-06-12 22:19:07,732] {processor.py:642} INFO - Processing file /home/leizo/.local/lib/python3.8/site-packages/airflow/example_dags/example_kubernetes_executor.py for tasks to queue
[2022-06-12 22:19:07,733] {logging_mixin.py:109} INFO - [2022-06-12 22:19:07,733] {dagbag.py:500} INFO - Filling up the DagBag from /home/leizo/.local/lib/python3.8/site-packages/airflow/example_dags/example_kubernetes_executor.py
[2022-06-12 22:19:07,742] {logging_mixin.py:109} INFO - [2022-06-12 22:19:07,742] {example_kubernetes_executor.py:39} WARNING - The example_kubernetes_executor example DAG requires the kubernetes provider. Please install it with: pip install apache-airflow[cncf.kubernetes]
[2022-06-12 22:19:07,743] {processor.py:654} WARNING - No viable dags retrieved from /home/leizo/.local/lib/python3.8/site-packages/airflow/example_dags/example_kubernetes_executor.py
[2022-06-12 22:19:07,749] {processor.py:171} INFO - Processing /home/leizo/.local/lib/python3.8/site-packages/airflow/example_dags/example_kubernetes_executor.py took 0.020 seconds
[2022-06-12 22:19:40,079] {processor.py:163} INFO - Started process (PID=1333) to work on /home/leizo/.local/lib/python3.8/site-packages/airflow/example_dags/example_kubernetes_executor.py
[2022-06-12 22:19:40,080] {processor.py:642} INFO - Processing file /home/leizo/.local/lib/python3.8/site-packages/airflow/example_dags/example_kubernetes_executor.py for tasks to queue
[2022-06-12 22:19:40,081] {logging_mixin.py:109} INFO - [2022-06-12 22:19:40,081] {dagbag.py:500} INFO - Filling up the DagBag from /home/leizo/.local/lib/python3.8/site-packages/airflow/example_dags/example_kubernetes_executor.py
[2022-06-12 22:19:40,091] {logging_mixin.py:109} INFO - [2022-06-12 22:19:40,091] {example_kubernetes_executor.py:39} WARNING - The example_kubernetes_executor example DAG requires the kubernetes provider. Please install it with: pip install apache-airflow[cncf.kubernetes]
[2022-06-12 22:19:40,091] {processor.py:654} WARNING - No viable dags retrieved from /home/leizo/.local/lib/python3.8/site-packages/airflow/example_dags/example_kubernetes_executor.py
[2022-06-12 22:19:40,099] {processor.py:171} INFO - Processing /home/leizo/.local/lib/python3.8/site-packages/airflow/example_dags/example_kubernetes_executor.py took 0.023 seconds
[2022-06-12 22:20:15,420] {processor.py:163} INFO - Started process (PID=1368) to work on /home/leizo/.local/lib/python3.8/site-packages/airflow/example_dags/example_kubernetes_executor.py
[2022-06-12 22:20:15,422] {processor.py:642} INFO - Processing file /home/leizo/.local/lib/python3.8/site-packages/airflow/example_dags/example_kubernetes_executor.py for tasks to queue
[2022-06-12 22:20:15,423] {logging_mixin.py:109} INFO - [2022-06-12 22:20:15,423] {dagbag.py:500} INFO - Filling up the DagBag from /home/leizo/.local/lib/python3.8/site-packages/airflow/example_dags/example_kubernetes_executor.py
[2022-06-12 22:20:15,438] {logging_mixin.py:109} INFO - [2022-06-12 22:20:15,438] {example_kubernetes_executor.py:39} WARNING - The example_kubernetes_executor example DAG requires the kubernetes provider. Please install it with: pip install apache-airflow[cncf.kubernetes]
[2022-06-12 22:20:15,438] {processor.py:654} WARNING - No viable dags retrieved from /home/leizo/.local/lib/python3.8/site-packages/airflow/example_dags/example_kubernetes_executor.py
[2022-06-12 22:20:15,447] {processor.py:171} INFO - Processing /home/leizo/.local/lib/python3.8/site-packages/airflow/example_dags/example_kubernetes_executor.py took 0.030 seconds
[2022-06-12 22:20:51,732] {processor.py:163} INFO - Started process (PID=1403) to work on /home/leizo/.local/lib/python3.8/site-packages/airflow/example_dags/example_kubernetes_executor.py
[2022-06-12 22:20:51,734] {processor.py:642} INFO - Processing file /home/leizo/.local/lib/python3.8/site-packages/airflow/example_dags/example_kubernetes_executor.py for tasks to queue
[2022-06-12 22:20:51,735] {logging_mixin.py:109} INFO - [2022-06-12 22:20:51,735] {dagbag.py:500} INFO - Filling up the DagBag from /home/leizo/.local/lib/python3.8/site-packages/airflow/example_dags/example_kubernetes_executor.py
[2022-06-12 22:20:51,742] {logging_mixin.py:109} INFO - [2022-06-12 22:20:51,741] {example_kubernetes_executor.py:39} WARNING - The example_kubernetes_executor example DAG requires the kubernetes provider. Please install it with: pip install apache-airflow[cncf.kubernetes]
[2022-06-12 22:20:51,742] {processor.py:654} WARNING - No viable dags retrieved from /home/leizo/.local/lib/python3.8/site-packages/airflow/example_dags/example_kubernetes_executor.py
[2022-06-12 22:20:51,748] {processor.py:171} INFO - Processing /home/leizo/.local/lib/python3.8/site-packages/airflow/example_dags/example_kubernetes_executor.py took 0.019 seconds
[2022-06-12 22:21:25,609] {processor.py:163} INFO - Started process (PID=1436) to work on /home/leizo/.local/lib/python3.8/site-packages/airflow/example_dags/example_kubernetes_executor.py
[2022-06-12 22:21:25,611] {processor.py:642} INFO - Processing file /home/leizo/.local/lib/python3.8/site-packages/airflow/example_dags/example_kubernetes_executor.py for tasks to queue
[2022-06-12 22:21:25,612] {logging_mixin.py:109} INFO - [2022-06-12 22:21:25,612] {dagbag.py:500} INFO - Filling up the DagBag from /home/leizo/.local/lib/python3.8/site-packages/airflow/example_dags/example_kubernetes_executor.py
[2022-06-12 22:21:25,621] {logging_mixin.py:109} INFO - [2022-06-12 22:21:25,621] {example_kubernetes_executor.py:39} WARNING - The example_kubernetes_executor example DAG requires the kubernetes provider. Please install it with: pip install apache-airflow[cncf.kubernetes]
[2022-06-12 22:21:25,622] {processor.py:654} WARNING - No viable dags retrieved from /home/leizo/.local/lib/python3.8/site-packages/airflow/example_dags/example_kubernetes_executor.py
[2022-06-12 22:21:25,628] {processor.py:171} INFO - Processing /home/leizo/.local/lib/python3.8/site-packages/airflow/example_dags/example_kubernetes_executor.py took 0.021 seconds
[2022-06-12 22:21:59,510] {processor.py:163} INFO - Started process (PID=1470) to work on /home/leizo/.local/lib/python3.8/site-packages/airflow/example_dags/example_kubernetes_executor.py
[2022-06-12 22:21:59,511] {processor.py:642} INFO - Processing file /home/leizo/.local/lib/python3.8/site-packages/airflow/example_dags/example_kubernetes_executor.py for tasks to queue
[2022-06-12 22:21:59,512] {logging_mixin.py:109} INFO - [2022-06-12 22:21:59,512] {dagbag.py:500} INFO - Filling up the DagBag from /home/leizo/.local/lib/python3.8/site-packages/airflow/example_dags/example_kubernetes_executor.py
[2022-06-12 22:21:59,518] {logging_mixin.py:109} INFO - [2022-06-12 22:21:59,518] {example_kubernetes_executor.py:39} WARNING - The example_kubernetes_executor example DAG requires the kubernetes provider. Please install it with: pip install apache-airflow[cncf.kubernetes]
[2022-06-12 22:21:59,519] {processor.py:654} WARNING - No viable dags retrieved from /home/leizo/.local/lib/python3.8/site-packages/airflow/example_dags/example_kubernetes_executor.py
[2022-06-12 22:21:59,524] {processor.py:171} INFO - Processing /home/leizo/.local/lib/python3.8/site-packages/airflow/example_dags/example_kubernetes_executor.py took 0.017 seconds
[2022-06-12 22:22:34,414] {processor.py:163} INFO - Started process (PID=1504) to work on /home/leizo/.local/lib/python3.8/site-packages/airflow/example_dags/example_kubernetes_executor.py
[2022-06-12 22:22:34,416] {processor.py:642} INFO - Processing file /home/leizo/.local/lib/python3.8/site-packages/airflow/example_dags/example_kubernetes_executor.py for tasks to queue
[2022-06-12 22:22:34,416] {logging_mixin.py:109} INFO - [2022-06-12 22:22:34,416] {dagbag.py:500} INFO - Filling up the DagBag from /home/leizo/.local/lib/python3.8/site-packages/airflow/example_dags/example_kubernetes_executor.py
[2022-06-12 22:22:34,425] {logging_mixin.py:109} INFO - [2022-06-12 22:22:34,425] {example_kubernetes_executor.py:39} WARNING - The example_kubernetes_executor example DAG requires the kubernetes provider. Please install it with: pip install apache-airflow[cncf.kubernetes]
[2022-06-12 22:22:34,425] {processor.py:654} WARNING - No viable dags retrieved from /home/leizo/.local/lib/python3.8/site-packages/airflow/example_dags/example_kubernetes_executor.py
[2022-06-12 22:22:34,433] {processor.py:171} INFO - Processing /home/leizo/.local/lib/python3.8/site-packages/airflow/example_dags/example_kubernetes_executor.py took 0.021 seconds
[2022-06-12 22:23:06,910] {processor.py:163} INFO - Started process (PID=1535) to work on /home/leizo/.local/lib/python3.8/site-packages/airflow/example_dags/example_kubernetes_executor.py
[2022-06-12 22:23:06,911] {processor.py:642} INFO - Processing file /home/leizo/.local/lib/python3.8/site-packages/airflow/example_dags/example_kubernetes_executor.py for tasks to queue
[2022-06-12 22:23:06,911] {logging_mixin.py:109} INFO - [2022-06-12 22:23:06,911] {dagbag.py:500} INFO - Filling up the DagBag from /home/leizo/.local/lib/python3.8/site-packages/airflow/example_dags/example_kubernetes_executor.py
[2022-06-12 22:23:06,919] {logging_mixin.py:109} INFO - [2022-06-12 22:23:06,919] {example_kubernetes_executor.py:39} WARNING - The example_kubernetes_executor example DAG requires the kubernetes provider. Please install it with: pip install apache-airflow[cncf.kubernetes]
[2022-06-12 22:23:06,919] {processor.py:654} WARNING - No viable dags retrieved from /home/leizo/.local/lib/python3.8/site-packages/airflow/example_dags/example_kubernetes_executor.py
[2022-06-12 22:23:06,925] {processor.py:171} INFO - Processing /home/leizo/.local/lib/python3.8/site-packages/airflow/example_dags/example_kubernetes_executor.py took 0.017 seconds
[2022-06-12 22:23:42,394] {processor.py:163} INFO - Started process (PID=1631) to work on /home/leizo/.local/lib/python3.8/site-packages/airflow/example_dags/example_kubernetes_executor.py
[2022-06-12 22:23:42,398] {processor.py:642} INFO - Processing file /home/leizo/.local/lib/python3.8/site-packages/airflow/example_dags/example_kubernetes_executor.py for tasks to queue
[2022-06-12 22:23:42,399] {logging_mixin.py:109} INFO - [2022-06-12 22:23:42,399] {dagbag.py:500} INFO - Filling up the DagBag from /home/leizo/.local/lib/python3.8/site-packages/airflow/example_dags/example_kubernetes_executor.py
[2022-06-12 22:23:42,413] {logging_mixin.py:109} INFO - [2022-06-12 22:23:42,413] {example_kubernetes_executor.py:39} WARNING - The example_kubernetes_executor example DAG requires the kubernetes provider. Please install it with: pip install apache-airflow[cncf.kubernetes]
[2022-06-12 22:23:42,414] {processor.py:654} WARNING - No viable dags retrieved from /home/leizo/.local/lib/python3.8/site-packages/airflow/example_dags/example_kubernetes_executor.py
[2022-06-12 22:23:42,420] {processor.py:171} INFO - Processing /home/leizo/.local/lib/python3.8/site-packages/airflow/example_dags/example_kubernetes_executor.py took 0.031 seconds
[2022-06-12 22:24:19,209] {processor.py:163} INFO - Started process (PID=1665) to work on /home/leizo/.local/lib/python3.8/site-packages/airflow/example_dags/example_kubernetes_executor.py
[2022-06-12 22:24:19,213] {processor.py:642} INFO - Processing file /home/leizo/.local/lib/python3.8/site-packages/airflow/example_dags/example_kubernetes_executor.py for tasks to queue
[2022-06-12 22:24:19,214] {logging_mixin.py:109} INFO - [2022-06-12 22:24:19,214] {dagbag.py:500} INFO - Filling up the DagBag from /home/leizo/.local/lib/python3.8/site-packages/airflow/example_dags/example_kubernetes_executor.py
[2022-06-12 22:24:19,237] {logging_mixin.py:109} INFO - [2022-06-12 22:24:19,237] {example_kubernetes_executor.py:39} WARNING - The example_kubernetes_executor example DAG requires the kubernetes provider. Please install it with: pip install apache-airflow[cncf.kubernetes]
[2022-06-12 22:24:19,238] {processor.py:654} WARNING - No viable dags retrieved from /home/leizo/.local/lib/python3.8/site-packages/airflow/example_dags/example_kubernetes_executor.py
[2022-06-12 22:24:19,249] {processor.py:171} INFO - Processing /home/leizo/.local/lib/python3.8/site-packages/airflow/example_dags/example_kubernetes_executor.py took 0.046 seconds
[2022-06-12 22:24:55,670] {processor.py:163} INFO - Started process (PID=1702) to work on /home/leizo/.local/lib/python3.8/site-packages/airflow/example_dags/example_kubernetes_executor.py
[2022-06-12 22:24:55,673] {processor.py:642} INFO - Processing file /home/leizo/.local/lib/python3.8/site-packages/airflow/example_dags/example_kubernetes_executor.py for tasks to queue
[2022-06-12 22:24:55,674] {logging_mixin.py:109} INFO - [2022-06-12 22:24:55,673] {dagbag.py:500} INFO - Filling up the DagBag from /home/leizo/.local/lib/python3.8/site-packages/airflow/example_dags/example_kubernetes_executor.py
[2022-06-12 22:24:55,691] {logging_mixin.py:109} INFO - [2022-06-12 22:24:55,691] {example_kubernetes_executor.py:39} WARNING - The example_kubernetes_executor example DAG requires the kubernetes provider. Please install it with: pip install apache-airflow[cncf.kubernetes]
[2022-06-12 22:24:55,692] {processor.py:654} WARNING - No viable dags retrieved from /home/leizo/.local/lib/python3.8/site-packages/airflow/example_dags/example_kubernetes_executor.py
[2022-06-12 22:24:55,701] {processor.py:171} INFO - Processing /home/leizo/.local/lib/python3.8/site-packages/airflow/example_dags/example_kubernetes_executor.py took 0.037 seconds
[2022-06-12 22:25:39,993] {processor.py:163} INFO - Started process (PID=1781) to work on /home/leizo/.local/lib/python3.8/site-packages/airflow/example_dags/example_kubernetes_executor.py
[2022-06-12 22:25:39,996] {processor.py:642} INFO - Processing file /home/leizo/.local/lib/python3.8/site-packages/airflow/example_dags/example_kubernetes_executor.py for tasks to queue
[2022-06-12 22:25:39,998] {logging_mixin.py:109} INFO - [2022-06-12 22:25:39,997] {dagbag.py:500} INFO - Filling up the DagBag from /home/leizo/.local/lib/python3.8/site-packages/airflow/example_dags/example_kubernetes_executor.py
[2022-06-12 22:25:40,015] {logging_mixin.py:109} INFO - [2022-06-12 22:25:40,015] {example_kubernetes_executor.py:39} WARNING - The example_kubernetes_executor example DAG requires the kubernetes provider. Please install it with: pip install apache-airflow[cncf.kubernetes]
[2022-06-12 22:25:40,016] {processor.py:654} WARNING - No viable dags retrieved from /home/leizo/.local/lib/python3.8/site-packages/airflow/example_dags/example_kubernetes_executor.py
[2022-06-12 22:25:40,028] {processor.py:171} INFO - Processing /home/leizo/.local/lib/python3.8/site-packages/airflow/example_dags/example_kubernetes_executor.py took 0.042 seconds
[2022-06-12 22:26:17,210] {processor.py:163} INFO - Started process (PID=1813) to work on /home/leizo/.local/lib/python3.8/site-packages/airflow/example_dags/example_kubernetes_executor.py
[2022-06-12 22:26:17,213] {processor.py:642} INFO - Processing file /home/leizo/.local/lib/python3.8/site-packages/airflow/example_dags/example_kubernetes_executor.py for tasks to queue
[2022-06-12 22:26:17,215] {logging_mixin.py:109} INFO - [2022-06-12 22:26:17,214] {dagbag.py:500} INFO - Filling up the DagBag from /home/leizo/.local/lib/python3.8/site-packages/airflow/example_dags/example_kubernetes_executor.py
[2022-06-12 22:26:17,236] {logging_mixin.py:109} INFO - [2022-06-12 22:26:17,235] {example_kubernetes_executor.py:39} WARNING - The example_kubernetes_executor example DAG requires the kubernetes provider. Please install it with: pip install apache-airflow[cncf.kubernetes]
[2022-06-12 22:26:17,236] {processor.py:654} WARNING - No viable dags retrieved from /home/leizo/.local/lib/python3.8/site-packages/airflow/example_dags/example_kubernetes_executor.py
[2022-06-12 22:26:17,251] {processor.py:171} INFO - Processing /home/leizo/.local/lib/python3.8/site-packages/airflow/example_dags/example_kubernetes_executor.py took 0.048 seconds
[2022-06-12 22:26:58,460] {processor.py:163} INFO - Started process (PID=1864) to work on /home/leizo/.local/lib/python3.8/site-packages/airflow/example_dags/example_kubernetes_executor.py
[2022-06-12 22:26:58,463] {processor.py:642} INFO - Processing file /home/leizo/.local/lib/python3.8/site-packages/airflow/example_dags/example_kubernetes_executor.py for tasks to queue
[2022-06-12 22:26:58,465] {logging_mixin.py:109} INFO - [2022-06-12 22:26:58,465] {dagbag.py:500} INFO - Filling up the DagBag from /home/leizo/.local/lib/python3.8/site-packages/airflow/example_dags/example_kubernetes_executor.py
[2022-06-12 22:26:58,490] {logging_mixin.py:109} INFO - [2022-06-12 22:26:58,489] {example_kubernetes_executor.py:39} WARNING - The example_kubernetes_executor example DAG requires the kubernetes provider. Please install it with: pip install apache-airflow[cncf.kubernetes]
[2022-06-12 22:26:58,490] {processor.py:654} WARNING - No viable dags retrieved from /home/leizo/.local/lib/python3.8/site-packages/airflow/example_dags/example_kubernetes_executor.py
[2022-06-12 22:26:58,502] {processor.py:171} INFO - Processing /home/leizo/.local/lib/python3.8/site-packages/airflow/example_dags/example_kubernetes_executor.py took 0.050 seconds
[2022-06-12 22:28:11,777] {processor.py:163} INFO - Started process (PID=1932) to work on /home/leizo/.local/lib/python3.8/site-packages/airflow/example_dags/example_kubernetes_executor.py
[2022-06-12 22:28:11,780] {processor.py:642} INFO - Processing file /home/leizo/.local/lib/python3.8/site-packages/airflow/example_dags/example_kubernetes_executor.py for tasks to queue
[2022-06-12 22:28:11,782] {logging_mixin.py:109} INFO - [2022-06-12 22:28:11,781] {dagbag.py:500} INFO - Filling up the DagBag from /home/leizo/.local/lib/python3.8/site-packages/airflow/example_dags/example_kubernetes_executor.py
[2022-06-12 22:28:11,798] {logging_mixin.py:109} INFO - [2022-06-12 22:28:11,798] {example_kubernetes_executor.py:39} WARNING - The example_kubernetes_executor example DAG requires the kubernetes provider. Please install it with: pip install apache-airflow[cncf.kubernetes]
[2022-06-12 22:28:11,799] {processor.py:654} WARNING - No viable dags retrieved from /home/leizo/.local/lib/python3.8/site-packages/airflow/example_dags/example_kubernetes_executor.py
[2022-06-12 22:28:11,808] {processor.py:171} INFO - Processing /home/leizo/.local/lib/python3.8/site-packages/airflow/example_dags/example_kubernetes_executor.py took 0.035 seconds
[2022-06-12 22:28:48,599] {processor.py:163} INFO - Started process (PID=2048) to work on /home/leizo/.local/lib/python3.8/site-packages/airflow/example_dags/example_kubernetes_executor.py
[2022-06-12 22:28:48,603] {processor.py:642} INFO - Processing file /home/leizo/.local/lib/python3.8/site-packages/airflow/example_dags/example_kubernetes_executor.py for tasks to queue
[2022-06-12 22:28:48,605] {logging_mixin.py:109} INFO - [2022-06-12 22:28:48,604] {dagbag.py:500} INFO - Filling up the DagBag from /home/leizo/.local/lib/python3.8/site-packages/airflow/example_dags/example_kubernetes_executor.py
[2022-06-12 22:28:48,622] {logging_mixin.py:109} INFO - [2022-06-12 22:28:48,622] {example_kubernetes_executor.py:39} WARNING - The example_kubernetes_executor example DAG requires the kubernetes provider. Please install it with: pip install apache-airflow[cncf.kubernetes]
[2022-06-12 22:28:48,623] {processor.py:654} WARNING - No viable dags retrieved from /home/leizo/.local/lib/python3.8/site-packages/airflow/example_dags/example_kubernetes_executor.py
[2022-06-12 22:28:48,635] {processor.py:171} INFO - Processing /home/leizo/.local/lib/python3.8/site-packages/airflow/example_dags/example_kubernetes_executor.py took 0.040 seconds
[2022-06-12 22:29:31,794] {processor.py:163} INFO - Started process (PID=2103) to work on /home/leizo/.local/lib/python3.8/site-packages/airflow/example_dags/example_kubernetes_executor.py
[2022-06-12 22:29:31,795] {processor.py:642} INFO - Processing file /home/leizo/.local/lib/python3.8/site-packages/airflow/example_dags/example_kubernetes_executor.py for tasks to queue
[2022-06-12 22:29:31,796] {logging_mixin.py:109} INFO - [2022-06-12 22:29:31,796] {dagbag.py:500} INFO - Filling up the DagBag from /home/leizo/.local/lib/python3.8/site-packages/airflow/example_dags/example_kubernetes_executor.py
[2022-06-12 22:29:31,815] {logging_mixin.py:109} INFO - [2022-06-12 22:29:31,815] {example_kubernetes_executor.py:39} WARNING - The example_kubernetes_executor example DAG requires the kubernetes provider. Please install it with: pip install apache-airflow[cncf.kubernetes]
[2022-06-12 22:29:31,816] {processor.py:654} WARNING - No viable dags retrieved from /home/leizo/.local/lib/python3.8/site-packages/airflow/example_dags/example_kubernetes_executor.py
[2022-06-12 22:29:31,835] {processor.py:171} INFO - Processing /home/leizo/.local/lib/python3.8/site-packages/airflow/example_dags/example_kubernetes_executor.py took 0.044 seconds
[2022-06-12 22:30:05,684] {processor.py:163} INFO - Started process (PID=2210) to work on /home/leizo/.local/lib/python3.8/site-packages/airflow/example_dags/example_kubernetes_executor.py
[2022-06-12 22:30:05,687] {processor.py:642} INFO - Processing file /home/leizo/.local/lib/python3.8/site-packages/airflow/example_dags/example_kubernetes_executor.py for tasks to queue
[2022-06-12 22:30:05,688] {logging_mixin.py:109} INFO - [2022-06-12 22:30:05,688] {dagbag.py:500} INFO - Filling up the DagBag from /home/leizo/.local/lib/python3.8/site-packages/airflow/example_dags/example_kubernetes_executor.py
[2022-06-12 22:30:05,701] {logging_mixin.py:109} INFO - [2022-06-12 22:30:05,701] {example_kubernetes_executor.py:39} WARNING - The example_kubernetes_executor example DAG requires the kubernetes provider. Please install it with: pip install apache-airflow[cncf.kubernetes]
[2022-06-12 22:30:05,702] {processor.py:654} WARNING - No viable dags retrieved from /home/leizo/.local/lib/python3.8/site-packages/airflow/example_dags/example_kubernetes_executor.py
[2022-06-12 22:30:05,716] {processor.py:171} INFO - Processing /home/leizo/.local/lib/python3.8/site-packages/airflow/example_dags/example_kubernetes_executor.py took 0.036 seconds
[2022-06-12 22:30:40,677] {processor.py:163} INFO - Started process (PID=2283) to work on /home/leizo/.local/lib/python3.8/site-packages/airflow/example_dags/example_kubernetes_executor.py
[2022-06-12 22:30:40,680] {processor.py:642} INFO - Processing file /home/leizo/.local/lib/python3.8/site-packages/airflow/example_dags/example_kubernetes_executor.py for tasks to queue
[2022-06-12 22:30:40,680] {logging_mixin.py:109} INFO - [2022-06-12 22:30:40,680] {dagbag.py:500} INFO - Filling up the DagBag from /home/leizo/.local/lib/python3.8/site-packages/airflow/example_dags/example_kubernetes_executor.py
[2022-06-12 22:30:40,692] {logging_mixin.py:109} INFO - [2022-06-12 22:30:40,692] {example_kubernetes_executor.py:39} WARNING - The example_kubernetes_executor example DAG requires the kubernetes provider. Please install it with: pip install apache-airflow[cncf.kubernetes]
[2022-06-12 22:30:40,693] {processor.py:654} WARNING - No viable dags retrieved from /home/leizo/.local/lib/python3.8/site-packages/airflow/example_dags/example_kubernetes_executor.py
[2022-06-12 22:30:40,707] {processor.py:171} INFO - Processing /home/leizo/.local/lib/python3.8/site-packages/airflow/example_dags/example_kubernetes_executor.py took 0.035 seconds
[2022-06-12 22:31:15,605] {processor.py:163} INFO - Started process (PID=2405) to work on /home/leizo/.local/lib/python3.8/site-packages/airflow/example_dags/example_kubernetes_executor.py
[2022-06-12 22:31:15,608] {processor.py:642} INFO - Processing file /home/leizo/.local/lib/python3.8/site-packages/airflow/example_dags/example_kubernetes_executor.py for tasks to queue
[2022-06-12 22:31:15,609] {logging_mixin.py:109} INFO - [2022-06-12 22:31:15,608] {dagbag.py:500} INFO - Filling up the DagBag from /home/leizo/.local/lib/python3.8/site-packages/airflow/example_dags/example_kubernetes_executor.py
[2022-06-12 22:31:15,621] {logging_mixin.py:109} INFO - [2022-06-12 22:31:15,620] {example_kubernetes_executor.py:39} WARNING - The example_kubernetes_executor example DAG requires the kubernetes provider. Please install it with: pip install apache-airflow[cncf.kubernetes]
[2022-06-12 22:31:15,621] {processor.py:654} WARNING - No viable dags retrieved from /home/leizo/.local/lib/python3.8/site-packages/airflow/example_dags/example_kubernetes_executor.py
[2022-06-12 22:31:15,628] {processor.py:171} INFO - Processing /home/leizo/.local/lib/python3.8/site-packages/airflow/example_dags/example_kubernetes_executor.py took 0.027 seconds
[2022-06-12 22:31:57,571] {processor.py:163} INFO - Started process (PID=2470) to work on /home/leizo/.local/lib/python3.8/site-packages/airflow/example_dags/example_kubernetes_executor.py
[2022-06-12 22:31:57,573] {processor.py:642} INFO - Processing file /home/leizo/.local/lib/python3.8/site-packages/airflow/example_dags/example_kubernetes_executor.py for tasks to queue
[2022-06-12 22:31:57,573] {logging_mixin.py:109} INFO - [2022-06-12 22:31:57,573] {dagbag.py:500} INFO - Filling up the DagBag from /home/leizo/.local/lib/python3.8/site-packages/airflow/example_dags/example_kubernetes_executor.py
[2022-06-12 22:31:57,583] {logging_mixin.py:109} INFO - [2022-06-12 22:31:57,583] {example_kubernetes_executor.py:39} WARNING - The example_kubernetes_executor example DAG requires the kubernetes provider. Please install it with: pip install apache-airflow[cncf.kubernetes]
[2022-06-12 22:31:57,583] {processor.py:654} WARNING - No viable dags retrieved from /home/leizo/.local/lib/python3.8/site-packages/airflow/example_dags/example_kubernetes_executor.py
[2022-06-12 22:31:57,589] {processor.py:171} INFO - Processing /home/leizo/.local/lib/python3.8/site-packages/airflow/example_dags/example_kubernetes_executor.py took 0.020 seconds
[2022-06-12 22:32:37,893] {processor.py:163} INFO - Started process (PID=2541) to work on /home/leizo/.local/lib/python3.8/site-packages/airflow/example_dags/example_kubernetes_executor.py
[2022-06-12 22:32:37,895] {processor.py:642} INFO - Processing file /home/leizo/.local/lib/python3.8/site-packages/airflow/example_dags/example_kubernetes_executor.py for tasks to queue
[2022-06-12 22:32:37,896] {logging_mixin.py:109} INFO - [2022-06-12 22:32:37,896] {dagbag.py:500} INFO - Filling up the DagBag from /home/leizo/.local/lib/python3.8/site-packages/airflow/example_dags/example_kubernetes_executor.py
[2022-06-12 22:32:37,905] {logging_mixin.py:109} INFO - [2022-06-12 22:32:37,904] {example_kubernetes_executor.py:39} WARNING - The example_kubernetes_executor example DAG requires the kubernetes provider. Please install it with: pip install apache-airflow[cncf.kubernetes]
[2022-06-12 22:32:37,905] {processor.py:654} WARNING - No viable dags retrieved from /home/leizo/.local/lib/python3.8/site-packages/airflow/example_dags/example_kubernetes_executor.py
[2022-06-12 22:32:37,912] {processor.py:171} INFO - Processing /home/leizo/.local/lib/python3.8/site-packages/airflow/example_dags/example_kubernetes_executor.py took 0.022 seconds
[2022-06-12 22:33:19,098] {processor.py:163} INFO - Started process (PID=2628) to work on /home/leizo/.local/lib/python3.8/site-packages/airflow/example_dags/example_kubernetes_executor.py
[2022-06-12 22:33:19,100] {processor.py:642} INFO - Processing file /home/leizo/.local/lib/python3.8/site-packages/airflow/example_dags/example_kubernetes_executor.py for tasks to queue
[2022-06-12 22:33:19,101] {logging_mixin.py:109} INFO - [2022-06-12 22:33:19,101] {dagbag.py:500} INFO - Filling up the DagBag from /home/leizo/.local/lib/python3.8/site-packages/airflow/example_dags/example_kubernetes_executor.py
[2022-06-12 22:33:19,109] {logging_mixin.py:109} INFO - [2022-06-12 22:33:19,109] {example_kubernetes_executor.py:39} WARNING - The example_kubernetes_executor example DAG requires the kubernetes provider. Please install it with: pip install apache-airflow[cncf.kubernetes]
[2022-06-12 22:33:19,109] {processor.py:654} WARNING - No viable dags retrieved from /home/leizo/.local/lib/python3.8/site-packages/airflow/example_dags/example_kubernetes_executor.py
[2022-06-12 22:33:19,117] {processor.py:171} INFO - Processing /home/leizo/.local/lib/python3.8/site-packages/airflow/example_dags/example_kubernetes_executor.py took 0.021 seconds
[2022-06-12 22:33:59,326] {processor.py:163} INFO - Started process (PID=2685) to work on /home/leizo/.local/lib/python3.8/site-packages/airflow/example_dags/example_kubernetes_executor.py
[2022-06-12 22:33:59,328] {processor.py:642} INFO - Processing file /home/leizo/.local/lib/python3.8/site-packages/airflow/example_dags/example_kubernetes_executor.py for tasks to queue
[2022-06-12 22:33:59,329] {logging_mixin.py:109} INFO - [2022-06-12 22:33:59,329] {dagbag.py:500} INFO - Filling up the DagBag from /home/leizo/.local/lib/python3.8/site-packages/airflow/example_dags/example_kubernetes_executor.py
[2022-06-12 22:33:59,340] {logging_mixin.py:109} INFO - [2022-06-12 22:33:59,340] {example_kubernetes_executor.py:39} WARNING - The example_kubernetes_executor example DAG requires the kubernetes provider. Please install it with: pip install apache-airflow[cncf.kubernetes]
[2022-06-12 22:33:59,340] {processor.py:654} WARNING - No viable dags retrieved from /home/leizo/.local/lib/python3.8/site-packages/airflow/example_dags/example_kubernetes_executor.py
[2022-06-12 22:33:59,348] {processor.py:171} INFO - Processing /home/leizo/.local/lib/python3.8/site-packages/airflow/example_dags/example_kubernetes_executor.py took 0.024 seconds
[2022-06-12 22:34:40,369] {processor.py:163} INFO - Started process (PID=2770) to work on /home/leizo/.local/lib/python3.8/site-packages/airflow/example_dags/example_kubernetes_executor.py
[2022-06-12 22:34:40,371] {processor.py:642} INFO - Processing file /home/leizo/.local/lib/python3.8/site-packages/airflow/example_dags/example_kubernetes_executor.py for tasks to queue
[2022-06-12 22:34:40,372] {logging_mixin.py:109} INFO - [2022-06-12 22:34:40,372] {dagbag.py:500} INFO - Filling up the DagBag from /home/leizo/.local/lib/python3.8/site-packages/airflow/example_dags/example_kubernetes_executor.py
[2022-06-12 22:34:40,380] {logging_mixin.py:109} INFO - [2022-06-12 22:34:40,380] {example_kubernetes_executor.py:39} WARNING - The example_kubernetes_executor example DAG requires the kubernetes provider. Please install it with: pip install apache-airflow[cncf.kubernetes]
[2022-06-12 22:34:40,380] {processor.py:654} WARNING - No viable dags retrieved from /home/leizo/.local/lib/python3.8/site-packages/airflow/example_dags/example_kubernetes_executor.py
[2022-06-12 22:34:40,386] {processor.py:171} INFO - Processing /home/leizo/.local/lib/python3.8/site-packages/airflow/example_dags/example_kubernetes_executor.py took 0.020 seconds
[2022-06-12 22:35:22,542] {processor.py:163} INFO - Started process (PID=2862) to work on /home/leizo/.local/lib/python3.8/site-packages/airflow/example_dags/example_kubernetes_executor.py
[2022-06-12 22:35:22,547] {processor.py:642} INFO - Processing file /home/leizo/.local/lib/python3.8/site-packages/airflow/example_dags/example_kubernetes_executor.py for tasks to queue
[2022-06-12 22:35:22,549] {logging_mixin.py:109} INFO - [2022-06-12 22:35:22,548] {dagbag.py:500} INFO - Filling up the DagBag from /home/leizo/.local/lib/python3.8/site-packages/airflow/example_dags/example_kubernetes_executor.py
[2022-06-12 22:35:22,565] {logging_mixin.py:109} INFO - [2022-06-12 22:35:22,565] {example_kubernetes_executor.py:39} WARNING - The example_kubernetes_executor example DAG requires the kubernetes provider. Please install it with: pip install apache-airflow[cncf.kubernetes]
[2022-06-12 22:35:22,565] {processor.py:654} WARNING - No viable dags retrieved from /home/leizo/.local/lib/python3.8/site-packages/airflow/example_dags/example_kubernetes_executor.py
[2022-06-12 22:35:22,578] {processor.py:171} INFO - Processing /home/leizo/.local/lib/python3.8/site-packages/airflow/example_dags/example_kubernetes_executor.py took 0.042 seconds
[2022-06-12 22:36:04,181] {processor.py:163} INFO - Started process (PID=2936) to work on /home/leizo/.local/lib/python3.8/site-packages/airflow/example_dags/example_kubernetes_executor.py
[2022-06-12 22:36:04,185] {processor.py:642} INFO - Processing file /home/leizo/.local/lib/python3.8/site-packages/airflow/example_dags/example_kubernetes_executor.py for tasks to queue
[2022-06-12 22:36:04,186] {logging_mixin.py:109} INFO - [2022-06-12 22:36:04,186] {dagbag.py:500} INFO - Filling up the DagBag from /home/leizo/.local/lib/python3.8/site-packages/airflow/example_dags/example_kubernetes_executor.py
[2022-06-12 22:36:04,207] {logging_mixin.py:109} INFO - [2022-06-12 22:36:04,207] {example_kubernetes_executor.py:39} WARNING - The example_kubernetes_executor example DAG requires the kubernetes provider. Please install it with: pip install apache-airflow[cncf.kubernetes]
[2022-06-12 22:36:04,207] {processor.py:654} WARNING - No viable dags retrieved from /home/leizo/.local/lib/python3.8/site-packages/airflow/example_dags/example_kubernetes_executor.py
[2022-06-12 22:36:04,217] {processor.py:171} INFO - Processing /home/leizo/.local/lib/python3.8/site-packages/airflow/example_dags/example_kubernetes_executor.py took 0.038 seconds
[2022-06-12 22:36:45,874] {processor.py:163} INFO - Started process (PID=3023) to work on /home/leizo/.local/lib/python3.8/site-packages/airflow/example_dags/example_kubernetes_executor.py
[2022-06-12 22:36:45,877] {processor.py:642} INFO - Processing file /home/leizo/.local/lib/python3.8/site-packages/airflow/example_dags/example_kubernetes_executor.py for tasks to queue
[2022-06-12 22:36:45,879] {logging_mixin.py:109} INFO - [2022-06-12 22:36:45,878] {dagbag.py:500} INFO - Filling up the DagBag from /home/leizo/.local/lib/python3.8/site-packages/airflow/example_dags/example_kubernetes_executor.py
[2022-06-12 22:36:45,894] {logging_mixin.py:109} INFO - [2022-06-12 22:36:45,894] {example_kubernetes_executor.py:39} WARNING - The example_kubernetes_executor example DAG requires the kubernetes provider. Please install it with: pip install apache-airflow[cncf.kubernetes]
[2022-06-12 22:36:45,895] {processor.py:654} WARNING - No viable dags retrieved from /home/leizo/.local/lib/python3.8/site-packages/airflow/example_dags/example_kubernetes_executor.py
[2022-06-12 22:36:45,908] {processor.py:171} INFO - Processing /home/leizo/.local/lib/python3.8/site-packages/airflow/example_dags/example_kubernetes_executor.py took 0.041 seconds
[2022-06-12 22:37:27,515] {processor.py:163} INFO - Started process (PID=3064) to work on /home/leizo/.local/lib/python3.8/site-packages/airflow/example_dags/example_kubernetes_executor.py
[2022-06-12 22:37:27,518] {processor.py:642} INFO - Processing file /home/leizo/.local/lib/python3.8/site-packages/airflow/example_dags/example_kubernetes_executor.py for tasks to queue
[2022-06-12 22:37:27,519] {logging_mixin.py:109} INFO - [2022-06-12 22:37:27,519] {dagbag.py:500} INFO - Filling up the DagBag from /home/leizo/.local/lib/python3.8/site-packages/airflow/example_dags/example_kubernetes_executor.py
[2022-06-12 22:37:27,530] {logging_mixin.py:109} INFO - [2022-06-12 22:37:27,530] {example_kubernetes_executor.py:39} WARNING - The example_kubernetes_executor example DAG requires the kubernetes provider. Please install it with: pip install apache-airflow[cncf.kubernetes]
[2022-06-12 22:37:27,530] {processor.py:654} WARNING - No viable dags retrieved from /home/leizo/.local/lib/python3.8/site-packages/airflow/example_dags/example_kubernetes_executor.py
[2022-06-12 22:37:27,540] {processor.py:171} INFO - Processing /home/leizo/.local/lib/python3.8/site-packages/airflow/example_dags/example_kubernetes_executor.py took 0.031 seconds
[2022-06-12 22:38:09,652] {processor.py:163} INFO - Started process (PID=3104) to work on /home/leizo/.local/lib/python3.8/site-packages/airflow/example_dags/example_kubernetes_executor.py
[2022-06-12 22:38:09,655] {processor.py:642} INFO - Processing file /home/leizo/.local/lib/python3.8/site-packages/airflow/example_dags/example_kubernetes_executor.py for tasks to queue
[2022-06-12 22:38:09,655] {logging_mixin.py:109} INFO - [2022-06-12 22:38:09,655] {dagbag.py:500} INFO - Filling up the DagBag from /home/leizo/.local/lib/python3.8/site-packages/airflow/example_dags/example_kubernetes_executor.py
[2022-06-12 22:38:09,667] {logging_mixin.py:109} INFO - [2022-06-12 22:38:09,667] {example_kubernetes_executor.py:39} WARNING - The example_kubernetes_executor example DAG requires the kubernetes provider. Please install it with: pip install apache-airflow[cncf.kubernetes]
[2022-06-12 22:38:09,667] {processor.py:654} WARNING - No viable dags retrieved from /home/leizo/.local/lib/python3.8/site-packages/airflow/example_dags/example_kubernetes_executor.py
[2022-06-12 22:38:09,682] {processor.py:171} INFO - Processing /home/leizo/.local/lib/python3.8/site-packages/airflow/example_dags/example_kubernetes_executor.py took 0.033 seconds
[2022-06-12 22:38:45,110] {processor.py:163} INFO - Started process (PID=3152) to work on /home/leizo/.local/lib/python3.8/site-packages/airflow/example_dags/example_kubernetes_executor.py
[2022-06-12 22:38:45,112] {processor.py:642} INFO - Processing file /home/leizo/.local/lib/python3.8/site-packages/airflow/example_dags/example_kubernetes_executor.py for tasks to queue
[2022-06-12 22:38:45,114] {logging_mixin.py:109} INFO - [2022-06-12 22:38:45,113] {dagbag.py:500} INFO - Filling up the DagBag from /home/leizo/.local/lib/python3.8/site-packages/airflow/example_dags/example_kubernetes_executor.py
[2022-06-12 22:38:45,131] {logging_mixin.py:109} INFO - [2022-06-12 22:38:45,131] {example_kubernetes_executor.py:39} WARNING - The example_kubernetes_executor example DAG requires the kubernetes provider. Please install it with: pip install apache-airflow[cncf.kubernetes]
[2022-06-12 22:38:45,132] {processor.py:654} WARNING - No viable dags retrieved from /home/leizo/.local/lib/python3.8/site-packages/airflow/example_dags/example_kubernetes_executor.py
[2022-06-12 22:38:45,145] {processor.py:171} INFO - Processing /home/leizo/.local/lib/python3.8/site-packages/airflow/example_dags/example_kubernetes_executor.py took 0.043 seconds
[2022-06-12 22:39:27,129] {processor.py:163} INFO - Started process (PID=3240) to work on /home/leizo/.local/lib/python3.8/site-packages/airflow/example_dags/example_kubernetes_executor.py
[2022-06-12 22:39:27,132] {processor.py:642} INFO - Processing file /home/leizo/.local/lib/python3.8/site-packages/airflow/example_dags/example_kubernetes_executor.py for tasks to queue
[2022-06-12 22:39:27,133] {logging_mixin.py:109} INFO - [2022-06-12 22:39:27,133] {dagbag.py:500} INFO - Filling up the DagBag from /home/leizo/.local/lib/python3.8/site-packages/airflow/example_dags/example_kubernetes_executor.py
[2022-06-12 22:39:27,145] {logging_mixin.py:109} INFO - [2022-06-12 22:39:27,145] {example_kubernetes_executor.py:39} WARNING - The example_kubernetes_executor example DAG requires the kubernetes provider. Please install it with: pip install apache-airflow[cncf.kubernetes]
[2022-06-12 22:39:27,146] {processor.py:654} WARNING - No viable dags retrieved from /home/leizo/.local/lib/python3.8/site-packages/airflow/example_dags/example_kubernetes_executor.py
[2022-06-12 22:39:27,152] {processor.py:171} INFO - Processing /home/leizo/.local/lib/python3.8/site-packages/airflow/example_dags/example_kubernetes_executor.py took 0.029 seconds
[2022-06-12 22:40:08,795] {processor.py:163} INFO - Started process (PID=3282) to work on /home/leizo/.local/lib/python3.8/site-packages/airflow/example_dags/example_kubernetes_executor.py
[2022-06-12 22:40:08,797] {processor.py:642} INFO - Processing file /home/leizo/.local/lib/python3.8/site-packages/airflow/example_dags/example_kubernetes_executor.py for tasks to queue
[2022-06-12 22:40:08,797] {logging_mixin.py:109} INFO - [2022-06-12 22:40:08,797] {dagbag.py:500} INFO - Filling up the DagBag from /home/leizo/.local/lib/python3.8/site-packages/airflow/example_dags/example_kubernetes_executor.py
[2022-06-12 22:40:08,805] {logging_mixin.py:109} INFO - [2022-06-12 22:40:08,805] {example_kubernetes_executor.py:39} WARNING - The example_kubernetes_executor example DAG requires the kubernetes provider. Please install it with: pip install apache-airflow[cncf.kubernetes]
[2022-06-12 22:40:08,805] {processor.py:654} WARNING - No viable dags retrieved from /home/leizo/.local/lib/python3.8/site-packages/airflow/example_dags/example_kubernetes_executor.py
[2022-06-12 22:40:08,813] {processor.py:171} INFO - Processing /home/leizo/.local/lib/python3.8/site-packages/airflow/example_dags/example_kubernetes_executor.py took 0.020 seconds
