[2022-06-12 22:00:06,676] {processor.py:163} INFO - Started process (PID=166) to work on /home/leizo/.local/lib/python3.8/site-packages/airflow/example_dags/example_external_task_marker_dag.py
[2022-06-12 22:00:06,678] {processor.py:642} INFO - Processing file /home/leizo/.local/lib/python3.8/site-packages/airflow/example_dags/example_external_task_marker_dag.py for tasks to queue
[2022-06-12 22:00:06,680] {logging_mixin.py:109} INFO - [2022-06-12 22:00:06,680] {dagbag.py:500} INFO - Filling up the DagBag from /home/leizo/.local/lib/python3.8/site-packages/airflow/example_dags/example_external_task_marker_dag.py
[2022-06-12 22:00:06,717] {processor.py:652} INFO - DAG(s) dict_keys(['example_external_task_marker_parent', 'example_external_task_marker_child']) retrieved from /home/leizo/.local/lib/python3.8/site-packages/airflow/example_dags/example_external_task_marker_dag.py
[2022-06-12 22:00:06,759] {logging_mixin.py:109} INFO - [2022-06-12 22:00:06,758] {dag.py:2398} INFO - Sync 2 DAGs
[2022-06-12 22:00:06,793] {logging_mixin.py:109} INFO - [2022-06-12 22:00:06,793] {dag.py:2937} INFO - Setting next_dagrun for example_external_task_marker_child to None
[2022-06-12 22:00:06,794] {logging_mixin.py:109} INFO - [2022-06-12 22:00:06,794] {dag.py:2937} INFO - Setting next_dagrun for example_external_task_marker_parent to None
[2022-06-12 22:00:06,820] {processor.py:171} INFO - Processing /home/leizo/.local/lib/python3.8/site-packages/airflow/example_dags/example_external_task_marker_dag.py took 0.149 seconds
[2022-06-12 22:00:55,957] {processor.py:163} INFO - Started process (PID=203) to work on /home/leizo/.local/lib/python3.8/site-packages/airflow/example_dags/example_external_task_marker_dag.py
[2022-06-12 22:00:55,960] {processor.py:642} INFO - Processing file /home/leizo/.local/lib/python3.8/site-packages/airflow/example_dags/example_external_task_marker_dag.py for tasks to queue
[2022-06-12 22:00:55,962] {logging_mixin.py:109} INFO - [2022-06-12 22:00:55,961] {dagbag.py:500} INFO - Filling up the DagBag from /home/leizo/.local/lib/python3.8/site-packages/airflow/example_dags/example_external_task_marker_dag.py
[2022-06-12 22:00:56,020] {processor.py:652} INFO - DAG(s) dict_keys(['example_external_task_marker_parent', 'example_external_task_marker_child']) retrieved from /home/leizo/.local/lib/python3.8/site-packages/airflow/example_dags/example_external_task_marker_dag.py
[2022-06-12 22:00:56,082] {logging_mixin.py:109} INFO - [2022-06-12 22:00:56,082] {dag.py:2398} INFO - Sync 2 DAGs
[2022-06-12 22:00:56,131] {logging_mixin.py:109} INFO - [2022-06-12 22:00:56,131] {dag.py:2937} INFO - Setting next_dagrun for example_external_task_marker_child to None
[2022-06-12 22:00:56,132] {logging_mixin.py:109} INFO - [2022-06-12 22:00:56,132] {dag.py:2937} INFO - Setting next_dagrun for example_external_task_marker_parent to None
[2022-06-12 22:00:56,163] {processor.py:171} INFO - Processing /home/leizo/.local/lib/python3.8/site-packages/airflow/example_dags/example_external_task_marker_dag.py took 0.212 seconds
[2022-06-12 22:01:53,682] {processor.py:163} INFO - Started process (PID=243) to work on /home/leizo/.local/lib/python3.8/site-packages/airflow/example_dags/example_external_task_marker_dag.py
[2022-06-12 22:01:53,685] {processor.py:642} INFO - Processing file /home/leizo/.local/lib/python3.8/site-packages/airflow/example_dags/example_external_task_marker_dag.py for tasks to queue
[2022-06-12 22:01:53,685] {logging_mixin.py:109} INFO - [2022-06-12 22:01:53,685] {dagbag.py:500} INFO - Filling up the DagBag from /home/leizo/.local/lib/python3.8/site-packages/airflow/example_dags/example_external_task_marker_dag.py
[2022-06-12 22:01:53,711] {processor.py:652} INFO - DAG(s) dict_keys(['example_external_task_marker_parent', 'example_external_task_marker_child']) retrieved from /home/leizo/.local/lib/python3.8/site-packages/airflow/example_dags/example_external_task_marker_dag.py
[2022-06-12 22:01:53,744] {logging_mixin.py:109} INFO - [2022-06-12 22:01:53,744] {dag.py:2398} INFO - Sync 2 DAGs
[2022-06-12 22:01:53,773] {logging_mixin.py:109} INFO - [2022-06-12 22:01:53,772] {dag.py:2937} INFO - Setting next_dagrun for example_external_task_marker_child to None
[2022-06-12 22:01:53,773] {logging_mixin.py:109} INFO - [2022-06-12 22:01:53,773] {dag.py:2937} INFO - Setting next_dagrun for example_external_task_marker_parent to None
[2022-06-12 22:01:53,793] {processor.py:171} INFO - Processing /home/leizo/.local/lib/python3.8/site-packages/airflow/example_dags/example_external_task_marker_dag.py took 0.116 seconds
[2022-06-12 22:02:36,125] {processor.py:163} INFO - Started process (PID=277) to work on /home/leizo/.local/lib/python3.8/site-packages/airflow/example_dags/example_external_task_marker_dag.py
[2022-06-12 22:02:36,127] {processor.py:642} INFO - Processing file /home/leizo/.local/lib/python3.8/site-packages/airflow/example_dags/example_external_task_marker_dag.py for tasks to queue
[2022-06-12 22:02:36,128] {logging_mixin.py:109} INFO - [2022-06-12 22:02:36,128] {dagbag.py:500} INFO - Filling up the DagBag from /home/leizo/.local/lib/python3.8/site-packages/airflow/example_dags/example_external_task_marker_dag.py
[2022-06-12 22:02:36,149] {processor.py:652} INFO - DAG(s) dict_keys(['example_external_task_marker_parent', 'example_external_task_marker_child']) retrieved from /home/leizo/.local/lib/python3.8/site-packages/airflow/example_dags/example_external_task_marker_dag.py
[2022-06-12 22:02:36,175] {logging_mixin.py:109} INFO - [2022-06-12 22:02:36,175] {dag.py:2398} INFO - Sync 2 DAGs
[2022-06-12 22:02:36,204] {logging_mixin.py:109} INFO - [2022-06-12 22:02:36,204] {dag.py:2937} INFO - Setting next_dagrun for example_external_task_marker_child to None
[2022-06-12 22:02:36,205] {logging_mixin.py:109} INFO - [2022-06-12 22:02:36,205] {dag.py:2937} INFO - Setting next_dagrun for example_external_task_marker_parent to None
[2022-06-12 22:02:36,228] {processor.py:171} INFO - Processing /home/leizo/.local/lib/python3.8/site-packages/airflow/example_dags/example_external_task_marker_dag.py took 0.106 seconds
[2022-06-12 22:03:21,022] {processor.py:163} INFO - Started process (PID=315) to work on /home/leizo/.local/lib/python3.8/site-packages/airflow/example_dags/example_external_task_marker_dag.py
[2022-06-12 22:03:21,023] {processor.py:642} INFO - Processing file /home/leizo/.local/lib/python3.8/site-packages/airflow/example_dags/example_external_task_marker_dag.py for tasks to queue
[2022-06-12 22:03:21,024] {logging_mixin.py:109} INFO - [2022-06-12 22:03:21,024] {dagbag.py:500} INFO - Filling up the DagBag from /home/leizo/.local/lib/python3.8/site-packages/airflow/example_dags/example_external_task_marker_dag.py
[2022-06-12 22:03:21,048] {processor.py:652} INFO - DAG(s) dict_keys(['example_external_task_marker_parent', 'example_external_task_marker_child']) retrieved from /home/leizo/.local/lib/python3.8/site-packages/airflow/example_dags/example_external_task_marker_dag.py
[2022-06-12 22:03:21,072] {logging_mixin.py:109} INFO - [2022-06-12 22:03:21,072] {dag.py:2398} INFO - Sync 2 DAGs
[2022-06-12 22:03:21,088] {logging_mixin.py:109} INFO - [2022-06-12 22:03:21,088] {dag.py:2937} INFO - Setting next_dagrun for example_external_task_marker_child to None
[2022-06-12 22:03:21,089] {logging_mixin.py:109} INFO - [2022-06-12 22:03:21,089] {dag.py:2937} INFO - Setting next_dagrun for example_external_task_marker_parent to None
[2022-06-12 22:03:21,105] {processor.py:171} INFO - Processing /home/leizo/.local/lib/python3.8/site-packages/airflow/example_dags/example_external_task_marker_dag.py took 0.087 seconds
[2022-06-12 22:04:11,808] {processor.py:163} INFO - Started process (PID=354) to work on /home/leizo/.local/lib/python3.8/site-packages/airflow/example_dags/example_external_task_marker_dag.py
[2022-06-12 22:04:11,812] {processor.py:642} INFO - Processing file /home/leizo/.local/lib/python3.8/site-packages/airflow/example_dags/example_external_task_marker_dag.py for tasks to queue
[2022-06-12 22:04:11,814] {logging_mixin.py:109} INFO - [2022-06-12 22:04:11,813] {dagbag.py:500} INFO - Filling up the DagBag from /home/leizo/.local/lib/python3.8/site-packages/airflow/example_dags/example_external_task_marker_dag.py
[2022-06-12 22:04:11,889] {processor.py:652} INFO - DAG(s) dict_keys(['example_external_task_marker_parent', 'example_external_task_marker_child']) retrieved from /home/leizo/.local/lib/python3.8/site-packages/airflow/example_dags/example_external_task_marker_dag.py
[2022-06-12 22:04:11,975] {logging_mixin.py:109} INFO - [2022-06-12 22:04:11,975] {dag.py:2398} INFO - Sync 2 DAGs
[2022-06-12 22:04:12,030] {logging_mixin.py:109} INFO - [2022-06-12 22:04:12,030] {dag.py:2937} INFO - Setting next_dagrun for example_external_task_marker_child to None
[2022-06-12 22:04:12,030] {logging_mixin.py:109} INFO - [2022-06-12 22:04:12,030] {dag.py:2937} INFO - Setting next_dagrun for example_external_task_marker_parent to None
[2022-06-12 22:04:12,057] {processor.py:171} INFO - Processing /home/leizo/.local/lib/python3.8/site-packages/airflow/example_dags/example_external_task_marker_dag.py took 0.264 seconds
[2022-06-12 22:05:14,781] {processor.py:163} INFO - Started process (PID=396) to work on /home/leizo/.local/lib/python3.8/site-packages/airflow/example_dags/example_external_task_marker_dag.py
[2022-06-12 22:05:14,786] {processor.py:642} INFO - Processing file /home/leizo/.local/lib/python3.8/site-packages/airflow/example_dags/example_external_task_marker_dag.py for tasks to queue
[2022-06-12 22:05:14,788] {logging_mixin.py:109} INFO - [2022-06-12 22:05:14,788] {dagbag.py:500} INFO - Filling up the DagBag from /home/leizo/.local/lib/python3.8/site-packages/airflow/example_dags/example_external_task_marker_dag.py
[2022-06-12 22:05:14,850] {processor.py:652} INFO - DAG(s) dict_keys(['example_external_task_marker_parent', 'example_external_task_marker_child']) retrieved from /home/leizo/.local/lib/python3.8/site-packages/airflow/example_dags/example_external_task_marker_dag.py
[2022-06-12 22:05:14,927] {logging_mixin.py:109} INFO - [2022-06-12 22:05:14,926] {dag.py:2398} INFO - Sync 2 DAGs
[2022-06-12 22:05:14,988] {logging_mixin.py:109} INFO - [2022-06-12 22:05:14,987] {dag.py:2937} INFO - Setting next_dagrun for example_external_task_marker_child to None
[2022-06-12 22:05:14,988] {logging_mixin.py:109} INFO - [2022-06-12 22:05:14,988] {dag.py:2937} INFO - Setting next_dagrun for example_external_task_marker_parent to None
[2022-06-12 22:05:15,026] {processor.py:171} INFO - Processing /home/leizo/.local/lib/python3.8/site-packages/airflow/example_dags/example_external_task_marker_dag.py took 0.251 seconds
[2022-06-12 22:06:06,451] {processor.py:163} INFO - Started process (PID=483) to work on /home/leizo/.local/lib/python3.8/site-packages/airflow/example_dags/example_external_task_marker_dag.py
[2022-06-12 22:06:06,454] {processor.py:642} INFO - Processing file /home/leizo/.local/lib/python3.8/site-packages/airflow/example_dags/example_external_task_marker_dag.py for tasks to queue
[2022-06-12 22:06:06,455] {logging_mixin.py:109} INFO - [2022-06-12 22:06:06,455] {dagbag.py:500} INFO - Filling up the DagBag from /home/leizo/.local/lib/python3.8/site-packages/airflow/example_dags/example_external_task_marker_dag.py
[2022-06-12 22:06:06,527] {processor.py:652} INFO - DAG(s) dict_keys(['example_external_task_marker_parent', 'example_external_task_marker_child']) retrieved from /home/leizo/.local/lib/python3.8/site-packages/airflow/example_dags/example_external_task_marker_dag.py
[2022-06-12 22:06:06,568] {logging_mixin.py:109} INFO - [2022-06-12 22:06:06,567] {dag.py:2398} INFO - Sync 2 DAGs
[2022-06-12 22:06:06,620] {logging_mixin.py:109} INFO - [2022-06-12 22:06:06,620] {dag.py:2937} INFO - Setting next_dagrun for example_external_task_marker_child to None
[2022-06-12 22:06:06,621] {logging_mixin.py:109} INFO - [2022-06-12 22:06:06,621] {dag.py:2937} INFO - Setting next_dagrun for example_external_task_marker_parent to None
[2022-06-12 22:06:06,677] {processor.py:171} INFO - Processing /home/leizo/.local/lib/python3.8/site-packages/airflow/example_dags/example_external_task_marker_dag.py took 0.239 seconds
[2022-06-12 22:06:56,420] {processor.py:163} INFO - Started process (PID=636) to work on /home/leizo/.local/lib/python3.8/site-packages/airflow/example_dags/example_external_task_marker_dag.py
[2022-06-12 22:06:56,421] {processor.py:642} INFO - Processing file /home/leizo/.local/lib/python3.8/site-packages/airflow/example_dags/example_external_task_marker_dag.py for tasks to queue
[2022-06-12 22:06:56,422] {logging_mixin.py:109} INFO - [2022-06-12 22:06:56,422] {dagbag.py:500} INFO - Filling up the DagBag from /home/leizo/.local/lib/python3.8/site-packages/airflow/example_dags/example_external_task_marker_dag.py
[2022-06-12 22:06:56,438] {processor.py:652} INFO - DAG(s) dict_keys(['example_external_task_marker_parent', 'example_external_task_marker_child']) retrieved from /home/leizo/.local/lib/python3.8/site-packages/airflow/example_dags/example_external_task_marker_dag.py
[2022-06-12 22:06:56,455] {logging_mixin.py:109} INFO - [2022-06-12 22:06:56,455] {dag.py:2398} INFO - Sync 2 DAGs
[2022-06-12 22:06:56,475] {logging_mixin.py:109} INFO - [2022-06-12 22:06:56,475] {dag.py:2937} INFO - Setting next_dagrun for example_external_task_marker_child to None
[2022-06-12 22:06:56,475] {logging_mixin.py:109} INFO - [2022-06-12 22:06:56,475] {dag.py:2937} INFO - Setting next_dagrun for example_external_task_marker_parent to None
[2022-06-12 22:06:56,488] {processor.py:171} INFO - Processing /home/leizo/.local/lib/python3.8/site-packages/airflow/example_dags/example_external_task_marker_dag.py took 0.071 seconds
[2022-06-12 22:07:35,578] {processor.py:163} INFO - Started process (PID=671) to work on /home/leizo/.local/lib/python3.8/site-packages/airflow/example_dags/example_external_task_marker_dag.py
[2022-06-12 22:07:35,580] {processor.py:642} INFO - Processing file /home/leizo/.local/lib/python3.8/site-packages/airflow/example_dags/example_external_task_marker_dag.py for tasks to queue
[2022-06-12 22:07:35,581] {logging_mixin.py:109} INFO - [2022-06-12 22:07:35,581] {dagbag.py:500} INFO - Filling up the DagBag from /home/leizo/.local/lib/python3.8/site-packages/airflow/example_dags/example_external_task_marker_dag.py
[2022-06-12 22:07:35,600] {processor.py:652} INFO - DAG(s) dict_keys(['example_external_task_marker_parent', 'example_external_task_marker_child']) retrieved from /home/leizo/.local/lib/python3.8/site-packages/airflow/example_dags/example_external_task_marker_dag.py
[2022-06-12 22:07:35,622] {logging_mixin.py:109} INFO - [2022-06-12 22:07:35,622] {dag.py:2398} INFO - Sync 2 DAGs
[2022-06-12 22:07:35,639] {logging_mixin.py:109} INFO - [2022-06-12 22:07:35,639] {dag.py:2937} INFO - Setting next_dagrun for example_external_task_marker_child to None
[2022-06-12 22:07:35,639] {logging_mixin.py:109} INFO - [2022-06-12 22:07:35,639] {dag.py:2937} INFO - Setting next_dagrun for example_external_task_marker_parent to None
[2022-06-12 22:07:35,653] {processor.py:171} INFO - Processing /home/leizo/.local/lib/python3.8/site-packages/airflow/example_dags/example_external_task_marker_dag.py took 0.077 seconds
[2022-06-12 22:08:14,980] {processor.py:163} INFO - Started process (PID=710) to work on /home/leizo/.local/lib/python3.8/site-packages/airflow/example_dags/example_external_task_marker_dag.py
[2022-06-12 22:08:14,982] {processor.py:642} INFO - Processing file /home/leizo/.local/lib/python3.8/site-packages/airflow/example_dags/example_external_task_marker_dag.py for tasks to queue
[2022-06-12 22:08:14,983] {logging_mixin.py:109} INFO - [2022-06-12 22:08:14,983] {dagbag.py:500} INFO - Filling up the DagBag from /home/leizo/.local/lib/python3.8/site-packages/airflow/example_dags/example_external_task_marker_dag.py
[2022-06-12 22:08:15,004] {processor.py:652} INFO - DAG(s) dict_keys(['example_external_task_marker_parent', 'example_external_task_marker_child']) retrieved from /home/leizo/.local/lib/python3.8/site-packages/airflow/example_dags/example_external_task_marker_dag.py
[2022-06-12 22:08:15,024] {logging_mixin.py:109} INFO - [2022-06-12 22:08:15,024] {dag.py:2398} INFO - Sync 2 DAGs
[2022-06-12 22:08:15,040] {logging_mixin.py:109} INFO - [2022-06-12 22:08:15,040] {dag.py:2937} INFO - Setting next_dagrun for example_external_task_marker_child to None
[2022-06-12 22:08:15,040] {logging_mixin.py:109} INFO - [2022-06-12 22:08:15,040] {dag.py:2937} INFO - Setting next_dagrun for example_external_task_marker_parent to None
[2022-06-12 22:08:15,054] {processor.py:171} INFO - Processing /home/leizo/.local/lib/python3.8/site-packages/airflow/example_dags/example_external_task_marker_dag.py took 0.077 seconds
[2022-06-12 22:08:53,700] {processor.py:163} INFO - Started process (PID=746) to work on /home/leizo/.local/lib/python3.8/site-packages/airflow/example_dags/example_external_task_marker_dag.py
[2022-06-12 22:08:53,701] {processor.py:642} INFO - Processing file /home/leizo/.local/lib/python3.8/site-packages/airflow/example_dags/example_external_task_marker_dag.py for tasks to queue
[2022-06-12 22:08:53,702] {logging_mixin.py:109} INFO - [2022-06-12 22:08:53,701] {dagbag.py:500} INFO - Filling up the DagBag from /home/leizo/.local/lib/python3.8/site-packages/airflow/example_dags/example_external_task_marker_dag.py
[2022-06-12 22:08:53,713] {processor.py:652} INFO - DAG(s) dict_keys(['example_external_task_marker_parent', 'example_external_task_marker_child']) retrieved from /home/leizo/.local/lib/python3.8/site-packages/airflow/example_dags/example_external_task_marker_dag.py
[2022-06-12 22:08:53,728] {logging_mixin.py:109} INFO - [2022-06-12 22:08:53,728] {dag.py:2398} INFO - Sync 2 DAGs
[2022-06-12 22:08:53,743] {logging_mixin.py:109} INFO - [2022-06-12 22:08:53,743] {dag.py:2937} INFO - Setting next_dagrun for example_external_task_marker_child to None
[2022-06-12 22:08:53,743] {logging_mixin.py:109} INFO - [2022-06-12 22:08:53,743] {dag.py:2937} INFO - Setting next_dagrun for example_external_task_marker_parent to None
[2022-06-12 22:08:53,759] {processor.py:171} INFO - Processing /home/leizo/.local/lib/python3.8/site-packages/airflow/example_dags/example_external_task_marker_dag.py took 0.061 seconds
[2022-06-12 22:09:36,364] {processor.py:163} INFO - Started process (PID=784) to work on /home/leizo/.local/lib/python3.8/site-packages/airflow/example_dags/example_external_task_marker_dag.py
[2022-06-12 22:09:36,366] {processor.py:642} INFO - Processing file /home/leizo/.local/lib/python3.8/site-packages/airflow/example_dags/example_external_task_marker_dag.py for tasks to queue
[2022-06-12 22:09:36,366] {logging_mixin.py:109} INFO - [2022-06-12 22:09:36,366] {dagbag.py:500} INFO - Filling up the DagBag from /home/leizo/.local/lib/python3.8/site-packages/airflow/example_dags/example_external_task_marker_dag.py
[2022-06-12 22:09:36,383] {processor.py:652} INFO - DAG(s) dict_keys(['example_external_task_marker_parent', 'example_external_task_marker_child']) retrieved from /home/leizo/.local/lib/python3.8/site-packages/airflow/example_dags/example_external_task_marker_dag.py
[2022-06-12 22:09:36,404] {logging_mixin.py:109} INFO - [2022-06-12 22:09:36,404] {dag.py:2398} INFO - Sync 2 DAGs
[2022-06-12 22:09:36,428] {logging_mixin.py:109} INFO - [2022-06-12 22:09:36,428] {dag.py:2937} INFO - Setting next_dagrun for example_external_task_marker_child to None
[2022-06-12 22:09:36,429] {logging_mixin.py:109} INFO - [2022-06-12 22:09:36,429] {dag.py:2937} INFO - Setting next_dagrun for example_external_task_marker_parent to None
[2022-06-12 22:09:36,445] {processor.py:171} INFO - Processing /home/leizo/.local/lib/python3.8/site-packages/airflow/example_dags/example_external_task_marker_dag.py took 0.084 seconds
[2022-06-12 22:10:13,027] {processor.py:163} INFO - Started process (PID=819) to work on /home/leizo/.local/lib/python3.8/site-packages/airflow/example_dags/example_external_task_marker_dag.py
[2022-06-12 22:10:13,029] {processor.py:642} INFO - Processing file /home/leizo/.local/lib/python3.8/site-packages/airflow/example_dags/example_external_task_marker_dag.py for tasks to queue
[2022-06-12 22:10:13,031] {logging_mixin.py:109} INFO - [2022-06-12 22:10:13,031] {dagbag.py:500} INFO - Filling up the DagBag from /home/leizo/.local/lib/python3.8/site-packages/airflow/example_dags/example_external_task_marker_dag.py
[2022-06-12 22:10:13,051] {processor.py:652} INFO - DAG(s) dict_keys(['example_external_task_marker_parent', 'example_external_task_marker_child']) retrieved from /home/leizo/.local/lib/python3.8/site-packages/airflow/example_dags/example_external_task_marker_dag.py
[2022-06-12 22:10:13,068] {logging_mixin.py:109} INFO - [2022-06-12 22:10:13,068] {dag.py:2398} INFO - Sync 2 DAGs
[2022-06-12 22:10:13,085] {logging_mixin.py:109} INFO - [2022-06-12 22:10:13,085] {dag.py:2937} INFO - Setting next_dagrun for example_external_task_marker_child to None
[2022-06-12 22:10:13,085] {logging_mixin.py:109} INFO - [2022-06-12 22:10:13,085] {dag.py:2937} INFO - Setting next_dagrun for example_external_task_marker_parent to None
[2022-06-12 22:10:13,102] {processor.py:171} INFO - Processing /home/leizo/.local/lib/python3.8/site-packages/airflow/example_dags/example_external_task_marker_dag.py took 0.079 seconds
[2022-06-12 22:11:01,731] {processor.py:163} INFO - Started process (PID=855) to work on /home/leizo/.local/lib/python3.8/site-packages/airflow/example_dags/example_external_task_marker_dag.py
[2022-06-12 22:11:01,741] {processor.py:642} INFO - Processing file /home/leizo/.local/lib/python3.8/site-packages/airflow/example_dags/example_external_task_marker_dag.py for tasks to queue
[2022-06-12 22:11:01,742] {logging_mixin.py:109} INFO - [2022-06-12 22:11:01,742] {dagbag.py:500} INFO - Filling up the DagBag from /home/leizo/.local/lib/python3.8/site-packages/airflow/example_dags/example_external_task_marker_dag.py
[2022-06-12 22:11:01,792] {processor.py:652} INFO - DAG(s) dict_keys(['example_external_task_marker_parent', 'example_external_task_marker_child']) retrieved from /home/leizo/.local/lib/python3.8/site-packages/airflow/example_dags/example_external_task_marker_dag.py
[2022-06-12 22:11:01,852] {logging_mixin.py:109} INFO - [2022-06-12 22:11:01,852] {dag.py:2398} INFO - Sync 2 DAGs
[2022-06-12 22:11:01,891] {logging_mixin.py:109} INFO - [2022-06-12 22:11:01,891] {dag.py:2937} INFO - Setting next_dagrun for example_external_task_marker_child to None
[2022-06-12 22:11:01,891] {logging_mixin.py:109} INFO - [2022-06-12 22:11:01,891] {dag.py:2937} INFO - Setting next_dagrun for example_external_task_marker_parent to None
[2022-06-12 22:11:01,920] {processor.py:171} INFO - Processing /home/leizo/.local/lib/python3.8/site-packages/airflow/example_dags/example_external_task_marker_dag.py took 0.193 seconds
[2022-06-12 22:11:53,188] {processor.py:163} INFO - Started process (PID=893) to work on /home/leizo/.local/lib/python3.8/site-packages/airflow/example_dags/example_external_task_marker_dag.py
[2022-06-12 22:11:53,190] {processor.py:642} INFO - Processing file /home/leizo/.local/lib/python3.8/site-packages/airflow/example_dags/example_external_task_marker_dag.py for tasks to queue
[2022-06-12 22:11:53,191] {logging_mixin.py:109} INFO - [2022-06-12 22:11:53,190] {dagbag.py:500} INFO - Filling up the DagBag from /home/leizo/.local/lib/python3.8/site-packages/airflow/example_dags/example_external_task_marker_dag.py
[2022-06-12 22:11:53,214] {processor.py:652} INFO - DAG(s) dict_keys(['example_external_task_marker_parent', 'example_external_task_marker_child']) retrieved from /home/leizo/.local/lib/python3.8/site-packages/airflow/example_dags/example_external_task_marker_dag.py
[2022-06-12 22:11:53,245] {logging_mixin.py:109} INFO - [2022-06-12 22:11:53,244] {dag.py:2398} INFO - Sync 2 DAGs
[2022-06-12 22:11:53,268] {logging_mixin.py:109} INFO - [2022-06-12 22:11:53,268] {dag.py:2937} INFO - Setting next_dagrun for example_external_task_marker_child to None
[2022-06-12 22:11:53,269] {logging_mixin.py:109} INFO - [2022-06-12 22:11:53,269] {dag.py:2937} INFO - Setting next_dagrun for example_external_task_marker_parent to None
[2022-06-12 22:11:53,288] {processor.py:171} INFO - Processing /home/leizo/.local/lib/python3.8/site-packages/airflow/example_dags/example_external_task_marker_dag.py took 0.105 seconds
[2022-06-12 22:12:35,643] {processor.py:163} INFO - Started process (PID=927) to work on /home/leizo/.local/lib/python3.8/site-packages/airflow/example_dags/example_external_task_marker_dag.py
[2022-06-12 22:12:35,645] {processor.py:642} INFO - Processing file /home/leizo/.local/lib/python3.8/site-packages/airflow/example_dags/example_external_task_marker_dag.py for tasks to queue
[2022-06-12 22:12:35,646] {logging_mixin.py:109} INFO - [2022-06-12 22:12:35,646] {dagbag.py:500} INFO - Filling up the DagBag from /home/leizo/.local/lib/python3.8/site-packages/airflow/example_dags/example_external_task_marker_dag.py
[2022-06-12 22:12:35,666] {processor.py:652} INFO - DAG(s) dict_keys(['example_external_task_marker_parent', 'example_external_task_marker_child']) retrieved from /home/leizo/.local/lib/python3.8/site-packages/airflow/example_dags/example_external_task_marker_dag.py
[2022-06-12 22:12:35,685] {logging_mixin.py:109} INFO - [2022-06-12 22:12:35,685] {dag.py:2398} INFO - Sync 2 DAGs
[2022-06-12 22:12:35,702] {logging_mixin.py:109} INFO - [2022-06-12 22:12:35,702] {dag.py:2937} INFO - Setting next_dagrun for example_external_task_marker_child to None
[2022-06-12 22:12:35,702] {logging_mixin.py:109} INFO - [2022-06-12 22:12:35,702] {dag.py:2937} INFO - Setting next_dagrun for example_external_task_marker_parent to None
[2022-06-12 22:12:35,720] {processor.py:171} INFO - Processing /home/leizo/.local/lib/python3.8/site-packages/airflow/example_dags/example_external_task_marker_dag.py took 0.080 seconds
[2022-06-12 22:13:21,744] {processor.py:163} INFO - Started process (PID=968) to work on /home/leizo/.local/lib/python3.8/site-packages/airflow/example_dags/example_external_task_marker_dag.py
[2022-06-12 22:13:21,745] {processor.py:642} INFO - Processing file /home/leizo/.local/lib/python3.8/site-packages/airflow/example_dags/example_external_task_marker_dag.py for tasks to queue
[2022-06-12 22:13:21,746] {logging_mixin.py:109} INFO - [2022-06-12 22:13:21,746] {dagbag.py:500} INFO - Filling up the DagBag from /home/leizo/.local/lib/python3.8/site-packages/airflow/example_dags/example_external_task_marker_dag.py
[2022-06-12 22:13:21,762] {processor.py:652} INFO - DAG(s) dict_keys(['example_external_task_marker_parent', 'example_external_task_marker_child']) retrieved from /home/leizo/.local/lib/python3.8/site-packages/airflow/example_dags/example_external_task_marker_dag.py
[2022-06-12 22:13:21,782] {logging_mixin.py:109} INFO - [2022-06-12 22:13:21,782] {dag.py:2398} INFO - Sync 2 DAGs
[2022-06-12 22:13:21,803] {logging_mixin.py:109} INFO - [2022-06-12 22:13:21,803] {dag.py:2937} INFO - Setting next_dagrun for example_external_task_marker_child to None
[2022-06-12 22:13:21,803] {logging_mixin.py:109} INFO - [2022-06-12 22:13:21,803] {dag.py:2937} INFO - Setting next_dagrun for example_external_task_marker_parent to None
[2022-06-12 22:13:21,815] {processor.py:171} INFO - Processing /home/leizo/.local/lib/python3.8/site-packages/airflow/example_dags/example_external_task_marker_dag.py took 0.075 seconds
[2022-06-12 22:13:59,709] {processor.py:163} INFO - Started process (PID=1003) to work on /home/leizo/.local/lib/python3.8/site-packages/airflow/example_dags/example_external_task_marker_dag.py
[2022-06-12 22:13:59,711] {processor.py:642} INFO - Processing file /home/leizo/.local/lib/python3.8/site-packages/airflow/example_dags/example_external_task_marker_dag.py for tasks to queue
[2022-06-12 22:13:59,711] {logging_mixin.py:109} INFO - [2022-06-12 22:13:59,711] {dagbag.py:500} INFO - Filling up the DagBag from /home/leizo/.local/lib/python3.8/site-packages/airflow/example_dags/example_external_task_marker_dag.py
[2022-06-12 22:13:59,736] {processor.py:652} INFO - DAG(s) dict_keys(['example_external_task_marker_parent', 'example_external_task_marker_child']) retrieved from /home/leizo/.local/lib/python3.8/site-packages/airflow/example_dags/example_external_task_marker_dag.py
[2022-06-12 22:13:59,758] {logging_mixin.py:109} INFO - [2022-06-12 22:13:59,758] {dag.py:2398} INFO - Sync 2 DAGs
[2022-06-12 22:13:59,782] {logging_mixin.py:109} INFO - [2022-06-12 22:13:59,781] {dag.py:2937} INFO - Setting next_dagrun for example_external_task_marker_child to None
[2022-06-12 22:13:59,782] {logging_mixin.py:109} INFO - [2022-06-12 22:13:59,782] {dag.py:2937} INFO - Setting next_dagrun for example_external_task_marker_parent to None
[2022-06-12 22:13:59,805] {processor.py:171} INFO - Processing /home/leizo/.local/lib/python3.8/site-packages/airflow/example_dags/example_external_task_marker_dag.py took 0.100 seconds
[2022-06-12 22:14:36,434] {processor.py:163} INFO - Started process (PID=1037) to work on /home/leizo/.local/lib/python3.8/site-packages/airflow/example_dags/example_external_task_marker_dag.py
[2022-06-12 22:14:36,435] {processor.py:642} INFO - Processing file /home/leizo/.local/lib/python3.8/site-packages/airflow/example_dags/example_external_task_marker_dag.py for tasks to queue
[2022-06-12 22:14:36,436] {logging_mixin.py:109} INFO - [2022-06-12 22:14:36,436] {dagbag.py:500} INFO - Filling up the DagBag from /home/leizo/.local/lib/python3.8/site-packages/airflow/example_dags/example_external_task_marker_dag.py
[2022-06-12 22:14:36,451] {processor.py:652} INFO - DAG(s) dict_keys(['example_external_task_marker_parent', 'example_external_task_marker_child']) retrieved from /home/leizo/.local/lib/python3.8/site-packages/airflow/example_dags/example_external_task_marker_dag.py
[2022-06-12 22:14:36,469] {logging_mixin.py:109} INFO - [2022-06-12 22:14:36,469] {dag.py:2398} INFO - Sync 2 DAGs
[2022-06-12 22:14:36,483] {logging_mixin.py:109} INFO - [2022-06-12 22:14:36,483] {dag.py:2937} INFO - Setting next_dagrun for example_external_task_marker_child to None
[2022-06-12 22:14:36,484] {logging_mixin.py:109} INFO - [2022-06-12 22:14:36,484] {dag.py:2937} INFO - Setting next_dagrun for example_external_task_marker_parent to None
[2022-06-12 22:14:36,499] {processor.py:171} INFO - Processing /home/leizo/.local/lib/python3.8/site-packages/airflow/example_dags/example_external_task_marker_dag.py took 0.068 seconds
[2022-06-12 22:15:11,227] {processor.py:163} INFO - Started process (PID=1071) to work on /home/leizo/.local/lib/python3.8/site-packages/airflow/example_dags/example_external_task_marker_dag.py
[2022-06-12 22:15:11,229] {processor.py:642} INFO - Processing file /home/leizo/.local/lib/python3.8/site-packages/airflow/example_dags/example_external_task_marker_dag.py for tasks to queue
[2022-06-12 22:15:11,230] {logging_mixin.py:109} INFO - [2022-06-12 22:15:11,230] {dagbag.py:500} INFO - Filling up the DagBag from /home/leizo/.local/lib/python3.8/site-packages/airflow/example_dags/example_external_task_marker_dag.py
[2022-06-12 22:15:11,241] {processor.py:652} INFO - DAG(s) dict_keys(['example_external_task_marker_parent', 'example_external_task_marker_child']) retrieved from /home/leizo/.local/lib/python3.8/site-packages/airflow/example_dags/example_external_task_marker_dag.py
[2022-06-12 22:15:11,256] {logging_mixin.py:109} INFO - [2022-06-12 22:15:11,256] {dag.py:2398} INFO - Sync 2 DAGs
[2022-06-12 22:15:11,269] {logging_mixin.py:109} INFO - [2022-06-12 22:15:11,269] {dag.py:2937} INFO - Setting next_dagrun for example_external_task_marker_child to None
[2022-06-12 22:15:11,269] {logging_mixin.py:109} INFO - [2022-06-12 22:15:11,269] {dag.py:2937} INFO - Setting next_dagrun for example_external_task_marker_parent to None
[2022-06-12 22:15:11,280] {processor.py:171} INFO - Processing /home/leizo/.local/lib/python3.8/site-packages/airflow/example_dags/example_external_task_marker_dag.py took 0.055 seconds
[2022-06-12 22:15:50,389] {processor.py:163} INFO - Started process (PID=1109) to work on /home/leizo/.local/lib/python3.8/site-packages/airflow/example_dags/example_external_task_marker_dag.py
[2022-06-12 22:15:50,391] {processor.py:642} INFO - Processing file /home/leizo/.local/lib/python3.8/site-packages/airflow/example_dags/example_external_task_marker_dag.py for tasks to queue
[2022-06-12 22:15:50,392] {logging_mixin.py:109} INFO - [2022-06-12 22:15:50,392] {dagbag.py:500} INFO - Filling up the DagBag from /home/leizo/.local/lib/python3.8/site-packages/airflow/example_dags/example_external_task_marker_dag.py
[2022-06-12 22:15:50,408] {processor.py:652} INFO - DAG(s) dict_keys(['example_external_task_marker_parent', 'example_external_task_marker_child']) retrieved from /home/leizo/.local/lib/python3.8/site-packages/airflow/example_dags/example_external_task_marker_dag.py
[2022-06-12 22:15:50,419] {logging_mixin.py:109} INFO - [2022-06-12 22:15:50,419] {dag.py:2398} INFO - Sync 2 DAGs
[2022-06-12 22:15:50,429] {logging_mixin.py:109} INFO - [2022-06-12 22:15:50,429] {dag.py:2937} INFO - Setting next_dagrun for example_external_task_marker_child to None
[2022-06-12 22:15:50,429] {logging_mixin.py:109} INFO - [2022-06-12 22:15:50,429] {dag.py:2937} INFO - Setting next_dagrun for example_external_task_marker_parent to None
[2022-06-12 22:15:50,439] {processor.py:171} INFO - Processing /home/leizo/.local/lib/python3.8/site-packages/airflow/example_dags/example_external_task_marker_dag.py took 0.052 seconds
[2022-06-12 22:16:30,335] {processor.py:163} INFO - Started process (PID=1147) to work on /home/leizo/.local/lib/python3.8/site-packages/airflow/example_dags/example_external_task_marker_dag.py
[2022-06-12 22:16:30,336] {processor.py:642} INFO - Processing file /home/leizo/.local/lib/python3.8/site-packages/airflow/example_dags/example_external_task_marker_dag.py for tasks to queue
[2022-06-12 22:16:30,337] {logging_mixin.py:109} INFO - [2022-06-12 22:16:30,337] {dagbag.py:500} INFO - Filling up the DagBag from /home/leizo/.local/lib/python3.8/site-packages/airflow/example_dags/example_external_task_marker_dag.py
[2022-06-12 22:16:30,350] {processor.py:652} INFO - DAG(s) dict_keys(['example_external_task_marker_parent', 'example_external_task_marker_child']) retrieved from /home/leizo/.local/lib/python3.8/site-packages/airflow/example_dags/example_external_task_marker_dag.py
[2022-06-12 22:16:30,366] {logging_mixin.py:109} INFO - [2022-06-12 22:16:30,366] {dag.py:2398} INFO - Sync 2 DAGs
[2022-06-12 22:16:30,379] {logging_mixin.py:109} INFO - [2022-06-12 22:16:30,379] {dag.py:2937} INFO - Setting next_dagrun for example_external_task_marker_child to None
[2022-06-12 22:16:30,379] {logging_mixin.py:109} INFO - [2022-06-12 22:16:30,379] {dag.py:2937} INFO - Setting next_dagrun for example_external_task_marker_parent to None
[2022-06-12 22:16:30,390] {processor.py:171} INFO - Processing /home/leizo/.local/lib/python3.8/site-packages/airflow/example_dags/example_external_task_marker_dag.py took 0.058 seconds
[2022-06-12 22:17:09,268] {processor.py:163} INFO - Started process (PID=1185) to work on /home/leizo/.local/lib/python3.8/site-packages/airflow/example_dags/example_external_task_marker_dag.py
[2022-06-12 22:17:09,270] {processor.py:642} INFO - Processing file /home/leizo/.local/lib/python3.8/site-packages/airflow/example_dags/example_external_task_marker_dag.py for tasks to queue
[2022-06-12 22:17:09,270] {logging_mixin.py:109} INFO - [2022-06-12 22:17:09,270] {dagbag.py:500} INFO - Filling up the DagBag from /home/leizo/.local/lib/python3.8/site-packages/airflow/example_dags/example_external_task_marker_dag.py
[2022-06-12 22:17:09,282] {processor.py:652} INFO - DAG(s) dict_keys(['example_external_task_marker_parent', 'example_external_task_marker_child']) retrieved from /home/leizo/.local/lib/python3.8/site-packages/airflow/example_dags/example_external_task_marker_dag.py
[2022-06-12 22:17:09,303] {logging_mixin.py:109} INFO - [2022-06-12 22:17:09,303] {dag.py:2398} INFO - Sync 2 DAGs
[2022-06-12 22:17:09,316] {logging_mixin.py:109} INFO - [2022-06-12 22:17:09,315] {dag.py:2937} INFO - Setting next_dagrun for example_external_task_marker_child to None
[2022-06-12 22:17:09,316] {logging_mixin.py:109} INFO - [2022-06-12 22:17:09,316] {dag.py:2937} INFO - Setting next_dagrun for example_external_task_marker_parent to None
[2022-06-12 22:17:09,328] {processor.py:171} INFO - Processing /home/leizo/.local/lib/python3.8/site-packages/airflow/example_dags/example_external_task_marker_dag.py took 0.063 seconds
[2022-06-12 22:17:47,790] {processor.py:163} INFO - Started process (PID=1222) to work on /home/leizo/.local/lib/python3.8/site-packages/airflow/example_dags/example_external_task_marker_dag.py
[2022-06-12 22:17:47,791] {processor.py:642} INFO - Processing file /home/leizo/.local/lib/python3.8/site-packages/airflow/example_dags/example_external_task_marker_dag.py for tasks to queue
[2022-06-12 22:17:47,791] {logging_mixin.py:109} INFO - [2022-06-12 22:17:47,791] {dagbag.py:500} INFO - Filling up the DagBag from /home/leizo/.local/lib/python3.8/site-packages/airflow/example_dags/example_external_task_marker_dag.py
[2022-06-12 22:17:47,804] {processor.py:652} INFO - DAG(s) dict_keys(['example_external_task_marker_parent', 'example_external_task_marker_child']) retrieved from /home/leizo/.local/lib/python3.8/site-packages/airflow/example_dags/example_external_task_marker_dag.py
[2022-06-12 22:17:47,817] {logging_mixin.py:109} INFO - [2022-06-12 22:17:47,817] {dag.py:2398} INFO - Sync 2 DAGs
[2022-06-12 22:17:47,828] {logging_mixin.py:109} INFO - [2022-06-12 22:17:47,828] {dag.py:2937} INFO - Setting next_dagrun for example_external_task_marker_child to None
[2022-06-12 22:17:47,828] {logging_mixin.py:109} INFO - [2022-06-12 22:17:47,828] {dag.py:2937} INFO - Setting next_dagrun for example_external_task_marker_parent to None
[2022-06-12 22:17:47,839] {processor.py:171} INFO - Processing /home/leizo/.local/lib/python3.8/site-packages/airflow/example_dags/example_external_task_marker_dag.py took 0.052 seconds
[2022-06-12 22:18:23,636] {processor.py:163} INFO - Started process (PID=1257) to work on /home/leizo/.local/lib/python3.8/site-packages/airflow/example_dags/example_external_task_marker_dag.py
[2022-06-12 22:18:23,638] {processor.py:642} INFO - Processing file /home/leizo/.local/lib/python3.8/site-packages/airflow/example_dags/example_external_task_marker_dag.py for tasks to queue
[2022-06-12 22:18:23,638] {logging_mixin.py:109} INFO - [2022-06-12 22:18:23,638] {dagbag.py:500} INFO - Filling up the DagBag from /home/leizo/.local/lib/python3.8/site-packages/airflow/example_dags/example_external_task_marker_dag.py
[2022-06-12 22:18:23,648] {processor.py:652} INFO - DAG(s) dict_keys(['example_external_task_marker_parent', 'example_external_task_marker_child']) retrieved from /home/leizo/.local/lib/python3.8/site-packages/airflow/example_dags/example_external_task_marker_dag.py
[2022-06-12 22:18:23,659] {logging_mixin.py:109} INFO - [2022-06-12 22:18:23,659] {dag.py:2398} INFO - Sync 2 DAGs
[2022-06-12 22:18:23,667] {logging_mixin.py:109} INFO - [2022-06-12 22:18:23,667] {dag.py:2937} INFO - Setting next_dagrun for example_external_task_marker_child to None
[2022-06-12 22:18:23,667] {logging_mixin.py:109} INFO - [2022-06-12 22:18:23,667] {dag.py:2937} INFO - Setting next_dagrun for example_external_task_marker_parent to None
[2022-06-12 22:18:23,680] {processor.py:171} INFO - Processing /home/leizo/.local/lib/python3.8/site-packages/airflow/example_dags/example_external_task_marker_dag.py took 0.046 seconds
[2022-06-12 22:18:57,231] {processor.py:163} INFO - Started process (PID=1291) to work on /home/leizo/.local/lib/python3.8/site-packages/airflow/example_dags/example_external_task_marker_dag.py
[2022-06-12 22:18:57,233] {processor.py:642} INFO - Processing file /home/leizo/.local/lib/python3.8/site-packages/airflow/example_dags/example_external_task_marker_dag.py for tasks to queue
[2022-06-12 22:18:57,233] {logging_mixin.py:109} INFO - [2022-06-12 22:18:57,233] {dagbag.py:500} INFO - Filling up the DagBag from /home/leizo/.local/lib/python3.8/site-packages/airflow/example_dags/example_external_task_marker_dag.py
[2022-06-12 22:18:57,244] {processor.py:652} INFO - DAG(s) dict_keys(['example_external_task_marker_parent', 'example_external_task_marker_child']) retrieved from /home/leizo/.local/lib/python3.8/site-packages/airflow/example_dags/example_external_task_marker_dag.py
[2022-06-12 22:18:57,255] {logging_mixin.py:109} INFO - [2022-06-12 22:18:57,255] {dag.py:2398} INFO - Sync 2 DAGs
[2022-06-12 22:18:57,265] {logging_mixin.py:109} INFO - [2022-06-12 22:18:57,265] {dag.py:2937} INFO - Setting next_dagrun for example_external_task_marker_child to None
[2022-06-12 22:18:57,265] {logging_mixin.py:109} INFO - [2022-06-12 22:18:57,265] {dag.py:2937} INFO - Setting next_dagrun for example_external_task_marker_parent to None
[2022-06-12 22:18:57,279] {processor.py:171} INFO - Processing /home/leizo/.local/lib/python3.8/site-packages/airflow/example_dags/example_external_task_marker_dag.py took 0.050 seconds
[2022-06-12 22:19:32,538] {processor.py:163} INFO - Started process (PID=1326) to work on /home/leizo/.local/lib/python3.8/site-packages/airflow/example_dags/example_external_task_marker_dag.py
[2022-06-12 22:19:32,539] {processor.py:642} INFO - Processing file /home/leizo/.local/lib/python3.8/site-packages/airflow/example_dags/example_external_task_marker_dag.py for tasks to queue
[2022-06-12 22:19:32,540] {logging_mixin.py:109} INFO - [2022-06-12 22:19:32,540] {dagbag.py:500} INFO - Filling up the DagBag from /home/leizo/.local/lib/python3.8/site-packages/airflow/example_dags/example_external_task_marker_dag.py
[2022-06-12 22:19:32,554] {processor.py:652} INFO - DAG(s) dict_keys(['example_external_task_marker_parent', 'example_external_task_marker_child']) retrieved from /home/leizo/.local/lib/python3.8/site-packages/airflow/example_dags/example_external_task_marker_dag.py
[2022-06-12 22:19:32,568] {logging_mixin.py:109} INFO - [2022-06-12 22:19:32,568] {dag.py:2398} INFO - Sync 2 DAGs
[2022-06-12 22:19:32,578] {logging_mixin.py:109} INFO - [2022-06-12 22:19:32,578] {dag.py:2937} INFO - Setting next_dagrun for example_external_task_marker_child to None
[2022-06-12 22:19:32,579] {logging_mixin.py:109} INFO - [2022-06-12 22:19:32,579] {dag.py:2937} INFO - Setting next_dagrun for example_external_task_marker_parent to None
[2022-06-12 22:19:32,589] {processor.py:171} INFO - Processing /home/leizo/.local/lib/python3.8/site-packages/airflow/example_dags/example_external_task_marker_dag.py took 0.054 seconds
[2022-06-12 22:20:07,443] {processor.py:163} INFO - Started process (PID=1360) to work on /home/leizo/.local/lib/python3.8/site-packages/airflow/example_dags/example_external_task_marker_dag.py
[2022-06-12 22:20:07,445] {processor.py:642} INFO - Processing file /home/leizo/.local/lib/python3.8/site-packages/airflow/example_dags/example_external_task_marker_dag.py for tasks to queue
[2022-06-12 22:20:07,445] {logging_mixin.py:109} INFO - [2022-06-12 22:20:07,445] {dagbag.py:500} INFO - Filling up the DagBag from /home/leizo/.local/lib/python3.8/site-packages/airflow/example_dags/example_external_task_marker_dag.py
[2022-06-12 22:20:07,457] {processor.py:652} INFO - DAG(s) dict_keys(['example_external_task_marker_parent', 'example_external_task_marker_child']) retrieved from /home/leizo/.local/lib/python3.8/site-packages/airflow/example_dags/example_external_task_marker_dag.py
[2022-06-12 22:20:07,469] {logging_mixin.py:109} INFO - [2022-06-12 22:20:07,469] {dag.py:2398} INFO - Sync 2 DAGs
[2022-06-12 22:20:07,480] {logging_mixin.py:109} INFO - [2022-06-12 22:20:07,480] {dag.py:2937} INFO - Setting next_dagrun for example_external_task_marker_child to None
[2022-06-12 22:20:07,480] {logging_mixin.py:109} INFO - [2022-06-12 22:20:07,480] {dag.py:2937} INFO - Setting next_dagrun for example_external_task_marker_parent to None
[2022-06-12 22:20:07,492] {processor.py:171} INFO - Processing /home/leizo/.local/lib/python3.8/site-packages/airflow/example_dags/example_external_task_marker_dag.py took 0.051 seconds
[2022-06-12 22:20:43,528] {processor.py:163} INFO - Started process (PID=1395) to work on /home/leizo/.local/lib/python3.8/site-packages/airflow/example_dags/example_external_task_marker_dag.py
[2022-06-12 22:20:43,530] {processor.py:642} INFO - Processing file /home/leizo/.local/lib/python3.8/site-packages/airflow/example_dags/example_external_task_marker_dag.py for tasks to queue
[2022-06-12 22:20:43,530] {logging_mixin.py:109} INFO - [2022-06-12 22:20:43,530] {dagbag.py:500} INFO - Filling up the DagBag from /home/leizo/.local/lib/python3.8/site-packages/airflow/example_dags/example_external_task_marker_dag.py
[2022-06-12 22:20:43,541] {processor.py:652} INFO - DAG(s) dict_keys(['example_external_task_marker_parent', 'example_external_task_marker_child']) retrieved from /home/leizo/.local/lib/python3.8/site-packages/airflow/example_dags/example_external_task_marker_dag.py
[2022-06-12 22:20:43,556] {logging_mixin.py:109} INFO - [2022-06-12 22:20:43,556] {dag.py:2398} INFO - Sync 2 DAGs
[2022-06-12 22:20:43,569] {logging_mixin.py:109} INFO - [2022-06-12 22:20:43,569] {dag.py:2937} INFO - Setting next_dagrun for example_external_task_marker_child to None
[2022-06-12 22:20:43,570] {logging_mixin.py:109} INFO - [2022-06-12 22:20:43,570] {dag.py:2937} INFO - Setting next_dagrun for example_external_task_marker_parent to None
[2022-06-12 22:20:43,579] {processor.py:171} INFO - Processing /home/leizo/.local/lib/python3.8/site-packages/airflow/example_dags/example_external_task_marker_dag.py took 0.053 seconds
[2022-06-12 22:21:18,942] {processor.py:163} INFO - Started process (PID=1429) to work on /home/leizo/.local/lib/python3.8/site-packages/airflow/example_dags/example_external_task_marker_dag.py
[2022-06-12 22:21:18,944] {processor.py:642} INFO - Processing file /home/leizo/.local/lib/python3.8/site-packages/airflow/example_dags/example_external_task_marker_dag.py for tasks to queue
[2022-06-12 22:21:18,944] {logging_mixin.py:109} INFO - [2022-06-12 22:21:18,944] {dagbag.py:500} INFO - Filling up the DagBag from /home/leizo/.local/lib/python3.8/site-packages/airflow/example_dags/example_external_task_marker_dag.py
[2022-06-12 22:21:18,957] {processor.py:652} INFO - DAG(s) dict_keys(['example_external_task_marker_parent', 'example_external_task_marker_child']) retrieved from /home/leizo/.local/lib/python3.8/site-packages/airflow/example_dags/example_external_task_marker_dag.py
[2022-06-12 22:21:18,970] {logging_mixin.py:109} INFO - [2022-06-12 22:21:18,970] {dag.py:2398} INFO - Sync 2 DAGs
[2022-06-12 22:21:18,980] {logging_mixin.py:109} INFO - [2022-06-12 22:21:18,980] {dag.py:2937} INFO - Setting next_dagrun for example_external_task_marker_child to None
[2022-06-12 22:21:18,980] {logging_mixin.py:109} INFO - [2022-06-12 22:21:18,980] {dag.py:2937} INFO - Setting next_dagrun for example_external_task_marker_parent to None
[2022-06-12 22:21:18,990] {processor.py:171} INFO - Processing /home/leizo/.local/lib/python3.8/site-packages/airflow/example_dags/example_external_task_marker_dag.py took 0.051 seconds
[2022-06-12 22:21:53,216] {processor.py:163} INFO - Started process (PID=1464) to work on /home/leizo/.local/lib/python3.8/site-packages/airflow/example_dags/example_external_task_marker_dag.py
[2022-06-12 22:21:53,217] {processor.py:642} INFO - Processing file /home/leizo/.local/lib/python3.8/site-packages/airflow/example_dags/example_external_task_marker_dag.py for tasks to queue
[2022-06-12 22:21:53,218] {logging_mixin.py:109} INFO - [2022-06-12 22:21:53,218] {dagbag.py:500} INFO - Filling up the DagBag from /home/leizo/.local/lib/python3.8/site-packages/airflow/example_dags/example_external_task_marker_dag.py
[2022-06-12 22:21:53,232] {processor.py:652} INFO - DAG(s) dict_keys(['example_external_task_marker_parent', 'example_external_task_marker_child']) retrieved from /home/leizo/.local/lib/python3.8/site-packages/airflow/example_dags/example_external_task_marker_dag.py
[2022-06-12 22:21:53,245] {logging_mixin.py:109} INFO - [2022-06-12 22:21:53,245] {dag.py:2398} INFO - Sync 2 DAGs
[2022-06-12 22:21:53,256] {logging_mixin.py:109} INFO - [2022-06-12 22:21:53,256] {dag.py:2937} INFO - Setting next_dagrun for example_external_task_marker_child to None
[2022-06-12 22:21:53,256] {logging_mixin.py:109} INFO - [2022-06-12 22:21:53,256] {dag.py:2937} INFO - Setting next_dagrun for example_external_task_marker_parent to None
[2022-06-12 22:21:53,267] {processor.py:171} INFO - Processing /home/leizo/.local/lib/python3.8/site-packages/airflow/example_dags/example_external_task_marker_dag.py took 0.054 seconds
[2022-06-12 22:22:28,660] {processor.py:163} INFO - Started process (PID=1498) to work on /home/leizo/.local/lib/python3.8/site-packages/airflow/example_dags/example_external_task_marker_dag.py
[2022-06-12 22:22:28,661] {processor.py:642} INFO - Processing file /home/leizo/.local/lib/python3.8/site-packages/airflow/example_dags/example_external_task_marker_dag.py for tasks to queue
[2022-06-12 22:22:28,662] {logging_mixin.py:109} INFO - [2022-06-12 22:22:28,662] {dagbag.py:500} INFO - Filling up the DagBag from /home/leizo/.local/lib/python3.8/site-packages/airflow/example_dags/example_external_task_marker_dag.py
[2022-06-12 22:22:28,672] {processor.py:652} INFO - DAG(s) dict_keys(['example_external_task_marker_parent', 'example_external_task_marker_child']) retrieved from /home/leizo/.local/lib/python3.8/site-packages/airflow/example_dags/example_external_task_marker_dag.py
[2022-06-12 22:22:28,688] {logging_mixin.py:109} INFO - [2022-06-12 22:22:28,688] {dag.py:2398} INFO - Sync 2 DAGs
[2022-06-12 22:22:28,702] {logging_mixin.py:109} INFO - [2022-06-12 22:22:28,702] {dag.py:2937} INFO - Setting next_dagrun for example_external_task_marker_child to None
[2022-06-12 22:22:28,702] {logging_mixin.py:109} INFO - [2022-06-12 22:22:28,702] {dag.py:2937} INFO - Setting next_dagrun for example_external_task_marker_parent to None
[2022-06-12 22:22:28,714] {processor.py:171} INFO - Processing /home/leizo/.local/lib/python3.8/site-packages/airflow/example_dags/example_external_task_marker_dag.py took 0.057 seconds
[2022-06-12 22:23:04,967] {processor.py:163} INFO - Started process (PID=1533) to work on /home/leizo/.local/lib/python3.8/site-packages/airflow/example_dags/example_external_task_marker_dag.py
[2022-06-12 22:23:04,968] {processor.py:642} INFO - Processing file /home/leizo/.local/lib/python3.8/site-packages/airflow/example_dags/example_external_task_marker_dag.py for tasks to queue
[2022-06-12 22:23:04,968] {logging_mixin.py:109} INFO - [2022-06-12 22:23:04,968] {dagbag.py:500} INFO - Filling up the DagBag from /home/leizo/.local/lib/python3.8/site-packages/airflow/example_dags/example_external_task_marker_dag.py
[2022-06-12 22:23:04,979] {processor.py:652} INFO - DAG(s) dict_keys(['example_external_task_marker_parent', 'example_external_task_marker_child']) retrieved from /home/leizo/.local/lib/python3.8/site-packages/airflow/example_dags/example_external_task_marker_dag.py
[2022-06-12 22:23:04,993] {logging_mixin.py:109} INFO - [2022-06-12 22:23:04,993] {dag.py:2398} INFO - Sync 2 DAGs
[2022-06-12 22:23:05,004] {logging_mixin.py:109} INFO - [2022-06-12 22:23:05,004] {dag.py:2937} INFO - Setting next_dagrun for example_external_task_marker_child to None
[2022-06-12 22:23:05,004] {logging_mixin.py:109} INFO - [2022-06-12 22:23:05,004] {dag.py:2937} INFO - Setting next_dagrun for example_external_task_marker_parent to None
[2022-06-12 22:23:05,018] {processor.py:171} INFO - Processing /home/leizo/.local/lib/python3.8/site-packages/airflow/example_dags/example_external_task_marker_dag.py took 0.054 seconds
[2022-06-12 22:23:48,882] {processor.py:163} INFO - Started process (PID=1637) to work on /home/leizo/.local/lib/python3.8/site-packages/airflow/example_dags/example_external_task_marker_dag.py
[2022-06-12 22:23:48,886] {processor.py:642} INFO - Processing file /home/leizo/.local/lib/python3.8/site-packages/airflow/example_dags/example_external_task_marker_dag.py for tasks to queue
[2022-06-12 22:23:48,888] {logging_mixin.py:109} INFO - [2022-06-12 22:23:48,888] {dagbag.py:500} INFO - Filling up the DagBag from /home/leizo/.local/lib/python3.8/site-packages/airflow/example_dags/example_external_task_marker_dag.py
[2022-06-12 22:23:48,916] {processor.py:652} INFO - DAG(s) dict_keys(['example_external_task_marker_parent', 'example_external_task_marker_child']) retrieved from /home/leizo/.local/lib/python3.8/site-packages/airflow/example_dags/example_external_task_marker_dag.py
[2022-06-12 22:23:48,942] {logging_mixin.py:109} INFO - [2022-06-12 22:23:48,942] {dag.py:2398} INFO - Sync 2 DAGs
[2022-06-12 22:23:48,952] {logging_mixin.py:109} INFO - [2022-06-12 22:23:48,952] {dag.py:2937} INFO - Setting next_dagrun for example_external_task_marker_child to None
[2022-06-12 22:23:48,952] {logging_mixin.py:109} INFO - [2022-06-12 22:23:48,952] {dag.py:2937} INFO - Setting next_dagrun for example_external_task_marker_parent to None
[2022-06-12 22:23:48,967] {processor.py:171} INFO - Processing /home/leizo/.local/lib/python3.8/site-packages/airflow/example_dags/example_external_task_marker_dag.py took 0.089 seconds
[2022-06-12 22:24:30,976] {processor.py:163} INFO - Started process (PID=1678) to work on /home/leizo/.local/lib/python3.8/site-packages/airflow/example_dags/example_external_task_marker_dag.py
[2022-06-12 22:24:30,978] {processor.py:642} INFO - Processing file /home/leizo/.local/lib/python3.8/site-packages/airflow/example_dags/example_external_task_marker_dag.py for tasks to queue
[2022-06-12 22:24:30,980] {logging_mixin.py:109} INFO - [2022-06-12 22:24:30,979] {dagbag.py:500} INFO - Filling up the DagBag from /home/leizo/.local/lib/python3.8/site-packages/airflow/example_dags/example_external_task_marker_dag.py
[2022-06-12 22:24:31,004] {processor.py:652} INFO - DAG(s) dict_keys(['example_external_task_marker_parent', 'example_external_task_marker_child']) retrieved from /home/leizo/.local/lib/python3.8/site-packages/airflow/example_dags/example_external_task_marker_dag.py
[2022-06-12 22:24:31,029] {logging_mixin.py:109} INFO - [2022-06-12 22:24:31,029] {dag.py:2398} INFO - Sync 2 DAGs
[2022-06-12 22:24:31,057] {logging_mixin.py:109} INFO - [2022-06-12 22:24:31,057] {dag.py:2937} INFO - Setting next_dagrun for example_external_task_marker_child to None
[2022-06-12 22:24:31,058] {logging_mixin.py:109} INFO - [2022-06-12 22:24:31,058] {dag.py:2937} INFO - Setting next_dagrun for example_external_task_marker_parent to None
[2022-06-12 22:24:31,091] {processor.py:171} INFO - Processing /home/leizo/.local/lib/python3.8/site-packages/airflow/example_dags/example_external_task_marker_dag.py took 0.120 seconds
[2022-06-12 22:25:22,509] {processor.py:163} INFO - Started process (PID=1762) to work on /home/leizo/.local/lib/python3.8/site-packages/airflow/example_dags/example_external_task_marker_dag.py
[2022-06-12 22:25:22,511] {processor.py:642} INFO - Processing file /home/leizo/.local/lib/python3.8/site-packages/airflow/example_dags/example_external_task_marker_dag.py for tasks to queue
[2022-06-12 22:25:22,513] {logging_mixin.py:109} INFO - [2022-06-12 22:25:22,513] {dagbag.py:500} INFO - Filling up the DagBag from /home/leizo/.local/lib/python3.8/site-packages/airflow/example_dags/example_external_task_marker_dag.py
[2022-06-12 22:25:22,540] {processor.py:652} INFO - DAG(s) dict_keys(['example_external_task_marker_parent', 'example_external_task_marker_child']) retrieved from /home/leizo/.local/lib/python3.8/site-packages/airflow/example_dags/example_external_task_marker_dag.py
[2022-06-12 22:25:22,567] {logging_mixin.py:109} INFO - [2022-06-12 22:25:22,567] {dag.py:2398} INFO - Sync 2 DAGs
[2022-06-12 22:25:22,582] {logging_mixin.py:109} INFO - [2022-06-12 22:25:22,581] {dag.py:2937} INFO - Setting next_dagrun for example_external_task_marker_child to None
[2022-06-12 22:25:22,582] {logging_mixin.py:109} INFO - [2022-06-12 22:25:22,582] {dag.py:2937} INFO - Setting next_dagrun for example_external_task_marker_parent to None
[2022-06-12 22:25:22,594] {processor.py:171} INFO - Processing /home/leizo/.local/lib/python3.8/site-packages/airflow/example_dags/example_external_task_marker_dag.py took 0.092 seconds
[2022-06-12 22:26:13,686] {processor.py:163} INFO - Started process (PID=1810) to work on /home/leizo/.local/lib/python3.8/site-packages/airflow/example_dags/example_external_task_marker_dag.py
[2022-06-12 22:26:13,688] {processor.py:642} INFO - Processing file /home/leizo/.local/lib/python3.8/site-packages/airflow/example_dags/example_external_task_marker_dag.py for tasks to queue
[2022-06-12 22:26:13,689] {logging_mixin.py:109} INFO - [2022-06-12 22:26:13,689] {dagbag.py:500} INFO - Filling up the DagBag from /home/leizo/.local/lib/python3.8/site-packages/airflow/example_dags/example_external_task_marker_dag.py
[2022-06-12 22:26:13,728] {processor.py:652} INFO - DAG(s) dict_keys(['example_external_task_marker_parent', 'example_external_task_marker_child']) retrieved from /home/leizo/.local/lib/python3.8/site-packages/airflow/example_dags/example_external_task_marker_dag.py
[2022-06-12 22:26:13,762] {logging_mixin.py:109} INFO - [2022-06-12 22:26:13,762] {dag.py:2398} INFO - Sync 2 DAGs
[2022-06-12 22:26:13,776] {logging_mixin.py:109} INFO - [2022-06-12 22:26:13,776] {dag.py:2937} INFO - Setting next_dagrun for example_external_task_marker_child to None
[2022-06-12 22:26:13,777] {logging_mixin.py:109} INFO - [2022-06-12 22:26:13,777] {dag.py:2937} INFO - Setting next_dagrun for example_external_task_marker_parent to None
[2022-06-12 22:26:13,798] {processor.py:171} INFO - Processing /home/leizo/.local/lib/python3.8/site-packages/airflow/example_dags/example_external_task_marker_dag.py took 0.115 seconds
[2022-06-12 22:27:05,358] {processor.py:163} INFO - Started process (PID=1872) to work on /home/leizo/.local/lib/python3.8/site-packages/airflow/example_dags/example_external_task_marker_dag.py
[2022-06-12 22:27:05,362] {processor.py:642} INFO - Processing file /home/leizo/.local/lib/python3.8/site-packages/airflow/example_dags/example_external_task_marker_dag.py for tasks to queue
[2022-06-12 22:27:05,363] {logging_mixin.py:109} INFO - [2022-06-12 22:27:05,363] {dagbag.py:500} INFO - Filling up the DagBag from /home/leizo/.local/lib/python3.8/site-packages/airflow/example_dags/example_external_task_marker_dag.py
[2022-06-12 22:27:05,387] {processor.py:652} INFO - DAG(s) dict_keys(['example_external_task_marker_parent', 'example_external_task_marker_child']) retrieved from /home/leizo/.local/lib/python3.8/site-packages/airflow/example_dags/example_external_task_marker_dag.py
[2022-06-12 22:27:05,427] {logging_mixin.py:109} INFO - [2022-06-12 22:27:05,427] {dag.py:2398} INFO - Sync 2 DAGs
[2022-06-12 22:27:05,453] {logging_mixin.py:109} INFO - [2022-06-12 22:27:05,453] {dag.py:2937} INFO - Setting next_dagrun for example_external_task_marker_child to None
[2022-06-12 22:27:05,454] {logging_mixin.py:109} INFO - [2022-06-12 22:27:05,454] {dag.py:2937} INFO - Setting next_dagrun for example_external_task_marker_parent to None
[2022-06-12 22:27:05,482] {processor.py:171} INFO - Processing /home/leizo/.local/lib/python3.8/site-packages/airflow/example_dags/example_external_task_marker_dag.py took 0.130 seconds
[2022-06-12 22:28:29,690] {processor.py:163} INFO - Started process (PID=1950) to work on /home/leizo/.local/lib/python3.8/site-packages/airflow/example_dags/example_external_task_marker_dag.py
[2022-06-12 22:28:29,692] {processor.py:642} INFO - Processing file /home/leizo/.local/lib/python3.8/site-packages/airflow/example_dags/example_external_task_marker_dag.py for tasks to queue
[2022-06-12 22:28:29,694] {logging_mixin.py:109} INFO - [2022-06-12 22:28:29,693] {dagbag.py:500} INFO - Filling up the DagBag from /home/leizo/.local/lib/python3.8/site-packages/airflow/example_dags/example_external_task_marker_dag.py
[2022-06-12 22:28:29,707] {processor.py:652} INFO - DAG(s) dict_keys(['example_external_task_marker_parent', 'example_external_task_marker_child']) retrieved from /home/leizo/.local/lib/python3.8/site-packages/airflow/example_dags/example_external_task_marker_dag.py
[2022-06-12 22:28:29,723] {logging_mixin.py:109} INFO - [2022-06-12 22:28:29,723] {dag.py:2398} INFO - Sync 2 DAGs
[2022-06-12 22:28:29,742] {logging_mixin.py:109} INFO - [2022-06-12 22:28:29,741] {dag.py:2937} INFO - Setting next_dagrun for example_external_task_marker_child to None
[2022-06-12 22:28:29,742] {logging_mixin.py:109} INFO - [2022-06-12 22:28:29,742] {dag.py:2937} INFO - Setting next_dagrun for example_external_task_marker_parent to None
[2022-06-12 22:28:29,765] {processor.py:171} INFO - Processing /home/leizo/.local/lib/python3.8/site-packages/airflow/example_dags/example_external_task_marker_dag.py took 0.079 seconds
[2022-06-12 22:29:11,943] {processor.py:163} INFO - Started process (PID=2085) to work on /home/leizo/.local/lib/python3.8/site-packages/airflow/example_dags/example_external_task_marker_dag.py
[2022-06-12 22:29:11,945] {processor.py:642} INFO - Processing file /home/leizo/.local/lib/python3.8/site-packages/airflow/example_dags/example_external_task_marker_dag.py for tasks to queue
[2022-06-12 22:29:11,947] {logging_mixin.py:109} INFO - [2022-06-12 22:29:11,947] {dagbag.py:500} INFO - Filling up the DagBag from /home/leizo/.local/lib/python3.8/site-packages/airflow/example_dags/example_external_task_marker_dag.py
[2022-06-12 22:29:11,974] {processor.py:652} INFO - DAG(s) dict_keys(['example_external_task_marker_parent', 'example_external_task_marker_child']) retrieved from /home/leizo/.local/lib/python3.8/site-packages/airflow/example_dags/example_external_task_marker_dag.py
[2022-06-12 22:29:11,998] {logging_mixin.py:109} INFO - [2022-06-12 22:29:11,998] {dag.py:2398} INFO - Sync 2 DAGs
[2022-06-12 22:29:12,028] {logging_mixin.py:109} INFO - [2022-06-12 22:29:12,028] {dag.py:2937} INFO - Setting next_dagrun for example_external_task_marker_child to None
[2022-06-12 22:29:12,029] {logging_mixin.py:109} INFO - [2022-06-12 22:29:12,029] {dag.py:2937} INFO - Setting next_dagrun for example_external_task_marker_parent to None
[2022-06-12 22:29:12,057] {processor.py:171} INFO - Processing /home/leizo/.local/lib/python3.8/site-packages/airflow/example_dags/example_external_task_marker_dag.py took 0.118 seconds
[2022-06-12 22:29:58,497] {processor.py:163} INFO - Started process (PID=2177) to work on /home/leizo/.local/lib/python3.8/site-packages/airflow/example_dags/example_external_task_marker_dag.py
[2022-06-12 22:29:58,500] {processor.py:642} INFO - Processing file /home/leizo/.local/lib/python3.8/site-packages/airflow/example_dags/example_external_task_marker_dag.py for tasks to queue
[2022-06-12 22:29:58,501] {logging_mixin.py:109} INFO - [2022-06-12 22:29:58,501] {dagbag.py:500} INFO - Filling up the DagBag from /home/leizo/.local/lib/python3.8/site-packages/airflow/example_dags/example_external_task_marker_dag.py
[2022-06-12 22:29:58,523] {processor.py:652} INFO - DAG(s) dict_keys(['example_external_task_marker_parent', 'example_external_task_marker_child']) retrieved from /home/leizo/.local/lib/python3.8/site-packages/airflow/example_dags/example_external_task_marker_dag.py
[2022-06-12 22:29:58,542] {logging_mixin.py:109} INFO - [2022-06-12 22:29:58,542] {dag.py:2398} INFO - Sync 2 DAGs
[2022-06-12 22:29:58,552] {logging_mixin.py:109} INFO - [2022-06-12 22:29:58,552] {dag.py:2937} INFO - Setting next_dagrun for example_external_task_marker_child to None
[2022-06-12 22:29:58,552] {logging_mixin.py:109} INFO - [2022-06-12 22:29:58,552] {dag.py:2937} INFO - Setting next_dagrun for example_external_task_marker_parent to None
[2022-06-12 22:29:58,567] {processor.py:171} INFO - Processing /home/leizo/.local/lib/python3.8/site-packages/airflow/example_dags/example_external_task_marker_dag.py took 0.074 seconds
[2022-06-12 22:30:45,873] {processor.py:163} INFO - Started process (PID=2288) to work on /home/leizo/.local/lib/python3.8/site-packages/airflow/example_dags/example_external_task_marker_dag.py
[2022-06-12 22:30:45,877] {processor.py:642} INFO - Processing file /home/leizo/.local/lib/python3.8/site-packages/airflow/example_dags/example_external_task_marker_dag.py for tasks to queue
[2022-06-12 22:30:45,878] {logging_mixin.py:109} INFO - [2022-06-12 22:30:45,878] {dagbag.py:500} INFO - Filling up the DagBag from /home/leizo/.local/lib/python3.8/site-packages/airflow/example_dags/example_external_task_marker_dag.py
[2022-06-12 22:30:45,907] {processor.py:652} INFO - DAG(s) dict_keys(['example_external_task_marker_parent', 'example_external_task_marker_child']) retrieved from /home/leizo/.local/lib/python3.8/site-packages/airflow/example_dags/example_external_task_marker_dag.py
[2022-06-12 22:30:45,942] {logging_mixin.py:109} INFO - [2022-06-12 22:30:45,941] {dag.py:2398} INFO - Sync 2 DAGs
[2022-06-12 22:30:45,955] {logging_mixin.py:109} INFO - [2022-06-12 22:30:45,955] {dag.py:2937} INFO - Setting next_dagrun for example_external_task_marker_child to None
[2022-06-12 22:30:45,955] {logging_mixin.py:109} INFO - [2022-06-12 22:30:45,955] {dag.py:2937} INFO - Setting next_dagrun for example_external_task_marker_parent to None
[2022-06-12 22:30:45,973] {processor.py:171} INFO - Processing /home/leizo/.local/lib/python3.8/site-packages/airflow/example_dags/example_external_task_marker_dag.py took 0.104 seconds
[2022-06-12 22:31:29,445] {processor.py:163} INFO - Started process (PID=2424) to work on /home/leizo/.local/lib/python3.8/site-packages/airflow/example_dags/example_external_task_marker_dag.py
[2022-06-12 22:31:29,447] {processor.py:642} INFO - Processing file /home/leizo/.local/lib/python3.8/site-packages/airflow/example_dags/example_external_task_marker_dag.py for tasks to queue
[2022-06-12 22:31:29,448] {logging_mixin.py:109} INFO - [2022-06-12 22:31:29,448] {dagbag.py:500} INFO - Filling up the DagBag from /home/leizo/.local/lib/python3.8/site-packages/airflow/example_dags/example_external_task_marker_dag.py
[2022-06-12 22:31:29,461] {processor.py:652} INFO - DAG(s) dict_keys(['example_external_task_marker_parent', 'example_external_task_marker_child']) retrieved from /home/leizo/.local/lib/python3.8/site-packages/airflow/example_dags/example_external_task_marker_dag.py
[2022-06-12 22:31:29,476] {logging_mixin.py:109} INFO - [2022-06-12 22:31:29,476] {dag.py:2398} INFO - Sync 2 DAGs
[2022-06-12 22:31:29,488] {logging_mixin.py:109} INFO - [2022-06-12 22:31:29,488] {dag.py:2937} INFO - Setting next_dagrun for example_external_task_marker_child to None
[2022-06-12 22:31:29,489] {logging_mixin.py:109} INFO - [2022-06-12 22:31:29,489] {dag.py:2937} INFO - Setting next_dagrun for example_external_task_marker_parent to None
[2022-06-12 22:31:29,506] {processor.py:171} INFO - Processing /home/leizo/.local/lib/python3.8/site-packages/airflow/example_dags/example_external_task_marker_dag.py took 0.065 seconds
[2022-06-12 22:32:10,227] {processor.py:163} INFO - Started process (PID=2483) to work on /home/leizo/.local/lib/python3.8/site-packages/airflow/example_dags/example_external_task_marker_dag.py
[2022-06-12 22:32:10,229] {processor.py:642} INFO - Processing file /home/leizo/.local/lib/python3.8/site-packages/airflow/example_dags/example_external_task_marker_dag.py for tasks to queue
[2022-06-12 22:32:10,230] {logging_mixin.py:109} INFO - [2022-06-12 22:32:10,230] {dagbag.py:500} INFO - Filling up the DagBag from /home/leizo/.local/lib/python3.8/site-packages/airflow/example_dags/example_external_task_marker_dag.py
[2022-06-12 22:32:10,243] {processor.py:652} INFO - DAG(s) dict_keys(['example_external_task_marker_parent', 'example_external_task_marker_child']) retrieved from /home/leizo/.local/lib/python3.8/site-packages/airflow/example_dags/example_external_task_marker_dag.py
[2022-06-12 22:32:10,258] {logging_mixin.py:109} INFO - [2022-06-12 22:32:10,257] {dag.py:2398} INFO - Sync 2 DAGs
[2022-06-12 22:32:10,268] {logging_mixin.py:109} INFO - [2022-06-12 22:32:10,268] {dag.py:2937} INFO - Setting next_dagrun for example_external_task_marker_child to None
[2022-06-12 22:32:10,268] {logging_mixin.py:109} INFO - [2022-06-12 22:32:10,268] {dag.py:2937} INFO - Setting next_dagrun for example_external_task_marker_parent to None
[2022-06-12 22:32:10,281] {processor.py:171} INFO - Processing /home/leizo/.local/lib/python3.8/site-packages/airflow/example_dags/example_external_task_marker_dag.py took 0.056 seconds
[2022-06-12 22:32:50,848] {processor.py:163} INFO - Started process (PID=2554) to work on /home/leizo/.local/lib/python3.8/site-packages/airflow/example_dags/example_external_task_marker_dag.py
[2022-06-12 22:32:50,850] {processor.py:642} INFO - Processing file /home/leizo/.local/lib/python3.8/site-packages/airflow/example_dags/example_external_task_marker_dag.py for tasks to queue
[2022-06-12 22:32:50,851] {logging_mixin.py:109} INFO - [2022-06-12 22:32:50,851] {dagbag.py:500} INFO - Filling up the DagBag from /home/leizo/.local/lib/python3.8/site-packages/airflow/example_dags/example_external_task_marker_dag.py
[2022-06-12 22:32:50,862] {processor.py:652} INFO - DAG(s) dict_keys(['example_external_task_marker_parent', 'example_external_task_marker_child']) retrieved from /home/leizo/.local/lib/python3.8/site-packages/airflow/example_dags/example_external_task_marker_dag.py
[2022-06-12 22:32:50,875] {logging_mixin.py:109} INFO - [2022-06-12 22:32:50,875] {dag.py:2398} INFO - Sync 2 DAGs
[2022-06-12 22:32:50,884] {logging_mixin.py:109} INFO - [2022-06-12 22:32:50,884] {dag.py:2937} INFO - Setting next_dagrun for example_external_task_marker_child to None
[2022-06-12 22:32:50,885] {logging_mixin.py:109} INFO - [2022-06-12 22:32:50,885] {dag.py:2937} INFO - Setting next_dagrun for example_external_task_marker_parent to None
[2022-06-12 22:32:50,899] {processor.py:171} INFO - Processing /home/leizo/.local/lib/python3.8/site-packages/airflow/example_dags/example_external_task_marker_dag.py took 0.053 seconds
[2022-06-12 22:33:32,106] {processor.py:163} INFO - Started process (PID=2645) to work on /home/leizo/.local/lib/python3.8/site-packages/airflow/example_dags/example_external_task_marker_dag.py
[2022-06-12 22:33:32,108] {processor.py:642} INFO - Processing file /home/leizo/.local/lib/python3.8/site-packages/airflow/example_dags/example_external_task_marker_dag.py for tasks to queue
[2022-06-12 22:33:32,109] {logging_mixin.py:109} INFO - [2022-06-12 22:33:32,109] {dagbag.py:500} INFO - Filling up the DagBag from /home/leizo/.local/lib/python3.8/site-packages/airflow/example_dags/example_external_task_marker_dag.py
[2022-06-12 22:33:32,124] {processor.py:652} INFO - DAG(s) dict_keys(['example_external_task_marker_parent', 'example_external_task_marker_child']) retrieved from /home/leizo/.local/lib/python3.8/site-packages/airflow/example_dags/example_external_task_marker_dag.py
[2022-06-12 22:33:32,141] {logging_mixin.py:109} INFO - [2022-06-12 22:33:32,141] {dag.py:2398} INFO - Sync 2 DAGs
[2022-06-12 22:33:32,152] {logging_mixin.py:109} INFO - [2022-06-12 22:33:32,152] {dag.py:2937} INFO - Setting next_dagrun for example_external_task_marker_child to None
[2022-06-12 22:33:32,153] {logging_mixin.py:109} INFO - [2022-06-12 22:33:32,153] {dag.py:2937} INFO - Setting next_dagrun for example_external_task_marker_parent to None
[2022-06-12 22:33:32,167] {processor.py:171} INFO - Processing /home/leizo/.local/lib/python3.8/site-packages/airflow/example_dags/example_external_task_marker_dag.py took 0.063 seconds
[2022-06-12 22:34:12,421] {processor.py:163} INFO - Started process (PID=2720) to work on /home/leizo/.local/lib/python3.8/site-packages/airflow/example_dags/example_external_task_marker_dag.py
[2022-06-12 22:34:12,423] {processor.py:642} INFO - Processing file /home/leizo/.local/lib/python3.8/site-packages/airflow/example_dags/example_external_task_marker_dag.py for tasks to queue
[2022-06-12 22:34:12,423] {logging_mixin.py:109} INFO - [2022-06-12 22:34:12,423] {dagbag.py:500} INFO - Filling up the DagBag from /home/leizo/.local/lib/python3.8/site-packages/airflow/example_dags/example_external_task_marker_dag.py
[2022-06-12 22:34:12,437] {processor.py:652} INFO - DAG(s) dict_keys(['example_external_task_marker_parent', 'example_external_task_marker_child']) retrieved from /home/leizo/.local/lib/python3.8/site-packages/airflow/example_dags/example_external_task_marker_dag.py
[2022-06-12 22:34:12,453] {logging_mixin.py:109} INFO - [2022-06-12 22:34:12,452] {dag.py:2398} INFO - Sync 2 DAGs
[2022-06-12 22:34:12,468] {logging_mixin.py:109} INFO - [2022-06-12 22:34:12,468] {dag.py:2937} INFO - Setting next_dagrun for example_external_task_marker_child to None
[2022-06-12 22:34:12,468] {logging_mixin.py:109} INFO - [2022-06-12 22:34:12,468] {dag.py:2937} INFO - Setting next_dagrun for example_external_task_marker_parent to None
[2022-06-12 22:34:12,479] {processor.py:171} INFO - Processing /home/leizo/.local/lib/python3.8/site-packages/airflow/example_dags/example_external_task_marker_dag.py took 0.060 seconds
[2022-06-12 22:34:53,964] {processor.py:163} INFO - Started process (PID=2784) to work on /home/leizo/.local/lib/python3.8/site-packages/airflow/example_dags/example_external_task_marker_dag.py
[2022-06-12 22:34:53,967] {processor.py:642} INFO - Processing file /home/leizo/.local/lib/python3.8/site-packages/airflow/example_dags/example_external_task_marker_dag.py for tasks to queue
[2022-06-12 22:34:53,970] {logging_mixin.py:109} INFO - [2022-06-12 22:34:53,969] {dagbag.py:500} INFO - Filling up the DagBag from /home/leizo/.local/lib/python3.8/site-packages/airflow/example_dags/example_external_task_marker_dag.py
[2022-06-12 22:34:53,992] {processor.py:652} INFO - DAG(s) dict_keys(['example_external_task_marker_parent', 'example_external_task_marker_child']) retrieved from /home/leizo/.local/lib/python3.8/site-packages/airflow/example_dags/example_external_task_marker_dag.py
[2022-06-12 22:34:54,008] {logging_mixin.py:109} INFO - [2022-06-12 22:34:54,008] {dag.py:2398} INFO - Sync 2 DAGs
[2022-06-12 22:34:54,025] {logging_mixin.py:109} INFO - [2022-06-12 22:34:54,025] {dag.py:2937} INFO - Setting next_dagrun for example_external_task_marker_child to None
[2022-06-12 22:34:54,025] {logging_mixin.py:109} INFO - [2022-06-12 22:34:54,025] {dag.py:2937} INFO - Setting next_dagrun for example_external_task_marker_parent to None
[2022-06-12 22:34:54,042] {processor.py:171} INFO - Processing /home/leizo/.local/lib/python3.8/site-packages/airflow/example_dags/example_external_task_marker_dag.py took 0.082 seconds
[2022-06-12 22:35:36,708] {processor.py:163} INFO - Started process (PID=2877) to work on /home/leizo/.local/lib/python3.8/site-packages/airflow/example_dags/example_external_task_marker_dag.py
[2022-06-12 22:35:36,710] {processor.py:642} INFO - Processing file /home/leizo/.local/lib/python3.8/site-packages/airflow/example_dags/example_external_task_marker_dag.py for tasks to queue
[2022-06-12 22:35:36,711] {logging_mixin.py:109} INFO - [2022-06-12 22:35:36,711] {dagbag.py:500} INFO - Filling up the DagBag from /home/leizo/.local/lib/python3.8/site-packages/airflow/example_dags/example_external_task_marker_dag.py
[2022-06-12 22:35:36,733] {processor.py:652} INFO - DAG(s) dict_keys(['example_external_task_marker_parent', 'example_external_task_marker_child']) retrieved from /home/leizo/.local/lib/python3.8/site-packages/airflow/example_dags/example_external_task_marker_dag.py
[2022-06-12 22:35:36,755] {logging_mixin.py:109} INFO - [2022-06-12 22:35:36,755] {dag.py:2398} INFO - Sync 2 DAGs
[2022-06-12 22:35:36,765] {logging_mixin.py:109} INFO - [2022-06-12 22:35:36,764] {dag.py:2937} INFO - Setting next_dagrun for example_external_task_marker_child to None
[2022-06-12 22:35:36,765] {logging_mixin.py:109} INFO - [2022-06-12 22:35:36,765] {dag.py:2937} INFO - Setting next_dagrun for example_external_task_marker_parent to None
[2022-06-12 22:35:36,778] {processor.py:171} INFO - Processing /home/leizo/.local/lib/python3.8/site-packages/airflow/example_dags/example_external_task_marker_dag.py took 0.073 seconds
[2022-06-12 22:36:18,434] {processor.py:163} INFO - Started process (PID=2951) to work on /home/leizo/.local/lib/python3.8/site-packages/airflow/example_dags/example_external_task_marker_dag.py
[2022-06-12 22:36:18,437] {processor.py:642} INFO - Processing file /home/leizo/.local/lib/python3.8/site-packages/airflow/example_dags/example_external_task_marker_dag.py for tasks to queue
[2022-06-12 22:36:18,439] {logging_mixin.py:109} INFO - [2022-06-12 22:36:18,438] {dagbag.py:500} INFO - Filling up the DagBag from /home/leizo/.local/lib/python3.8/site-packages/airflow/example_dags/example_external_task_marker_dag.py
[2022-06-12 22:36:18,464] {processor.py:652} INFO - DAG(s) dict_keys(['example_external_task_marker_parent', 'example_external_task_marker_child']) retrieved from /home/leizo/.local/lib/python3.8/site-packages/airflow/example_dags/example_external_task_marker_dag.py
[2022-06-12 22:36:18,496] {logging_mixin.py:109} INFO - [2022-06-12 22:36:18,496] {dag.py:2398} INFO - Sync 2 DAGs
[2022-06-12 22:36:18,522] {logging_mixin.py:109} INFO - [2022-06-12 22:36:18,522] {dag.py:2937} INFO - Setting next_dagrun for example_external_task_marker_child to None
[2022-06-12 22:36:18,523] {logging_mixin.py:109} INFO - [2022-06-12 22:36:18,523] {dag.py:2937} INFO - Setting next_dagrun for example_external_task_marker_parent to None
[2022-06-12 22:36:18,549] {processor.py:171} INFO - Processing /home/leizo/.local/lib/python3.8/site-packages/airflow/example_dags/example_external_task_marker_dag.py took 0.120 seconds
[2022-06-12 22:37:00,225] {processor.py:163} INFO - Started process (PID=3038) to work on /home/leizo/.local/lib/python3.8/site-packages/airflow/example_dags/example_external_task_marker_dag.py
[2022-06-12 22:37:00,227] {processor.py:642} INFO - Processing file /home/leizo/.local/lib/python3.8/site-packages/airflow/example_dags/example_external_task_marker_dag.py for tasks to queue
[2022-06-12 22:37:00,228] {logging_mixin.py:109} INFO - [2022-06-12 22:37:00,228] {dagbag.py:500} INFO - Filling up the DagBag from /home/leizo/.local/lib/python3.8/site-packages/airflow/example_dags/example_external_task_marker_dag.py
[2022-06-12 22:37:00,248] {processor.py:652} INFO - DAG(s) dict_keys(['example_external_task_marker_parent', 'example_external_task_marker_child']) retrieved from /home/leizo/.local/lib/python3.8/site-packages/airflow/example_dags/example_external_task_marker_dag.py
[2022-06-12 22:37:00,278] {logging_mixin.py:109} INFO - [2022-06-12 22:37:00,278] {dag.py:2398} INFO - Sync 2 DAGs
[2022-06-12 22:37:00,289] {logging_mixin.py:109} INFO - [2022-06-12 22:37:00,289] {dag.py:2937} INFO - Setting next_dagrun for example_external_task_marker_child to None
[2022-06-12 22:37:00,289] {logging_mixin.py:109} INFO - [2022-06-12 22:37:00,289] {dag.py:2937} INFO - Setting next_dagrun for example_external_task_marker_parent to None
[2022-06-12 22:37:00,301] {processor.py:171} INFO - Processing /home/leizo/.local/lib/python3.8/site-packages/airflow/example_dags/example_external_task_marker_dag.py took 0.082 seconds
[2022-06-12 22:37:42,195] {processor.py:163} INFO - Started process (PID=3078) to work on /home/leizo/.local/lib/python3.8/site-packages/airflow/example_dags/example_external_task_marker_dag.py
[2022-06-12 22:37:42,198] {processor.py:642} INFO - Processing file /home/leizo/.local/lib/python3.8/site-packages/airflow/example_dags/example_external_task_marker_dag.py for tasks to queue
[2022-06-12 22:37:42,199] {logging_mixin.py:109} INFO - [2022-06-12 22:37:42,199] {dagbag.py:500} INFO - Filling up the DagBag from /home/leizo/.local/lib/python3.8/site-packages/airflow/example_dags/example_external_task_marker_dag.py
[2022-06-12 22:37:42,214] {processor.py:652} INFO - DAG(s) dict_keys(['example_external_task_marker_parent', 'example_external_task_marker_child']) retrieved from /home/leizo/.local/lib/python3.8/site-packages/airflow/example_dags/example_external_task_marker_dag.py
[2022-06-12 22:37:42,228] {logging_mixin.py:109} INFO - [2022-06-12 22:37:42,228] {dag.py:2398} INFO - Sync 2 DAGs
[2022-06-12 22:37:42,240] {logging_mixin.py:109} INFO - [2022-06-12 22:37:42,240] {dag.py:2937} INFO - Setting next_dagrun for example_external_task_marker_child to None
[2022-06-12 22:37:42,241] {logging_mixin.py:109} INFO - [2022-06-12 22:37:42,241] {dag.py:2937} INFO - Setting next_dagrun for example_external_task_marker_parent to None
[2022-06-12 22:37:42,258] {processor.py:171} INFO - Processing /home/leizo/.local/lib/python3.8/site-packages/airflow/example_dags/example_external_task_marker_dag.py took 0.065 seconds
[2022-06-12 22:38:25,732] {processor.py:163} INFO - Started process (PID=3118) to work on /home/leizo/.local/lib/python3.8/site-packages/airflow/example_dags/example_external_task_marker_dag.py
[2022-06-12 22:38:25,737] {processor.py:642} INFO - Processing file /home/leizo/.local/lib/python3.8/site-packages/airflow/example_dags/example_external_task_marker_dag.py for tasks to queue
[2022-06-12 22:38:25,738] {logging_mixin.py:109} INFO - [2022-06-12 22:38:25,738] {dagbag.py:500} INFO - Filling up the DagBag from /home/leizo/.local/lib/python3.8/site-packages/airflow/example_dags/example_external_task_marker_dag.py
[2022-06-12 22:38:25,762] {processor.py:652} INFO - DAG(s) dict_keys(['example_external_task_marker_parent', 'example_external_task_marker_child']) retrieved from /home/leizo/.local/lib/python3.8/site-packages/airflow/example_dags/example_external_task_marker_dag.py
[2022-06-12 22:38:25,776] {logging_mixin.py:109} INFO - [2022-06-12 22:38:25,776] {dag.py:2398} INFO - Sync 2 DAGs
[2022-06-12 22:38:25,787] {logging_mixin.py:109} INFO - [2022-06-12 22:38:25,787] {dag.py:2937} INFO - Setting next_dagrun for example_external_task_marker_child to None
[2022-06-12 22:38:25,788] {logging_mixin.py:109} INFO - [2022-06-12 22:38:25,788] {dag.py:2937} INFO - Setting next_dagrun for example_external_task_marker_parent to None
[2022-06-12 22:38:25,803] {processor.py:171} INFO - Processing /home/leizo/.local/lib/python3.8/site-packages/airflow/example_dags/example_external_task_marker_dag.py took 0.076 seconds
[2022-06-12 22:39:08,445] {processor.py:163} INFO - Started process (PID=3221) to work on /home/leizo/.local/lib/python3.8/site-packages/airflow/example_dags/example_external_task_marker_dag.py
[2022-06-12 22:39:08,449] {processor.py:642} INFO - Processing file /home/leizo/.local/lib/python3.8/site-packages/airflow/example_dags/example_external_task_marker_dag.py for tasks to queue
[2022-06-12 22:39:08,450] {logging_mixin.py:109} INFO - [2022-06-12 22:39:08,449] {dagbag.py:500} INFO - Filling up the DagBag from /home/leizo/.local/lib/python3.8/site-packages/airflow/example_dags/example_external_task_marker_dag.py
[2022-06-12 22:39:08,475] {processor.py:652} INFO - DAG(s) dict_keys(['example_external_task_marker_parent', 'example_external_task_marker_child']) retrieved from /home/leizo/.local/lib/python3.8/site-packages/airflow/example_dags/example_external_task_marker_dag.py
[2022-06-12 22:39:08,502] {logging_mixin.py:109} INFO - [2022-06-12 22:39:08,502] {dag.py:2398} INFO - Sync 2 DAGs
[2022-06-12 22:39:08,515] {logging_mixin.py:109} INFO - [2022-06-12 22:39:08,515] {dag.py:2937} INFO - Setting next_dagrun for example_external_task_marker_child to None
[2022-06-12 22:39:08,515] {logging_mixin.py:109} INFO - [2022-06-12 22:39:08,515] {dag.py:2937} INFO - Setting next_dagrun for example_external_task_marker_parent to None
[2022-06-12 22:39:08,528] {processor.py:171} INFO - Processing /home/leizo/.local/lib/python3.8/site-packages/airflow/example_dags/example_external_task_marker_dag.py took 0.091 seconds
[2022-06-12 22:39:50,607] {processor.py:163} INFO - Started process (PID=3265) to work on /home/leizo/.local/lib/python3.8/site-packages/airflow/example_dags/example_external_task_marker_dag.py
[2022-06-12 22:39:50,609] {processor.py:642} INFO - Processing file /home/leizo/.local/lib/python3.8/site-packages/airflow/example_dags/example_external_task_marker_dag.py for tasks to queue
[2022-06-12 22:39:50,609] {logging_mixin.py:109} INFO - [2022-06-12 22:39:50,609] {dagbag.py:500} INFO - Filling up the DagBag from /home/leizo/.local/lib/python3.8/site-packages/airflow/example_dags/example_external_task_marker_dag.py
[2022-06-12 22:39:50,633] {processor.py:652} INFO - DAG(s) dict_keys(['example_external_task_marker_parent', 'example_external_task_marker_child']) retrieved from /home/leizo/.local/lib/python3.8/site-packages/airflow/example_dags/example_external_task_marker_dag.py
[2022-06-12 22:39:50,657] {logging_mixin.py:109} INFO - [2022-06-12 22:39:50,657] {dag.py:2398} INFO - Sync 2 DAGs
[2022-06-12 22:39:50,669] {logging_mixin.py:109} INFO - [2022-06-12 22:39:50,669] {dag.py:2937} INFO - Setting next_dagrun for example_external_task_marker_child to None
[2022-06-12 22:39:50,669] {logging_mixin.py:109} INFO - [2022-06-12 22:39:50,669] {dag.py:2937} INFO - Setting next_dagrun for example_external_task_marker_parent to None
[2022-06-12 22:39:50,682] {processor.py:171} INFO - Processing /home/leizo/.local/lib/python3.8/site-packages/airflow/example_dags/example_external_task_marker_dag.py took 0.078 seconds
