[2022-06-12 21:59:56,209] {processor.py:163} INFO - Started process (PID=158) to work on /home/leizo/.local/lib/python3.8/site-packages/airflow/example_dags/example_bash_operator.py
[2022-06-12 21:59:56,212] {processor.py:642} INFO - Processing file /home/leizo/.local/lib/python3.8/site-packages/airflow/example_dags/example_bash_operator.py for tasks to queue
[2022-06-12 21:59:56,222] {logging_mixin.py:109} INFO - [2022-06-12 21:59:56,213] {dagbag.py:500} INFO - Filling up the DagBag from /home/leizo/.local/lib/python3.8/site-packages/airflow/example_dags/example_bash_operator.py
[2022-06-12 21:59:56,333] {processor.py:652} INFO - DAG(s) dict_keys(['example_bash_operator']) retrieved from /home/leizo/.local/lib/python3.8/site-packages/airflow/example_dags/example_bash_operator.py
[2022-06-12 21:59:56,416] {logging_mixin.py:109} INFO - [2022-06-12 21:59:56,415] {dag.py:2398} INFO - Sync 1 DAGs
[2022-06-12 21:59:56,517] {logging_mixin.py:109} INFO - [2022-06-12 21:59:56,516] {dag.py:2937} INFO - Setting next_dagrun for example_bash_operator to 2022-06-11 00:00:00+00:00
[2022-06-12 21:59:56,579] {processor.py:171} INFO - Processing /home/leizo/.local/lib/python3.8/site-packages/airflow/example_dags/example_bash_operator.py took 0.384 seconds
[2022-06-12 22:00:41,211] {processor.py:163} INFO - Started process (PID=192) to work on /home/leizo/.local/lib/python3.8/site-packages/airflow/example_dags/example_bash_operator.py
[2022-06-12 22:00:41,212] {processor.py:642} INFO - Processing file /home/leizo/.local/lib/python3.8/site-packages/airflow/example_dags/example_bash_operator.py for tasks to queue
[2022-06-12 22:00:41,213] {logging_mixin.py:109} INFO - [2022-06-12 22:00:41,213] {dagbag.py:500} INFO - Filling up the DagBag from /home/leizo/.local/lib/python3.8/site-packages/airflow/example_dags/example_bash_operator.py
[2022-06-12 22:00:41,251] {processor.py:652} INFO - DAG(s) dict_keys(['example_bash_operator']) retrieved from /home/leizo/.local/lib/python3.8/site-packages/airflow/example_dags/example_bash_operator.py
[2022-06-12 22:00:41,278] {logging_mixin.py:109} INFO - [2022-06-12 22:00:41,277] {dag.py:2398} INFO - Sync 1 DAGs
[2022-06-12 22:00:41,303] {logging_mixin.py:109} INFO - [2022-06-12 22:00:41,303] {dag.py:2937} INFO - Setting next_dagrun for example_bash_operator to 2022-06-11 00:00:00+00:00
[2022-06-12 22:00:41,332] {processor.py:171} INFO - Processing /home/leizo/.local/lib/python3.8/site-packages/airflow/example_dags/example_bash_operator.py took 0.126 seconds
[2022-06-12 22:01:35,272] {processor.py:163} INFO - Started process (PID=229) to work on /home/leizo/.local/lib/python3.8/site-packages/airflow/example_dags/example_bash_operator.py
[2022-06-12 22:01:35,274] {processor.py:642} INFO - Processing file /home/leizo/.local/lib/python3.8/site-packages/airflow/example_dags/example_bash_operator.py for tasks to queue
[2022-06-12 22:01:35,275] {logging_mixin.py:109} INFO - [2022-06-12 22:01:35,275] {dagbag.py:500} INFO - Filling up the DagBag from /home/leizo/.local/lib/python3.8/site-packages/airflow/example_dags/example_bash_operator.py
[2022-06-12 22:01:35,311] {processor.py:652} INFO - DAG(s) dict_keys(['example_bash_operator']) retrieved from /home/leizo/.local/lib/python3.8/site-packages/airflow/example_dags/example_bash_operator.py
[2022-06-12 22:01:35,340] {logging_mixin.py:109} INFO - [2022-06-12 22:01:35,340] {dag.py:2398} INFO - Sync 1 DAGs
[2022-06-12 22:01:35,373] {logging_mixin.py:109} INFO - [2022-06-12 22:01:35,372] {dag.py:2937} INFO - Setting next_dagrun for example_bash_operator to 2022-06-11 00:00:00+00:00
[2022-06-12 22:01:35,394] {processor.py:171} INFO - Processing /home/leizo/.local/lib/python3.8/site-packages/airflow/example_dags/example_bash_operator.py took 0.125 seconds
[2022-06-12 22:02:17,693] {processor.py:163} INFO - Started process (PID=263) to work on /home/leizo/.local/lib/python3.8/site-packages/airflow/example_dags/example_bash_operator.py
[2022-06-12 22:02:17,696] {processor.py:642} INFO - Processing file /home/leizo/.local/lib/python3.8/site-packages/airflow/example_dags/example_bash_operator.py for tasks to queue
[2022-06-12 22:02:17,697] {logging_mixin.py:109} INFO - [2022-06-12 22:02:17,697] {dagbag.py:500} INFO - Filling up the DagBag from /home/leizo/.local/lib/python3.8/site-packages/airflow/example_dags/example_bash_operator.py
[2022-06-12 22:02:17,727] {processor.py:652} INFO - DAG(s) dict_keys(['example_bash_operator']) retrieved from /home/leizo/.local/lib/python3.8/site-packages/airflow/example_dags/example_bash_operator.py
[2022-06-12 22:02:17,745] {logging_mixin.py:109} INFO - [2022-06-12 22:02:17,745] {dag.py:2398} INFO - Sync 1 DAGs
[2022-06-12 22:02:17,772] {logging_mixin.py:109} INFO - [2022-06-12 22:02:17,772] {dag.py:2937} INFO - Setting next_dagrun for example_bash_operator to 2022-06-11 00:00:00+00:00
[2022-06-12 22:02:17,787] {processor.py:171} INFO - Processing /home/leizo/.local/lib/python3.8/site-packages/airflow/example_dags/example_bash_operator.py took 0.099 seconds
[2022-06-12 22:02:59,987] {processor.py:163} INFO - Started process (PID=297) to work on /home/leizo/.local/lib/python3.8/site-packages/airflow/example_dags/example_bash_operator.py
[2022-06-12 22:02:59,990] {processor.py:642} INFO - Processing file /home/leizo/.local/lib/python3.8/site-packages/airflow/example_dags/example_bash_operator.py for tasks to queue
[2022-06-12 22:02:59,991] {logging_mixin.py:109} INFO - [2022-06-12 22:02:59,991] {dagbag.py:500} INFO - Filling up the DagBag from /home/leizo/.local/lib/python3.8/site-packages/airflow/example_dags/example_bash_operator.py
[2022-06-12 22:03:00,033] {processor.py:652} INFO - DAG(s) dict_keys(['example_bash_operator']) retrieved from /home/leizo/.local/lib/python3.8/site-packages/airflow/example_dags/example_bash_operator.py
[2022-06-12 22:03:00,068] {logging_mixin.py:109} INFO - [2022-06-12 22:03:00,067] {dag.py:2398} INFO - Sync 1 DAGs
[2022-06-12 22:03:00,104] {logging_mixin.py:109} INFO - [2022-06-12 22:03:00,103] {dag.py:2937} INFO - Setting next_dagrun for example_bash_operator to 2022-06-11 00:00:00+00:00
[2022-06-12 22:03:00,129] {processor.py:171} INFO - Processing /home/leizo/.local/lib/python3.8/site-packages/airflow/example_dags/example_bash_operator.py took 0.147 seconds
[2022-06-12 22:03:43,352] {processor.py:163} INFO - Started process (PID=333) to work on /home/leizo/.local/lib/python3.8/site-packages/airflow/example_dags/example_bash_operator.py
[2022-06-12 22:03:43,354] {processor.py:642} INFO - Processing file /home/leizo/.local/lib/python3.8/site-packages/airflow/example_dags/example_bash_operator.py for tasks to queue
[2022-06-12 22:03:43,355] {logging_mixin.py:109} INFO - [2022-06-12 22:03:43,354] {dagbag.py:500} INFO - Filling up the DagBag from /home/leizo/.local/lib/python3.8/site-packages/airflow/example_dags/example_bash_operator.py
[2022-06-12 22:03:43,386] {processor.py:652} INFO - DAG(s) dict_keys(['example_bash_operator']) retrieved from /home/leizo/.local/lib/python3.8/site-packages/airflow/example_dags/example_bash_operator.py
[2022-06-12 22:03:43,422] {logging_mixin.py:109} INFO - [2022-06-12 22:03:43,422] {dag.py:2398} INFO - Sync 1 DAGs
[2022-06-12 22:03:43,480] {logging_mixin.py:109} INFO - [2022-06-12 22:03:43,479] {dag.py:2937} INFO - Setting next_dagrun for example_bash_operator to 2022-06-11 00:00:00+00:00
[2022-06-12 22:03:43,510] {processor.py:171} INFO - Processing /home/leizo/.local/lib/python3.8/site-packages/airflow/example_dags/example_bash_operator.py took 0.164 seconds
[2022-06-12 22:04:44,964] {processor.py:163} INFO - Started process (PID=375) to work on /home/leizo/.local/lib/python3.8/site-packages/airflow/example_dags/example_bash_operator.py
[2022-06-12 22:04:44,968] {processor.py:642} INFO - Processing file /home/leizo/.local/lib/python3.8/site-packages/airflow/example_dags/example_bash_operator.py for tasks to queue
[2022-06-12 22:04:44,970] {logging_mixin.py:109} INFO - [2022-06-12 22:04:44,969] {dagbag.py:500} INFO - Filling up the DagBag from /home/leizo/.local/lib/python3.8/site-packages/airflow/example_dags/example_bash_operator.py
[2022-06-12 22:04:45,052] {processor.py:652} INFO - DAG(s) dict_keys(['example_bash_operator']) retrieved from /home/leizo/.local/lib/python3.8/site-packages/airflow/example_dags/example_bash_operator.py
[2022-06-12 22:04:45,113] {logging_mixin.py:109} INFO - [2022-06-12 22:04:45,112] {dag.py:2398} INFO - Sync 1 DAGs
[2022-06-12 22:04:45,178] {logging_mixin.py:109} INFO - [2022-06-12 22:04:45,177] {dag.py:2937} INFO - Setting next_dagrun for example_bash_operator to 2022-06-11 00:00:00+00:00
[2022-06-12 22:04:45,208] {processor.py:171} INFO - Processing /home/leizo/.local/lib/python3.8/site-packages/airflow/example_dags/example_bash_operator.py took 0.272 seconds
[2022-06-12 22:05:27,045] {processor.py:163} INFO - Started process (PID=421) to work on /home/leizo/.local/lib/python3.8/site-packages/airflow/example_dags/example_bash_operator.py
[2022-06-12 22:05:27,049] {processor.py:642} INFO - Processing file /home/leizo/.local/lib/python3.8/site-packages/airflow/example_dags/example_bash_operator.py for tasks to queue
[2022-06-12 22:05:27,050] {logging_mixin.py:109} INFO - [2022-06-12 22:05:27,050] {dagbag.py:500} INFO - Filling up the DagBag from /home/leizo/.local/lib/python3.8/site-packages/airflow/example_dags/example_bash_operator.py
[2022-06-12 22:05:27,113] {processor.py:652} INFO - DAG(s) dict_keys(['example_bash_operator']) retrieved from /home/leizo/.local/lib/python3.8/site-packages/airflow/example_dags/example_bash_operator.py
[2022-06-12 22:05:27,145] {logging_mixin.py:109} INFO - [2022-06-12 22:05:27,145] {dag.py:2398} INFO - Sync 1 DAGs
[2022-06-12 22:05:27,189] {logging_mixin.py:109} INFO - [2022-06-12 22:05:27,188] {dag.py:2937} INFO - Setting next_dagrun for example_bash_operator to 2022-06-11 00:00:00+00:00
[2022-06-12 22:05:27,215] {processor.py:171} INFO - Processing /home/leizo/.local/lib/python3.8/site-packages/airflow/example_dags/example_bash_operator.py took 0.175 seconds
[2022-06-12 22:06:18,981] {processor.py:163} INFO - Started process (PID=516) to work on /home/leizo/.local/lib/python3.8/site-packages/airflow/example_dags/example_bash_operator.py
[2022-06-12 22:06:18,985] {processor.py:642} INFO - Processing file /home/leizo/.local/lib/python3.8/site-packages/airflow/example_dags/example_bash_operator.py for tasks to queue
[2022-06-12 22:06:18,986] {logging_mixin.py:109} INFO - [2022-06-12 22:06:18,986] {dagbag.py:500} INFO - Filling up the DagBag from /home/leizo/.local/lib/python3.8/site-packages/airflow/example_dags/example_bash_operator.py
[2022-06-12 22:06:19,042] {processor.py:652} INFO - DAG(s) dict_keys(['example_bash_operator']) retrieved from /home/leizo/.local/lib/python3.8/site-packages/airflow/example_dags/example_bash_operator.py
[2022-06-12 22:06:19,089] {logging_mixin.py:109} INFO - [2022-06-12 22:06:19,089] {dag.py:2398} INFO - Sync 1 DAGs
[2022-06-12 22:06:19,139] {logging_mixin.py:109} INFO - [2022-06-12 22:06:19,139] {dag.py:2937} INFO - Setting next_dagrun for example_bash_operator to 2022-06-11 00:00:00+00:00
[2022-06-12 22:06:19,170] {processor.py:171} INFO - Processing /home/leizo/.local/lib/python3.8/site-packages/airflow/example_dags/example_bash_operator.py took 0.200 seconds
[2022-06-12 22:07:03,891] {processor.py:163} INFO - Started process (PID=643) to work on /home/leizo/.local/lib/python3.8/site-packages/airflow/example_dags/example_bash_operator.py
[2022-06-12 22:07:03,893] {processor.py:642} INFO - Processing file /home/leizo/.local/lib/python3.8/site-packages/airflow/example_dags/example_bash_operator.py for tasks to queue
[2022-06-12 22:07:03,893] {logging_mixin.py:109} INFO - [2022-06-12 22:07:03,893] {dagbag.py:500} INFO - Filling up the DagBag from /home/leizo/.local/lib/python3.8/site-packages/airflow/example_dags/example_bash_operator.py
[2022-06-12 22:07:03,912] {processor.py:652} INFO - DAG(s) dict_keys(['example_bash_operator']) retrieved from /home/leizo/.local/lib/python3.8/site-packages/airflow/example_dags/example_bash_operator.py
[2022-06-12 22:07:03,928] {logging_mixin.py:109} INFO - [2022-06-12 22:07:03,928] {dag.py:2398} INFO - Sync 1 DAGs
[2022-06-12 22:07:03,948] {logging_mixin.py:109} INFO - [2022-06-12 22:07:03,948] {dag.py:2937} INFO - Setting next_dagrun for example_bash_operator to 2022-06-11 00:00:00+00:00
[2022-06-12 22:07:03,959] {processor.py:171} INFO - Processing /home/leizo/.local/lib/python3.8/site-packages/airflow/example_dags/example_bash_operator.py took 0.070 seconds
[2022-06-12 22:07:41,051] {processor.py:163} INFO - Started process (PID=677) to work on /home/leizo/.local/lib/python3.8/site-packages/airflow/example_dags/example_bash_operator.py
[2022-06-12 22:07:41,052] {processor.py:642} INFO - Processing file /home/leizo/.local/lib/python3.8/site-packages/airflow/example_dags/example_bash_operator.py for tasks to queue
[2022-06-12 22:07:41,053] {logging_mixin.py:109} INFO - [2022-06-12 22:07:41,053] {dagbag.py:500} INFO - Filling up the DagBag from /home/leizo/.local/lib/python3.8/site-packages/airflow/example_dags/example_bash_operator.py
[2022-06-12 22:07:41,080] {processor.py:652} INFO - DAG(s) dict_keys(['example_bash_operator']) retrieved from /home/leizo/.local/lib/python3.8/site-packages/airflow/example_dags/example_bash_operator.py
[2022-06-12 22:07:41,096] {logging_mixin.py:109} INFO - [2022-06-12 22:07:41,095] {dag.py:2398} INFO - Sync 1 DAGs
[2022-06-12 22:07:41,114] {logging_mixin.py:109} INFO - [2022-06-12 22:07:41,113] {dag.py:2937} INFO - Setting next_dagrun for example_bash_operator to 2022-06-11 00:00:00+00:00
[2022-06-12 22:07:41,134] {processor.py:171} INFO - Processing /home/leizo/.local/lib/python3.8/site-packages/airflow/example_dags/example_bash_operator.py took 0.085 seconds
[2022-06-12 22:08:18,447] {processor.py:163} INFO - Started process (PID=713) to work on /home/leizo/.local/lib/python3.8/site-packages/airflow/example_dags/example_bash_operator.py
[2022-06-12 22:08:18,449] {processor.py:642} INFO - Processing file /home/leizo/.local/lib/python3.8/site-packages/airflow/example_dags/example_bash_operator.py for tasks to queue
[2022-06-12 22:08:18,449] {logging_mixin.py:109} INFO - [2022-06-12 22:08:18,449] {dagbag.py:500} INFO - Filling up the DagBag from /home/leizo/.local/lib/python3.8/site-packages/airflow/example_dags/example_bash_operator.py
[2022-06-12 22:08:18,468] {processor.py:652} INFO - DAG(s) dict_keys(['example_bash_operator']) retrieved from /home/leizo/.local/lib/python3.8/site-packages/airflow/example_dags/example_bash_operator.py
[2022-06-12 22:08:18,484] {logging_mixin.py:109} INFO - [2022-06-12 22:08:18,484] {dag.py:2398} INFO - Sync 1 DAGs
[2022-06-12 22:08:18,498] {logging_mixin.py:109} INFO - [2022-06-12 22:08:18,497] {dag.py:2937} INFO - Setting next_dagrun for example_bash_operator to 2022-06-11 00:00:00+00:00
[2022-06-12 22:08:18,510] {processor.py:171} INFO - Processing /home/leizo/.local/lib/python3.8/site-packages/airflow/example_dags/example_bash_operator.py took 0.065 seconds
[2022-06-12 22:08:57,874] {processor.py:163} INFO - Started process (PID=750) to work on /home/leizo/.local/lib/python3.8/site-packages/airflow/example_dags/example_bash_operator.py
[2022-06-12 22:08:57,877] {processor.py:642} INFO - Processing file /home/leizo/.local/lib/python3.8/site-packages/airflow/example_dags/example_bash_operator.py for tasks to queue
[2022-06-12 22:08:57,878] {logging_mixin.py:109} INFO - [2022-06-12 22:08:57,878] {dagbag.py:500} INFO - Filling up the DagBag from /home/leizo/.local/lib/python3.8/site-packages/airflow/example_dags/example_bash_operator.py
[2022-06-12 22:08:57,946] {processor.py:652} INFO - DAG(s) dict_keys(['example_bash_operator']) retrieved from /home/leizo/.local/lib/python3.8/site-packages/airflow/example_dags/example_bash_operator.py
[2022-06-12 22:08:58,029] {logging_mixin.py:109} INFO - [2022-06-12 22:08:58,029] {dag.py:2398} INFO - Sync 1 DAGs
[2022-06-12 22:08:58,091] {logging_mixin.py:109} INFO - [2022-06-12 22:08:58,091] {dag.py:2937} INFO - Setting next_dagrun for example_bash_operator to 2022-06-11 00:00:00+00:00
[2022-06-12 22:08:58,128] {processor.py:171} INFO - Processing /home/leizo/.local/lib/python3.8/site-packages/airflow/example_dags/example_bash_operator.py took 0.262 seconds
[2022-06-12 22:09:35,118] {processor.py:163} INFO - Started process (PID=783) to work on /home/leizo/.local/lib/python3.8/site-packages/airflow/example_dags/example_bash_operator.py
[2022-06-12 22:09:35,120] {processor.py:642} INFO - Processing file /home/leizo/.local/lib/python3.8/site-packages/airflow/example_dags/example_bash_operator.py for tasks to queue
[2022-06-12 22:09:35,121] {logging_mixin.py:109} INFO - [2022-06-12 22:09:35,121] {dagbag.py:500} INFO - Filling up the DagBag from /home/leizo/.local/lib/python3.8/site-packages/airflow/example_dags/example_bash_operator.py
[2022-06-12 22:09:35,144] {processor.py:652} INFO - DAG(s) dict_keys(['example_bash_operator']) retrieved from /home/leizo/.local/lib/python3.8/site-packages/airflow/example_dags/example_bash_operator.py
[2022-06-12 22:09:35,169] {logging_mixin.py:109} INFO - [2022-06-12 22:09:35,169] {dag.py:2398} INFO - Sync 1 DAGs
[2022-06-12 22:09:35,193] {logging_mixin.py:109} INFO - [2022-06-12 22:09:35,192] {dag.py:2937} INFO - Setting next_dagrun for example_bash_operator to 2022-06-11 00:00:00+00:00
[2022-06-12 22:09:35,214] {processor.py:171} INFO - Processing /home/leizo/.local/lib/python3.8/site-packages/airflow/example_dags/example_bash_operator.py took 0.099 seconds
[2022-06-12 22:10:11,876] {processor.py:163} INFO - Started process (PID=818) to work on /home/leizo/.local/lib/python3.8/site-packages/airflow/example_dags/example_bash_operator.py
[2022-06-12 22:10:11,878] {processor.py:642} INFO - Processing file /home/leizo/.local/lib/python3.8/site-packages/airflow/example_dags/example_bash_operator.py for tasks to queue
[2022-06-12 22:10:11,878] {logging_mixin.py:109} INFO - [2022-06-12 22:10:11,878] {dagbag.py:500} INFO - Filling up the DagBag from /home/leizo/.local/lib/python3.8/site-packages/airflow/example_dags/example_bash_operator.py
[2022-06-12 22:10:11,905] {processor.py:652} INFO - DAG(s) dict_keys(['example_bash_operator']) retrieved from /home/leizo/.local/lib/python3.8/site-packages/airflow/example_dags/example_bash_operator.py
[2022-06-12 22:10:11,924] {logging_mixin.py:109} INFO - [2022-06-12 22:10:11,924] {dag.py:2398} INFO - Sync 1 DAGs
[2022-06-12 22:10:11,944] {logging_mixin.py:109} INFO - [2022-06-12 22:10:11,944] {dag.py:2937} INFO - Setting next_dagrun for example_bash_operator to 2022-06-11 00:00:00+00:00
[2022-06-12 22:10:11,963] {processor.py:171} INFO - Processing /home/leizo/.local/lib/python3.8/site-packages/airflow/example_dags/example_bash_operator.py took 0.090 seconds
[2022-06-12 22:10:59,055] {processor.py:163} INFO - Started process (PID=853) to work on /home/leizo/.local/lib/python3.8/site-packages/airflow/example_dags/example_bash_operator.py
[2022-06-12 22:10:59,057] {processor.py:642} INFO - Processing file /home/leizo/.local/lib/python3.8/site-packages/airflow/example_dags/example_bash_operator.py for tasks to queue
[2022-06-12 22:10:59,059] {logging_mixin.py:109} INFO - [2022-06-12 22:10:59,058] {dagbag.py:500} INFO - Filling up the DagBag from /home/leizo/.local/lib/python3.8/site-packages/airflow/example_dags/example_bash_operator.py
[2022-06-12 22:10:59,121] {processor.py:652} INFO - DAG(s) dict_keys(['example_bash_operator']) retrieved from /home/leizo/.local/lib/python3.8/site-packages/airflow/example_dags/example_bash_operator.py
[2022-06-12 22:10:59,149] {logging_mixin.py:109} INFO - [2022-06-12 22:10:59,149] {dag.py:2398} INFO - Sync 1 DAGs
[2022-06-12 22:10:59,201] {logging_mixin.py:109} INFO - [2022-06-12 22:10:59,201] {dag.py:2937} INFO - Setting next_dagrun for example_bash_operator to 2022-06-11 00:00:00+00:00
[2022-06-12 22:10:59,223] {processor.py:171} INFO - Processing /home/leizo/.local/lib/python3.8/site-packages/airflow/example_dags/example_bash_operator.py took 0.175 seconds
[2022-06-12 22:11:50,719] {processor.py:163} INFO - Started process (PID=891) to work on /home/leizo/.local/lib/python3.8/site-packages/airflow/example_dags/example_bash_operator.py
[2022-06-12 22:11:50,722] {processor.py:642} INFO - Processing file /home/leizo/.local/lib/python3.8/site-packages/airflow/example_dags/example_bash_operator.py for tasks to queue
[2022-06-12 22:11:50,724] {logging_mixin.py:109} INFO - [2022-06-12 22:11:50,723] {dagbag.py:500} INFO - Filling up the DagBag from /home/leizo/.local/lib/python3.8/site-packages/airflow/example_dags/example_bash_operator.py
[2022-06-12 22:11:50,782] {processor.py:652} INFO - DAG(s) dict_keys(['example_bash_operator']) retrieved from /home/leizo/.local/lib/python3.8/site-packages/airflow/example_dags/example_bash_operator.py
[2022-06-12 22:11:50,831] {logging_mixin.py:109} INFO - [2022-06-12 22:11:50,831] {dag.py:2398} INFO - Sync 1 DAGs
[2022-06-12 22:11:50,882] {logging_mixin.py:109} INFO - [2022-06-12 22:11:50,882] {dag.py:2937} INFO - Setting next_dagrun for example_bash_operator to 2022-06-11 00:00:00+00:00
[2022-06-12 22:11:50,905] {processor.py:171} INFO - Processing /home/leizo/.local/lib/python3.8/site-packages/airflow/example_dags/example_bash_operator.py took 0.197 seconds
[2022-06-12 22:12:30,903] {processor.py:163} INFO - Started process (PID=923) to work on /home/leizo/.local/lib/python3.8/site-packages/airflow/example_dags/example_bash_operator.py
[2022-06-12 22:12:30,905] {processor.py:642} INFO - Processing file /home/leizo/.local/lib/python3.8/site-packages/airflow/example_dags/example_bash_operator.py for tasks to queue
[2022-06-12 22:12:30,905] {logging_mixin.py:109} INFO - [2022-06-12 22:12:30,905] {dagbag.py:500} INFO - Filling up the DagBag from /home/leizo/.local/lib/python3.8/site-packages/airflow/example_dags/example_bash_operator.py
[2022-06-12 22:12:30,933] {processor.py:652} INFO - DAG(s) dict_keys(['example_bash_operator']) retrieved from /home/leizo/.local/lib/python3.8/site-packages/airflow/example_dags/example_bash_operator.py
[2022-06-12 22:12:30,950] {logging_mixin.py:109} INFO - [2022-06-12 22:12:30,950] {dag.py:2398} INFO - Sync 1 DAGs
[2022-06-12 22:12:30,969] {logging_mixin.py:109} INFO - [2022-06-12 22:12:30,969] {dag.py:2937} INFO - Setting next_dagrun for example_bash_operator to 2022-06-11 00:00:00+00:00
[2022-06-12 22:12:30,991] {processor.py:171} INFO - Processing /home/leizo/.local/lib/python3.8/site-packages/airflow/example_dags/example_bash_operator.py took 0.091 seconds
[2022-06-12 22:13:09,958] {processor.py:163} INFO - Started process (PID=957) to work on /home/leizo/.local/lib/python3.8/site-packages/airflow/example_dags/example_bash_operator.py
[2022-06-12 22:13:09,959] {processor.py:642} INFO - Processing file /home/leizo/.local/lib/python3.8/site-packages/airflow/example_dags/example_bash_operator.py for tasks to queue
[2022-06-12 22:13:09,960] {logging_mixin.py:109} INFO - [2022-06-12 22:13:09,960] {dagbag.py:500} INFO - Filling up the DagBag from /home/leizo/.local/lib/python3.8/site-packages/airflow/example_dags/example_bash_operator.py
[2022-06-12 22:13:09,986] {processor.py:652} INFO - DAG(s) dict_keys(['example_bash_operator']) retrieved from /home/leizo/.local/lib/python3.8/site-packages/airflow/example_dags/example_bash_operator.py
[2022-06-12 22:13:10,006] {logging_mixin.py:109} INFO - [2022-06-12 22:13:10,006] {dag.py:2398} INFO - Sync 1 DAGs
[2022-06-12 22:13:10,025] {logging_mixin.py:109} INFO - [2022-06-12 22:13:10,025] {dag.py:2937} INFO - Setting next_dagrun for example_bash_operator to 2022-06-11 00:00:00+00:00
[2022-06-12 22:13:10,041] {processor.py:171} INFO - Processing /home/leizo/.local/lib/python3.8/site-packages/airflow/example_dags/example_bash_operator.py took 0.087 seconds
[2022-06-12 22:13:49,046] {processor.py:163} INFO - Started process (PID=993) to work on /home/leizo/.local/lib/python3.8/site-packages/airflow/example_dags/example_bash_operator.py
[2022-06-12 22:13:49,048] {processor.py:642} INFO - Processing file /home/leizo/.local/lib/python3.8/site-packages/airflow/example_dags/example_bash_operator.py for tasks to queue
[2022-06-12 22:13:49,049] {logging_mixin.py:109} INFO - [2022-06-12 22:13:49,049] {dagbag.py:500} INFO - Filling up the DagBag from /home/leizo/.local/lib/python3.8/site-packages/airflow/example_dags/example_bash_operator.py
[2022-06-12 22:13:49,079] {processor.py:652} INFO - DAG(s) dict_keys(['example_bash_operator']) retrieved from /home/leizo/.local/lib/python3.8/site-packages/airflow/example_dags/example_bash_operator.py
[2022-06-12 22:13:49,098] {logging_mixin.py:109} INFO - [2022-06-12 22:13:49,098] {dag.py:2398} INFO - Sync 1 DAGs
[2022-06-12 22:13:49,126] {logging_mixin.py:109} INFO - [2022-06-12 22:13:49,125] {dag.py:2937} INFO - Setting next_dagrun for example_bash_operator to 2022-06-11 00:00:00+00:00
[2022-06-12 22:13:49,146] {processor.py:171} INFO - Processing /home/leizo/.local/lib/python3.8/site-packages/airflow/example_dags/example_bash_operator.py took 0.105 seconds
[2022-06-12 22:14:27,180] {processor.py:163} INFO - Started process (PID=1028) to work on /home/leizo/.local/lib/python3.8/site-packages/airflow/example_dags/example_bash_operator.py
[2022-06-12 22:14:27,184] {processor.py:642} INFO - Processing file /home/leizo/.local/lib/python3.8/site-packages/airflow/example_dags/example_bash_operator.py for tasks to queue
[2022-06-12 22:14:27,187] {logging_mixin.py:109} INFO - [2022-06-12 22:14:27,187] {dagbag.py:500} INFO - Filling up the DagBag from /home/leizo/.local/lib/python3.8/site-packages/airflow/example_dags/example_bash_operator.py
[2022-06-12 22:14:27,218] {processor.py:652} INFO - DAG(s) dict_keys(['example_bash_operator']) retrieved from /home/leizo/.local/lib/python3.8/site-packages/airflow/example_dags/example_bash_operator.py
[2022-06-12 22:14:27,237] {logging_mixin.py:109} INFO - [2022-06-12 22:14:27,237] {dag.py:2398} INFO - Sync 1 DAGs
[2022-06-12 22:14:27,266] {logging_mixin.py:109} INFO - [2022-06-12 22:14:27,266] {dag.py:2937} INFO - Setting next_dagrun for example_bash_operator to 2022-06-11 00:00:00+00:00
[2022-06-12 22:14:27,281] {processor.py:171} INFO - Processing /home/leizo/.local/lib/python3.8/site-packages/airflow/example_dags/example_bash_operator.py took 0.107 seconds
[2022-06-12 22:15:01,755] {processor.py:163} INFO - Started process (PID=1062) to work on /home/leizo/.local/lib/python3.8/site-packages/airflow/example_dags/example_bash_operator.py
[2022-06-12 22:15:01,756] {processor.py:642} INFO - Processing file /home/leizo/.local/lib/python3.8/site-packages/airflow/example_dags/example_bash_operator.py for tasks to queue
[2022-06-12 22:15:01,756] {logging_mixin.py:109} INFO - [2022-06-12 22:15:01,756] {dagbag.py:500} INFO - Filling up the DagBag from /home/leizo/.local/lib/python3.8/site-packages/airflow/example_dags/example_bash_operator.py
[2022-06-12 22:15:01,771] {processor.py:652} INFO - DAG(s) dict_keys(['example_bash_operator']) retrieved from /home/leizo/.local/lib/python3.8/site-packages/airflow/example_dags/example_bash_operator.py
[2022-06-12 22:15:01,785] {logging_mixin.py:109} INFO - [2022-06-12 22:15:01,785] {dag.py:2398} INFO - Sync 1 DAGs
[2022-06-12 22:15:01,799] {logging_mixin.py:109} INFO - [2022-06-12 22:15:01,799] {dag.py:2937} INFO - Setting next_dagrun for example_bash_operator to 2022-06-11 00:00:00+00:00
[2022-06-12 22:15:01,809] {processor.py:171} INFO - Processing /home/leizo/.local/lib/python3.8/site-packages/airflow/example_dags/example_bash_operator.py took 0.056 seconds
[2022-06-12 22:15:38,348] {processor.py:163} INFO - Started process (PID=1097) to work on /home/leizo/.local/lib/python3.8/site-packages/airflow/example_dags/example_bash_operator.py
[2022-06-12 22:15:38,349] {processor.py:642} INFO - Processing file /home/leizo/.local/lib/python3.8/site-packages/airflow/example_dags/example_bash_operator.py for tasks to queue
[2022-06-12 22:15:38,349] {logging_mixin.py:109} INFO - [2022-06-12 22:15:38,349] {dagbag.py:500} INFO - Filling up the DagBag from /home/leizo/.local/lib/python3.8/site-packages/airflow/example_dags/example_bash_operator.py
[2022-06-12 22:15:38,364] {processor.py:652} INFO - DAG(s) dict_keys(['example_bash_operator']) retrieved from /home/leizo/.local/lib/python3.8/site-packages/airflow/example_dags/example_bash_operator.py
[2022-06-12 22:15:38,376] {logging_mixin.py:109} INFO - [2022-06-12 22:15:38,376] {dag.py:2398} INFO - Sync 1 DAGs
[2022-06-12 22:15:38,393] {logging_mixin.py:109} INFO - [2022-06-12 22:15:38,393] {dag.py:2937} INFO - Setting next_dagrun for example_bash_operator to 2022-06-11 00:00:00+00:00
[2022-06-12 22:15:38,408] {processor.py:171} INFO - Processing /home/leizo/.local/lib/python3.8/site-packages/airflow/example_dags/example_bash_operator.py took 0.063 seconds
[2022-06-12 22:16:13,484] {processor.py:163} INFO - Started process (PID=1131) to work on /home/leizo/.local/lib/python3.8/site-packages/airflow/example_dags/example_bash_operator.py
[2022-06-12 22:16:13,486] {processor.py:642} INFO - Processing file /home/leizo/.local/lib/python3.8/site-packages/airflow/example_dags/example_bash_operator.py for tasks to queue
[2022-06-12 22:16:13,486] {logging_mixin.py:109} INFO - [2022-06-12 22:16:13,486] {dagbag.py:500} INFO - Filling up the DagBag from /home/leizo/.local/lib/python3.8/site-packages/airflow/example_dags/example_bash_operator.py
[2022-06-12 22:16:13,503] {processor.py:652} INFO - DAG(s) dict_keys(['example_bash_operator']) retrieved from /home/leizo/.local/lib/python3.8/site-packages/airflow/example_dags/example_bash_operator.py
[2022-06-12 22:16:13,514] {logging_mixin.py:109} INFO - [2022-06-12 22:16:13,513] {dag.py:2398} INFO - Sync 1 DAGs
[2022-06-12 22:16:13,524] {logging_mixin.py:109} INFO - [2022-06-12 22:16:13,524] {dag.py:2937} INFO - Setting next_dagrun for example_bash_operator to 2022-06-11 00:00:00+00:00
[2022-06-12 22:16:13,535] {processor.py:171} INFO - Processing /home/leizo/.local/lib/python3.8/site-packages/airflow/example_dags/example_bash_operator.py took 0.054 seconds
[2022-06-12 22:16:46,565] {processor.py:163} INFO - Started process (PID=1163) to work on /home/leizo/.local/lib/python3.8/site-packages/airflow/example_dags/example_bash_operator.py
[2022-06-12 22:16:46,567] {processor.py:642} INFO - Processing file /home/leizo/.local/lib/python3.8/site-packages/airflow/example_dags/example_bash_operator.py for tasks to queue
[2022-06-12 22:16:46,567] {logging_mixin.py:109} INFO - [2022-06-12 22:16:46,567] {dagbag.py:500} INFO - Filling up the DagBag from /home/leizo/.local/lib/python3.8/site-packages/airflow/example_dags/example_bash_operator.py
[2022-06-12 22:16:46,581] {processor.py:652} INFO - DAG(s) dict_keys(['example_bash_operator']) retrieved from /home/leizo/.local/lib/python3.8/site-packages/airflow/example_dags/example_bash_operator.py
[2022-06-12 22:16:46,591] {logging_mixin.py:109} INFO - [2022-06-12 22:16:46,591] {dag.py:2398} INFO - Sync 1 DAGs
[2022-06-12 22:16:46,602] {logging_mixin.py:109} INFO - [2022-06-12 22:16:46,602] {dag.py:2937} INFO - Setting next_dagrun for example_bash_operator to 2022-06-11 00:00:00+00:00
[2022-06-12 22:16:46,614] {processor.py:171} INFO - Processing /home/leizo/.local/lib/python3.8/site-packages/airflow/example_dags/example_bash_operator.py took 0.052 seconds
[2022-06-12 22:17:23,589] {processor.py:163} INFO - Started process (PID=1199) to work on /home/leizo/.local/lib/python3.8/site-packages/airflow/example_dags/example_bash_operator.py
[2022-06-12 22:17:23,590] {processor.py:642} INFO - Processing file /home/leizo/.local/lib/python3.8/site-packages/airflow/example_dags/example_bash_operator.py for tasks to queue
[2022-06-12 22:17:23,591] {logging_mixin.py:109} INFO - [2022-06-12 22:17:23,591] {dagbag.py:500} INFO - Filling up the DagBag from /home/leizo/.local/lib/python3.8/site-packages/airflow/example_dags/example_bash_operator.py
[2022-06-12 22:17:23,605] {processor.py:652} INFO - DAG(s) dict_keys(['example_bash_operator']) retrieved from /home/leizo/.local/lib/python3.8/site-packages/airflow/example_dags/example_bash_operator.py
[2022-06-12 22:17:23,615] {logging_mixin.py:109} INFO - [2022-06-12 22:17:23,615] {dag.py:2398} INFO - Sync 1 DAGs
[2022-06-12 22:17:23,627] {logging_mixin.py:109} INFO - [2022-06-12 22:17:23,627] {dag.py:2937} INFO - Setting next_dagrun for example_bash_operator to 2022-06-11 00:00:00+00:00
[2022-06-12 22:17:23,639] {processor.py:171} INFO - Processing /home/leizo/.local/lib/python3.8/site-packages/airflow/example_dags/example_bash_operator.py took 0.053 seconds
[2022-06-12 22:18:01,199] {processor.py:163} INFO - Started process (PID=1235) to work on /home/leizo/.local/lib/python3.8/site-packages/airflow/example_dags/example_bash_operator.py
[2022-06-12 22:18:01,200] {processor.py:642} INFO - Processing file /home/leizo/.local/lib/python3.8/site-packages/airflow/example_dags/example_bash_operator.py for tasks to queue
[2022-06-12 22:18:01,201] {logging_mixin.py:109} INFO - [2022-06-12 22:18:01,201] {dagbag.py:500} INFO - Filling up the DagBag from /home/leizo/.local/lib/python3.8/site-packages/airflow/example_dags/example_bash_operator.py
[2022-06-12 22:18:01,215] {processor.py:652} INFO - DAG(s) dict_keys(['example_bash_operator']) retrieved from /home/leizo/.local/lib/python3.8/site-packages/airflow/example_dags/example_bash_operator.py
[2022-06-12 22:18:01,225] {logging_mixin.py:109} INFO - [2022-06-12 22:18:01,225] {dag.py:2398} INFO - Sync 1 DAGs
[2022-06-12 22:18:01,237] {logging_mixin.py:109} INFO - [2022-06-12 22:18:01,237] {dag.py:2937} INFO - Setting next_dagrun for example_bash_operator to 2022-06-11 00:00:00+00:00
[2022-06-12 22:18:01,250] {processor.py:171} INFO - Processing /home/leizo/.local/lib/python3.8/site-packages/airflow/example_dags/example_bash_operator.py took 0.055 seconds
[2022-06-12 22:18:36,403] {processor.py:163} INFO - Started process (PID=1270) to work on /home/leizo/.local/lib/python3.8/site-packages/airflow/example_dags/example_bash_operator.py
[2022-06-12 22:18:36,404] {processor.py:642} INFO - Processing file /home/leizo/.local/lib/python3.8/site-packages/airflow/example_dags/example_bash_operator.py for tasks to queue
[2022-06-12 22:18:36,405] {logging_mixin.py:109} INFO - [2022-06-12 22:18:36,405] {dagbag.py:500} INFO - Filling up the DagBag from /home/leizo/.local/lib/python3.8/site-packages/airflow/example_dags/example_bash_operator.py
[2022-06-12 22:18:36,422] {processor.py:652} INFO - DAG(s) dict_keys(['example_bash_operator']) retrieved from /home/leizo/.local/lib/python3.8/site-packages/airflow/example_dags/example_bash_operator.py
[2022-06-12 22:18:36,435] {logging_mixin.py:109} INFO - [2022-06-12 22:18:36,434] {dag.py:2398} INFO - Sync 1 DAGs
[2022-06-12 22:18:36,445] {logging_mixin.py:109} INFO - [2022-06-12 22:18:36,445] {dag.py:2937} INFO - Setting next_dagrun for example_bash_operator to 2022-06-11 00:00:00+00:00
[2022-06-12 22:18:36,455] {processor.py:171} INFO - Processing /home/leizo/.local/lib/python3.8/site-packages/airflow/example_dags/example_bash_operator.py took 0.055 seconds
[2022-06-12 22:19:12,883] {processor.py:163} INFO - Started process (PID=1306) to work on /home/leizo/.local/lib/python3.8/site-packages/airflow/example_dags/example_bash_operator.py
[2022-06-12 22:19:12,884] {processor.py:642} INFO - Processing file /home/leizo/.local/lib/python3.8/site-packages/airflow/example_dags/example_bash_operator.py for tasks to queue
[2022-06-12 22:19:12,885] {logging_mixin.py:109} INFO - [2022-06-12 22:19:12,885] {dagbag.py:500} INFO - Filling up the DagBag from /home/leizo/.local/lib/python3.8/site-packages/airflow/example_dags/example_bash_operator.py
[2022-06-12 22:19:12,901] {processor.py:652} INFO - DAG(s) dict_keys(['example_bash_operator']) retrieved from /home/leizo/.local/lib/python3.8/site-packages/airflow/example_dags/example_bash_operator.py
[2022-06-12 22:19:12,910] {logging_mixin.py:109} INFO - [2022-06-12 22:19:12,910] {dag.py:2398} INFO - Sync 1 DAGs
[2022-06-12 22:19:12,920] {logging_mixin.py:109} INFO - [2022-06-12 22:19:12,920] {dag.py:2937} INFO - Setting next_dagrun for example_bash_operator to 2022-06-11 00:00:00+00:00
[2022-06-12 22:19:12,931] {processor.py:171} INFO - Processing /home/leizo/.local/lib/python3.8/site-packages/airflow/example_dags/example_bash_operator.py took 0.051 seconds
[2022-06-12 22:19:49,340] {processor.py:163} INFO - Started process (PID=1342) to work on /home/leizo/.local/lib/python3.8/site-packages/airflow/example_dags/example_bash_operator.py
[2022-06-12 22:19:49,342] {processor.py:642} INFO - Processing file /home/leizo/.local/lib/python3.8/site-packages/airflow/example_dags/example_bash_operator.py for tasks to queue
[2022-06-12 22:19:49,343] {logging_mixin.py:109} INFO - [2022-06-12 22:19:49,343] {dagbag.py:500} INFO - Filling up the DagBag from /home/leizo/.local/lib/python3.8/site-packages/airflow/example_dags/example_bash_operator.py
[2022-06-12 22:19:49,364] {processor.py:652} INFO - DAG(s) dict_keys(['example_bash_operator']) retrieved from /home/leizo/.local/lib/python3.8/site-packages/airflow/example_dags/example_bash_operator.py
[2022-06-12 22:19:49,374] {logging_mixin.py:109} INFO - [2022-06-12 22:19:49,374] {dag.py:2398} INFO - Sync 1 DAGs
[2022-06-12 22:19:49,386] {logging_mixin.py:109} INFO - [2022-06-12 22:19:49,386] {dag.py:2937} INFO - Setting next_dagrun for example_bash_operator to 2022-06-11 00:00:00+00:00
[2022-06-12 22:19:49,397] {processor.py:171} INFO - Processing /home/leizo/.local/lib/python3.8/site-packages/airflow/example_dags/example_bash_operator.py took 0.058 seconds
[2022-06-12 22:20:25,735] {processor.py:163} INFO - Started process (PID=1378) to work on /home/leizo/.local/lib/python3.8/site-packages/airflow/example_dags/example_bash_operator.py
[2022-06-12 22:20:25,736] {processor.py:642} INFO - Processing file /home/leizo/.local/lib/python3.8/site-packages/airflow/example_dags/example_bash_operator.py for tasks to queue
[2022-06-12 22:20:25,736] {logging_mixin.py:109} INFO - [2022-06-12 22:20:25,736] {dagbag.py:500} INFO - Filling up the DagBag from /home/leizo/.local/lib/python3.8/site-packages/airflow/example_dags/example_bash_operator.py
[2022-06-12 22:20:25,750] {processor.py:652} INFO - DAG(s) dict_keys(['example_bash_operator']) retrieved from /home/leizo/.local/lib/python3.8/site-packages/airflow/example_dags/example_bash_operator.py
[2022-06-12 22:20:25,761] {logging_mixin.py:109} INFO - [2022-06-12 22:20:25,761] {dag.py:2398} INFO - Sync 1 DAGs
[2022-06-12 22:20:25,773] {logging_mixin.py:109} INFO - [2022-06-12 22:20:25,773] {dag.py:2937} INFO - Setting next_dagrun for example_bash_operator to 2022-06-11 00:00:00+00:00
[2022-06-12 22:20:25,782] {processor.py:171} INFO - Processing /home/leizo/.local/lib/python3.8/site-packages/airflow/example_dags/example_bash_operator.py took 0.049 seconds
[2022-06-12 22:21:03,289] {processor.py:163} INFO - Started process (PID=1414) to work on /home/leizo/.local/lib/python3.8/site-packages/airflow/example_dags/example_bash_operator.py
[2022-06-12 22:21:03,291] {processor.py:642} INFO - Processing file /home/leizo/.local/lib/python3.8/site-packages/airflow/example_dags/example_bash_operator.py for tasks to queue
[2022-06-12 22:21:03,292] {logging_mixin.py:109} INFO - [2022-06-12 22:21:03,292] {dagbag.py:500} INFO - Filling up the DagBag from /home/leizo/.local/lib/python3.8/site-packages/airflow/example_dags/example_bash_operator.py
[2022-06-12 22:21:03,307] {processor.py:652} INFO - DAG(s) dict_keys(['example_bash_operator']) retrieved from /home/leizo/.local/lib/python3.8/site-packages/airflow/example_dags/example_bash_operator.py
[2022-06-12 22:21:03,317] {logging_mixin.py:109} INFO - [2022-06-12 22:21:03,316] {dag.py:2398} INFO - Sync 1 DAGs
[2022-06-12 22:21:03,327] {logging_mixin.py:109} INFO - [2022-06-12 22:21:03,327] {dag.py:2937} INFO - Setting next_dagrun for example_bash_operator to 2022-06-11 00:00:00+00:00
[2022-06-12 22:21:03,335] {processor.py:171} INFO - Processing /home/leizo/.local/lib/python3.8/site-packages/airflow/example_dags/example_bash_operator.py took 0.048 seconds
[2022-06-12 22:21:35,841] {processor.py:163} INFO - Started process (PID=1446) to work on /home/leizo/.local/lib/python3.8/site-packages/airflow/example_dags/example_bash_operator.py
[2022-06-12 22:21:35,842] {processor.py:642} INFO - Processing file /home/leizo/.local/lib/python3.8/site-packages/airflow/example_dags/example_bash_operator.py for tasks to queue
[2022-06-12 22:21:35,843] {logging_mixin.py:109} INFO - [2022-06-12 22:21:35,842] {dagbag.py:500} INFO - Filling up the DagBag from /home/leizo/.local/lib/python3.8/site-packages/airflow/example_dags/example_bash_operator.py
[2022-06-12 22:21:35,857] {processor.py:652} INFO - DAG(s) dict_keys(['example_bash_operator']) retrieved from /home/leizo/.local/lib/python3.8/site-packages/airflow/example_dags/example_bash_operator.py
[2022-06-12 22:21:35,867] {logging_mixin.py:109} INFO - [2022-06-12 22:21:35,867] {dag.py:2398} INFO - Sync 1 DAGs
[2022-06-12 22:21:35,880] {logging_mixin.py:109} INFO - [2022-06-12 22:21:35,879] {dag.py:2937} INFO - Setting next_dagrun for example_bash_operator to 2022-06-11 00:00:00+00:00
[2022-06-12 22:21:35,892] {processor.py:171} INFO - Processing /home/leizo/.local/lib/python3.8/site-packages/airflow/example_dags/example_bash_operator.py took 0.053 seconds
[2022-06-12 22:22:09,922] {processor.py:163} INFO - Started process (PID=1480) to work on /home/leizo/.local/lib/python3.8/site-packages/airflow/example_dags/example_bash_operator.py
[2022-06-12 22:22:09,924] {processor.py:642} INFO - Processing file /home/leizo/.local/lib/python3.8/site-packages/airflow/example_dags/example_bash_operator.py for tasks to queue
[2022-06-12 22:22:09,925] {logging_mixin.py:109} INFO - [2022-06-12 22:22:09,925] {dagbag.py:500} INFO - Filling up the DagBag from /home/leizo/.local/lib/python3.8/site-packages/airflow/example_dags/example_bash_operator.py
[2022-06-12 22:22:09,939] {processor.py:652} INFO - DAG(s) dict_keys(['example_bash_operator']) retrieved from /home/leizo/.local/lib/python3.8/site-packages/airflow/example_dags/example_bash_operator.py
[2022-06-12 22:22:09,952] {logging_mixin.py:109} INFO - [2022-06-12 22:22:09,952] {dag.py:2398} INFO - Sync 1 DAGs
[2022-06-12 22:22:09,967] {logging_mixin.py:109} INFO - [2022-06-12 22:22:09,967] {dag.py:2937} INFO - Setting next_dagrun for example_bash_operator to 2022-06-11 00:00:00+00:00
[2022-06-12 22:22:09,978] {processor.py:171} INFO - Processing /home/leizo/.local/lib/python3.8/site-packages/airflow/example_dags/example_bash_operator.py took 0.058 seconds
[2022-06-12 22:22:47,214] {processor.py:163} INFO - Started process (PID=1516) to work on /home/leizo/.local/lib/python3.8/site-packages/airflow/example_dags/example_bash_operator.py
[2022-06-12 22:22:47,215] {processor.py:642} INFO - Processing file /home/leizo/.local/lib/python3.8/site-packages/airflow/example_dags/example_bash_operator.py for tasks to queue
[2022-06-12 22:22:47,216] {logging_mixin.py:109} INFO - [2022-06-12 22:22:47,216] {dagbag.py:500} INFO - Filling up the DagBag from /home/leizo/.local/lib/python3.8/site-packages/airflow/example_dags/example_bash_operator.py
[2022-06-12 22:22:47,233] {processor.py:652} INFO - DAG(s) dict_keys(['example_bash_operator']) retrieved from /home/leizo/.local/lib/python3.8/site-packages/airflow/example_dags/example_bash_operator.py
[2022-06-12 22:22:47,244] {logging_mixin.py:109} INFO - [2022-06-12 22:22:47,244] {dag.py:2398} INFO - Sync 1 DAGs
[2022-06-12 22:22:47,257] {logging_mixin.py:109} INFO - [2022-06-12 22:22:47,257] {dag.py:2937} INFO - Setting next_dagrun for example_bash_operator to 2022-06-11 00:00:00+00:00
[2022-06-12 22:22:47,268] {processor.py:171} INFO - Processing /home/leizo/.local/lib/python3.8/site-packages/airflow/example_dags/example_bash_operator.py took 0.058 seconds
[2022-06-12 22:23:23,495] {processor.py:163} INFO - Started process (PID=1551) to work on /home/leizo/.local/lib/python3.8/site-packages/airflow/example_dags/example_bash_operator.py
[2022-06-12 22:23:23,497] {processor.py:642} INFO - Processing file /home/leizo/.local/lib/python3.8/site-packages/airflow/example_dags/example_bash_operator.py for tasks to queue
[2022-06-12 22:23:23,498] {logging_mixin.py:109} INFO - [2022-06-12 22:23:23,498] {dagbag.py:500} INFO - Filling up the DagBag from /home/leizo/.local/lib/python3.8/site-packages/airflow/example_dags/example_bash_operator.py
[2022-06-12 22:23:23,523] {processor.py:652} INFO - DAG(s) dict_keys(['example_bash_operator']) retrieved from /home/leizo/.local/lib/python3.8/site-packages/airflow/example_dags/example_bash_operator.py
[2022-06-12 22:23:23,539] {logging_mixin.py:109} INFO - [2022-06-12 22:23:23,538] {dag.py:2398} INFO - Sync 1 DAGs
[2022-06-12 22:23:23,557] {logging_mixin.py:109} INFO - [2022-06-12 22:23:23,557] {dag.py:2937} INFO - Setting next_dagrun for example_bash_operator to 2022-06-11 00:00:00+00:00
[2022-06-12 22:23:23,573] {processor.py:171} INFO - Processing /home/leizo/.local/lib/python3.8/site-packages/airflow/example_dags/example_bash_operator.py took 0.081 seconds
[2022-06-12 22:24:04,659] {processor.py:163} INFO - Started process (PID=1652) to work on /home/leizo/.local/lib/python3.8/site-packages/airflow/example_dags/example_bash_operator.py
[2022-06-12 22:24:04,661] {processor.py:642} INFO - Processing file /home/leizo/.local/lib/python3.8/site-packages/airflow/example_dags/example_bash_operator.py for tasks to queue
[2022-06-12 22:24:04,661] {logging_mixin.py:109} INFO - [2022-06-12 22:24:04,661] {dagbag.py:500} INFO - Filling up the DagBag from /home/leizo/.local/lib/python3.8/site-packages/airflow/example_dags/example_bash_operator.py
[2022-06-12 22:24:04,689] {processor.py:652} INFO - DAG(s) dict_keys(['example_bash_operator']) retrieved from /home/leizo/.local/lib/python3.8/site-packages/airflow/example_dags/example_bash_operator.py
[2022-06-12 22:24:04,710] {logging_mixin.py:109} INFO - [2022-06-12 22:24:04,710] {dag.py:2398} INFO - Sync 1 DAGs
[2022-06-12 22:24:04,730] {logging_mixin.py:109} INFO - [2022-06-12 22:24:04,729] {dag.py:2937} INFO - Setting next_dagrun for example_bash_operator to 2022-06-11 00:00:00+00:00
[2022-06-12 22:24:04,743] {processor.py:171} INFO - Processing /home/leizo/.local/lib/python3.8/site-packages/airflow/example_dags/example_bash_operator.py took 0.086 seconds
[2022-06-12 22:24:40,117] {processor.py:163} INFO - Started process (PID=1687) to work on /home/leizo/.local/lib/python3.8/site-packages/airflow/example_dags/example_bash_operator.py
[2022-06-12 22:24:40,119] {processor.py:642} INFO - Processing file /home/leizo/.local/lib/python3.8/site-packages/airflow/example_dags/example_bash_operator.py for tasks to queue
[2022-06-12 22:24:40,120] {logging_mixin.py:109} INFO - [2022-06-12 22:24:40,120] {dagbag.py:500} INFO - Filling up the DagBag from /home/leizo/.local/lib/python3.8/site-packages/airflow/example_dags/example_bash_operator.py
[2022-06-12 22:24:40,141] {processor.py:652} INFO - DAG(s) dict_keys(['example_bash_operator']) retrieved from /home/leizo/.local/lib/python3.8/site-packages/airflow/example_dags/example_bash_operator.py
[2022-06-12 22:24:40,154] {logging_mixin.py:109} INFO - [2022-06-12 22:24:40,154] {dag.py:2398} INFO - Sync 1 DAGs
[2022-06-12 22:24:40,171] {logging_mixin.py:109} INFO - [2022-06-12 22:24:40,171] {dag.py:2937} INFO - Setting next_dagrun for example_bash_operator to 2022-06-11 00:00:00+00:00
[2022-06-12 22:24:40,186] {processor.py:171} INFO - Processing /home/leizo/.local/lib/python3.8/site-packages/airflow/example_dags/example_bash_operator.py took 0.074 seconds
[2022-06-12 22:25:19,937] {processor.py:163} INFO - Started process (PID=1760) to work on /home/leizo/.local/lib/python3.8/site-packages/airflow/example_dags/example_bash_operator.py
[2022-06-12 22:25:19,940] {processor.py:642} INFO - Processing file /home/leizo/.local/lib/python3.8/site-packages/airflow/example_dags/example_bash_operator.py for tasks to queue
[2022-06-12 22:25:19,942] {logging_mixin.py:109} INFO - [2022-06-12 22:25:19,941] {dagbag.py:500} INFO - Filling up the DagBag from /home/leizo/.local/lib/python3.8/site-packages/airflow/example_dags/example_bash_operator.py
[2022-06-12 22:25:19,980] {processor.py:652} INFO - DAG(s) dict_keys(['example_bash_operator']) retrieved from /home/leizo/.local/lib/python3.8/site-packages/airflow/example_dags/example_bash_operator.py
[2022-06-12 22:25:19,994] {logging_mixin.py:109} INFO - [2022-06-12 22:25:19,994] {dag.py:2398} INFO - Sync 1 DAGs
[2022-06-12 22:25:20,014] {logging_mixin.py:109} INFO - [2022-06-12 22:25:20,014] {dag.py:2937} INFO - Setting next_dagrun for example_bash_operator to 2022-06-11 00:00:00+00:00
[2022-06-12 22:25:20,031] {processor.py:171} INFO - Processing /home/leizo/.local/lib/python3.8/site-packages/airflow/example_dags/example_bash_operator.py took 0.105 seconds
[2022-06-12 22:26:06,389] {processor.py:163} INFO - Started process (PID=1804) to work on /home/leizo/.local/lib/python3.8/site-packages/airflow/example_dags/example_bash_operator.py
[2022-06-12 22:26:06,393] {processor.py:642} INFO - Processing file /home/leizo/.local/lib/python3.8/site-packages/airflow/example_dags/example_bash_operator.py for tasks to queue
[2022-06-12 22:26:06,395] {logging_mixin.py:109} INFO - [2022-06-12 22:26:06,395] {dagbag.py:500} INFO - Filling up the DagBag from /home/leizo/.local/lib/python3.8/site-packages/airflow/example_dags/example_bash_operator.py
[2022-06-12 22:26:06,426] {processor.py:652} INFO - DAG(s) dict_keys(['example_bash_operator']) retrieved from /home/leizo/.local/lib/python3.8/site-packages/airflow/example_dags/example_bash_operator.py
[2022-06-12 22:26:06,448] {logging_mixin.py:109} INFO - [2022-06-12 22:26:06,448] {dag.py:2398} INFO - Sync 1 DAGs
[2022-06-12 22:26:06,471] {logging_mixin.py:109} INFO - [2022-06-12 22:26:06,470] {dag.py:2937} INFO - Setting next_dagrun for example_bash_operator to 2022-06-11 00:00:00+00:00
[2022-06-12 22:26:06,484] {processor.py:171} INFO - Processing /home/leizo/.local/lib/python3.8/site-packages/airflow/example_dags/example_bash_operator.py took 0.101 seconds
[2022-06-12 22:26:47,172] {processor.py:163} INFO - Started process (PID=1840) to work on /home/leizo/.local/lib/python3.8/site-packages/airflow/example_dags/example_bash_operator.py
[2022-06-12 22:26:47,176] {processor.py:642} INFO - Processing file /home/leizo/.local/lib/python3.8/site-packages/airflow/example_dags/example_bash_operator.py for tasks to queue
[2022-06-12 22:26:47,178] {logging_mixin.py:109} INFO - [2022-06-12 22:26:47,178] {dagbag.py:500} INFO - Filling up the DagBag from /home/leizo/.local/lib/python3.8/site-packages/airflow/example_dags/example_bash_operator.py
[2022-06-12 22:26:47,231] {processor.py:652} INFO - DAG(s) dict_keys(['example_bash_operator']) retrieved from /home/leizo/.local/lib/python3.8/site-packages/airflow/example_dags/example_bash_operator.py
[2022-06-12 22:26:47,261] {logging_mixin.py:109} INFO - [2022-06-12 22:26:47,260] {dag.py:2398} INFO - Sync 1 DAGs
[2022-06-12 22:26:47,292] {logging_mixin.py:109} INFO - [2022-06-12 22:26:47,292] {dag.py:2937} INFO - Setting next_dagrun for example_bash_operator to 2022-06-11 00:00:00+00:00
[2022-06-12 22:26:47,320] {processor.py:171} INFO - Processing /home/leizo/.local/lib/python3.8/site-packages/airflow/example_dags/example_bash_operator.py took 0.157 seconds
[2022-06-12 22:27:59,056] {processor.py:163} INFO - Started process (PID=1919) to work on /home/leizo/.local/lib/python3.8/site-packages/airflow/example_dags/example_bash_operator.py
[2022-06-12 22:27:59,058] {processor.py:642} INFO - Processing file /home/leizo/.local/lib/python3.8/site-packages/airflow/example_dags/example_bash_operator.py for tasks to queue
[2022-06-12 22:27:59,059] {logging_mixin.py:109} INFO - [2022-06-12 22:27:59,059] {dagbag.py:500} INFO - Filling up the DagBag from /home/leizo/.local/lib/python3.8/site-packages/airflow/example_dags/example_bash_operator.py
[2022-06-12 22:27:59,082] {processor.py:652} INFO - DAG(s) dict_keys(['example_bash_operator']) retrieved from /home/leizo/.local/lib/python3.8/site-packages/airflow/example_dags/example_bash_operator.py
[2022-06-12 22:27:59,103] {logging_mixin.py:109} INFO - [2022-06-12 22:27:59,103] {dag.py:2398} INFO - Sync 1 DAGs
[2022-06-12 22:27:59,133] {logging_mixin.py:109} INFO - [2022-06-12 22:27:59,132] {dag.py:2937} INFO - Setting next_dagrun for example_bash_operator to 2022-06-11 00:00:00+00:00
[2022-06-12 22:27:59,159] {processor.py:171} INFO - Processing /home/leizo/.local/lib/python3.8/site-packages/airflow/example_dags/example_bash_operator.py took 0.107 seconds
[2022-06-12 22:28:39,089] {processor.py:163} INFO - Started process (PID=1996) to work on /home/leizo/.local/lib/python3.8/site-packages/airflow/example_dags/example_bash_operator.py
[2022-06-12 22:28:39,093] {processor.py:642} INFO - Processing file /home/leizo/.local/lib/python3.8/site-packages/airflow/example_dags/example_bash_operator.py for tasks to queue
[2022-06-12 22:28:39,095] {logging_mixin.py:109} INFO - [2022-06-12 22:28:39,094] {dagbag.py:500} INFO - Filling up the DagBag from /home/leizo/.local/lib/python3.8/site-packages/airflow/example_dags/example_bash_operator.py
[2022-06-12 22:28:39,127] {processor.py:652} INFO - DAG(s) dict_keys(['example_bash_operator']) retrieved from /home/leizo/.local/lib/python3.8/site-packages/airflow/example_dags/example_bash_operator.py
[2022-06-12 22:28:39,153] {logging_mixin.py:109} INFO - [2022-06-12 22:28:39,153] {dag.py:2398} INFO - Sync 1 DAGs
[2022-06-12 22:28:39,180] {logging_mixin.py:109} INFO - [2022-06-12 22:28:39,180] {dag.py:2937} INFO - Setting next_dagrun for example_bash_operator to 2022-06-11 00:00:00+00:00
[2022-06-12 22:28:39,194] {processor.py:171} INFO - Processing /home/leizo/.local/lib/python3.8/site-packages/airflow/example_dags/example_bash_operator.py took 0.111 seconds
[2022-06-12 22:29:23,737] {processor.py:163} INFO - Started process (PID=2096) to work on /home/leizo/.local/lib/python3.8/site-packages/airflow/example_dags/example_bash_operator.py
[2022-06-12 22:29:23,739] {processor.py:642} INFO - Processing file /home/leizo/.local/lib/python3.8/site-packages/airflow/example_dags/example_bash_operator.py for tasks to queue
[2022-06-12 22:29:23,740] {logging_mixin.py:109} INFO - [2022-06-12 22:29:23,740] {dagbag.py:500} INFO - Filling up the DagBag from /home/leizo/.local/lib/python3.8/site-packages/airflow/example_dags/example_bash_operator.py
[2022-06-12 22:29:23,771] {processor.py:652} INFO - DAG(s) dict_keys(['example_bash_operator']) retrieved from /home/leizo/.local/lib/python3.8/site-packages/airflow/example_dags/example_bash_operator.py
[2022-06-12 22:29:23,794] {logging_mixin.py:109} INFO - [2022-06-12 22:29:23,794] {dag.py:2398} INFO - Sync 1 DAGs
[2022-06-12 22:29:23,808] {logging_mixin.py:109} INFO - [2022-06-12 22:29:23,807] {dag.py:2937} INFO - Setting next_dagrun for example_bash_operator to 2022-06-11 00:00:00+00:00
[2022-06-12 22:29:23,827] {processor.py:171} INFO - Processing /home/leizo/.local/lib/python3.8/site-packages/airflow/example_dags/example_bash_operator.py took 0.092 seconds
[2022-06-12 22:30:08,732] {processor.py:163} INFO - Started process (PID=2213) to work on /home/leizo/.local/lib/python3.8/site-packages/airflow/example_dags/example_bash_operator.py
[2022-06-12 22:30:08,735] {processor.py:642} INFO - Processing file /home/leizo/.local/lib/python3.8/site-packages/airflow/example_dags/example_bash_operator.py for tasks to queue
[2022-06-12 22:30:08,736] {logging_mixin.py:109} INFO - [2022-06-12 22:30:08,736] {dagbag.py:500} INFO - Filling up the DagBag from /home/leizo/.local/lib/python3.8/site-packages/airflow/example_dags/example_bash_operator.py
[2022-06-12 22:30:08,758] {processor.py:652} INFO - DAG(s) dict_keys(['example_bash_operator']) retrieved from /home/leizo/.local/lib/python3.8/site-packages/airflow/example_dags/example_bash_operator.py
[2022-06-12 22:30:08,779] {logging_mixin.py:109} INFO - [2022-06-12 22:30:08,779] {dag.py:2398} INFO - Sync 1 DAGs
[2022-06-12 22:30:08,805] {logging_mixin.py:109} INFO - [2022-06-12 22:30:08,804] {dag.py:2937} INFO - Setting next_dagrun for example_bash_operator to 2022-06-11 00:00:00+00:00
[2022-06-12 22:30:08,823] {processor.py:171} INFO - Processing /home/leizo/.local/lib/python3.8/site-packages/airflow/example_dags/example_bash_operator.py took 0.095 seconds
[2022-06-12 22:30:57,387] {processor.py:163} INFO - Started process (PID=2324) to work on /home/leizo/.local/lib/python3.8/site-packages/airflow/example_dags/example_bash_operator.py
[2022-06-12 22:30:57,390] {processor.py:642} INFO - Processing file /home/leizo/.local/lib/python3.8/site-packages/airflow/example_dags/example_bash_operator.py for tasks to queue
[2022-06-12 22:30:57,392] {logging_mixin.py:109} INFO - [2022-06-12 22:30:57,391] {dagbag.py:500} INFO - Filling up the DagBag from /home/leizo/.local/lib/python3.8/site-packages/airflow/example_dags/example_bash_operator.py
[2022-06-12 22:30:57,422] {processor.py:652} INFO - DAG(s) dict_keys(['example_bash_operator']) retrieved from /home/leizo/.local/lib/python3.8/site-packages/airflow/example_dags/example_bash_operator.py
[2022-06-12 22:30:57,448] {logging_mixin.py:109} INFO - [2022-06-12 22:30:57,448] {dag.py:2398} INFO - Sync 1 DAGs
[2022-06-12 22:30:57,463] {logging_mixin.py:109} INFO - [2022-06-12 22:30:57,463] {dag.py:2937} INFO - Setting next_dagrun for example_bash_operator to 2022-06-11 00:00:00+00:00
[2022-06-12 22:30:57,475] {processor.py:171} INFO - Processing /home/leizo/.local/lib/python3.8/site-packages/airflow/example_dags/example_bash_operator.py took 0.094 seconds
[2022-06-12 22:31:39,946] {processor.py:163} INFO - Started process (PID=2453) to work on /home/leizo/.local/lib/python3.8/site-packages/airflow/example_dags/example_bash_operator.py
[2022-06-12 22:31:39,948] {processor.py:642} INFO - Processing file /home/leizo/.local/lib/python3.8/site-packages/airflow/example_dags/example_bash_operator.py for tasks to queue
[2022-06-12 22:31:39,949] {logging_mixin.py:109} INFO - [2022-06-12 22:31:39,949] {dagbag.py:500} INFO - Filling up the DagBag from /home/leizo/.local/lib/python3.8/site-packages/airflow/example_dags/example_bash_operator.py
[2022-06-12 22:31:39,989] {processor.py:652} INFO - DAG(s) dict_keys(['example_bash_operator']) retrieved from /home/leizo/.local/lib/python3.8/site-packages/airflow/example_dags/example_bash_operator.py
[2022-06-12 22:31:40,004] {logging_mixin.py:109} INFO - [2022-06-12 22:31:40,004] {dag.py:2398} INFO - Sync 1 DAGs
[2022-06-12 22:31:40,015] {logging_mixin.py:109} INFO - [2022-06-12 22:31:40,015] {dag.py:2937} INFO - Setting next_dagrun for example_bash_operator to 2022-06-11 00:00:00+00:00
[2022-06-12 22:31:40,028] {processor.py:171} INFO - Processing /home/leizo/.local/lib/python3.8/site-packages/airflow/example_dags/example_bash_operator.py took 0.087 seconds
[2022-06-12 22:32:21,062] {processor.py:163} INFO - Started process (PID=2508) to work on /home/leizo/.local/lib/python3.8/site-packages/airflow/example_dags/example_bash_operator.py
[2022-06-12 22:32:21,064] {processor.py:642} INFO - Processing file /home/leizo/.local/lib/python3.8/site-packages/airflow/example_dags/example_bash_operator.py for tasks to queue
[2022-06-12 22:32:21,065] {logging_mixin.py:109} INFO - [2022-06-12 22:32:21,065] {dagbag.py:500} INFO - Filling up the DagBag from /home/leizo/.local/lib/python3.8/site-packages/airflow/example_dags/example_bash_operator.py
[2022-06-12 22:32:21,079] {processor.py:652} INFO - DAG(s) dict_keys(['example_bash_operator']) retrieved from /home/leizo/.local/lib/python3.8/site-packages/airflow/example_dags/example_bash_operator.py
[2022-06-12 22:32:21,089] {logging_mixin.py:109} INFO - [2022-06-12 22:32:21,089] {dag.py:2398} INFO - Sync 1 DAGs
[2022-06-12 22:32:21,102] {logging_mixin.py:109} INFO - [2022-06-12 22:32:21,102] {dag.py:2937} INFO - Setting next_dagrun for example_bash_operator to 2022-06-11 00:00:00+00:00
[2022-06-12 22:32:21,118] {processor.py:171} INFO - Processing /home/leizo/.local/lib/python3.8/site-packages/airflow/example_dags/example_bash_operator.py took 0.058 seconds
[2022-06-12 22:33:01,153] {processor.py:163} INFO - Started process (PID=2565) to work on /home/leizo/.local/lib/python3.8/site-packages/airflow/example_dags/example_bash_operator.py
[2022-06-12 22:33:01,156] {processor.py:642} INFO - Processing file /home/leizo/.local/lib/python3.8/site-packages/airflow/example_dags/example_bash_operator.py for tasks to queue
[2022-06-12 22:33:01,156] {logging_mixin.py:109} INFO - [2022-06-12 22:33:01,156] {dagbag.py:500} INFO - Filling up the DagBag from /home/leizo/.local/lib/python3.8/site-packages/airflow/example_dags/example_bash_operator.py
[2022-06-12 22:33:01,179] {processor.py:652} INFO - DAG(s) dict_keys(['example_bash_operator']) retrieved from /home/leizo/.local/lib/python3.8/site-packages/airflow/example_dags/example_bash_operator.py
[2022-06-12 22:33:01,192] {logging_mixin.py:109} INFO - [2022-06-12 22:33:01,192] {dag.py:2398} INFO - Sync 1 DAGs
[2022-06-12 22:33:01,206] {logging_mixin.py:109} INFO - [2022-06-12 22:33:01,205] {dag.py:2937} INFO - Setting next_dagrun for example_bash_operator to 2022-06-11 00:00:00+00:00
[2022-06-12 22:33:01,219] {processor.py:171} INFO - Processing /home/leizo/.local/lib/python3.8/site-packages/airflow/example_dags/example_bash_operator.py took 0.068 seconds
[2022-06-12 22:33:41,258] {processor.py:163} INFO - Started process (PID=2656) to work on /home/leizo/.local/lib/python3.8/site-packages/airflow/example_dags/example_bash_operator.py
[2022-06-12 22:33:41,261] {processor.py:642} INFO - Processing file /home/leizo/.local/lib/python3.8/site-packages/airflow/example_dags/example_bash_operator.py for tasks to queue
[2022-06-12 22:33:41,261] {logging_mixin.py:109} INFO - [2022-06-12 22:33:41,261] {dagbag.py:500} INFO - Filling up the DagBag from /home/leizo/.local/lib/python3.8/site-packages/airflow/example_dags/example_bash_operator.py
[2022-06-12 22:33:41,276] {processor.py:652} INFO - DAG(s) dict_keys(['example_bash_operator']) retrieved from /home/leizo/.local/lib/python3.8/site-packages/airflow/example_dags/example_bash_operator.py
[2022-06-12 22:33:41,286] {logging_mixin.py:109} INFO - [2022-06-12 22:33:41,286] {dag.py:2398} INFO - Sync 1 DAGs
[2022-06-12 22:33:41,297] {logging_mixin.py:109} INFO - [2022-06-12 22:33:41,297] {dag.py:2937} INFO - Setting next_dagrun for example_bash_operator to 2022-06-11 00:00:00+00:00
[2022-06-12 22:33:41,311] {processor.py:171} INFO - Processing /home/leizo/.local/lib/python3.8/site-packages/airflow/example_dags/example_bash_operator.py took 0.055 seconds
[2022-06-12 22:34:22,735] {processor.py:163} INFO - Started process (PID=2730) to work on /home/leizo/.local/lib/python3.8/site-packages/airflow/example_dags/example_bash_operator.py
[2022-06-12 22:34:22,736] {processor.py:642} INFO - Processing file /home/leizo/.local/lib/python3.8/site-packages/airflow/example_dags/example_bash_operator.py for tasks to queue
[2022-06-12 22:34:22,736] {logging_mixin.py:109} INFO - [2022-06-12 22:34:22,736] {dagbag.py:500} INFO - Filling up the DagBag from /home/leizo/.local/lib/python3.8/site-packages/airflow/example_dags/example_bash_operator.py
[2022-06-12 22:34:22,753] {processor.py:652} INFO - DAG(s) dict_keys(['example_bash_operator']) retrieved from /home/leizo/.local/lib/python3.8/site-packages/airflow/example_dags/example_bash_operator.py
[2022-06-12 22:34:22,763] {logging_mixin.py:109} INFO - [2022-06-12 22:34:22,763] {dag.py:2398} INFO - Sync 1 DAGs
[2022-06-12 22:34:22,773] {logging_mixin.py:109} INFO - [2022-06-12 22:34:22,773] {dag.py:2937} INFO - Setting next_dagrun for example_bash_operator to 2022-06-11 00:00:00+00:00
[2022-06-12 22:34:22,786] {processor.py:171} INFO - Processing /home/leizo/.local/lib/python3.8/site-packages/airflow/example_dags/example_bash_operator.py took 0.055 seconds
[2022-06-12 22:35:04,072] {processor.py:163} INFO - Started process (PID=2795) to work on /home/leizo/.local/lib/python3.8/site-packages/airflow/example_dags/example_bash_operator.py
[2022-06-12 22:35:04,074] {processor.py:642} INFO - Processing file /home/leizo/.local/lib/python3.8/site-packages/airflow/example_dags/example_bash_operator.py for tasks to queue
[2022-06-12 22:35:04,075] {logging_mixin.py:109} INFO - [2022-06-12 22:35:04,075] {dagbag.py:500} INFO - Filling up the DagBag from /home/leizo/.local/lib/python3.8/site-packages/airflow/example_dags/example_bash_operator.py
[2022-06-12 22:35:04,099] {processor.py:652} INFO - DAG(s) dict_keys(['example_bash_operator']) retrieved from /home/leizo/.local/lib/python3.8/site-packages/airflow/example_dags/example_bash_operator.py
[2022-06-12 22:35:04,113] {logging_mixin.py:109} INFO - [2022-06-12 22:35:04,113] {dag.py:2398} INFO - Sync 1 DAGs
[2022-06-12 22:35:04,130] {logging_mixin.py:109} INFO - [2022-06-12 22:35:04,130] {dag.py:2937} INFO - Setting next_dagrun for example_bash_operator to 2022-06-11 00:00:00+00:00
[2022-06-12 22:35:04,147] {processor.py:171} INFO - Processing /home/leizo/.local/lib/python3.8/site-packages/airflow/example_dags/example_bash_operator.py took 0.079 seconds
[2022-06-12 22:35:45,911] {processor.py:163} INFO - Started process (PID=2913) to work on /home/leizo/.local/lib/python3.8/site-packages/airflow/example_dags/example_bash_operator.py
[2022-06-12 22:35:45,914] {processor.py:642} INFO - Processing file /home/leizo/.local/lib/python3.8/site-packages/airflow/example_dags/example_bash_operator.py for tasks to queue
[2022-06-12 22:35:45,915] {logging_mixin.py:109} INFO - [2022-06-12 22:35:45,915] {dagbag.py:500} INFO - Filling up the DagBag from /home/leizo/.local/lib/python3.8/site-packages/airflow/example_dags/example_bash_operator.py
[2022-06-12 22:35:45,944] {processor.py:652} INFO - DAG(s) dict_keys(['example_bash_operator']) retrieved from /home/leizo/.local/lib/python3.8/site-packages/airflow/example_dags/example_bash_operator.py
[2022-06-12 22:35:45,962] {logging_mixin.py:109} INFO - [2022-06-12 22:35:45,962] {dag.py:2398} INFO - Sync 1 DAGs
[2022-06-12 22:35:45,974] {logging_mixin.py:109} INFO - [2022-06-12 22:35:45,974] {dag.py:2937} INFO - Setting next_dagrun for example_bash_operator to 2022-06-11 00:00:00+00:00
[2022-06-12 22:35:45,986] {processor.py:171} INFO - Processing /home/leizo/.local/lib/python3.8/site-packages/airflow/example_dags/example_bash_operator.py took 0.079 seconds
[2022-06-12 22:36:27,610] {processor.py:163} INFO - Started process (PID=2976) to work on /home/leizo/.local/lib/python3.8/site-packages/airflow/example_dags/example_bash_operator.py
[2022-06-12 22:36:27,612] {processor.py:642} INFO - Processing file /home/leizo/.local/lib/python3.8/site-packages/airflow/example_dags/example_bash_operator.py for tasks to queue
[2022-06-12 22:36:27,614] {logging_mixin.py:109} INFO - [2022-06-12 22:36:27,613] {dagbag.py:500} INFO - Filling up the DagBag from /home/leizo/.local/lib/python3.8/site-packages/airflow/example_dags/example_bash_operator.py
[2022-06-12 22:36:27,645] {processor.py:652} INFO - DAG(s) dict_keys(['example_bash_operator']) retrieved from /home/leizo/.local/lib/python3.8/site-packages/airflow/example_dags/example_bash_operator.py
[2022-06-12 22:36:27,674] {logging_mixin.py:109} INFO - [2022-06-12 22:36:27,674] {dag.py:2398} INFO - Sync 1 DAGs
[2022-06-12 22:36:27,688] {logging_mixin.py:109} INFO - [2022-06-12 22:36:27,688] {dag.py:2937} INFO - Setting next_dagrun for example_bash_operator to 2022-06-11 00:00:00+00:00
[2022-06-12 22:36:27,700] {processor.py:171} INFO - Processing /home/leizo/.local/lib/python3.8/site-packages/airflow/example_dags/example_bash_operator.py took 0.095 seconds
[2022-06-12 22:37:09,412] {processor.py:163} INFO - Started process (PID=3047) to work on /home/leizo/.local/lib/python3.8/site-packages/airflow/example_dags/example_bash_operator.py
[2022-06-12 22:37:09,416] {processor.py:642} INFO - Processing file /home/leizo/.local/lib/python3.8/site-packages/airflow/example_dags/example_bash_operator.py for tasks to queue
[2022-06-12 22:37:09,417] {logging_mixin.py:109} INFO - [2022-06-12 22:37:09,417] {dagbag.py:500} INFO - Filling up the DagBag from /home/leizo/.local/lib/python3.8/site-packages/airflow/example_dags/example_bash_operator.py
[2022-06-12 22:37:09,448] {processor.py:652} INFO - DAG(s) dict_keys(['example_bash_operator']) retrieved from /home/leizo/.local/lib/python3.8/site-packages/airflow/example_dags/example_bash_operator.py
[2022-06-12 22:37:09,469] {logging_mixin.py:109} INFO - [2022-06-12 22:37:09,469] {dag.py:2398} INFO - Sync 1 DAGs
[2022-06-12 22:37:09,485] {logging_mixin.py:109} INFO - [2022-06-12 22:37:09,485] {dag.py:2937} INFO - Setting next_dagrun for example_bash_operator to 2022-06-11 00:00:00+00:00
[2022-06-12 22:37:09,503] {processor.py:171} INFO - Processing /home/leizo/.local/lib/python3.8/site-packages/airflow/example_dags/example_bash_operator.py took 0.097 seconds
[2022-06-12 22:37:52,499] {processor.py:163} INFO - Started process (PID=3088) to work on /home/leizo/.local/lib/python3.8/site-packages/airflow/example_dags/example_bash_operator.py
[2022-06-12 22:37:52,502] {processor.py:642} INFO - Processing file /home/leizo/.local/lib/python3.8/site-packages/airflow/example_dags/example_bash_operator.py for tasks to queue
[2022-06-12 22:37:52,503] {logging_mixin.py:109} INFO - [2022-06-12 22:37:52,503] {dagbag.py:500} INFO - Filling up the DagBag from /home/leizo/.local/lib/python3.8/site-packages/airflow/example_dags/example_bash_operator.py
[2022-06-12 22:37:52,516] {processor.py:652} INFO - DAG(s) dict_keys(['example_bash_operator']) retrieved from /home/leizo/.local/lib/python3.8/site-packages/airflow/example_dags/example_bash_operator.py
[2022-06-12 22:37:52,528] {logging_mixin.py:109} INFO - [2022-06-12 22:37:52,528] {dag.py:2398} INFO - Sync 1 DAGs
[2022-06-12 22:37:52,543] {logging_mixin.py:109} INFO - [2022-06-12 22:37:52,542] {dag.py:2937} INFO - Setting next_dagrun for example_bash_operator to 2022-06-11 00:00:00+00:00
[2022-06-12 22:37:52,558] {processor.py:171} INFO - Processing /home/leizo/.local/lib/python3.8/site-packages/airflow/example_dags/example_bash_operator.py took 0.062 seconds
[2022-06-12 22:38:37,779] {processor.py:163} INFO - Started process (PID=3130) to work on /home/leizo/.local/lib/python3.8/site-packages/airflow/example_dags/example_bash_operator.py
[2022-06-12 22:38:37,781] {processor.py:642} INFO - Processing file /home/leizo/.local/lib/python3.8/site-packages/airflow/example_dags/example_bash_operator.py for tasks to queue
[2022-06-12 22:38:37,782] {logging_mixin.py:109} INFO - [2022-06-12 22:38:37,782] {dagbag.py:500} INFO - Filling up the DagBag from /home/leizo/.local/lib/python3.8/site-packages/airflow/example_dags/example_bash_operator.py
[2022-06-12 22:38:37,805] {processor.py:652} INFO - DAG(s) dict_keys(['example_bash_operator']) retrieved from /home/leizo/.local/lib/python3.8/site-packages/airflow/example_dags/example_bash_operator.py
[2022-06-12 22:38:37,828] {logging_mixin.py:109} INFO - [2022-06-12 22:38:37,828] {dag.py:2398} INFO - Sync 1 DAGs
[2022-06-12 22:38:37,840] {logging_mixin.py:109} INFO - [2022-06-12 22:38:37,840] {dag.py:2937} INFO - Setting next_dagrun for example_bash_operator to 2022-06-11 00:00:00+00:00
[2022-06-12 22:38:37,854] {processor.py:171} INFO - Processing /home/leizo/.local/lib/python3.8/site-packages/airflow/example_dags/example_bash_operator.py took 0.082 seconds
[2022-06-12 22:39:19,438] {processor.py:163} INFO - Started process (PID=3233) to work on /home/leizo/.local/lib/python3.8/site-packages/airflow/example_dags/example_bash_operator.py
[2022-06-12 22:39:19,442] {processor.py:642} INFO - Processing file /home/leizo/.local/lib/python3.8/site-packages/airflow/example_dags/example_bash_operator.py for tasks to queue
[2022-06-12 22:39:19,443] {logging_mixin.py:109} INFO - [2022-06-12 22:39:19,443] {dagbag.py:500} INFO - Filling up the DagBag from /home/leizo/.local/lib/python3.8/site-packages/airflow/example_dags/example_bash_operator.py
[2022-06-12 22:39:19,474] {processor.py:652} INFO - DAG(s) dict_keys(['example_bash_operator']) retrieved from /home/leizo/.local/lib/python3.8/site-packages/airflow/example_dags/example_bash_operator.py
[2022-06-12 22:39:19,485] {logging_mixin.py:109} INFO - [2022-06-12 22:39:19,485] {dag.py:2398} INFO - Sync 1 DAGs
[2022-06-12 22:39:19,500] {logging_mixin.py:109} INFO - [2022-06-12 22:39:19,500] {dag.py:2937} INFO - Setting next_dagrun for example_bash_operator to 2022-06-11 00:00:00+00:00
[2022-06-12 22:39:19,516] {processor.py:171} INFO - Processing /home/leizo/.local/lib/python3.8/site-packages/airflow/example_dags/example_bash_operator.py took 0.083 seconds
[2022-06-12 22:40:00,868] {processor.py:163} INFO - Started process (PID=3275) to work on /home/leizo/.local/lib/python3.8/site-packages/airflow/example_dags/example_bash_operator.py
[2022-06-12 22:40:00,871] {processor.py:642} INFO - Processing file /home/leizo/.local/lib/python3.8/site-packages/airflow/example_dags/example_bash_operator.py for tasks to queue
[2022-06-12 22:40:00,873] {logging_mixin.py:109} INFO - [2022-06-12 22:40:00,873] {dagbag.py:500} INFO - Filling up the DagBag from /home/leizo/.local/lib/python3.8/site-packages/airflow/example_dags/example_bash_operator.py
[2022-06-12 22:40:00,927] {processor.py:652} INFO - DAG(s) dict_keys(['example_bash_operator']) retrieved from /home/leizo/.local/lib/python3.8/site-packages/airflow/example_dags/example_bash_operator.py
[2022-06-12 22:40:00,963] {logging_mixin.py:109} INFO - [2022-06-12 22:40:00,963] {dag.py:2398} INFO - Sync 1 DAGs
[2022-06-12 22:40:00,986] {logging_mixin.py:109} INFO - [2022-06-12 22:40:00,986] {dag.py:2937} INFO - Setting next_dagrun for example_bash_operator to 2022-06-11 00:00:00+00:00
[2022-06-12 22:40:01,003] {processor.py:171} INFO - Processing /home/leizo/.local/lib/python3.8/site-packages/airflow/example_dags/example_bash_operator.py took 0.139 seconds
