[2022-06-12 21:59:33,362] {processor.py:163} INFO - Started process (PID=109) to work on /home/leizo/.local/lib/python3.8/site-packages/airflow/example_dags/example_dag_decorator.py
[2022-06-12 21:59:33,372] {processor.py:642} INFO - Processing file /home/leizo/.local/lib/python3.8/site-packages/airflow/example_dags/example_dag_decorator.py for tasks to queue
[2022-06-12 21:59:33,374] {logging_mixin.py:109} INFO - [2022-06-12 21:59:33,373] {dagbag.py:500} INFO - Filling up the DagBag from /home/leizo/.local/lib/python3.8/site-packages/airflow/example_dags/example_dag_decorator.py
[2022-06-12 21:59:33,444] {processor.py:652} INFO - DAG(s) dict_keys(['example_dag_decorator']) retrieved from /home/leizo/.local/lib/python3.8/site-packages/airflow/example_dags/example_dag_decorator.py
[2022-06-12 21:59:33,463] {logging_mixin.py:109} INFO - [2022-06-12 21:59:33,462] {dag.py:2398} INFO - Sync 1 DAGs
[2022-06-12 21:59:33,493] {logging_mixin.py:109} INFO - [2022-06-12 21:59:33,493] {dag.py:2937} INFO - Setting next_dagrun for example_dag_decorator to None
[2022-06-12 21:59:33,512] {processor.py:171} INFO - Processing /home/leizo/.local/lib/python3.8/site-packages/airflow/example_dags/example_dag_decorator.py took 0.154 seconds
[2022-06-12 22:00:21,141] {processor.py:163} INFO - Started process (PID=177) to work on /home/leizo/.local/lib/python3.8/site-packages/airflow/example_dags/example_dag_decorator.py
[2022-06-12 22:00:21,144] {processor.py:642} INFO - Processing file /home/leizo/.local/lib/python3.8/site-packages/airflow/example_dags/example_dag_decorator.py for tasks to queue
[2022-06-12 22:00:21,145] {logging_mixin.py:109} INFO - [2022-06-12 22:00:21,145] {dagbag.py:500} INFO - Filling up the DagBag from /home/leizo/.local/lib/python3.8/site-packages/airflow/example_dags/example_dag_decorator.py
[2022-06-12 22:00:21,217] {processor.py:652} INFO - DAG(s) dict_keys(['example_dag_decorator']) retrieved from /home/leizo/.local/lib/python3.8/site-packages/airflow/example_dags/example_dag_decorator.py
[2022-06-12 22:00:21,723] {logging_mixin.py:109} INFO - [2022-06-12 22:00:21,723] {dag.py:2398} INFO - Sync 1 DAGs
[2022-06-12 22:00:21,742] {logging_mixin.py:109} INFO - [2022-06-12 22:00:21,742] {dag.py:2937} INFO - Setting next_dagrun for example_dag_decorator to None
[2022-06-12 22:00:21,763] {processor.py:171} INFO - Processing /home/leizo/.local/lib/python3.8/site-packages/airflow/example_dags/example_dag_decorator.py took 0.627 seconds
[2022-06-12 22:01:08,248] {processor.py:163} INFO - Started process (PID=211) to work on /home/leizo/.local/lib/python3.8/site-packages/airflow/example_dags/example_dag_decorator.py
[2022-06-12 22:01:08,252] {processor.py:642} INFO - Processing file /home/leizo/.local/lib/python3.8/site-packages/airflow/example_dags/example_dag_decorator.py for tasks to queue
[2022-06-12 22:01:08,262] {logging_mixin.py:109} INFO - [2022-06-12 22:01:08,262] {dagbag.py:500} INFO - Filling up the DagBag from /home/leizo/.local/lib/python3.8/site-packages/airflow/example_dags/example_dag_decorator.py
[2022-06-12 22:01:08,383] {processor.py:652} INFO - DAG(s) dict_keys(['example_dag_decorator']) retrieved from /home/leizo/.local/lib/python3.8/site-packages/airflow/example_dags/example_dag_decorator.py
[2022-06-12 22:01:09,590] {logging_mixin.py:109} INFO - [2022-06-12 22:01:09,589] {dag.py:2398} INFO - Sync 1 DAGs
[2022-06-12 22:01:09,649] {logging_mixin.py:109} INFO - [2022-06-12 22:01:09,649] {dag.py:2937} INFO - Setting next_dagrun for example_dag_decorator to None
[2022-06-12 22:01:09,686] {processor.py:171} INFO - Processing /home/leizo/.local/lib/python3.8/site-packages/airflow/example_dags/example_dag_decorator.py took 1.452 seconds
[2022-06-12 22:01:46,951] {processor.py:163} INFO - Started process (PID=238) to work on /home/leizo/.local/lib/python3.8/site-packages/airflow/example_dags/example_dag_decorator.py
[2022-06-12 22:01:46,954] {processor.py:642} INFO - Processing file /home/leizo/.local/lib/python3.8/site-packages/airflow/example_dags/example_dag_decorator.py for tasks to queue
[2022-06-12 22:01:46,955] {logging_mixin.py:109} INFO - [2022-06-12 22:01:46,955] {dagbag.py:500} INFO - Filling up the DagBag from /home/leizo/.local/lib/python3.8/site-packages/airflow/example_dags/example_dag_decorator.py
[2022-06-12 22:01:47,002] {processor.py:652} INFO - DAG(s) dict_keys(['example_dag_decorator']) retrieved from /home/leizo/.local/lib/python3.8/site-packages/airflow/example_dags/example_dag_decorator.py
[2022-06-12 22:01:47,390] {logging_mixin.py:109} INFO - [2022-06-12 22:01:47,390] {dag.py:2398} INFO - Sync 1 DAGs
[2022-06-12 22:01:47,408] {logging_mixin.py:109} INFO - [2022-06-12 22:01:47,407] {dag.py:2937} INFO - Setting next_dagrun for example_dag_decorator to None
[2022-06-12 22:01:47,433] {processor.py:171} INFO - Processing /home/leizo/.local/lib/python3.8/site-packages/airflow/example_dags/example_dag_decorator.py took 0.488 seconds
[2022-06-12 22:02:30,682] {processor.py:163} INFO - Started process (PID=272) to work on /home/leizo/.local/lib/python3.8/site-packages/airflow/example_dags/example_dag_decorator.py
[2022-06-12 22:02:30,684] {processor.py:642} INFO - Processing file /home/leizo/.local/lib/python3.8/site-packages/airflow/example_dags/example_dag_decorator.py for tasks to queue
[2022-06-12 22:02:30,685] {logging_mixin.py:109} INFO - [2022-06-12 22:02:30,685] {dagbag.py:500} INFO - Filling up the DagBag from /home/leizo/.local/lib/python3.8/site-packages/airflow/example_dags/example_dag_decorator.py
[2022-06-12 22:02:30,745] {processor.py:652} INFO - DAG(s) dict_keys(['example_dag_decorator']) retrieved from /home/leizo/.local/lib/python3.8/site-packages/airflow/example_dags/example_dag_decorator.py
[2022-06-12 22:02:31,373] {logging_mixin.py:109} INFO - [2022-06-12 22:02:31,373] {dag.py:2398} INFO - Sync 1 DAGs
[2022-06-12 22:02:31,417] {logging_mixin.py:109} INFO - [2022-06-12 22:02:31,417] {dag.py:2937} INFO - Setting next_dagrun for example_dag_decorator to None
[2022-06-12 22:02:31,466] {processor.py:171} INFO - Processing /home/leizo/.local/lib/python3.8/site-packages/airflow/example_dags/example_dag_decorator.py took 0.789 seconds
[2022-06-12 22:03:13,298] {processor.py:163} INFO - Started process (PID=309) to work on /home/leizo/.local/lib/python3.8/site-packages/airflow/example_dags/example_dag_decorator.py
[2022-06-12 22:03:13,300] {processor.py:642} INFO - Processing file /home/leizo/.local/lib/python3.8/site-packages/airflow/example_dags/example_dag_decorator.py for tasks to queue
[2022-06-12 22:03:13,300] {logging_mixin.py:109} INFO - [2022-06-12 22:03:13,300] {dagbag.py:500} INFO - Filling up the DagBag from /home/leizo/.local/lib/python3.8/site-packages/airflow/example_dags/example_dag_decorator.py
[2022-06-12 22:03:13,328] {processor.py:652} INFO - DAG(s) dict_keys(['example_dag_decorator']) retrieved from /home/leizo/.local/lib/python3.8/site-packages/airflow/example_dags/example_dag_decorator.py
[2022-06-12 22:03:13,561] {logging_mixin.py:109} INFO - [2022-06-12 22:03:13,561] {dag.py:2398} INFO - Sync 1 DAGs
[2022-06-12 22:03:13,577] {logging_mixin.py:109} INFO - [2022-06-12 22:03:13,577] {dag.py:2937} INFO - Setting next_dagrun for example_dag_decorator to None
[2022-06-12 22:03:13,596] {processor.py:171} INFO - Processing /home/leizo/.local/lib/python3.8/site-packages/airflow/example_dags/example_dag_decorator.py took 0.301 seconds
[2022-06-12 22:03:48,962] {processor.py:163} INFO - Started process (PID=338) to work on /home/leizo/.local/lib/python3.8/site-packages/airflow/example_dags/example_dag_decorator.py
[2022-06-12 22:03:48,965] {processor.py:642} INFO - Processing file /home/leizo/.local/lib/python3.8/site-packages/airflow/example_dags/example_dag_decorator.py for tasks to queue
[2022-06-12 22:03:48,967] {logging_mixin.py:109} INFO - [2022-06-12 22:03:48,967] {dagbag.py:500} INFO - Filling up the DagBag from /home/leizo/.local/lib/python3.8/site-packages/airflow/example_dags/example_dag_decorator.py
[2022-06-12 22:03:49,035] {processor.py:652} INFO - DAG(s) dict_keys(['example_dag_decorator']) retrieved from /home/leizo/.local/lib/python3.8/site-packages/airflow/example_dags/example_dag_decorator.py
[2022-06-12 22:03:49,665] {logging_mixin.py:109} INFO - [2022-06-12 22:03:49,664] {dag.py:2398} INFO - Sync 1 DAGs
[2022-06-12 22:03:49,696] {logging_mixin.py:109} INFO - [2022-06-12 22:03:49,696] {dag.py:2937} INFO - Setting next_dagrun for example_dag_decorator to None
[2022-06-12 22:03:49,721] {processor.py:171} INFO - Processing /home/leizo/.local/lib/python3.8/site-packages/airflow/example_dags/example_dag_decorator.py took 0.768 seconds
[2022-06-12 22:04:37,901] {processor.py:163} INFO - Started process (PID=371) to work on /home/leizo/.local/lib/python3.8/site-packages/airflow/example_dags/example_dag_decorator.py
[2022-06-12 22:04:37,905] {processor.py:642} INFO - Processing file /home/leizo/.local/lib/python3.8/site-packages/airflow/example_dags/example_dag_decorator.py for tasks to queue
[2022-06-12 22:04:37,906] {logging_mixin.py:109} INFO - [2022-06-12 22:04:37,906] {dagbag.py:500} INFO - Filling up the DagBag from /home/leizo/.local/lib/python3.8/site-packages/airflow/example_dags/example_dag_decorator.py
[2022-06-12 22:04:38,057] {processor.py:652} INFO - DAG(s) dict_keys(['example_dag_decorator']) retrieved from /home/leizo/.local/lib/python3.8/site-packages/airflow/example_dags/example_dag_decorator.py
[2022-06-12 22:04:39,344] {logging_mixin.py:109} INFO - [2022-06-12 22:04:39,343] {dag.py:2398} INFO - Sync 1 DAGs
[2022-06-12 22:04:39,411] {logging_mixin.py:109} INFO - [2022-06-12 22:04:39,411] {dag.py:2937} INFO - Setting next_dagrun for example_dag_decorator to None
[2022-06-12 22:04:39,491] {processor.py:171} INFO - Processing /home/leizo/.local/lib/python3.8/site-packages/airflow/example_dags/example_dag_decorator.py took 1.597 seconds
[2022-06-12 22:05:20,983] {processor.py:163} INFO - Started process (PID=417) to work on /home/leizo/.local/lib/python3.8/site-packages/airflow/example_dags/example_dag_decorator.py
[2022-06-12 22:05:20,986] {processor.py:642} INFO - Processing file /home/leizo/.local/lib/python3.8/site-packages/airflow/example_dags/example_dag_decorator.py for tasks to queue
[2022-06-12 22:05:20,988] {logging_mixin.py:109} INFO - [2022-06-12 22:05:20,987] {dagbag.py:500} INFO - Filling up the DagBag from /home/leizo/.local/lib/python3.8/site-packages/airflow/example_dags/example_dag_decorator.py
[2022-06-12 22:05:21,055] {processor.py:652} INFO - DAG(s) dict_keys(['example_dag_decorator']) retrieved from /home/leizo/.local/lib/python3.8/site-packages/airflow/example_dags/example_dag_decorator.py
[2022-06-12 22:05:21,727] {logging_mixin.py:109} INFO - [2022-06-12 22:05:21,726] {dag.py:2398} INFO - Sync 1 DAGs
[2022-06-12 22:05:21,765] {logging_mixin.py:109} INFO - [2022-06-12 22:05:21,765] {dag.py:2937} INFO - Setting next_dagrun for example_dag_decorator to None
[2022-06-12 22:05:21,797] {processor.py:171} INFO - Processing /home/leizo/.local/lib/python3.8/site-packages/airflow/example_dags/example_dag_decorator.py took 0.820 seconds
[2022-06-12 22:06:11,269] {processor.py:163} INFO - Started process (PID=486) to work on /home/leizo/.local/lib/python3.8/site-packages/airflow/example_dags/example_dag_decorator.py
[2022-06-12 22:06:11,272] {processor.py:642} INFO - Processing file /home/leizo/.local/lib/python3.8/site-packages/airflow/example_dags/example_dag_decorator.py for tasks to queue
[2022-06-12 22:06:11,275] {logging_mixin.py:109} INFO - [2022-06-12 22:06:11,274] {dagbag.py:500} INFO - Filling up the DagBag from /home/leizo/.local/lib/python3.8/site-packages/airflow/example_dags/example_dag_decorator.py
[2022-06-12 22:06:11,355] {processor.py:652} INFO - DAG(s) dict_keys(['example_dag_decorator']) retrieved from /home/leizo/.local/lib/python3.8/site-packages/airflow/example_dags/example_dag_decorator.py
[2022-06-12 22:06:12,094] {logging_mixin.py:109} INFO - [2022-06-12 22:06:12,094] {dag.py:2398} INFO - Sync 1 DAGs
[2022-06-12 22:06:12,125] {logging_mixin.py:109} INFO - [2022-06-12 22:06:12,125] {dag.py:2937} INFO - Setting next_dagrun for example_dag_decorator to None
[2022-06-12 22:06:12,173] {processor.py:171} INFO - Processing /home/leizo/.local/lib/python3.8/site-packages/airflow/example_dags/example_dag_decorator.py took 0.912 seconds
[2022-06-12 22:06:45,437] {processor.py:163} INFO - Started process (PID=627) to work on /home/leizo/.local/lib/python3.8/site-packages/airflow/example_dags/example_dag_decorator.py
[2022-06-12 22:06:45,439] {processor.py:642} INFO - Processing file /home/leizo/.local/lib/python3.8/site-packages/airflow/example_dags/example_dag_decorator.py for tasks to queue
[2022-06-12 22:06:45,441] {logging_mixin.py:109} INFO - [2022-06-12 22:06:45,440] {dagbag.py:500} INFO - Filling up the DagBag from /home/leizo/.local/lib/python3.8/site-packages/airflow/example_dags/example_dag_decorator.py
[2022-06-12 22:06:45,489] {processor.py:652} INFO - DAG(s) dict_keys(['example_dag_decorator']) retrieved from /home/leizo/.local/lib/python3.8/site-packages/airflow/example_dags/example_dag_decorator.py
[2022-06-12 22:06:45,946] {logging_mixin.py:109} INFO - [2022-06-12 22:06:45,945] {dag.py:2398} INFO - Sync 1 DAGs
[2022-06-12 22:06:45,971] {logging_mixin.py:109} INFO - [2022-06-12 22:06:45,971] {dag.py:2937} INFO - Setting next_dagrun for example_dag_decorator to None
[2022-06-12 22:06:46,001] {processor.py:171} INFO - Processing /home/leizo/.local/lib/python3.8/site-packages/airflow/example_dags/example_dag_decorator.py took 0.569 seconds
[2022-06-12 22:07:22,546] {processor.py:163} INFO - Started process (PID=659) to work on /home/leizo/.local/lib/python3.8/site-packages/airflow/example_dags/example_dag_decorator.py
[2022-06-12 22:07:22,548] {processor.py:642} INFO - Processing file /home/leizo/.local/lib/python3.8/site-packages/airflow/example_dags/example_dag_decorator.py for tasks to queue
[2022-06-12 22:07:22,549] {logging_mixin.py:109} INFO - [2022-06-12 22:07:22,549] {dagbag.py:500} INFO - Filling up the DagBag from /home/leizo/.local/lib/python3.8/site-packages/airflow/example_dags/example_dag_decorator.py
[2022-06-12 22:07:22,571] {processor.py:652} INFO - DAG(s) dict_keys(['example_dag_decorator']) retrieved from /home/leizo/.local/lib/python3.8/site-packages/airflow/example_dags/example_dag_decorator.py
[2022-06-12 22:07:22,859] {logging_mixin.py:109} INFO - [2022-06-12 22:07:22,859] {dag.py:2398} INFO - Sync 1 DAGs
[2022-06-12 22:07:22,878] {logging_mixin.py:109} INFO - [2022-06-12 22:07:22,878] {dag.py:2937} INFO - Setting next_dagrun for example_dag_decorator to None
[2022-06-12 22:07:22,897] {processor.py:171} INFO - Processing /home/leizo/.local/lib/python3.8/site-packages/airflow/example_dags/example_dag_decorator.py took 0.355 seconds
[2022-06-12 22:07:59,088] {processor.py:163} INFO - Started process (PID=694) to work on /home/leizo/.local/lib/python3.8/site-packages/airflow/example_dags/example_dag_decorator.py
[2022-06-12 22:07:59,090] {processor.py:642} INFO - Processing file /home/leizo/.local/lib/python3.8/site-packages/airflow/example_dags/example_dag_decorator.py for tasks to queue
[2022-06-12 22:07:59,090] {logging_mixin.py:109} INFO - [2022-06-12 22:07:59,090] {dagbag.py:500} INFO - Filling up the DagBag from /home/leizo/.local/lib/python3.8/site-packages/airflow/example_dags/example_dag_decorator.py
[2022-06-12 22:07:59,117] {processor.py:652} INFO - DAG(s) dict_keys(['example_dag_decorator']) retrieved from /home/leizo/.local/lib/python3.8/site-packages/airflow/example_dags/example_dag_decorator.py
[2022-06-12 22:07:59,362] {logging_mixin.py:109} INFO - [2022-06-12 22:07:59,362] {dag.py:2398} INFO - Sync 1 DAGs
[2022-06-12 22:07:59,374] {logging_mixin.py:109} INFO - [2022-06-12 22:07:59,374] {dag.py:2937} INFO - Setting next_dagrun for example_dag_decorator to None
[2022-06-12 22:07:59,389] {processor.py:171} INFO - Processing /home/leizo/.local/lib/python3.8/site-packages/airflow/example_dags/example_dag_decorator.py took 0.304 seconds
[2022-06-12 22:08:31,618] {processor.py:163} INFO - Started process (PID=726) to work on /home/leizo/.local/lib/python3.8/site-packages/airflow/example_dags/example_dag_decorator.py
[2022-06-12 22:08:31,620] {processor.py:642} INFO - Processing file /home/leizo/.local/lib/python3.8/site-packages/airflow/example_dags/example_dag_decorator.py for tasks to queue
[2022-06-12 22:08:31,621] {logging_mixin.py:109} INFO - [2022-06-12 22:08:31,621] {dagbag.py:500} INFO - Filling up the DagBag from /home/leizo/.local/lib/python3.8/site-packages/airflow/example_dags/example_dag_decorator.py
[2022-06-12 22:08:31,653] {processor.py:652} INFO - DAG(s) dict_keys(['example_dag_decorator']) retrieved from /home/leizo/.local/lib/python3.8/site-packages/airflow/example_dags/example_dag_decorator.py
[2022-06-12 22:08:31,892] {logging_mixin.py:109} INFO - [2022-06-12 22:08:31,892] {dag.py:2398} INFO - Sync 1 DAGs
[2022-06-12 22:08:31,908] {logging_mixin.py:109} INFO - [2022-06-12 22:08:31,908] {dag.py:2937} INFO - Setting next_dagrun for example_dag_decorator to None
[2022-06-12 22:08:31,924] {processor.py:171} INFO - Processing /home/leizo/.local/lib/python3.8/site-packages/airflow/example_dags/example_dag_decorator.py took 0.310 seconds
[2022-06-12 22:09:09,346] {processor.py:163} INFO - Started process (PID=760) to work on /home/leizo/.local/lib/python3.8/site-packages/airflow/example_dags/example_dag_decorator.py
[2022-06-12 22:09:09,348] {processor.py:642} INFO - Processing file /home/leizo/.local/lib/python3.8/site-packages/airflow/example_dags/example_dag_decorator.py for tasks to queue
[2022-06-12 22:09:09,349] {logging_mixin.py:109} INFO - [2022-06-12 22:09:09,349] {dagbag.py:500} INFO - Filling up the DagBag from /home/leizo/.local/lib/python3.8/site-packages/airflow/example_dags/example_dag_decorator.py
[2022-06-12 22:09:09,378] {processor.py:652} INFO - DAG(s) dict_keys(['example_dag_decorator']) retrieved from /home/leizo/.local/lib/python3.8/site-packages/airflow/example_dags/example_dag_decorator.py
[2022-06-12 22:09:09,633] {logging_mixin.py:109} INFO - [2022-06-12 22:09:09,633] {dag.py:2398} INFO - Sync 1 DAGs
[2022-06-12 22:09:09,651] {logging_mixin.py:109} INFO - [2022-06-12 22:09:09,651] {dag.py:2937} INFO - Setting next_dagrun for example_dag_decorator to None
[2022-06-12 22:09:09,670] {processor.py:171} INFO - Processing /home/leizo/.local/lib/python3.8/site-packages/airflow/example_dags/example_dag_decorator.py took 0.327 seconds
[2022-06-12 22:09:43,112] {processor.py:163} INFO - Started process (PID=790) to work on /home/leizo/.local/lib/python3.8/site-packages/airflow/example_dags/example_dag_decorator.py
[2022-06-12 22:09:43,114] {processor.py:642} INFO - Processing file /home/leizo/.local/lib/python3.8/site-packages/airflow/example_dags/example_dag_decorator.py for tasks to queue
[2022-06-12 22:09:43,115] {logging_mixin.py:109} INFO - [2022-06-12 22:09:43,114] {dagbag.py:500} INFO - Filling up the DagBag from /home/leizo/.local/lib/python3.8/site-packages/airflow/example_dags/example_dag_decorator.py
[2022-06-12 22:09:43,147] {processor.py:652} INFO - DAG(s) dict_keys(['example_dag_decorator']) retrieved from /home/leizo/.local/lib/python3.8/site-packages/airflow/example_dags/example_dag_decorator.py
[2022-06-12 22:09:43,437] {logging_mixin.py:109} INFO - [2022-06-12 22:09:43,436] {dag.py:2398} INFO - Sync 1 DAGs
[2022-06-12 22:09:43,457] {logging_mixin.py:109} INFO - [2022-06-12 22:09:43,457] {dag.py:2937} INFO - Setting next_dagrun for example_dag_decorator to None
[2022-06-12 22:09:43,478] {processor.py:171} INFO - Processing /home/leizo/.local/lib/python3.8/site-packages/airflow/example_dags/example_dag_decorator.py took 0.370 seconds
[2022-06-12 22:10:21,165] {processor.py:163} INFO - Started process (PID=824) to work on /home/leizo/.local/lib/python3.8/site-packages/airflow/example_dags/example_dag_decorator.py
[2022-06-12 22:10:21,168] {processor.py:642} INFO - Processing file /home/leizo/.local/lib/python3.8/site-packages/airflow/example_dags/example_dag_decorator.py for tasks to queue
[2022-06-12 22:10:21,170] {logging_mixin.py:109} INFO - [2022-06-12 22:10:21,170] {dagbag.py:500} INFO - Filling up the DagBag from /home/leizo/.local/lib/python3.8/site-packages/airflow/example_dags/example_dag_decorator.py
[2022-06-12 22:10:21,229] {processor.py:652} INFO - DAG(s) dict_keys(['example_dag_decorator']) retrieved from /home/leizo/.local/lib/python3.8/site-packages/airflow/example_dags/example_dag_decorator.py
[2022-06-12 22:10:21,848] {logging_mixin.py:109} INFO - [2022-06-12 22:10:21,847] {dag.py:2398} INFO - Sync 1 DAGs
[2022-06-12 22:10:21,869] {logging_mixin.py:109} INFO - [2022-06-12 22:10:21,869] {dag.py:2937} INFO - Setting next_dagrun for example_dag_decorator to None
[2022-06-12 22:10:21,893] {processor.py:171} INFO - Processing /home/leizo/.local/lib/python3.8/site-packages/airflow/example_dags/example_dag_decorator.py took 0.735 seconds
[2022-06-12 22:11:07,945] {processor.py:163} INFO - Started process (PID=859) to work on /home/leizo/.local/lib/python3.8/site-packages/airflow/example_dags/example_dag_decorator.py
[2022-06-12 22:11:07,948] {processor.py:642} INFO - Processing file /home/leizo/.local/lib/python3.8/site-packages/airflow/example_dags/example_dag_decorator.py for tasks to queue
[2022-06-12 22:11:07,957] {logging_mixin.py:109} INFO - [2022-06-12 22:11:07,956] {dagbag.py:500} INFO - Filling up the DagBag from /home/leizo/.local/lib/python3.8/site-packages/airflow/example_dags/example_dag_decorator.py
[2022-06-12 22:11:08,072] {processor.py:652} INFO - DAG(s) dict_keys(['example_dag_decorator']) retrieved from /home/leizo/.local/lib/python3.8/site-packages/airflow/example_dags/example_dag_decorator.py
[2022-06-12 22:11:09,417] {logging_mixin.py:109} INFO - [2022-06-12 22:11:09,417] {dag.py:2398} INFO - Sync 1 DAGs
[2022-06-12 22:11:09,470] {logging_mixin.py:109} INFO - [2022-06-12 22:11:09,469] {dag.py:2937} INFO - Setting next_dagrun for example_dag_decorator to None
[2022-06-12 22:11:09,538] {processor.py:171} INFO - Processing /home/leizo/.local/lib/python3.8/site-packages/airflow/example_dags/example_dag_decorator.py took 1.597 seconds
[2022-06-12 22:11:43,876] {processor.py:163} INFO - Started process (PID=886) to work on /home/leizo/.local/lib/python3.8/site-packages/airflow/example_dags/example_dag_decorator.py
[2022-06-12 22:11:43,878] {processor.py:642} INFO - Processing file /home/leizo/.local/lib/python3.8/site-packages/airflow/example_dags/example_dag_decorator.py for tasks to queue
[2022-06-12 22:11:43,879] {logging_mixin.py:109} INFO - [2022-06-12 22:11:43,878] {dagbag.py:500} INFO - Filling up the DagBag from /home/leizo/.local/lib/python3.8/site-packages/airflow/example_dags/example_dag_decorator.py
[2022-06-12 22:11:43,913] {processor.py:652} INFO - DAG(s) dict_keys(['example_dag_decorator']) retrieved from /home/leizo/.local/lib/python3.8/site-packages/airflow/example_dags/example_dag_decorator.py
[2022-06-12 22:11:44,335] {logging_mixin.py:109} INFO - [2022-06-12 22:11:44,334] {dag.py:2398} INFO - Sync 1 DAGs
[2022-06-12 22:11:44,353] {logging_mixin.py:109} INFO - [2022-06-12 22:11:44,353] {dag.py:2937} INFO - Setting next_dagrun for example_dag_decorator to None
[2022-06-12 22:11:44,380] {processor.py:171} INFO - Processing /home/leizo/.local/lib/python3.8/site-packages/airflow/example_dags/example_dag_decorator.py took 0.507 seconds
[2022-06-12 22:12:24,952] {processor.py:163} INFO - Started process (PID=918) to work on /home/leizo/.local/lib/python3.8/site-packages/airflow/example_dags/example_dag_decorator.py
[2022-06-12 22:12:24,954] {processor.py:642} INFO - Processing file /home/leizo/.local/lib/python3.8/site-packages/airflow/example_dags/example_dag_decorator.py for tasks to queue
[2022-06-12 22:12:24,955] {logging_mixin.py:109} INFO - [2022-06-12 22:12:24,954] {dagbag.py:500} INFO - Filling up the DagBag from /home/leizo/.local/lib/python3.8/site-packages/airflow/example_dags/example_dag_decorator.py
[2022-06-12 22:12:24,995] {processor.py:652} INFO - DAG(s) dict_keys(['example_dag_decorator']) retrieved from /home/leizo/.local/lib/python3.8/site-packages/airflow/example_dags/example_dag_decorator.py
[2022-06-12 22:12:25,623] {logging_mixin.py:109} INFO - [2022-06-12 22:12:25,622] {dag.py:2398} INFO - Sync 1 DAGs
[2022-06-12 22:12:25,668] {logging_mixin.py:109} INFO - [2022-06-12 22:12:25,668] {dag.py:2937} INFO - Setting next_dagrun for example_dag_decorator to None
[2022-06-12 22:12:25,694] {processor.py:171} INFO - Processing /home/leizo/.local/lib/python3.8/site-packages/airflow/example_dags/example_dag_decorator.py took 0.746 seconds
[2022-06-12 22:12:58,195] {processor.py:163} INFO - Started process (PID=947) to work on /home/leizo/.local/lib/python3.8/site-packages/airflow/example_dags/example_dag_decorator.py
[2022-06-12 22:12:58,197] {processor.py:642} INFO - Processing file /home/leizo/.local/lib/python3.8/site-packages/airflow/example_dags/example_dag_decorator.py for tasks to queue
[2022-06-12 22:12:58,198] {logging_mixin.py:109} INFO - [2022-06-12 22:12:58,198] {dagbag.py:500} INFO - Filling up the DagBag from /home/leizo/.local/lib/python3.8/site-packages/airflow/example_dags/example_dag_decorator.py
[2022-06-12 22:12:58,245] {processor.py:652} INFO - DAG(s) dict_keys(['example_dag_decorator']) retrieved from /home/leizo/.local/lib/python3.8/site-packages/airflow/example_dags/example_dag_decorator.py
[2022-06-12 22:12:58,597] {logging_mixin.py:109} INFO - [2022-06-12 22:12:58,597] {dag.py:2398} INFO - Sync 1 DAGs
[2022-06-12 22:12:58,615] {logging_mixin.py:109} INFO - [2022-06-12 22:12:58,614] {dag.py:2937} INFO - Setting next_dagrun for example_dag_decorator to None
[2022-06-12 22:12:58,634] {processor.py:171} INFO - Processing /home/leizo/.local/lib/python3.8/site-packages/airflow/example_dags/example_dag_decorator.py took 0.443 seconds
[2022-06-12 22:13:31,061] {processor.py:163} INFO - Started process (PID=977) to work on /home/leizo/.local/lib/python3.8/site-packages/airflow/example_dags/example_dag_decorator.py
[2022-06-12 22:13:31,062] {processor.py:642} INFO - Processing file /home/leizo/.local/lib/python3.8/site-packages/airflow/example_dags/example_dag_decorator.py for tasks to queue
[2022-06-12 22:13:31,063] {logging_mixin.py:109} INFO - [2022-06-12 22:13:31,063] {dagbag.py:500} INFO - Filling up the DagBag from /home/leizo/.local/lib/python3.8/site-packages/airflow/example_dags/example_dag_decorator.py
[2022-06-12 22:13:31,090] {processor.py:652} INFO - DAG(s) dict_keys(['example_dag_decorator']) retrieved from /home/leizo/.local/lib/python3.8/site-packages/airflow/example_dags/example_dag_decorator.py
[2022-06-12 22:13:31,417] {logging_mixin.py:109} INFO - [2022-06-12 22:13:31,417] {dag.py:2398} INFO - Sync 1 DAGs
[2022-06-12 22:13:31,434] {logging_mixin.py:109} INFO - [2022-06-12 22:13:31,434] {dag.py:2937} INFO - Setting next_dagrun for example_dag_decorator to None
[2022-06-12 22:13:31,454] {processor.py:171} INFO - Processing /home/leizo/.local/lib/python3.8/site-packages/airflow/example_dags/example_dag_decorator.py took 0.398 seconds
[2022-06-12 22:14:08,972] {processor.py:163} INFO - Started process (PID=1011) to work on /home/leizo/.local/lib/python3.8/site-packages/airflow/example_dags/example_dag_decorator.py
[2022-06-12 22:14:08,973] {processor.py:642} INFO - Processing file /home/leizo/.local/lib/python3.8/site-packages/airflow/example_dags/example_dag_decorator.py for tasks to queue
[2022-06-12 22:14:08,974] {logging_mixin.py:109} INFO - [2022-06-12 22:14:08,974] {dagbag.py:500} INFO - Filling up the DagBag from /home/leizo/.local/lib/python3.8/site-packages/airflow/example_dags/example_dag_decorator.py
[2022-06-12 22:14:09,007] {processor.py:652} INFO - DAG(s) dict_keys(['example_dag_decorator']) retrieved from /home/leizo/.local/lib/python3.8/site-packages/airflow/example_dags/example_dag_decorator.py
[2022-06-12 22:14:09,349] {logging_mixin.py:109} INFO - [2022-06-12 22:14:09,349] {dag.py:2398} INFO - Sync 1 DAGs
[2022-06-12 22:14:09,369] {logging_mixin.py:109} INFO - [2022-06-12 22:14:09,368] {dag.py:2937} INFO - Setting next_dagrun for example_dag_decorator to None
[2022-06-12 22:14:09,393] {processor.py:171} INFO - Processing /home/leizo/.local/lib/python3.8/site-packages/airflow/example_dags/example_dag_decorator.py took 0.425 seconds
[2022-06-12 22:14:44,107] {processor.py:163} INFO - Started process (PID=1044) to work on /home/leizo/.local/lib/python3.8/site-packages/airflow/example_dags/example_dag_decorator.py
[2022-06-12 22:14:44,109] {processor.py:642} INFO - Processing file /home/leizo/.local/lib/python3.8/site-packages/airflow/example_dags/example_dag_decorator.py for tasks to queue
[2022-06-12 22:14:44,110] {logging_mixin.py:109} INFO - [2022-06-12 22:14:44,110] {dagbag.py:500} INFO - Filling up the DagBag from /home/leizo/.local/lib/python3.8/site-packages/airflow/example_dags/example_dag_decorator.py
[2022-06-12 22:14:44,131] {processor.py:652} INFO - DAG(s) dict_keys(['example_dag_decorator']) retrieved from /home/leizo/.local/lib/python3.8/site-packages/airflow/example_dags/example_dag_decorator.py
[2022-06-12 22:14:44,363] {logging_mixin.py:109} INFO - [2022-06-12 22:14:44,362] {dag.py:2398} INFO - Sync 1 DAGs
[2022-06-12 22:14:44,376] {logging_mixin.py:109} INFO - [2022-06-12 22:14:44,376] {dag.py:2937} INFO - Setting next_dagrun for example_dag_decorator to None
[2022-06-12 22:14:44,393] {processor.py:171} INFO - Processing /home/leizo/.local/lib/python3.8/site-packages/airflow/example_dags/example_dag_decorator.py took 0.288 seconds
[2022-06-12 22:15:17,425] {processor.py:163} INFO - Started process (PID=1077) to work on /home/leizo/.local/lib/python3.8/site-packages/airflow/example_dags/example_dag_decorator.py
[2022-06-12 22:15:17,426] {processor.py:642} INFO - Processing file /home/leizo/.local/lib/python3.8/site-packages/airflow/example_dags/example_dag_decorator.py for tasks to queue
[2022-06-12 22:15:17,427] {logging_mixin.py:109} INFO - [2022-06-12 22:15:17,426] {dagbag.py:500} INFO - Filling up the DagBag from /home/leizo/.local/lib/python3.8/site-packages/airflow/example_dags/example_dag_decorator.py
[2022-06-12 22:15:17,450] {processor.py:652} INFO - DAG(s) dict_keys(['example_dag_decorator']) retrieved from /home/leizo/.local/lib/python3.8/site-packages/airflow/example_dags/example_dag_decorator.py
[2022-06-12 22:15:17,673] {logging_mixin.py:109} INFO - [2022-06-12 22:15:17,673] {dag.py:2398} INFO - Sync 1 DAGs
[2022-06-12 22:15:17,684] {logging_mixin.py:109} INFO - [2022-06-12 22:15:17,684] {dag.py:2937} INFO - Setting next_dagrun for example_dag_decorator to None
[2022-06-12 22:15:17,697] {processor.py:171} INFO - Processing /home/leizo/.local/lib/python3.8/site-packages/airflow/example_dags/example_dag_decorator.py took 0.273 seconds
[2022-06-12 22:15:51,533] {processor.py:163} INFO - Started process (PID=1110) to work on /home/leizo/.local/lib/python3.8/site-packages/airflow/example_dags/example_dag_decorator.py
[2022-06-12 22:15:51,536] {processor.py:642} INFO - Processing file /home/leizo/.local/lib/python3.8/site-packages/airflow/example_dags/example_dag_decorator.py for tasks to queue
[2022-06-12 22:15:51,537] {logging_mixin.py:109} INFO - [2022-06-12 22:15:51,536] {dagbag.py:500} INFO - Filling up the DagBag from /home/leizo/.local/lib/python3.8/site-packages/airflow/example_dags/example_dag_decorator.py
[2022-06-12 22:15:51,553] {processor.py:652} INFO - DAG(s) dict_keys(['example_dag_decorator']) retrieved from /home/leizo/.local/lib/python3.8/site-packages/airflow/example_dags/example_dag_decorator.py
[2022-06-12 22:15:51,756] {logging_mixin.py:109} INFO - [2022-06-12 22:15:51,756] {dag.py:2398} INFO - Sync 1 DAGs
[2022-06-12 22:15:51,767] {logging_mixin.py:109} INFO - [2022-06-12 22:15:51,767] {dag.py:2937} INFO - Setting next_dagrun for example_dag_decorator to None
[2022-06-12 22:15:51,781] {processor.py:171} INFO - Processing /home/leizo/.local/lib/python3.8/site-packages/airflow/example_dags/example_dag_decorator.py took 0.251 seconds
[2022-06-12 22:16:25,563] {processor.py:163} INFO - Started process (PID=1143) to work on /home/leizo/.local/lib/python3.8/site-packages/airflow/example_dags/example_dag_decorator.py
[2022-06-12 22:16:25,565] {processor.py:642} INFO - Processing file /home/leizo/.local/lib/python3.8/site-packages/airflow/example_dags/example_dag_decorator.py for tasks to queue
[2022-06-12 22:16:25,565] {logging_mixin.py:109} INFO - [2022-06-12 22:16:25,565] {dagbag.py:500} INFO - Filling up the DagBag from /home/leizo/.local/lib/python3.8/site-packages/airflow/example_dags/example_dag_decorator.py
[2022-06-12 22:16:25,582] {processor.py:652} INFO - DAG(s) dict_keys(['example_dag_decorator']) retrieved from /home/leizo/.local/lib/python3.8/site-packages/airflow/example_dags/example_dag_decorator.py
[2022-06-12 22:16:25,771] {logging_mixin.py:109} INFO - [2022-06-12 22:16:25,771] {dag.py:2398} INFO - Sync 1 DAGs
[2022-06-12 22:16:25,781] {logging_mixin.py:109} INFO - [2022-06-12 22:16:25,781] {dag.py:2937} INFO - Setting next_dagrun for example_dag_decorator to None
[2022-06-12 22:16:25,794] {processor.py:171} INFO - Processing /home/leizo/.local/lib/python3.8/site-packages/airflow/example_dags/example_dag_decorator.py took 0.234 seconds
[2022-06-12 22:17:00,205] {processor.py:163} INFO - Started process (PID=1176) to work on /home/leizo/.local/lib/python3.8/site-packages/airflow/example_dags/example_dag_decorator.py
[2022-06-12 22:17:00,206] {processor.py:642} INFO - Processing file /home/leizo/.local/lib/python3.8/site-packages/airflow/example_dags/example_dag_decorator.py for tasks to queue
[2022-06-12 22:17:00,207] {logging_mixin.py:109} INFO - [2022-06-12 22:17:00,207] {dagbag.py:500} INFO - Filling up the DagBag from /home/leizo/.local/lib/python3.8/site-packages/airflow/example_dags/example_dag_decorator.py
[2022-06-12 22:17:00,227] {processor.py:652} INFO - DAG(s) dict_keys(['example_dag_decorator']) retrieved from /home/leizo/.local/lib/python3.8/site-packages/airflow/example_dags/example_dag_decorator.py
[2022-06-12 22:17:00,400] {logging_mixin.py:109} INFO - [2022-06-12 22:17:00,400] {dag.py:2398} INFO - Sync 1 DAGs
[2022-06-12 22:17:00,410] {logging_mixin.py:109} INFO - [2022-06-12 22:17:00,410] {dag.py:2937} INFO - Setting next_dagrun for example_dag_decorator to None
[2022-06-12 22:17:00,424] {processor.py:171} INFO - Processing /home/leizo/.local/lib/python3.8/site-packages/airflow/example_dags/example_dag_decorator.py took 0.221 seconds
[2022-06-12 22:17:34,084] {processor.py:163} INFO - Started process (PID=1209) to work on /home/leizo/.local/lib/python3.8/site-packages/airflow/example_dags/example_dag_decorator.py
[2022-06-12 22:17:34,085] {processor.py:642} INFO - Processing file /home/leizo/.local/lib/python3.8/site-packages/airflow/example_dags/example_dag_decorator.py for tasks to queue
[2022-06-12 22:17:34,086] {logging_mixin.py:109} INFO - [2022-06-12 22:17:34,086] {dagbag.py:500} INFO - Filling up the DagBag from /home/leizo/.local/lib/python3.8/site-packages/airflow/example_dags/example_dag_decorator.py
[2022-06-12 22:17:34,115] {processor.py:652} INFO - DAG(s) dict_keys(['example_dag_decorator']) retrieved from /home/leizo/.local/lib/python3.8/site-packages/airflow/example_dags/example_dag_decorator.py
[2022-06-12 22:17:34,340] {logging_mixin.py:109} INFO - [2022-06-12 22:17:34,340] {dag.py:2398} INFO - Sync 1 DAGs
[2022-06-12 22:17:34,350] {logging_mixin.py:109} INFO - [2022-06-12 22:17:34,350] {dag.py:2937} INFO - Setting next_dagrun for example_dag_decorator to None
[2022-06-12 22:17:34,365] {processor.py:171} INFO - Processing /home/leizo/.local/lib/python3.8/site-packages/airflow/example_dags/example_dag_decorator.py took 0.283 seconds
[2022-06-12 22:18:10,171] {processor.py:163} INFO - Started process (PID=1244) to work on /home/leizo/.local/lib/python3.8/site-packages/airflow/example_dags/example_dag_decorator.py
[2022-06-12 22:18:10,172] {processor.py:642} INFO - Processing file /home/leizo/.local/lib/python3.8/site-packages/airflow/example_dags/example_dag_decorator.py for tasks to queue
[2022-06-12 22:18:10,173] {logging_mixin.py:109} INFO - [2022-06-12 22:18:10,173] {dagbag.py:500} INFO - Filling up the DagBag from /home/leizo/.local/lib/python3.8/site-packages/airflow/example_dags/example_dag_decorator.py
[2022-06-12 22:18:10,189] {processor.py:652} INFO - DAG(s) dict_keys(['example_dag_decorator']) retrieved from /home/leizo/.local/lib/python3.8/site-packages/airflow/example_dags/example_dag_decorator.py
[2022-06-12 22:18:10,366] {logging_mixin.py:109} INFO - [2022-06-12 22:18:10,365] {dag.py:2398} INFO - Sync 1 DAGs
[2022-06-12 22:18:10,376] {logging_mixin.py:109} INFO - [2022-06-12 22:18:10,376] {dag.py:2937} INFO - Setting next_dagrun for example_dag_decorator to None
[2022-06-12 22:18:10,390] {processor.py:171} INFO - Processing /home/leizo/.local/lib/python3.8/site-packages/airflow/example_dags/example_dag_decorator.py took 0.221 seconds
[2022-06-12 22:18:45,283] {processor.py:163} INFO - Started process (PID=1279) to work on /home/leizo/.local/lib/python3.8/site-packages/airflow/example_dags/example_dag_decorator.py
[2022-06-12 22:18:45,284] {processor.py:642} INFO - Processing file /home/leizo/.local/lib/python3.8/site-packages/airflow/example_dags/example_dag_decorator.py for tasks to queue
[2022-06-12 22:18:45,285] {logging_mixin.py:109} INFO - [2022-06-12 22:18:45,285] {dagbag.py:500} INFO - Filling up the DagBag from /home/leizo/.local/lib/python3.8/site-packages/airflow/example_dags/example_dag_decorator.py
[2022-06-12 22:18:45,304] {processor.py:652} INFO - DAG(s) dict_keys(['example_dag_decorator']) retrieved from /home/leizo/.local/lib/python3.8/site-packages/airflow/example_dags/example_dag_decorator.py
[2022-06-12 22:18:45,485] {logging_mixin.py:109} INFO - [2022-06-12 22:18:45,484] {dag.py:2398} INFO - Sync 1 DAGs
[2022-06-12 22:18:45,498] {logging_mixin.py:109} INFO - [2022-06-12 22:18:45,498] {dag.py:2937} INFO - Setting next_dagrun for example_dag_decorator to None
[2022-06-12 22:18:45,510] {processor.py:171} INFO - Processing /home/leizo/.local/lib/python3.8/site-packages/airflow/example_dags/example_dag_decorator.py took 0.230 seconds
[2022-06-12 22:19:16,882] {processor.py:163} INFO - Started process (PID=1310) to work on /home/leizo/.local/lib/python3.8/site-packages/airflow/example_dags/example_dag_decorator.py
[2022-06-12 22:19:16,883] {processor.py:642} INFO - Processing file /home/leizo/.local/lib/python3.8/site-packages/airflow/example_dags/example_dag_decorator.py for tasks to queue
[2022-06-12 22:19:16,883] {logging_mixin.py:109} INFO - [2022-06-12 22:19:16,883] {dagbag.py:500} INFO - Filling up the DagBag from /home/leizo/.local/lib/python3.8/site-packages/airflow/example_dags/example_dag_decorator.py
[2022-06-12 22:19:16,901] {processor.py:652} INFO - DAG(s) dict_keys(['example_dag_decorator']) retrieved from /home/leizo/.local/lib/python3.8/site-packages/airflow/example_dags/example_dag_decorator.py
[2022-06-12 22:19:17,068] {logging_mixin.py:109} INFO - [2022-06-12 22:19:17,068] {dag.py:2398} INFO - Sync 1 DAGs
[2022-06-12 22:19:17,080] {logging_mixin.py:109} INFO - [2022-06-12 22:19:17,080] {dag.py:2937} INFO - Setting next_dagrun for example_dag_decorator to None
[2022-06-12 22:19:17,096] {processor.py:171} INFO - Processing /home/leizo/.local/lib/python3.8/site-packages/airflow/example_dags/example_dag_decorator.py took 0.217 seconds
[2022-06-12 22:19:47,996] {processor.py:163} INFO - Started process (PID=1341) to work on /home/leizo/.local/lib/python3.8/site-packages/airflow/example_dags/example_dag_decorator.py
[2022-06-12 22:19:47,996] {processor.py:642} INFO - Processing file /home/leizo/.local/lib/python3.8/site-packages/airflow/example_dags/example_dag_decorator.py for tasks to queue
[2022-06-12 22:19:47,997] {logging_mixin.py:109} INFO - [2022-06-12 22:19:47,997] {dagbag.py:500} INFO - Filling up the DagBag from /home/leizo/.local/lib/python3.8/site-packages/airflow/example_dags/example_dag_decorator.py
[2022-06-12 22:19:48,014] {processor.py:652} INFO - DAG(s) dict_keys(['example_dag_decorator']) retrieved from /home/leizo/.local/lib/python3.8/site-packages/airflow/example_dags/example_dag_decorator.py
[2022-06-12 22:19:48,187] {logging_mixin.py:109} INFO - [2022-06-12 22:19:48,187] {dag.py:2398} INFO - Sync 1 DAGs
[2022-06-12 22:19:48,196] {logging_mixin.py:109} INFO - [2022-06-12 22:19:48,196] {dag.py:2937} INFO - Setting next_dagrun for example_dag_decorator to None
[2022-06-12 22:19:48,209] {processor.py:171} INFO - Processing /home/leizo/.local/lib/python3.8/site-packages/airflow/example_dags/example_dag_decorator.py took 0.216 seconds
[2022-06-12 22:20:20,582] {processor.py:163} INFO - Started process (PID=1373) to work on /home/leizo/.local/lib/python3.8/site-packages/airflow/example_dags/example_dag_decorator.py
[2022-06-12 22:20:20,583] {processor.py:642} INFO - Processing file /home/leizo/.local/lib/python3.8/site-packages/airflow/example_dags/example_dag_decorator.py for tasks to queue
[2022-06-12 22:20:20,584] {logging_mixin.py:109} INFO - [2022-06-12 22:20:20,583] {dagbag.py:500} INFO - Filling up the DagBag from /home/leizo/.local/lib/python3.8/site-packages/airflow/example_dags/example_dag_decorator.py
[2022-06-12 22:20:20,601] {processor.py:652} INFO - DAG(s) dict_keys(['example_dag_decorator']) retrieved from /home/leizo/.local/lib/python3.8/site-packages/airflow/example_dags/example_dag_decorator.py
[2022-06-12 22:20:20,820] {logging_mixin.py:109} INFO - [2022-06-12 22:20:20,820] {dag.py:2398} INFO - Sync 1 DAGs
[2022-06-12 22:20:20,836] {logging_mixin.py:109} INFO - [2022-06-12 22:20:20,836] {dag.py:2937} INFO - Setting next_dagrun for example_dag_decorator to None
[2022-06-12 22:20:20,851] {processor.py:171} INFO - Processing /home/leizo/.local/lib/python3.8/site-packages/airflow/example_dags/example_dag_decorator.py took 0.271 seconds
[2022-06-12 22:20:55,763] {processor.py:163} INFO - Started process (PID=1407) to work on /home/leizo/.local/lib/python3.8/site-packages/airflow/example_dags/example_dag_decorator.py
[2022-06-12 22:20:55,765] {processor.py:642} INFO - Processing file /home/leizo/.local/lib/python3.8/site-packages/airflow/example_dags/example_dag_decorator.py for tasks to queue
[2022-06-12 22:20:55,765] {logging_mixin.py:109} INFO - [2022-06-12 22:20:55,765] {dagbag.py:500} INFO - Filling up the DagBag from /home/leizo/.local/lib/python3.8/site-packages/airflow/example_dags/example_dag_decorator.py
[2022-06-12 22:20:55,781] {processor.py:652} INFO - DAG(s) dict_keys(['example_dag_decorator']) retrieved from /home/leizo/.local/lib/python3.8/site-packages/airflow/example_dags/example_dag_decorator.py
[2022-06-12 22:20:55,932] {logging_mixin.py:109} INFO - [2022-06-12 22:20:55,932] {dag.py:2398} INFO - Sync 1 DAGs
[2022-06-12 22:20:55,943] {logging_mixin.py:109} INFO - [2022-06-12 22:20:55,943] {dag.py:2937} INFO - Setting next_dagrun for example_dag_decorator to None
[2022-06-12 22:20:55,958] {processor.py:171} INFO - Processing /home/leizo/.local/lib/python3.8/site-packages/airflow/example_dags/example_dag_decorator.py took 0.198 seconds
[2022-06-12 22:21:29,348] {processor.py:163} INFO - Started process (PID=1440) to work on /home/leizo/.local/lib/python3.8/site-packages/airflow/example_dags/example_dag_decorator.py
[2022-06-12 22:21:29,351] {processor.py:642} INFO - Processing file /home/leizo/.local/lib/python3.8/site-packages/airflow/example_dags/example_dag_decorator.py for tasks to queue
[2022-06-12 22:21:29,352] {logging_mixin.py:109} INFO - [2022-06-12 22:21:29,352] {dagbag.py:500} INFO - Filling up the DagBag from /home/leizo/.local/lib/python3.8/site-packages/airflow/example_dags/example_dag_decorator.py
[2022-06-12 22:21:29,372] {processor.py:652} INFO - DAG(s) dict_keys(['example_dag_decorator']) retrieved from /home/leizo/.local/lib/python3.8/site-packages/airflow/example_dags/example_dag_decorator.py
[2022-06-12 22:21:29,383] {logging_mixin.py:109} INFO - [2022-06-12 22:21:29,383] {dag.py:2398} INFO - Sync 1 DAGs
[2022-06-12 22:21:29,395] {logging_mixin.py:109} INFO - [2022-06-12 22:21:29,395] {dag.py:2937} INFO - Setting next_dagrun for example_dag_decorator to None
[2022-06-12 22:21:29,405] {processor.py:171} INFO - Processing /home/leizo/.local/lib/python3.8/site-packages/airflow/example_dags/example_dag_decorator.py took 0.060 seconds
[2022-06-12 22:22:03,512] {processor.py:163} INFO - Started process (PID=1474) to work on /home/leizo/.local/lib/python3.8/site-packages/airflow/example_dags/example_dag_decorator.py
[2022-06-12 22:22:03,513] {processor.py:642} INFO - Processing file /home/leizo/.local/lib/python3.8/site-packages/airflow/example_dags/example_dag_decorator.py for tasks to queue
[2022-06-12 22:22:03,513] {logging_mixin.py:109} INFO - [2022-06-12 22:22:03,513] {dagbag.py:500} INFO - Filling up the DagBag from /home/leizo/.local/lib/python3.8/site-packages/airflow/example_dags/example_dag_decorator.py
[2022-06-12 22:22:03,530] {processor.py:652} INFO - DAG(s) dict_keys(['example_dag_decorator']) retrieved from /home/leizo/.local/lib/python3.8/site-packages/airflow/example_dags/example_dag_decorator.py
[2022-06-12 22:22:03,714] {logging_mixin.py:109} INFO - [2022-06-12 22:22:03,714] {dag.py:2398} INFO - Sync 1 DAGs
[2022-06-12 22:22:03,725] {logging_mixin.py:109} INFO - [2022-06-12 22:22:03,725] {dag.py:2937} INFO - Setting next_dagrun for example_dag_decorator to None
[2022-06-12 22:22:03,737] {processor.py:171} INFO - Processing /home/leizo/.local/lib/python3.8/site-packages/airflow/example_dags/example_dag_decorator.py took 0.228 seconds
[2022-06-12 22:22:36,705] {processor.py:163} INFO - Started process (PID=1506) to work on /home/leizo/.local/lib/python3.8/site-packages/airflow/example_dags/example_dag_decorator.py
[2022-06-12 22:22:36,706] {processor.py:642} INFO - Processing file /home/leizo/.local/lib/python3.8/site-packages/airflow/example_dags/example_dag_decorator.py for tasks to queue
[2022-06-12 22:22:36,707] {logging_mixin.py:109} INFO - [2022-06-12 22:22:36,706] {dagbag.py:500} INFO - Filling up the DagBag from /home/leizo/.local/lib/python3.8/site-packages/airflow/example_dags/example_dag_decorator.py
[2022-06-12 22:22:36,727] {processor.py:652} INFO - DAG(s) dict_keys(['example_dag_decorator']) retrieved from /home/leizo/.local/lib/python3.8/site-packages/airflow/example_dags/example_dag_decorator.py
[2022-06-12 22:22:36,914] {logging_mixin.py:109} INFO - [2022-06-12 22:22:36,914] {dag.py:2398} INFO - Sync 1 DAGs
[2022-06-12 22:22:36,927] {logging_mixin.py:109} INFO - [2022-06-12 22:22:36,927] {dag.py:2937} INFO - Setting next_dagrun for example_dag_decorator to None
[2022-06-12 22:22:36,943] {processor.py:171} INFO - Processing /home/leizo/.local/lib/python3.8/site-packages/airflow/example_dags/example_dag_decorator.py took 0.240 seconds
[2022-06-12 22:23:10,908] {processor.py:163} INFO - Started process (PID=1540) to work on /home/leizo/.local/lib/python3.8/site-packages/airflow/example_dags/example_dag_decorator.py
[2022-06-12 22:23:10,911] {processor.py:642} INFO - Processing file /home/leizo/.local/lib/python3.8/site-packages/airflow/example_dags/example_dag_decorator.py for tasks to queue
[2022-06-12 22:23:10,911] {logging_mixin.py:109} INFO - [2022-06-12 22:23:10,911] {dagbag.py:500} INFO - Filling up the DagBag from /home/leizo/.local/lib/python3.8/site-packages/airflow/example_dags/example_dag_decorator.py
[2022-06-12 22:23:10,927] {processor.py:652} INFO - DAG(s) dict_keys(['example_dag_decorator']) retrieved from /home/leizo/.local/lib/python3.8/site-packages/airflow/example_dags/example_dag_decorator.py
[2022-06-12 22:23:11,115] {logging_mixin.py:109} INFO - [2022-06-12 22:23:11,114] {dag.py:2398} INFO - Sync 1 DAGs
[2022-06-12 22:23:11,127] {logging_mixin.py:109} INFO - [2022-06-12 22:23:11,127] {dag.py:2937} INFO - Setting next_dagrun for example_dag_decorator to None
[2022-06-12 22:23:11,139] {processor.py:171} INFO - Processing /home/leizo/.local/lib/python3.8/site-packages/airflow/example_dags/example_dag_decorator.py took 0.233 seconds
[2022-06-12 22:23:50,037] {processor.py:163} INFO - Started process (PID=1638) to work on /home/leizo/.local/lib/python3.8/site-packages/airflow/example_dags/example_dag_decorator.py
[2022-06-12 22:23:50,040] {processor.py:642} INFO - Processing file /home/leizo/.local/lib/python3.8/site-packages/airflow/example_dags/example_dag_decorator.py for tasks to queue
[2022-06-12 22:23:50,041] {logging_mixin.py:109} INFO - [2022-06-12 22:23:50,041] {dagbag.py:500} INFO - Filling up the DagBag from /home/leizo/.local/lib/python3.8/site-packages/airflow/example_dags/example_dag_decorator.py
[2022-06-12 22:23:50,069] {processor.py:652} INFO - DAG(s) dict_keys(['example_dag_decorator']) retrieved from /home/leizo/.local/lib/python3.8/site-packages/airflow/example_dags/example_dag_decorator.py
[2022-06-12 22:23:50,416] {logging_mixin.py:109} INFO - [2022-06-12 22:23:50,416] {dag.py:2398} INFO - Sync 1 DAGs
[2022-06-12 22:23:50,439] {logging_mixin.py:109} INFO - [2022-06-12 22:23:50,439] {dag.py:2937} INFO - Setting next_dagrun for example_dag_decorator to None
[2022-06-12 22:23:50,462] {processor.py:171} INFO - Processing /home/leizo/.local/lib/python3.8/site-packages/airflow/example_dags/example_dag_decorator.py took 0.429 seconds
[2022-06-12 22:24:25,669] {processor.py:163} INFO - Started process (PID=1672) to work on /home/leizo/.local/lib/python3.8/site-packages/airflow/example_dags/example_dag_decorator.py
[2022-06-12 22:24:25,671] {processor.py:642} INFO - Processing file /home/leizo/.local/lib/python3.8/site-packages/airflow/example_dags/example_dag_decorator.py for tasks to queue
[2022-06-12 22:24:25,672] {logging_mixin.py:109} INFO - [2022-06-12 22:24:25,672] {dagbag.py:500} INFO - Filling up the DagBag from /home/leizo/.local/lib/python3.8/site-packages/airflow/example_dags/example_dag_decorator.py
[2022-06-12 22:24:25,707] {processor.py:652} INFO - DAG(s) dict_keys(['example_dag_decorator']) retrieved from /home/leizo/.local/lib/python3.8/site-packages/airflow/example_dags/example_dag_decorator.py
[2022-06-12 22:24:25,932] {logging_mixin.py:109} INFO - [2022-06-12 22:24:25,932] {dag.py:2398} INFO - Sync 1 DAGs
[2022-06-12 22:24:25,945] {logging_mixin.py:109} INFO - [2022-06-12 22:24:25,945] {dag.py:2937} INFO - Setting next_dagrun for example_dag_decorator to None
[2022-06-12 22:24:25,969] {processor.py:171} INFO - Processing /home/leizo/.local/lib/python3.8/site-packages/airflow/example_dags/example_dag_decorator.py took 0.304 seconds
[2022-06-12 22:25:01,934] {processor.py:163} INFO - Started process (PID=1727) to work on /home/leizo/.local/lib/python3.8/site-packages/airflow/example_dags/example_dag_decorator.py
[2022-06-12 22:25:01,936] {processor.py:642} INFO - Processing file /home/leizo/.local/lib/python3.8/site-packages/airflow/example_dags/example_dag_decorator.py for tasks to queue
[2022-06-12 22:25:01,937] {logging_mixin.py:109} INFO - [2022-06-12 22:25:01,937] {dagbag.py:500} INFO - Filling up the DagBag from /home/leizo/.local/lib/python3.8/site-packages/airflow/example_dags/example_dag_decorator.py
[2022-06-12 22:25:01,969] {processor.py:652} INFO - DAG(s) dict_keys(['example_dag_decorator']) retrieved from /home/leizo/.local/lib/python3.8/site-packages/airflow/example_dags/example_dag_decorator.py
[2022-06-12 22:25:02,279] {logging_mixin.py:109} INFO - [2022-06-12 22:25:02,279] {dag.py:2398} INFO - Sync 1 DAGs
[2022-06-12 22:25:02,302] {logging_mixin.py:109} INFO - [2022-06-12 22:25:02,302] {dag.py:2937} INFO - Setting next_dagrun for example_dag_decorator to None
[2022-06-12 22:25:02,319] {processor.py:171} INFO - Processing /home/leizo/.local/lib/python3.8/site-packages/airflow/example_dags/example_dag_decorator.py took 0.389 seconds
[2022-06-12 22:25:42,210] {processor.py:163} INFO - Started process (PID=1783) to work on /home/leizo/.local/lib/python3.8/site-packages/airflow/example_dags/example_dag_decorator.py
[2022-06-12 22:25:42,212] {processor.py:642} INFO - Processing file /home/leizo/.local/lib/python3.8/site-packages/airflow/example_dags/example_dag_decorator.py for tasks to queue
[2022-06-12 22:25:42,213] {logging_mixin.py:109} INFO - [2022-06-12 22:25:42,213] {dagbag.py:500} INFO - Filling up the DagBag from /home/leizo/.local/lib/python3.8/site-packages/airflow/example_dags/example_dag_decorator.py
[2022-06-12 22:25:42,266] {processor.py:652} INFO - DAG(s) dict_keys(['example_dag_decorator']) retrieved from /home/leizo/.local/lib/python3.8/site-packages/airflow/example_dags/example_dag_decorator.py
[2022-06-12 22:25:42,679] {logging_mixin.py:109} INFO - [2022-06-12 22:25:42,679] {dag.py:2398} INFO - Sync 1 DAGs
[2022-06-12 22:25:42,700] {logging_mixin.py:109} INFO - [2022-06-12 22:25:42,700] {dag.py:2937} INFO - Setting next_dagrun for example_dag_decorator to None
[2022-06-12 22:25:42,730] {processor.py:171} INFO - Processing /home/leizo/.local/lib/python3.8/site-packages/airflow/example_dags/example_dag_decorator.py took 0.523 seconds
[2022-06-12 22:26:19,694] {processor.py:163} INFO - Started process (PID=1815) to work on /home/leizo/.local/lib/python3.8/site-packages/airflow/example_dags/example_dag_decorator.py
[2022-06-12 22:26:19,697] {processor.py:642} INFO - Processing file /home/leizo/.local/lib/python3.8/site-packages/airflow/example_dags/example_dag_decorator.py for tasks to queue
[2022-06-12 22:26:19,698] {logging_mixin.py:109} INFO - [2022-06-12 22:26:19,698] {dagbag.py:500} INFO - Filling up the DagBag from /home/leizo/.local/lib/python3.8/site-packages/airflow/example_dags/example_dag_decorator.py
[2022-06-12 22:26:19,734] {processor.py:652} INFO - DAG(s) dict_keys(['example_dag_decorator']) retrieved from /home/leizo/.local/lib/python3.8/site-packages/airflow/example_dags/example_dag_decorator.py
[2022-06-12 22:26:20,051] {logging_mixin.py:109} INFO - [2022-06-12 22:26:20,051] {dag.py:2398} INFO - Sync 1 DAGs
[2022-06-12 22:26:20,070] {logging_mixin.py:109} INFO - [2022-06-12 22:26:20,070] {dag.py:2937} INFO - Setting next_dagrun for example_dag_decorator to None
[2022-06-12 22:26:20,092] {processor.py:171} INFO - Processing /home/leizo/.local/lib/python3.8/site-packages/airflow/example_dags/example_dag_decorator.py took 0.404 seconds
[2022-06-12 22:27:00,899] {processor.py:163} INFO - Started process (PID=1868) to work on /home/leizo/.local/lib/python3.8/site-packages/airflow/example_dags/example_dag_decorator.py
[2022-06-12 22:27:00,902] {processor.py:642} INFO - Processing file /home/leizo/.local/lib/python3.8/site-packages/airflow/example_dags/example_dag_decorator.py for tasks to queue
[2022-06-12 22:27:00,903] {logging_mixin.py:109} INFO - [2022-06-12 22:27:00,903] {dagbag.py:500} INFO - Filling up the DagBag from /home/leizo/.local/lib/python3.8/site-packages/airflow/example_dags/example_dag_decorator.py
[2022-06-12 22:27:00,954] {processor.py:652} INFO - DAG(s) dict_keys(['example_dag_decorator']) retrieved from /home/leizo/.local/lib/python3.8/site-packages/airflow/example_dags/example_dag_decorator.py
[2022-06-12 22:27:01,194] {logging_mixin.py:109} INFO - [2022-06-12 22:27:01,193] {dag.py:2398} INFO - Sync 1 DAGs
[2022-06-12 22:27:01,207] {logging_mixin.py:109} INFO - [2022-06-12 22:27:01,207] {dag.py:2937} INFO - Setting next_dagrun for example_dag_decorator to None
[2022-06-12 22:27:01,225] {processor.py:171} INFO - Processing /home/leizo/.local/lib/python3.8/site-packages/airflow/example_dags/example_dag_decorator.py took 0.332 seconds
[2022-06-12 22:28:14,199] {processor.py:163} INFO - Started process (PID=1934) to work on /home/leizo/.local/lib/python3.8/site-packages/airflow/example_dags/example_dag_decorator.py
[2022-06-12 22:28:14,202] {processor.py:642} INFO - Processing file /home/leizo/.local/lib/python3.8/site-packages/airflow/example_dags/example_dag_decorator.py for tasks to queue
[2022-06-12 22:28:14,203] {logging_mixin.py:109} INFO - [2022-06-12 22:28:14,203] {dagbag.py:500} INFO - Filling up the DagBag from /home/leizo/.local/lib/python3.8/site-packages/airflow/example_dags/example_dag_decorator.py
[2022-06-12 22:28:14,232] {processor.py:652} INFO - DAG(s) dict_keys(['example_dag_decorator']) retrieved from /home/leizo/.local/lib/python3.8/site-packages/airflow/example_dags/example_dag_decorator.py
[2022-06-12 22:28:14,441] {logging_mixin.py:109} INFO - [2022-06-12 22:28:14,441] {dag.py:2398} INFO - Sync 1 DAGs
[2022-06-12 22:28:14,453] {logging_mixin.py:109} INFO - [2022-06-12 22:28:14,452] {dag.py:2937} INFO - Setting next_dagrun for example_dag_decorator to None
[2022-06-12 22:28:14,468] {processor.py:171} INFO - Processing /home/leizo/.local/lib/python3.8/site-packages/airflow/example_dags/example_dag_decorator.py took 0.272 seconds
[2022-06-12 22:28:54,236] {processor.py:163} INFO - Started process (PID=2054) to work on /home/leizo/.local/lib/python3.8/site-packages/airflow/example_dags/example_dag_decorator.py
[2022-06-12 22:28:54,240] {processor.py:642} INFO - Processing file /home/leizo/.local/lib/python3.8/site-packages/airflow/example_dags/example_dag_decorator.py for tasks to queue
[2022-06-12 22:28:54,241] {logging_mixin.py:109} INFO - [2022-06-12 22:28:54,241] {dagbag.py:500} INFO - Filling up the DagBag from /home/leizo/.local/lib/python3.8/site-packages/airflow/example_dags/example_dag_decorator.py
[2022-06-12 22:28:54,281] {processor.py:652} INFO - DAG(s) dict_keys(['example_dag_decorator']) retrieved from /home/leizo/.local/lib/python3.8/site-packages/airflow/example_dags/example_dag_decorator.py
[2022-06-12 22:28:54,466] {logging_mixin.py:109} INFO - [2022-06-12 22:28:54,466] {dag.py:2398} INFO - Sync 1 DAGs
[2022-06-12 22:28:54,475] {logging_mixin.py:109} INFO - [2022-06-12 22:28:54,475] {dag.py:2937} INFO - Setting next_dagrun for example_dag_decorator to None
[2022-06-12 22:28:54,493] {processor.py:171} INFO - Processing /home/leizo/.local/lib/python3.8/site-packages/airflow/example_dags/example_dag_decorator.py took 0.264 seconds
[2022-06-12 22:29:34,064] {processor.py:163} INFO - Started process (PID=2105) to work on /home/leizo/.local/lib/python3.8/site-packages/airflow/example_dags/example_dag_decorator.py
[2022-06-12 22:29:34,069] {processor.py:642} INFO - Processing file /home/leizo/.local/lib/python3.8/site-packages/airflow/example_dags/example_dag_decorator.py for tasks to queue
[2022-06-12 22:29:34,070] {logging_mixin.py:109} INFO - [2022-06-12 22:29:34,070] {dagbag.py:500} INFO - Filling up the DagBag from /home/leizo/.local/lib/python3.8/site-packages/airflow/example_dags/example_dag_decorator.py
[2022-06-12 22:29:34,098] {processor.py:652} INFO - DAG(s) dict_keys(['example_dag_decorator']) retrieved from /home/leizo/.local/lib/python3.8/site-packages/airflow/example_dags/example_dag_decorator.py
[2022-06-12 22:29:34,305] {logging_mixin.py:109} INFO - [2022-06-12 22:29:34,305] {dag.py:2398} INFO - Sync 1 DAGs
[2022-06-12 22:29:34,318] {logging_mixin.py:109} INFO - [2022-06-12 22:29:34,318] {dag.py:2937} INFO - Setting next_dagrun for example_dag_decorator to None
[2022-06-12 22:29:34,332] {processor.py:171} INFO - Processing /home/leizo/.local/lib/python3.8/site-packages/airflow/example_dags/example_dag_decorator.py took 0.275 seconds
[2022-06-12 22:30:17,071] {processor.py:163} INFO - Started process (PID=2237) to work on /home/leizo/.local/lib/python3.8/site-packages/airflow/example_dags/example_dag_decorator.py
[2022-06-12 22:30:17,073] {processor.py:642} INFO - Processing file /home/leizo/.local/lib/python3.8/site-packages/airflow/example_dags/example_dag_decorator.py for tasks to queue
[2022-06-12 22:30:17,074] {logging_mixin.py:109} INFO - [2022-06-12 22:30:17,074] {dagbag.py:500} INFO - Filling up the DagBag from /home/leizo/.local/lib/python3.8/site-packages/airflow/example_dags/example_dag_decorator.py
[2022-06-12 22:30:17,115] {processor.py:652} INFO - DAG(s) dict_keys(['example_dag_decorator']) retrieved from /home/leizo/.local/lib/python3.8/site-packages/airflow/example_dags/example_dag_decorator.py
[2022-06-12 22:30:17,461] {logging_mixin.py:109} INFO - [2022-06-12 22:30:17,461] {dag.py:2398} INFO - Sync 1 DAGs
[2022-06-12 22:30:17,473] {logging_mixin.py:109} INFO - [2022-06-12 22:30:17,473] {dag.py:2937} INFO - Setting next_dagrun for example_dag_decorator to None
[2022-06-12 22:30:17,493] {processor.py:171} INFO - Processing /home/leizo/.local/lib/python3.8/site-packages/airflow/example_dags/example_dag_decorator.py took 0.426 seconds
[2022-06-12 22:30:54,575] {processor.py:163} INFO - Started process (PID=2306) to work on /home/leizo/.local/lib/python3.8/site-packages/airflow/example_dags/example_dag_decorator.py
[2022-06-12 22:30:54,578] {processor.py:642} INFO - Processing file /home/leizo/.local/lib/python3.8/site-packages/airflow/example_dags/example_dag_decorator.py for tasks to queue
[2022-06-12 22:30:54,579] {logging_mixin.py:109} INFO - [2022-06-12 22:30:54,579] {dagbag.py:500} INFO - Filling up the DagBag from /home/leizo/.local/lib/python3.8/site-packages/airflow/example_dags/example_dag_decorator.py
[2022-06-12 22:30:54,617] {processor.py:652} INFO - DAG(s) dict_keys(['example_dag_decorator']) retrieved from /home/leizo/.local/lib/python3.8/site-packages/airflow/example_dags/example_dag_decorator.py
[2022-06-12 22:30:54,916] {logging_mixin.py:109} INFO - [2022-06-12 22:30:54,916] {dag.py:2398} INFO - Sync 1 DAGs
[2022-06-12 22:30:54,928] {logging_mixin.py:109} INFO - [2022-06-12 22:30:54,928] {dag.py:2937} INFO - Setting next_dagrun for example_dag_decorator to None
[2022-06-12 22:30:54,945] {processor.py:171} INFO - Processing /home/leizo/.local/lib/python3.8/site-packages/airflow/example_dags/example_dag_decorator.py took 0.374 seconds
[2022-06-12 22:31:36,996] {processor.py:163} INFO - Started process (PID=2433) to work on /home/leizo/.local/lib/python3.8/site-packages/airflow/example_dags/example_dag_decorator.py
[2022-06-12 22:31:36,998] {processor.py:642} INFO - Processing file /home/leizo/.local/lib/python3.8/site-packages/airflow/example_dags/example_dag_decorator.py for tasks to queue
[2022-06-12 22:31:36,998] {logging_mixin.py:109} INFO - [2022-06-12 22:31:36,998] {dagbag.py:500} INFO - Filling up the DagBag from /home/leizo/.local/lib/python3.8/site-packages/airflow/example_dags/example_dag_decorator.py
[2022-06-12 22:31:37,022] {processor.py:652} INFO - DAG(s) dict_keys(['example_dag_decorator']) retrieved from /home/leizo/.local/lib/python3.8/site-packages/airflow/example_dags/example_dag_decorator.py
[2022-06-12 22:31:37,324] {logging_mixin.py:109} INFO - [2022-06-12 22:31:37,323] {dag.py:2398} INFO - Sync 1 DAGs
[2022-06-12 22:31:37,363] {logging_mixin.py:109} INFO - [2022-06-12 22:31:37,363] {dag.py:2937} INFO - Setting next_dagrun for example_dag_decorator to None
[2022-06-12 22:31:37,384] {processor.py:171} INFO - Processing /home/leizo/.local/lib/python3.8/site-packages/airflow/example_dags/example_dag_decorator.py took 0.392 seconds
[2022-06-12 22:32:18,195] {processor.py:163} INFO - Started process (PID=2490) to work on /home/leizo/.local/lib/python3.8/site-packages/airflow/example_dags/example_dag_decorator.py
[2022-06-12 22:32:18,197] {processor.py:642} INFO - Processing file /home/leizo/.local/lib/python3.8/site-packages/airflow/example_dags/example_dag_decorator.py for tasks to queue
[2022-06-12 22:32:18,197] {logging_mixin.py:109} INFO - [2022-06-12 22:32:18,197] {dagbag.py:500} INFO - Filling up the DagBag from /home/leizo/.local/lib/python3.8/site-packages/airflow/example_dags/example_dag_decorator.py
[2022-06-12 22:32:18,215] {processor.py:652} INFO - DAG(s) dict_keys(['example_dag_decorator']) retrieved from /home/leizo/.local/lib/python3.8/site-packages/airflow/example_dags/example_dag_decorator.py
[2022-06-12 22:32:18,394] {logging_mixin.py:109} INFO - [2022-06-12 22:32:18,393] {dag.py:2398} INFO - Sync 1 DAGs
[2022-06-12 22:32:18,403] {logging_mixin.py:109} INFO - [2022-06-12 22:32:18,403] {dag.py:2937} INFO - Setting next_dagrun for example_dag_decorator to None
[2022-06-12 22:32:18,416] {processor.py:171} INFO - Processing /home/leizo/.local/lib/python3.8/site-packages/airflow/example_dags/example_dag_decorator.py took 0.224 seconds
[2022-06-12 22:32:58,287] {processor.py:163} INFO - Started process (PID=2562) to work on /home/leizo/.local/lib/python3.8/site-packages/airflow/example_dags/example_dag_decorator.py
[2022-06-12 22:32:58,289] {processor.py:642} INFO - Processing file /home/leizo/.local/lib/python3.8/site-packages/airflow/example_dags/example_dag_decorator.py for tasks to queue
[2022-06-12 22:32:58,289] {logging_mixin.py:109} INFO - [2022-06-12 22:32:58,289] {dagbag.py:500} INFO - Filling up the DagBag from /home/leizo/.local/lib/python3.8/site-packages/airflow/example_dags/example_dag_decorator.py
[2022-06-12 22:32:58,309] {processor.py:652} INFO - DAG(s) dict_keys(['example_dag_decorator']) retrieved from /home/leizo/.local/lib/python3.8/site-packages/airflow/example_dags/example_dag_decorator.py
[2022-06-12 22:32:58,469] {logging_mixin.py:109} INFO - [2022-06-12 22:32:58,468] {dag.py:2398} INFO - Sync 1 DAGs
[2022-06-12 22:32:58,477] {logging_mixin.py:109} INFO - [2022-06-12 22:32:58,477] {dag.py:2937} INFO - Setting next_dagrun for example_dag_decorator to None
[2022-06-12 22:32:58,489] {processor.py:171} INFO - Processing /home/leizo/.local/lib/python3.8/site-packages/airflow/example_dags/example_dag_decorator.py took 0.206 seconds
[2022-06-12 22:33:39,534] {processor.py:163} INFO - Started process (PID=2653) to work on /home/leizo/.local/lib/python3.8/site-packages/airflow/example_dags/example_dag_decorator.py
[2022-06-12 22:33:39,537] {processor.py:642} INFO - Processing file /home/leizo/.local/lib/python3.8/site-packages/airflow/example_dags/example_dag_decorator.py for tasks to queue
[2022-06-12 22:33:39,538] {logging_mixin.py:109} INFO - [2022-06-12 22:33:39,538] {dagbag.py:500} INFO - Filling up the DagBag from /home/leizo/.local/lib/python3.8/site-packages/airflow/example_dags/example_dag_decorator.py
[2022-06-12 22:33:39,556] {processor.py:652} INFO - DAG(s) dict_keys(['example_dag_decorator']) retrieved from /home/leizo/.local/lib/python3.8/site-packages/airflow/example_dags/example_dag_decorator.py
[2022-06-12 22:33:39,743] {logging_mixin.py:109} INFO - [2022-06-12 22:33:39,743] {dag.py:2398} INFO - Sync 1 DAGs
[2022-06-12 22:33:39,754] {logging_mixin.py:109} INFO - [2022-06-12 22:33:39,754] {dag.py:2937} INFO - Setting next_dagrun for example_dag_decorator to None
[2022-06-12 22:33:39,769] {processor.py:171} INFO - Processing /home/leizo/.local/lib/python3.8/site-packages/airflow/example_dags/example_dag_decorator.py took 0.237 seconds
[2022-06-12 22:34:19,865] {processor.py:163} INFO - Started process (PID=2727) to work on /home/leizo/.local/lib/python3.8/site-packages/airflow/example_dags/example_dag_decorator.py
[2022-06-12 22:34:19,866] {processor.py:642} INFO - Processing file /home/leizo/.local/lib/python3.8/site-packages/airflow/example_dags/example_dag_decorator.py for tasks to queue
[2022-06-12 22:34:19,867] {logging_mixin.py:109} INFO - [2022-06-12 22:34:19,867] {dagbag.py:500} INFO - Filling up the DagBag from /home/leizo/.local/lib/python3.8/site-packages/airflow/example_dags/example_dag_decorator.py
[2022-06-12 22:34:19,883] {processor.py:652} INFO - DAG(s) dict_keys(['example_dag_decorator']) retrieved from /home/leizo/.local/lib/python3.8/site-packages/airflow/example_dags/example_dag_decorator.py
[2022-06-12 22:34:20,055] {logging_mixin.py:109} INFO - [2022-06-12 22:34:20,055] {dag.py:2398} INFO - Sync 1 DAGs
[2022-06-12 22:34:20,067] {logging_mixin.py:109} INFO - [2022-06-12 22:34:20,067] {dag.py:2937} INFO - Setting next_dagrun for example_dag_decorator to None
[2022-06-12 22:34:20,080] {processor.py:171} INFO - Processing /home/leizo/.local/lib/python3.8/site-packages/airflow/example_dags/example_dag_decorator.py took 0.219 seconds
[2022-06-12 22:35:00,304] {processor.py:163} INFO - Started process (PID=2791) to work on /home/leizo/.local/lib/python3.8/site-packages/airflow/example_dags/example_dag_decorator.py
[2022-06-12 22:35:00,306] {processor.py:642} INFO - Processing file /home/leizo/.local/lib/python3.8/site-packages/airflow/example_dags/example_dag_decorator.py for tasks to queue
[2022-06-12 22:35:00,306] {logging_mixin.py:109} INFO - [2022-06-12 22:35:00,306] {dagbag.py:500} INFO - Filling up the DagBag from /home/leizo/.local/lib/python3.8/site-packages/airflow/example_dags/example_dag_decorator.py
[2022-06-12 22:35:00,328] {processor.py:652} INFO - DAG(s) dict_keys(['example_dag_decorator']) retrieved from /home/leizo/.local/lib/python3.8/site-packages/airflow/example_dags/example_dag_decorator.py
[2022-06-12 22:35:00,518] {logging_mixin.py:109} INFO - [2022-06-12 22:35:00,517] {dag.py:2398} INFO - Sync 1 DAGs
[2022-06-12 22:35:00,526] {logging_mixin.py:109} INFO - [2022-06-12 22:35:00,526] {dag.py:2937} INFO - Setting next_dagrun for example_dag_decorator to None
[2022-06-12 22:35:00,539] {processor.py:171} INFO - Processing /home/leizo/.local/lib/python3.8/site-packages/airflow/example_dags/example_dag_decorator.py took 0.238 seconds
[2022-06-12 22:35:42,289] {processor.py:163} INFO - Started process (PID=2900) to work on /home/leizo/.local/lib/python3.8/site-packages/airflow/example_dags/example_dag_decorator.py
[2022-06-12 22:35:42,291] {processor.py:642} INFO - Processing file /home/leizo/.local/lib/python3.8/site-packages/airflow/example_dags/example_dag_decorator.py for tasks to queue
[2022-06-12 22:35:42,292] {logging_mixin.py:109} INFO - [2022-06-12 22:35:42,292] {dagbag.py:500} INFO - Filling up the DagBag from /home/leizo/.local/lib/python3.8/site-packages/airflow/example_dags/example_dag_decorator.py
[2022-06-12 22:35:42,319] {processor.py:652} INFO - DAG(s) dict_keys(['example_dag_decorator']) retrieved from /home/leizo/.local/lib/python3.8/site-packages/airflow/example_dags/example_dag_decorator.py
[2022-06-12 22:35:42,577] {logging_mixin.py:109} INFO - [2022-06-12 22:35:42,577] {dag.py:2398} INFO - Sync 1 DAGs
[2022-06-12 22:35:42,608] {logging_mixin.py:109} INFO - [2022-06-12 22:35:42,608] {dag.py:2937} INFO - Setting next_dagrun for example_dag_decorator to None
[2022-06-12 22:35:42,634] {processor.py:171} INFO - Processing /home/leizo/.local/lib/python3.8/site-packages/airflow/example_dags/example_dag_decorator.py took 0.348 seconds
[2022-06-12 22:36:24,770] {processor.py:163} INFO - Started process (PID=2968) to work on /home/leizo/.local/lib/python3.8/site-packages/airflow/example_dags/example_dag_decorator.py
[2022-06-12 22:36:24,773] {processor.py:642} INFO - Processing file /home/leizo/.local/lib/python3.8/site-packages/airflow/example_dags/example_dag_decorator.py for tasks to queue
[2022-06-12 22:36:24,774] {logging_mixin.py:109} INFO - [2022-06-12 22:36:24,774] {dagbag.py:500} INFO - Filling up the DagBag from /home/leizo/.local/lib/python3.8/site-packages/airflow/example_dags/example_dag_decorator.py
[2022-06-12 22:36:24,800] {processor.py:652} INFO - DAG(s) dict_keys(['example_dag_decorator']) retrieved from /home/leizo/.local/lib/python3.8/site-packages/airflow/example_dags/example_dag_decorator.py
[2022-06-12 22:36:24,970] {logging_mixin.py:109} INFO - [2022-06-12 22:36:24,969] {dag.py:2398} INFO - Sync 1 DAGs
[2022-06-12 22:36:24,978] {logging_mixin.py:109} INFO - [2022-06-12 22:36:24,978] {dag.py:2937} INFO - Setting next_dagrun for example_dag_decorator to None
[2022-06-12 22:36:24,995] {processor.py:171} INFO - Processing /home/leizo/.local/lib/python3.8/site-packages/airflow/example_dags/example_dag_decorator.py took 0.229 seconds
[2022-06-12 22:37:06,544] {processor.py:163} INFO - Started process (PID=3044) to work on /home/leizo/.local/lib/python3.8/site-packages/airflow/example_dags/example_dag_decorator.py
[2022-06-12 22:37:06,546] {processor.py:642} INFO - Processing file /home/leizo/.local/lib/python3.8/site-packages/airflow/example_dags/example_dag_decorator.py for tasks to queue
[2022-06-12 22:37:06,546] {logging_mixin.py:109} INFO - [2022-06-12 22:37:06,546] {dagbag.py:500} INFO - Filling up the DagBag from /home/leizo/.local/lib/python3.8/site-packages/airflow/example_dags/example_dag_decorator.py
[2022-06-12 22:37:06,561] {processor.py:652} INFO - DAG(s) dict_keys(['example_dag_decorator']) retrieved from /home/leizo/.local/lib/python3.8/site-packages/airflow/example_dags/example_dag_decorator.py
[2022-06-12 22:37:06,732] {logging_mixin.py:109} INFO - [2022-06-12 22:37:06,731] {dag.py:2398} INFO - Sync 1 DAGs
[2022-06-12 22:37:06,745] {logging_mixin.py:109} INFO - [2022-06-12 22:37:06,745] {dag.py:2937} INFO - Setting next_dagrun for example_dag_decorator to None
[2022-06-12 22:37:06,757] {processor.py:171} INFO - Processing /home/leizo/.local/lib/python3.8/site-packages/airflow/example_dags/example_dag_decorator.py took 0.216 seconds
[2022-06-12 22:37:49,627] {processor.py:163} INFO - Started process (PID=3085) to work on /home/leizo/.local/lib/python3.8/site-packages/airflow/example_dags/example_dag_decorator.py
[2022-06-12 22:37:49,629] {processor.py:642} INFO - Processing file /home/leizo/.local/lib/python3.8/site-packages/airflow/example_dags/example_dag_decorator.py for tasks to queue
[2022-06-12 22:37:49,631] {logging_mixin.py:109} INFO - [2022-06-12 22:37:49,630] {dagbag.py:500} INFO - Filling up the DagBag from /home/leizo/.local/lib/python3.8/site-packages/airflow/example_dags/example_dag_decorator.py
[2022-06-12 22:37:49,652] {processor.py:652} INFO - DAG(s) dict_keys(['example_dag_decorator']) retrieved from /home/leizo/.local/lib/python3.8/site-packages/airflow/example_dags/example_dag_decorator.py
[2022-06-12 22:37:49,837] {logging_mixin.py:109} INFO - [2022-06-12 22:37:49,837] {dag.py:2398} INFO - Sync 1 DAGs
[2022-06-12 22:37:49,846] {logging_mixin.py:109} INFO - [2022-06-12 22:37:49,846] {dag.py:2937} INFO - Setting next_dagrun for example_dag_decorator to None
[2022-06-12 22:37:49,860] {processor.py:171} INFO - Processing /home/leizo/.local/lib/python3.8/site-packages/airflow/example_dags/example_dag_decorator.py took 0.236 seconds
[2022-06-12 22:38:33,779] {processor.py:163} INFO - Started process (PID=3126) to work on /home/leizo/.local/lib/python3.8/site-packages/airflow/example_dags/example_dag_decorator.py
[2022-06-12 22:38:33,782] {processor.py:642} INFO - Processing file /home/leizo/.local/lib/python3.8/site-packages/airflow/example_dags/example_dag_decorator.py for tasks to queue
[2022-06-12 22:38:33,783] {logging_mixin.py:109} INFO - [2022-06-12 22:38:33,783] {dagbag.py:500} INFO - Filling up the DagBag from /home/leizo/.local/lib/python3.8/site-packages/airflow/example_dags/example_dag_decorator.py
[2022-06-12 22:38:33,821] {processor.py:652} INFO - DAG(s) dict_keys(['example_dag_decorator']) retrieved from /home/leizo/.local/lib/python3.8/site-packages/airflow/example_dags/example_dag_decorator.py
[2022-06-12 22:38:34,007] {logging_mixin.py:109} INFO - [2022-06-12 22:38:34,007] {dag.py:2398} INFO - Sync 1 DAGs
[2022-06-12 22:38:34,025] {logging_mixin.py:109} INFO - [2022-06-12 22:38:34,025] {dag.py:2937} INFO - Setting next_dagrun for example_dag_decorator to None
[2022-06-12 22:38:34,040] {processor.py:171} INFO - Processing /home/leizo/.local/lib/python3.8/site-packages/airflow/example_dags/example_dag_decorator.py took 0.266 seconds
[2022-06-12 22:39:15,439] {processor.py:163} INFO - Started process (PID=3229) to work on /home/leizo/.local/lib/python3.8/site-packages/airflow/example_dags/example_dag_decorator.py
[2022-06-12 22:39:15,441] {processor.py:642} INFO - Processing file /home/leizo/.local/lib/python3.8/site-packages/airflow/example_dags/example_dag_decorator.py for tasks to queue
[2022-06-12 22:39:15,442] {logging_mixin.py:109} INFO - [2022-06-12 22:39:15,442] {dagbag.py:500} INFO - Filling up the DagBag from /home/leizo/.local/lib/python3.8/site-packages/airflow/example_dags/example_dag_decorator.py
[2022-06-12 22:39:15,462] {processor.py:652} INFO - DAG(s) dict_keys(['example_dag_decorator']) retrieved from /home/leizo/.local/lib/python3.8/site-packages/airflow/example_dags/example_dag_decorator.py
[2022-06-12 22:39:15,630] {logging_mixin.py:109} INFO - [2022-06-12 22:39:15,630] {dag.py:2398} INFO - Sync 1 DAGs
[2022-06-12 22:39:15,644] {logging_mixin.py:109} INFO - [2022-06-12 22:39:15,644] {dag.py:2937} INFO - Setting next_dagrun for example_dag_decorator to None
[2022-06-12 22:39:15,656] {processor.py:171} INFO - Processing /home/leizo/.local/lib/python3.8/site-packages/airflow/example_dags/example_dag_decorator.py took 0.224 seconds
[2022-06-12 22:39:56,981] {processor.py:163} INFO - Started process (PID=3271) to work on /home/leizo/.local/lib/python3.8/site-packages/airflow/example_dags/example_dag_decorator.py
[2022-06-12 22:39:56,985] {processor.py:642} INFO - Processing file /home/leizo/.local/lib/python3.8/site-packages/airflow/example_dags/example_dag_decorator.py for tasks to queue
[2022-06-12 22:39:56,986] {logging_mixin.py:109} INFO - [2022-06-12 22:39:56,986] {dagbag.py:500} INFO - Filling up the DagBag from /home/leizo/.local/lib/python3.8/site-packages/airflow/example_dags/example_dag_decorator.py
[2022-06-12 22:39:57,017] {processor.py:652} INFO - DAG(s) dict_keys(['example_dag_decorator']) retrieved from /home/leizo/.local/lib/python3.8/site-packages/airflow/example_dags/example_dag_decorator.py
[2022-06-12 22:39:57,191] {logging_mixin.py:109} INFO - [2022-06-12 22:39:57,191] {dag.py:2398} INFO - Sync 1 DAGs
[2022-06-12 22:39:57,201] {logging_mixin.py:109} INFO - [2022-06-12 22:39:57,201] {dag.py:2937} INFO - Setting next_dagrun for example_dag_decorator to None
[2022-06-12 22:39:57,213] {processor.py:171} INFO - Processing /home/leizo/.local/lib/python3.8/site-packages/airflow/example_dags/example_dag_decorator.py took 0.235 seconds
