[2022-06-12 21:59:57,746] {processor.py:163} INFO - Started process (PID=159) to work on /home/leizo/.local/lib/python3.8/site-packages/airflow/example_dags/example_branch_datetime_operator.py
[2022-06-12 21:59:57,750] {processor.py:642} INFO - Processing file /home/leizo/.local/lib/python3.8/site-packages/airflow/example_dags/example_branch_datetime_operator.py for tasks to queue
[2022-06-12 21:59:57,752] {logging_mixin.py:109} INFO - [2022-06-12 21:59:57,751] {dagbag.py:500} INFO - Filling up the DagBag from /home/leizo/.local/lib/python3.8/site-packages/airflow/example_dags/example_branch_datetime_operator.py
[2022-06-12 21:59:57,793] {processor.py:652} INFO - DAG(s) dict_keys(['example_branch_datetime_operator_2']) retrieved from /home/leizo/.local/lib/python3.8/site-packages/airflow/example_dags/example_branch_datetime_operator.py
[2022-06-12 21:59:57,826] {logging_mixin.py:109} INFO - [2022-06-12 21:59:57,826] {dag.py:2398} INFO - Sync 1 DAGs
[2022-06-12 21:59:57,868] {logging_mixin.py:109} INFO - [2022-06-12 21:59:57,868] {dag.py:2937} INFO - Setting next_dagrun for example_branch_datetime_operator_2 to 2022-06-11 00:00:00+00:00
[2022-06-12 21:59:57,898] {processor.py:171} INFO - Processing /home/leizo/.local/lib/python3.8/site-packages/airflow/example_dags/example_branch_datetime_operator.py took 0.156 seconds
[2022-06-12 22:00:42,595] {processor.py:163} INFO - Started process (PID=193) to work on /home/leizo/.local/lib/python3.8/site-packages/airflow/example_dags/example_branch_datetime_operator.py
[2022-06-12 22:00:42,597] {processor.py:642} INFO - Processing file /home/leizo/.local/lib/python3.8/site-packages/airflow/example_dags/example_branch_datetime_operator.py for tasks to queue
[2022-06-12 22:00:42,599] {logging_mixin.py:109} INFO - [2022-06-12 22:00:42,599] {dagbag.py:500} INFO - Filling up the DagBag from /home/leizo/.local/lib/python3.8/site-packages/airflow/example_dags/example_branch_datetime_operator.py
[2022-06-12 22:00:42,639] {processor.py:652} INFO - DAG(s) dict_keys(['example_branch_datetime_operator_2']) retrieved from /home/leizo/.local/lib/python3.8/site-packages/airflow/example_dags/example_branch_datetime_operator.py
[2022-06-12 22:00:42,672] {logging_mixin.py:109} INFO - [2022-06-12 22:00:42,672] {dag.py:2398} INFO - Sync 1 DAGs
[2022-06-12 22:00:42,698] {logging_mixin.py:109} INFO - [2022-06-12 22:00:42,698] {dag.py:2937} INFO - Setting next_dagrun for example_branch_datetime_operator_2 to 2022-06-11 00:00:00+00:00
[2022-06-12 22:00:42,723] {processor.py:171} INFO - Processing /home/leizo/.local/lib/python3.8/site-packages/airflow/example_dags/example_branch_datetime_operator.py took 0.136 seconds
[2022-06-12 22:01:36,542] {processor.py:163} INFO - Started process (PID=230) to work on /home/leizo/.local/lib/python3.8/site-packages/airflow/example_dags/example_branch_datetime_operator.py
[2022-06-12 22:01:36,544] {processor.py:642} INFO - Processing file /home/leizo/.local/lib/python3.8/site-packages/airflow/example_dags/example_branch_datetime_operator.py for tasks to queue
[2022-06-12 22:01:36,545] {logging_mixin.py:109} INFO - [2022-06-12 22:01:36,545] {dagbag.py:500} INFO - Filling up the DagBag from /home/leizo/.local/lib/python3.8/site-packages/airflow/example_dags/example_branch_datetime_operator.py
[2022-06-12 22:01:36,578] {processor.py:652} INFO - DAG(s) dict_keys(['example_branch_datetime_operator_2']) retrieved from /home/leizo/.local/lib/python3.8/site-packages/airflow/example_dags/example_branch_datetime_operator.py
[2022-06-12 22:01:36,596] {logging_mixin.py:109} INFO - [2022-06-12 22:01:36,596] {dag.py:2398} INFO - Sync 1 DAGs
[2022-06-12 22:01:36,628] {logging_mixin.py:109} INFO - [2022-06-12 22:01:36,628] {dag.py:2937} INFO - Setting next_dagrun for example_branch_datetime_operator_2 to 2022-06-11 00:00:00+00:00
[2022-06-12 22:01:36,647] {processor.py:171} INFO - Processing /home/leizo/.local/lib/python3.8/site-packages/airflow/example_dags/example_branch_datetime_operator.py took 0.109 seconds
[2022-06-12 22:02:18,772] {processor.py:163} INFO - Started process (PID=264) to work on /home/leizo/.local/lib/python3.8/site-packages/airflow/example_dags/example_branch_datetime_operator.py
[2022-06-12 22:02:18,774] {processor.py:642} INFO - Processing file /home/leizo/.local/lib/python3.8/site-packages/airflow/example_dags/example_branch_datetime_operator.py for tasks to queue
[2022-06-12 22:02:18,775] {logging_mixin.py:109} INFO - [2022-06-12 22:02:18,775] {dagbag.py:500} INFO - Filling up the DagBag from /home/leizo/.local/lib/python3.8/site-packages/airflow/example_dags/example_branch_datetime_operator.py
[2022-06-12 22:02:18,812] {processor.py:652} INFO - DAG(s) dict_keys(['example_branch_datetime_operator_2']) retrieved from /home/leizo/.local/lib/python3.8/site-packages/airflow/example_dags/example_branch_datetime_operator.py
[2022-06-12 22:02:18,838] {logging_mixin.py:109} INFO - [2022-06-12 22:02:18,838] {dag.py:2398} INFO - Sync 1 DAGs
[2022-06-12 22:02:18,865] {logging_mixin.py:109} INFO - [2022-06-12 22:02:18,865] {dag.py:2937} INFO - Setting next_dagrun for example_branch_datetime_operator_2 to 2022-06-11 00:00:00+00:00
[2022-06-12 22:02:18,885] {processor.py:171} INFO - Processing /home/leizo/.local/lib/python3.8/site-packages/airflow/example_dags/example_branch_datetime_operator.py took 0.119 seconds
[2022-06-12 22:03:04,675] {processor.py:163} INFO - Started process (PID=301) to work on /home/leizo/.local/lib/python3.8/site-packages/airflow/example_dags/example_branch_datetime_operator.py
[2022-06-12 22:03:04,678] {processor.py:642} INFO - Processing file /home/leizo/.local/lib/python3.8/site-packages/airflow/example_dags/example_branch_datetime_operator.py for tasks to queue
[2022-06-12 22:03:04,679] {logging_mixin.py:109} INFO - [2022-06-12 22:03:04,679] {dagbag.py:500} INFO - Filling up the DagBag from /home/leizo/.local/lib/python3.8/site-packages/airflow/example_dags/example_branch_datetime_operator.py
[2022-06-12 22:03:04,716] {processor.py:652} INFO - DAG(s) dict_keys(['example_branch_datetime_operator_2']) retrieved from /home/leizo/.local/lib/python3.8/site-packages/airflow/example_dags/example_branch_datetime_operator.py
[2022-06-12 22:03:04,739] {logging_mixin.py:109} INFO - [2022-06-12 22:03:04,739] {dag.py:2398} INFO - Sync 1 DAGs
[2022-06-12 22:03:04,775] {logging_mixin.py:109} INFO - [2022-06-12 22:03:04,775] {dag.py:2937} INFO - Setting next_dagrun for example_branch_datetime_operator_2 to 2022-06-11 00:00:00+00:00
[2022-06-12 22:03:04,802] {processor.py:171} INFO - Processing /home/leizo/.local/lib/python3.8/site-packages/airflow/example_dags/example_branch_datetime_operator.py took 0.133 seconds
[2022-06-12 22:03:49,899] {processor.py:163} INFO - Started process (PID=339) to work on /home/leizo/.local/lib/python3.8/site-packages/airflow/example_dags/example_branch_datetime_operator.py
[2022-06-12 22:03:49,902] {processor.py:642} INFO - Processing file /home/leizo/.local/lib/python3.8/site-packages/airflow/example_dags/example_branch_datetime_operator.py for tasks to queue
[2022-06-12 22:03:49,906] {logging_mixin.py:109} INFO - [2022-06-12 22:03:49,906] {dagbag.py:500} INFO - Filling up the DagBag from /home/leizo/.local/lib/python3.8/site-packages/airflow/example_dags/example_branch_datetime_operator.py
[2022-06-12 22:03:49,961] {processor.py:652} INFO - DAG(s) dict_keys(['example_branch_datetime_operator_2']) retrieved from /home/leizo/.local/lib/python3.8/site-packages/airflow/example_dags/example_branch_datetime_operator.py
[2022-06-12 22:03:50,003] {logging_mixin.py:109} INFO - [2022-06-12 22:03:50,003] {dag.py:2398} INFO - Sync 1 DAGs
[2022-06-12 22:03:50,053] {logging_mixin.py:109} INFO - [2022-06-12 22:03:50,052] {dag.py:2937} INFO - Setting next_dagrun for example_branch_datetime_operator_2 to 2022-06-11 00:00:00+00:00
[2022-06-12 22:03:50,092] {processor.py:171} INFO - Processing /home/leizo/.local/lib/python3.8/site-packages/airflow/example_dags/example_branch_datetime_operator.py took 0.198 seconds
[2022-06-12 22:04:46,430] {processor.py:163} INFO - Started process (PID=376) to work on /home/leizo/.local/lib/python3.8/site-packages/airflow/example_dags/example_branch_datetime_operator.py
[2022-06-12 22:04:46,433] {processor.py:642} INFO - Processing file /home/leizo/.local/lib/python3.8/site-packages/airflow/example_dags/example_branch_datetime_operator.py for tasks to queue
[2022-06-12 22:04:46,434] {logging_mixin.py:109} INFO - [2022-06-12 22:04:46,434] {dagbag.py:500} INFO - Filling up the DagBag from /home/leizo/.local/lib/python3.8/site-packages/airflow/example_dags/example_branch_datetime_operator.py
[2022-06-12 22:04:46,529] {processor.py:652} INFO - DAG(s) dict_keys(['example_branch_datetime_operator_2']) retrieved from /home/leizo/.local/lib/python3.8/site-packages/airflow/example_dags/example_branch_datetime_operator.py
[2022-06-12 22:04:46,600] {logging_mixin.py:109} INFO - [2022-06-12 22:04:46,600] {dag.py:2398} INFO - Sync 1 DAGs
[2022-06-12 22:04:46,679] {logging_mixin.py:109} INFO - [2022-06-12 22:04:46,678] {dag.py:2937} INFO - Setting next_dagrun for example_branch_datetime_operator_2 to 2022-06-11 00:00:00+00:00
[2022-06-12 22:04:46,710] {processor.py:171} INFO - Processing /home/leizo/.local/lib/python3.8/site-packages/airflow/example_dags/example_branch_datetime_operator.py took 0.297 seconds
[2022-06-12 22:05:44,394] {processor.py:163} INFO - Started process (PID=454) to work on /home/leizo/.local/lib/python3.8/site-packages/airflow/example_dags/example_branch_datetime_operator.py
[2022-06-12 22:05:44,399] {processor.py:642} INFO - Processing file /home/leizo/.local/lib/python3.8/site-packages/airflow/example_dags/example_branch_datetime_operator.py for tasks to queue
[2022-06-12 22:05:44,401] {logging_mixin.py:109} INFO - [2022-06-12 22:05:44,400] {dagbag.py:500} INFO - Filling up the DagBag from /home/leizo/.local/lib/python3.8/site-packages/airflow/example_dags/example_branch_datetime_operator.py
[2022-06-12 22:05:44,463] {processor.py:652} INFO - DAG(s) dict_keys(['example_branch_datetime_operator_2']) retrieved from /home/leizo/.local/lib/python3.8/site-packages/airflow/example_dags/example_branch_datetime_operator.py
[2022-06-12 22:05:44,497] {logging_mixin.py:109} INFO - [2022-06-12 22:05:44,497] {dag.py:2398} INFO - Sync 1 DAGs
[2022-06-12 22:05:44,550] {logging_mixin.py:109} INFO - [2022-06-12 22:05:44,549] {dag.py:2937} INFO - Setting next_dagrun for example_branch_datetime_operator_2 to 2022-06-11 00:00:00+00:00
[2022-06-12 22:05:44,583] {processor.py:171} INFO - Processing /home/leizo/.local/lib/python3.8/site-packages/airflow/example_dags/example_branch_datetime_operator.py took 0.195 seconds
[2022-06-12 22:06:36,250] {processor.py:163} INFO - Started process (PID=620) to work on /home/leizo/.local/lib/python3.8/site-packages/airflow/example_dags/example_branch_datetime_operator.py
[2022-06-12 22:06:36,254] {processor.py:642} INFO - Processing file /home/leizo/.local/lib/python3.8/site-packages/airflow/example_dags/example_branch_datetime_operator.py for tasks to queue
[2022-06-12 22:06:36,257] {logging_mixin.py:109} INFO - [2022-06-12 22:06:36,256] {dagbag.py:500} INFO - Filling up the DagBag from /home/leizo/.local/lib/python3.8/site-packages/airflow/example_dags/example_branch_datetime_operator.py
[2022-06-12 22:06:36,311] {processor.py:652} INFO - DAG(s) dict_keys(['example_branch_datetime_operator_2']) retrieved from /home/leizo/.local/lib/python3.8/site-packages/airflow/example_dags/example_branch_datetime_operator.py
[2022-06-12 22:06:36,346] {logging_mixin.py:109} INFO - [2022-06-12 22:06:36,346] {dag.py:2398} INFO - Sync 1 DAGs
[2022-06-12 22:06:36,379] {logging_mixin.py:109} INFO - [2022-06-12 22:06:36,379] {dag.py:2937} INFO - Setting next_dagrun for example_branch_datetime_operator_2 to 2022-06-11 00:00:00+00:00
[2022-06-12 22:06:36,410] {processor.py:171} INFO - Processing /home/leizo/.local/lib/python3.8/site-packages/airflow/example_dags/example_branch_datetime_operator.py took 0.165 seconds
[2022-06-12 22:07:16,784] {processor.py:163} INFO - Started process (PID=654) to work on /home/leizo/.local/lib/python3.8/site-packages/airflow/example_dags/example_branch_datetime_operator.py
[2022-06-12 22:07:16,786] {processor.py:642} INFO - Processing file /home/leizo/.local/lib/python3.8/site-packages/airflow/example_dags/example_branch_datetime_operator.py for tasks to queue
[2022-06-12 22:07:16,787] {logging_mixin.py:109} INFO - [2022-06-12 22:07:16,787] {dagbag.py:500} INFO - Filling up the DagBag from /home/leizo/.local/lib/python3.8/site-packages/airflow/example_dags/example_branch_datetime_operator.py
[2022-06-12 22:07:16,822] {processor.py:652} INFO - DAG(s) dict_keys(['example_branch_datetime_operator_2']) retrieved from /home/leizo/.local/lib/python3.8/site-packages/airflow/example_dags/example_branch_datetime_operator.py
[2022-06-12 22:07:16,842] {logging_mixin.py:109} INFO - [2022-06-12 22:07:16,841] {dag.py:2398} INFO - Sync 1 DAGs
[2022-06-12 22:07:16,867] {logging_mixin.py:109} INFO - [2022-06-12 22:07:16,866] {dag.py:2937} INFO - Setting next_dagrun for example_branch_datetime_operator_2 to 2022-06-11 00:00:00+00:00
[2022-06-12 22:07:16,885] {processor.py:171} INFO - Processing /home/leizo/.local/lib/python3.8/site-packages/airflow/example_dags/example_branch_datetime_operator.py took 0.104 seconds
[2022-06-12 22:07:55,051] {processor.py:163} INFO - Started process (PID=690) to work on /home/leizo/.local/lib/python3.8/site-packages/airflow/example_dags/example_branch_datetime_operator.py
[2022-06-12 22:07:55,052] {processor.py:642} INFO - Processing file /home/leizo/.local/lib/python3.8/site-packages/airflow/example_dags/example_branch_datetime_operator.py for tasks to queue
[2022-06-12 22:07:55,053] {logging_mixin.py:109} INFO - [2022-06-12 22:07:55,053] {dagbag.py:500} INFO - Filling up the DagBag from /home/leizo/.local/lib/python3.8/site-packages/airflow/example_dags/example_branch_datetime_operator.py
[2022-06-12 22:07:55,072] {processor.py:652} INFO - DAG(s) dict_keys(['example_branch_datetime_operator_2']) retrieved from /home/leizo/.local/lib/python3.8/site-packages/airflow/example_dags/example_branch_datetime_operator.py
[2022-06-12 22:07:55,087] {logging_mixin.py:109} INFO - [2022-06-12 22:07:55,087] {dag.py:2398} INFO - Sync 1 DAGs
[2022-06-12 22:07:55,102] {logging_mixin.py:109} INFO - [2022-06-12 22:07:55,102] {dag.py:2937} INFO - Setting next_dagrun for example_branch_datetime_operator_2 to 2022-06-11 00:00:00+00:00
[2022-06-12 22:07:55,113] {processor.py:171} INFO - Processing /home/leizo/.local/lib/python3.8/site-packages/airflow/example_dags/example_branch_datetime_operator.py took 0.065 seconds
[2022-06-12 22:08:30,202] {processor.py:163} INFO - Started process (PID=724) to work on /home/leizo/.local/lib/python3.8/site-packages/airflow/example_dags/example_branch_datetime_operator.py
[2022-06-12 22:08:30,205] {processor.py:642} INFO - Processing file /home/leizo/.local/lib/python3.8/site-packages/airflow/example_dags/example_branch_datetime_operator.py for tasks to queue
[2022-06-12 22:08:30,206] {logging_mixin.py:109} INFO - [2022-06-12 22:08:30,206] {dagbag.py:500} INFO - Filling up the DagBag from /home/leizo/.local/lib/python3.8/site-packages/airflow/example_dags/example_branch_datetime_operator.py
[2022-06-12 22:08:30,227] {processor.py:652} INFO - DAG(s) dict_keys(['example_branch_datetime_operator_2']) retrieved from /home/leizo/.local/lib/python3.8/site-packages/airflow/example_dags/example_branch_datetime_operator.py
[2022-06-12 22:08:30,244] {logging_mixin.py:109} INFO - [2022-06-12 22:08:30,244] {dag.py:2398} INFO - Sync 1 DAGs
[2022-06-12 22:08:30,266] {logging_mixin.py:109} INFO - [2022-06-12 22:08:30,266] {dag.py:2937} INFO - Setting next_dagrun for example_branch_datetime_operator_2 to 2022-06-11 00:00:00+00:00
[2022-06-12 22:08:30,283] {processor.py:171} INFO - Processing /home/leizo/.local/lib/python3.8/site-packages/airflow/example_dags/example_branch_datetime_operator.py took 0.085 seconds
[2022-06-12 22:09:06,760] {processor.py:163} INFO - Started process (PID=757) to work on /home/leizo/.local/lib/python3.8/site-packages/airflow/example_dags/example_branch_datetime_operator.py
[2022-06-12 22:09:06,762] {processor.py:642} INFO - Processing file /home/leizo/.local/lib/python3.8/site-packages/airflow/example_dags/example_branch_datetime_operator.py for tasks to queue
[2022-06-12 22:09:06,762] {logging_mixin.py:109} INFO - [2022-06-12 22:09:06,762] {dagbag.py:500} INFO - Filling up the DagBag from /home/leizo/.local/lib/python3.8/site-packages/airflow/example_dags/example_branch_datetime_operator.py
[2022-06-12 22:09:06,780] {processor.py:652} INFO - DAG(s) dict_keys(['example_branch_datetime_operator_2']) retrieved from /home/leizo/.local/lib/python3.8/site-packages/airflow/example_dags/example_branch_datetime_operator.py
[2022-06-12 22:09:06,796] {logging_mixin.py:109} INFO - [2022-06-12 22:09:06,796] {dag.py:2398} INFO - Sync 1 DAGs
[2022-06-12 22:09:06,818] {logging_mixin.py:109} INFO - [2022-06-12 22:09:06,818] {dag.py:2937} INFO - Setting next_dagrun for example_branch_datetime_operator_2 to 2022-06-11 00:00:00+00:00
[2022-06-12 22:09:06,835] {processor.py:171} INFO - Processing /home/leizo/.local/lib/python3.8/site-packages/airflow/example_dags/example_branch_datetime_operator.py took 0.077 seconds
[2022-06-12 22:09:45,843] {processor.py:163} INFO - Started process (PID=792) to work on /home/leizo/.local/lib/python3.8/site-packages/airflow/example_dags/example_branch_datetime_operator.py
[2022-06-12 22:09:45,844] {processor.py:642} INFO - Processing file /home/leizo/.local/lib/python3.8/site-packages/airflow/example_dags/example_branch_datetime_operator.py for tasks to queue
[2022-06-12 22:09:45,845] {logging_mixin.py:109} INFO - [2022-06-12 22:09:45,845] {dagbag.py:500} INFO - Filling up the DagBag from /home/leizo/.local/lib/python3.8/site-packages/airflow/example_dags/example_branch_datetime_operator.py
[2022-06-12 22:09:45,862] {processor.py:652} INFO - DAG(s) dict_keys(['example_branch_datetime_operator_2']) retrieved from /home/leizo/.local/lib/python3.8/site-packages/airflow/example_dags/example_branch_datetime_operator.py
[2022-06-12 22:09:45,877] {logging_mixin.py:109} INFO - [2022-06-12 22:09:45,877] {dag.py:2398} INFO - Sync 1 DAGs
[2022-06-12 22:09:45,898] {logging_mixin.py:109} INFO - [2022-06-12 22:09:45,898] {dag.py:2937} INFO - Setting next_dagrun for example_branch_datetime_operator_2 to 2022-06-11 00:00:00+00:00
[2022-06-12 22:09:45,910] {processor.py:171} INFO - Processing /home/leizo/.local/lib/python3.8/site-packages/airflow/example_dags/example_branch_datetime_operator.py took 0.070 seconds
[2022-06-12 22:10:24,399] {processor.py:163} INFO - Started process (PID=826) to work on /home/leizo/.local/lib/python3.8/site-packages/airflow/example_dags/example_branch_datetime_operator.py
[2022-06-12 22:10:24,402] {processor.py:642} INFO - Processing file /home/leizo/.local/lib/python3.8/site-packages/airflow/example_dags/example_branch_datetime_operator.py for tasks to queue
[2022-06-12 22:10:24,404] {logging_mixin.py:109} INFO - [2022-06-12 22:10:24,403] {dagbag.py:500} INFO - Filling up the DagBag from /home/leizo/.local/lib/python3.8/site-packages/airflow/example_dags/example_branch_datetime_operator.py
[2022-06-12 22:10:24,465] {processor.py:652} INFO - DAG(s) dict_keys(['example_branch_datetime_operator_2']) retrieved from /home/leizo/.local/lib/python3.8/site-packages/airflow/example_dags/example_branch_datetime_operator.py
[2022-06-12 22:10:24,510] {logging_mixin.py:109} INFO - [2022-06-12 22:10:24,510] {dag.py:2398} INFO - Sync 1 DAGs
[2022-06-12 22:10:24,577] {logging_mixin.py:109} INFO - [2022-06-12 22:10:24,577] {dag.py:2937} INFO - Setting next_dagrun for example_branch_datetime_operator_2 to 2022-06-11 00:00:00+00:00
[2022-06-12 22:10:24,620] {processor.py:171} INFO - Processing /home/leizo/.local/lib/python3.8/site-packages/airflow/example_dags/example_branch_datetime_operator.py took 0.232 seconds
[2022-06-12 22:11:19,293] {processor.py:163} INFO - Started process (PID=866) to work on /home/leizo/.local/lib/python3.8/site-packages/airflow/example_dags/example_branch_datetime_operator.py
[2022-06-12 22:11:19,296] {processor.py:642} INFO - Processing file /home/leizo/.local/lib/python3.8/site-packages/airflow/example_dags/example_branch_datetime_operator.py for tasks to queue
[2022-06-12 22:11:19,298] {logging_mixin.py:109} INFO - [2022-06-12 22:11:19,297] {dagbag.py:500} INFO - Filling up the DagBag from /home/leizo/.local/lib/python3.8/site-packages/airflow/example_dags/example_branch_datetime_operator.py
[2022-06-12 22:11:19,421] {processor.py:652} INFO - DAG(s) dict_keys(['example_branch_datetime_operator_2']) retrieved from /home/leizo/.local/lib/python3.8/site-packages/airflow/example_dags/example_branch_datetime_operator.py
[2022-06-12 22:11:19,483] {logging_mixin.py:109} INFO - [2022-06-12 22:11:19,482] {dag.py:2398} INFO - Sync 1 DAGs
[2022-06-12 22:11:19,611] {logging_mixin.py:109} INFO - [2022-06-12 22:11:19,610] {dag.py:2937} INFO - Setting next_dagrun for example_branch_datetime_operator_2 to 2022-06-11 00:00:00+00:00
[2022-06-12 22:11:19,676] {processor.py:171} INFO - Processing /home/leizo/.local/lib/python3.8/site-packages/airflow/example_dags/example_branch_datetime_operator.py took 0.399 seconds
[2022-06-12 22:12:03,529] {processor.py:163} INFO - Started process (PID=901) to work on /home/leizo/.local/lib/python3.8/site-packages/airflow/example_dags/example_branch_datetime_operator.py
[2022-06-12 22:12:03,532] {processor.py:642} INFO - Processing file /home/leizo/.local/lib/python3.8/site-packages/airflow/example_dags/example_branch_datetime_operator.py for tasks to queue
[2022-06-12 22:12:03,534] {logging_mixin.py:109} INFO - [2022-06-12 22:12:03,533] {dagbag.py:500} INFO - Filling up the DagBag from /home/leizo/.local/lib/python3.8/site-packages/airflow/example_dags/example_branch_datetime_operator.py
[2022-06-12 22:12:03,593] {processor.py:652} INFO - DAG(s) dict_keys(['example_branch_datetime_operator_2']) retrieved from /home/leizo/.local/lib/python3.8/site-packages/airflow/example_dags/example_branch_datetime_operator.py
[2022-06-12 22:12:03,625] {logging_mixin.py:109} INFO - [2022-06-12 22:12:03,625] {dag.py:2398} INFO - Sync 1 DAGs
[2022-06-12 22:12:03,669] {logging_mixin.py:109} INFO - [2022-06-12 22:12:03,669] {dag.py:2937} INFO - Setting next_dagrun for example_branch_datetime_operator_2 to 2022-06-11 00:00:00+00:00
[2022-06-12 22:12:03,697] {processor.py:171} INFO - Processing /home/leizo/.local/lib/python3.8/site-packages/airflow/example_dags/example_branch_datetime_operator.py took 0.175 seconds
[2022-06-12 22:12:41,258] {processor.py:163} INFO - Started process (PID=933) to work on /home/leizo/.local/lib/python3.8/site-packages/airflow/example_dags/example_branch_datetime_operator.py
[2022-06-12 22:12:41,260] {processor.py:642} INFO - Processing file /home/leizo/.local/lib/python3.8/site-packages/airflow/example_dags/example_branch_datetime_operator.py for tasks to queue
[2022-06-12 22:12:41,261] {logging_mixin.py:109} INFO - [2022-06-12 22:12:41,261] {dagbag.py:500} INFO - Filling up the DagBag from /home/leizo/.local/lib/python3.8/site-packages/airflow/example_dags/example_branch_datetime_operator.py
[2022-06-12 22:12:41,287] {processor.py:652} INFO - DAG(s) dict_keys(['example_branch_datetime_operator_2']) retrieved from /home/leizo/.local/lib/python3.8/site-packages/airflow/example_dags/example_branch_datetime_operator.py
[2022-06-12 22:12:41,314] {logging_mixin.py:109} INFO - [2022-06-12 22:12:41,314] {dag.py:2398} INFO - Sync 1 DAGs
[2022-06-12 22:12:41,342] {logging_mixin.py:109} INFO - [2022-06-12 22:12:41,341] {dag.py:2937} INFO - Setting next_dagrun for example_branch_datetime_operator_2 to 2022-06-11 00:00:00+00:00
[2022-06-12 22:12:41,361] {processor.py:171} INFO - Processing /home/leizo/.local/lib/python3.8/site-packages/airflow/example_dags/example_branch_datetime_operator.py took 0.108 seconds
[2022-06-12 22:13:19,039] {processor.py:163} INFO - Started process (PID=966) to work on /home/leizo/.local/lib/python3.8/site-packages/airflow/example_dags/example_branch_datetime_operator.py
[2022-06-12 22:13:19,041] {processor.py:642} INFO - Processing file /home/leizo/.local/lib/python3.8/site-packages/airflow/example_dags/example_branch_datetime_operator.py for tasks to queue
[2022-06-12 22:13:19,042] {logging_mixin.py:109} INFO - [2022-06-12 22:13:19,042] {dagbag.py:500} INFO - Filling up the DagBag from /home/leizo/.local/lib/python3.8/site-packages/airflow/example_dags/example_branch_datetime_operator.py
[2022-06-12 22:13:19,067] {processor.py:652} INFO - DAG(s) dict_keys(['example_branch_datetime_operator_2']) retrieved from /home/leizo/.local/lib/python3.8/site-packages/airflow/example_dags/example_branch_datetime_operator.py
[2022-06-12 22:13:19,082] {logging_mixin.py:109} INFO - [2022-06-12 22:13:19,081] {dag.py:2398} INFO - Sync 1 DAGs
[2022-06-12 22:13:19,100] {logging_mixin.py:109} INFO - [2022-06-12 22:13:19,100] {dag.py:2937} INFO - Setting next_dagrun for example_branch_datetime_operator_2 to 2022-06-11 00:00:00+00:00
[2022-06-12 22:13:19,116] {processor.py:171} INFO - Processing /home/leizo/.local/lib/python3.8/site-packages/airflow/example_dags/example_branch_datetime_operator.py took 0.080 seconds
[2022-06-12 22:13:56,985] {processor.py:163} INFO - Started process (PID=1001) to work on /home/leizo/.local/lib/python3.8/site-packages/airflow/example_dags/example_branch_datetime_operator.py
[2022-06-12 22:13:56,989] {processor.py:642} INFO - Processing file /home/leizo/.local/lib/python3.8/site-packages/airflow/example_dags/example_branch_datetime_operator.py for tasks to queue
[2022-06-12 22:13:56,990] {logging_mixin.py:109} INFO - [2022-06-12 22:13:56,990] {dagbag.py:500} INFO - Filling up the DagBag from /home/leizo/.local/lib/python3.8/site-packages/airflow/example_dags/example_branch_datetime_operator.py
[2022-06-12 22:13:57,012] {processor.py:652} INFO - DAG(s) dict_keys(['example_branch_datetime_operator_2']) retrieved from /home/leizo/.local/lib/python3.8/site-packages/airflow/example_dags/example_branch_datetime_operator.py
[2022-06-12 22:13:57,026] {logging_mixin.py:109} INFO - [2022-06-12 22:13:57,025] {dag.py:2398} INFO - Sync 1 DAGs
[2022-06-12 22:13:57,043] {logging_mixin.py:109} INFO - [2022-06-12 22:13:57,043] {dag.py:2937} INFO - Setting next_dagrun for example_branch_datetime_operator_2 to 2022-06-11 00:00:00+00:00
[2022-06-12 22:13:57,059] {processor.py:171} INFO - Processing /home/leizo/.local/lib/python3.8/site-packages/airflow/example_dags/example_branch_datetime_operator.py took 0.078 seconds
[2022-06-12 22:14:34,137] {processor.py:163} INFO - Started process (PID=1035) to work on /home/leizo/.local/lib/python3.8/site-packages/airflow/example_dags/example_branch_datetime_operator.py
[2022-06-12 22:14:34,138] {processor.py:642} INFO - Processing file /home/leizo/.local/lib/python3.8/site-packages/airflow/example_dags/example_branch_datetime_operator.py for tasks to queue
[2022-06-12 22:14:34,139] {logging_mixin.py:109} INFO - [2022-06-12 22:14:34,139] {dagbag.py:500} INFO - Filling up the DagBag from /home/leizo/.local/lib/python3.8/site-packages/airflow/example_dags/example_branch_datetime_operator.py
[2022-06-12 22:14:34,152] {processor.py:652} INFO - DAG(s) dict_keys(['example_branch_datetime_operator_2']) retrieved from /home/leizo/.local/lib/python3.8/site-packages/airflow/example_dags/example_branch_datetime_operator.py
[2022-06-12 22:14:34,163] {logging_mixin.py:109} INFO - [2022-06-12 22:14:34,163] {dag.py:2398} INFO - Sync 1 DAGs
[2022-06-12 22:14:34,180] {logging_mixin.py:109} INFO - [2022-06-12 22:14:34,180] {dag.py:2937} INFO - Setting next_dagrun for example_branch_datetime_operator_2 to 2022-06-11 00:00:00+00:00
[2022-06-12 22:14:34,196] {processor.py:171} INFO - Processing /home/leizo/.local/lib/python3.8/site-packages/airflow/example_dags/example_branch_datetime_operator.py took 0.061 seconds
[2022-06-12 22:15:08,643] {processor.py:163} INFO - Started process (PID=1069) to work on /home/leizo/.local/lib/python3.8/site-packages/airflow/example_dags/example_branch_datetime_operator.py
[2022-06-12 22:15:08,643] {processor.py:642} INFO - Processing file /home/leizo/.local/lib/python3.8/site-packages/airflow/example_dags/example_branch_datetime_operator.py for tasks to queue
[2022-06-12 22:15:08,644] {logging_mixin.py:109} INFO - [2022-06-12 22:15:08,644] {dagbag.py:500} INFO - Filling up the DagBag from /home/leizo/.local/lib/python3.8/site-packages/airflow/example_dags/example_branch_datetime_operator.py
[2022-06-12 22:15:08,660] {processor.py:652} INFO - DAG(s) dict_keys(['example_branch_datetime_operator_2']) retrieved from /home/leizo/.local/lib/python3.8/site-packages/airflow/example_dags/example_branch_datetime_operator.py
[2022-06-12 22:15:08,671] {logging_mixin.py:109} INFO - [2022-06-12 22:15:08,671] {dag.py:2398} INFO - Sync 1 DAGs
[2022-06-12 22:15:08,685] {logging_mixin.py:109} INFO - [2022-06-12 22:15:08,685] {dag.py:2937} INFO - Setting next_dagrun for example_branch_datetime_operator_2 to 2022-06-11 00:00:00+00:00
[2022-06-12 22:15:08,696] {processor.py:171} INFO - Processing /home/leizo/.local/lib/python3.8/site-packages/airflow/example_dags/example_branch_datetime_operator.py took 0.056 seconds
[2022-06-12 22:15:43,301] {processor.py:163} INFO - Started process (PID=1102) to work on /home/leizo/.local/lib/python3.8/site-packages/airflow/example_dags/example_branch_datetime_operator.py
[2022-06-12 22:15:43,302] {processor.py:642} INFO - Processing file /home/leizo/.local/lib/python3.8/site-packages/airflow/example_dags/example_branch_datetime_operator.py for tasks to queue
[2022-06-12 22:15:43,303] {logging_mixin.py:109} INFO - [2022-06-12 22:15:43,302] {dagbag.py:500} INFO - Filling up the DagBag from /home/leizo/.local/lib/python3.8/site-packages/airflow/example_dags/example_branch_datetime_operator.py
[2022-06-12 22:15:43,315] {processor.py:652} INFO - DAG(s) dict_keys(['example_branch_datetime_operator_2']) retrieved from /home/leizo/.local/lib/python3.8/site-packages/airflow/example_dags/example_branch_datetime_operator.py
[2022-06-12 22:15:43,328] {logging_mixin.py:109} INFO - [2022-06-12 22:15:43,328] {dag.py:2398} INFO - Sync 1 DAGs
[2022-06-12 22:15:43,342] {logging_mixin.py:109} INFO - [2022-06-12 22:15:43,342] {dag.py:2937} INFO - Setting next_dagrun for example_branch_datetime_operator_2 to 2022-06-11 00:00:00+00:00
[2022-06-12 22:15:43,353] {processor.py:171} INFO - Processing /home/leizo/.local/lib/python3.8/site-packages/airflow/example_dags/example_branch_datetime_operator.py took 0.054 seconds
[2022-06-12 22:16:17,730] {processor.py:163} INFO - Started process (PID=1135) to work on /home/leizo/.local/lib/python3.8/site-packages/airflow/example_dags/example_branch_datetime_operator.py
[2022-06-12 22:16:17,731] {processor.py:642} INFO - Processing file /home/leizo/.local/lib/python3.8/site-packages/airflow/example_dags/example_branch_datetime_operator.py for tasks to queue
[2022-06-12 22:16:17,732] {logging_mixin.py:109} INFO - [2022-06-12 22:16:17,731] {dagbag.py:500} INFO - Filling up the DagBag from /home/leizo/.local/lib/python3.8/site-packages/airflow/example_dags/example_branch_datetime_operator.py
[2022-06-12 22:16:17,754] {processor.py:652} INFO - DAG(s) dict_keys(['example_branch_datetime_operator_2']) retrieved from /home/leizo/.local/lib/python3.8/site-packages/airflow/example_dags/example_branch_datetime_operator.py
[2022-06-12 22:16:17,771] {logging_mixin.py:109} INFO - [2022-06-12 22:16:17,771] {dag.py:2398} INFO - Sync 1 DAGs
[2022-06-12 22:16:17,787] {logging_mixin.py:109} INFO - [2022-06-12 22:16:17,787] {dag.py:2937} INFO - Setting next_dagrun for example_branch_datetime_operator_2 to 2022-06-11 00:00:00+00:00
[2022-06-12 22:16:17,800] {processor.py:171} INFO - Processing /home/leizo/.local/lib/python3.8/site-packages/airflow/example_dags/example_branch_datetime_operator.py took 0.073 seconds
[2022-06-12 22:16:51,623] {processor.py:163} INFO - Started process (PID=1168) to work on /home/leizo/.local/lib/python3.8/site-packages/airflow/example_dags/example_branch_datetime_operator.py
[2022-06-12 22:16:51,624] {processor.py:642} INFO - Processing file /home/leizo/.local/lib/python3.8/site-packages/airflow/example_dags/example_branch_datetime_operator.py for tasks to queue
[2022-06-12 22:16:51,625] {logging_mixin.py:109} INFO - [2022-06-12 22:16:51,625] {dagbag.py:500} INFO - Filling up the DagBag from /home/leizo/.local/lib/python3.8/site-packages/airflow/example_dags/example_branch_datetime_operator.py
[2022-06-12 22:16:51,640] {processor.py:652} INFO - DAG(s) dict_keys(['example_branch_datetime_operator_2']) retrieved from /home/leizo/.local/lib/python3.8/site-packages/airflow/example_dags/example_branch_datetime_operator.py
[2022-06-12 22:16:51,649] {logging_mixin.py:109} INFO - [2022-06-12 22:16:51,649] {dag.py:2398} INFO - Sync 1 DAGs
[2022-06-12 22:16:51,659] {logging_mixin.py:109} INFO - [2022-06-12 22:16:51,659] {dag.py:2937} INFO - Setting next_dagrun for example_branch_datetime_operator_2 to 2022-06-11 00:00:00+00:00
[2022-06-12 22:16:51,670] {processor.py:171} INFO - Processing /home/leizo/.local/lib/python3.8/site-packages/airflow/example_dags/example_branch_datetime_operator.py took 0.049 seconds
[2022-06-12 22:17:30,069] {processor.py:163} INFO - Started process (PID=1205) to work on /home/leizo/.local/lib/python3.8/site-packages/airflow/example_dags/example_branch_datetime_operator.py
[2022-06-12 22:17:30,070] {processor.py:642} INFO - Processing file /home/leizo/.local/lib/python3.8/site-packages/airflow/example_dags/example_branch_datetime_operator.py for tasks to queue
[2022-06-12 22:17:30,071] {logging_mixin.py:109} INFO - [2022-06-12 22:17:30,071] {dagbag.py:500} INFO - Filling up the DagBag from /home/leizo/.local/lib/python3.8/site-packages/airflow/example_dags/example_branch_datetime_operator.py
[2022-06-12 22:17:30,086] {processor.py:652} INFO - DAG(s) dict_keys(['example_branch_datetime_operator_2']) retrieved from /home/leizo/.local/lib/python3.8/site-packages/airflow/example_dags/example_branch_datetime_operator.py
[2022-06-12 22:17:30,097] {logging_mixin.py:109} INFO - [2022-06-12 22:17:30,097] {dag.py:2398} INFO - Sync 1 DAGs
[2022-06-12 22:17:30,113] {logging_mixin.py:109} INFO - [2022-06-12 22:17:30,113] {dag.py:2937} INFO - Setting next_dagrun for example_branch_datetime_operator_2 to 2022-06-11 00:00:00+00:00
[2022-06-12 22:17:30,128] {processor.py:171} INFO - Processing /home/leizo/.local/lib/python3.8/site-packages/airflow/example_dags/example_branch_datetime_operator.py took 0.061 seconds
[2022-06-12 22:18:06,123] {processor.py:163} INFO - Started process (PID=1240) to work on /home/leizo/.local/lib/python3.8/site-packages/airflow/example_dags/example_branch_datetime_operator.py
[2022-06-12 22:18:06,125] {processor.py:642} INFO - Processing file /home/leizo/.local/lib/python3.8/site-packages/airflow/example_dags/example_branch_datetime_operator.py for tasks to queue
[2022-06-12 22:18:06,125] {logging_mixin.py:109} INFO - [2022-06-12 22:18:06,125] {dagbag.py:500} INFO - Filling up the DagBag from /home/leizo/.local/lib/python3.8/site-packages/airflow/example_dags/example_branch_datetime_operator.py
[2022-06-12 22:18:06,140] {processor.py:652} INFO - DAG(s) dict_keys(['example_branch_datetime_operator_2']) retrieved from /home/leizo/.local/lib/python3.8/site-packages/airflow/example_dags/example_branch_datetime_operator.py
[2022-06-12 22:18:06,152] {logging_mixin.py:109} INFO - [2022-06-12 22:18:06,152] {dag.py:2398} INFO - Sync 1 DAGs
[2022-06-12 22:18:06,162] {logging_mixin.py:109} INFO - [2022-06-12 22:18:06,162] {dag.py:2937} INFO - Setting next_dagrun for example_branch_datetime_operator_2 to 2022-06-11 00:00:00+00:00
[2022-06-12 22:18:06,175] {processor.py:171} INFO - Processing /home/leizo/.local/lib/python3.8/site-packages/airflow/example_dags/example_branch_datetime_operator.py took 0.053 seconds
[2022-06-12 22:18:41,284] {processor.py:163} INFO - Started process (PID=1275) to work on /home/leizo/.local/lib/python3.8/site-packages/airflow/example_dags/example_branch_datetime_operator.py
[2022-06-12 22:18:41,286] {processor.py:642} INFO - Processing file /home/leizo/.local/lib/python3.8/site-packages/airflow/example_dags/example_branch_datetime_operator.py for tasks to queue
[2022-06-12 22:18:41,288] {logging_mixin.py:109} INFO - [2022-06-12 22:18:41,287] {dagbag.py:500} INFO - Filling up the DagBag from /home/leizo/.local/lib/python3.8/site-packages/airflow/example_dags/example_branch_datetime_operator.py
[2022-06-12 22:18:41,303] {processor.py:652} INFO - DAG(s) dict_keys(['example_branch_datetime_operator_2']) retrieved from /home/leizo/.local/lib/python3.8/site-packages/airflow/example_dags/example_branch_datetime_operator.py
[2022-06-12 22:18:41,312] {logging_mixin.py:109} INFO - [2022-06-12 22:18:41,312] {dag.py:2398} INFO - Sync 1 DAGs
[2022-06-12 22:18:41,323] {logging_mixin.py:109} INFO - [2022-06-12 22:18:41,323] {dag.py:2937} INFO - Setting next_dagrun for example_branch_datetime_operator_2 to 2022-06-11 00:00:00+00:00
[2022-06-12 22:18:41,335] {processor.py:171} INFO - Processing /home/leizo/.local/lib/python3.8/site-packages/airflow/example_dags/example_branch_datetime_operator.py took 0.053 seconds
[2022-06-12 22:19:18,230] {processor.py:163} INFO - Started process (PID=1311) to work on /home/leizo/.local/lib/python3.8/site-packages/airflow/example_dags/example_branch_datetime_operator.py
[2022-06-12 22:19:18,232] {processor.py:642} INFO - Processing file /home/leizo/.local/lib/python3.8/site-packages/airflow/example_dags/example_branch_datetime_operator.py for tasks to queue
[2022-06-12 22:19:18,232] {logging_mixin.py:109} INFO - [2022-06-12 22:19:18,232] {dagbag.py:500} INFO - Filling up the DagBag from /home/leizo/.local/lib/python3.8/site-packages/airflow/example_dags/example_branch_datetime_operator.py
[2022-06-12 22:19:18,245] {processor.py:652} INFO - DAG(s) dict_keys(['example_branch_datetime_operator_2']) retrieved from /home/leizo/.local/lib/python3.8/site-packages/airflow/example_dags/example_branch_datetime_operator.py
[2022-06-12 22:19:18,254] {logging_mixin.py:109} INFO - [2022-06-12 22:19:18,254] {dag.py:2398} INFO - Sync 1 DAGs
[2022-06-12 22:19:18,265] {logging_mixin.py:109} INFO - [2022-06-12 22:19:18,265] {dag.py:2937} INFO - Setting next_dagrun for example_branch_datetime_operator_2 to 2022-06-11 00:00:00+00:00
[2022-06-12 22:19:18,275] {processor.py:171} INFO - Processing /home/leizo/.local/lib/python3.8/site-packages/airflow/example_dags/example_branch_datetime_operator.py took 0.047 seconds
[2022-06-12 22:19:54,493] {processor.py:163} INFO - Started process (PID=1347) to work on /home/leizo/.local/lib/python3.8/site-packages/airflow/example_dags/example_branch_datetime_operator.py
[2022-06-12 22:19:54,495] {processor.py:642} INFO - Processing file /home/leizo/.local/lib/python3.8/site-packages/airflow/example_dags/example_branch_datetime_operator.py for tasks to queue
[2022-06-12 22:19:54,495] {logging_mixin.py:109} INFO - [2022-06-12 22:19:54,495] {dagbag.py:500} INFO - Filling up the DagBag from /home/leizo/.local/lib/python3.8/site-packages/airflow/example_dags/example_branch_datetime_operator.py
[2022-06-12 22:19:54,507] {processor.py:652} INFO - DAG(s) dict_keys(['example_branch_datetime_operator_2']) retrieved from /home/leizo/.local/lib/python3.8/site-packages/airflow/example_dags/example_branch_datetime_operator.py
[2022-06-12 22:19:54,515] {logging_mixin.py:109} INFO - [2022-06-12 22:19:54,515] {dag.py:2398} INFO - Sync 1 DAGs
[2022-06-12 22:19:54,525] {logging_mixin.py:109} INFO - [2022-06-12 22:19:54,524] {dag.py:2937} INFO - Setting next_dagrun for example_branch_datetime_operator_2 to 2022-06-11 00:00:00+00:00
[2022-06-12 22:19:54,535] {processor.py:171} INFO - Processing /home/leizo/.local/lib/python3.8/site-packages/airflow/example_dags/example_branch_datetime_operator.py took 0.045 seconds
[2022-06-12 22:20:30,882] {processor.py:163} INFO - Started process (PID=1383) to work on /home/leizo/.local/lib/python3.8/site-packages/airflow/example_dags/example_branch_datetime_operator.py
[2022-06-12 22:20:30,884] {processor.py:642} INFO - Processing file /home/leizo/.local/lib/python3.8/site-packages/airflow/example_dags/example_branch_datetime_operator.py for tasks to queue
[2022-06-12 22:20:30,885] {logging_mixin.py:109} INFO - [2022-06-12 22:20:30,885] {dagbag.py:500} INFO - Filling up the DagBag from /home/leizo/.local/lib/python3.8/site-packages/airflow/example_dags/example_branch_datetime_operator.py
[2022-06-12 22:20:30,900] {processor.py:652} INFO - DAG(s) dict_keys(['example_branch_datetime_operator_2']) retrieved from /home/leizo/.local/lib/python3.8/site-packages/airflow/example_dags/example_branch_datetime_operator.py
[2022-06-12 22:20:30,911] {logging_mixin.py:109} INFO - [2022-06-12 22:20:30,910] {dag.py:2398} INFO - Sync 1 DAGs
[2022-06-12 22:20:30,921] {logging_mixin.py:109} INFO - [2022-06-12 22:20:30,921] {dag.py:2937} INFO - Setting next_dagrun for example_branch_datetime_operator_2 to 2022-06-11 00:00:00+00:00
[2022-06-12 22:20:30,931] {processor.py:171} INFO - Processing /home/leizo/.local/lib/python3.8/site-packages/airflow/example_dags/example_branch_datetime_operator.py took 0.051 seconds
[2022-06-12 22:21:04,421] {processor.py:163} INFO - Started process (PID=1415) to work on /home/leizo/.local/lib/python3.8/site-packages/airflow/example_dags/example_branch_datetime_operator.py
[2022-06-12 22:21:04,425] {processor.py:642} INFO - Processing file /home/leizo/.local/lib/python3.8/site-packages/airflow/example_dags/example_branch_datetime_operator.py for tasks to queue
[2022-06-12 22:21:04,425] {logging_mixin.py:109} INFO - [2022-06-12 22:21:04,425] {dagbag.py:500} INFO - Filling up the DagBag from /home/leizo/.local/lib/python3.8/site-packages/airflow/example_dags/example_branch_datetime_operator.py
[2022-06-12 22:21:04,439] {processor.py:652} INFO - DAG(s) dict_keys(['example_branch_datetime_operator_2']) retrieved from /home/leizo/.local/lib/python3.8/site-packages/airflow/example_dags/example_branch_datetime_operator.py
[2022-06-12 22:21:04,448] {logging_mixin.py:109} INFO - [2022-06-12 22:21:04,448] {dag.py:2398} INFO - Sync 1 DAGs
[2022-06-12 22:21:04,458] {logging_mixin.py:109} INFO - [2022-06-12 22:21:04,458] {dag.py:2937} INFO - Setting next_dagrun for example_branch_datetime_operator_2 to 2022-06-11 00:00:00+00:00
[2022-06-12 22:21:04,468] {processor.py:171} INFO - Processing /home/leizo/.local/lib/python3.8/site-packages/airflow/example_dags/example_branch_datetime_operator.py took 0.050 seconds
[2022-06-12 22:21:38,919] {processor.py:163} INFO - Started process (PID=1450) to work on /home/leizo/.local/lib/python3.8/site-packages/airflow/example_dags/example_branch_datetime_operator.py
[2022-06-12 22:21:38,921] {processor.py:642} INFO - Processing file /home/leizo/.local/lib/python3.8/site-packages/airflow/example_dags/example_branch_datetime_operator.py for tasks to queue
[2022-06-12 22:21:38,922] {logging_mixin.py:109} INFO - [2022-06-12 22:21:38,922] {dagbag.py:500} INFO - Filling up the DagBag from /home/leizo/.local/lib/python3.8/site-packages/airflow/example_dags/example_branch_datetime_operator.py
[2022-06-12 22:21:38,936] {processor.py:652} INFO - DAG(s) dict_keys(['example_branch_datetime_operator_2']) retrieved from /home/leizo/.local/lib/python3.8/site-packages/airflow/example_dags/example_branch_datetime_operator.py
[2022-06-12 22:21:38,948] {logging_mixin.py:109} INFO - [2022-06-12 22:21:38,947] {dag.py:2398} INFO - Sync 1 DAGs
[2022-06-12 22:21:38,964] {logging_mixin.py:109} INFO - [2022-06-12 22:21:38,964] {dag.py:2937} INFO - Setting next_dagrun for example_branch_datetime_operator_2 to 2022-06-11 00:00:00+00:00
[2022-06-12 22:21:38,974] {processor.py:171} INFO - Processing /home/leizo/.local/lib/python3.8/site-packages/airflow/example_dags/example_branch_datetime_operator.py took 0.057 seconds
[2022-06-12 22:22:16,218] {processor.py:163} INFO - Started process (PID=1486) to work on /home/leizo/.local/lib/python3.8/site-packages/airflow/example_dags/example_branch_datetime_operator.py
[2022-06-12 22:22:16,220] {processor.py:642} INFO - Processing file /home/leizo/.local/lib/python3.8/site-packages/airflow/example_dags/example_branch_datetime_operator.py for tasks to queue
[2022-06-12 22:22:16,221] {logging_mixin.py:109} INFO - [2022-06-12 22:22:16,221] {dagbag.py:500} INFO - Filling up the DagBag from /home/leizo/.local/lib/python3.8/site-packages/airflow/example_dags/example_branch_datetime_operator.py
[2022-06-12 22:22:16,238] {processor.py:652} INFO - DAG(s) dict_keys(['example_branch_datetime_operator_2']) retrieved from /home/leizo/.local/lib/python3.8/site-packages/airflow/example_dags/example_branch_datetime_operator.py
[2022-06-12 22:22:16,251] {logging_mixin.py:109} INFO - [2022-06-12 22:22:16,251] {dag.py:2398} INFO - Sync 1 DAGs
[2022-06-12 22:22:16,267] {logging_mixin.py:109} INFO - [2022-06-12 22:22:16,267] {dag.py:2937} INFO - Setting next_dagrun for example_branch_datetime_operator_2 to 2022-06-11 00:00:00+00:00
[2022-06-12 22:22:16,281] {processor.py:171} INFO - Processing /home/leizo/.local/lib/python3.8/site-packages/airflow/example_dags/example_branch_datetime_operator.py took 0.067 seconds
[2022-06-12 22:22:52,384] {processor.py:163} INFO - Started process (PID=1521) to work on /home/leizo/.local/lib/python3.8/site-packages/airflow/example_dags/example_branch_datetime_operator.py
[2022-06-12 22:22:52,386] {processor.py:642} INFO - Processing file /home/leizo/.local/lib/python3.8/site-packages/airflow/example_dags/example_branch_datetime_operator.py for tasks to queue
[2022-06-12 22:22:52,386] {logging_mixin.py:109} INFO - [2022-06-12 22:22:52,386] {dagbag.py:500} INFO - Filling up the DagBag from /home/leizo/.local/lib/python3.8/site-packages/airflow/example_dags/example_branch_datetime_operator.py
[2022-06-12 22:22:52,400] {processor.py:652} INFO - DAG(s) dict_keys(['example_branch_datetime_operator_2']) retrieved from /home/leizo/.local/lib/python3.8/site-packages/airflow/example_dags/example_branch_datetime_operator.py
[2022-06-12 22:22:52,411] {logging_mixin.py:109} INFO - [2022-06-12 22:22:52,411] {dag.py:2398} INFO - Sync 1 DAGs
[2022-06-12 22:22:52,424] {logging_mixin.py:109} INFO - [2022-06-12 22:22:52,424] {dag.py:2937} INFO - Setting next_dagrun for example_branch_datetime_operator_2 to 2022-06-11 00:00:00+00:00
[2022-06-12 22:22:52,437] {processor.py:171} INFO - Processing /home/leizo/.local/lib/python3.8/site-packages/airflow/example_dags/example_branch_datetime_operator.py took 0.056 seconds
[2022-06-12 22:23:30,052] {processor.py:163} INFO - Started process (PID=1557) to work on /home/leizo/.local/lib/python3.8/site-packages/airflow/example_dags/example_branch_datetime_operator.py
[2022-06-12 22:23:30,055] {processor.py:642} INFO - Processing file /home/leizo/.local/lib/python3.8/site-packages/airflow/example_dags/example_branch_datetime_operator.py for tasks to queue
[2022-06-12 22:23:30,056] {logging_mixin.py:109} INFO - [2022-06-12 22:23:30,056] {dagbag.py:500} INFO - Filling up the DagBag from /home/leizo/.local/lib/python3.8/site-packages/airflow/example_dags/example_branch_datetime_operator.py
[2022-06-12 22:23:30,104] {processor.py:652} INFO - DAG(s) dict_keys(['example_branch_datetime_operator_2']) retrieved from /home/leizo/.local/lib/python3.8/site-packages/airflow/example_dags/example_branch_datetime_operator.py
[2022-06-12 22:23:30,124] {logging_mixin.py:109} INFO - [2022-06-12 22:23:30,124] {dag.py:2398} INFO - Sync 1 DAGs
[2022-06-12 22:23:30,149] {logging_mixin.py:109} INFO - [2022-06-12 22:23:30,149] {dag.py:2937} INFO - Setting next_dagrun for example_branch_datetime_operator_2 to 2022-06-11 00:00:00+00:00
[2022-06-12 22:23:30,163] {processor.py:171} INFO - Processing /home/leizo/.local/lib/python3.8/site-packages/airflow/example_dags/example_branch_datetime_operator.py took 0.115 seconds
[2022-06-12 22:24:12,801] {processor.py:163} INFO - Started process (PID=1659) to work on /home/leizo/.local/lib/python3.8/site-packages/airflow/example_dags/example_branch_datetime_operator.py
[2022-06-12 22:24:12,804] {processor.py:642} INFO - Processing file /home/leizo/.local/lib/python3.8/site-packages/airflow/example_dags/example_branch_datetime_operator.py for tasks to queue
[2022-06-12 22:24:12,806] {logging_mixin.py:109} INFO - [2022-06-12 22:24:12,806] {dagbag.py:500} INFO - Filling up the DagBag from /home/leizo/.local/lib/python3.8/site-packages/airflow/example_dags/example_branch_datetime_operator.py
[2022-06-12 22:24:12,844] {processor.py:652} INFO - DAG(s) dict_keys(['example_branch_datetime_operator_2']) retrieved from /home/leizo/.local/lib/python3.8/site-packages/airflow/example_dags/example_branch_datetime_operator.py
[2022-06-12 22:24:12,876] {logging_mixin.py:109} INFO - [2022-06-12 22:24:12,876] {dag.py:2398} INFO - Sync 1 DAGs
[2022-06-12 22:24:12,913] {logging_mixin.py:109} INFO - [2022-06-12 22:24:12,912] {dag.py:2937} INFO - Setting next_dagrun for example_branch_datetime_operator_2 to 2022-06-11 00:00:00+00:00
[2022-06-12 22:24:12,943] {processor.py:171} INFO - Processing /home/leizo/.local/lib/python3.8/site-packages/airflow/example_dags/example_branch_datetime_operator.py took 0.145 seconds
[2022-06-12 22:24:46,484] {processor.py:163} INFO - Started process (PID=1693) to work on /home/leizo/.local/lib/python3.8/site-packages/airflow/example_dags/example_branch_datetime_operator.py
[2022-06-12 22:24:46,487] {processor.py:642} INFO - Processing file /home/leizo/.local/lib/python3.8/site-packages/airflow/example_dags/example_branch_datetime_operator.py for tasks to queue
[2022-06-12 22:24:46,488] {logging_mixin.py:109} INFO - [2022-06-12 22:24:46,488] {dagbag.py:500} INFO - Filling up the DagBag from /home/leizo/.local/lib/python3.8/site-packages/airflow/example_dags/example_branch_datetime_operator.py
[2022-06-12 22:24:46,509] {processor.py:652} INFO - DAG(s) dict_keys(['example_branch_datetime_operator_2']) retrieved from /home/leizo/.local/lib/python3.8/site-packages/airflow/example_dags/example_branch_datetime_operator.py
[2022-06-12 22:24:46,525] {logging_mixin.py:109} INFO - [2022-06-12 22:24:46,525] {dag.py:2398} INFO - Sync 1 DAGs
[2022-06-12 22:24:46,542] {logging_mixin.py:109} INFO - [2022-06-12 22:24:46,542] {dag.py:2937} INFO - Setting next_dagrun for example_branch_datetime_operator_2 to 2022-06-11 00:00:00+00:00
[2022-06-12 22:24:46,589] {processor.py:171} INFO - Processing /home/leizo/.local/lib/python3.8/site-packages/airflow/example_dags/example_branch_datetime_operator.py took 0.109 seconds
[2022-06-12 22:25:27,807] {processor.py:163} INFO - Started process (PID=1767) to work on /home/leizo/.local/lib/python3.8/site-packages/airflow/example_dags/example_branch_datetime_operator.py
[2022-06-12 22:25:27,809] {processor.py:642} INFO - Processing file /home/leizo/.local/lib/python3.8/site-packages/airflow/example_dags/example_branch_datetime_operator.py for tasks to queue
[2022-06-12 22:25:27,810] {logging_mixin.py:109} INFO - [2022-06-12 22:25:27,810] {dagbag.py:500} INFO - Filling up the DagBag from /home/leizo/.local/lib/python3.8/site-packages/airflow/example_dags/example_branch_datetime_operator.py
[2022-06-12 22:25:27,841] {processor.py:652} INFO - DAG(s) dict_keys(['example_branch_datetime_operator_2']) retrieved from /home/leizo/.local/lib/python3.8/site-packages/airflow/example_dags/example_branch_datetime_operator.py
[2022-06-12 22:25:27,857] {logging_mixin.py:109} INFO - [2022-06-12 22:25:27,857] {dag.py:2398} INFO - Sync 1 DAGs
[2022-06-12 22:25:27,870] {logging_mixin.py:109} INFO - [2022-06-12 22:25:27,870] {dag.py:2937} INFO - Setting next_dagrun for example_branch_datetime_operator_2 to 2022-06-11 00:00:00+00:00
[2022-06-12 22:25:27,881] {processor.py:171} INFO - Processing /home/leizo/.local/lib/python3.8/site-packages/airflow/example_dags/example_branch_datetime_operator.py took 0.079 seconds
[2022-06-12 22:26:07,633] {processor.py:163} INFO - Started process (PID=1805) to work on /home/leizo/.local/lib/python3.8/site-packages/airflow/example_dags/example_branch_datetime_operator.py
[2022-06-12 22:26:07,637] {processor.py:642} INFO - Processing file /home/leizo/.local/lib/python3.8/site-packages/airflow/example_dags/example_branch_datetime_operator.py for tasks to queue
[2022-06-12 22:26:07,638] {logging_mixin.py:109} INFO - [2022-06-12 22:26:07,638] {dagbag.py:500} INFO - Filling up the DagBag from /home/leizo/.local/lib/python3.8/site-packages/airflow/example_dags/example_branch_datetime_operator.py
[2022-06-12 22:26:07,686] {processor.py:652} INFO - DAG(s) dict_keys(['example_branch_datetime_operator_2']) retrieved from /home/leizo/.local/lib/python3.8/site-packages/airflow/example_dags/example_branch_datetime_operator.py
[2022-06-12 22:26:07,712] {logging_mixin.py:109} INFO - [2022-06-12 22:26:07,712] {dag.py:2398} INFO - Sync 1 DAGs
[2022-06-12 22:26:07,733] {logging_mixin.py:109} INFO - [2022-06-12 22:26:07,733] {dag.py:2937} INFO - Setting next_dagrun for example_branch_datetime_operator_2 to 2022-06-11 00:00:00+00:00
[2022-06-12 22:26:07,749] {processor.py:171} INFO - Processing /home/leizo/.local/lib/python3.8/site-packages/airflow/example_dags/example_branch_datetime_operator.py took 0.121 seconds
[2022-06-12 22:26:48,440] {processor.py:163} INFO - Started process (PID=1841) to work on /home/leizo/.local/lib/python3.8/site-packages/airflow/example_dags/example_branch_datetime_operator.py
[2022-06-12 22:26:48,442] {processor.py:642} INFO - Processing file /home/leizo/.local/lib/python3.8/site-packages/airflow/example_dags/example_branch_datetime_operator.py for tasks to queue
[2022-06-12 22:26:48,443] {logging_mixin.py:109} INFO - [2022-06-12 22:26:48,443] {dagbag.py:500} INFO - Filling up the DagBag from /home/leizo/.local/lib/python3.8/site-packages/airflow/example_dags/example_branch_datetime_operator.py
[2022-06-12 22:26:48,467] {processor.py:652} INFO - DAG(s) dict_keys(['example_branch_datetime_operator_2']) retrieved from /home/leizo/.local/lib/python3.8/site-packages/airflow/example_dags/example_branch_datetime_operator.py
[2022-06-12 22:26:48,484] {logging_mixin.py:109} INFO - [2022-06-12 22:26:48,484] {dag.py:2398} INFO - Sync 1 DAGs
[2022-06-12 22:26:48,502] {logging_mixin.py:109} INFO - [2022-06-12 22:26:48,502] {dag.py:2937} INFO - Setting next_dagrun for example_branch_datetime_operator_2 to 2022-06-11 00:00:00+00:00
[2022-06-12 22:26:48,519] {processor.py:171} INFO - Processing /home/leizo/.local/lib/python3.8/site-packages/airflow/example_dags/example_branch_datetime_operator.py took 0.082 seconds
[2022-06-12 22:28:00,344] {processor.py:163} INFO - Started process (PID=1920) to work on /home/leizo/.local/lib/python3.8/site-packages/airflow/example_dags/example_branch_datetime_operator.py
[2022-06-12 22:28:00,347] {processor.py:642} INFO - Processing file /home/leizo/.local/lib/python3.8/site-packages/airflow/example_dags/example_branch_datetime_operator.py for tasks to queue
[2022-06-12 22:28:00,349] {logging_mixin.py:109} INFO - [2022-06-12 22:28:00,349] {dagbag.py:500} INFO - Filling up the DagBag from /home/leizo/.local/lib/python3.8/site-packages/airflow/example_dags/example_branch_datetime_operator.py
[2022-06-12 22:28:00,394] {processor.py:652} INFO - DAG(s) dict_keys(['example_branch_datetime_operator_2']) retrieved from /home/leizo/.local/lib/python3.8/site-packages/airflow/example_dags/example_branch_datetime_operator.py
[2022-06-12 22:28:00,413] {logging_mixin.py:109} INFO - [2022-06-12 22:28:00,413] {dag.py:2398} INFO - Sync 1 DAGs
[2022-06-12 22:28:00,442] {logging_mixin.py:109} INFO - [2022-06-12 22:28:00,442] {dag.py:2937} INFO - Setting next_dagrun for example_branch_datetime_operator_2 to 2022-06-11 00:00:00+00:00
[2022-06-12 22:28:00,458] {processor.py:171} INFO - Processing /home/leizo/.local/lib/python3.8/site-packages/airflow/example_dags/example_branch_datetime_operator.py took 0.120 seconds
[2022-06-12 22:28:40,353] {processor.py:163} INFO - Started process (PID=1997) to work on /home/leizo/.local/lib/python3.8/site-packages/airflow/example_dags/example_branch_datetime_operator.py
[2022-06-12 22:28:40,356] {processor.py:642} INFO - Processing file /home/leizo/.local/lib/python3.8/site-packages/airflow/example_dags/example_branch_datetime_operator.py for tasks to queue
[2022-06-12 22:28:40,357] {logging_mixin.py:109} INFO - [2022-06-12 22:28:40,357] {dagbag.py:500} INFO - Filling up the DagBag from /home/leizo/.local/lib/python3.8/site-packages/airflow/example_dags/example_branch_datetime_operator.py
[2022-06-12 22:28:40,376] {processor.py:652} INFO - DAG(s) dict_keys(['example_branch_datetime_operator_2']) retrieved from /home/leizo/.local/lib/python3.8/site-packages/airflow/example_dags/example_branch_datetime_operator.py
[2022-06-12 22:28:40,386] {logging_mixin.py:109} INFO - [2022-06-12 22:28:40,386] {dag.py:2398} INFO - Sync 1 DAGs
[2022-06-12 22:28:40,397] {logging_mixin.py:109} INFO - [2022-06-12 22:28:40,397] {dag.py:2937} INFO - Setting next_dagrun for example_branch_datetime_operator_2 to 2022-06-11 00:00:00+00:00
[2022-06-12 22:28:40,414] {processor.py:171} INFO - Processing /home/leizo/.local/lib/python3.8/site-packages/airflow/example_dags/example_branch_datetime_operator.py took 0.067 seconds
[2022-06-12 22:29:24,902] {processor.py:163} INFO - Started process (PID=2097) to work on /home/leizo/.local/lib/python3.8/site-packages/airflow/example_dags/example_branch_datetime_operator.py
[2022-06-12 22:29:24,907] {processor.py:642} INFO - Processing file /home/leizo/.local/lib/python3.8/site-packages/airflow/example_dags/example_branch_datetime_operator.py for tasks to queue
[2022-06-12 22:29:24,909] {logging_mixin.py:109} INFO - [2022-06-12 22:29:24,909] {dagbag.py:500} INFO - Filling up the DagBag from /home/leizo/.local/lib/python3.8/site-packages/airflow/example_dags/example_branch_datetime_operator.py
[2022-06-12 22:29:24,931] {processor.py:652} INFO - DAG(s) dict_keys(['example_branch_datetime_operator_2']) retrieved from /home/leizo/.local/lib/python3.8/site-packages/airflow/example_dags/example_branch_datetime_operator.py
[2022-06-12 22:29:24,948] {logging_mixin.py:109} INFO - [2022-06-12 22:29:24,948] {dag.py:2398} INFO - Sync 1 DAGs
[2022-06-12 22:29:24,966] {logging_mixin.py:109} INFO - [2022-06-12 22:29:24,965] {dag.py:2937} INFO - Setting next_dagrun for example_branch_datetime_operator_2 to 2022-06-11 00:00:00+00:00
[2022-06-12 22:29:24,982] {processor.py:171} INFO - Processing /home/leizo/.local/lib/python3.8/site-packages/airflow/example_dags/example_branch_datetime_operator.py took 0.084 seconds
[2022-06-12 22:30:09,688] {processor.py:163} INFO - Started process (PID=2214) to work on /home/leizo/.local/lib/python3.8/site-packages/airflow/example_dags/example_branch_datetime_operator.py
[2022-06-12 22:30:09,692] {processor.py:642} INFO - Processing file /home/leizo/.local/lib/python3.8/site-packages/airflow/example_dags/example_branch_datetime_operator.py for tasks to queue
[2022-06-12 22:30:09,693] {logging_mixin.py:109} INFO - [2022-06-12 22:30:09,693] {dagbag.py:500} INFO - Filling up the DagBag from /home/leizo/.local/lib/python3.8/site-packages/airflow/example_dags/example_branch_datetime_operator.py
[2022-06-12 22:30:09,722] {processor.py:652} INFO - DAG(s) dict_keys(['example_branch_datetime_operator_2']) retrieved from /home/leizo/.local/lib/python3.8/site-packages/airflow/example_dags/example_branch_datetime_operator.py
[2022-06-12 22:30:09,737] {logging_mixin.py:109} INFO - [2022-06-12 22:30:09,737] {dag.py:2398} INFO - Sync 1 DAGs
[2022-06-12 22:30:09,751] {logging_mixin.py:109} INFO - [2022-06-12 22:30:09,751] {dag.py:2937} INFO - Setting next_dagrun for example_branch_datetime_operator_2 to 2022-06-11 00:00:00+00:00
[2022-06-12 22:30:09,767] {processor.py:171} INFO - Processing /home/leizo/.local/lib/python3.8/site-packages/airflow/example_dags/example_branch_datetime_operator.py took 0.085 seconds
[2022-06-12 22:30:58,650] {processor.py:163} INFO - Started process (PID=2325) to work on /home/leizo/.local/lib/python3.8/site-packages/airflow/example_dags/example_branch_datetime_operator.py
[2022-06-12 22:30:58,654] {processor.py:642} INFO - Processing file /home/leizo/.local/lib/python3.8/site-packages/airflow/example_dags/example_branch_datetime_operator.py for tasks to queue
[2022-06-12 22:30:58,656] {logging_mixin.py:109} INFO - [2022-06-12 22:30:58,655] {dagbag.py:500} INFO - Filling up the DagBag from /home/leizo/.local/lib/python3.8/site-packages/airflow/example_dags/example_branch_datetime_operator.py
[2022-06-12 22:30:58,683] {processor.py:652} INFO - DAG(s) dict_keys(['example_branch_datetime_operator_2']) retrieved from /home/leizo/.local/lib/python3.8/site-packages/airflow/example_dags/example_branch_datetime_operator.py
[2022-06-12 22:30:58,703] {logging_mixin.py:109} INFO - [2022-06-12 22:30:58,703] {dag.py:2398} INFO - Sync 1 DAGs
[2022-06-12 22:30:58,720] {logging_mixin.py:109} INFO - [2022-06-12 22:30:58,720] {dag.py:2937} INFO - Setting next_dagrun for example_branch_datetime_operator_2 to 2022-06-11 00:00:00+00:00
[2022-06-12 22:30:58,736] {processor.py:171} INFO - Processing /home/leizo/.local/lib/python3.8/site-packages/airflow/example_dags/example_branch_datetime_operator.py took 0.093 seconds
[2022-06-12 22:31:41,097] {processor.py:163} INFO - Started process (PID=2454) to work on /home/leizo/.local/lib/python3.8/site-packages/airflow/example_dags/example_branch_datetime_operator.py
[2022-06-12 22:31:41,099] {processor.py:642} INFO - Processing file /home/leizo/.local/lib/python3.8/site-packages/airflow/example_dags/example_branch_datetime_operator.py for tasks to queue
[2022-06-12 22:31:41,099] {logging_mixin.py:109} INFO - [2022-06-12 22:31:41,099] {dagbag.py:500} INFO - Filling up the DagBag from /home/leizo/.local/lib/python3.8/site-packages/airflow/example_dags/example_branch_datetime_operator.py
[2022-06-12 22:31:41,116] {processor.py:652} INFO - DAG(s) dict_keys(['example_branch_datetime_operator_2']) retrieved from /home/leizo/.local/lib/python3.8/site-packages/airflow/example_dags/example_branch_datetime_operator.py
[2022-06-12 22:31:41,126] {logging_mixin.py:109} INFO - [2022-06-12 22:31:41,126] {dag.py:2398} INFO - Sync 1 DAGs
[2022-06-12 22:31:41,136] {logging_mixin.py:109} INFO - [2022-06-12 22:31:41,136] {dag.py:2937} INFO - Setting next_dagrun for example_branch_datetime_operator_2 to 2022-06-11 00:00:00+00:00
[2022-06-12 22:31:41,146] {processor.py:171} INFO - Processing /home/leizo/.local/lib/python3.8/site-packages/airflow/example_dags/example_branch_datetime_operator.py took 0.051 seconds
[2022-06-12 22:32:22,209] {processor.py:163} INFO - Started process (PID=2509) to work on /home/leizo/.local/lib/python3.8/site-packages/airflow/example_dags/example_branch_datetime_operator.py
[2022-06-12 22:32:22,210] {processor.py:642} INFO - Processing file /home/leizo/.local/lib/python3.8/site-packages/airflow/example_dags/example_branch_datetime_operator.py for tasks to queue
[2022-06-12 22:32:22,211] {logging_mixin.py:109} INFO - [2022-06-12 22:32:22,210] {dagbag.py:500} INFO - Filling up the DagBag from /home/leizo/.local/lib/python3.8/site-packages/airflow/example_dags/example_branch_datetime_operator.py
[2022-06-12 22:32:22,223] {processor.py:652} INFO - DAG(s) dict_keys(['example_branch_datetime_operator_2']) retrieved from /home/leizo/.local/lib/python3.8/site-packages/airflow/example_dags/example_branch_datetime_operator.py
[2022-06-12 22:32:22,235] {logging_mixin.py:109} INFO - [2022-06-12 22:32:22,234] {dag.py:2398} INFO - Sync 1 DAGs
[2022-06-12 22:32:22,250] {logging_mixin.py:109} INFO - [2022-06-12 22:32:22,250] {dag.py:2937} INFO - Setting next_dagrun for example_branch_datetime_operator_2 to 2022-06-11 00:00:00+00:00
[2022-06-12 22:32:22,265] {processor.py:171} INFO - Processing /home/leizo/.local/lib/python3.8/site-packages/airflow/example_dags/example_branch_datetime_operator.py took 0.059 seconds
[2022-06-12 22:33:02,291] {processor.py:163} INFO - Started process (PID=2566) to work on /home/leizo/.local/lib/python3.8/site-packages/airflow/example_dags/example_branch_datetime_operator.py
[2022-06-12 22:33:02,293] {processor.py:642} INFO - Processing file /home/leizo/.local/lib/python3.8/site-packages/airflow/example_dags/example_branch_datetime_operator.py for tasks to queue
[2022-06-12 22:33:02,294] {logging_mixin.py:109} INFO - [2022-06-12 22:33:02,294] {dagbag.py:500} INFO - Filling up the DagBag from /home/leizo/.local/lib/python3.8/site-packages/airflow/example_dags/example_branch_datetime_operator.py
[2022-06-12 22:33:02,310] {processor.py:652} INFO - DAG(s) dict_keys(['example_branch_datetime_operator_2']) retrieved from /home/leizo/.local/lib/python3.8/site-packages/airflow/example_dags/example_branch_datetime_operator.py
[2022-06-12 22:33:02,319] {logging_mixin.py:109} INFO - [2022-06-12 22:33:02,319] {dag.py:2398} INFO - Sync 1 DAGs
[2022-06-12 22:33:02,329] {logging_mixin.py:109} INFO - [2022-06-12 22:33:02,329] {dag.py:2937} INFO - Setting next_dagrun for example_branch_datetime_operator_2 to 2022-06-11 00:00:00+00:00
[2022-06-12 22:33:02,342] {processor.py:171} INFO - Processing /home/leizo/.local/lib/python3.8/site-packages/airflow/example_dags/example_branch_datetime_operator.py took 0.054 seconds
[2022-06-12 22:33:42,410] {processor.py:163} INFO - Started process (PID=2657) to work on /home/leizo/.local/lib/python3.8/site-packages/airflow/example_dags/example_branch_datetime_operator.py
[2022-06-12 22:33:42,412] {processor.py:642} INFO - Processing file /home/leizo/.local/lib/python3.8/site-packages/airflow/example_dags/example_branch_datetime_operator.py for tasks to queue
[2022-06-12 22:33:42,413] {logging_mixin.py:109} INFO - [2022-06-12 22:33:42,413] {dagbag.py:500} INFO - Filling up the DagBag from /home/leizo/.local/lib/python3.8/site-packages/airflow/example_dags/example_branch_datetime_operator.py
[2022-06-12 22:33:42,428] {processor.py:652} INFO - DAG(s) dict_keys(['example_branch_datetime_operator_2']) retrieved from /home/leizo/.local/lib/python3.8/site-packages/airflow/example_dags/example_branch_datetime_operator.py
[2022-06-12 22:33:42,441] {logging_mixin.py:109} INFO - [2022-06-12 22:33:42,441] {dag.py:2398} INFO - Sync 1 DAGs
[2022-06-12 22:33:42,456] {logging_mixin.py:109} INFO - [2022-06-12 22:33:42,455] {dag.py:2937} INFO - Setting next_dagrun for example_branch_datetime_operator_2 to 2022-06-11 00:00:00+00:00
[2022-06-12 22:33:42,471] {processor.py:171} INFO - Processing /home/leizo/.local/lib/python3.8/site-packages/airflow/example_dags/example_branch_datetime_operator.py took 0.064 seconds
[2022-06-12 22:34:23,880] {processor.py:163} INFO - Started process (PID=2731) to work on /home/leizo/.local/lib/python3.8/site-packages/airflow/example_dags/example_branch_datetime_operator.py
[2022-06-12 22:34:23,881] {processor.py:642} INFO - Processing file /home/leizo/.local/lib/python3.8/site-packages/airflow/example_dags/example_branch_datetime_operator.py for tasks to queue
[2022-06-12 22:34:23,882] {logging_mixin.py:109} INFO - [2022-06-12 22:34:23,882] {dagbag.py:500} INFO - Filling up the DagBag from /home/leizo/.local/lib/python3.8/site-packages/airflow/example_dags/example_branch_datetime_operator.py
[2022-06-12 22:34:23,893] {processor.py:652} INFO - DAG(s) dict_keys(['example_branch_datetime_operator_2']) retrieved from /home/leizo/.local/lib/python3.8/site-packages/airflow/example_dags/example_branch_datetime_operator.py
[2022-06-12 22:34:23,904] {logging_mixin.py:109} INFO - [2022-06-12 22:34:23,903] {dag.py:2398} INFO - Sync 1 DAGs
[2022-06-12 22:34:23,917] {logging_mixin.py:109} INFO - [2022-06-12 22:34:23,917] {dag.py:2937} INFO - Setting next_dagrun for example_branch_datetime_operator_2 to 2022-06-11 00:00:00+00:00
[2022-06-12 22:34:23,932] {processor.py:171} INFO - Processing /home/leizo/.local/lib/python3.8/site-packages/airflow/example_dags/example_branch_datetime_operator.py took 0.054 seconds
[2022-06-12 22:35:04,301] {processor.py:163} INFO - Started process (PID=2796) to work on /home/leizo/.local/lib/python3.8/site-packages/airflow/example_dags/example_branch_datetime_operator.py
[2022-06-12 22:35:04,302] {processor.py:642} INFO - Processing file /home/leizo/.local/lib/python3.8/site-packages/airflow/example_dags/example_branch_datetime_operator.py for tasks to queue
[2022-06-12 22:35:04,303] {logging_mixin.py:109} INFO - [2022-06-12 22:35:04,303] {dagbag.py:500} INFO - Filling up the DagBag from /home/leizo/.local/lib/python3.8/site-packages/airflow/example_dags/example_branch_datetime_operator.py
[2022-06-12 22:35:04,316] {processor.py:652} INFO - DAG(s) dict_keys(['example_branch_datetime_operator_2']) retrieved from /home/leizo/.local/lib/python3.8/site-packages/airflow/example_dags/example_branch_datetime_operator.py
[2022-06-12 22:35:04,325] {logging_mixin.py:109} INFO - [2022-06-12 22:35:04,325] {dag.py:2398} INFO - Sync 1 DAGs
[2022-06-12 22:35:04,339] {logging_mixin.py:109} INFO - [2022-06-12 22:35:04,338] {dag.py:2937} INFO - Setting next_dagrun for example_branch_datetime_operator_2 to 2022-06-11 00:00:00+00:00
[2022-06-12 22:35:04,350] {processor.py:171} INFO - Processing /home/leizo/.local/lib/python3.8/site-packages/airflow/example_dags/example_branch_datetime_operator.py took 0.051 seconds
[2022-06-12 22:35:47,111] {processor.py:163} INFO - Started process (PID=2919) to work on /home/leizo/.local/lib/python3.8/site-packages/airflow/example_dags/example_branch_datetime_operator.py
[2022-06-12 22:35:47,116] {processor.py:642} INFO - Processing file /home/leizo/.local/lib/python3.8/site-packages/airflow/example_dags/example_branch_datetime_operator.py for tasks to queue
[2022-06-12 22:35:47,117] {logging_mixin.py:109} INFO - [2022-06-12 22:35:47,117] {dagbag.py:500} INFO - Filling up the DagBag from /home/leizo/.local/lib/python3.8/site-packages/airflow/example_dags/example_branch_datetime_operator.py
[2022-06-12 22:35:47,148] {processor.py:652} INFO - DAG(s) dict_keys(['example_branch_datetime_operator_2']) retrieved from /home/leizo/.local/lib/python3.8/site-packages/airflow/example_dags/example_branch_datetime_operator.py
[2022-06-12 22:35:47,167] {logging_mixin.py:109} INFO - [2022-06-12 22:35:47,167] {dag.py:2398} INFO - Sync 1 DAGs
[2022-06-12 22:35:47,180] {logging_mixin.py:109} INFO - [2022-06-12 22:35:47,180] {dag.py:2937} INFO - Setting next_dagrun for example_branch_datetime_operator_2 to 2022-06-11 00:00:00+00:00
[2022-06-12 22:35:47,193] {processor.py:171} INFO - Processing /home/leizo/.local/lib/python3.8/site-packages/airflow/example_dags/example_branch_datetime_operator.py took 0.086 seconds
[2022-06-12 22:36:28,900] {processor.py:163} INFO - Started process (PID=2977) to work on /home/leizo/.local/lib/python3.8/site-packages/airflow/example_dags/example_branch_datetime_operator.py
[2022-06-12 22:36:28,903] {processor.py:642} INFO - Processing file /home/leizo/.local/lib/python3.8/site-packages/airflow/example_dags/example_branch_datetime_operator.py for tasks to queue
[2022-06-12 22:36:28,905] {logging_mixin.py:109} INFO - [2022-06-12 22:36:28,905] {dagbag.py:500} INFO - Filling up the DagBag from /home/leizo/.local/lib/python3.8/site-packages/airflow/example_dags/example_branch_datetime_operator.py
[2022-06-12 22:36:28,939] {processor.py:652} INFO - DAG(s) dict_keys(['example_branch_datetime_operator_2']) retrieved from /home/leizo/.local/lib/python3.8/site-packages/airflow/example_dags/example_branch_datetime_operator.py
[2022-06-12 22:36:28,956] {logging_mixin.py:109} INFO - [2022-06-12 22:36:28,956] {dag.py:2398} INFO - Sync 1 DAGs
[2022-06-12 22:36:28,969] {logging_mixin.py:109} INFO - [2022-06-12 22:36:28,969] {dag.py:2937} INFO - Setting next_dagrun for example_branch_datetime_operator_2 to 2022-06-11 00:00:00+00:00
[2022-06-12 22:36:28,980] {processor.py:171} INFO - Processing /home/leizo/.local/lib/python3.8/site-packages/airflow/example_dags/example_branch_datetime_operator.py took 0.085 seconds
[2022-06-12 22:37:10,671] {processor.py:163} INFO - Started process (PID=3048) to work on /home/leizo/.local/lib/python3.8/site-packages/airflow/example_dags/example_branch_datetime_operator.py
[2022-06-12 22:37:10,675] {processor.py:642} INFO - Processing file /home/leizo/.local/lib/python3.8/site-packages/airflow/example_dags/example_branch_datetime_operator.py for tasks to queue
[2022-06-12 22:37:10,677] {logging_mixin.py:109} INFO - [2022-06-12 22:37:10,676] {dagbag.py:500} INFO - Filling up the DagBag from /home/leizo/.local/lib/python3.8/site-packages/airflow/example_dags/example_branch_datetime_operator.py
[2022-06-12 22:37:10,695] {processor.py:652} INFO - DAG(s) dict_keys(['example_branch_datetime_operator_2']) retrieved from /home/leizo/.local/lib/python3.8/site-packages/airflow/example_dags/example_branch_datetime_operator.py
[2022-06-12 22:37:10,709] {logging_mixin.py:109} INFO - [2022-06-12 22:37:10,709] {dag.py:2398} INFO - Sync 1 DAGs
[2022-06-12 22:37:10,734] {logging_mixin.py:109} INFO - [2022-06-12 22:37:10,734] {dag.py:2937} INFO - Setting next_dagrun for example_branch_datetime_operator_2 to 2022-06-11 00:00:00+00:00
[2022-06-12 22:37:10,750] {processor.py:171} INFO - Processing /home/leizo/.local/lib/python3.8/site-packages/airflow/example_dags/example_branch_datetime_operator.py took 0.085 seconds
[2022-06-12 22:37:53,640] {processor.py:163} INFO - Started process (PID=3089) to work on /home/leizo/.local/lib/python3.8/site-packages/airflow/example_dags/example_branch_datetime_operator.py
[2022-06-12 22:37:53,643] {processor.py:642} INFO - Processing file /home/leizo/.local/lib/python3.8/site-packages/airflow/example_dags/example_branch_datetime_operator.py for tasks to queue
[2022-06-12 22:37:53,644] {logging_mixin.py:109} INFO - [2022-06-12 22:37:53,644] {dagbag.py:500} INFO - Filling up the DagBag from /home/leizo/.local/lib/python3.8/site-packages/airflow/example_dags/example_branch_datetime_operator.py
[2022-06-12 22:37:53,655] {processor.py:652} INFO - DAG(s) dict_keys(['example_branch_datetime_operator_2']) retrieved from /home/leizo/.local/lib/python3.8/site-packages/airflow/example_dags/example_branch_datetime_operator.py
[2022-06-12 22:37:53,666] {logging_mixin.py:109} INFO - [2022-06-12 22:37:53,666] {dag.py:2398} INFO - Sync 1 DAGs
[2022-06-12 22:37:53,681] {logging_mixin.py:109} INFO - [2022-06-12 22:37:53,681] {dag.py:2937} INFO - Setting next_dagrun for example_branch_datetime_operator_2 to 2022-06-11 00:00:00+00:00
[2022-06-12 22:37:53,694] {processor.py:171} INFO - Processing /home/leizo/.local/lib/python3.8/site-packages/airflow/example_dags/example_branch_datetime_operator.py took 0.055 seconds
[2022-06-12 22:38:38,955] {processor.py:163} INFO - Started process (PID=3131) to work on /home/leizo/.local/lib/python3.8/site-packages/airflow/example_dags/example_branch_datetime_operator.py
[2022-06-12 22:38:38,958] {processor.py:642} INFO - Processing file /home/leizo/.local/lib/python3.8/site-packages/airflow/example_dags/example_branch_datetime_operator.py for tasks to queue
[2022-06-12 22:38:38,960] {logging_mixin.py:109} INFO - [2022-06-12 22:38:38,959] {dagbag.py:500} INFO - Filling up the DagBag from /home/leizo/.local/lib/python3.8/site-packages/airflow/example_dags/example_branch_datetime_operator.py
[2022-06-12 22:38:38,989] {processor.py:652} INFO - DAG(s) dict_keys(['example_branch_datetime_operator_2']) retrieved from /home/leizo/.local/lib/python3.8/site-packages/airflow/example_dags/example_branch_datetime_operator.py
[2022-06-12 22:38:39,016] {logging_mixin.py:109} INFO - [2022-06-12 22:38:39,015] {dag.py:2398} INFO - Sync 1 DAGs
[2022-06-12 22:38:39,041] {logging_mixin.py:109} INFO - [2022-06-12 22:38:39,041] {dag.py:2937} INFO - Setting next_dagrun for example_branch_datetime_operator_2 to 2022-06-11 00:00:00+00:00
[2022-06-12 22:38:39,056] {processor.py:171} INFO - Processing /home/leizo/.local/lib/python3.8/site-packages/airflow/example_dags/example_branch_datetime_operator.py took 0.108 seconds
[2022-06-12 22:39:20,582] {processor.py:163} INFO - Started process (PID=3234) to work on /home/leizo/.local/lib/python3.8/site-packages/airflow/example_dags/example_branch_datetime_operator.py
[2022-06-12 22:39:20,584] {processor.py:642} INFO - Processing file /home/leizo/.local/lib/python3.8/site-packages/airflow/example_dags/example_branch_datetime_operator.py for tasks to queue
[2022-06-12 22:39:20,585] {logging_mixin.py:109} INFO - [2022-06-12 22:39:20,585] {dagbag.py:500} INFO - Filling up the DagBag from /home/leizo/.local/lib/python3.8/site-packages/airflow/example_dags/example_branch_datetime_operator.py
[2022-06-12 22:39:20,599] {processor.py:652} INFO - DAG(s) dict_keys(['example_branch_datetime_operator_2']) retrieved from /home/leizo/.local/lib/python3.8/site-packages/airflow/example_dags/example_branch_datetime_operator.py
[2022-06-12 22:39:20,612] {logging_mixin.py:109} INFO - [2022-06-12 22:39:20,612] {dag.py:2398} INFO - Sync 1 DAGs
[2022-06-12 22:39:20,627] {logging_mixin.py:109} INFO - [2022-06-12 22:39:20,627] {dag.py:2937} INFO - Setting next_dagrun for example_branch_datetime_operator_2 to 2022-06-11 00:00:00+00:00
[2022-06-12 22:39:20,644] {processor.py:171} INFO - Processing /home/leizo/.local/lib/python3.8/site-packages/airflow/example_dags/example_branch_datetime_operator.py took 0.065 seconds
[2022-06-12 22:40:02,177] {processor.py:163} INFO - Started process (PID=3276) to work on /home/leizo/.local/lib/python3.8/site-packages/airflow/example_dags/example_branch_datetime_operator.py
[2022-06-12 22:40:02,181] {processor.py:642} INFO - Processing file /home/leizo/.local/lib/python3.8/site-packages/airflow/example_dags/example_branch_datetime_operator.py for tasks to queue
[2022-06-12 22:40:02,182] {logging_mixin.py:109} INFO - [2022-06-12 22:40:02,182] {dagbag.py:500} INFO - Filling up the DagBag from /home/leizo/.local/lib/python3.8/site-packages/airflow/example_dags/example_branch_datetime_operator.py
[2022-06-12 22:40:02,203] {processor.py:652} INFO - DAG(s) dict_keys(['example_branch_datetime_operator_2']) retrieved from /home/leizo/.local/lib/python3.8/site-packages/airflow/example_dags/example_branch_datetime_operator.py
[2022-06-12 22:40:02,221] {logging_mixin.py:109} INFO - [2022-06-12 22:40:02,221] {dag.py:2398} INFO - Sync 1 DAGs
[2022-06-12 22:40:02,246] {logging_mixin.py:109} INFO - [2022-06-12 22:40:02,246] {dag.py:2937} INFO - Setting next_dagrun for example_branch_datetime_operator_2 to 2022-06-11 00:00:00+00:00
[2022-06-12 22:40:02,260] {processor.py:171} INFO - Processing /home/leizo/.local/lib/python3.8/site-packages/airflow/example_dags/example_branch_datetime_operator.py took 0.089 seconds
