[2022-06-12 21:59:54,152] {processor.py:163} INFO - Started process (PID=156) to work on /home/leizo/.local/lib/python3.8/site-packages/airflow/example_dags/example_nested_branch_dag.py
[2022-06-12 21:59:54,159] {processor.py:642} INFO - Processing file /home/leizo/.local/lib/python3.8/site-packages/airflow/example_dags/example_nested_branch_dag.py for tasks to queue
[2022-06-12 21:59:54,160] {logging_mixin.py:109} INFO - [2022-06-12 21:59:54,159] {dagbag.py:500} INFO - Filling up the DagBag from /home/leizo/.local/lib/python3.8/site-packages/airflow/example_dags/example_nested_branch_dag.py
[2022-06-12 21:59:54,277] {processor.py:652} INFO - DAG(s) dict_keys(['example_nested_branch_dag']) retrieved from /home/leizo/.local/lib/python3.8/site-packages/airflow/example_dags/example_nested_branch_dag.py
[2022-06-12 21:59:54,387] {logging_mixin.py:109} INFO - [2022-06-12 21:59:54,387] {dag.py:2398} INFO - Sync 1 DAGs
[2022-06-12 21:59:54,481] {logging_mixin.py:109} INFO - [2022-06-12 21:59:54,480] {dag.py:2937} INFO - Setting next_dagrun for example_nested_branch_dag to 2022-06-11 00:00:00+00:00
[2022-06-12 21:59:54,512] {processor.py:171} INFO - Processing /home/leizo/.local/lib/python3.8/site-packages/airflow/example_dags/example_nested_branch_dag.py took 0.381 seconds
[2022-06-12 22:00:38,549] {processor.py:163} INFO - Started process (PID=190) to work on /home/leizo/.local/lib/python3.8/site-packages/airflow/example_dags/example_nested_branch_dag.py
[2022-06-12 22:00:38,552] {processor.py:642} INFO - Processing file /home/leizo/.local/lib/python3.8/site-packages/airflow/example_dags/example_nested_branch_dag.py for tasks to queue
[2022-06-12 22:00:38,554] {logging_mixin.py:109} INFO - [2022-06-12 22:00:38,554] {dagbag.py:500} INFO - Filling up the DagBag from /home/leizo/.local/lib/python3.8/site-packages/airflow/example_dags/example_nested_branch_dag.py
[2022-06-12 22:00:38,602] {processor.py:652} INFO - DAG(s) dict_keys(['example_nested_branch_dag']) retrieved from /home/leizo/.local/lib/python3.8/site-packages/airflow/example_dags/example_nested_branch_dag.py
[2022-06-12 22:00:38,629] {logging_mixin.py:109} INFO - [2022-06-12 22:00:38,628] {dag.py:2398} INFO - Sync 1 DAGs
[2022-06-12 22:00:38,666] {logging_mixin.py:109} INFO - [2022-06-12 22:00:38,666] {dag.py:2937} INFO - Setting next_dagrun for example_nested_branch_dag to 2022-06-11 00:00:00+00:00
[2022-06-12 22:00:38,689] {processor.py:171} INFO - Processing /home/leizo/.local/lib/python3.8/site-packages/airflow/example_dags/example_nested_branch_dag.py took 0.146 seconds
[2022-06-12 22:01:32,749] {processor.py:163} INFO - Started process (PID=227) to work on /home/leizo/.local/lib/python3.8/site-packages/airflow/example_dags/example_nested_branch_dag.py
[2022-06-12 22:01:32,751] {processor.py:642} INFO - Processing file /home/leizo/.local/lib/python3.8/site-packages/airflow/example_dags/example_nested_branch_dag.py for tasks to queue
[2022-06-12 22:01:32,752] {logging_mixin.py:109} INFO - [2022-06-12 22:01:32,752] {dagbag.py:500} INFO - Filling up the DagBag from /home/leizo/.local/lib/python3.8/site-packages/airflow/example_dags/example_nested_branch_dag.py
[2022-06-12 22:01:32,789] {processor.py:652} INFO - DAG(s) dict_keys(['example_nested_branch_dag']) retrieved from /home/leizo/.local/lib/python3.8/site-packages/airflow/example_dags/example_nested_branch_dag.py
[2022-06-12 22:01:32,819] {logging_mixin.py:109} INFO - [2022-06-12 22:01:32,819] {dag.py:2398} INFO - Sync 1 DAGs
[2022-06-12 22:01:32,857] {logging_mixin.py:109} INFO - [2022-06-12 22:01:32,856] {dag.py:2937} INFO - Setting next_dagrun for example_nested_branch_dag to 2022-06-11 00:00:00+00:00
[2022-06-12 22:01:32,873] {processor.py:171} INFO - Processing /home/leizo/.local/lib/python3.8/site-packages/airflow/example_dags/example_nested_branch_dag.py took 0.130 seconds
[2022-06-12 22:02:16,080] {processor.py:163} INFO - Started process (PID=261) to work on /home/leizo/.local/lib/python3.8/site-packages/airflow/example_dags/example_nested_branch_dag.py
[2022-06-12 22:02:16,083] {processor.py:642} INFO - Processing file /home/leizo/.local/lib/python3.8/site-packages/airflow/example_dags/example_nested_branch_dag.py for tasks to queue
[2022-06-12 22:02:16,084] {logging_mixin.py:109} INFO - [2022-06-12 22:02:16,084] {dagbag.py:500} INFO - Filling up the DagBag from /home/leizo/.local/lib/python3.8/site-packages/airflow/example_dags/example_nested_branch_dag.py
[2022-06-12 22:02:16,120] {processor.py:652} INFO - DAG(s) dict_keys(['example_nested_branch_dag']) retrieved from /home/leizo/.local/lib/python3.8/site-packages/airflow/example_dags/example_nested_branch_dag.py
[2022-06-12 22:02:16,142] {logging_mixin.py:109} INFO - [2022-06-12 22:02:16,142] {dag.py:2398} INFO - Sync 1 DAGs
[2022-06-12 22:02:16,173] {logging_mixin.py:109} INFO - [2022-06-12 22:02:16,173] {dag.py:2937} INFO - Setting next_dagrun for example_nested_branch_dag to 2022-06-11 00:00:00+00:00
[2022-06-12 22:02:16,190] {processor.py:171} INFO - Processing /home/leizo/.local/lib/python3.8/site-packages/airflow/example_dags/example_nested_branch_dag.py took 0.116 seconds
[2022-06-12 22:02:57,304] {processor.py:163} INFO - Started process (PID=295) to work on /home/leizo/.local/lib/python3.8/site-packages/airflow/example_dags/example_nested_branch_dag.py
[2022-06-12 22:02:57,306] {processor.py:642} INFO - Processing file /home/leizo/.local/lib/python3.8/site-packages/airflow/example_dags/example_nested_branch_dag.py for tasks to queue
[2022-06-12 22:02:57,308] {logging_mixin.py:109} INFO - [2022-06-12 22:02:57,307] {dagbag.py:500} INFO - Filling up the DagBag from /home/leizo/.local/lib/python3.8/site-packages/airflow/example_dags/example_nested_branch_dag.py
[2022-06-12 22:02:57,346] {processor.py:652} INFO - DAG(s) dict_keys(['example_nested_branch_dag']) retrieved from /home/leizo/.local/lib/python3.8/site-packages/airflow/example_dags/example_nested_branch_dag.py
[2022-06-12 22:02:57,376] {logging_mixin.py:109} INFO - [2022-06-12 22:02:57,375] {dag.py:2398} INFO - Sync 1 DAGs
[2022-06-12 22:02:57,412] {logging_mixin.py:109} INFO - [2022-06-12 22:02:57,411] {dag.py:2937} INFO - Setting next_dagrun for example_nested_branch_dag to 2022-06-11 00:00:00+00:00
[2022-06-12 22:02:57,434] {processor.py:171} INFO - Processing /home/leizo/.local/lib/python3.8/site-packages/airflow/example_dags/example_nested_branch_dag.py took 0.136 seconds
[2022-06-12 22:03:40,646] {processor.py:163} INFO - Started process (PID=331) to work on /home/leizo/.local/lib/python3.8/site-packages/airflow/example_dags/example_nested_branch_dag.py
[2022-06-12 22:03:40,649] {processor.py:642} INFO - Processing file /home/leizo/.local/lib/python3.8/site-packages/airflow/example_dags/example_nested_branch_dag.py for tasks to queue
[2022-06-12 22:03:40,651] {logging_mixin.py:109} INFO - [2022-06-12 22:03:40,651] {dagbag.py:500} INFO - Filling up the DagBag from /home/leizo/.local/lib/python3.8/site-packages/airflow/example_dags/example_nested_branch_dag.py
[2022-06-12 22:03:40,692] {processor.py:652} INFO - DAG(s) dict_keys(['example_nested_branch_dag']) retrieved from /home/leizo/.local/lib/python3.8/site-packages/airflow/example_dags/example_nested_branch_dag.py
[2022-06-12 22:03:40,729] {logging_mixin.py:109} INFO - [2022-06-12 22:03:40,729] {dag.py:2398} INFO - Sync 1 DAGs
[2022-06-12 22:03:40,785] {logging_mixin.py:109} INFO - [2022-06-12 22:03:40,785] {dag.py:2937} INFO - Setting next_dagrun for example_nested_branch_dag to 2022-06-11 00:00:00+00:00
[2022-06-12 22:03:40,814] {processor.py:171} INFO - Processing /home/leizo/.local/lib/python3.8/site-packages/airflow/example_dags/example_nested_branch_dag.py took 0.173 seconds
[2022-06-12 22:04:22,522] {processor.py:163} INFO - Started process (PID=361) to work on /home/leizo/.local/lib/python3.8/site-packages/airflow/example_dags/example_nested_branch_dag.py
[2022-06-12 22:04:22,525] {processor.py:642} INFO - Processing file /home/leizo/.local/lib/python3.8/site-packages/airflow/example_dags/example_nested_branch_dag.py for tasks to queue
[2022-06-12 22:04:22,527] {logging_mixin.py:109} INFO - [2022-06-12 22:04:22,526] {dagbag.py:500} INFO - Filling up the DagBag from /home/leizo/.local/lib/python3.8/site-packages/airflow/example_dags/example_nested_branch_dag.py
[2022-06-12 22:04:22,611] {processor.py:652} INFO - DAG(s) dict_keys(['example_nested_branch_dag']) retrieved from /home/leizo/.local/lib/python3.8/site-packages/airflow/example_dags/example_nested_branch_dag.py
[2022-06-12 22:04:22,676] {logging_mixin.py:109} INFO - [2022-06-12 22:04:22,676] {dag.py:2398} INFO - Sync 1 DAGs
[2022-06-12 22:04:22,759] {logging_mixin.py:109} INFO - [2022-06-12 22:04:22,758] {dag.py:2937} INFO - Setting next_dagrun for example_nested_branch_dag to 2022-06-11 00:00:00+00:00
[2022-06-12 22:04:22,802] {processor.py:171} INFO - Processing /home/leizo/.local/lib/python3.8/site-packages/airflow/example_dags/example_nested_branch_dag.py took 0.294 seconds
[2022-06-12 22:05:09,341] {processor.py:163} INFO - Started process (PID=392) to work on /home/leizo/.local/lib/python3.8/site-packages/airflow/example_dags/example_nested_branch_dag.py
[2022-06-12 22:05:09,344] {processor.py:642} INFO - Processing file /home/leizo/.local/lib/python3.8/site-packages/airflow/example_dags/example_nested_branch_dag.py for tasks to queue
[2022-06-12 22:05:09,347] {logging_mixin.py:109} INFO - [2022-06-12 22:05:09,346] {dagbag.py:500} INFO - Filling up the DagBag from /home/leizo/.local/lib/python3.8/site-packages/airflow/example_dags/example_nested_branch_dag.py
[2022-06-12 22:05:09,409] {processor.py:652} INFO - DAG(s) dict_keys(['example_nested_branch_dag']) retrieved from /home/leizo/.local/lib/python3.8/site-packages/airflow/example_dags/example_nested_branch_dag.py
[2022-06-12 22:05:09,452] {logging_mixin.py:109} INFO - [2022-06-12 22:05:09,452] {dag.py:2398} INFO - Sync 1 DAGs
[2022-06-12 22:05:09,506] {logging_mixin.py:109} INFO - [2022-06-12 22:05:09,505] {dag.py:2937} INFO - Setting next_dagrun for example_nested_branch_dag to 2022-06-11 00:00:00+00:00
[2022-06-12 22:05:09,555] {processor.py:171} INFO - Processing /home/leizo/.local/lib/python3.8/site-packages/airflow/example_dags/example_nested_branch_dag.py took 0.222 seconds
[2022-06-12 22:06:00,966] {processor.py:163} INFO - Started process (PID=467) to work on /home/leizo/.local/lib/python3.8/site-packages/airflow/example_dags/example_nested_branch_dag.py
[2022-06-12 22:06:00,971] {processor.py:642} INFO - Processing file /home/leizo/.local/lib/python3.8/site-packages/airflow/example_dags/example_nested_branch_dag.py for tasks to queue
[2022-06-12 22:06:00,973] {logging_mixin.py:109} INFO - [2022-06-12 22:06:00,972] {dagbag.py:500} INFO - Filling up the DagBag from /home/leizo/.local/lib/python3.8/site-packages/airflow/example_dags/example_nested_branch_dag.py
[2022-06-12 22:06:01,030] {processor.py:652} INFO - DAG(s) dict_keys(['example_nested_branch_dag']) retrieved from /home/leizo/.local/lib/python3.8/site-packages/airflow/example_dags/example_nested_branch_dag.py
[2022-06-12 22:06:01,075] {logging_mixin.py:109} INFO - [2022-06-12 22:06:01,075] {dag.py:2398} INFO - Sync 1 DAGs
[2022-06-12 22:06:01,134] {logging_mixin.py:109} INFO - [2022-06-12 22:06:01,133] {dag.py:2937} INFO - Setting next_dagrun for example_nested_branch_dag to 2022-06-11 00:00:00+00:00
[2022-06-12 22:06:01,168] {processor.py:171} INFO - Processing /home/leizo/.local/lib/python3.8/site-packages/airflow/example_dags/example_nested_branch_dag.py took 0.210 seconds
[2022-06-12 22:06:52,420] {processor.py:163} INFO - Started process (PID=632) to work on /home/leizo/.local/lib/python3.8/site-packages/airflow/example_dags/example_nested_branch_dag.py
[2022-06-12 22:06:52,421] {processor.py:642} INFO - Processing file /home/leizo/.local/lib/python3.8/site-packages/airflow/example_dags/example_nested_branch_dag.py for tasks to queue
[2022-06-12 22:06:52,422] {logging_mixin.py:109} INFO - [2022-06-12 22:06:52,422] {dagbag.py:500} INFO - Filling up the DagBag from /home/leizo/.local/lib/python3.8/site-packages/airflow/example_dags/example_nested_branch_dag.py
[2022-06-12 22:06:52,440] {processor.py:652} INFO - DAG(s) dict_keys(['example_nested_branch_dag']) retrieved from /home/leizo/.local/lib/python3.8/site-packages/airflow/example_dags/example_nested_branch_dag.py
[2022-06-12 22:06:52,455] {logging_mixin.py:109} INFO - [2022-06-12 22:06:52,455] {dag.py:2398} INFO - Sync 1 DAGs
[2022-06-12 22:06:52,477] {logging_mixin.py:109} INFO - [2022-06-12 22:06:52,476] {dag.py:2937} INFO - Setting next_dagrun for example_nested_branch_dag to 2022-06-11 00:00:00+00:00
[2022-06-12 22:06:52,489] {processor.py:171} INFO - Processing /home/leizo/.local/lib/python3.8/site-packages/airflow/example_dags/example_nested_branch_dag.py took 0.074 seconds
[2022-06-12 22:07:31,588] {processor.py:163} INFO - Started process (PID=667) to work on /home/leizo/.local/lib/python3.8/site-packages/airflow/example_dags/example_nested_branch_dag.py
[2022-06-12 22:07:31,591] {processor.py:642} INFO - Processing file /home/leizo/.local/lib/python3.8/site-packages/airflow/example_dags/example_nested_branch_dag.py for tasks to queue
[2022-06-12 22:07:31,592] {logging_mixin.py:109} INFO - [2022-06-12 22:07:31,592] {dagbag.py:500} INFO - Filling up the DagBag from /home/leizo/.local/lib/python3.8/site-packages/airflow/example_dags/example_nested_branch_dag.py
[2022-06-12 22:07:31,619] {processor.py:652} INFO - DAG(s) dict_keys(['example_nested_branch_dag']) retrieved from /home/leizo/.local/lib/python3.8/site-packages/airflow/example_dags/example_nested_branch_dag.py
[2022-06-12 22:07:31,637] {logging_mixin.py:109} INFO - [2022-06-12 22:07:31,637] {dag.py:2398} INFO - Sync 1 DAGs
[2022-06-12 22:07:31,661] {logging_mixin.py:109} INFO - [2022-06-12 22:07:31,660] {dag.py:2937} INFO - Setting next_dagrun for example_nested_branch_dag to 2022-06-11 00:00:00+00:00
[2022-06-12 22:07:31,680] {processor.py:171} INFO - Processing /home/leizo/.local/lib/python3.8/site-packages/airflow/example_dags/example_nested_branch_dag.py took 0.095 seconds
[2022-06-12 22:08:06,965] {processor.py:163} INFO - Started process (PID=701) to work on /home/leizo/.local/lib/python3.8/site-packages/airflow/example_dags/example_nested_branch_dag.py
[2022-06-12 22:08:06,968] {processor.py:642} INFO - Processing file /home/leizo/.local/lib/python3.8/site-packages/airflow/example_dags/example_nested_branch_dag.py for tasks to queue
[2022-06-12 22:08:06,969] {logging_mixin.py:109} INFO - [2022-06-12 22:08:06,969] {dagbag.py:500} INFO - Filling up the DagBag from /home/leizo/.local/lib/python3.8/site-packages/airflow/example_dags/example_nested_branch_dag.py
[2022-06-12 22:08:06,988] {processor.py:652} INFO - DAG(s) dict_keys(['example_nested_branch_dag']) retrieved from /home/leizo/.local/lib/python3.8/site-packages/airflow/example_dags/example_nested_branch_dag.py
[2022-06-12 22:08:07,011] {logging_mixin.py:109} INFO - [2022-06-12 22:08:07,011] {dag.py:2398} INFO - Sync 1 DAGs
[2022-06-12 22:08:07,033] {logging_mixin.py:109} INFO - [2022-06-12 22:08:07,032] {dag.py:2937} INFO - Setting next_dagrun for example_nested_branch_dag to 2022-06-11 00:00:00+00:00
[2022-06-12 22:08:07,047] {processor.py:171} INFO - Processing /home/leizo/.local/lib/python3.8/site-packages/airflow/example_dags/example_nested_branch_dag.py took 0.085 seconds
[2022-06-12 22:08:43,282] {processor.py:163} INFO - Started process (PID=736) to work on /home/leizo/.local/lib/python3.8/site-packages/airflow/example_dags/example_nested_branch_dag.py
[2022-06-12 22:08:43,284] {processor.py:642} INFO - Processing file /home/leizo/.local/lib/python3.8/site-packages/airflow/example_dags/example_nested_branch_dag.py for tasks to queue
[2022-06-12 22:08:43,285] {logging_mixin.py:109} INFO - [2022-06-12 22:08:43,285] {dagbag.py:500} INFO - Filling up the DagBag from /home/leizo/.local/lib/python3.8/site-packages/airflow/example_dags/example_nested_branch_dag.py
[2022-06-12 22:08:43,301] {processor.py:652} INFO - DAG(s) dict_keys(['example_nested_branch_dag']) retrieved from /home/leizo/.local/lib/python3.8/site-packages/airflow/example_dags/example_nested_branch_dag.py
[2022-06-12 22:08:43,316] {logging_mixin.py:109} INFO - [2022-06-12 22:08:43,316] {dag.py:2398} INFO - Sync 1 DAGs
[2022-06-12 22:08:43,334] {logging_mixin.py:109} INFO - [2022-06-12 22:08:43,333] {dag.py:2937} INFO - Setting next_dagrun for example_nested_branch_dag to 2022-06-11 00:00:00+00:00
[2022-06-12 22:08:43,349] {processor.py:171} INFO - Processing /home/leizo/.local/lib/python3.8/site-packages/airflow/example_dags/example_nested_branch_dag.py took 0.070 seconds
[2022-06-12 22:09:18,456] {processor.py:163} INFO - Started process (PID=768) to work on /home/leizo/.local/lib/python3.8/site-packages/airflow/example_dags/example_nested_branch_dag.py
[2022-06-12 22:09:18,458] {processor.py:642} INFO - Processing file /home/leizo/.local/lib/python3.8/site-packages/airflow/example_dags/example_nested_branch_dag.py for tasks to queue
[2022-06-12 22:09:18,459] {logging_mixin.py:109} INFO - [2022-06-12 22:09:18,459] {dagbag.py:500} INFO - Filling up the DagBag from /home/leizo/.local/lib/python3.8/site-packages/airflow/example_dags/example_nested_branch_dag.py
[2022-06-12 22:09:18,484] {processor.py:652} INFO - DAG(s) dict_keys(['example_nested_branch_dag']) retrieved from /home/leizo/.local/lib/python3.8/site-packages/airflow/example_dags/example_nested_branch_dag.py
[2022-06-12 22:09:18,502] {logging_mixin.py:109} INFO - [2022-06-12 22:09:18,502] {dag.py:2398} INFO - Sync 1 DAGs
[2022-06-12 22:09:18,518] {logging_mixin.py:109} INFO - [2022-06-12 22:09:18,518] {dag.py:2937} INFO - Setting next_dagrun for example_nested_branch_dag to 2022-06-11 00:00:00+00:00
[2022-06-12 22:09:18,532] {processor.py:171} INFO - Processing /home/leizo/.local/lib/python3.8/site-packages/airflow/example_dags/example_nested_branch_dag.py took 0.079 seconds
[2022-06-12 22:09:53,754] {processor.py:163} INFO - Started process (PID=800) to work on /home/leizo/.local/lib/python3.8/site-packages/airflow/example_dags/example_nested_branch_dag.py
[2022-06-12 22:09:53,756] {processor.py:642} INFO - Processing file /home/leizo/.local/lib/python3.8/site-packages/airflow/example_dags/example_nested_branch_dag.py for tasks to queue
[2022-06-12 22:09:53,757] {logging_mixin.py:109} INFO - [2022-06-12 22:09:53,757] {dagbag.py:500} INFO - Filling up the DagBag from /home/leizo/.local/lib/python3.8/site-packages/airflow/example_dags/example_nested_branch_dag.py
[2022-06-12 22:09:53,780] {processor.py:652} INFO - DAG(s) dict_keys(['example_nested_branch_dag']) retrieved from /home/leizo/.local/lib/python3.8/site-packages/airflow/example_dags/example_nested_branch_dag.py
[2022-06-12 22:09:53,795] {logging_mixin.py:109} INFO - [2022-06-12 22:09:53,795] {dag.py:2398} INFO - Sync 1 DAGs
[2022-06-12 22:09:53,813] {logging_mixin.py:109} INFO - [2022-06-12 22:09:53,812] {dag.py:2937} INFO - Setting next_dagrun for example_nested_branch_dag to 2022-06-11 00:00:00+00:00
[2022-06-12 22:09:53,831] {processor.py:171} INFO - Processing /home/leizo/.local/lib/python3.8/site-packages/airflow/example_dags/example_nested_branch_dag.py took 0.080 seconds
[2022-06-12 22:10:31,842] {processor.py:163} INFO - Started process (PID=833) to work on /home/leizo/.local/lib/python3.8/site-packages/airflow/example_dags/example_nested_branch_dag.py
[2022-06-12 22:10:31,846] {processor.py:642} INFO - Processing file /home/leizo/.local/lib/python3.8/site-packages/airflow/example_dags/example_nested_branch_dag.py for tasks to queue
[2022-06-12 22:10:31,848] {logging_mixin.py:109} INFO - [2022-06-12 22:10:31,848] {dagbag.py:500} INFO - Filling up the DagBag from /home/leizo/.local/lib/python3.8/site-packages/airflow/example_dags/example_nested_branch_dag.py
[2022-06-12 22:10:31,902] {processor.py:652} INFO - DAG(s) dict_keys(['example_nested_branch_dag']) retrieved from /home/leizo/.local/lib/python3.8/site-packages/airflow/example_dags/example_nested_branch_dag.py
[2022-06-12 22:10:31,947] {logging_mixin.py:109} INFO - [2022-06-12 22:10:31,947] {dag.py:2398} INFO - Sync 1 DAGs
[2022-06-12 22:10:32,000] {logging_mixin.py:109} INFO - [2022-06-12 22:10:32,000] {dag.py:2937} INFO - Setting next_dagrun for example_nested_branch_dag to 2022-06-11 00:00:00+00:00
[2022-06-12 22:10:32,044] {processor.py:171} INFO - Processing /home/leizo/.local/lib/python3.8/site-packages/airflow/example_dags/example_nested_branch_dag.py took 0.212 seconds
[2022-06-12 22:11:17,584] {processor.py:163} INFO - Started process (PID=865) to work on /home/leizo/.local/lib/python3.8/site-packages/airflow/example_dags/example_nested_branch_dag.py
[2022-06-12 22:11:17,588] {processor.py:642} INFO - Processing file /home/leizo/.local/lib/python3.8/site-packages/airflow/example_dags/example_nested_branch_dag.py for tasks to queue
[2022-06-12 22:11:17,589] {logging_mixin.py:109} INFO - [2022-06-12 22:11:17,589] {dagbag.py:500} INFO - Filling up the DagBag from /home/leizo/.local/lib/python3.8/site-packages/airflow/example_dags/example_nested_branch_dag.py
[2022-06-12 22:11:17,726] {processor.py:652} INFO - DAG(s) dict_keys(['example_nested_branch_dag']) retrieved from /home/leizo/.local/lib/python3.8/site-packages/airflow/example_dags/example_nested_branch_dag.py
[2022-06-12 22:11:17,822] {logging_mixin.py:109} INFO - [2022-06-12 22:11:17,822] {dag.py:2398} INFO - Sync 1 DAGs
[2022-06-12 22:11:17,949] {logging_mixin.py:109} INFO - [2022-06-12 22:11:17,948] {dag.py:2937} INFO - Setting next_dagrun for example_nested_branch_dag to 2022-06-11 00:00:00+00:00
[2022-06-12 22:11:18,014] {processor.py:171} INFO - Processing /home/leizo/.local/lib/python3.8/site-packages/airflow/example_dags/example_nested_branch_dag.py took 0.446 seconds
[2022-06-12 22:12:02,218] {processor.py:163} INFO - Started process (PID=900) to work on /home/leizo/.local/lib/python3.8/site-packages/airflow/example_dags/example_nested_branch_dag.py
[2022-06-12 22:12:02,221] {processor.py:642} INFO - Processing file /home/leizo/.local/lib/python3.8/site-packages/airflow/example_dags/example_nested_branch_dag.py for tasks to queue
[2022-06-12 22:12:02,222] {logging_mixin.py:109} INFO - [2022-06-12 22:12:02,222] {dagbag.py:500} INFO - Filling up the DagBag from /home/leizo/.local/lib/python3.8/site-packages/airflow/example_dags/example_nested_branch_dag.py
[2022-06-12 22:12:02,273] {processor.py:652} INFO - DAG(s) dict_keys(['example_nested_branch_dag']) retrieved from /home/leizo/.local/lib/python3.8/site-packages/airflow/example_dags/example_nested_branch_dag.py
[2022-06-12 22:12:02,310] {logging_mixin.py:109} INFO - [2022-06-12 22:12:02,310] {dag.py:2398} INFO - Sync 1 DAGs
[2022-06-12 22:12:02,348] {logging_mixin.py:109} INFO - [2022-06-12 22:12:02,348] {dag.py:2937} INFO - Setting next_dagrun for example_nested_branch_dag to 2022-06-11 00:00:00+00:00
[2022-06-12 22:12:02,376] {processor.py:171} INFO - Processing /home/leizo/.local/lib/python3.8/site-packages/airflow/example_dags/example_nested_branch_dag.py took 0.162 seconds
[2022-06-12 22:12:40,954] {processor.py:163} INFO - Started process (PID=932) to work on /home/leizo/.local/lib/python3.8/site-packages/airflow/example_dags/example_nested_branch_dag.py
[2022-06-12 22:12:40,956] {processor.py:642} INFO - Processing file /home/leizo/.local/lib/python3.8/site-packages/airflow/example_dags/example_nested_branch_dag.py for tasks to queue
[2022-06-12 22:12:40,957] {logging_mixin.py:109} INFO - [2022-06-12 22:12:40,957] {dagbag.py:500} INFO - Filling up the DagBag from /home/leizo/.local/lib/python3.8/site-packages/airflow/example_dags/example_nested_branch_dag.py
[2022-06-12 22:12:40,997] {processor.py:652} INFO - DAG(s) dict_keys(['example_nested_branch_dag']) retrieved from /home/leizo/.local/lib/python3.8/site-packages/airflow/example_dags/example_nested_branch_dag.py
[2022-06-12 22:12:41,019] {logging_mixin.py:109} INFO - [2022-06-12 22:12:41,019] {dag.py:2398} INFO - Sync 1 DAGs
[2022-06-12 22:12:41,050] {logging_mixin.py:109} INFO - [2022-06-12 22:12:41,049] {dag.py:2937} INFO - Setting next_dagrun for example_nested_branch_dag to 2022-06-11 00:00:00+00:00
[2022-06-12 22:12:41,068] {processor.py:171} INFO - Processing /home/leizo/.local/lib/python3.8/site-packages/airflow/example_dags/example_nested_branch_dag.py took 0.117 seconds
[2022-06-12 22:13:17,856] {processor.py:163} INFO - Started process (PID=965) to work on /home/leizo/.local/lib/python3.8/site-packages/airflow/example_dags/example_nested_branch_dag.py
[2022-06-12 22:13:17,859] {processor.py:642} INFO - Processing file /home/leizo/.local/lib/python3.8/site-packages/airflow/example_dags/example_nested_branch_dag.py for tasks to queue
[2022-06-12 22:13:17,860] {logging_mixin.py:109} INFO - [2022-06-12 22:13:17,860] {dagbag.py:500} INFO - Filling up the DagBag from /home/leizo/.local/lib/python3.8/site-packages/airflow/example_dags/example_nested_branch_dag.py
[2022-06-12 22:13:17,886] {processor.py:652} INFO - DAG(s) dict_keys(['example_nested_branch_dag']) retrieved from /home/leizo/.local/lib/python3.8/site-packages/airflow/example_dags/example_nested_branch_dag.py
[2022-06-12 22:13:17,903] {logging_mixin.py:109} INFO - [2022-06-12 22:13:17,903] {dag.py:2398} INFO - Sync 1 DAGs
[2022-06-12 22:13:17,931] {logging_mixin.py:109} INFO - [2022-06-12 22:13:17,931] {dag.py:2937} INFO - Setting next_dagrun for example_nested_branch_dag to 2022-06-11 00:00:00+00:00
[2022-06-12 22:13:17,948] {processor.py:171} INFO - Processing /home/leizo/.local/lib/python3.8/site-packages/airflow/example_dags/example_nested_branch_dag.py took 0.095 seconds
[2022-06-12 22:13:55,836] {processor.py:163} INFO - Started process (PID=1000) to work on /home/leizo/.local/lib/python3.8/site-packages/airflow/example_dags/example_nested_branch_dag.py
[2022-06-12 22:13:55,839] {processor.py:642} INFO - Processing file /home/leizo/.local/lib/python3.8/site-packages/airflow/example_dags/example_nested_branch_dag.py for tasks to queue
[2022-06-12 22:13:55,840] {logging_mixin.py:109} INFO - [2022-06-12 22:13:55,840] {dagbag.py:500} INFO - Filling up the DagBag from /home/leizo/.local/lib/python3.8/site-packages/airflow/example_dags/example_nested_branch_dag.py
[2022-06-12 22:13:55,868] {processor.py:652} INFO - DAG(s) dict_keys(['example_nested_branch_dag']) retrieved from /home/leizo/.local/lib/python3.8/site-packages/airflow/example_dags/example_nested_branch_dag.py
[2022-06-12 22:13:55,885] {logging_mixin.py:109} INFO - [2022-06-12 22:13:55,885] {dag.py:2398} INFO - Sync 1 DAGs
[2022-06-12 22:13:55,908] {logging_mixin.py:109} INFO - [2022-06-12 22:13:55,907] {dag.py:2937} INFO - Setting next_dagrun for example_nested_branch_dag to 2022-06-11 00:00:00+00:00
[2022-06-12 22:13:55,923] {processor.py:171} INFO - Processing /home/leizo/.local/lib/python3.8/site-packages/airflow/example_dags/example_nested_branch_dag.py took 0.090 seconds
[2022-06-12 22:14:32,990] {processor.py:163} INFO - Started process (PID=1034) to work on /home/leizo/.local/lib/python3.8/site-packages/airflow/example_dags/example_nested_branch_dag.py
[2022-06-12 22:14:32,993] {processor.py:642} INFO - Processing file /home/leizo/.local/lib/python3.8/site-packages/airflow/example_dags/example_nested_branch_dag.py for tasks to queue
[2022-06-12 22:14:32,994] {logging_mixin.py:109} INFO - [2022-06-12 22:14:32,993] {dagbag.py:500} INFO - Filling up the DagBag from /home/leizo/.local/lib/python3.8/site-packages/airflow/example_dags/example_nested_branch_dag.py
[2022-06-12 22:14:33,008] {processor.py:652} INFO - DAG(s) dict_keys(['example_nested_branch_dag']) retrieved from /home/leizo/.local/lib/python3.8/site-packages/airflow/example_dags/example_nested_branch_dag.py
[2022-06-12 22:14:33,021] {logging_mixin.py:109} INFO - [2022-06-12 22:14:33,021] {dag.py:2398} INFO - Sync 1 DAGs
[2022-06-12 22:14:33,036] {logging_mixin.py:109} INFO - [2022-06-12 22:14:33,036] {dag.py:2937} INFO - Setting next_dagrun for example_nested_branch_dag to 2022-06-11 00:00:00+00:00
[2022-06-12 22:14:33,050] {processor.py:171} INFO - Processing /home/leizo/.local/lib/python3.8/site-packages/airflow/example_dags/example_nested_branch_dag.py took 0.062 seconds
[2022-06-12 22:15:07,489] {processor.py:163} INFO - Started process (PID=1068) to work on /home/leizo/.local/lib/python3.8/site-packages/airflow/example_dags/example_nested_branch_dag.py
[2022-06-12 22:15:07,491] {processor.py:642} INFO - Processing file /home/leizo/.local/lib/python3.8/site-packages/airflow/example_dags/example_nested_branch_dag.py for tasks to queue
[2022-06-12 22:15:07,491] {logging_mixin.py:109} INFO - [2022-06-12 22:15:07,491] {dagbag.py:500} INFO - Filling up the DagBag from /home/leizo/.local/lib/python3.8/site-packages/airflow/example_dags/example_nested_branch_dag.py
[2022-06-12 22:15:07,505] {processor.py:652} INFO - DAG(s) dict_keys(['example_nested_branch_dag']) retrieved from /home/leizo/.local/lib/python3.8/site-packages/airflow/example_dags/example_nested_branch_dag.py
[2022-06-12 22:15:07,518] {logging_mixin.py:109} INFO - [2022-06-12 22:15:07,518] {dag.py:2398} INFO - Sync 1 DAGs
[2022-06-12 22:15:07,533] {logging_mixin.py:109} INFO - [2022-06-12 22:15:07,533] {dag.py:2937} INFO - Setting next_dagrun for example_nested_branch_dag to 2022-06-11 00:00:00+00:00
[2022-06-12 22:15:07,544] {processor.py:171} INFO - Processing /home/leizo/.local/lib/python3.8/site-packages/airflow/example_dags/example_nested_branch_dag.py took 0.058 seconds
[2022-06-12 22:15:42,161] {processor.py:163} INFO - Started process (PID=1101) to work on /home/leizo/.local/lib/python3.8/site-packages/airflow/example_dags/example_nested_branch_dag.py
[2022-06-12 22:15:42,163] {processor.py:642} INFO - Processing file /home/leizo/.local/lib/python3.8/site-packages/airflow/example_dags/example_nested_branch_dag.py for tasks to queue
[2022-06-12 22:15:42,163] {logging_mixin.py:109} INFO - [2022-06-12 22:15:42,163] {dagbag.py:500} INFO - Filling up the DagBag from /home/leizo/.local/lib/python3.8/site-packages/airflow/example_dags/example_nested_branch_dag.py
[2022-06-12 22:15:42,175] {processor.py:652} INFO - DAG(s) dict_keys(['example_nested_branch_dag']) retrieved from /home/leizo/.local/lib/python3.8/site-packages/airflow/example_dags/example_nested_branch_dag.py
[2022-06-12 22:15:42,186] {logging_mixin.py:109} INFO - [2022-06-12 22:15:42,186] {dag.py:2398} INFO - Sync 1 DAGs
[2022-06-12 22:15:42,201] {logging_mixin.py:109} INFO - [2022-06-12 22:15:42,201] {dag.py:2937} INFO - Setting next_dagrun for example_nested_branch_dag to 2022-06-11 00:00:00+00:00
[2022-06-12 22:15:42,212] {processor.py:171} INFO - Processing /home/leizo/.local/lib/python3.8/site-packages/airflow/example_dags/example_nested_branch_dag.py took 0.052 seconds
[2022-06-12 22:16:16,418] {processor.py:163} INFO - Started process (PID=1134) to work on /home/leizo/.local/lib/python3.8/site-packages/airflow/example_dags/example_nested_branch_dag.py
[2022-06-12 22:16:16,420] {processor.py:642} INFO - Processing file /home/leizo/.local/lib/python3.8/site-packages/airflow/example_dags/example_nested_branch_dag.py for tasks to queue
[2022-06-12 22:16:16,421] {logging_mixin.py:109} INFO - [2022-06-12 22:16:16,421] {dagbag.py:500} INFO - Filling up the DagBag from /home/leizo/.local/lib/python3.8/site-packages/airflow/example_dags/example_nested_branch_dag.py
[2022-06-12 22:16:16,472] {processor.py:652} INFO - DAG(s) dict_keys(['example_nested_branch_dag']) retrieved from /home/leizo/.local/lib/python3.8/site-packages/airflow/example_dags/example_nested_branch_dag.py
[2022-06-12 22:16:16,505] {logging_mixin.py:109} INFO - [2022-06-12 22:16:16,505] {dag.py:2398} INFO - Sync 1 DAGs
[2022-06-12 22:16:16,536] {logging_mixin.py:109} INFO - [2022-06-12 22:16:16,535] {dag.py:2937} INFO - Setting next_dagrun for example_nested_branch_dag to 2022-06-11 00:00:00+00:00
[2022-06-12 22:16:16,575] {processor.py:171} INFO - Processing /home/leizo/.local/lib/python3.8/site-packages/airflow/example_dags/example_nested_branch_dag.py took 0.162 seconds
[2022-06-12 22:16:50,487] {processor.py:163} INFO - Started process (PID=1167) to work on /home/leizo/.local/lib/python3.8/site-packages/airflow/example_dags/example_nested_branch_dag.py
[2022-06-12 22:16:50,489] {processor.py:642} INFO - Processing file /home/leizo/.local/lib/python3.8/site-packages/airflow/example_dags/example_nested_branch_dag.py for tasks to queue
[2022-06-12 22:16:50,490] {logging_mixin.py:109} INFO - [2022-06-12 22:16:50,489] {dagbag.py:500} INFO - Filling up the DagBag from /home/leizo/.local/lib/python3.8/site-packages/airflow/example_dags/example_nested_branch_dag.py
[2022-06-12 22:16:50,505] {processor.py:652} INFO - DAG(s) dict_keys(['example_nested_branch_dag']) retrieved from /home/leizo/.local/lib/python3.8/site-packages/airflow/example_dags/example_nested_branch_dag.py
[2022-06-12 22:16:50,515] {logging_mixin.py:109} INFO - [2022-06-12 22:16:50,515] {dag.py:2398} INFO - Sync 1 DAGs
[2022-06-12 22:16:50,524] {logging_mixin.py:109} INFO - [2022-06-12 22:16:50,524] {dag.py:2937} INFO - Setting next_dagrun for example_nested_branch_dag to 2022-06-11 00:00:00+00:00
[2022-06-12 22:16:50,534] {processor.py:171} INFO - Processing /home/leizo/.local/lib/python3.8/site-packages/airflow/example_dags/example_nested_branch_dag.py took 0.048 seconds
[2022-06-12 22:17:22,428] {processor.py:163} INFO - Started process (PID=1198) to work on /home/leizo/.local/lib/python3.8/site-packages/airflow/example_dags/example_nested_branch_dag.py
[2022-06-12 22:17:22,429] {processor.py:642} INFO - Processing file /home/leizo/.local/lib/python3.8/site-packages/airflow/example_dags/example_nested_branch_dag.py for tasks to queue
[2022-06-12 22:17:22,429] {logging_mixin.py:109} INFO - [2022-06-12 22:17:22,429] {dagbag.py:500} INFO - Filling up the DagBag from /home/leizo/.local/lib/python3.8/site-packages/airflow/example_dags/example_nested_branch_dag.py
[2022-06-12 22:17:22,442] {processor.py:652} INFO - DAG(s) dict_keys(['example_nested_branch_dag']) retrieved from /home/leizo/.local/lib/python3.8/site-packages/airflow/example_dags/example_nested_branch_dag.py
[2022-06-12 22:17:22,452] {logging_mixin.py:109} INFO - [2022-06-12 22:17:22,452] {dag.py:2398} INFO - Sync 1 DAGs
[2022-06-12 22:17:22,465] {logging_mixin.py:109} INFO - [2022-06-12 22:17:22,464] {dag.py:2937} INFO - Setting next_dagrun for example_nested_branch_dag to 2022-06-11 00:00:00+00:00
[2022-06-12 22:17:22,477] {processor.py:171} INFO - Processing /home/leizo/.local/lib/python3.8/site-packages/airflow/example_dags/example_nested_branch_dag.py took 0.052 seconds
[2022-06-12 22:17:55,843] {processor.py:163} INFO - Started process (PID=1230) to work on /home/leizo/.local/lib/python3.8/site-packages/airflow/example_dags/example_nested_branch_dag.py
[2022-06-12 22:17:55,846] {processor.py:642} INFO - Processing file /home/leizo/.local/lib/python3.8/site-packages/airflow/example_dags/example_nested_branch_dag.py for tasks to queue
[2022-06-12 22:17:55,847] {logging_mixin.py:109} INFO - [2022-06-12 22:17:55,846] {dagbag.py:500} INFO - Filling up the DagBag from /home/leizo/.local/lib/python3.8/site-packages/airflow/example_dags/example_nested_branch_dag.py
[2022-06-12 22:17:55,866] {processor.py:652} INFO - DAG(s) dict_keys(['example_nested_branch_dag']) retrieved from /home/leizo/.local/lib/python3.8/site-packages/airflow/example_dags/example_nested_branch_dag.py
[2022-06-12 22:17:55,882] {logging_mixin.py:109} INFO - [2022-06-12 22:17:55,882] {dag.py:2398} INFO - Sync 1 DAGs
[2022-06-12 22:17:55,893] {logging_mixin.py:109} INFO - [2022-06-12 22:17:55,893] {dag.py:2937} INFO - Setting next_dagrun for example_nested_branch_dag to 2022-06-11 00:00:00+00:00
[2022-06-12 22:17:55,904] {processor.py:171} INFO - Processing /home/leizo/.local/lib/python3.8/site-packages/airflow/example_dags/example_nested_branch_dag.py took 0.064 seconds
[2022-06-12 22:18:31,925] {processor.py:163} INFO - Started process (PID=1265) to work on /home/leizo/.local/lib/python3.8/site-packages/airflow/example_dags/example_nested_branch_dag.py
[2022-06-12 22:18:31,927] {processor.py:642} INFO - Processing file /home/leizo/.local/lib/python3.8/site-packages/airflow/example_dags/example_nested_branch_dag.py for tasks to queue
[2022-06-12 22:18:31,928] {logging_mixin.py:109} INFO - [2022-06-12 22:18:31,928] {dagbag.py:500} INFO - Filling up the DagBag from /home/leizo/.local/lib/python3.8/site-packages/airflow/example_dags/example_nested_branch_dag.py
[2022-06-12 22:18:31,946] {processor.py:652} INFO - DAG(s) dict_keys(['example_nested_branch_dag']) retrieved from /home/leizo/.local/lib/python3.8/site-packages/airflow/example_dags/example_nested_branch_dag.py
[2022-06-12 22:18:31,958] {logging_mixin.py:109} INFO - [2022-06-12 22:18:31,958] {dag.py:2398} INFO - Sync 1 DAGs
[2022-06-12 22:18:31,970] {logging_mixin.py:109} INFO - [2022-06-12 22:18:31,970] {dag.py:2937} INFO - Setting next_dagrun for example_nested_branch_dag to 2022-06-11 00:00:00+00:00
[2022-06-12 22:18:31,982] {processor.py:171} INFO - Processing /home/leizo/.local/lib/python3.8/site-packages/airflow/example_dags/example_nested_branch_dag.py took 0.059 seconds
[2022-06-12 22:19:04,661] {processor.py:163} INFO - Started process (PID=1298) to work on /home/leizo/.local/lib/python3.8/site-packages/airflow/example_dags/example_nested_branch_dag.py
[2022-06-12 22:19:04,661] {processor.py:642} INFO - Processing file /home/leizo/.local/lib/python3.8/site-packages/airflow/example_dags/example_nested_branch_dag.py for tasks to queue
[2022-06-12 22:19:04,662] {logging_mixin.py:109} INFO - [2022-06-12 22:19:04,662] {dagbag.py:500} INFO - Filling up the DagBag from /home/leizo/.local/lib/python3.8/site-packages/airflow/example_dags/example_nested_branch_dag.py
[2022-06-12 22:19:04,676] {processor.py:652} INFO - DAG(s) dict_keys(['example_nested_branch_dag']) retrieved from /home/leizo/.local/lib/python3.8/site-packages/airflow/example_dags/example_nested_branch_dag.py
[2022-06-12 22:19:04,691] {logging_mixin.py:109} INFO - [2022-06-12 22:19:04,691] {dag.py:2398} INFO - Sync 1 DAGs
[2022-06-12 22:19:04,706] {logging_mixin.py:109} INFO - [2022-06-12 22:19:04,706] {dag.py:2937} INFO - Setting next_dagrun for example_nested_branch_dag to 2022-06-11 00:00:00+00:00
[2022-06-12 22:19:04,716] {processor.py:171} INFO - Processing /home/leizo/.local/lib/python3.8/site-packages/airflow/example_dags/example_nested_branch_dag.py took 0.057 seconds
[2022-06-12 22:19:41,209] {processor.py:163} INFO - Started process (PID=1334) to work on /home/leizo/.local/lib/python3.8/site-packages/airflow/example_dags/example_nested_branch_dag.py
[2022-06-12 22:19:41,211] {processor.py:642} INFO - Processing file /home/leizo/.local/lib/python3.8/site-packages/airflow/example_dags/example_nested_branch_dag.py for tasks to queue
[2022-06-12 22:19:41,212] {logging_mixin.py:109} INFO - [2022-06-12 22:19:41,211] {dagbag.py:500} INFO - Filling up the DagBag from /home/leizo/.local/lib/python3.8/site-packages/airflow/example_dags/example_nested_branch_dag.py
[2022-06-12 22:19:41,229] {processor.py:652} INFO - DAG(s) dict_keys(['example_nested_branch_dag']) retrieved from /home/leizo/.local/lib/python3.8/site-packages/airflow/example_dags/example_nested_branch_dag.py
[2022-06-12 22:19:41,239] {logging_mixin.py:109} INFO - [2022-06-12 22:19:41,238] {dag.py:2398} INFO - Sync 1 DAGs
[2022-06-12 22:19:41,251] {logging_mixin.py:109} INFO - [2022-06-12 22:19:41,251] {dag.py:2937} INFO - Setting next_dagrun for example_nested_branch_dag to 2022-06-11 00:00:00+00:00
[2022-06-12 22:19:41,261] {processor.py:171} INFO - Processing /home/leizo/.local/lib/python3.8/site-packages/airflow/example_dags/example_nested_branch_dag.py took 0.054 seconds
[2022-06-12 22:20:16,561] {processor.py:163} INFO - Started process (PID=1369) to work on /home/leizo/.local/lib/python3.8/site-packages/airflow/example_dags/example_nested_branch_dag.py
[2022-06-12 22:20:16,563] {processor.py:642} INFO - Processing file /home/leizo/.local/lib/python3.8/site-packages/airflow/example_dags/example_nested_branch_dag.py for tasks to queue
[2022-06-12 22:20:16,563] {logging_mixin.py:109} INFO - [2022-06-12 22:20:16,563] {dagbag.py:500} INFO - Filling up the DagBag from /home/leizo/.local/lib/python3.8/site-packages/airflow/example_dags/example_nested_branch_dag.py
[2022-06-12 22:20:16,582] {processor.py:652} INFO - DAG(s) dict_keys(['example_nested_branch_dag']) retrieved from /home/leizo/.local/lib/python3.8/site-packages/airflow/example_dags/example_nested_branch_dag.py
[2022-06-12 22:20:16,598] {logging_mixin.py:109} INFO - [2022-06-12 22:20:16,597] {dag.py:2398} INFO - Sync 1 DAGs
[2022-06-12 22:20:16,616] {logging_mixin.py:109} INFO - [2022-06-12 22:20:16,616] {dag.py:2937} INFO - Setting next_dagrun for example_nested_branch_dag to 2022-06-11 00:00:00+00:00
[2022-06-12 22:20:16,633] {processor.py:171} INFO - Processing /home/leizo/.local/lib/python3.8/site-packages/airflow/example_dags/example_nested_branch_dag.py took 0.076 seconds
[2022-06-12 22:20:54,001] {processor.py:163} INFO - Started process (PID=1405) to work on /home/leizo/.local/lib/python3.8/site-packages/airflow/example_dags/example_nested_branch_dag.py
[2022-06-12 22:20:54,003] {processor.py:642} INFO - Processing file /home/leizo/.local/lib/python3.8/site-packages/airflow/example_dags/example_nested_branch_dag.py for tasks to queue
[2022-06-12 22:20:54,003] {logging_mixin.py:109} INFO - [2022-06-12 22:20:54,003] {dagbag.py:500} INFO - Filling up the DagBag from /home/leizo/.local/lib/python3.8/site-packages/airflow/example_dags/example_nested_branch_dag.py
[2022-06-12 22:20:54,020] {processor.py:652} INFO - DAG(s) dict_keys(['example_nested_branch_dag']) retrieved from /home/leizo/.local/lib/python3.8/site-packages/airflow/example_dags/example_nested_branch_dag.py
[2022-06-12 22:20:54,033] {logging_mixin.py:109} INFO - [2022-06-12 22:20:54,033] {dag.py:2398} INFO - Sync 1 DAGs
[2022-06-12 22:20:54,044] {logging_mixin.py:109} INFO - [2022-06-12 22:20:54,044] {dag.py:2937} INFO - Setting next_dagrun for example_nested_branch_dag to 2022-06-11 00:00:00+00:00
[2022-06-12 22:20:54,056] {processor.py:171} INFO - Processing /home/leizo/.local/lib/python3.8/site-packages/airflow/example_dags/example_nested_branch_dag.py took 0.057 seconds
[2022-06-12 22:21:27,065] {processor.py:163} INFO - Started process (PID=1438) to work on /home/leizo/.local/lib/python3.8/site-packages/airflow/example_dags/example_nested_branch_dag.py
[2022-06-12 22:21:27,066] {processor.py:642} INFO - Processing file /home/leizo/.local/lib/python3.8/site-packages/airflow/example_dags/example_nested_branch_dag.py for tasks to queue
[2022-06-12 22:21:27,067] {logging_mixin.py:109} INFO - [2022-06-12 22:21:27,067] {dagbag.py:500} INFO - Filling up the DagBag from /home/leizo/.local/lib/python3.8/site-packages/airflow/example_dags/example_nested_branch_dag.py
[2022-06-12 22:21:27,079] {processor.py:652} INFO - DAG(s) dict_keys(['example_nested_branch_dag']) retrieved from /home/leizo/.local/lib/python3.8/site-packages/airflow/example_dags/example_nested_branch_dag.py
[2022-06-12 22:21:27,091] {logging_mixin.py:109} INFO - [2022-06-12 22:21:27,091] {dag.py:2398} INFO - Sync 1 DAGs
[2022-06-12 22:21:27,104] {logging_mixin.py:109} INFO - [2022-06-12 22:21:27,103] {dag.py:2937} INFO - Setting next_dagrun for example_nested_branch_dag to 2022-06-11 00:00:00+00:00
[2022-06-12 22:21:27,112] {processor.py:171} INFO - Processing /home/leizo/.local/lib/python3.8/site-packages/airflow/example_dags/example_nested_branch_dag.py took 0.049 seconds
[2022-06-12 22:22:01,784] {processor.py:163} INFO - Started process (PID=1472) to work on /home/leizo/.local/lib/python3.8/site-packages/airflow/example_dags/example_nested_branch_dag.py
[2022-06-12 22:22:01,785] {processor.py:642} INFO - Processing file /home/leizo/.local/lib/python3.8/site-packages/airflow/example_dags/example_nested_branch_dag.py for tasks to queue
[2022-06-12 22:22:01,785] {logging_mixin.py:109} INFO - [2022-06-12 22:22:01,785] {dagbag.py:500} INFO - Filling up the DagBag from /home/leizo/.local/lib/python3.8/site-packages/airflow/example_dags/example_nested_branch_dag.py
[2022-06-12 22:22:01,798] {processor.py:652} INFO - DAG(s) dict_keys(['example_nested_branch_dag']) retrieved from /home/leizo/.local/lib/python3.8/site-packages/airflow/example_dags/example_nested_branch_dag.py
[2022-06-12 22:22:01,809] {logging_mixin.py:109} INFO - [2022-06-12 22:22:01,809] {dag.py:2398} INFO - Sync 1 DAGs
[2022-06-12 22:22:01,825] {logging_mixin.py:109} INFO - [2022-06-12 22:22:01,825] {dag.py:2937} INFO - Setting next_dagrun for example_nested_branch_dag to 2022-06-11 00:00:00+00:00
[2022-06-12 22:22:01,838] {processor.py:171} INFO - Processing /home/leizo/.local/lib/python3.8/site-packages/airflow/example_dags/example_nested_branch_dag.py took 0.056 seconds
[2022-06-12 22:22:38,052] {processor.py:163} INFO - Started process (PID=1507) to work on /home/leizo/.local/lib/python3.8/site-packages/airflow/example_dags/example_nested_branch_dag.py
[2022-06-12 22:22:38,053] {processor.py:642} INFO - Processing file /home/leizo/.local/lib/python3.8/site-packages/airflow/example_dags/example_nested_branch_dag.py for tasks to queue
[2022-06-12 22:22:38,054] {logging_mixin.py:109} INFO - [2022-06-12 22:22:38,054] {dagbag.py:500} INFO - Filling up the DagBag from /home/leizo/.local/lib/python3.8/site-packages/airflow/example_dags/example_nested_branch_dag.py
[2022-06-12 22:22:38,068] {processor.py:652} INFO - DAG(s) dict_keys(['example_nested_branch_dag']) retrieved from /home/leizo/.local/lib/python3.8/site-packages/airflow/example_dags/example_nested_branch_dag.py
[2022-06-12 22:22:38,080] {logging_mixin.py:109} INFO - [2022-06-12 22:22:38,080] {dag.py:2398} INFO - Sync 1 DAGs
[2022-06-12 22:22:38,095] {logging_mixin.py:109} INFO - [2022-06-12 22:22:38,095] {dag.py:2937} INFO - Setting next_dagrun for example_nested_branch_dag to 2022-06-11 00:00:00+00:00
[2022-06-12 22:22:38,108] {processor.py:171} INFO - Processing /home/leizo/.local/lib/python3.8/site-packages/airflow/example_dags/example_nested_branch_dag.py took 0.059 seconds
[2022-06-12 22:23:13,516] {processor.py:163} INFO - Started process (PID=1542) to work on /home/leizo/.local/lib/python3.8/site-packages/airflow/example_dags/example_nested_branch_dag.py
[2022-06-12 22:23:13,519] {processor.py:642} INFO - Processing file /home/leizo/.local/lib/python3.8/site-packages/airflow/example_dags/example_nested_branch_dag.py for tasks to queue
[2022-06-12 22:23:13,520] {logging_mixin.py:109} INFO - [2022-06-12 22:23:13,520] {dagbag.py:500} INFO - Filling up the DagBag from /home/leizo/.local/lib/python3.8/site-packages/airflow/example_dags/example_nested_branch_dag.py
[2022-06-12 22:23:13,542] {processor.py:652} INFO - DAG(s) dict_keys(['example_nested_branch_dag']) retrieved from /home/leizo/.local/lib/python3.8/site-packages/airflow/example_dags/example_nested_branch_dag.py
[2022-06-12 22:23:13,564] {logging_mixin.py:109} INFO - [2022-06-12 22:23:13,563] {dag.py:2398} INFO - Sync 1 DAGs
[2022-06-12 22:23:13,589] {logging_mixin.py:109} INFO - [2022-06-12 22:23:13,589] {dag.py:2937} INFO - Setting next_dagrun for example_nested_branch_dag to 2022-06-11 00:00:00+00:00
[2022-06-12 22:23:13,609] {processor.py:171} INFO - Processing /home/leizo/.local/lib/python3.8/site-packages/airflow/example_dags/example_nested_branch_dag.py took 0.097 seconds
[2022-06-12 22:23:57,497] {processor.py:163} INFO - Started process (PID=1645) to work on /home/leizo/.local/lib/python3.8/site-packages/airflow/example_dags/example_nested_branch_dag.py
[2022-06-12 22:23:57,500] {processor.py:642} INFO - Processing file /home/leizo/.local/lib/python3.8/site-packages/airflow/example_dags/example_nested_branch_dag.py for tasks to queue
[2022-06-12 22:23:57,502] {logging_mixin.py:109} INFO - [2022-06-12 22:23:57,502] {dagbag.py:500} INFO - Filling up the DagBag from /home/leizo/.local/lib/python3.8/site-packages/airflow/example_dags/example_nested_branch_dag.py
[2022-06-12 22:23:57,523] {processor.py:652} INFO - DAG(s) dict_keys(['example_nested_branch_dag']) retrieved from /home/leizo/.local/lib/python3.8/site-packages/airflow/example_dags/example_nested_branch_dag.py
[2022-06-12 22:23:57,542] {logging_mixin.py:109} INFO - [2022-06-12 22:23:57,541] {dag.py:2398} INFO - Sync 1 DAGs
[2022-06-12 22:23:57,562] {logging_mixin.py:109} INFO - [2022-06-12 22:23:57,562] {dag.py:2937} INFO - Setting next_dagrun for example_nested_branch_dag to 2022-06-11 00:00:00+00:00
[2022-06-12 22:23:57,579] {processor.py:171} INFO - Processing /home/leizo/.local/lib/python3.8/site-packages/airflow/example_dags/example_nested_branch_dag.py took 0.085 seconds
[2022-06-12 22:24:36,113] {processor.py:163} INFO - Started process (PID=1683) to work on /home/leizo/.local/lib/python3.8/site-packages/airflow/example_dags/example_nested_branch_dag.py
[2022-06-12 22:24:36,116] {processor.py:642} INFO - Processing file /home/leizo/.local/lib/python3.8/site-packages/airflow/example_dags/example_nested_branch_dag.py for tasks to queue
[2022-06-12 22:24:36,117] {logging_mixin.py:109} INFO - [2022-06-12 22:24:36,116] {dagbag.py:500} INFO - Filling up the DagBag from /home/leizo/.local/lib/python3.8/site-packages/airflow/example_dags/example_nested_branch_dag.py
[2022-06-12 22:24:36,148] {processor.py:652} INFO - DAG(s) dict_keys(['example_nested_branch_dag']) retrieved from /home/leizo/.local/lib/python3.8/site-packages/airflow/example_dags/example_nested_branch_dag.py
[2022-06-12 22:24:36,166] {logging_mixin.py:109} INFO - [2022-06-12 22:24:36,166] {dag.py:2398} INFO - Sync 1 DAGs
[2022-06-12 22:24:36,180] {logging_mixin.py:109} INFO - [2022-06-12 22:24:36,180] {dag.py:2937} INFO - Setting next_dagrun for example_nested_branch_dag to 2022-06-11 00:00:00+00:00
[2022-06-12 22:24:36,199] {processor.py:171} INFO - Processing /home/leizo/.local/lib/python3.8/site-packages/airflow/example_dags/example_nested_branch_dag.py took 0.091 seconds
[2022-06-12 22:25:18,646] {processor.py:163} INFO - Started process (PID=1759) to work on /home/leizo/.local/lib/python3.8/site-packages/airflow/example_dags/example_nested_branch_dag.py
[2022-06-12 22:25:18,651] {processor.py:642} INFO - Processing file /home/leizo/.local/lib/python3.8/site-packages/airflow/example_dags/example_nested_branch_dag.py for tasks to queue
[2022-06-12 22:25:18,652] {logging_mixin.py:109} INFO - [2022-06-12 22:25:18,652] {dagbag.py:500} INFO - Filling up the DagBag from /home/leizo/.local/lib/python3.8/site-packages/airflow/example_dags/example_nested_branch_dag.py
[2022-06-12 22:25:18,695] {processor.py:652} INFO - DAG(s) dict_keys(['example_nested_branch_dag']) retrieved from /home/leizo/.local/lib/python3.8/site-packages/airflow/example_dags/example_nested_branch_dag.py
[2022-06-12 22:25:18,716] {logging_mixin.py:109} INFO - [2022-06-12 22:25:18,716] {dag.py:2398} INFO - Sync 1 DAGs
[2022-06-12 22:25:18,732] {logging_mixin.py:109} INFO - [2022-06-12 22:25:18,732] {dag.py:2937} INFO - Setting next_dagrun for example_nested_branch_dag to 2022-06-11 00:00:00+00:00
[2022-06-12 22:25:18,749] {processor.py:171} INFO - Processing /home/leizo/.local/lib/python3.8/site-packages/airflow/example_dags/example_nested_branch_dag.py took 0.109 seconds
[2022-06-12 22:25:57,381] {processor.py:163} INFO - Started process (PID=1796) to work on /home/leizo/.local/lib/python3.8/site-packages/airflow/example_dags/example_nested_branch_dag.py
[2022-06-12 22:25:57,384] {processor.py:642} INFO - Processing file /home/leizo/.local/lib/python3.8/site-packages/airflow/example_dags/example_nested_branch_dag.py for tasks to queue
[2022-06-12 22:25:57,386] {logging_mixin.py:109} INFO - [2022-06-12 22:25:57,385] {dagbag.py:500} INFO - Filling up the DagBag from /home/leizo/.local/lib/python3.8/site-packages/airflow/example_dags/example_nested_branch_dag.py
[2022-06-12 22:25:57,421] {processor.py:652} INFO - DAG(s) dict_keys(['example_nested_branch_dag']) retrieved from /home/leizo/.local/lib/python3.8/site-packages/airflow/example_dags/example_nested_branch_dag.py
[2022-06-12 22:25:57,449] {logging_mixin.py:109} INFO - [2022-06-12 22:25:57,449] {dag.py:2398} INFO - Sync 1 DAGs
[2022-06-12 22:25:57,469] {logging_mixin.py:109} INFO - [2022-06-12 22:25:57,469] {dag.py:2937} INFO - Setting next_dagrun for example_nested_branch_dag to 2022-06-11 00:00:00+00:00
[2022-06-12 22:25:57,483] {processor.py:171} INFO - Processing /home/leizo/.local/lib/python3.8/site-packages/airflow/example_dags/example_nested_branch_dag.py took 0.108 seconds
[2022-06-12 22:26:45,570] {processor.py:163} INFO - Started process (PID=1838) to work on /home/leizo/.local/lib/python3.8/site-packages/airflow/example_dags/example_nested_branch_dag.py
[2022-06-12 22:26:45,572] {processor.py:642} INFO - Processing file /home/leizo/.local/lib/python3.8/site-packages/airflow/example_dags/example_nested_branch_dag.py for tasks to queue
[2022-06-12 22:26:45,574] {logging_mixin.py:109} INFO - [2022-06-12 22:26:45,574] {dagbag.py:500} INFO - Filling up the DagBag from /home/leizo/.local/lib/python3.8/site-packages/airflow/example_dags/example_nested_branch_dag.py
[2022-06-12 22:26:45,602] {processor.py:652} INFO - DAG(s) dict_keys(['example_nested_branch_dag']) retrieved from /home/leizo/.local/lib/python3.8/site-packages/airflow/example_dags/example_nested_branch_dag.py
[2022-06-12 22:26:45,618] {logging_mixin.py:109} INFO - [2022-06-12 22:26:45,617] {dag.py:2398} INFO - Sync 1 DAGs
[2022-06-12 22:26:45,634] {logging_mixin.py:109} INFO - [2022-06-12 22:26:45,634] {dag.py:2937} INFO - Setting next_dagrun for example_nested_branch_dag to 2022-06-11 00:00:00+00:00
[2022-06-12 22:26:45,652] {processor.py:171} INFO - Processing /home/leizo/.local/lib/python3.8/site-packages/airflow/example_dags/example_nested_branch_dag.py took 0.084 seconds
[2022-06-12 22:27:51,579] {processor.py:163} INFO - Started process (PID=1911) to work on /home/leizo/.local/lib/python3.8/site-packages/airflow/example_dags/example_nested_branch_dag.py
[2022-06-12 22:27:51,582] {processor.py:642} INFO - Processing file /home/leizo/.local/lib/python3.8/site-packages/airflow/example_dags/example_nested_branch_dag.py for tasks to queue
[2022-06-12 22:27:51,583] {logging_mixin.py:109} INFO - [2022-06-12 22:27:51,583] {dagbag.py:500} INFO - Filling up the DagBag from /home/leizo/.local/lib/python3.8/site-packages/airflow/example_dags/example_nested_branch_dag.py
[2022-06-12 22:27:51,622] {processor.py:652} INFO - DAG(s) dict_keys(['example_nested_branch_dag']) retrieved from /home/leizo/.local/lib/python3.8/site-packages/airflow/example_dags/example_nested_branch_dag.py
[2022-06-12 22:27:51,650] {logging_mixin.py:109} INFO - [2022-06-12 22:27:51,650] {dag.py:2398} INFO - Sync 1 DAGs
[2022-06-12 22:27:51,679] {logging_mixin.py:109} INFO - [2022-06-12 22:27:51,678] {dag.py:2937} INFO - Setting next_dagrun for example_nested_branch_dag to 2022-06-11 00:00:00+00:00
[2022-06-12 22:27:51,708] {processor.py:171} INFO - Processing /home/leizo/.local/lib/python3.8/site-packages/airflow/example_dags/example_nested_branch_dag.py took 0.136 seconds
[2022-06-12 22:28:36,647] {processor.py:163} INFO - Started process (PID=1982) to work on /home/leizo/.local/lib/python3.8/site-packages/airflow/example_dags/example_nested_branch_dag.py
[2022-06-12 22:28:36,651] {processor.py:642} INFO - Processing file /home/leizo/.local/lib/python3.8/site-packages/airflow/example_dags/example_nested_branch_dag.py for tasks to queue
[2022-06-12 22:28:36,652] {logging_mixin.py:109} INFO - [2022-06-12 22:28:36,652] {dagbag.py:500} INFO - Filling up the DagBag from /home/leizo/.local/lib/python3.8/site-packages/airflow/example_dags/example_nested_branch_dag.py
[2022-06-12 22:28:36,683] {processor.py:652} INFO - DAG(s) dict_keys(['example_nested_branch_dag']) retrieved from /home/leizo/.local/lib/python3.8/site-packages/airflow/example_dags/example_nested_branch_dag.py
[2022-06-12 22:28:36,712] {logging_mixin.py:109} INFO - [2022-06-12 22:28:36,712] {dag.py:2398} INFO - Sync 1 DAGs
[2022-06-12 22:28:36,725] {logging_mixin.py:109} INFO - [2022-06-12 22:28:36,725] {dag.py:2937} INFO - Setting next_dagrun for example_nested_branch_dag to 2022-06-11 00:00:00+00:00
[2022-06-12 22:28:36,738] {processor.py:171} INFO - Processing /home/leizo/.local/lib/python3.8/site-packages/airflow/example_dags/example_nested_branch_dag.py took 0.098 seconds
[2022-06-12 22:29:22,022] {processor.py:163} INFO - Started process (PID=2094) to work on /home/leizo/.local/lib/python3.8/site-packages/airflow/example_dags/example_nested_branch_dag.py
[2022-06-12 22:29:22,026] {processor.py:642} INFO - Processing file /home/leizo/.local/lib/python3.8/site-packages/airflow/example_dags/example_nested_branch_dag.py for tasks to queue
[2022-06-12 22:29:22,028] {logging_mixin.py:109} INFO - [2022-06-12 22:29:22,027] {dagbag.py:500} INFO - Filling up the DagBag from /home/leizo/.local/lib/python3.8/site-packages/airflow/example_dags/example_nested_branch_dag.py
[2022-06-12 22:29:22,059] {processor.py:652} INFO - DAG(s) dict_keys(['example_nested_branch_dag']) retrieved from /home/leizo/.local/lib/python3.8/site-packages/airflow/example_dags/example_nested_branch_dag.py
[2022-06-12 22:29:22,083] {logging_mixin.py:109} INFO - [2022-06-12 22:29:22,083] {dag.py:2398} INFO - Sync 1 DAGs
[2022-06-12 22:29:22,109] {logging_mixin.py:109} INFO - [2022-06-12 22:29:22,108] {dag.py:2937} INFO - Setting next_dagrun for example_nested_branch_dag to 2022-06-11 00:00:00+00:00
[2022-06-12 22:29:22,130] {processor.py:171} INFO - Processing /home/leizo/.local/lib/python3.8/site-packages/airflow/example_dags/example_nested_branch_dag.py took 0.113 seconds
[2022-06-12 22:30:06,847] {processor.py:163} INFO - Started process (PID=2211) to work on /home/leizo/.local/lib/python3.8/site-packages/airflow/example_dags/example_nested_branch_dag.py
[2022-06-12 22:30:06,851] {processor.py:642} INFO - Processing file /home/leizo/.local/lib/python3.8/site-packages/airflow/example_dags/example_nested_branch_dag.py for tasks to queue
[2022-06-12 22:30:06,852] {logging_mixin.py:109} INFO - [2022-06-12 22:30:06,852] {dagbag.py:500} INFO - Filling up the DagBag from /home/leizo/.local/lib/python3.8/site-packages/airflow/example_dags/example_nested_branch_dag.py
[2022-06-12 22:30:06,876] {processor.py:652} INFO - DAG(s) dict_keys(['example_nested_branch_dag']) retrieved from /home/leizo/.local/lib/python3.8/site-packages/airflow/example_dags/example_nested_branch_dag.py
[2022-06-12 22:30:06,886] {logging_mixin.py:109} INFO - [2022-06-12 22:30:06,886] {dag.py:2398} INFO - Sync 1 DAGs
[2022-06-12 22:30:06,901] {logging_mixin.py:109} INFO - [2022-06-12 22:30:06,901] {dag.py:2937} INFO - Setting next_dagrun for example_nested_branch_dag to 2022-06-11 00:00:00+00:00
[2022-06-12 22:30:06,919] {processor.py:171} INFO - Processing /home/leizo/.local/lib/python3.8/site-packages/airflow/example_dags/example_nested_branch_dag.py took 0.078 seconds
[2022-06-12 22:30:41,876] {processor.py:163} INFO - Started process (PID=2284) to work on /home/leizo/.local/lib/python3.8/site-packages/airflow/example_dags/example_nested_branch_dag.py
[2022-06-12 22:30:41,879] {processor.py:642} INFO - Processing file /home/leizo/.local/lib/python3.8/site-packages/airflow/example_dags/example_nested_branch_dag.py for tasks to queue
[2022-06-12 22:30:41,881] {logging_mixin.py:109} INFO - [2022-06-12 22:30:41,881] {dagbag.py:500} INFO - Filling up the DagBag from /home/leizo/.local/lib/python3.8/site-packages/airflow/example_dags/example_nested_branch_dag.py
[2022-06-12 22:30:41,906] {processor.py:652} INFO - DAG(s) dict_keys(['example_nested_branch_dag']) retrieved from /home/leizo/.local/lib/python3.8/site-packages/airflow/example_dags/example_nested_branch_dag.py
[2022-06-12 22:30:41,923] {logging_mixin.py:109} INFO - [2022-06-12 22:30:41,923] {dag.py:2398} INFO - Sync 1 DAGs
[2022-06-12 22:30:41,936] {logging_mixin.py:109} INFO - [2022-06-12 22:30:41,936] {dag.py:2937} INFO - Setting next_dagrun for example_nested_branch_dag to 2022-06-11 00:00:00+00:00
[2022-06-12 22:30:41,949] {processor.py:171} INFO - Processing /home/leizo/.local/lib/python3.8/site-packages/airflow/example_dags/example_nested_branch_dag.py took 0.078 seconds
[2022-06-12 22:31:24,854] {processor.py:163} INFO - Started process (PID=2420) to work on /home/leizo/.local/lib/python3.8/site-packages/airflow/example_dags/example_nested_branch_dag.py
[2022-06-12 22:31:24,857] {processor.py:642} INFO - Processing file /home/leizo/.local/lib/python3.8/site-packages/airflow/example_dags/example_nested_branch_dag.py for tasks to queue
[2022-06-12 22:31:24,858] {logging_mixin.py:109} INFO - [2022-06-12 22:31:24,858] {dagbag.py:500} INFO - Filling up the DagBag from /home/leizo/.local/lib/python3.8/site-packages/airflow/example_dags/example_nested_branch_dag.py
[2022-06-12 22:31:24,893] {processor.py:652} INFO - DAG(s) dict_keys(['example_nested_branch_dag']) retrieved from /home/leizo/.local/lib/python3.8/site-packages/airflow/example_dags/example_nested_branch_dag.py
[2022-06-12 22:31:24,916] {logging_mixin.py:109} INFO - [2022-06-12 22:31:24,915] {dag.py:2398} INFO - Sync 1 DAGs
[2022-06-12 22:31:24,932] {logging_mixin.py:109} INFO - [2022-06-12 22:31:24,932] {dag.py:2937} INFO - Setting next_dagrun for example_nested_branch_dag to 2022-06-11 00:00:00+00:00
[2022-06-12 22:31:24,947] {processor.py:171} INFO - Processing /home/leizo/.local/lib/python3.8/site-packages/airflow/example_dags/example_nested_branch_dag.py took 0.097 seconds
[2022-06-12 22:32:06,750] {processor.py:163} INFO - Started process (PID=2479) to work on /home/leizo/.local/lib/python3.8/site-packages/airflow/example_dags/example_nested_branch_dag.py
[2022-06-12 22:32:06,753] {processor.py:642} INFO - Processing file /home/leizo/.local/lib/python3.8/site-packages/airflow/example_dags/example_nested_branch_dag.py for tasks to queue
[2022-06-12 22:32:06,754] {logging_mixin.py:109} INFO - [2022-06-12 22:32:06,754] {dagbag.py:500} INFO - Filling up the DagBag from /home/leizo/.local/lib/python3.8/site-packages/airflow/example_dags/example_nested_branch_dag.py
[2022-06-12 22:32:06,769] {processor.py:652} INFO - DAG(s) dict_keys(['example_nested_branch_dag']) retrieved from /home/leizo/.local/lib/python3.8/site-packages/airflow/example_dags/example_nested_branch_dag.py
[2022-06-12 22:32:06,782] {logging_mixin.py:109} INFO - [2022-06-12 22:32:06,782] {dag.py:2398} INFO - Sync 1 DAGs
[2022-06-12 22:32:06,795] {logging_mixin.py:109} INFO - [2022-06-12 22:32:06,795] {dag.py:2937} INFO - Setting next_dagrun for example_nested_branch_dag to 2022-06-11 00:00:00+00:00
[2022-06-12 22:32:06,808] {processor.py:171} INFO - Processing /home/leizo/.local/lib/python3.8/site-packages/airflow/example_dags/example_nested_branch_dag.py took 0.061 seconds
[2022-06-12 22:32:46,820] {processor.py:163} INFO - Started process (PID=2550) to work on /home/leizo/.local/lib/python3.8/site-packages/airflow/example_dags/example_nested_branch_dag.py
[2022-06-12 22:32:46,822] {processor.py:642} INFO - Processing file /home/leizo/.local/lib/python3.8/site-packages/airflow/example_dags/example_nested_branch_dag.py for tasks to queue
[2022-06-12 22:32:46,823] {logging_mixin.py:109} INFO - [2022-06-12 22:32:46,823] {dagbag.py:500} INFO - Filling up the DagBag from /home/leizo/.local/lib/python3.8/site-packages/airflow/example_dags/example_nested_branch_dag.py
[2022-06-12 22:32:46,839] {processor.py:652} INFO - DAG(s) dict_keys(['example_nested_branch_dag']) retrieved from /home/leizo/.local/lib/python3.8/site-packages/airflow/example_dags/example_nested_branch_dag.py
[2022-06-12 22:32:46,852] {logging_mixin.py:109} INFO - [2022-06-12 22:32:46,852] {dag.py:2398} INFO - Sync 1 DAGs
[2022-06-12 22:32:46,868] {logging_mixin.py:109} INFO - [2022-06-12 22:32:46,868] {dag.py:2937} INFO - Setting next_dagrun for example_nested_branch_dag to 2022-06-11 00:00:00+00:00
[2022-06-12 22:32:46,880] {processor.py:171} INFO - Processing /home/leizo/.local/lib/python3.8/site-packages/airflow/example_dags/example_nested_branch_dag.py took 0.062 seconds
[2022-06-12 22:33:28,080] {processor.py:163} INFO - Started process (PID=2637) to work on /home/leizo/.local/lib/python3.8/site-packages/airflow/example_dags/example_nested_branch_dag.py
[2022-06-12 22:33:28,083] {processor.py:642} INFO - Processing file /home/leizo/.local/lib/python3.8/site-packages/airflow/example_dags/example_nested_branch_dag.py for tasks to queue
[2022-06-12 22:33:28,084] {logging_mixin.py:109} INFO - [2022-06-12 22:33:28,083] {dagbag.py:500} INFO - Filling up the DagBag from /home/leizo/.local/lib/python3.8/site-packages/airflow/example_dags/example_nested_branch_dag.py
[2022-06-12 22:33:28,096] {processor.py:652} INFO - DAG(s) dict_keys(['example_nested_branch_dag']) retrieved from /home/leizo/.local/lib/python3.8/site-packages/airflow/example_dags/example_nested_branch_dag.py
[2022-06-12 22:33:28,108] {logging_mixin.py:109} INFO - [2022-06-12 22:33:28,107] {dag.py:2398} INFO - Sync 1 DAGs
[2022-06-12 22:33:28,124] {logging_mixin.py:109} INFO - [2022-06-12 22:33:28,124] {dag.py:2937} INFO - Setting next_dagrun for example_nested_branch_dag to 2022-06-11 00:00:00+00:00
[2022-06-12 22:33:28,139] {processor.py:171} INFO - Processing /home/leizo/.local/lib/python3.8/site-packages/airflow/example_dags/example_nested_branch_dag.py took 0.062 seconds
[2022-06-12 22:34:08,412] {processor.py:163} INFO - Started process (PID=2716) to work on /home/leizo/.local/lib/python3.8/site-packages/airflow/example_dags/example_nested_branch_dag.py
[2022-06-12 22:34:08,415] {processor.py:642} INFO - Processing file /home/leizo/.local/lib/python3.8/site-packages/airflow/example_dags/example_nested_branch_dag.py for tasks to queue
[2022-06-12 22:34:08,416] {logging_mixin.py:109} INFO - [2022-06-12 22:34:08,416] {dagbag.py:500} INFO - Filling up the DagBag from /home/leizo/.local/lib/python3.8/site-packages/airflow/example_dags/example_nested_branch_dag.py
[2022-06-12 22:34:08,433] {processor.py:652} INFO - DAG(s) dict_keys(['example_nested_branch_dag']) retrieved from /home/leizo/.local/lib/python3.8/site-packages/airflow/example_dags/example_nested_branch_dag.py
[2022-06-12 22:34:08,449] {logging_mixin.py:109} INFO - [2022-06-12 22:34:08,449] {dag.py:2398} INFO - Sync 1 DAGs
[2022-06-12 22:34:08,466] {logging_mixin.py:109} INFO - [2022-06-12 22:34:08,465] {dag.py:2937} INFO - Setting next_dagrun for example_nested_branch_dag to 2022-06-11 00:00:00+00:00
[2022-06-12 22:34:08,482] {processor.py:171} INFO - Processing /home/leizo/.local/lib/python3.8/site-packages/airflow/example_dags/example_nested_branch_dag.py took 0.072 seconds
[2022-06-12 22:34:49,949] {processor.py:163} INFO - Started process (PID=2780) to work on /home/leizo/.local/lib/python3.8/site-packages/airflow/example_dags/example_nested_branch_dag.py
[2022-06-12 22:34:49,952] {processor.py:642} INFO - Processing file /home/leizo/.local/lib/python3.8/site-packages/airflow/example_dags/example_nested_branch_dag.py for tasks to queue
[2022-06-12 22:34:49,953] {logging_mixin.py:109} INFO - [2022-06-12 22:34:49,953] {dagbag.py:500} INFO - Filling up the DagBag from /home/leizo/.local/lib/python3.8/site-packages/airflow/example_dags/example_nested_branch_dag.py
[2022-06-12 22:34:49,978] {processor.py:652} INFO - DAG(s) dict_keys(['example_nested_branch_dag']) retrieved from /home/leizo/.local/lib/python3.8/site-packages/airflow/example_dags/example_nested_branch_dag.py
[2022-06-12 22:34:49,995] {logging_mixin.py:109} INFO - [2022-06-12 22:34:49,995] {dag.py:2398} INFO - Sync 1 DAGs
[2022-06-12 22:34:50,016] {logging_mixin.py:109} INFO - [2022-06-12 22:34:50,016] {dag.py:2937} INFO - Setting next_dagrun for example_nested_branch_dag to 2022-06-11 00:00:00+00:00
[2022-06-12 22:34:50,035] {processor.py:171} INFO - Processing /home/leizo/.local/lib/python3.8/site-packages/airflow/example_dags/example_nested_branch_dag.py took 0.089 seconds
[2022-06-12 22:35:32,681] {processor.py:163} INFO - Started process (PID=2873) to work on /home/leizo/.local/lib/python3.8/site-packages/airflow/example_dags/example_nested_branch_dag.py
[2022-06-12 22:35:32,684] {processor.py:642} INFO - Processing file /home/leizo/.local/lib/python3.8/site-packages/airflow/example_dags/example_nested_branch_dag.py for tasks to queue
[2022-06-12 22:35:32,685] {logging_mixin.py:109} INFO - [2022-06-12 22:35:32,685] {dagbag.py:500} INFO - Filling up the DagBag from /home/leizo/.local/lib/python3.8/site-packages/airflow/example_dags/example_nested_branch_dag.py
[2022-06-12 22:35:32,712] {processor.py:652} INFO - DAG(s) dict_keys(['example_nested_branch_dag']) retrieved from /home/leizo/.local/lib/python3.8/site-packages/airflow/example_dags/example_nested_branch_dag.py
[2022-06-12 22:35:32,734] {logging_mixin.py:109} INFO - [2022-06-12 22:35:32,734] {dag.py:2398} INFO - Sync 1 DAGs
[2022-06-12 22:35:32,760] {logging_mixin.py:109} INFO - [2022-06-12 22:35:32,759] {dag.py:2937} INFO - Setting next_dagrun for example_nested_branch_dag to 2022-06-11 00:00:00+00:00
[2022-06-12 22:35:32,775] {processor.py:171} INFO - Processing /home/leizo/.local/lib/python3.8/site-packages/airflow/example_dags/example_nested_branch_dag.py took 0.100 seconds
[2022-06-12 22:36:14,539] {processor.py:163} INFO - Started process (PID=2946) to work on /home/leizo/.local/lib/python3.8/site-packages/airflow/example_dags/example_nested_branch_dag.py
[2022-06-12 22:36:14,542] {processor.py:642} INFO - Processing file /home/leizo/.local/lib/python3.8/site-packages/airflow/example_dags/example_nested_branch_dag.py for tasks to queue
[2022-06-12 22:36:14,543] {logging_mixin.py:109} INFO - [2022-06-12 22:36:14,543] {dagbag.py:500} INFO - Filling up the DagBag from /home/leizo/.local/lib/python3.8/site-packages/airflow/example_dags/example_nested_branch_dag.py
[2022-06-12 22:36:14,567] {processor.py:652} INFO - DAG(s) dict_keys(['example_nested_branch_dag']) retrieved from /home/leizo/.local/lib/python3.8/site-packages/airflow/example_dags/example_nested_branch_dag.py
[2022-06-12 22:36:14,583] {logging_mixin.py:109} INFO - [2022-06-12 22:36:14,583] {dag.py:2398} INFO - Sync 1 DAGs
[2022-06-12 22:36:14,602] {logging_mixin.py:109} INFO - [2022-06-12 22:36:14,602] {dag.py:2937} INFO - Setting next_dagrun for example_nested_branch_dag to 2022-06-11 00:00:00+00:00
[2022-06-12 22:36:14,620] {processor.py:171} INFO - Processing /home/leizo/.local/lib/python3.8/site-packages/airflow/example_dags/example_nested_branch_dag.py took 0.086 seconds
[2022-06-12 22:36:56,312] {processor.py:163} INFO - Started process (PID=3034) to work on /home/leizo/.local/lib/python3.8/site-packages/airflow/example_dags/example_nested_branch_dag.py
[2022-06-12 22:36:56,316] {processor.py:642} INFO - Processing file /home/leizo/.local/lib/python3.8/site-packages/airflow/example_dags/example_nested_branch_dag.py for tasks to queue
[2022-06-12 22:36:56,317] {logging_mixin.py:109} INFO - [2022-06-12 22:36:56,317] {dagbag.py:500} INFO - Filling up the DagBag from /home/leizo/.local/lib/python3.8/site-packages/airflow/example_dags/example_nested_branch_dag.py
[2022-06-12 22:36:56,351] {processor.py:652} INFO - DAG(s) dict_keys(['example_nested_branch_dag']) retrieved from /home/leizo/.local/lib/python3.8/site-packages/airflow/example_dags/example_nested_branch_dag.py
[2022-06-12 22:36:56,364] {logging_mixin.py:109} INFO - [2022-06-12 22:36:56,364] {dag.py:2398} INFO - Sync 1 DAGs
[2022-06-12 22:36:56,375] {logging_mixin.py:109} INFO - [2022-06-12 22:36:56,375] {dag.py:2937} INFO - Setting next_dagrun for example_nested_branch_dag to 2022-06-11 00:00:00+00:00
[2022-06-12 22:36:56,390] {processor.py:171} INFO - Processing /home/leizo/.local/lib/python3.8/site-packages/airflow/example_dags/example_nested_branch_dag.py took 0.082 seconds
[2022-06-12 22:37:38,215] {processor.py:163} INFO - Started process (PID=3074) to work on /home/leizo/.local/lib/python3.8/site-packages/airflow/example_dags/example_nested_branch_dag.py
[2022-06-12 22:37:38,218] {processor.py:642} INFO - Processing file /home/leizo/.local/lib/python3.8/site-packages/airflow/example_dags/example_nested_branch_dag.py for tasks to queue
[2022-06-12 22:37:38,219] {logging_mixin.py:109} INFO - [2022-06-12 22:37:38,219] {dagbag.py:500} INFO - Filling up the DagBag from /home/leizo/.local/lib/python3.8/site-packages/airflow/example_dags/example_nested_branch_dag.py
[2022-06-12 22:37:38,236] {processor.py:652} INFO - DAG(s) dict_keys(['example_nested_branch_dag']) retrieved from /home/leizo/.local/lib/python3.8/site-packages/airflow/example_dags/example_nested_branch_dag.py
[2022-06-12 22:37:38,246] {logging_mixin.py:109} INFO - [2022-06-12 22:37:38,246] {dag.py:2398} INFO - Sync 1 DAGs
[2022-06-12 22:37:38,263] {logging_mixin.py:109} INFO - [2022-06-12 22:37:38,263] {dag.py:2937} INFO - Setting next_dagrun for example_nested_branch_dag to 2022-06-11 00:00:00+00:00
[2022-06-12 22:37:38,279] {processor.py:171} INFO - Processing /home/leizo/.local/lib/python3.8/site-packages/airflow/example_dags/example_nested_branch_dag.py took 0.070 seconds
[2022-06-12 22:38:21,701] {processor.py:163} INFO - Started process (PID=3114) to work on /home/leizo/.local/lib/python3.8/site-packages/airflow/example_dags/example_nested_branch_dag.py
[2022-06-12 22:38:21,706] {processor.py:642} INFO - Processing file /home/leizo/.local/lib/python3.8/site-packages/airflow/example_dags/example_nested_branch_dag.py for tasks to queue
[2022-06-12 22:38:21,707] {logging_mixin.py:109} INFO - [2022-06-12 22:38:21,707] {dagbag.py:500} INFO - Filling up the DagBag from /home/leizo/.local/lib/python3.8/site-packages/airflow/example_dags/example_nested_branch_dag.py
[2022-06-12 22:38:21,745] {processor.py:652} INFO - DAG(s) dict_keys(['example_nested_branch_dag']) retrieved from /home/leizo/.local/lib/python3.8/site-packages/airflow/example_dags/example_nested_branch_dag.py
[2022-06-12 22:38:21,773] {logging_mixin.py:109} INFO - [2022-06-12 22:38:21,773] {dag.py:2398} INFO - Sync 1 DAGs
[2022-06-12 22:38:21,810] {logging_mixin.py:109} INFO - [2022-06-12 22:38:21,810] {dag.py:2937} INFO - Setting next_dagrun for example_nested_branch_dag to 2022-06-11 00:00:00+00:00
[2022-06-12 22:38:21,839] {processor.py:171} INFO - Processing /home/leizo/.local/lib/python3.8/site-packages/airflow/example_dags/example_nested_branch_dag.py took 0.143 seconds
[2022-06-12 22:39:00,260] {processor.py:163} INFO - Started process (PID=3199) to work on /home/leizo/.local/lib/python3.8/site-packages/airflow/example_dags/example_nested_branch_dag.py
[2022-06-12 22:39:00,263] {processor.py:642} INFO - Processing file /home/leizo/.local/lib/python3.8/site-packages/airflow/example_dags/example_nested_branch_dag.py for tasks to queue
[2022-06-12 22:39:00,264] {logging_mixin.py:109} INFO - [2022-06-12 22:39:00,264] {dagbag.py:500} INFO - Filling up the DagBag from /home/leizo/.local/lib/python3.8/site-packages/airflow/example_dags/example_nested_branch_dag.py
[2022-06-12 22:39:00,288] {processor.py:652} INFO - DAG(s) dict_keys(['example_nested_branch_dag']) retrieved from /home/leizo/.local/lib/python3.8/site-packages/airflow/example_dags/example_nested_branch_dag.py
[2022-06-12 22:39:00,302] {logging_mixin.py:109} INFO - [2022-06-12 22:39:00,302] {dag.py:2398} INFO - Sync 1 DAGs
[2022-06-12 22:39:00,319] {logging_mixin.py:109} INFO - [2022-06-12 22:39:00,318] {dag.py:2937} INFO - Setting next_dagrun for example_nested_branch_dag to 2022-06-11 00:00:00+00:00
[2022-06-12 22:39:00,330] {processor.py:171} INFO - Processing /home/leizo/.local/lib/python3.8/site-packages/airflow/example_dags/example_nested_branch_dag.py took 0.076 seconds
[2022-06-12 22:39:42,568] {processor.py:163} INFO - Started process (PID=3255) to work on /home/leizo/.local/lib/python3.8/site-packages/airflow/example_dags/example_nested_branch_dag.py
[2022-06-12 22:39:42,572] {processor.py:642} INFO - Processing file /home/leizo/.local/lib/python3.8/site-packages/airflow/example_dags/example_nested_branch_dag.py for tasks to queue
[2022-06-12 22:39:42,574] {logging_mixin.py:109} INFO - [2022-06-12 22:39:42,574] {dagbag.py:500} INFO - Filling up the DagBag from /home/leizo/.local/lib/python3.8/site-packages/airflow/example_dags/example_nested_branch_dag.py
[2022-06-12 22:39:42,611] {processor.py:652} INFO - DAG(s) dict_keys(['example_nested_branch_dag']) retrieved from /home/leizo/.local/lib/python3.8/site-packages/airflow/example_dags/example_nested_branch_dag.py
[2022-06-12 22:39:42,648] {logging_mixin.py:109} INFO - [2022-06-12 22:39:42,647] {dag.py:2398} INFO - Sync 1 DAGs
[2022-06-12 22:39:42,685] {logging_mixin.py:109} INFO - [2022-06-12 22:39:42,685] {dag.py:2937} INFO - Setting next_dagrun for example_nested_branch_dag to 2022-06-11 00:00:00+00:00
[2022-06-12 22:39:42,707] {processor.py:171} INFO - Processing /home/leizo/.local/lib/python3.8/site-packages/airflow/example_dags/example_nested_branch_dag.py took 0.144 seconds
[2022-06-12 22:40:29,482] {processor.py:163} INFO - Started process (PID=3300) to work on /home/leizo/.local/lib/python3.8/site-packages/airflow/example_dags/example_nested_branch_dag.py
[2022-06-12 22:40:29,485] {processor.py:642} INFO - Processing file /home/leizo/.local/lib/python3.8/site-packages/airflow/example_dags/example_nested_branch_dag.py for tasks to queue
[2022-06-12 22:40:29,486] {logging_mixin.py:109} INFO - [2022-06-12 22:40:29,485] {dagbag.py:500} INFO - Filling up the DagBag from /home/leizo/.local/lib/python3.8/site-packages/airflow/example_dags/example_nested_branch_dag.py
[2022-06-12 22:40:29,510] {processor.py:652} INFO - DAG(s) dict_keys(['example_nested_branch_dag']) retrieved from /home/leizo/.local/lib/python3.8/site-packages/airflow/example_dags/example_nested_branch_dag.py
[2022-06-12 22:40:29,525] {logging_mixin.py:109} INFO - [2022-06-12 22:40:29,525] {dag.py:2398} INFO - Sync 1 DAGs
[2022-06-12 22:40:29,540] {logging_mixin.py:109} INFO - [2022-06-12 22:40:29,540] {dag.py:2937} INFO - Setting next_dagrun for example_nested_branch_dag to 2022-06-11 00:00:00+00:00
[2022-06-12 22:40:29,561] {processor.py:171} INFO - Processing /home/leizo/.local/lib/python3.8/site-packages/airflow/example_dags/example_nested_branch_dag.py took 0.083 seconds
