[2022-06-12 21:59:35,996] {processor.py:163} INFO - Started process (PID=113) to work on /home/leizo/.local/lib/python3.8/site-packages/airflow/example_dags/example_complex.py
[2022-06-12 21:59:35,999] {processor.py:642} INFO - Processing file /home/leizo/.local/lib/python3.8/site-packages/airflow/example_dags/example_complex.py for tasks to queue
[2022-06-12 21:59:36,001] {logging_mixin.py:109} INFO - [2022-06-12 21:59:36,000] {dagbag.py:500} INFO - Filling up the DagBag from /home/leizo/.local/lib/python3.8/site-packages/airflow/example_dags/example_complex.py
[2022-06-12 21:59:36,059] {processor.py:652} INFO - DAG(s) dict_keys(['example_complex']) retrieved from /home/leizo/.local/lib/python3.8/site-packages/airflow/example_dags/example_complex.py
[2022-06-12 21:59:36,107] {logging_mixin.py:109} INFO - [2022-06-12 21:59:36,107] {dag.py:2398} INFO - Sync 1 DAGs
[2022-06-12 21:59:36,151] {logging_mixin.py:109} INFO - [2022-06-12 21:59:36,151] {dag.py:2937} INFO - Setting next_dagrun for example_complex to None
[2022-06-12 21:59:36,190] {processor.py:171} INFO - Processing /home/leizo/.local/lib/python3.8/site-packages/airflow/example_dags/example_complex.py took 0.203 seconds
[2022-06-12 22:00:24,253] {processor.py:163} INFO - Started process (PID=179) to work on /home/leizo/.local/lib/python3.8/site-packages/airflow/example_dags/example_complex.py
[2022-06-12 22:00:24,257] {processor.py:642} INFO - Processing file /home/leizo/.local/lib/python3.8/site-packages/airflow/example_dags/example_complex.py for tasks to queue
[2022-06-12 22:00:24,258] {logging_mixin.py:109} INFO - [2022-06-12 22:00:24,258] {dagbag.py:500} INFO - Filling up the DagBag from /home/leizo/.local/lib/python3.8/site-packages/airflow/example_dags/example_complex.py
[2022-06-12 22:00:24,368] {processor.py:652} INFO - DAG(s) dict_keys(['example_complex']) retrieved from /home/leizo/.local/lib/python3.8/site-packages/airflow/example_dags/example_complex.py
[2022-06-12 22:00:24,460] {logging_mixin.py:109} INFO - [2022-06-12 22:00:24,460] {dag.py:2398} INFO - Sync 1 DAGs
[2022-06-12 22:00:24,558] {logging_mixin.py:109} INFO - [2022-06-12 22:00:24,558] {dag.py:2937} INFO - Setting next_dagrun for example_complex to None
[2022-06-12 22:00:24,722] {processor.py:171} INFO - Processing /home/leizo/.local/lib/python3.8/site-packages/airflow/example_dags/example_complex.py took 0.483 seconds
[2022-06-12 22:01:12,556] {processor.py:163} INFO - Started process (PID=213) to work on /home/leizo/.local/lib/python3.8/site-packages/airflow/example_dags/example_complex.py
[2022-06-12 22:01:12,561] {processor.py:642} INFO - Processing file /home/leizo/.local/lib/python3.8/site-packages/airflow/example_dags/example_complex.py for tasks to queue
[2022-06-12 22:01:12,563] {logging_mixin.py:109} INFO - [2022-06-12 22:01:12,562] {dagbag.py:500} INFO - Filling up the DagBag from /home/leizo/.local/lib/python3.8/site-packages/airflow/example_dags/example_complex.py
[2022-06-12 22:01:12,710] {processor.py:652} INFO - DAG(s) dict_keys(['example_complex']) retrieved from /home/leizo/.local/lib/python3.8/site-packages/airflow/example_dags/example_complex.py
[2022-06-12 22:01:12,836] {logging_mixin.py:109} INFO - [2022-06-12 22:01:12,836] {dag.py:2398} INFO - Sync 1 DAGs
[2022-06-12 22:01:12,936] {logging_mixin.py:109} INFO - [2022-06-12 22:01:12,935] {dag.py:2937} INFO - Setting next_dagrun for example_complex to None
[2022-06-12 22:01:13,000] {processor.py:171} INFO - Processing /home/leizo/.local/lib/python3.8/site-packages/airflow/example_dags/example_complex.py took 0.460 seconds
[2022-06-12 22:01:49,821] {processor.py:163} INFO - Started process (PID=240) to work on /home/leizo/.local/lib/python3.8/site-packages/airflow/example_dags/example_complex.py
[2022-06-12 22:01:49,825] {processor.py:642} INFO - Processing file /home/leizo/.local/lib/python3.8/site-packages/airflow/example_dags/example_complex.py for tasks to queue
[2022-06-12 22:01:49,826] {logging_mixin.py:109} INFO - [2022-06-12 22:01:49,826] {dagbag.py:500} INFO - Filling up the DagBag from /home/leizo/.local/lib/python3.8/site-packages/airflow/example_dags/example_complex.py
[2022-06-12 22:01:49,872] {processor.py:652} INFO - DAG(s) dict_keys(['example_complex']) retrieved from /home/leizo/.local/lib/python3.8/site-packages/airflow/example_dags/example_complex.py
[2022-06-12 22:01:49,912] {logging_mixin.py:109} INFO - [2022-06-12 22:01:49,912] {dag.py:2398} INFO - Sync 1 DAGs
[2022-06-12 22:01:49,933] {logging_mixin.py:109} INFO - [2022-06-12 22:01:49,933] {dag.py:2937} INFO - Setting next_dagrun for example_complex to None
[2022-06-12 22:01:49,960] {processor.py:171} INFO - Processing /home/leizo/.local/lib/python3.8/site-packages/airflow/example_dags/example_complex.py took 0.145 seconds
[2022-06-12 22:02:33,117] {processor.py:163} INFO - Started process (PID=274) to work on /home/leizo/.local/lib/python3.8/site-packages/airflow/example_dags/example_complex.py
[2022-06-12 22:02:33,121] {processor.py:642} INFO - Processing file /home/leizo/.local/lib/python3.8/site-packages/airflow/example_dags/example_complex.py for tasks to queue
[2022-06-12 22:02:33,123] {logging_mixin.py:109} INFO - [2022-06-12 22:02:33,123] {dagbag.py:500} INFO - Filling up the DagBag from /home/leizo/.local/lib/python3.8/site-packages/airflow/example_dags/example_complex.py
[2022-06-12 22:02:33,154] {processor.py:652} INFO - DAG(s) dict_keys(['example_complex']) retrieved from /home/leizo/.local/lib/python3.8/site-packages/airflow/example_dags/example_complex.py
[2022-06-12 22:02:33,196] {logging_mixin.py:109} INFO - [2022-06-12 22:02:33,196] {dag.py:2398} INFO - Sync 1 DAGs
[2022-06-12 22:02:33,222] {logging_mixin.py:109} INFO - [2022-06-12 22:02:33,222] {dag.py:2937} INFO - Setting next_dagrun for example_complex to None
[2022-06-12 22:02:33,242] {processor.py:171} INFO - Processing /home/leizo/.local/lib/python3.8/site-packages/airflow/example_dags/example_complex.py took 0.131 seconds
[2022-06-12 22:03:15,895] {processor.py:163} INFO - Started process (PID=311) to work on /home/leizo/.local/lib/python3.8/site-packages/airflow/example_dags/example_complex.py
[2022-06-12 22:03:15,898] {processor.py:642} INFO - Processing file /home/leizo/.local/lib/python3.8/site-packages/airflow/example_dags/example_complex.py for tasks to queue
[2022-06-12 22:03:15,899] {logging_mixin.py:109} INFO - [2022-06-12 22:03:15,899] {dagbag.py:500} INFO - Filling up the DagBag from /home/leizo/.local/lib/python3.8/site-packages/airflow/example_dags/example_complex.py
[2022-06-12 22:03:15,949] {processor.py:652} INFO - DAG(s) dict_keys(['example_complex']) retrieved from /home/leizo/.local/lib/python3.8/site-packages/airflow/example_dags/example_complex.py
[2022-06-12 22:03:15,996] {logging_mixin.py:109} INFO - [2022-06-12 22:03:15,996] {dag.py:2398} INFO - Sync 1 DAGs
[2022-06-12 22:03:16,038] {logging_mixin.py:109} INFO - [2022-06-12 22:03:16,037] {dag.py:2937} INFO - Setting next_dagrun for example_complex to None
[2022-06-12 22:03:16,064] {processor.py:171} INFO - Processing /home/leizo/.local/lib/python3.8/site-packages/airflow/example_dags/example_complex.py took 0.173 seconds
[2022-06-12 22:03:59,706] {processor.py:163} INFO - Started process (PID=345) to work on /home/leizo/.local/lib/python3.8/site-packages/airflow/example_dags/example_complex.py
[2022-06-12 22:03:59,710] {processor.py:642} INFO - Processing file /home/leizo/.local/lib/python3.8/site-packages/airflow/example_dags/example_complex.py for tasks to queue
[2022-06-12 22:03:59,711] {logging_mixin.py:109} INFO - [2022-06-12 22:03:59,711] {dagbag.py:500} INFO - Filling up the DagBag from /home/leizo/.local/lib/python3.8/site-packages/airflow/example_dags/example_complex.py
[2022-06-12 22:03:59,857] {processor.py:652} INFO - DAG(s) dict_keys(['example_complex']) retrieved from /home/leizo/.local/lib/python3.8/site-packages/airflow/example_dags/example_complex.py
[2022-06-12 22:03:59,955] {logging_mixin.py:109} INFO - [2022-06-12 22:03:59,955] {dag.py:2398} INFO - Sync 1 DAGs
[2022-06-12 22:04:00,013] {logging_mixin.py:109} INFO - [2022-06-12 22:04:00,013] {dag.py:2937} INFO - Setting next_dagrun for example_complex to None
[2022-06-12 22:04:00,058] {processor.py:171} INFO - Processing /home/leizo/.local/lib/python3.8/site-packages/airflow/example_dags/example_complex.py took 0.367 seconds
[2022-06-12 22:04:42,500] {processor.py:163} INFO - Started process (PID=373) to work on /home/leizo/.local/lib/python3.8/site-packages/airflow/example_dags/example_complex.py
[2022-06-12 22:04:42,504] {processor.py:642} INFO - Processing file /home/leizo/.local/lib/python3.8/site-packages/airflow/example_dags/example_complex.py for tasks to queue
[2022-06-12 22:04:42,505] {logging_mixin.py:109} INFO - [2022-06-12 22:04:42,505] {dagbag.py:500} INFO - Filling up the DagBag from /home/leizo/.local/lib/python3.8/site-packages/airflow/example_dags/example_complex.py
[2022-06-12 22:04:42,592] {processor.py:652} INFO - DAG(s) dict_keys(['example_complex']) retrieved from /home/leizo/.local/lib/python3.8/site-packages/airflow/example_dags/example_complex.py
[2022-06-12 22:04:42,673] {logging_mixin.py:109} INFO - [2022-06-12 22:04:42,672] {dag.py:2398} INFO - Sync 1 DAGs
[2022-06-12 22:04:42,750] {logging_mixin.py:109} INFO - [2022-06-12 22:04:42,750] {dag.py:2937} INFO - Setting next_dagrun for example_complex to None
[2022-06-12 22:04:42,817] {processor.py:171} INFO - Processing /home/leizo/.local/lib/python3.8/site-packages/airflow/example_dags/example_complex.py took 0.332 seconds
[2022-06-12 22:05:24,337] {processor.py:163} INFO - Started process (PID=419) to work on /home/leizo/.local/lib/python3.8/site-packages/airflow/example_dags/example_complex.py
[2022-06-12 22:05:24,341] {processor.py:642} INFO - Processing file /home/leizo/.local/lib/python3.8/site-packages/airflow/example_dags/example_complex.py for tasks to queue
[2022-06-12 22:05:24,342] {logging_mixin.py:109} INFO - [2022-06-12 22:05:24,342] {dagbag.py:500} INFO - Filling up the DagBag from /home/leizo/.local/lib/python3.8/site-packages/airflow/example_dags/example_complex.py
[2022-06-12 22:05:24,412] {processor.py:652} INFO - DAG(s) dict_keys(['example_complex']) retrieved from /home/leizo/.local/lib/python3.8/site-packages/airflow/example_dags/example_complex.py
[2022-06-12 22:05:24,460] {logging_mixin.py:109} INFO - [2022-06-12 22:05:24,460] {dag.py:2398} INFO - Sync 1 DAGs
[2022-06-12 22:05:24,507] {logging_mixin.py:109} INFO - [2022-06-12 22:05:24,506] {dag.py:2937} INFO - Setting next_dagrun for example_complex to None
[2022-06-12 22:05:24,539] {processor.py:171} INFO - Processing /home/leizo/.local/lib/python3.8/site-packages/airflow/example_dags/example_complex.py took 0.209 seconds
[2022-06-12 22:06:14,980] {processor.py:163} INFO - Started process (PID=513) to work on /home/leizo/.local/lib/python3.8/site-packages/airflow/example_dags/example_complex.py
[2022-06-12 22:06:14,985] {processor.py:642} INFO - Processing file /home/leizo/.local/lib/python3.8/site-packages/airflow/example_dags/example_complex.py for tasks to queue
[2022-06-12 22:06:14,986] {logging_mixin.py:109} INFO - [2022-06-12 22:06:14,986] {dagbag.py:500} INFO - Filling up the DagBag from /home/leizo/.local/lib/python3.8/site-packages/airflow/example_dags/example_complex.py
[2022-06-12 22:06:15,060] {processor.py:652} INFO - DAG(s) dict_keys(['example_complex']) retrieved from /home/leizo/.local/lib/python3.8/site-packages/airflow/example_dags/example_complex.py
[2022-06-12 22:06:15,145] {logging_mixin.py:109} INFO - [2022-06-12 22:06:15,144] {dag.py:2398} INFO - Sync 1 DAGs
[2022-06-12 22:06:15,203] {logging_mixin.py:109} INFO - [2022-06-12 22:06:15,203] {dag.py:2937} INFO - Setting next_dagrun for example_complex to None
[2022-06-12 22:06:15,253] {processor.py:171} INFO - Processing /home/leizo/.local/lib/python3.8/site-packages/airflow/example_dags/example_complex.py took 0.282 seconds
[2022-06-12 22:07:01,124] {processor.py:163} INFO - Started process (PID=640) to work on /home/leizo/.local/lib/python3.8/site-packages/airflow/example_dags/example_complex.py
[2022-06-12 22:07:01,125] {processor.py:642} INFO - Processing file /home/leizo/.local/lib/python3.8/site-packages/airflow/example_dags/example_complex.py for tasks to queue
[2022-06-12 22:07:01,126] {logging_mixin.py:109} INFO - [2022-06-12 22:07:01,126] {dagbag.py:500} INFO - Filling up the DagBag from /home/leizo/.local/lib/python3.8/site-packages/airflow/example_dags/example_complex.py
[2022-06-12 22:07:01,151] {processor.py:652} INFO - DAG(s) dict_keys(['example_complex']) retrieved from /home/leizo/.local/lib/python3.8/site-packages/airflow/example_dags/example_complex.py
[2022-06-12 22:07:01,170] {logging_mixin.py:109} INFO - [2022-06-12 22:07:01,170] {dag.py:2398} INFO - Sync 1 DAGs
[2022-06-12 22:07:01,182] {logging_mixin.py:109} INFO - [2022-06-12 22:07:01,182] {dag.py:2937} INFO - Setting next_dagrun for example_complex to None
[2022-06-12 22:07:01,198] {processor.py:171} INFO - Processing /home/leizo/.local/lib/python3.8/site-packages/airflow/example_dags/example_complex.py took 0.077 seconds
[2022-06-12 22:07:38,324] {processor.py:163} INFO - Started process (PID=674) to work on /home/leizo/.local/lib/python3.8/site-packages/airflow/example_dags/example_complex.py
[2022-06-12 22:07:38,325] {processor.py:642} INFO - Processing file /home/leizo/.local/lib/python3.8/site-packages/airflow/example_dags/example_complex.py for tasks to queue
[2022-06-12 22:07:38,326] {logging_mixin.py:109} INFO - [2022-06-12 22:07:38,326] {dagbag.py:500} INFO - Filling up the DagBag from /home/leizo/.local/lib/python3.8/site-packages/airflow/example_dags/example_complex.py
[2022-06-12 22:07:38,360] {processor.py:652} INFO - DAG(s) dict_keys(['example_complex']) retrieved from /home/leizo/.local/lib/python3.8/site-packages/airflow/example_dags/example_complex.py
[2022-06-12 22:07:38,381] {logging_mixin.py:109} INFO - [2022-06-12 22:07:38,381] {dag.py:2398} INFO - Sync 1 DAGs
[2022-06-12 22:07:38,401] {logging_mixin.py:109} INFO - [2022-06-12 22:07:38,400] {dag.py:2937} INFO - Setting next_dagrun for example_complex to None
[2022-06-12 22:07:38,416] {processor.py:171} INFO - Processing /home/leizo/.local/lib/python3.8/site-packages/airflow/example_dags/example_complex.py took 0.096 seconds
[2022-06-12 22:08:12,485] {processor.py:163} INFO - Started process (PID=707) to work on /home/leizo/.local/lib/python3.8/site-packages/airflow/example_dags/example_complex.py
[2022-06-12 22:08:12,487] {processor.py:642} INFO - Processing file /home/leizo/.local/lib/python3.8/site-packages/airflow/example_dags/example_complex.py for tasks to queue
[2022-06-12 22:08:12,488] {logging_mixin.py:109} INFO - [2022-06-12 22:08:12,488] {dagbag.py:500} INFO - Filling up the DagBag from /home/leizo/.local/lib/python3.8/site-packages/airflow/example_dags/example_complex.py
[2022-06-12 22:08:12,508] {processor.py:652} INFO - DAG(s) dict_keys(['example_complex']) retrieved from /home/leizo/.local/lib/python3.8/site-packages/airflow/example_dags/example_complex.py
[2022-06-12 22:08:12,532] {logging_mixin.py:109} INFO - [2022-06-12 22:08:12,532] {dag.py:2398} INFO - Sync 1 DAGs
[2022-06-12 22:08:12,554] {logging_mixin.py:109} INFO - [2022-06-12 22:08:12,554] {dag.py:2937} INFO - Setting next_dagrun for example_complex to None
[2022-06-12 22:08:12,568] {processor.py:171} INFO - Processing /home/leizo/.local/lib/python3.8/site-packages/airflow/example_dags/example_complex.py took 0.085 seconds
[2022-06-12 22:08:50,825] {processor.py:163} INFO - Started process (PID=743) to work on /home/leizo/.local/lib/python3.8/site-packages/airflow/example_dags/example_complex.py
[2022-06-12 22:08:50,826] {processor.py:642} INFO - Processing file /home/leizo/.local/lib/python3.8/site-packages/airflow/example_dags/example_complex.py for tasks to queue
[2022-06-12 22:08:50,827] {logging_mixin.py:109} INFO - [2022-06-12 22:08:50,827] {dagbag.py:500} INFO - Filling up the DagBag from /home/leizo/.local/lib/python3.8/site-packages/airflow/example_dags/example_complex.py
[2022-06-12 22:08:50,847] {processor.py:652} INFO - DAG(s) dict_keys(['example_complex']) retrieved from /home/leizo/.local/lib/python3.8/site-packages/airflow/example_dags/example_complex.py
[2022-06-12 22:08:50,863] {logging_mixin.py:109} INFO - [2022-06-12 22:08:50,862] {dag.py:2398} INFO - Sync 1 DAGs
[2022-06-12 22:08:50,878] {logging_mixin.py:109} INFO - [2022-06-12 22:08:50,878] {dag.py:2937} INFO - Setting next_dagrun for example_complex to None
[2022-06-12 22:08:50,895] {processor.py:171} INFO - Processing /home/leizo/.local/lib/python3.8/site-packages/airflow/example_dags/example_complex.py took 0.073 seconds
[2022-06-12 22:09:27,086] {processor.py:163} INFO - Started process (PID=776) to work on /home/leizo/.local/lib/python3.8/site-packages/airflow/example_dags/example_complex.py
[2022-06-12 22:09:27,090] {processor.py:642} INFO - Processing file /home/leizo/.local/lib/python3.8/site-packages/airflow/example_dags/example_complex.py for tasks to queue
[2022-06-12 22:09:27,091] {logging_mixin.py:109} INFO - [2022-06-12 22:09:27,091] {dagbag.py:500} INFO - Filling up the DagBag from /home/leizo/.local/lib/python3.8/site-packages/airflow/example_dags/example_complex.py
[2022-06-12 22:09:27,133] {processor.py:652} INFO - DAG(s) dict_keys(['example_complex']) retrieved from /home/leizo/.local/lib/python3.8/site-packages/airflow/example_dags/example_complex.py
[2022-06-12 22:09:27,171] {logging_mixin.py:109} INFO - [2022-06-12 22:09:27,171] {dag.py:2398} INFO - Sync 1 DAGs
[2022-06-12 22:09:27,197] {logging_mixin.py:109} INFO - [2022-06-12 22:09:27,196] {dag.py:2937} INFO - Setting next_dagrun for example_complex to None
[2022-06-12 22:09:27,216] {processor.py:171} INFO - Processing /home/leizo/.local/lib/python3.8/site-packages/airflow/example_dags/example_complex.py took 0.137 seconds
[2022-06-12 22:10:04,078] {processor.py:163} INFO - Started process (PID=810) to work on /home/leizo/.local/lib/python3.8/site-packages/airflow/example_dags/example_complex.py
[2022-06-12 22:10:04,080] {processor.py:642} INFO - Processing file /home/leizo/.local/lib/python3.8/site-packages/airflow/example_dags/example_complex.py for tasks to queue
[2022-06-12 22:10:04,080] {logging_mixin.py:109} INFO - [2022-06-12 22:10:04,080] {dagbag.py:500} INFO - Filling up the DagBag from /home/leizo/.local/lib/python3.8/site-packages/airflow/example_dags/example_complex.py
[2022-06-12 22:10:04,107] {processor.py:652} INFO - DAG(s) dict_keys(['example_complex']) retrieved from /home/leizo/.local/lib/python3.8/site-packages/airflow/example_dags/example_complex.py
[2022-06-12 22:10:04,125] {logging_mixin.py:109} INFO - [2022-06-12 22:10:04,125] {dag.py:2398} INFO - Sync 1 DAGs
[2022-06-12 22:10:04,139] {logging_mixin.py:109} INFO - [2022-06-12 22:10:04,138] {dag.py:2937} INFO - Setting next_dagrun for example_complex to None
[2022-06-12 22:10:04,153] {processor.py:171} INFO - Processing /home/leizo/.local/lib/python3.8/site-packages/airflow/example_dags/example_complex.py took 0.078 seconds
[2022-06-12 22:10:41,039] {processor.py:163} INFO - Started process (PID=840) to work on /home/leizo/.local/lib/python3.8/site-packages/airflow/example_dags/example_complex.py
[2022-06-12 22:10:41,042] {processor.py:642} INFO - Processing file /home/leizo/.local/lib/python3.8/site-packages/airflow/example_dags/example_complex.py for tasks to queue
[2022-06-12 22:10:41,044] {logging_mixin.py:109} INFO - [2022-06-12 22:10:41,044] {dagbag.py:500} INFO - Filling up the DagBag from /home/leizo/.local/lib/python3.8/site-packages/airflow/example_dags/example_complex.py
[2022-06-12 22:10:41,092] {processor.py:652} INFO - DAG(s) dict_keys(['example_complex']) retrieved from /home/leizo/.local/lib/python3.8/site-packages/airflow/example_dags/example_complex.py
[2022-06-12 22:10:41,133] {logging_mixin.py:109} INFO - [2022-06-12 22:10:41,133] {dag.py:2398} INFO - Sync 1 DAGs
[2022-06-12 22:10:41,154] {logging_mixin.py:109} INFO - [2022-06-12 22:10:41,154] {dag.py:2937} INFO - Setting next_dagrun for example_complex to None
[2022-06-12 22:10:41,180] {processor.py:171} INFO - Processing /home/leizo/.local/lib/python3.8/site-packages/airflow/example_dags/example_complex.py took 0.147 seconds
[2022-06-12 22:11:33,413] {processor.py:163} INFO - Started process (PID=877) to work on /home/leizo/.local/lib/python3.8/site-packages/airflow/example_dags/example_complex.py
[2022-06-12 22:11:33,418] {processor.py:642} INFO - Processing file /home/leizo/.local/lib/python3.8/site-packages/airflow/example_dags/example_complex.py for tasks to queue
[2022-06-12 22:11:33,419] {logging_mixin.py:109} INFO - [2022-06-12 22:11:33,419] {dagbag.py:500} INFO - Filling up the DagBag from /home/leizo/.local/lib/python3.8/site-packages/airflow/example_dags/example_complex.py
[2022-06-12 22:11:33,461] {processor.py:652} INFO - DAG(s) dict_keys(['example_complex']) retrieved from /home/leizo/.local/lib/python3.8/site-packages/airflow/example_dags/example_complex.py
[2022-06-12 22:11:33,487] {logging_mixin.py:109} INFO - [2022-06-12 22:11:33,486] {dag.py:2398} INFO - Sync 1 DAGs
[2022-06-12 22:11:33,527] {logging_mixin.py:109} INFO - [2022-06-12 22:11:33,527] {dag.py:2937} INFO - Setting next_dagrun for example_complex to None
[2022-06-12 22:11:33,545] {processor.py:171} INFO - Processing /home/leizo/.local/lib/python3.8/site-packages/airflow/example_dags/example_complex.py took 0.136 seconds
[2022-06-12 22:12:16,193] {processor.py:163} INFO - Started process (PID=911) to work on /home/leizo/.local/lib/python3.8/site-packages/airflow/example_dags/example_complex.py
[2022-06-12 22:12:16,195] {processor.py:642} INFO - Processing file /home/leizo/.local/lib/python3.8/site-packages/airflow/example_dags/example_complex.py for tasks to queue
[2022-06-12 22:12:16,196] {logging_mixin.py:109} INFO - [2022-06-12 22:12:16,196] {dagbag.py:500} INFO - Filling up the DagBag from /home/leizo/.local/lib/python3.8/site-packages/airflow/example_dags/example_complex.py
[2022-06-12 22:12:16,229] {processor.py:652} INFO - DAG(s) dict_keys(['example_complex']) retrieved from /home/leizo/.local/lib/python3.8/site-packages/airflow/example_dags/example_complex.py
[2022-06-12 22:12:16,267] {logging_mixin.py:109} INFO - [2022-06-12 22:12:16,267] {dag.py:2398} INFO - Sync 1 DAGs
[2022-06-12 22:12:16,291] {logging_mixin.py:109} INFO - [2022-06-12 22:12:16,290] {dag.py:2937} INFO - Setting next_dagrun for example_complex to None
[2022-06-12 22:12:16,314] {processor.py:171} INFO - Processing /home/leizo/.local/lib/python3.8/site-packages/airflow/example_dags/example_complex.py took 0.128 seconds
[2022-06-12 22:12:52,922] {processor.py:163} INFO - Started process (PID=942) to work on /home/leizo/.local/lib/python3.8/site-packages/airflow/example_dags/example_complex.py
[2022-06-12 22:12:52,925] {processor.py:642} INFO - Processing file /home/leizo/.local/lib/python3.8/site-packages/airflow/example_dags/example_complex.py for tasks to queue
[2022-06-12 22:12:52,926] {logging_mixin.py:109} INFO - [2022-06-12 22:12:52,926] {dagbag.py:500} INFO - Filling up the DagBag from /home/leizo/.local/lib/python3.8/site-packages/airflow/example_dags/example_complex.py
[2022-06-12 22:12:52,967] {processor.py:652} INFO - DAG(s) dict_keys(['example_complex']) retrieved from /home/leizo/.local/lib/python3.8/site-packages/airflow/example_dags/example_complex.py
[2022-06-12 22:12:53,025] {logging_mixin.py:109} INFO - [2022-06-12 22:12:53,025] {dag.py:2398} INFO - Sync 1 DAGs
[2022-06-12 22:12:53,065] {logging_mixin.py:109} INFO - [2022-06-12 22:12:53,065] {dag.py:2937} INFO - Setting next_dagrun for example_complex to None
[2022-06-12 22:12:53,084] {processor.py:171} INFO - Processing /home/leizo/.local/lib/python3.8/site-packages/airflow/example_dags/example_complex.py took 0.171 seconds
[2022-06-12 22:13:32,617] {processor.py:163} INFO - Started process (PID=978) to work on /home/leizo/.local/lib/python3.8/site-packages/airflow/example_dags/example_complex.py
[2022-06-12 22:13:32,619] {processor.py:642} INFO - Processing file /home/leizo/.local/lib/python3.8/site-packages/airflow/example_dags/example_complex.py for tasks to queue
[2022-06-12 22:13:32,619] {logging_mixin.py:109} INFO - [2022-06-12 22:13:32,619] {dagbag.py:500} INFO - Filling up the DagBag from /home/leizo/.local/lib/python3.8/site-packages/airflow/example_dags/example_complex.py
[2022-06-12 22:13:32,648] {processor.py:652} INFO - DAG(s) dict_keys(['example_complex']) retrieved from /home/leizo/.local/lib/python3.8/site-packages/airflow/example_dags/example_complex.py
[2022-06-12 22:13:32,677] {logging_mixin.py:109} INFO - [2022-06-12 22:13:32,677] {dag.py:2398} INFO - Sync 1 DAGs
[2022-06-12 22:13:32,698] {logging_mixin.py:109} INFO - [2022-06-12 22:13:32,698] {dag.py:2937} INFO - Setting next_dagrun for example_complex to None
[2022-06-12 22:13:32,716] {processor.py:171} INFO - Processing /home/leizo/.local/lib/python3.8/site-packages/airflow/example_dags/example_complex.py took 0.102 seconds
[2022-06-12 22:14:10,272] {processor.py:163} INFO - Started process (PID=1012) to work on /home/leizo/.local/lib/python3.8/site-packages/airflow/example_dags/example_complex.py
[2022-06-12 22:14:10,273] {processor.py:642} INFO - Processing file /home/leizo/.local/lib/python3.8/site-packages/airflow/example_dags/example_complex.py for tasks to queue
[2022-06-12 22:14:10,274] {logging_mixin.py:109} INFO - [2022-06-12 22:14:10,274] {dagbag.py:500} INFO - Filling up the DagBag from /home/leizo/.local/lib/python3.8/site-packages/airflow/example_dags/example_complex.py
[2022-06-12 22:14:10,303] {processor.py:652} INFO - DAG(s) dict_keys(['example_complex']) retrieved from /home/leizo/.local/lib/python3.8/site-packages/airflow/example_dags/example_complex.py
[2022-06-12 22:14:10,328] {logging_mixin.py:109} INFO - [2022-06-12 22:14:10,327] {dag.py:2398} INFO - Sync 1 DAGs
[2022-06-12 22:14:10,347] {logging_mixin.py:109} INFO - [2022-06-12 22:14:10,347] {dag.py:2937} INFO - Setting next_dagrun for example_complex to None
[2022-06-12 22:14:10,362] {processor.py:171} INFO - Processing /home/leizo/.local/lib/python3.8/site-packages/airflow/example_dags/example_complex.py took 0.094 seconds
[2022-06-12 22:14:45,456] {processor.py:163} INFO - Started process (PID=1045) to work on /home/leizo/.local/lib/python3.8/site-packages/airflow/example_dags/example_complex.py
[2022-06-12 22:14:45,458] {processor.py:642} INFO - Processing file /home/leizo/.local/lib/python3.8/site-packages/airflow/example_dags/example_complex.py for tasks to queue
[2022-06-12 22:14:45,459] {logging_mixin.py:109} INFO - [2022-06-12 22:14:45,459] {dagbag.py:500} INFO - Filling up the DagBag from /home/leizo/.local/lib/python3.8/site-packages/airflow/example_dags/example_complex.py
[2022-06-12 22:14:45,477] {processor.py:652} INFO - DAG(s) dict_keys(['example_complex']) retrieved from /home/leizo/.local/lib/python3.8/site-packages/airflow/example_dags/example_complex.py
[2022-06-12 22:14:45,492] {logging_mixin.py:109} INFO - [2022-06-12 22:14:45,491] {dag.py:2398} INFO - Sync 1 DAGs
[2022-06-12 22:14:45,508] {logging_mixin.py:109} INFO - [2022-06-12 22:14:45,508] {dag.py:2937} INFO - Setting next_dagrun for example_complex to None
[2022-06-12 22:14:45,533] {processor.py:171} INFO - Processing /home/leizo/.local/lib/python3.8/site-packages/airflow/example_dags/example_complex.py took 0.079 seconds
[2022-06-12 22:15:17,993] {processor.py:163} INFO - Started process (PID=1078) to work on /home/leizo/.local/lib/python3.8/site-packages/airflow/example_dags/example_complex.py
[2022-06-12 22:15:17,994] {processor.py:642} INFO - Processing file /home/leizo/.local/lib/python3.8/site-packages/airflow/example_dags/example_complex.py for tasks to queue
[2022-06-12 22:15:17,995] {logging_mixin.py:109} INFO - [2022-06-12 22:15:17,995] {dagbag.py:500} INFO - Filling up the DagBag from /home/leizo/.local/lib/python3.8/site-packages/airflow/example_dags/example_complex.py
[2022-06-12 22:15:18,010] {processor.py:652} INFO - DAG(s) dict_keys(['example_complex']) retrieved from /home/leizo/.local/lib/python3.8/site-packages/airflow/example_dags/example_complex.py
[2022-06-12 22:15:18,024] {logging_mixin.py:109} INFO - [2022-06-12 22:15:18,024] {dag.py:2398} INFO - Sync 1 DAGs
[2022-06-12 22:15:18,035] {logging_mixin.py:109} INFO - [2022-06-12 22:15:18,035] {dag.py:2937} INFO - Setting next_dagrun for example_complex to None
[2022-06-12 22:15:18,048] {processor.py:171} INFO - Processing /home/leizo/.local/lib/python3.8/site-packages/airflow/example_dags/example_complex.py took 0.059 seconds
[2022-06-12 22:15:54,018] {processor.py:163} INFO - Started process (PID=1112) to work on /home/leizo/.local/lib/python3.8/site-packages/airflow/example_dags/example_complex.py
[2022-06-12 22:15:54,020] {processor.py:642} INFO - Processing file /home/leizo/.local/lib/python3.8/site-packages/airflow/example_dags/example_complex.py for tasks to queue
[2022-06-12 22:15:54,020] {logging_mixin.py:109} INFO - [2022-06-12 22:15:54,020] {dagbag.py:500} INFO - Filling up the DagBag from /home/leizo/.local/lib/python3.8/site-packages/airflow/example_dags/example_complex.py
[2022-06-12 22:15:54,037] {processor.py:652} INFO - DAG(s) dict_keys(['example_complex']) retrieved from /home/leizo/.local/lib/python3.8/site-packages/airflow/example_dags/example_complex.py
[2022-06-12 22:15:54,053] {logging_mixin.py:109} INFO - [2022-06-12 22:15:54,053] {dag.py:2398} INFO - Sync 1 DAGs
[2022-06-12 22:15:54,069] {logging_mixin.py:109} INFO - [2022-06-12 22:15:54,069] {dag.py:2937} INFO - Setting next_dagrun for example_complex to None
[2022-06-12 22:15:54,083] {processor.py:171} INFO - Processing /home/leizo/.local/lib/python3.8/site-packages/airflow/example_dags/example_complex.py took 0.067 seconds
[2022-06-12 22:16:28,051] {processor.py:163} INFO - Started process (PID=1145) to work on /home/leizo/.local/lib/python3.8/site-packages/airflow/example_dags/example_complex.py
[2022-06-12 22:16:28,052] {processor.py:642} INFO - Processing file /home/leizo/.local/lib/python3.8/site-packages/airflow/example_dags/example_complex.py for tasks to queue
[2022-06-12 22:16:28,052] {logging_mixin.py:109} INFO - [2022-06-12 22:16:28,052] {dagbag.py:500} INFO - Filling up the DagBag from /home/leizo/.local/lib/python3.8/site-packages/airflow/example_dags/example_complex.py
[2022-06-12 22:16:28,066] {processor.py:652} INFO - DAG(s) dict_keys(['example_complex']) retrieved from /home/leizo/.local/lib/python3.8/site-packages/airflow/example_dags/example_complex.py
[2022-06-12 22:16:28,079] {logging_mixin.py:109} INFO - [2022-06-12 22:16:28,079] {dag.py:2398} INFO - Sync 1 DAGs
[2022-06-12 22:16:28,093] {logging_mixin.py:109} INFO - [2022-06-12 22:16:28,092] {dag.py:2937} INFO - Setting next_dagrun for example_complex to None
[2022-06-12 22:16:28,106] {processor.py:171} INFO - Processing /home/leizo/.local/lib/python3.8/site-packages/airflow/example_dags/example_complex.py took 0.057 seconds
[2022-06-12 22:17:01,928] {processor.py:163} INFO - Started process (PID=1178) to work on /home/leizo/.local/lib/python3.8/site-packages/airflow/example_dags/example_complex.py
[2022-06-12 22:17:01,929] {processor.py:642} INFO - Processing file /home/leizo/.local/lib/python3.8/site-packages/airflow/example_dags/example_complex.py for tasks to queue
[2022-06-12 22:17:01,930] {logging_mixin.py:109} INFO - [2022-06-12 22:17:01,929] {dagbag.py:500} INFO - Filling up the DagBag from /home/leizo/.local/lib/python3.8/site-packages/airflow/example_dags/example_complex.py
[2022-06-12 22:17:01,946] {processor.py:652} INFO - DAG(s) dict_keys(['example_complex']) retrieved from /home/leizo/.local/lib/python3.8/site-packages/airflow/example_dags/example_complex.py
[2022-06-12 22:17:01,965] {logging_mixin.py:109} INFO - [2022-06-12 22:17:01,965] {dag.py:2398} INFO - Sync 1 DAGs
[2022-06-12 22:17:01,977] {logging_mixin.py:109} INFO - [2022-06-12 22:17:01,977] {dag.py:2937} INFO - Setting next_dagrun for example_complex to None
[2022-06-12 22:17:01,988] {processor.py:171} INFO - Processing /home/leizo/.local/lib/python3.8/site-packages/airflow/example_dags/example_complex.py took 0.063 seconds
[2022-06-12 22:17:35,846] {processor.py:163} INFO - Started process (PID=1211) to work on /home/leizo/.local/lib/python3.8/site-packages/airflow/example_dags/example_complex.py
[2022-06-12 22:17:35,848] {processor.py:642} INFO - Processing file /home/leizo/.local/lib/python3.8/site-packages/airflow/example_dags/example_complex.py for tasks to queue
[2022-06-12 22:17:35,849] {logging_mixin.py:109} INFO - [2022-06-12 22:17:35,849] {dagbag.py:500} INFO - Filling up the DagBag from /home/leizo/.local/lib/python3.8/site-packages/airflow/example_dags/example_complex.py
[2022-06-12 22:17:35,868] {processor.py:652} INFO - DAG(s) dict_keys(['example_complex']) retrieved from /home/leizo/.local/lib/python3.8/site-packages/airflow/example_dags/example_complex.py
[2022-06-12 22:17:35,881] {logging_mixin.py:109} INFO - [2022-06-12 22:17:35,881] {dag.py:2398} INFO - Sync 1 DAGs
[2022-06-12 22:17:35,892] {logging_mixin.py:109} INFO - [2022-06-12 22:17:35,892] {dag.py:2937} INFO - Setting next_dagrun for example_complex to None
[2022-06-12 22:17:35,904] {processor.py:171} INFO - Processing /home/leizo/.local/lib/python3.8/site-packages/airflow/example_dags/example_complex.py took 0.062 seconds
[2022-06-12 22:18:12,656] {processor.py:163} INFO - Started process (PID=1246) to work on /home/leizo/.local/lib/python3.8/site-packages/airflow/example_dags/example_complex.py
[2022-06-12 22:18:12,658] {processor.py:642} INFO - Processing file /home/leizo/.local/lib/python3.8/site-packages/airflow/example_dags/example_complex.py for tasks to queue
[2022-06-12 22:18:12,659] {logging_mixin.py:109} INFO - [2022-06-12 22:18:12,658] {dagbag.py:500} INFO - Filling up the DagBag from /home/leizo/.local/lib/python3.8/site-packages/airflow/example_dags/example_complex.py
[2022-06-12 22:18:12,675] {processor.py:652} INFO - DAG(s) dict_keys(['example_complex']) retrieved from /home/leizo/.local/lib/python3.8/site-packages/airflow/example_dags/example_complex.py
[2022-06-12 22:18:12,689] {logging_mixin.py:109} INFO - [2022-06-12 22:18:12,689] {dag.py:2398} INFO - Sync 1 DAGs
[2022-06-12 22:18:12,699] {logging_mixin.py:109} INFO - [2022-06-12 22:18:12,699] {dag.py:2937} INFO - Setting next_dagrun for example_complex to None
[2022-06-12 22:18:12,712] {processor.py:171} INFO - Processing /home/leizo/.local/lib/python3.8/site-packages/airflow/example_dags/example_complex.py took 0.058 seconds
[2022-06-12 22:18:47,773] {processor.py:163} INFO - Started process (PID=1281) to work on /home/leizo/.local/lib/python3.8/site-packages/airflow/example_dags/example_complex.py
[2022-06-12 22:18:47,775] {processor.py:642} INFO - Processing file /home/leizo/.local/lib/python3.8/site-packages/airflow/example_dags/example_complex.py for tasks to queue
[2022-06-12 22:18:47,775] {logging_mixin.py:109} INFO - [2022-06-12 22:18:47,775] {dagbag.py:500} INFO - Filling up the DagBag from /home/leizo/.local/lib/python3.8/site-packages/airflow/example_dags/example_complex.py
[2022-06-12 22:18:47,790] {processor.py:652} INFO - DAG(s) dict_keys(['example_complex']) retrieved from /home/leizo/.local/lib/python3.8/site-packages/airflow/example_dags/example_complex.py
[2022-06-12 22:18:47,803] {logging_mixin.py:109} INFO - [2022-06-12 22:18:47,802] {dag.py:2398} INFO - Sync 1 DAGs
[2022-06-12 22:18:47,817] {logging_mixin.py:109} INFO - [2022-06-12 22:18:47,816] {dag.py:2937} INFO - Setting next_dagrun for example_complex to None
[2022-06-12 22:18:47,830] {processor.py:171} INFO - Processing /home/leizo/.local/lib/python3.8/site-packages/airflow/example_dags/example_complex.py took 0.059 seconds
[2022-06-12 22:19:22,034] {processor.py:163} INFO - Started process (PID=1315) to work on /home/leizo/.local/lib/python3.8/site-packages/airflow/example_dags/example_complex.py
[2022-06-12 22:19:22,036] {processor.py:642} INFO - Processing file /home/leizo/.local/lib/python3.8/site-packages/airflow/example_dags/example_complex.py for tasks to queue
[2022-06-12 22:19:22,036] {logging_mixin.py:109} INFO - [2022-06-12 22:19:22,036] {dagbag.py:500} INFO - Filling up the DagBag from /home/leizo/.local/lib/python3.8/site-packages/airflow/example_dags/example_complex.py
[2022-06-12 22:19:22,049] {processor.py:652} INFO - DAG(s) dict_keys(['example_complex']) retrieved from /home/leizo/.local/lib/python3.8/site-packages/airflow/example_dags/example_complex.py
[2022-06-12 22:19:22,061] {logging_mixin.py:109} INFO - [2022-06-12 22:19:22,061] {dag.py:2398} INFO - Sync 1 DAGs
[2022-06-12 22:19:22,069] {logging_mixin.py:109} INFO - [2022-06-12 22:19:22,069] {dag.py:2937} INFO - Setting next_dagrun for example_complex to None
[2022-06-12 22:19:22,080] {processor.py:171} INFO - Processing /home/leizo/.local/lib/python3.8/site-packages/airflow/example_dags/example_complex.py took 0.048 seconds
[2022-06-12 22:19:53,352] {processor.py:163} INFO - Started process (PID=1346) to work on /home/leizo/.local/lib/python3.8/site-packages/airflow/example_dags/example_complex.py
[2022-06-12 22:19:53,353] {processor.py:642} INFO - Processing file /home/leizo/.local/lib/python3.8/site-packages/airflow/example_dags/example_complex.py for tasks to queue
[2022-06-12 22:19:53,354] {logging_mixin.py:109} INFO - [2022-06-12 22:19:53,354] {dagbag.py:500} INFO - Filling up the DagBag from /home/leizo/.local/lib/python3.8/site-packages/airflow/example_dags/example_complex.py
[2022-06-12 22:19:53,379] {processor.py:652} INFO - DAG(s) dict_keys(['example_complex']) retrieved from /home/leizo/.local/lib/python3.8/site-packages/airflow/example_dags/example_complex.py
[2022-06-12 22:19:53,391] {logging_mixin.py:109} INFO - [2022-06-12 22:19:53,391] {dag.py:2398} INFO - Sync 1 DAGs
[2022-06-12 22:19:53,401] {logging_mixin.py:109} INFO - [2022-06-12 22:19:53,401] {dag.py:2937} INFO - Setting next_dagrun for example_complex to None
[2022-06-12 22:19:53,411] {processor.py:171} INFO - Processing /home/leizo/.local/lib/python3.8/site-packages/airflow/example_dags/example_complex.py took 0.061 seconds
[2022-06-12 22:20:24,590] {processor.py:163} INFO - Started process (PID=1377) to work on /home/leizo/.local/lib/python3.8/site-packages/airflow/example_dags/example_complex.py
[2022-06-12 22:20:24,592] {processor.py:642} INFO - Processing file /home/leizo/.local/lib/python3.8/site-packages/airflow/example_dags/example_complex.py for tasks to queue
[2022-06-12 22:20:24,593] {logging_mixin.py:109} INFO - [2022-06-12 22:20:24,593] {dagbag.py:500} INFO - Filling up the DagBag from /home/leizo/.local/lib/python3.8/site-packages/airflow/example_dags/example_complex.py
[2022-06-12 22:20:24,608] {processor.py:652} INFO - DAG(s) dict_keys(['example_complex']) retrieved from /home/leizo/.local/lib/python3.8/site-packages/airflow/example_dags/example_complex.py
[2022-06-12 22:20:24,620] {logging_mixin.py:109} INFO - [2022-06-12 22:20:24,620] {dag.py:2398} INFO - Sync 1 DAGs
[2022-06-12 22:20:24,632] {logging_mixin.py:109} INFO - [2022-06-12 22:20:24,632] {dag.py:2937} INFO - Setting next_dagrun for example_complex to None
[2022-06-12 22:20:24,644] {processor.py:171} INFO - Processing /home/leizo/.local/lib/python3.8/site-packages/airflow/example_dags/example_complex.py took 0.056 seconds
[2022-06-12 22:20:58,144] {processor.py:163} INFO - Started process (PID=1409) to work on /home/leizo/.local/lib/python3.8/site-packages/airflow/example_dags/example_complex.py
[2022-06-12 22:20:58,146] {processor.py:642} INFO - Processing file /home/leizo/.local/lib/python3.8/site-packages/airflow/example_dags/example_complex.py for tasks to queue
[2022-06-12 22:20:58,147] {logging_mixin.py:109} INFO - [2022-06-12 22:20:58,147] {dagbag.py:500} INFO - Filling up the DagBag from /home/leizo/.local/lib/python3.8/site-packages/airflow/example_dags/example_complex.py
[2022-06-12 22:20:58,165] {processor.py:652} INFO - DAG(s) dict_keys(['example_complex']) retrieved from /home/leizo/.local/lib/python3.8/site-packages/airflow/example_dags/example_complex.py
[2022-06-12 22:20:58,177] {logging_mixin.py:109} INFO - [2022-06-12 22:20:58,176] {dag.py:2398} INFO - Sync 1 DAGs
[2022-06-12 22:20:58,186] {logging_mixin.py:109} INFO - [2022-06-12 22:20:58,186] {dag.py:2937} INFO - Setting next_dagrun for example_complex to None
[2022-06-12 22:20:58,196] {processor.py:171} INFO - Processing /home/leizo/.local/lib/python3.8/site-packages/airflow/example_dags/example_complex.py took 0.054 seconds
[2022-06-12 22:21:31,620] {processor.py:163} INFO - Started process (PID=1442) to work on /home/leizo/.local/lib/python3.8/site-packages/airflow/example_dags/example_complex.py
[2022-06-12 22:21:31,621] {processor.py:642} INFO - Processing file /home/leizo/.local/lib/python3.8/site-packages/airflow/example_dags/example_complex.py for tasks to queue
[2022-06-12 22:21:31,621] {logging_mixin.py:109} INFO - [2022-06-12 22:21:31,621] {dagbag.py:500} INFO - Filling up the DagBag from /home/leizo/.local/lib/python3.8/site-packages/airflow/example_dags/example_complex.py
[2022-06-12 22:21:31,641] {processor.py:652} INFO - DAG(s) dict_keys(['example_complex']) retrieved from /home/leizo/.local/lib/python3.8/site-packages/airflow/example_dags/example_complex.py
[2022-06-12 22:21:31,654] {logging_mixin.py:109} INFO - [2022-06-12 22:21:31,654] {dag.py:2398} INFO - Sync 1 DAGs
[2022-06-12 22:21:31,663] {logging_mixin.py:109} INFO - [2022-06-12 22:21:31,663] {dag.py:2937} INFO - Setting next_dagrun for example_complex to None
[2022-06-12 22:21:31,672] {processor.py:171} INFO - Processing /home/leizo/.local/lib/python3.8/site-packages/airflow/example_dags/example_complex.py took 0.055 seconds
[2022-06-12 22:22:06,003] {processor.py:163} INFO - Started process (PID=1476) to work on /home/leizo/.local/lib/python3.8/site-packages/airflow/example_dags/example_complex.py
[2022-06-12 22:22:06,004] {processor.py:642} INFO - Processing file /home/leizo/.local/lib/python3.8/site-packages/airflow/example_dags/example_complex.py for tasks to queue
[2022-06-12 22:22:06,004] {logging_mixin.py:109} INFO - [2022-06-12 22:22:06,004] {dagbag.py:500} INFO - Filling up the DagBag from /home/leizo/.local/lib/python3.8/site-packages/airflow/example_dags/example_complex.py
[2022-06-12 22:22:06,021] {processor.py:652} INFO - DAG(s) dict_keys(['example_complex']) retrieved from /home/leizo/.local/lib/python3.8/site-packages/airflow/example_dags/example_complex.py
[2022-06-12 22:22:06,037] {logging_mixin.py:109} INFO - [2022-06-12 22:22:06,037] {dag.py:2398} INFO - Sync 1 DAGs
[2022-06-12 22:22:06,047] {logging_mixin.py:109} INFO - [2022-06-12 22:22:06,046] {dag.py:2937} INFO - Setting next_dagrun for example_complex to None
[2022-06-12 22:22:06,058] {processor.py:171} INFO - Processing /home/leizo/.local/lib/python3.8/site-packages/airflow/example_dags/example_complex.py took 0.057 seconds
[2022-06-12 22:22:40,722] {processor.py:163} INFO - Started process (PID=1510) to work on /home/leizo/.local/lib/python3.8/site-packages/airflow/example_dags/example_complex.py
[2022-06-12 22:22:40,723] {processor.py:642} INFO - Processing file /home/leizo/.local/lib/python3.8/site-packages/airflow/example_dags/example_complex.py for tasks to queue
[2022-06-12 22:22:40,724] {logging_mixin.py:109} INFO - [2022-06-12 22:22:40,724] {dagbag.py:500} INFO - Filling up the DagBag from /home/leizo/.local/lib/python3.8/site-packages/airflow/example_dags/example_complex.py
[2022-06-12 22:22:40,740] {processor.py:652} INFO - DAG(s) dict_keys(['example_complex']) retrieved from /home/leizo/.local/lib/python3.8/site-packages/airflow/example_dags/example_complex.py
[2022-06-12 22:22:40,755] {logging_mixin.py:109} INFO - [2022-06-12 22:22:40,754] {dag.py:2398} INFO - Sync 1 DAGs
[2022-06-12 22:22:40,768] {logging_mixin.py:109} INFO - [2022-06-12 22:22:40,768] {dag.py:2937} INFO - Setting next_dagrun for example_complex to None
[2022-06-12 22:22:40,779] {processor.py:171} INFO - Processing /home/leizo/.local/lib/python3.8/site-packages/airflow/example_dags/example_complex.py took 0.059 seconds
[2022-06-12 22:23:15,900] {processor.py:163} INFO - Started process (PID=1544) to work on /home/leizo/.local/lib/python3.8/site-packages/airflow/example_dags/example_complex.py
[2022-06-12 22:23:15,902] {processor.py:642} INFO - Processing file /home/leizo/.local/lib/python3.8/site-packages/airflow/example_dags/example_complex.py for tasks to queue
[2022-06-12 22:23:15,903] {logging_mixin.py:109} INFO - [2022-06-12 22:23:15,902] {dagbag.py:500} INFO - Filling up the DagBag from /home/leizo/.local/lib/python3.8/site-packages/airflow/example_dags/example_complex.py
[2022-06-12 22:23:15,940] {processor.py:652} INFO - DAG(s) dict_keys(['example_complex']) retrieved from /home/leizo/.local/lib/python3.8/site-packages/airflow/example_dags/example_complex.py
[2022-06-12 22:23:15,966] {logging_mixin.py:109} INFO - [2022-06-12 22:23:15,966] {dag.py:2398} INFO - Sync 1 DAGs
[2022-06-12 22:23:15,979] {logging_mixin.py:109} INFO - [2022-06-12 22:23:15,979] {dag.py:2937} INFO - Setting next_dagrun for example_complex to None
[2022-06-12 22:23:15,993] {processor.py:171} INFO - Processing /home/leizo/.local/lib/python3.8/site-packages/airflow/example_dags/example_complex.py took 0.099 seconds
[2022-06-12 22:23:52,894] {processor.py:163} INFO - Started process (PID=1640) to work on /home/leizo/.local/lib/python3.8/site-packages/airflow/example_dags/example_complex.py
[2022-06-12 22:23:52,897] {processor.py:642} INFO - Processing file /home/leizo/.local/lib/python3.8/site-packages/airflow/example_dags/example_complex.py for tasks to queue
[2022-06-12 22:23:52,898] {logging_mixin.py:109} INFO - [2022-06-12 22:23:52,898] {dagbag.py:500} INFO - Filling up the DagBag from /home/leizo/.local/lib/python3.8/site-packages/airflow/example_dags/example_complex.py
[2022-06-12 22:23:52,933] {processor.py:652} INFO - DAG(s) dict_keys(['example_complex']) retrieved from /home/leizo/.local/lib/python3.8/site-packages/airflow/example_dags/example_complex.py
[2022-06-12 22:23:52,948] {logging_mixin.py:109} INFO - [2022-06-12 22:23:52,948] {dag.py:2398} INFO - Sync 1 DAGs
[2022-06-12 22:23:52,959] {logging_mixin.py:109} INFO - [2022-06-12 22:23:52,959] {dag.py:2937} INFO - Setting next_dagrun for example_complex to None
[2022-06-12 22:23:52,973] {processor.py:171} INFO - Processing /home/leizo/.local/lib/python3.8/site-packages/airflow/example_dags/example_complex.py took 0.083 seconds
[2022-06-12 22:24:27,545] {processor.py:163} INFO - Started process (PID=1674) to work on /home/leizo/.local/lib/python3.8/site-packages/airflow/example_dags/example_complex.py
[2022-06-12 22:24:27,547] {processor.py:642} INFO - Processing file /home/leizo/.local/lib/python3.8/site-packages/airflow/example_dags/example_complex.py for tasks to queue
[2022-06-12 22:24:27,548] {logging_mixin.py:109} INFO - [2022-06-12 22:24:27,548] {dagbag.py:500} INFO - Filling up the DagBag from /home/leizo/.local/lib/python3.8/site-packages/airflow/example_dags/example_complex.py
[2022-06-12 22:24:27,573] {processor.py:652} INFO - DAG(s) dict_keys(['example_complex']) retrieved from /home/leizo/.local/lib/python3.8/site-packages/airflow/example_dags/example_complex.py
[2022-06-12 22:24:27,588] {logging_mixin.py:109} INFO - [2022-06-12 22:24:27,588] {dag.py:2398} INFO - Sync 1 DAGs
[2022-06-12 22:24:27,599] {logging_mixin.py:109} INFO - [2022-06-12 22:24:27,599] {dag.py:2937} INFO - Setting next_dagrun for example_complex to None
[2022-06-12 22:24:27,617] {processor.py:171} INFO - Processing /home/leizo/.local/lib/python3.8/site-packages/airflow/example_dags/example_complex.py took 0.075 seconds
[2022-06-12 22:25:04,640] {processor.py:163} INFO - Started process (PID=1734) to work on /home/leizo/.local/lib/python3.8/site-packages/airflow/example_dags/example_complex.py
[2022-06-12 22:25:04,642] {processor.py:642} INFO - Processing file /home/leizo/.local/lib/python3.8/site-packages/airflow/example_dags/example_complex.py for tasks to queue
[2022-06-12 22:25:04,643] {logging_mixin.py:109} INFO - [2022-06-12 22:25:04,642] {dagbag.py:500} INFO - Filling up the DagBag from /home/leizo/.local/lib/python3.8/site-packages/airflow/example_dags/example_complex.py
[2022-06-12 22:25:04,666] {processor.py:652} INFO - DAG(s) dict_keys(['example_complex']) retrieved from /home/leizo/.local/lib/python3.8/site-packages/airflow/example_dags/example_complex.py
[2022-06-12 22:25:04,687] {logging_mixin.py:109} INFO - [2022-06-12 22:25:04,687] {dag.py:2398} INFO - Sync 1 DAGs
[2022-06-12 22:25:04,702] {logging_mixin.py:109} INFO - [2022-06-12 22:25:04,702] {dag.py:2937} INFO - Setting next_dagrun for example_complex to None
[2022-06-12 22:25:04,716] {processor.py:171} INFO - Processing /home/leizo/.local/lib/python3.8/site-packages/airflow/example_dags/example_complex.py took 0.081 seconds
[2022-06-12 22:25:45,174] {processor.py:163} INFO - Started process (PID=1785) to work on /home/leizo/.local/lib/python3.8/site-packages/airflow/example_dags/example_complex.py
[2022-06-12 22:25:45,177] {processor.py:642} INFO - Processing file /home/leizo/.local/lib/python3.8/site-packages/airflow/example_dags/example_complex.py for tasks to queue
[2022-06-12 22:25:45,178] {logging_mixin.py:109} INFO - [2022-06-12 22:25:45,178] {dagbag.py:500} INFO - Filling up the DagBag from /home/leizo/.local/lib/python3.8/site-packages/airflow/example_dags/example_complex.py
[2022-06-12 22:25:45,203] {processor.py:652} INFO - DAG(s) dict_keys(['example_complex']) retrieved from /home/leizo/.local/lib/python3.8/site-packages/airflow/example_dags/example_complex.py
[2022-06-12 22:25:45,223] {logging_mixin.py:109} INFO - [2022-06-12 22:25:45,223] {dag.py:2398} INFO - Sync 1 DAGs
[2022-06-12 22:25:45,232] {logging_mixin.py:109} INFO - [2022-06-12 22:25:45,232] {dag.py:2937} INFO - Setting next_dagrun for example_complex to None
[2022-06-12 22:25:45,249] {processor.py:171} INFO - Processing /home/leizo/.local/lib/python3.8/site-packages/airflow/example_dags/example_complex.py took 0.078 seconds
[2022-06-12 22:26:28,964] {processor.py:163} INFO - Started process (PID=1823) to work on /home/leizo/.local/lib/python3.8/site-packages/airflow/example_dags/example_complex.py
[2022-06-12 22:26:28,967] {processor.py:642} INFO - Processing file /home/leizo/.local/lib/python3.8/site-packages/airflow/example_dags/example_complex.py for tasks to queue
[2022-06-12 22:26:28,969] {logging_mixin.py:109} INFO - [2022-06-12 22:26:28,968] {dagbag.py:500} INFO - Filling up the DagBag from /home/leizo/.local/lib/python3.8/site-packages/airflow/example_dags/example_complex.py
[2022-06-12 22:26:29,026] {processor.py:652} INFO - DAG(s) dict_keys(['example_complex']) retrieved from /home/leizo/.local/lib/python3.8/site-packages/airflow/example_dags/example_complex.py
[2022-06-12 22:26:29,066] {logging_mixin.py:109} INFO - [2022-06-12 22:26:29,065] {dag.py:2398} INFO - Sync 1 DAGs
[2022-06-12 22:26:29,086] {logging_mixin.py:109} INFO - [2022-06-12 22:26:29,086] {dag.py:2937} INFO - Setting next_dagrun for example_complex to None
[2022-06-12 22:26:29,112] {processor.py:171} INFO - Processing /home/leizo/.local/lib/python3.8/site-packages/airflow/example_dags/example_complex.py took 0.153 seconds
[2022-06-12 22:27:12,241] {processor.py:163} INFO - Started process (PID=1878) to work on /home/leizo/.local/lib/python3.8/site-packages/airflow/example_dags/example_complex.py
[2022-06-12 22:27:12,244] {processor.py:642} INFO - Processing file /home/leizo/.local/lib/python3.8/site-packages/airflow/example_dags/example_complex.py for tasks to queue
[2022-06-12 22:27:12,245] {logging_mixin.py:109} INFO - [2022-06-12 22:27:12,245] {dagbag.py:500} INFO - Filling up the DagBag from /home/leizo/.local/lib/python3.8/site-packages/airflow/example_dags/example_complex.py
[2022-06-12 22:27:12,278] {processor.py:652} INFO - DAG(s) dict_keys(['example_complex']) retrieved from /home/leizo/.local/lib/python3.8/site-packages/airflow/example_dags/example_complex.py
[2022-06-12 22:27:12,306] {logging_mixin.py:109} INFO - [2022-06-12 22:27:12,306] {dag.py:2398} INFO - Sync 1 DAGs
[2022-06-12 22:27:12,323] {logging_mixin.py:109} INFO - [2022-06-12 22:27:12,323] {dag.py:2937} INFO - Setting next_dagrun for example_complex to None
[2022-06-12 22:27:12,345] {processor.py:171} INFO - Processing /home/leizo/.local/lib/python3.8/site-packages/airflow/example_dags/example_complex.py took 0.107 seconds
[2022-06-12 22:28:16,737] {processor.py:163} INFO - Started process (PID=1936) to work on /home/leizo/.local/lib/python3.8/site-packages/airflow/example_dags/example_complex.py
[2022-06-12 22:28:16,741] {processor.py:642} INFO - Processing file /home/leizo/.local/lib/python3.8/site-packages/airflow/example_dags/example_complex.py for tasks to queue
[2022-06-12 22:28:16,743] {logging_mixin.py:109} INFO - [2022-06-12 22:28:16,742] {dagbag.py:500} INFO - Filling up the DagBag from /home/leizo/.local/lib/python3.8/site-packages/airflow/example_dags/example_complex.py
[2022-06-12 22:28:16,781] {processor.py:652} INFO - DAG(s) dict_keys(['example_complex']) retrieved from /home/leizo/.local/lib/python3.8/site-packages/airflow/example_dags/example_complex.py
[2022-06-12 22:28:16,794] {logging_mixin.py:109} INFO - [2022-06-12 22:28:16,794] {dag.py:2398} INFO - Sync 1 DAGs
[2022-06-12 22:28:16,803] {logging_mixin.py:109} INFO - [2022-06-12 22:28:16,803] {dag.py:2937} INFO - Setting next_dagrun for example_complex to None
[2022-06-12 22:28:16,818] {processor.py:171} INFO - Processing /home/leizo/.local/lib/python3.8/site-packages/airflow/example_dags/example_complex.py took 0.086 seconds
[2022-06-12 22:28:56,398] {processor.py:163} INFO - Started process (PID=2056) to work on /home/leizo/.local/lib/python3.8/site-packages/airflow/example_dags/example_complex.py
[2022-06-12 22:28:56,402] {processor.py:642} INFO - Processing file /home/leizo/.local/lib/python3.8/site-packages/airflow/example_dags/example_complex.py for tasks to queue
[2022-06-12 22:28:56,404] {logging_mixin.py:109} INFO - [2022-06-12 22:28:56,403] {dagbag.py:500} INFO - Filling up the DagBag from /home/leizo/.local/lib/python3.8/site-packages/airflow/example_dags/example_complex.py
[2022-06-12 22:28:56,446] {processor.py:652} INFO - DAG(s) dict_keys(['example_complex']) retrieved from /home/leizo/.local/lib/python3.8/site-packages/airflow/example_dags/example_complex.py
[2022-06-12 22:28:56,473] {logging_mixin.py:109} INFO - [2022-06-12 22:28:56,473] {dag.py:2398} INFO - Sync 1 DAGs
[2022-06-12 22:28:56,487] {logging_mixin.py:109} INFO - [2022-06-12 22:28:56,487] {dag.py:2937} INFO - Setting next_dagrun for example_complex to None
[2022-06-12 22:28:56,503] {processor.py:171} INFO - Processing /home/leizo/.local/lib/python3.8/site-packages/airflow/example_dags/example_complex.py took 0.111 seconds
[2022-06-12 22:29:36,570] {processor.py:163} INFO - Started process (PID=2107) to work on /home/leizo/.local/lib/python3.8/site-packages/airflow/example_dags/example_complex.py
[2022-06-12 22:29:36,575] {processor.py:642} INFO - Processing file /home/leizo/.local/lib/python3.8/site-packages/airflow/example_dags/example_complex.py for tasks to queue
[2022-06-12 22:29:36,577] {logging_mixin.py:109} INFO - [2022-06-12 22:29:36,577] {dagbag.py:500} INFO - Filling up the DagBag from /home/leizo/.local/lib/python3.8/site-packages/airflow/example_dags/example_complex.py
[2022-06-12 22:29:36,612] {processor.py:652} INFO - DAG(s) dict_keys(['example_complex']) retrieved from /home/leizo/.local/lib/python3.8/site-packages/airflow/example_dags/example_complex.py
[2022-06-12 22:29:36,637] {logging_mixin.py:109} INFO - [2022-06-12 22:29:36,637] {dag.py:2398} INFO - Sync 1 DAGs
[2022-06-12 22:29:36,649] {logging_mixin.py:109} INFO - [2022-06-12 22:29:36,649] {dag.py:2937} INFO - Setting next_dagrun for example_complex to None
[2022-06-12 22:29:36,660] {processor.py:171} INFO - Processing /home/leizo/.local/lib/python3.8/site-packages/airflow/example_dags/example_complex.py took 0.096 seconds
[2022-06-12 22:30:19,792] {processor.py:163} INFO - Started process (PID=2263) to work on /home/leizo/.local/lib/python3.8/site-packages/airflow/example_dags/example_complex.py
[2022-06-12 22:30:19,796] {processor.py:642} INFO - Processing file /home/leizo/.local/lib/python3.8/site-packages/airflow/example_dags/example_complex.py for tasks to queue
[2022-06-12 22:30:19,798] {logging_mixin.py:109} INFO - [2022-06-12 22:30:19,797] {dagbag.py:500} INFO - Filling up the DagBag from /home/leizo/.local/lib/python3.8/site-packages/airflow/example_dags/example_complex.py
[2022-06-12 22:30:19,836] {processor.py:652} INFO - DAG(s) dict_keys(['example_complex']) retrieved from /home/leizo/.local/lib/python3.8/site-packages/airflow/example_dags/example_complex.py
[2022-06-12 22:30:19,857] {logging_mixin.py:109} INFO - [2022-06-12 22:30:19,857] {dag.py:2398} INFO - Sync 1 DAGs
[2022-06-12 22:30:19,867] {logging_mixin.py:109} INFO - [2022-06-12 22:30:19,867] {dag.py:2937} INFO - Setting next_dagrun for example_complex to None
[2022-06-12 22:30:19,878] {processor.py:171} INFO - Processing /home/leizo/.local/lib/python3.8/site-packages/airflow/example_dags/example_complex.py took 0.092 seconds
[2022-06-12 22:30:56,203] {processor.py:163} INFO - Started process (PID=2318) to work on /home/leizo/.local/lib/python3.8/site-packages/airflow/example_dags/example_complex.py
[2022-06-12 22:30:56,204] {processor.py:642} INFO - Processing file /home/leizo/.local/lib/python3.8/site-packages/airflow/example_dags/example_complex.py for tasks to queue
[2022-06-12 22:30:56,205] {logging_mixin.py:109} INFO - [2022-06-12 22:30:56,205] {dagbag.py:500} INFO - Filling up the DagBag from /home/leizo/.local/lib/python3.8/site-packages/airflow/example_dags/example_complex.py
[2022-06-12 22:30:56,221] {processor.py:652} INFO - DAG(s) dict_keys(['example_complex']) retrieved from /home/leizo/.local/lib/python3.8/site-packages/airflow/example_dags/example_complex.py
[2022-06-12 22:30:56,245] {logging_mixin.py:109} INFO - [2022-06-12 22:30:56,245] {dag.py:2398} INFO - Sync 1 DAGs
[2022-06-12 22:30:56,259] {logging_mixin.py:109} INFO - [2022-06-12 22:30:56,259] {dag.py:2937} INFO - Setting next_dagrun for example_complex to None
[2022-06-12 22:30:56,282] {processor.py:171} INFO - Processing /home/leizo/.local/lib/python3.8/site-packages/airflow/example_dags/example_complex.py took 0.081 seconds
[2022-06-12 22:31:38,687] {processor.py:163} INFO - Started process (PID=2452) to work on /home/leizo/.local/lib/python3.8/site-packages/airflow/example_dags/example_complex.py
[2022-06-12 22:31:38,690] {processor.py:642} INFO - Processing file /home/leizo/.local/lib/python3.8/site-packages/airflow/example_dags/example_complex.py for tasks to queue
[2022-06-12 22:31:38,690] {logging_mixin.py:109} INFO - [2022-06-12 22:31:38,690] {dagbag.py:500} INFO - Filling up the DagBag from /home/leizo/.local/lib/python3.8/site-packages/airflow/example_dags/example_complex.py
[2022-06-12 22:31:38,726] {processor.py:652} INFO - DAG(s) dict_keys(['example_complex']) retrieved from /home/leizo/.local/lib/python3.8/site-packages/airflow/example_dags/example_complex.py
[2022-06-12 22:31:38,747] {logging_mixin.py:109} INFO - [2022-06-12 22:31:38,746] {dag.py:2398} INFO - Sync 1 DAGs
[2022-06-12 22:31:38,763] {logging_mixin.py:109} INFO - [2022-06-12 22:31:38,763] {dag.py:2937} INFO - Setting next_dagrun for example_complex to None
[2022-06-12 22:31:38,782] {processor.py:171} INFO - Processing /home/leizo/.local/lib/python3.8/site-packages/airflow/example_dags/example_complex.py took 0.098 seconds
[2022-06-12 22:32:19,923] {processor.py:163} INFO - Started process (PID=2502) to work on /home/leizo/.local/lib/python3.8/site-packages/airflow/example_dags/example_complex.py
[2022-06-12 22:32:19,925] {processor.py:642} INFO - Processing file /home/leizo/.local/lib/python3.8/site-packages/airflow/example_dags/example_complex.py for tasks to queue
[2022-06-12 22:32:19,926] {logging_mixin.py:109} INFO - [2022-06-12 22:32:19,926] {dagbag.py:500} INFO - Filling up the DagBag from /home/leizo/.local/lib/python3.8/site-packages/airflow/example_dags/example_complex.py
[2022-06-12 22:32:19,944] {processor.py:652} INFO - DAG(s) dict_keys(['example_complex']) retrieved from /home/leizo/.local/lib/python3.8/site-packages/airflow/example_dags/example_complex.py
[2022-06-12 22:32:19,959] {logging_mixin.py:109} INFO - [2022-06-12 22:32:19,959] {dag.py:2398} INFO - Sync 1 DAGs
[2022-06-12 22:32:19,971] {logging_mixin.py:109} INFO - [2022-06-12 22:32:19,971] {dag.py:2937} INFO - Setting next_dagrun for example_complex to None
[2022-06-12 22:32:19,987] {processor.py:171} INFO - Processing /home/leizo/.local/lib/python3.8/site-packages/airflow/example_dags/example_complex.py took 0.067 seconds
[2022-06-12 22:32:59,996] {processor.py:163} INFO - Started process (PID=2564) to work on /home/leizo/.local/lib/python3.8/site-packages/airflow/example_dags/example_complex.py
[2022-06-12 22:32:59,998] {processor.py:642} INFO - Processing file /home/leizo/.local/lib/python3.8/site-packages/airflow/example_dags/example_complex.py for tasks to queue
[2022-06-12 22:32:59,998] {logging_mixin.py:109} INFO - [2022-06-12 22:32:59,998] {dagbag.py:500} INFO - Filling up the DagBag from /home/leizo/.local/lib/python3.8/site-packages/airflow/example_dags/example_complex.py
[2022-06-12 22:33:00,013] {processor.py:652} INFO - DAG(s) dict_keys(['example_complex']) retrieved from /home/leizo/.local/lib/python3.8/site-packages/airflow/example_dags/example_complex.py
[2022-06-12 22:33:00,028] {logging_mixin.py:109} INFO - [2022-06-12 22:33:00,027] {dag.py:2398} INFO - Sync 1 DAGs
[2022-06-12 22:33:00,039] {logging_mixin.py:109} INFO - [2022-06-12 22:33:00,039] {dag.py:2937} INFO - Setting next_dagrun for example_complex to None
[2022-06-12 22:33:00,055] {processor.py:171} INFO - Processing /home/leizo/.local/lib/python3.8/site-packages/airflow/example_dags/example_complex.py took 0.062 seconds
[2022-06-12 22:33:41,052] {processor.py:163} INFO - Started process (PID=2655) to work on /home/leizo/.local/lib/python3.8/site-packages/airflow/example_dags/example_complex.py
[2022-06-12 22:33:41,053] {processor.py:642} INFO - Processing file /home/leizo/.local/lib/python3.8/site-packages/airflow/example_dags/example_complex.py for tasks to queue
[2022-06-12 22:33:41,054] {logging_mixin.py:109} INFO - [2022-06-12 22:33:41,054] {dagbag.py:500} INFO - Filling up the DagBag from /home/leizo/.local/lib/python3.8/site-packages/airflow/example_dags/example_complex.py
[2022-06-12 22:33:41,072] {processor.py:652} INFO - DAG(s) dict_keys(['example_complex']) retrieved from /home/leizo/.local/lib/python3.8/site-packages/airflow/example_dags/example_complex.py
[2022-06-12 22:33:41,089] {logging_mixin.py:109} INFO - [2022-06-12 22:33:41,089] {dag.py:2398} INFO - Sync 1 DAGs
[2022-06-12 22:33:41,099] {logging_mixin.py:109} INFO - [2022-06-12 22:33:41,099] {dag.py:2937} INFO - Setting next_dagrun for example_complex to None
[2022-06-12 22:33:41,111] {processor.py:171} INFO - Processing /home/leizo/.local/lib/python3.8/site-packages/airflow/example_dags/example_complex.py took 0.062 seconds
[2022-06-12 22:34:22,353] {processor.py:163} INFO - Started process (PID=2729) to work on /home/leizo/.local/lib/python3.8/site-packages/airflow/example_dags/example_complex.py
[2022-06-12 22:34:22,355] {processor.py:642} INFO - Processing file /home/leizo/.local/lib/python3.8/site-packages/airflow/example_dags/example_complex.py for tasks to queue
[2022-06-12 22:34:22,356] {logging_mixin.py:109} INFO - [2022-06-12 22:34:22,356] {dagbag.py:500} INFO - Filling up the DagBag from /home/leizo/.local/lib/python3.8/site-packages/airflow/example_dags/example_complex.py
[2022-06-12 22:34:22,373] {processor.py:652} INFO - DAG(s) dict_keys(['example_complex']) retrieved from /home/leizo/.local/lib/python3.8/site-packages/airflow/example_dags/example_complex.py
[2022-06-12 22:34:22,389] {logging_mixin.py:109} INFO - [2022-06-12 22:34:22,389] {dag.py:2398} INFO - Sync 1 DAGs
[2022-06-12 22:34:22,403] {logging_mixin.py:109} INFO - [2022-06-12 22:34:22,403] {dag.py:2937} INFO - Setting next_dagrun for example_complex to None
[2022-06-12 22:34:22,417] {processor.py:171} INFO - Processing /home/leizo/.local/lib/python3.8/site-packages/airflow/example_dags/example_complex.py took 0.068 seconds
[2022-06-12 22:35:02,915] {processor.py:163} INFO - Started process (PID=2794) to work on /home/leizo/.local/lib/python3.8/site-packages/airflow/example_dags/example_complex.py
[2022-06-12 22:35:02,916] {processor.py:642} INFO - Processing file /home/leizo/.local/lib/python3.8/site-packages/airflow/example_dags/example_complex.py for tasks to queue
[2022-06-12 22:35:02,917] {logging_mixin.py:109} INFO - [2022-06-12 22:35:02,917] {dagbag.py:500} INFO - Filling up the DagBag from /home/leizo/.local/lib/python3.8/site-packages/airflow/example_dags/example_complex.py
[2022-06-12 22:35:02,943] {processor.py:652} INFO - DAG(s) dict_keys(['example_complex']) retrieved from /home/leizo/.local/lib/python3.8/site-packages/airflow/example_dags/example_complex.py
[2022-06-12 22:35:02,964] {logging_mixin.py:109} INFO - [2022-06-12 22:35:02,964] {dag.py:2398} INFO - Sync 1 DAGs
[2022-06-12 22:35:02,977] {logging_mixin.py:109} INFO - [2022-06-12 22:35:02,977] {dag.py:2937} INFO - Setting next_dagrun for example_complex to None
[2022-06-12 22:35:02,991] {processor.py:171} INFO - Processing /home/leizo/.local/lib/python3.8/site-packages/airflow/example_dags/example_complex.py took 0.079 seconds
[2022-06-12 22:35:44,913] {processor.py:163} INFO - Started process (PID=2902) to work on /home/leizo/.local/lib/python3.8/site-packages/airflow/example_dags/example_complex.py
[2022-06-12 22:35:44,917] {processor.py:642} INFO - Processing file /home/leizo/.local/lib/python3.8/site-packages/airflow/example_dags/example_complex.py for tasks to queue
[2022-06-12 22:35:44,918] {logging_mixin.py:109} INFO - [2022-06-12 22:35:44,918] {dagbag.py:500} INFO - Filling up the DagBag from /home/leizo/.local/lib/python3.8/site-packages/airflow/example_dags/example_complex.py
[2022-06-12 22:35:44,959] {processor.py:652} INFO - DAG(s) dict_keys(['example_complex']) retrieved from /home/leizo/.local/lib/python3.8/site-packages/airflow/example_dags/example_complex.py
[2022-06-12 22:35:44,984] {logging_mixin.py:109} INFO - [2022-06-12 22:35:44,984] {dag.py:2398} INFO - Sync 1 DAGs
[2022-06-12 22:35:44,997] {logging_mixin.py:109} INFO - [2022-06-12 22:35:44,997] {dag.py:2937} INFO - Setting next_dagrun for example_complex to None
[2022-06-12 22:35:45,014] {processor.py:171} INFO - Processing /home/leizo/.local/lib/python3.8/site-packages/airflow/example_dags/example_complex.py took 0.105 seconds
[2022-06-12 22:36:26,890] {processor.py:163} INFO - Started process (PID=2975) to work on /home/leizo/.local/lib/python3.8/site-packages/airflow/example_dags/example_complex.py
[2022-06-12 22:36:26,892] {processor.py:642} INFO - Processing file /home/leizo/.local/lib/python3.8/site-packages/airflow/example_dags/example_complex.py for tasks to queue
[2022-06-12 22:36:26,892] {logging_mixin.py:109} INFO - [2022-06-12 22:36:26,892] {dagbag.py:500} INFO - Filling up the DagBag from /home/leizo/.local/lib/python3.8/site-packages/airflow/example_dags/example_complex.py
[2022-06-12 22:36:26,909] {processor.py:652} INFO - DAG(s) dict_keys(['example_complex']) retrieved from /home/leizo/.local/lib/python3.8/site-packages/airflow/example_dags/example_complex.py
[2022-06-12 22:36:26,926] {logging_mixin.py:109} INFO - [2022-06-12 22:36:26,926] {dag.py:2398} INFO - Sync 1 DAGs
[2022-06-12 22:36:26,948] {logging_mixin.py:109} INFO - [2022-06-12 22:36:26,948] {dag.py:2937} INFO - Setting next_dagrun for example_complex to None
[2022-06-12 22:36:26,963] {processor.py:171} INFO - Processing /home/leizo/.local/lib/python3.8/site-packages/airflow/example_dags/example_complex.py took 0.076 seconds
[2022-06-12 22:37:09,081] {processor.py:163} INFO - Started process (PID=3046) to work on /home/leizo/.local/lib/python3.8/site-packages/airflow/example_dags/example_complex.py
[2022-06-12 22:37:09,085] {processor.py:642} INFO - Processing file /home/leizo/.local/lib/python3.8/site-packages/airflow/example_dags/example_complex.py for tasks to queue
[2022-06-12 22:37:09,086] {logging_mixin.py:109} INFO - [2022-06-12 22:37:09,086] {dagbag.py:500} INFO - Filling up the DagBag from /home/leizo/.local/lib/python3.8/site-packages/airflow/example_dags/example_complex.py
[2022-06-12 22:37:09,120] {processor.py:652} INFO - DAG(s) dict_keys(['example_complex']) retrieved from /home/leizo/.local/lib/python3.8/site-packages/airflow/example_dags/example_complex.py
[2022-06-12 22:37:09,137] {logging_mixin.py:109} INFO - [2022-06-12 22:37:09,137] {dag.py:2398} INFO - Sync 1 DAGs
[2022-06-12 22:37:09,148] {logging_mixin.py:109} INFO - [2022-06-12 22:37:09,148] {dag.py:2937} INFO - Setting next_dagrun for example_complex to None
[2022-06-12 22:37:09,160] {processor.py:171} INFO - Processing /home/leizo/.local/lib/python3.8/site-packages/airflow/example_dags/example_complex.py took 0.084 seconds
[2022-06-12 22:37:51,345] {processor.py:163} INFO - Started process (PID=3087) to work on /home/leizo/.local/lib/python3.8/site-packages/airflow/example_dags/example_complex.py
[2022-06-12 22:37:51,347] {processor.py:642} INFO - Processing file /home/leizo/.local/lib/python3.8/site-packages/airflow/example_dags/example_complex.py for tasks to queue
[2022-06-12 22:37:51,348] {logging_mixin.py:109} INFO - [2022-06-12 22:37:51,347] {dagbag.py:500} INFO - Filling up the DagBag from /home/leizo/.local/lib/python3.8/site-packages/airflow/example_dags/example_complex.py
[2022-06-12 22:37:51,362] {processor.py:652} INFO - DAG(s) dict_keys(['example_complex']) retrieved from /home/leizo/.local/lib/python3.8/site-packages/airflow/example_dags/example_complex.py
[2022-06-12 22:37:51,376] {logging_mixin.py:109} INFO - [2022-06-12 22:37:51,376] {dag.py:2398} INFO - Sync 1 DAGs
[2022-06-12 22:37:51,387] {logging_mixin.py:109} INFO - [2022-06-12 22:37:51,387] {dag.py:2937} INFO - Setting next_dagrun for example_complex to None
[2022-06-12 22:37:51,403] {processor.py:171} INFO - Processing /home/leizo/.local/lib/python3.8/site-packages/airflow/example_dags/example_complex.py took 0.061 seconds
[2022-06-12 22:38:36,278] {processor.py:163} INFO - Started process (PID=3128) to work on /home/leizo/.local/lib/python3.8/site-packages/airflow/example_dags/example_complex.py
[2022-06-12 22:38:36,283] {processor.py:642} INFO - Processing file /home/leizo/.local/lib/python3.8/site-packages/airflow/example_dags/example_complex.py for tasks to queue
[2022-06-12 22:38:36,286] {logging_mixin.py:109} INFO - [2022-06-12 22:38:36,285] {dagbag.py:500} INFO - Filling up the DagBag from /home/leizo/.local/lib/python3.8/site-packages/airflow/example_dags/example_complex.py
[2022-06-12 22:38:36,310] {processor.py:652} INFO - DAG(s) dict_keys(['example_complex']) retrieved from /home/leizo/.local/lib/python3.8/site-packages/airflow/example_dags/example_complex.py
[2022-06-12 22:38:36,324] {logging_mixin.py:109} INFO - [2022-06-12 22:38:36,324] {dag.py:2398} INFO - Sync 1 DAGs
[2022-06-12 22:38:36,338] {logging_mixin.py:109} INFO - [2022-06-12 22:38:36,338] {dag.py:2937} INFO - Setting next_dagrun for example_complex to None
[2022-06-12 22:38:36,354] {processor.py:171} INFO - Processing /home/leizo/.local/lib/python3.8/site-packages/airflow/example_dags/example_complex.py took 0.081 seconds
[2022-06-12 22:39:17,949] {processor.py:163} INFO - Started process (PID=3231) to work on /home/leizo/.local/lib/python3.8/site-packages/airflow/example_dags/example_complex.py
[2022-06-12 22:39:17,954] {processor.py:642} INFO - Processing file /home/leizo/.local/lib/python3.8/site-packages/airflow/example_dags/example_complex.py for tasks to queue
[2022-06-12 22:39:17,956] {logging_mixin.py:109} INFO - [2022-06-12 22:39:17,956] {dagbag.py:500} INFO - Filling up the DagBag from /home/leizo/.local/lib/python3.8/site-packages/airflow/example_dags/example_complex.py
[2022-06-12 22:39:17,984] {processor.py:652} INFO - DAG(s) dict_keys(['example_complex']) retrieved from /home/leizo/.local/lib/python3.8/site-packages/airflow/example_dags/example_complex.py
[2022-06-12 22:39:17,997] {logging_mixin.py:109} INFO - [2022-06-12 22:39:17,997] {dag.py:2398} INFO - Sync 1 DAGs
[2022-06-12 22:39:18,007] {logging_mixin.py:109} INFO - [2022-06-12 22:39:18,007] {dag.py:2937} INFO - Setting next_dagrun for example_complex to None
[2022-06-12 22:39:18,017] {processor.py:171} INFO - Processing /home/leizo/.local/lib/python3.8/site-packages/airflow/example_dags/example_complex.py took 0.073 seconds
[2022-06-12 22:39:59,483] {processor.py:163} INFO - Started process (PID=3273) to work on /home/leizo/.local/lib/python3.8/site-packages/airflow/example_dags/example_complex.py
[2022-06-12 22:39:59,486] {processor.py:642} INFO - Processing file /home/leizo/.local/lib/python3.8/site-packages/airflow/example_dags/example_complex.py for tasks to queue
[2022-06-12 22:39:59,487] {logging_mixin.py:109} INFO - [2022-06-12 22:39:59,487] {dagbag.py:500} INFO - Filling up the DagBag from /home/leizo/.local/lib/python3.8/site-packages/airflow/example_dags/example_complex.py
[2022-06-12 22:39:59,518] {processor.py:652} INFO - DAG(s) dict_keys(['example_complex']) retrieved from /home/leizo/.local/lib/python3.8/site-packages/airflow/example_dags/example_complex.py
[2022-06-12 22:39:59,535] {logging_mixin.py:109} INFO - [2022-06-12 22:39:59,535] {dag.py:2398} INFO - Sync 1 DAGs
[2022-06-12 22:39:59,550] {logging_mixin.py:109} INFO - [2022-06-12 22:39:59,550] {dag.py:2937} INFO - Setting next_dagrun for example_complex to None
[2022-06-12 22:39:59,569] {processor.py:171} INFO - Processing /home/leizo/.local/lib/python3.8/site-packages/airflow/example_dags/example_complex.py took 0.089 seconds
