[2022-06-12 21:59:42,925] {processor.py:163} INFO - Started process (PID=150) to work on /home/leizo/.local/lib/python3.8/site-packages/airflow/example_dags/example_branch_day_of_week_operator.py
[2022-06-12 21:59:42,939] {processor.py:642} INFO - Processing file /home/leizo/.local/lib/python3.8/site-packages/airflow/example_dags/example_branch_day_of_week_operator.py for tasks to queue
[2022-06-12 21:59:42,941] {logging_mixin.py:109} INFO - [2022-06-12 21:59:42,941] {dagbag.py:500} INFO - Filling up the DagBag from /home/leizo/.local/lib/python3.8/site-packages/airflow/example_dags/example_branch_day_of_week_operator.py
[2022-06-12 21:59:43,052] {processor.py:652} INFO - DAG(s) dict_keys(['example_weekday_branch_operator']) retrieved from /home/leizo/.local/lib/python3.8/site-packages/airflow/example_dags/example_branch_day_of_week_operator.py
[2022-06-12 21:59:43,122] {logging_mixin.py:109} INFO - [2022-06-12 21:59:43,121] {dag.py:2398} INFO - Sync 1 DAGs
[2022-06-12 21:59:43,217] {logging_mixin.py:109} INFO - [2022-06-12 21:59:43,216] {dag.py:2937} INFO - Setting next_dagrun for example_weekday_branch_operator to 2022-06-11 00:00:00+00:00
[2022-06-12 21:59:43,288] {processor.py:171} INFO - Processing /home/leizo/.local/lib/python3.8/site-packages/airflow/example_dags/example_branch_day_of_week_operator.py took 0.376 seconds
[2022-06-12 22:00:30,603] {processor.py:163} INFO - Started process (PID=184) to work on /home/leizo/.local/lib/python3.8/site-packages/airflow/example_dags/example_branch_day_of_week_operator.py
[2022-06-12 22:00:30,605] {processor.py:642} INFO - Processing file /home/leizo/.local/lib/python3.8/site-packages/airflow/example_dags/example_branch_day_of_week_operator.py for tasks to queue
[2022-06-12 22:00:30,606] {logging_mixin.py:109} INFO - [2022-06-12 22:00:30,606] {dagbag.py:500} INFO - Filling up the DagBag from /home/leizo/.local/lib/python3.8/site-packages/airflow/example_dags/example_branch_day_of_week_operator.py
[2022-06-12 22:00:30,649] {processor.py:652} INFO - DAG(s) dict_keys(['example_weekday_branch_operator']) retrieved from /home/leizo/.local/lib/python3.8/site-packages/airflow/example_dags/example_branch_day_of_week_operator.py
[2022-06-12 22:00:30,687] {logging_mixin.py:109} INFO - [2022-06-12 22:00:30,686] {dag.py:2398} INFO - Sync 1 DAGs
[2022-06-12 22:00:30,745] {logging_mixin.py:109} INFO - [2022-06-12 22:00:30,745] {dag.py:2937} INFO - Setting next_dagrun for example_weekday_branch_operator to 2022-06-11 00:00:00+00:00
[2022-06-12 22:00:30,773] {processor.py:171} INFO - Processing /home/leizo/.local/lib/python3.8/site-packages/airflow/example_dags/example_branch_day_of_week_operator.py took 0.179 seconds
[2022-06-12 22:01:20,522] {processor.py:163} INFO - Started process (PID=218) to work on /home/leizo/.local/lib/python3.8/site-packages/airflow/example_dags/example_branch_day_of_week_operator.py
[2022-06-12 22:01:20,526] {processor.py:642} INFO - Processing file /home/leizo/.local/lib/python3.8/site-packages/airflow/example_dags/example_branch_day_of_week_operator.py for tasks to queue
[2022-06-12 22:01:20,531] {logging_mixin.py:109} INFO - [2022-06-12 22:01:20,531] {dagbag.py:500} INFO - Filling up the DagBag from /home/leizo/.local/lib/python3.8/site-packages/airflow/example_dags/example_branch_day_of_week_operator.py
[2022-06-12 22:01:20,603] {processor.py:652} INFO - DAG(s) dict_keys(['example_weekday_branch_operator']) retrieved from /home/leizo/.local/lib/python3.8/site-packages/airflow/example_dags/example_branch_day_of_week_operator.py
[2022-06-12 22:01:20,654] {logging_mixin.py:109} INFO - [2022-06-12 22:01:20,654] {dag.py:2398} INFO - Sync 1 DAGs
[2022-06-12 22:01:20,730] {logging_mixin.py:109} INFO - [2022-06-12 22:01:20,730] {dag.py:2937} INFO - Setting next_dagrun for example_weekday_branch_operator to 2022-06-11 00:00:00+00:00
[2022-06-12 22:01:20,772] {processor.py:171} INFO - Processing /home/leizo/.local/lib/python3.8/site-packages/airflow/example_dags/example_branch_day_of_week_operator.py took 0.256 seconds
[2022-06-12 22:02:08,222] {processor.py:163} INFO - Started process (PID=255) to work on /home/leizo/.local/lib/python3.8/site-packages/airflow/example_dags/example_branch_day_of_week_operator.py
[2022-06-12 22:02:08,225] {processor.py:642} INFO - Processing file /home/leizo/.local/lib/python3.8/site-packages/airflow/example_dags/example_branch_day_of_week_operator.py for tasks to queue
[2022-06-12 22:02:08,227] {logging_mixin.py:109} INFO - [2022-06-12 22:02:08,226] {dagbag.py:500} INFO - Filling up the DagBag from /home/leizo/.local/lib/python3.8/site-packages/airflow/example_dags/example_branch_day_of_week_operator.py
[2022-06-12 22:02:08,260] {processor.py:652} INFO - DAG(s) dict_keys(['example_weekday_branch_operator']) retrieved from /home/leizo/.local/lib/python3.8/site-packages/airflow/example_dags/example_branch_day_of_week_operator.py
[2022-06-12 22:02:08,283] {logging_mixin.py:109} INFO - [2022-06-12 22:02:08,283] {dag.py:2398} INFO - Sync 1 DAGs
[2022-06-12 22:02:08,319] {logging_mixin.py:109} INFO - [2022-06-12 22:02:08,319] {dag.py:2937} INFO - Setting next_dagrun for example_weekday_branch_operator to 2022-06-11 00:00:00+00:00
[2022-06-12 22:02:08,337] {processor.py:171} INFO - Processing /home/leizo/.local/lib/python3.8/site-packages/airflow/example_dags/example_branch_day_of_week_operator.py took 0.120 seconds
[2022-06-12 22:02:49,429] {processor.py:163} INFO - Started process (PID=289) to work on /home/leizo/.local/lib/python3.8/site-packages/airflow/example_dags/example_branch_day_of_week_operator.py
[2022-06-12 22:02:49,431] {processor.py:642} INFO - Processing file /home/leizo/.local/lib/python3.8/site-packages/airflow/example_dags/example_branch_day_of_week_operator.py for tasks to queue
[2022-06-12 22:02:49,432] {logging_mixin.py:109} INFO - [2022-06-12 22:02:49,431] {dagbag.py:500} INFO - Filling up the DagBag from /home/leizo/.local/lib/python3.8/site-packages/airflow/example_dags/example_branch_day_of_week_operator.py
[2022-06-12 22:02:49,462] {processor.py:652} INFO - DAG(s) dict_keys(['example_weekday_branch_operator']) retrieved from /home/leizo/.local/lib/python3.8/site-packages/airflow/example_dags/example_branch_day_of_week_operator.py
[2022-06-12 22:02:49,477] {logging_mixin.py:109} INFO - [2022-06-12 22:02:49,477] {dag.py:2398} INFO - Sync 1 DAGs
[2022-06-12 22:02:49,497] {logging_mixin.py:109} INFO - [2022-06-12 22:02:49,497] {dag.py:2937} INFO - Setting next_dagrun for example_weekday_branch_operator to 2022-06-11 00:00:00+00:00
[2022-06-12 22:02:49,516] {processor.py:171} INFO - Processing /home/leizo/.local/lib/python3.8/site-packages/airflow/example_dags/example_branch_day_of_week_operator.py took 0.090 seconds
[2022-06-12 22:03:25,352] {processor.py:163} INFO - Started process (PID=319) to work on /home/leizo/.local/lib/python3.8/site-packages/airflow/example_dags/example_branch_day_of_week_operator.py
[2022-06-12 22:03:25,355] {processor.py:642} INFO - Processing file /home/leizo/.local/lib/python3.8/site-packages/airflow/example_dags/example_branch_day_of_week_operator.py for tasks to queue
[2022-06-12 22:03:25,356] {logging_mixin.py:109} INFO - [2022-06-12 22:03:25,356] {dagbag.py:500} INFO - Filling up the DagBag from /home/leizo/.local/lib/python3.8/site-packages/airflow/example_dags/example_branch_day_of_week_operator.py
[2022-06-12 22:03:25,436] {processor.py:652} INFO - DAG(s) dict_keys(['example_weekday_branch_operator']) retrieved from /home/leizo/.local/lib/python3.8/site-packages/airflow/example_dags/example_branch_day_of_week_operator.py
[2022-06-12 22:03:25,490] {logging_mixin.py:109} INFO - [2022-06-12 22:03:25,489] {dag.py:2398} INFO - Sync 1 DAGs
[2022-06-12 22:03:25,576] {logging_mixin.py:109} INFO - [2022-06-12 22:03:25,575] {dag.py:2937} INFO - Setting next_dagrun for example_weekday_branch_operator to 2022-06-11 00:00:00+00:00
[2022-06-12 22:03:25,608] {processor.py:171} INFO - Processing /home/leizo/.local/lib/python3.8/site-packages/airflow/example_dags/example_branch_day_of_week_operator.py took 0.270 seconds
[2022-06-12 22:04:06,352] {processor.py:163} INFO - Started process (PID=350) to work on /home/leizo/.local/lib/python3.8/site-packages/airflow/example_dags/example_branch_day_of_week_operator.py
[2022-06-12 22:04:06,356] {processor.py:642} INFO - Processing file /home/leizo/.local/lib/python3.8/site-packages/airflow/example_dags/example_branch_day_of_week_operator.py for tasks to queue
[2022-06-12 22:04:06,357] {logging_mixin.py:109} INFO - [2022-06-12 22:04:06,357] {dagbag.py:500} INFO - Filling up the DagBag from /home/leizo/.local/lib/python3.8/site-packages/airflow/example_dags/example_branch_day_of_week_operator.py
[2022-06-12 22:04:06,415] {processor.py:652} INFO - DAG(s) dict_keys(['example_weekday_branch_operator']) retrieved from /home/leizo/.local/lib/python3.8/site-packages/airflow/example_dags/example_branch_day_of_week_operator.py
[2022-06-12 22:04:06,472] {logging_mixin.py:109} INFO - [2022-06-12 22:04:06,472] {dag.py:2398} INFO - Sync 1 DAGs
[2022-06-12 22:04:06,552] {logging_mixin.py:109} INFO - [2022-06-12 22:04:06,552] {dag.py:2937} INFO - Setting next_dagrun for example_weekday_branch_operator to 2022-06-11 00:00:00+00:00
[2022-06-12 22:04:06,594] {processor.py:171} INFO - Processing /home/leizo/.local/lib/python3.8/site-packages/airflow/example_dags/example_branch_day_of_week_operator.py took 0.256 seconds
[2022-06-12 22:05:01,033] {processor.py:163} INFO - Started process (PID=386) to work on /home/leizo/.local/lib/python3.8/site-packages/airflow/example_dags/example_branch_day_of_week_operator.py
[2022-06-12 22:05:01,035] {processor.py:642} INFO - Processing file /home/leizo/.local/lib/python3.8/site-packages/airflow/example_dags/example_branch_day_of_week_operator.py for tasks to queue
[2022-06-12 22:05:01,037] {logging_mixin.py:109} INFO - [2022-06-12 22:05:01,036] {dagbag.py:500} INFO - Filling up the DagBag from /home/leizo/.local/lib/python3.8/site-packages/airflow/example_dags/example_branch_day_of_week_operator.py
[2022-06-12 22:05:01,084] {processor.py:652} INFO - DAG(s) dict_keys(['example_weekday_branch_operator']) retrieved from /home/leizo/.local/lib/python3.8/site-packages/airflow/example_dags/example_branch_day_of_week_operator.py
[2022-06-12 22:05:01,120] {logging_mixin.py:109} INFO - [2022-06-12 22:05:01,120] {dag.py:2398} INFO - Sync 1 DAGs
[2022-06-12 22:05:01,178] {logging_mixin.py:109} INFO - [2022-06-12 22:05:01,178] {dag.py:2937} INFO - Setting next_dagrun for example_weekday_branch_operator to 2022-06-11 00:00:00+00:00
[2022-06-12 22:05:01,209] {processor.py:171} INFO - Processing /home/leizo/.local/lib/python3.8/site-packages/airflow/example_dags/example_branch_day_of_week_operator.py took 0.190 seconds
[2022-06-12 22:05:41,687] {processor.py:163} INFO - Started process (PID=452) to work on /home/leizo/.local/lib/python3.8/site-packages/airflow/example_dags/example_branch_day_of_week_operator.py
[2022-06-12 22:05:41,690] {processor.py:642} INFO - Processing file /home/leizo/.local/lib/python3.8/site-packages/airflow/example_dags/example_branch_day_of_week_operator.py for tasks to queue
[2022-06-12 22:05:41,692] {logging_mixin.py:109} INFO - [2022-06-12 22:05:41,692] {dagbag.py:500} INFO - Filling up the DagBag from /home/leizo/.local/lib/python3.8/site-packages/airflow/example_dags/example_branch_day_of_week_operator.py
[2022-06-12 22:05:41,747] {processor.py:652} INFO - DAG(s) dict_keys(['example_weekday_branch_operator']) retrieved from /home/leizo/.local/lib/python3.8/site-packages/airflow/example_dags/example_branch_day_of_week_operator.py
[2022-06-12 22:05:41,781] {logging_mixin.py:109} INFO - [2022-06-12 22:05:41,781] {dag.py:2398} INFO - Sync 1 DAGs
[2022-06-12 22:05:41,827] {logging_mixin.py:109} INFO - [2022-06-12 22:05:41,827] {dag.py:2937} INFO - Setting next_dagrun for example_weekday_branch_operator to 2022-06-11 00:00:00+00:00
[2022-06-12 22:05:41,869] {processor.py:171} INFO - Processing /home/leizo/.local/lib/python3.8/site-packages/airflow/example_dags/example_branch_day_of_week_operator.py took 0.194 seconds
[2022-06-12 22:06:34,023] {processor.py:163} INFO - Started process (PID=618) to work on /home/leizo/.local/lib/python3.8/site-packages/airflow/example_dags/example_branch_day_of_week_operator.py
[2022-06-12 22:06:34,026] {processor.py:642} INFO - Processing file /home/leizo/.local/lib/python3.8/site-packages/airflow/example_dags/example_branch_day_of_week_operator.py for tasks to queue
[2022-06-12 22:06:34,027] {logging_mixin.py:109} INFO - [2022-06-12 22:06:34,027] {dagbag.py:500} INFO - Filling up the DagBag from /home/leizo/.local/lib/python3.8/site-packages/airflow/example_dags/example_branch_day_of_week_operator.py
[2022-06-12 22:06:34,062] {processor.py:652} INFO - DAG(s) dict_keys(['example_weekday_branch_operator']) retrieved from /home/leizo/.local/lib/python3.8/site-packages/airflow/example_dags/example_branch_day_of_week_operator.py
[2022-06-12 22:06:34,093] {logging_mixin.py:109} INFO - [2022-06-12 22:06:34,093] {dag.py:2398} INFO - Sync 1 DAGs
[2022-06-12 22:06:34,128] {logging_mixin.py:109} INFO - [2022-06-12 22:06:34,128] {dag.py:2937} INFO - Setting next_dagrun for example_weekday_branch_operator to 2022-06-11 00:00:00+00:00
[2022-06-12 22:06:34,153] {processor.py:171} INFO - Processing /home/leizo/.local/lib/python3.8/site-packages/airflow/example_dags/example_branch_day_of_week_operator.py took 0.135 seconds
[2022-06-12 22:07:14,380] {processor.py:163} INFO - Started process (PID=652) to work on /home/leizo/.local/lib/python3.8/site-packages/airflow/example_dags/example_branch_day_of_week_operator.py
[2022-06-12 22:07:14,382] {processor.py:642} INFO - Processing file /home/leizo/.local/lib/python3.8/site-packages/airflow/example_dags/example_branch_day_of_week_operator.py for tasks to queue
[2022-06-12 22:07:14,383] {logging_mixin.py:109} INFO - [2022-06-12 22:07:14,383] {dagbag.py:500} INFO - Filling up the DagBag from /home/leizo/.local/lib/python3.8/site-packages/airflow/example_dags/example_branch_day_of_week_operator.py
[2022-06-12 22:07:14,413] {processor.py:652} INFO - DAG(s) dict_keys(['example_weekday_branch_operator']) retrieved from /home/leizo/.local/lib/python3.8/site-packages/airflow/example_dags/example_branch_day_of_week_operator.py
[2022-06-12 22:07:14,431] {logging_mixin.py:109} INFO - [2022-06-12 22:07:14,431] {dag.py:2398} INFO - Sync 1 DAGs
[2022-06-12 22:07:14,455] {logging_mixin.py:109} INFO - [2022-06-12 22:07:14,455] {dag.py:2937} INFO - Setting next_dagrun for example_weekday_branch_operator to 2022-06-11 00:00:00+00:00
[2022-06-12 22:07:14,477] {processor.py:171} INFO - Processing /home/leizo/.local/lib/python3.8/site-packages/airflow/example_dags/example_branch_day_of_week_operator.py took 0.100 seconds
[2022-06-12 22:07:48,753] {processor.py:163} INFO - Started process (PID=684) to work on /home/leizo/.local/lib/python3.8/site-packages/airflow/example_dags/example_branch_day_of_week_operator.py
[2022-06-12 22:07:48,755] {processor.py:642} INFO - Processing file /home/leizo/.local/lib/python3.8/site-packages/airflow/example_dags/example_branch_day_of_week_operator.py for tasks to queue
[2022-06-12 22:07:48,755] {logging_mixin.py:109} INFO - [2022-06-12 22:07:48,755] {dagbag.py:500} INFO - Filling up the DagBag from /home/leizo/.local/lib/python3.8/site-packages/airflow/example_dags/example_branch_day_of_week_operator.py
[2022-06-12 22:07:48,775] {processor.py:652} INFO - DAG(s) dict_keys(['example_weekday_branch_operator']) retrieved from /home/leizo/.local/lib/python3.8/site-packages/airflow/example_dags/example_branch_day_of_week_operator.py
[2022-06-12 22:07:48,790] {logging_mixin.py:109} INFO - [2022-06-12 22:07:48,790] {dag.py:2398} INFO - Sync 1 DAGs
[2022-06-12 22:07:48,815] {logging_mixin.py:109} INFO - [2022-06-12 22:07:48,815] {dag.py:2937} INFO - Setting next_dagrun for example_weekday_branch_operator to 2022-06-11 00:00:00+00:00
[2022-06-12 22:07:48,830] {processor.py:171} INFO - Processing /home/leizo/.local/lib/python3.8/site-packages/airflow/example_dags/example_branch_day_of_week_operator.py took 0.080 seconds
[2022-06-12 22:08:23,896] {processor.py:163} INFO - Started process (PID=718) to work on /home/leizo/.local/lib/python3.8/site-packages/airflow/example_dags/example_branch_day_of_week_operator.py
[2022-06-12 22:08:23,897] {processor.py:642} INFO - Processing file /home/leizo/.local/lib/python3.8/site-packages/airflow/example_dags/example_branch_day_of_week_operator.py for tasks to queue
[2022-06-12 22:08:23,898] {logging_mixin.py:109} INFO - [2022-06-12 22:08:23,898] {dagbag.py:500} INFO - Filling up the DagBag from /home/leizo/.local/lib/python3.8/site-packages/airflow/example_dags/example_branch_day_of_week_operator.py
[2022-06-12 22:08:23,915] {processor.py:652} INFO - DAG(s) dict_keys(['example_weekday_branch_operator']) retrieved from /home/leizo/.local/lib/python3.8/site-packages/airflow/example_dags/example_branch_day_of_week_operator.py
[2022-06-12 22:08:23,932] {logging_mixin.py:109} INFO - [2022-06-12 22:08:23,932] {dag.py:2398} INFO - Sync 1 DAGs
[2022-06-12 22:08:23,953] {logging_mixin.py:109} INFO - [2022-06-12 22:08:23,953] {dag.py:2937} INFO - Setting next_dagrun for example_weekday_branch_operator to 2022-06-11 00:00:00+00:00
[2022-06-12 22:08:23,966] {processor.py:171} INFO - Processing /home/leizo/.local/lib/python3.8/site-packages/airflow/example_dags/example_branch_day_of_week_operator.py took 0.074 seconds
[2022-06-12 22:08:56,563] {processor.py:163} INFO - Started process (PID=749) to work on /home/leizo/.local/lib/python3.8/site-packages/airflow/example_dags/example_branch_day_of_week_operator.py
[2022-06-12 22:08:56,565] {processor.py:642} INFO - Processing file /home/leizo/.local/lib/python3.8/site-packages/airflow/example_dags/example_branch_day_of_week_operator.py for tasks to queue
[2022-06-12 22:08:56,566] {logging_mixin.py:109} INFO - [2022-06-12 22:08:56,566] {dagbag.py:500} INFO - Filling up the DagBag from /home/leizo/.local/lib/python3.8/site-packages/airflow/example_dags/example_branch_day_of_week_operator.py
[2022-06-12 22:08:56,600] {processor.py:652} INFO - DAG(s) dict_keys(['example_weekday_branch_operator']) retrieved from /home/leizo/.local/lib/python3.8/site-packages/airflow/example_dags/example_branch_day_of_week_operator.py
[2022-06-12 22:08:56,628] {logging_mixin.py:109} INFO - [2022-06-12 22:08:56,628] {dag.py:2398} INFO - Sync 1 DAGs
[2022-06-12 22:08:56,656] {logging_mixin.py:109} INFO - [2022-06-12 22:08:56,656] {dag.py:2937} INFO - Setting next_dagrun for example_weekday_branch_operator to 2022-06-11 00:00:00+00:00
[2022-06-12 22:08:56,679] {processor.py:171} INFO - Processing /home/leizo/.local/lib/python3.8/site-packages/airflow/example_dags/example_branch_day_of_week_operator.py took 0.121 seconds
[2022-06-12 22:09:33,967] {processor.py:163} INFO - Started process (PID=782) to work on /home/leizo/.local/lib/python3.8/site-packages/airflow/example_dags/example_branch_day_of_week_operator.py
[2022-06-12 22:09:33,969] {processor.py:642} INFO - Processing file /home/leizo/.local/lib/python3.8/site-packages/airflow/example_dags/example_branch_day_of_week_operator.py for tasks to queue
[2022-06-12 22:09:33,970] {logging_mixin.py:109} INFO - [2022-06-12 22:09:33,970] {dagbag.py:500} INFO - Filling up the DagBag from /home/leizo/.local/lib/python3.8/site-packages/airflow/example_dags/example_branch_day_of_week_operator.py
[2022-06-12 22:09:33,989] {processor.py:652} INFO - DAG(s) dict_keys(['example_weekday_branch_operator']) retrieved from /home/leizo/.local/lib/python3.8/site-packages/airflow/example_dags/example_branch_day_of_week_operator.py
[2022-06-12 22:09:34,004] {logging_mixin.py:109} INFO - [2022-06-12 22:09:34,004] {dag.py:2398} INFO - Sync 1 DAGs
[2022-06-12 22:09:34,027] {logging_mixin.py:109} INFO - [2022-06-12 22:09:34,027] {dag.py:2937} INFO - Setting next_dagrun for example_weekday_branch_operator to 2022-06-11 00:00:00+00:00
[2022-06-12 22:09:34,043] {processor.py:171} INFO - Processing /home/leizo/.local/lib/python3.8/site-packages/airflow/example_dags/example_branch_day_of_week_operator.py took 0.078 seconds
[2022-06-12 22:10:09,239] {processor.py:163} INFO - Started process (PID=815) to work on /home/leizo/.local/lib/python3.8/site-packages/airflow/example_dags/example_branch_day_of_week_operator.py
[2022-06-12 22:10:09,241] {processor.py:642} INFO - Processing file /home/leizo/.local/lib/python3.8/site-packages/airflow/example_dags/example_branch_day_of_week_operator.py for tasks to queue
[2022-06-12 22:10:09,241] {logging_mixin.py:109} INFO - [2022-06-12 22:10:09,241] {dagbag.py:500} INFO - Filling up the DagBag from /home/leizo/.local/lib/python3.8/site-packages/airflow/example_dags/example_branch_day_of_week_operator.py
[2022-06-12 22:10:09,258] {processor.py:652} INFO - DAG(s) dict_keys(['example_weekday_branch_operator']) retrieved from /home/leizo/.local/lib/python3.8/site-packages/airflow/example_dags/example_branch_day_of_week_operator.py
[2022-06-12 22:10:09,271] {logging_mixin.py:109} INFO - [2022-06-12 22:10:09,271] {dag.py:2398} INFO - Sync 1 DAGs
[2022-06-12 22:10:09,291] {logging_mixin.py:109} INFO - [2022-06-12 22:10:09,290] {dag.py:2937} INFO - Setting next_dagrun for example_weekday_branch_operator to 2022-06-11 00:00:00+00:00
[2022-06-12 22:10:09,308] {processor.py:171} INFO - Processing /home/leizo/.local/lib/python3.8/site-packages/airflow/example_dags/example_branch_day_of_week_operator.py took 0.072 seconds
[2022-06-12 22:10:57,732] {processor.py:163} INFO - Started process (PID=852) to work on /home/leizo/.local/lib/python3.8/site-packages/airflow/example_dags/example_branch_day_of_week_operator.py
[2022-06-12 22:10:57,738] {processor.py:642} INFO - Processing file /home/leizo/.local/lib/python3.8/site-packages/airflow/example_dags/example_branch_day_of_week_operator.py for tasks to queue
[2022-06-12 22:10:57,740] {logging_mixin.py:109} INFO - [2022-06-12 22:10:57,740] {dagbag.py:500} INFO - Filling up the DagBag from /home/leizo/.local/lib/python3.8/site-packages/airflow/example_dags/example_branch_day_of_week_operator.py
[2022-06-12 22:10:57,794] {processor.py:652} INFO - DAG(s) dict_keys(['example_weekday_branch_operator']) retrieved from /home/leizo/.local/lib/python3.8/site-packages/airflow/example_dags/example_branch_day_of_week_operator.py
[2022-06-12 22:10:57,838] {logging_mixin.py:109} INFO - [2022-06-12 22:10:57,838] {dag.py:2398} INFO - Sync 1 DAGs
[2022-06-12 22:10:57,876] {logging_mixin.py:109} INFO - [2022-06-12 22:10:57,876] {dag.py:2937} INFO - Setting next_dagrun for example_weekday_branch_operator to 2022-06-11 00:00:00+00:00
[2022-06-12 22:10:57,905] {processor.py:171} INFO - Processing /home/leizo/.local/lib/python3.8/site-packages/airflow/example_dags/example_branch_day_of_week_operator.py took 0.178 seconds
[2022-06-12 22:11:46,841] {processor.py:163} INFO - Started process (PID=888) to work on /home/leizo/.local/lib/python3.8/site-packages/airflow/example_dags/example_branch_day_of_week_operator.py
[2022-06-12 22:11:46,846] {processor.py:642} INFO - Processing file /home/leizo/.local/lib/python3.8/site-packages/airflow/example_dags/example_branch_day_of_week_operator.py for tasks to queue
[2022-06-12 22:11:46,849] {logging_mixin.py:109} INFO - [2022-06-12 22:11:46,849] {dagbag.py:500} INFO - Filling up the DagBag from /home/leizo/.local/lib/python3.8/site-packages/airflow/example_dags/example_branch_day_of_week_operator.py
[2022-06-12 22:11:46,896] {processor.py:652} INFO - DAG(s) dict_keys(['example_weekday_branch_operator']) retrieved from /home/leizo/.local/lib/python3.8/site-packages/airflow/example_dags/example_branch_day_of_week_operator.py
[2022-06-12 22:11:46,932] {logging_mixin.py:109} INFO - [2022-06-12 22:11:46,932] {dag.py:2398} INFO - Sync 1 DAGs
[2022-06-12 22:11:46,982] {logging_mixin.py:109} INFO - [2022-06-12 22:11:46,982] {dag.py:2937} INFO - Setting next_dagrun for example_weekday_branch_operator to 2022-06-11 00:00:00+00:00
[2022-06-12 22:11:47,006] {processor.py:171} INFO - Processing /home/leizo/.local/lib/python3.8/site-packages/airflow/example_dags/example_branch_day_of_week_operator.py took 0.171 seconds
[2022-06-12 22:12:28,057] {processor.py:163} INFO - Started process (PID=920) to work on /home/leizo/.local/lib/python3.8/site-packages/airflow/example_dags/example_branch_day_of_week_operator.py
[2022-06-12 22:12:28,058] {processor.py:642} INFO - Processing file /home/leizo/.local/lib/python3.8/site-packages/airflow/example_dags/example_branch_day_of_week_operator.py for tasks to queue
[2022-06-12 22:12:28,059] {logging_mixin.py:109} INFO - [2022-06-12 22:12:28,059] {dagbag.py:500} INFO - Filling up the DagBag from /home/leizo/.local/lib/python3.8/site-packages/airflow/example_dags/example_branch_day_of_week_operator.py
[2022-06-12 22:12:28,074] {processor.py:652} INFO - DAG(s) dict_keys(['example_weekday_branch_operator']) retrieved from /home/leizo/.local/lib/python3.8/site-packages/airflow/example_dags/example_branch_day_of_week_operator.py
[2022-06-12 22:12:28,089] {logging_mixin.py:109} INFO - [2022-06-12 22:12:28,088] {dag.py:2398} INFO - Sync 1 DAGs
[2022-06-12 22:12:28,114] {logging_mixin.py:109} INFO - [2022-06-12 22:12:28,114] {dag.py:2937} INFO - Setting next_dagrun for example_weekday_branch_operator to 2022-06-11 00:00:00+00:00
[2022-06-12 22:12:28,131] {processor.py:171} INFO - Processing /home/leizo/.local/lib/python3.8/site-packages/airflow/example_dags/example_branch_day_of_week_operator.py took 0.077 seconds
[2022-06-12 22:13:06,753] {processor.py:163} INFO - Started process (PID=954) to work on /home/leizo/.local/lib/python3.8/site-packages/airflow/example_dags/example_branch_day_of_week_operator.py
[2022-06-12 22:13:06,755] {processor.py:642} INFO - Processing file /home/leizo/.local/lib/python3.8/site-packages/airflow/example_dags/example_branch_day_of_week_operator.py for tasks to queue
[2022-06-12 22:13:06,756] {logging_mixin.py:109} INFO - [2022-06-12 22:13:06,756] {dagbag.py:500} INFO - Filling up the DagBag from /home/leizo/.local/lib/python3.8/site-packages/airflow/example_dags/example_branch_day_of_week_operator.py
[2022-06-12 22:13:06,781] {processor.py:652} INFO - DAG(s) dict_keys(['example_weekday_branch_operator']) retrieved from /home/leizo/.local/lib/python3.8/site-packages/airflow/example_dags/example_branch_day_of_week_operator.py
[2022-06-12 22:13:06,803] {logging_mixin.py:109} INFO - [2022-06-12 22:13:06,803] {dag.py:2398} INFO - Sync 1 DAGs
[2022-06-12 22:13:06,822] {logging_mixin.py:109} INFO - [2022-06-12 22:13:06,822] {dag.py:2937} INFO - Setting next_dagrun for example_weekday_branch_operator to 2022-06-11 00:00:00+00:00
[2022-06-12 22:13:06,839] {processor.py:171} INFO - Processing /home/leizo/.local/lib/python3.8/site-packages/airflow/example_dags/example_branch_day_of_week_operator.py took 0.089 seconds
[2022-06-12 22:13:41,452] {processor.py:163} INFO - Started process (PID=986) to work on /home/leizo/.local/lib/python3.8/site-packages/airflow/example_dags/example_branch_day_of_week_operator.py
[2022-06-12 22:13:41,454] {processor.py:642} INFO - Processing file /home/leizo/.local/lib/python3.8/site-packages/airflow/example_dags/example_branch_day_of_week_operator.py for tasks to queue
[2022-06-12 22:13:41,455] {logging_mixin.py:109} INFO - [2022-06-12 22:13:41,454] {dagbag.py:500} INFO - Filling up the DagBag from /home/leizo/.local/lib/python3.8/site-packages/airflow/example_dags/example_branch_day_of_week_operator.py
[2022-06-12 22:13:41,477] {processor.py:652} INFO - DAG(s) dict_keys(['example_weekday_branch_operator']) retrieved from /home/leizo/.local/lib/python3.8/site-packages/airflow/example_dags/example_branch_day_of_week_operator.py
[2022-06-12 22:13:41,493] {logging_mixin.py:109} INFO - [2022-06-12 22:13:41,493] {dag.py:2398} INFO - Sync 1 DAGs
[2022-06-12 22:13:41,513] {logging_mixin.py:109} INFO - [2022-06-12 22:13:41,512] {dag.py:2937} INFO - Setting next_dagrun for example_weekday_branch_operator to 2022-06-11 00:00:00+00:00
[2022-06-12 22:13:41,534] {processor.py:171} INFO - Processing /home/leizo/.local/lib/python3.8/site-packages/airflow/example_dags/example_branch_day_of_week_operator.py took 0.086 seconds
[2022-06-12 22:14:20,149] {processor.py:163} INFO - Started process (PID=1021) to work on /home/leizo/.local/lib/python3.8/site-packages/airflow/example_dags/example_branch_day_of_week_operator.py
[2022-06-12 22:14:20,151] {processor.py:642} INFO - Processing file /home/leizo/.local/lib/python3.8/site-packages/airflow/example_dags/example_branch_day_of_week_operator.py for tasks to queue
[2022-06-12 22:14:20,151] {logging_mixin.py:109} INFO - [2022-06-12 22:14:20,151] {dagbag.py:500} INFO - Filling up the DagBag from /home/leizo/.local/lib/python3.8/site-packages/airflow/example_dags/example_branch_day_of_week_operator.py
[2022-06-12 22:14:20,172] {processor.py:652} INFO - DAG(s) dict_keys(['example_weekday_branch_operator']) retrieved from /home/leizo/.local/lib/python3.8/site-packages/airflow/example_dags/example_branch_day_of_week_operator.py
[2022-06-12 22:14:20,196] {logging_mixin.py:109} INFO - [2022-06-12 22:14:20,196] {dag.py:2398} INFO - Sync 1 DAGs
[2022-06-12 22:14:20,217] {logging_mixin.py:109} INFO - [2022-06-12 22:14:20,217] {dag.py:2937} INFO - Setting next_dagrun for example_weekday_branch_operator to 2022-06-11 00:00:00+00:00
[2022-06-12 22:14:20,232] {processor.py:171} INFO - Processing /home/leizo/.local/lib/python3.8/site-packages/airflow/example_dags/example_branch_day_of_week_operator.py took 0.086 seconds
[2022-06-12 22:14:54,215] {processor.py:163} INFO - Started process (PID=1055) to work on /home/leizo/.local/lib/python3.8/site-packages/airflow/example_dags/example_branch_day_of_week_operator.py
[2022-06-12 22:14:54,216] {processor.py:642} INFO - Processing file /home/leizo/.local/lib/python3.8/site-packages/airflow/example_dags/example_branch_day_of_week_operator.py for tasks to queue
[2022-06-12 22:14:54,216] {logging_mixin.py:109} INFO - [2022-06-12 22:14:54,216] {dagbag.py:500} INFO - Filling up the DagBag from /home/leizo/.local/lib/python3.8/site-packages/airflow/example_dags/example_branch_day_of_week_operator.py
[2022-06-12 22:14:54,228] {processor.py:652} INFO - DAG(s) dict_keys(['example_weekday_branch_operator']) retrieved from /home/leizo/.local/lib/python3.8/site-packages/airflow/example_dags/example_branch_day_of_week_operator.py
[2022-06-12 22:14:54,240] {logging_mixin.py:109} INFO - [2022-06-12 22:14:54,240] {dag.py:2398} INFO - Sync 1 DAGs
[2022-06-12 22:14:54,259] {logging_mixin.py:109} INFO - [2022-06-12 22:14:54,259] {dag.py:2937} INFO - Setting next_dagrun for example_weekday_branch_operator to 2022-06-11 00:00:00+00:00
[2022-06-12 22:14:54,271] {processor.py:171} INFO - Processing /home/leizo/.local/lib/python3.8/site-packages/airflow/example_dags/example_branch_day_of_week_operator.py took 0.059 seconds
[2022-06-12 22:15:29,652] {processor.py:163} INFO - Started process (PID=1089) to work on /home/leizo/.local/lib/python3.8/site-packages/airflow/example_dags/example_branch_day_of_week_operator.py
[2022-06-12 22:15:29,654] {processor.py:642} INFO - Processing file /home/leizo/.local/lib/python3.8/site-packages/airflow/example_dags/example_branch_day_of_week_operator.py for tasks to queue
[2022-06-12 22:15:29,655] {logging_mixin.py:109} INFO - [2022-06-12 22:15:29,655] {dagbag.py:500} INFO - Filling up the DagBag from /home/leizo/.local/lib/python3.8/site-packages/airflow/example_dags/example_branch_day_of_week_operator.py
[2022-06-12 22:15:29,669] {processor.py:652} INFO - DAG(s) dict_keys(['example_weekday_branch_operator']) retrieved from /home/leizo/.local/lib/python3.8/site-packages/airflow/example_dags/example_branch_day_of_week_operator.py
[2022-06-12 22:15:29,679] {logging_mixin.py:109} INFO - [2022-06-12 22:15:29,679] {dag.py:2398} INFO - Sync 1 DAGs
[2022-06-12 22:15:29,691] {logging_mixin.py:109} INFO - [2022-06-12 22:15:29,691] {dag.py:2937} INFO - Setting next_dagrun for example_weekday_branch_operator to 2022-06-11 00:00:00+00:00
[2022-06-12 22:15:29,703] {processor.py:171} INFO - Processing /home/leizo/.local/lib/python3.8/site-packages/airflow/example_dags/example_branch_day_of_week_operator.py took 0.054 seconds
[2022-06-12 22:16:04,695] {processor.py:163} INFO - Started process (PID=1123) to work on /home/leizo/.local/lib/python3.8/site-packages/airflow/example_dags/example_branch_day_of_week_operator.py
[2022-06-12 22:16:04,697] {processor.py:642} INFO - Processing file /home/leizo/.local/lib/python3.8/site-packages/airflow/example_dags/example_branch_day_of_week_operator.py for tasks to queue
[2022-06-12 22:16:04,697] {logging_mixin.py:109} INFO - [2022-06-12 22:16:04,697] {dagbag.py:500} INFO - Filling up the DagBag from /home/leizo/.local/lib/python3.8/site-packages/airflow/example_dags/example_branch_day_of_week_operator.py
[2022-06-12 22:16:04,709] {processor.py:652} INFO - DAG(s) dict_keys(['example_weekday_branch_operator']) retrieved from /home/leizo/.local/lib/python3.8/site-packages/airflow/example_dags/example_branch_day_of_week_operator.py
[2022-06-12 22:16:04,719] {logging_mixin.py:109} INFO - [2022-06-12 22:16:04,718] {dag.py:2398} INFO - Sync 1 DAGs
[2022-06-12 22:16:04,731] {logging_mixin.py:109} INFO - [2022-06-12 22:16:04,731] {dag.py:2937} INFO - Setting next_dagrun for example_weekday_branch_operator to 2022-06-11 00:00:00+00:00
[2022-06-12 22:16:04,743] {processor.py:171} INFO - Processing /home/leizo/.local/lib/python3.8/site-packages/airflow/example_dags/example_branch_day_of_week_operator.py took 0.050 seconds
[2022-06-12 22:16:38,548] {processor.py:163} INFO - Started process (PID=1155) to work on /home/leizo/.local/lib/python3.8/site-packages/airflow/example_dags/example_branch_day_of_week_operator.py
[2022-06-12 22:16:38,549] {processor.py:642} INFO - Processing file /home/leizo/.local/lib/python3.8/site-packages/airflow/example_dags/example_branch_day_of_week_operator.py for tasks to queue
[2022-06-12 22:16:38,549] {logging_mixin.py:109} INFO - [2022-06-12 22:16:38,549] {dagbag.py:500} INFO - Filling up the DagBag from /home/leizo/.local/lib/python3.8/site-packages/airflow/example_dags/example_branch_day_of_week_operator.py
[2022-06-12 22:16:38,564] {processor.py:652} INFO - DAG(s) dict_keys(['example_weekday_branch_operator']) retrieved from /home/leizo/.local/lib/python3.8/site-packages/airflow/example_dags/example_branch_day_of_week_operator.py
[2022-06-12 22:16:38,575] {logging_mixin.py:109} INFO - [2022-06-12 22:16:38,575] {dag.py:2398} INFO - Sync 1 DAGs
[2022-06-12 22:16:38,586] {logging_mixin.py:109} INFO - [2022-06-12 22:16:38,586] {dag.py:2937} INFO - Setting next_dagrun for example_weekday_branch_operator to 2022-06-11 00:00:00+00:00
[2022-06-12 22:16:38,596] {processor.py:171} INFO - Processing /home/leizo/.local/lib/python3.8/site-packages/airflow/example_dags/example_branch_day_of_week_operator.py took 0.051 seconds
[2022-06-12 22:17:11,544] {processor.py:163} INFO - Started process (PID=1187) to work on /home/leizo/.local/lib/python3.8/site-packages/airflow/example_dags/example_branch_day_of_week_operator.py
[2022-06-12 22:17:11,546] {processor.py:642} INFO - Processing file /home/leizo/.local/lib/python3.8/site-packages/airflow/example_dags/example_branch_day_of_week_operator.py for tasks to queue
[2022-06-12 22:17:11,547] {logging_mixin.py:109} INFO - [2022-06-12 22:17:11,547] {dagbag.py:500} INFO - Filling up the DagBag from /home/leizo/.local/lib/python3.8/site-packages/airflow/example_dags/example_branch_day_of_week_operator.py
[2022-06-12 22:17:11,564] {processor.py:652} INFO - DAG(s) dict_keys(['example_weekday_branch_operator']) retrieved from /home/leizo/.local/lib/python3.8/site-packages/airflow/example_dags/example_branch_day_of_week_operator.py
[2022-06-12 22:17:11,576] {logging_mixin.py:109} INFO - [2022-06-12 22:17:11,576] {dag.py:2398} INFO - Sync 1 DAGs
[2022-06-12 22:17:11,588] {logging_mixin.py:109} INFO - [2022-06-12 22:17:11,587] {dag.py:2937} INFO - Setting next_dagrun for example_weekday_branch_operator to 2022-06-11 00:00:00+00:00
[2022-06-12 22:17:11,597] {processor.py:171} INFO - Processing /home/leizo/.local/lib/python3.8/site-packages/airflow/example_dags/example_branch_day_of_week_operator.py took 0.056 seconds
[2022-06-12 22:17:45,522] {processor.py:163} INFO - Started process (PID=1220) to work on /home/leizo/.local/lib/python3.8/site-packages/airflow/example_dags/example_branch_day_of_week_operator.py
[2022-06-12 22:17:45,524] {processor.py:642} INFO - Processing file /home/leizo/.local/lib/python3.8/site-packages/airflow/example_dags/example_branch_day_of_week_operator.py for tasks to queue
[2022-06-12 22:17:45,524] {logging_mixin.py:109} INFO - [2022-06-12 22:17:45,524] {dagbag.py:500} INFO - Filling up the DagBag from /home/leizo/.local/lib/python3.8/site-packages/airflow/example_dags/example_branch_day_of_week_operator.py
[2022-06-12 22:17:45,537] {processor.py:652} INFO - DAG(s) dict_keys(['example_weekday_branch_operator']) retrieved from /home/leizo/.local/lib/python3.8/site-packages/airflow/example_dags/example_branch_day_of_week_operator.py
[2022-06-12 22:17:45,547] {logging_mixin.py:109} INFO - [2022-06-12 22:17:45,547] {dag.py:2398} INFO - Sync 1 DAGs
[2022-06-12 22:17:45,557] {logging_mixin.py:109} INFO - [2022-06-12 22:17:45,557] {dag.py:2937} INFO - Setting next_dagrun for example_weekday_branch_operator to 2022-06-11 00:00:00+00:00
[2022-06-12 22:17:45,567] {processor.py:171} INFO - Processing /home/leizo/.local/lib/python3.8/site-packages/airflow/example_dags/example_branch_day_of_week_operator.py took 0.047 seconds
[2022-06-12 22:18:20,123] {processor.py:163} INFO - Started process (PID=1254) to work on /home/leizo/.local/lib/python3.8/site-packages/airflow/example_dags/example_branch_day_of_week_operator.py
[2022-06-12 22:18:20,124] {processor.py:642} INFO - Processing file /home/leizo/.local/lib/python3.8/site-packages/airflow/example_dags/example_branch_day_of_week_operator.py for tasks to queue
[2022-06-12 22:18:20,125] {logging_mixin.py:109} INFO - [2022-06-12 22:18:20,124] {dagbag.py:500} INFO - Filling up the DagBag from /home/leizo/.local/lib/python3.8/site-packages/airflow/example_dags/example_branch_day_of_week_operator.py
[2022-06-12 22:18:20,135] {processor.py:652} INFO - DAG(s) dict_keys(['example_weekday_branch_operator']) retrieved from /home/leizo/.local/lib/python3.8/site-packages/airflow/example_dags/example_branch_day_of_week_operator.py
[2022-06-12 22:18:20,147] {logging_mixin.py:109} INFO - [2022-06-12 22:18:20,147] {dag.py:2398} INFO - Sync 1 DAGs
[2022-06-12 22:18:20,161] {logging_mixin.py:109} INFO - [2022-06-12 22:18:20,161] {dag.py:2937} INFO - Setting next_dagrun for example_weekday_branch_operator to 2022-06-11 00:00:00+00:00
[2022-06-12 22:18:20,169] {processor.py:171} INFO - Processing /home/leizo/.local/lib/python3.8/site-packages/airflow/example_dags/example_branch_day_of_week_operator.py took 0.049 seconds
[2022-06-12 22:18:54,262] {processor.py:163} INFO - Started process (PID=1288) to work on /home/leizo/.local/lib/python3.8/site-packages/airflow/example_dags/example_branch_day_of_week_operator.py
[2022-06-12 22:18:54,264] {processor.py:642} INFO - Processing file /home/leizo/.local/lib/python3.8/site-packages/airflow/example_dags/example_branch_day_of_week_operator.py for tasks to queue
[2022-06-12 22:18:54,264] {logging_mixin.py:109} INFO - [2022-06-12 22:18:54,264] {dagbag.py:500} INFO - Filling up the DagBag from /home/leizo/.local/lib/python3.8/site-packages/airflow/example_dags/example_branch_day_of_week_operator.py
[2022-06-12 22:18:54,278] {processor.py:652} INFO - DAG(s) dict_keys(['example_weekday_branch_operator']) retrieved from /home/leizo/.local/lib/python3.8/site-packages/airflow/example_dags/example_branch_day_of_week_operator.py
[2022-06-12 22:18:54,291] {logging_mixin.py:109} INFO - [2022-06-12 22:18:54,291] {dag.py:2398} INFO - Sync 1 DAGs
[2022-06-12 22:18:54,301] {logging_mixin.py:109} INFO - [2022-06-12 22:18:54,301] {dag.py:2937} INFO - Setting next_dagrun for example_weekday_branch_operator to 2022-06-11 00:00:00+00:00
[2022-06-12 22:18:54,313] {processor.py:171} INFO - Processing /home/leizo/.local/lib/python3.8/site-packages/airflow/example_dags/example_branch_day_of_week_operator.py took 0.053 seconds
[2022-06-12 22:19:27,382] {processor.py:163} INFO - Started process (PID=1321) to work on /home/leizo/.local/lib/python3.8/site-packages/airflow/example_dags/example_branch_day_of_week_operator.py
[2022-06-12 22:19:27,383] {processor.py:642} INFO - Processing file /home/leizo/.local/lib/python3.8/site-packages/airflow/example_dags/example_branch_day_of_week_operator.py for tasks to queue
[2022-06-12 22:19:27,384] {logging_mixin.py:109} INFO - [2022-06-12 22:19:27,384] {dagbag.py:500} INFO - Filling up the DagBag from /home/leizo/.local/lib/python3.8/site-packages/airflow/example_dags/example_branch_day_of_week_operator.py
[2022-06-12 22:19:27,395] {processor.py:652} INFO - DAG(s) dict_keys(['example_weekday_branch_operator']) retrieved from /home/leizo/.local/lib/python3.8/site-packages/airflow/example_dags/example_branch_day_of_week_operator.py
[2022-06-12 22:19:27,405] {logging_mixin.py:109} INFO - [2022-06-12 22:19:27,405] {dag.py:2398} INFO - Sync 1 DAGs
[2022-06-12 22:19:27,418] {logging_mixin.py:109} INFO - [2022-06-12 22:19:27,417] {dag.py:2937} INFO - Setting next_dagrun for example_weekday_branch_operator to 2022-06-11 00:00:00+00:00
[2022-06-12 22:19:27,430] {processor.py:171} INFO - Processing /home/leizo/.local/lib/python3.8/site-packages/airflow/example_dags/example_branch_day_of_week_operator.py took 0.050 seconds
[2022-06-12 22:20:02,129] {processor.py:163} INFO - Started process (PID=1354) to work on /home/leizo/.local/lib/python3.8/site-packages/airflow/example_dags/example_branch_day_of_week_operator.py
[2022-06-12 22:20:02,131] {processor.py:642} INFO - Processing file /home/leizo/.local/lib/python3.8/site-packages/airflow/example_dags/example_branch_day_of_week_operator.py for tasks to queue
[2022-06-12 22:20:02,132] {logging_mixin.py:109} INFO - [2022-06-12 22:20:02,132] {dagbag.py:500} INFO - Filling up the DagBag from /home/leizo/.local/lib/python3.8/site-packages/airflow/example_dags/example_branch_day_of_week_operator.py
[2022-06-12 22:20:02,143] {processor.py:652} INFO - DAG(s) dict_keys(['example_weekday_branch_operator']) retrieved from /home/leizo/.local/lib/python3.8/site-packages/airflow/example_dags/example_branch_day_of_week_operator.py
[2022-06-12 22:20:02,154] {logging_mixin.py:109} INFO - [2022-06-12 22:20:02,154] {dag.py:2398} INFO - Sync 1 DAGs
[2022-06-12 22:20:02,168] {logging_mixin.py:109} INFO - [2022-06-12 22:20:02,168] {dag.py:2937} INFO - Setting next_dagrun for example_weekday_branch_operator to 2022-06-11 00:00:00+00:00
[2022-06-12 22:20:02,180] {processor.py:171} INFO - Processing /home/leizo/.local/lib/python3.8/site-packages/airflow/example_dags/example_branch_day_of_week_operator.py took 0.053 seconds
[2022-06-12 22:20:36,045] {processor.py:163} INFO - Started process (PID=1388) to work on /home/leizo/.local/lib/python3.8/site-packages/airflow/example_dags/example_branch_day_of_week_operator.py
[2022-06-12 22:20:36,046] {processor.py:642} INFO - Processing file /home/leizo/.local/lib/python3.8/site-packages/airflow/example_dags/example_branch_day_of_week_operator.py for tasks to queue
[2022-06-12 22:20:36,047] {logging_mixin.py:109} INFO - [2022-06-12 22:20:36,047] {dagbag.py:500} INFO - Filling up the DagBag from /home/leizo/.local/lib/python3.8/site-packages/airflow/example_dags/example_branch_day_of_week_operator.py
[2022-06-12 22:20:36,057] {processor.py:652} INFO - DAG(s) dict_keys(['example_weekday_branch_operator']) retrieved from /home/leizo/.local/lib/python3.8/site-packages/airflow/example_dags/example_branch_day_of_week_operator.py
[2022-06-12 22:20:36,067] {logging_mixin.py:109} INFO - [2022-06-12 22:20:36,067] {dag.py:2398} INFO - Sync 1 DAGs
[2022-06-12 22:20:36,086] {logging_mixin.py:109} INFO - [2022-06-12 22:20:36,086] {dag.py:2937} INFO - Setting next_dagrun for example_weekday_branch_operator to 2022-06-11 00:00:00+00:00
[2022-06-12 22:20:36,104] {processor.py:171} INFO - Processing /home/leizo/.local/lib/python3.8/site-packages/airflow/example_dags/example_branch_day_of_week_operator.py took 0.064 seconds
[2022-06-12 22:21:09,344] {processor.py:163} INFO - Started process (PID=1420) to work on /home/leizo/.local/lib/python3.8/site-packages/airflow/example_dags/example_branch_day_of_week_operator.py
[2022-06-12 22:21:09,346] {processor.py:642} INFO - Processing file /home/leizo/.local/lib/python3.8/site-packages/airflow/example_dags/example_branch_day_of_week_operator.py for tasks to queue
[2022-06-12 22:21:09,347] {logging_mixin.py:109} INFO - [2022-06-12 22:21:09,347] {dagbag.py:500} INFO - Filling up the DagBag from /home/leizo/.local/lib/python3.8/site-packages/airflow/example_dags/example_branch_day_of_week_operator.py
[2022-06-12 22:21:09,363] {processor.py:652} INFO - DAG(s) dict_keys(['example_weekday_branch_operator']) retrieved from /home/leizo/.local/lib/python3.8/site-packages/airflow/example_dags/example_branch_day_of_week_operator.py
[2022-06-12 22:21:09,374] {logging_mixin.py:109} INFO - [2022-06-12 22:21:09,374] {dag.py:2398} INFO - Sync 1 DAGs
[2022-06-12 22:21:09,383] {logging_mixin.py:109} INFO - [2022-06-12 22:21:09,383] {dag.py:2937} INFO - Setting next_dagrun for example_weekday_branch_operator to 2022-06-11 00:00:00+00:00
[2022-06-12 22:21:09,394] {processor.py:171} INFO - Processing /home/leizo/.local/lib/python3.8/site-packages/airflow/example_dags/example_branch_day_of_week_operator.py took 0.051 seconds
[2022-06-12 22:21:42,915] {processor.py:163} INFO - Started process (PID=1454) to work on /home/leizo/.local/lib/python3.8/site-packages/airflow/example_dags/example_branch_day_of_week_operator.py
[2022-06-12 22:21:42,917] {processor.py:642} INFO - Processing file /home/leizo/.local/lib/python3.8/site-packages/airflow/example_dags/example_branch_day_of_week_operator.py for tasks to queue
[2022-06-12 22:21:42,918] {logging_mixin.py:109} INFO - [2022-06-12 22:21:42,918] {dagbag.py:500} INFO - Filling up the DagBag from /home/leizo/.local/lib/python3.8/site-packages/airflow/example_dags/example_branch_day_of_week_operator.py
[2022-06-12 22:21:42,932] {processor.py:652} INFO - DAG(s) dict_keys(['example_weekday_branch_operator']) retrieved from /home/leizo/.local/lib/python3.8/site-packages/airflow/example_dags/example_branch_day_of_week_operator.py
[2022-06-12 22:21:42,944] {logging_mixin.py:109} INFO - [2022-06-12 22:21:42,943] {dag.py:2398} INFO - Sync 1 DAGs
[2022-06-12 22:21:42,959] {logging_mixin.py:109} INFO - [2022-06-12 22:21:42,958] {dag.py:2937} INFO - Setting next_dagrun for example_weekday_branch_operator to 2022-06-11 00:00:00+00:00
[2022-06-12 22:21:42,972] {processor.py:171} INFO - Processing /home/leizo/.local/lib/python3.8/site-packages/airflow/example_dags/example_branch_day_of_week_operator.py took 0.060 seconds
[2022-06-12 22:22:15,081] {processor.py:163} INFO - Started process (PID=1485) to work on /home/leizo/.local/lib/python3.8/site-packages/airflow/example_dags/example_branch_day_of_week_operator.py
[2022-06-12 22:22:15,082] {processor.py:642} INFO - Processing file /home/leizo/.local/lib/python3.8/site-packages/airflow/example_dags/example_branch_day_of_week_operator.py for tasks to queue
[2022-06-12 22:22:15,082] {logging_mixin.py:109} INFO - [2022-06-12 22:22:15,082] {dagbag.py:500} INFO - Filling up the DagBag from /home/leizo/.local/lib/python3.8/site-packages/airflow/example_dags/example_branch_day_of_week_operator.py
[2022-06-12 22:22:15,097] {processor.py:652} INFO - DAG(s) dict_keys(['example_weekday_branch_operator']) retrieved from /home/leizo/.local/lib/python3.8/site-packages/airflow/example_dags/example_branch_day_of_week_operator.py
[2022-06-12 22:22:15,108] {logging_mixin.py:109} INFO - [2022-06-12 22:22:15,108] {dag.py:2398} INFO - Sync 1 DAGs
[2022-06-12 22:22:15,120] {logging_mixin.py:109} INFO - [2022-06-12 22:22:15,120] {dag.py:2937} INFO - Setting next_dagrun for example_weekday_branch_operator to 2022-06-11 00:00:00+00:00
[2022-06-12 22:22:15,130] {processor.py:171} INFO - Processing /home/leizo/.local/lib/python3.8/site-packages/airflow/example_dags/example_branch_day_of_week_operator.py took 0.052 seconds
[2022-06-12 22:22:51,245] {processor.py:163} INFO - Started process (PID=1520) to work on /home/leizo/.local/lib/python3.8/site-packages/airflow/example_dags/example_branch_day_of_week_operator.py
[2022-06-12 22:22:51,247] {processor.py:642} INFO - Processing file /home/leizo/.local/lib/python3.8/site-packages/airflow/example_dags/example_branch_day_of_week_operator.py for tasks to queue
[2022-06-12 22:22:51,247] {logging_mixin.py:109} INFO - [2022-06-12 22:22:51,247] {dagbag.py:500} INFO - Filling up the DagBag from /home/leizo/.local/lib/python3.8/site-packages/airflow/example_dags/example_branch_day_of_week_operator.py
[2022-06-12 22:22:51,259] {processor.py:652} INFO - DAG(s) dict_keys(['example_weekday_branch_operator']) retrieved from /home/leizo/.local/lib/python3.8/site-packages/airflow/example_dags/example_branch_day_of_week_operator.py
[2022-06-12 22:22:51,268] {logging_mixin.py:109} INFO - [2022-06-12 22:22:51,268] {dag.py:2398} INFO - Sync 1 DAGs
[2022-06-12 22:22:51,280] {logging_mixin.py:109} INFO - [2022-06-12 22:22:51,280] {dag.py:2937} INFO - Setting next_dagrun for example_weekday_branch_operator to 2022-06-11 00:00:00+00:00
[2022-06-12 22:22:51,291] {processor.py:171} INFO - Processing /home/leizo/.local/lib/python3.8/site-packages/airflow/example_dags/example_branch_day_of_week_operator.py took 0.048 seconds
[2022-06-12 22:23:27,742] {processor.py:163} INFO - Started process (PID=1555) to work on /home/leizo/.local/lib/python3.8/site-packages/airflow/example_dags/example_branch_day_of_week_operator.py
[2022-06-12 22:23:27,744] {processor.py:642} INFO - Processing file /home/leizo/.local/lib/python3.8/site-packages/airflow/example_dags/example_branch_day_of_week_operator.py for tasks to queue
[2022-06-12 22:23:27,745] {logging_mixin.py:109} INFO - [2022-06-12 22:23:27,745] {dagbag.py:500} INFO - Filling up the DagBag from /home/leizo/.local/lib/python3.8/site-packages/airflow/example_dags/example_branch_day_of_week_operator.py
[2022-06-12 22:23:27,765] {processor.py:652} INFO - DAG(s) dict_keys(['example_weekday_branch_operator']) retrieved from /home/leizo/.local/lib/python3.8/site-packages/airflow/example_dags/example_branch_day_of_week_operator.py
[2022-06-12 22:23:27,779] {logging_mixin.py:109} INFO - [2022-06-12 22:23:27,778] {dag.py:2398} INFO - Sync 1 DAGs
[2022-06-12 22:23:27,795] {logging_mixin.py:109} INFO - [2022-06-12 22:23:27,794] {dag.py:2937} INFO - Setting next_dagrun for example_weekday_branch_operator to 2022-06-11 00:00:00+00:00
[2022-06-12 22:23:27,806] {processor.py:171} INFO - Processing /home/leizo/.local/lib/python3.8/site-packages/airflow/example_dags/example_branch_day_of_week_operator.py took 0.069 seconds
[2022-06-12 22:24:02,814] {processor.py:163} INFO - Started process (PID=1650) to work on /home/leizo/.local/lib/python3.8/site-packages/airflow/example_dags/example_branch_day_of_week_operator.py
[2022-06-12 22:24:02,818] {processor.py:642} INFO - Processing file /home/leizo/.local/lib/python3.8/site-packages/airflow/example_dags/example_branch_day_of_week_operator.py for tasks to queue
[2022-06-12 22:24:02,820] {logging_mixin.py:109} INFO - [2022-06-12 22:24:02,820] {dagbag.py:500} INFO - Filling up the DagBag from /home/leizo/.local/lib/python3.8/site-packages/airflow/example_dags/example_branch_day_of_week_operator.py
[2022-06-12 22:24:02,848] {processor.py:652} INFO - DAG(s) dict_keys(['example_weekday_branch_operator']) retrieved from /home/leizo/.local/lib/python3.8/site-packages/airflow/example_dags/example_branch_day_of_week_operator.py
[2022-06-12 22:24:02,869] {logging_mixin.py:109} INFO - [2022-06-12 22:24:02,869] {dag.py:2398} INFO - Sync 1 DAGs
[2022-06-12 22:24:02,892] {logging_mixin.py:109} INFO - [2022-06-12 22:24:02,892] {dag.py:2937} INFO - Setting next_dagrun for example_weekday_branch_operator to 2022-06-11 00:00:00+00:00
[2022-06-12 22:24:02,908] {processor.py:171} INFO - Processing /home/leizo/.local/lib/python3.8/site-packages/airflow/example_dags/example_branch_day_of_week_operator.py took 0.100 seconds
[2022-06-12 22:24:38,420] {processor.py:163} INFO - Started process (PID=1685) to work on /home/leizo/.local/lib/python3.8/site-packages/airflow/example_dags/example_branch_day_of_week_operator.py
[2022-06-12 22:24:38,422] {processor.py:642} INFO - Processing file /home/leizo/.local/lib/python3.8/site-packages/airflow/example_dags/example_branch_day_of_week_operator.py for tasks to queue
[2022-06-12 22:24:38,423] {logging_mixin.py:109} INFO - [2022-06-12 22:24:38,423] {dagbag.py:500} INFO - Filling up the DagBag from /home/leizo/.local/lib/python3.8/site-packages/airflow/example_dags/example_branch_day_of_week_operator.py
[2022-06-12 22:24:38,441] {processor.py:652} INFO - DAG(s) dict_keys(['example_weekday_branch_operator']) retrieved from /home/leizo/.local/lib/python3.8/site-packages/airflow/example_dags/example_branch_day_of_week_operator.py
[2022-06-12 22:24:38,454] {logging_mixin.py:109} INFO - [2022-06-12 22:24:38,454] {dag.py:2398} INFO - Sync 1 DAGs
[2022-06-12 22:24:38,467] {logging_mixin.py:109} INFO - [2022-06-12 22:24:38,467] {dag.py:2937} INFO - Setting next_dagrun for example_weekday_branch_operator to 2022-06-11 00:00:00+00:00
[2022-06-12 22:24:38,480] {processor.py:171} INFO - Processing /home/leizo/.local/lib/python3.8/site-packages/airflow/example_dags/example_branch_day_of_week_operator.py took 0.064 seconds
[2022-06-12 22:25:16,088] {processor.py:163} INFO - Started process (PID=1757) to work on /home/leizo/.local/lib/python3.8/site-packages/airflow/example_dags/example_branch_day_of_week_operator.py
[2022-06-12 22:25:16,090] {processor.py:642} INFO - Processing file /home/leizo/.local/lib/python3.8/site-packages/airflow/example_dags/example_branch_day_of_week_operator.py for tasks to queue
[2022-06-12 22:25:16,091] {logging_mixin.py:109} INFO - [2022-06-12 22:25:16,091] {dagbag.py:500} INFO - Filling up the DagBag from /home/leizo/.local/lib/python3.8/site-packages/airflow/example_dags/example_branch_day_of_week_operator.py
[2022-06-12 22:25:16,114] {processor.py:652} INFO - DAG(s) dict_keys(['example_weekday_branch_operator']) retrieved from /home/leizo/.local/lib/python3.8/site-packages/airflow/example_dags/example_branch_day_of_week_operator.py
[2022-06-12 22:25:16,132] {logging_mixin.py:109} INFO - [2022-06-12 22:25:16,132] {dag.py:2398} INFO - Sync 1 DAGs
[2022-06-12 22:25:16,153] {logging_mixin.py:109} INFO - [2022-06-12 22:25:16,152] {dag.py:2937} INFO - Setting next_dagrun for example_weekday_branch_operator to 2022-06-11 00:00:00+00:00
[2022-06-12 22:25:16,189] {processor.py:171} INFO - Processing /home/leizo/.local/lib/python3.8/site-packages/airflow/example_dags/example_branch_day_of_week_operator.py took 0.106 seconds
[2022-06-12 22:25:55,916] {processor.py:163} INFO - Started process (PID=1794) to work on /home/leizo/.local/lib/python3.8/site-packages/airflow/example_dags/example_branch_day_of_week_operator.py
[2022-06-12 22:25:55,920] {processor.py:642} INFO - Processing file /home/leizo/.local/lib/python3.8/site-packages/airflow/example_dags/example_branch_day_of_week_operator.py for tasks to queue
[2022-06-12 22:25:55,921] {logging_mixin.py:109} INFO - [2022-06-12 22:25:55,921] {dagbag.py:500} INFO - Filling up the DagBag from /home/leizo/.local/lib/python3.8/site-packages/airflow/example_dags/example_branch_day_of_week_operator.py
[2022-06-12 22:25:55,962] {processor.py:652} INFO - DAG(s) dict_keys(['example_weekday_branch_operator']) retrieved from /home/leizo/.local/lib/python3.8/site-packages/airflow/example_dags/example_branch_day_of_week_operator.py
[2022-06-12 22:25:55,991] {logging_mixin.py:109} INFO - [2022-06-12 22:25:55,991] {dag.py:2398} INFO - Sync 1 DAGs
[2022-06-12 22:25:56,023] {logging_mixin.py:109} INFO - [2022-06-12 22:25:56,023] {dag.py:2937} INFO - Setting next_dagrun for example_weekday_branch_operator to 2022-06-11 00:00:00+00:00
[2022-06-12 22:25:56,045] {processor.py:171} INFO - Processing /home/leizo/.local/lib/python3.8/site-packages/airflow/example_dags/example_branch_day_of_week_operator.py took 0.139 seconds
[2022-06-12 22:26:35,546] {processor.py:163} INFO - Started process (PID=1828) to work on /home/leizo/.local/lib/python3.8/site-packages/airflow/example_dags/example_branch_day_of_week_operator.py
[2022-06-12 22:26:35,549] {processor.py:642} INFO - Processing file /home/leizo/.local/lib/python3.8/site-packages/airflow/example_dags/example_branch_day_of_week_operator.py for tasks to queue
[2022-06-12 22:26:35,550] {logging_mixin.py:109} INFO - [2022-06-12 22:26:35,550] {dagbag.py:500} INFO - Filling up the DagBag from /home/leizo/.local/lib/python3.8/site-packages/airflow/example_dags/example_branch_day_of_week_operator.py
[2022-06-12 22:26:35,584] {processor.py:652} INFO - DAG(s) dict_keys(['example_weekday_branch_operator']) retrieved from /home/leizo/.local/lib/python3.8/site-packages/airflow/example_dags/example_branch_day_of_week_operator.py
[2022-06-12 22:26:35,623] {logging_mixin.py:109} INFO - [2022-06-12 22:26:35,622] {dag.py:2398} INFO - Sync 1 DAGs
[2022-06-12 22:26:35,646] {logging_mixin.py:109} INFO - [2022-06-12 22:26:35,646] {dag.py:2937} INFO - Setting next_dagrun for example_weekday_branch_operator to 2022-06-11 00:00:00+00:00
[2022-06-12 22:26:35,667] {processor.py:171} INFO - Processing /home/leizo/.local/lib/python3.8/site-packages/airflow/example_dags/example_branch_day_of_week_operator.py took 0.127 seconds
[2022-06-12 22:27:18,831] {processor.py:163} INFO - Started process (PID=1883) to work on /home/leizo/.local/lib/python3.8/site-packages/airflow/example_dags/example_branch_day_of_week_operator.py
[2022-06-12 22:27:18,834] {processor.py:642} INFO - Processing file /home/leizo/.local/lib/python3.8/site-packages/airflow/example_dags/example_branch_day_of_week_operator.py for tasks to queue
[2022-06-12 22:27:18,835] {logging_mixin.py:109} INFO - [2022-06-12 22:27:18,835] {dagbag.py:500} INFO - Filling up the DagBag from /home/leizo/.local/lib/python3.8/site-packages/airflow/example_dags/example_branch_day_of_week_operator.py
[2022-06-12 22:27:18,878] {processor.py:652} INFO - DAG(s) dict_keys(['example_weekday_branch_operator']) retrieved from /home/leizo/.local/lib/python3.8/site-packages/airflow/example_dags/example_branch_day_of_week_operator.py
[2022-06-12 22:27:18,907] {logging_mixin.py:109} INFO - [2022-06-12 22:27:18,907] {dag.py:2398} INFO - Sync 1 DAGs
[2022-06-12 22:27:18,946] {logging_mixin.py:109} INFO - [2022-06-12 22:27:18,946] {dag.py:2937} INFO - Setting next_dagrun for example_weekday_branch_operator to 2022-06-11 00:00:00+00:00
[2022-06-12 22:27:18,973] {processor.py:171} INFO - Processing /home/leizo/.local/lib/python3.8/site-packages/airflow/example_dags/example_branch_day_of_week_operator.py took 0.147 seconds
[2022-06-12 22:28:21,658] {processor.py:163} INFO - Started process (PID=1941) to work on /home/leizo/.local/lib/python3.8/site-packages/airflow/example_dags/example_branch_day_of_week_operator.py
[2022-06-12 22:28:21,660] {processor.py:642} INFO - Processing file /home/leizo/.local/lib/python3.8/site-packages/airflow/example_dags/example_branch_day_of_week_operator.py for tasks to queue
[2022-06-12 22:28:21,661] {logging_mixin.py:109} INFO - [2022-06-12 22:28:21,661] {dagbag.py:500} INFO - Filling up the DagBag from /home/leizo/.local/lib/python3.8/site-packages/airflow/example_dags/example_branch_day_of_week_operator.py
[2022-06-12 22:28:21,682] {processor.py:652} INFO - DAG(s) dict_keys(['example_weekday_branch_operator']) retrieved from /home/leizo/.local/lib/python3.8/site-packages/airflow/example_dags/example_branch_day_of_week_operator.py
[2022-06-12 22:28:21,701] {logging_mixin.py:109} INFO - [2022-06-12 22:28:21,701] {dag.py:2398} INFO - Sync 1 DAGs
[2022-06-12 22:28:21,720] {logging_mixin.py:109} INFO - [2022-06-12 22:28:21,720] {dag.py:2937} INFO - Setting next_dagrun for example_weekday_branch_operator to 2022-06-11 00:00:00+00:00
[2022-06-12 22:28:21,736] {processor.py:171} INFO - Processing /home/leizo/.local/lib/python3.8/site-packages/airflow/example_dags/example_branch_day_of_week_operator.py took 0.080 seconds
[2022-06-12 22:29:01,690] {processor.py:163} INFO - Started process (PID=2061) to work on /home/leizo/.local/lib/python3.8/site-packages/airflow/example_dags/example_branch_day_of_week_operator.py
[2022-06-12 22:29:01,693] {processor.py:642} INFO - Processing file /home/leizo/.local/lib/python3.8/site-packages/airflow/example_dags/example_branch_day_of_week_operator.py for tasks to queue
[2022-06-12 22:29:01,695] {logging_mixin.py:109} INFO - [2022-06-12 22:29:01,695] {dagbag.py:500} INFO - Filling up the DagBag from /home/leizo/.local/lib/python3.8/site-packages/airflow/example_dags/example_branch_day_of_week_operator.py
[2022-06-12 22:29:01,723] {processor.py:652} INFO - DAG(s) dict_keys(['example_weekday_branch_operator']) retrieved from /home/leizo/.local/lib/python3.8/site-packages/airflow/example_dags/example_branch_day_of_week_operator.py
[2022-06-12 22:29:01,742] {logging_mixin.py:109} INFO - [2022-06-12 22:29:01,742] {dag.py:2398} INFO - Sync 1 DAGs
[2022-06-12 22:29:01,759] {logging_mixin.py:109} INFO - [2022-06-12 22:29:01,759] {dag.py:2937} INFO - Setting next_dagrun for example_weekday_branch_operator to 2022-06-11 00:00:00+00:00
[2022-06-12 22:29:01,775] {processor.py:171} INFO - Processing /home/leizo/.local/lib/python3.8/site-packages/airflow/example_dags/example_branch_day_of_week_operator.py took 0.090 seconds
[2022-06-12 22:29:45,790] {processor.py:163} INFO - Started process (PID=2146) to work on /home/leizo/.local/lib/python3.8/site-packages/airflow/example_dags/example_branch_day_of_week_operator.py
[2022-06-12 22:29:45,794] {processor.py:642} INFO - Processing file /home/leizo/.local/lib/python3.8/site-packages/airflow/example_dags/example_branch_day_of_week_operator.py for tasks to queue
[2022-06-12 22:29:45,795] {logging_mixin.py:109} INFO - [2022-06-12 22:29:45,795] {dagbag.py:500} INFO - Filling up the DagBag from /home/leizo/.local/lib/python3.8/site-packages/airflow/example_dags/example_branch_day_of_week_operator.py
[2022-06-12 22:29:45,823] {processor.py:652} INFO - DAG(s) dict_keys(['example_weekday_branch_operator']) retrieved from /home/leizo/.local/lib/python3.8/site-packages/airflow/example_dags/example_branch_day_of_week_operator.py
[2022-06-12 22:29:45,843] {logging_mixin.py:109} INFO - [2022-06-12 22:29:45,843] {dag.py:2398} INFO - Sync 1 DAGs
[2022-06-12 22:29:45,856] {logging_mixin.py:109} INFO - [2022-06-12 22:29:45,856] {dag.py:2937} INFO - Setting next_dagrun for example_weekday_branch_operator to 2022-06-11 00:00:00+00:00
[2022-06-12 22:29:45,868] {processor.py:171} INFO - Processing /home/leizo/.local/lib/python3.8/site-packages/airflow/example_dags/example_branch_day_of_week_operator.py took 0.082 seconds
[2022-06-12 22:30:31,288] {processor.py:163} INFO - Started process (PID=2274) to work on /home/leizo/.local/lib/python3.8/site-packages/airflow/example_dags/example_branch_day_of_week_operator.py
[2022-06-12 22:30:31,290] {processor.py:642} INFO - Processing file /home/leizo/.local/lib/python3.8/site-packages/airflow/example_dags/example_branch_day_of_week_operator.py for tasks to queue
[2022-06-12 22:30:31,290] {logging_mixin.py:109} INFO - [2022-06-12 22:30:31,290] {dagbag.py:500} INFO - Filling up the DagBag from /home/leizo/.local/lib/python3.8/site-packages/airflow/example_dags/example_branch_day_of_week_operator.py
[2022-06-12 22:30:31,315] {processor.py:652} INFO - DAG(s) dict_keys(['example_weekday_branch_operator']) retrieved from /home/leizo/.local/lib/python3.8/site-packages/airflow/example_dags/example_branch_day_of_week_operator.py
[2022-06-12 22:30:31,331] {logging_mixin.py:109} INFO - [2022-06-12 22:30:31,331] {dag.py:2398} INFO - Sync 1 DAGs
[2022-06-12 22:30:31,344] {logging_mixin.py:109} INFO - [2022-06-12 22:30:31,343] {dag.py:2937} INFO - Setting next_dagrun for example_weekday_branch_operator to 2022-06-11 00:00:00+00:00
[2022-06-12 22:30:31,357] {processor.py:171} INFO - Processing /home/leizo/.local/lib/python3.8/site-packages/airflow/example_dags/example_branch_day_of_week_operator.py took 0.073 seconds
[2022-06-12 22:31:16,761] {processor.py:163} INFO - Started process (PID=2406) to work on /home/leizo/.local/lib/python3.8/site-packages/airflow/example_dags/example_branch_day_of_week_operator.py
[2022-06-12 22:31:16,763] {processor.py:642} INFO - Processing file /home/leizo/.local/lib/python3.8/site-packages/airflow/example_dags/example_branch_day_of_week_operator.py for tasks to queue
[2022-06-12 22:31:16,764] {logging_mixin.py:109} INFO - [2022-06-12 22:31:16,764] {dagbag.py:500} INFO - Filling up the DagBag from /home/leizo/.local/lib/python3.8/site-packages/airflow/example_dags/example_branch_day_of_week_operator.py
[2022-06-12 22:31:16,783] {processor.py:652} INFO - DAG(s) dict_keys(['example_weekday_branch_operator']) retrieved from /home/leizo/.local/lib/python3.8/site-packages/airflow/example_dags/example_branch_day_of_week_operator.py
[2022-06-12 22:31:16,795] {logging_mixin.py:109} INFO - [2022-06-12 22:31:16,795] {dag.py:2398} INFO - Sync 1 DAGs
[2022-06-12 22:31:16,809] {logging_mixin.py:109} INFO - [2022-06-12 22:31:16,809] {dag.py:2937} INFO - Setting next_dagrun for example_weekday_branch_operator to 2022-06-11 00:00:00+00:00
[2022-06-12 22:31:16,826] {processor.py:171} INFO - Processing /home/leizo/.local/lib/python3.8/site-packages/airflow/example_dags/example_branch_day_of_week_operator.py took 0.067 seconds
[2022-06-12 22:31:58,140] {processor.py:163} INFO - Started process (PID=2471) to work on /home/leizo/.local/lib/python3.8/site-packages/airflow/example_dags/example_branch_day_of_week_operator.py
[2022-06-12 22:31:58,141] {processor.py:642} INFO - Processing file /home/leizo/.local/lib/python3.8/site-packages/airflow/example_dags/example_branch_day_of_week_operator.py for tasks to queue
[2022-06-12 22:31:58,142] {logging_mixin.py:109} INFO - [2022-06-12 22:31:58,142] {dagbag.py:500} INFO - Filling up the DagBag from /home/leizo/.local/lib/python3.8/site-packages/airflow/example_dags/example_branch_day_of_week_operator.py
[2022-06-12 22:31:58,155] {processor.py:652} INFO - DAG(s) dict_keys(['example_weekday_branch_operator']) retrieved from /home/leizo/.local/lib/python3.8/site-packages/airflow/example_dags/example_branch_day_of_week_operator.py
[2022-06-12 22:31:58,167] {logging_mixin.py:109} INFO - [2022-06-12 22:31:58,167] {dag.py:2398} INFO - Sync 1 DAGs
[2022-06-12 22:31:58,183] {logging_mixin.py:109} INFO - [2022-06-12 22:31:58,183] {dag.py:2937} INFO - Setting next_dagrun for example_weekday_branch_operator to 2022-06-11 00:00:00+00:00
[2022-06-12 22:31:58,197] {processor.py:171} INFO - Processing /home/leizo/.local/lib/python3.8/site-packages/airflow/example_dags/example_branch_day_of_week_operator.py took 0.060 seconds
[2022-06-12 22:32:39,039] {processor.py:163} INFO - Started process (PID=2542) to work on /home/leizo/.local/lib/python3.8/site-packages/airflow/example_dags/example_branch_day_of_week_operator.py
[2022-06-12 22:32:39,041] {processor.py:642} INFO - Processing file /home/leizo/.local/lib/python3.8/site-packages/airflow/example_dags/example_branch_day_of_week_operator.py for tasks to queue
[2022-06-12 22:32:39,042] {logging_mixin.py:109} INFO - [2022-06-12 22:32:39,042] {dagbag.py:500} INFO - Filling up the DagBag from /home/leizo/.local/lib/python3.8/site-packages/airflow/example_dags/example_branch_day_of_week_operator.py
[2022-06-12 22:32:39,056] {processor.py:652} INFO - DAG(s) dict_keys(['example_weekday_branch_operator']) retrieved from /home/leizo/.local/lib/python3.8/site-packages/airflow/example_dags/example_branch_day_of_week_operator.py
[2022-06-12 22:32:39,066] {logging_mixin.py:109} INFO - [2022-06-12 22:32:39,066] {dag.py:2398} INFO - Sync 1 DAGs
[2022-06-12 22:32:39,076] {logging_mixin.py:109} INFO - [2022-06-12 22:32:39,076] {dag.py:2937} INFO - Setting next_dagrun for example_weekday_branch_operator to 2022-06-11 00:00:00+00:00
[2022-06-12 22:32:39,087] {processor.py:171} INFO - Processing /home/leizo/.local/lib/python3.8/site-packages/airflow/example_dags/example_branch_day_of_week_operator.py took 0.050 seconds
[2022-06-12 22:33:20,237] {processor.py:163} INFO - Started process (PID=2629) to work on /home/leizo/.local/lib/python3.8/site-packages/airflow/example_dags/example_branch_day_of_week_operator.py
[2022-06-12 22:33:20,239] {processor.py:642} INFO - Processing file /home/leizo/.local/lib/python3.8/site-packages/airflow/example_dags/example_branch_day_of_week_operator.py for tasks to queue
[2022-06-12 22:33:20,240] {logging_mixin.py:109} INFO - [2022-06-12 22:33:20,240] {dagbag.py:500} INFO - Filling up the DagBag from /home/leizo/.local/lib/python3.8/site-packages/airflow/example_dags/example_branch_day_of_week_operator.py
[2022-06-12 22:33:20,257] {processor.py:652} INFO - DAG(s) dict_keys(['example_weekday_branch_operator']) retrieved from /home/leizo/.local/lib/python3.8/site-packages/airflow/example_dags/example_branch_day_of_week_operator.py
[2022-06-12 22:33:20,270] {logging_mixin.py:109} INFO - [2022-06-12 22:33:20,270] {dag.py:2398} INFO - Sync 1 DAGs
[2022-06-12 22:33:20,284] {logging_mixin.py:109} INFO - [2022-06-12 22:33:20,284] {dag.py:2937} INFO - Setting next_dagrun for example_weekday_branch_operator to 2022-06-11 00:00:00+00:00
[2022-06-12 22:33:20,300] {processor.py:171} INFO - Processing /home/leizo/.local/lib/python3.8/site-packages/airflow/example_dags/example_branch_day_of_week_operator.py took 0.065 seconds
[2022-06-12 22:34:00,458] {processor.py:163} INFO - Started process (PID=2691) to work on /home/leizo/.local/lib/python3.8/site-packages/airflow/example_dags/example_branch_day_of_week_operator.py
[2022-06-12 22:34:00,460] {processor.py:642} INFO - Processing file /home/leizo/.local/lib/python3.8/site-packages/airflow/example_dags/example_branch_day_of_week_operator.py for tasks to queue
[2022-06-12 22:34:00,460] {logging_mixin.py:109} INFO - [2022-06-12 22:34:00,460] {dagbag.py:500} INFO - Filling up the DagBag from /home/leizo/.local/lib/python3.8/site-packages/airflow/example_dags/example_branch_day_of_week_operator.py
[2022-06-12 22:34:00,481] {processor.py:652} INFO - DAG(s) dict_keys(['example_weekday_branch_operator']) retrieved from /home/leizo/.local/lib/python3.8/site-packages/airflow/example_dags/example_branch_day_of_week_operator.py
[2022-06-12 22:34:00,494] {logging_mixin.py:109} INFO - [2022-06-12 22:34:00,493] {dag.py:2398} INFO - Sync 1 DAGs
[2022-06-12 22:34:00,508] {logging_mixin.py:109} INFO - [2022-06-12 22:34:00,508] {dag.py:2937} INFO - Setting next_dagrun for example_weekday_branch_operator to 2022-06-11 00:00:00+00:00
[2022-06-12 22:34:00,520] {processor.py:171} INFO - Processing /home/leizo/.local/lib/python3.8/site-packages/airflow/example_dags/example_branch_day_of_week_operator.py took 0.064 seconds
[2022-06-12 22:34:41,512] {processor.py:163} INFO - Started process (PID=2771) to work on /home/leizo/.local/lib/python3.8/site-packages/airflow/example_dags/example_branch_day_of_week_operator.py
[2022-06-12 22:34:41,514] {processor.py:642} INFO - Processing file /home/leizo/.local/lib/python3.8/site-packages/airflow/example_dags/example_branch_day_of_week_operator.py for tasks to queue
[2022-06-12 22:34:41,515] {logging_mixin.py:109} INFO - [2022-06-12 22:34:41,515] {dagbag.py:500} INFO - Filling up the DagBag from /home/leizo/.local/lib/python3.8/site-packages/airflow/example_dags/example_branch_day_of_week_operator.py
[2022-06-12 22:34:41,528] {processor.py:652} INFO - DAG(s) dict_keys(['example_weekday_branch_operator']) retrieved from /home/leizo/.local/lib/python3.8/site-packages/airflow/example_dags/example_branch_day_of_week_operator.py
[2022-06-12 22:34:41,542] {logging_mixin.py:109} INFO - [2022-06-12 22:34:41,542] {dag.py:2398} INFO - Sync 1 DAGs
[2022-06-12 22:34:41,557] {logging_mixin.py:109} INFO - [2022-06-12 22:34:41,557] {dag.py:2937} INFO - Setting next_dagrun for example_weekday_branch_operator to 2022-06-11 00:00:00+00:00
[2022-06-12 22:34:41,567] {processor.py:171} INFO - Processing /home/leizo/.local/lib/python3.8/site-packages/airflow/example_dags/example_branch_day_of_week_operator.py took 0.057 seconds
[2022-06-12 22:35:23,724] {processor.py:163} INFO - Started process (PID=2864) to work on /home/leizo/.local/lib/python3.8/site-packages/airflow/example_dags/example_branch_day_of_week_operator.py
[2022-06-12 22:35:23,726] {processor.py:642} INFO - Processing file /home/leizo/.local/lib/python3.8/site-packages/airflow/example_dags/example_branch_day_of_week_operator.py for tasks to queue
[2022-06-12 22:35:23,727] {logging_mixin.py:109} INFO - [2022-06-12 22:35:23,727] {dagbag.py:500} INFO - Filling up the DagBag from /home/leizo/.local/lib/python3.8/site-packages/airflow/example_dags/example_branch_day_of_week_operator.py
[2022-06-12 22:35:23,741] {processor.py:652} INFO - DAG(s) dict_keys(['example_weekday_branch_operator']) retrieved from /home/leizo/.local/lib/python3.8/site-packages/airflow/example_dags/example_branch_day_of_week_operator.py
[2022-06-12 22:35:23,755] {logging_mixin.py:109} INFO - [2022-06-12 22:35:23,755] {dag.py:2398} INFO - Sync 1 DAGs
[2022-06-12 22:35:23,766] {logging_mixin.py:109} INFO - [2022-06-12 22:35:23,766] {dag.py:2937} INFO - Setting next_dagrun for example_weekday_branch_operator to 2022-06-11 00:00:00+00:00
[2022-06-12 22:35:23,781] {processor.py:171} INFO - Processing /home/leizo/.local/lib/python3.8/site-packages/airflow/example_dags/example_branch_day_of_week_operator.py took 0.060 seconds
[2022-06-12 22:36:05,328] {processor.py:163} INFO - Started process (PID=2937) to work on /home/leizo/.local/lib/python3.8/site-packages/airflow/example_dags/example_branch_day_of_week_operator.py
[2022-06-12 22:36:05,331] {processor.py:642} INFO - Processing file /home/leizo/.local/lib/python3.8/site-packages/airflow/example_dags/example_branch_day_of_week_operator.py for tasks to queue
[2022-06-12 22:36:05,331] {logging_mixin.py:109} INFO - [2022-06-12 22:36:05,331] {dagbag.py:500} INFO - Filling up the DagBag from /home/leizo/.local/lib/python3.8/site-packages/airflow/example_dags/example_branch_day_of_week_operator.py
[2022-06-12 22:36:05,347] {processor.py:652} INFO - DAG(s) dict_keys(['example_weekday_branch_operator']) retrieved from /home/leizo/.local/lib/python3.8/site-packages/airflow/example_dags/example_branch_day_of_week_operator.py
[2022-06-12 22:36:05,356] {logging_mixin.py:109} INFO - [2022-06-12 22:36:05,356] {dag.py:2398} INFO - Sync 1 DAGs
[2022-06-12 22:36:05,368] {logging_mixin.py:109} INFO - [2022-06-12 22:36:05,368] {dag.py:2937} INFO - Setting next_dagrun for example_weekday_branch_operator to 2022-06-11 00:00:00+00:00
[2022-06-12 22:36:05,384] {processor.py:171} INFO - Processing /home/leizo/.local/lib/python3.8/site-packages/airflow/example_dags/example_branch_day_of_week_operator.py took 0.059 seconds
[2022-06-12 22:36:47,038] {processor.py:163} INFO - Started process (PID=3024) to work on /home/leizo/.local/lib/python3.8/site-packages/airflow/example_dags/example_branch_day_of_week_operator.py
[2022-06-12 22:36:47,041] {processor.py:642} INFO - Processing file /home/leizo/.local/lib/python3.8/site-packages/airflow/example_dags/example_branch_day_of_week_operator.py for tasks to queue
[2022-06-12 22:36:47,043] {logging_mixin.py:109} INFO - [2022-06-12 22:36:47,042] {dagbag.py:500} INFO - Filling up the DagBag from /home/leizo/.local/lib/python3.8/site-packages/airflow/example_dags/example_branch_day_of_week_operator.py
[2022-06-12 22:36:47,076] {processor.py:652} INFO - DAG(s) dict_keys(['example_weekday_branch_operator']) retrieved from /home/leizo/.local/lib/python3.8/site-packages/airflow/example_dags/example_branch_day_of_week_operator.py
[2022-06-12 22:36:47,096] {logging_mixin.py:109} INFO - [2022-06-12 22:36:47,096] {dag.py:2398} INFO - Sync 1 DAGs
[2022-06-12 22:36:47,109] {logging_mixin.py:109} INFO - [2022-06-12 22:36:47,109] {dag.py:2937} INFO - Setting next_dagrun for example_weekday_branch_operator to 2022-06-11 00:00:00+00:00
[2022-06-12 22:36:47,121] {processor.py:171} INFO - Processing /home/leizo/.local/lib/python3.8/site-packages/airflow/example_dags/example_branch_day_of_week_operator.py took 0.089 seconds
[2022-06-12 22:37:28,680] {processor.py:163} INFO - Started process (PID=3065) to work on /home/leizo/.local/lib/python3.8/site-packages/airflow/example_dags/example_branch_day_of_week_operator.py
[2022-06-12 22:37:28,683] {processor.py:642} INFO - Processing file /home/leizo/.local/lib/python3.8/site-packages/airflow/example_dags/example_branch_day_of_week_operator.py for tasks to queue
[2022-06-12 22:37:28,684] {logging_mixin.py:109} INFO - [2022-06-12 22:37:28,684] {dagbag.py:500} INFO - Filling up the DagBag from /home/leizo/.local/lib/python3.8/site-packages/airflow/example_dags/example_branch_day_of_week_operator.py
[2022-06-12 22:37:28,708] {processor.py:652} INFO - DAG(s) dict_keys(['example_weekday_branch_operator']) retrieved from /home/leizo/.local/lib/python3.8/site-packages/airflow/example_dags/example_branch_day_of_week_operator.py
[2022-06-12 22:37:28,722] {logging_mixin.py:109} INFO - [2022-06-12 22:37:28,721] {dag.py:2398} INFO - Sync 1 DAGs
[2022-06-12 22:37:28,743] {logging_mixin.py:109} INFO - [2022-06-12 22:37:28,743] {dag.py:2937} INFO - Setting next_dagrun for example_weekday_branch_operator to 2022-06-11 00:00:00+00:00
[2022-06-12 22:37:28,759] {processor.py:171} INFO - Processing /home/leizo/.local/lib/python3.8/site-packages/airflow/example_dags/example_branch_day_of_week_operator.py took 0.084 seconds
[2022-06-12 22:38:10,846] {processor.py:163} INFO - Started process (PID=3105) to work on /home/leizo/.local/lib/python3.8/site-packages/airflow/example_dags/example_branch_day_of_week_operator.py
[2022-06-12 22:38:10,850] {processor.py:642} INFO - Processing file /home/leizo/.local/lib/python3.8/site-packages/airflow/example_dags/example_branch_day_of_week_operator.py for tasks to queue
[2022-06-12 22:38:10,851] {logging_mixin.py:109} INFO - [2022-06-12 22:38:10,851] {dagbag.py:500} INFO - Filling up the DagBag from /home/leizo/.local/lib/python3.8/site-packages/airflow/example_dags/example_branch_day_of_week_operator.py
[2022-06-12 22:38:10,885] {processor.py:652} INFO - DAG(s) dict_keys(['example_weekday_branch_operator']) retrieved from /home/leizo/.local/lib/python3.8/site-packages/airflow/example_dags/example_branch_day_of_week_operator.py
[2022-06-12 22:38:10,903] {logging_mixin.py:109} INFO - [2022-06-12 22:38:10,903] {dag.py:2398} INFO - Sync 1 DAGs
[2022-06-12 22:38:10,919] {logging_mixin.py:109} INFO - [2022-06-12 22:38:10,919] {dag.py:2937} INFO - Setting next_dagrun for example_weekday_branch_operator to 2022-06-11 00:00:00+00:00
[2022-06-12 22:38:10,942] {processor.py:171} INFO - Processing /home/leizo/.local/lib/python3.8/site-packages/airflow/example_dags/example_branch_day_of_week_operator.py took 0.100 seconds
[2022-06-12 22:38:49,292] {processor.py:163} INFO - Started process (PID=3171) to work on /home/leizo/.local/lib/python3.8/site-packages/airflow/example_dags/example_branch_day_of_week_operator.py
[2022-06-12 22:38:49,295] {processor.py:642} INFO - Processing file /home/leizo/.local/lib/python3.8/site-packages/airflow/example_dags/example_branch_day_of_week_operator.py for tasks to queue
[2022-06-12 22:38:49,295] {logging_mixin.py:109} INFO - [2022-06-12 22:38:49,295] {dagbag.py:500} INFO - Filling up the DagBag from /home/leizo/.local/lib/python3.8/site-packages/airflow/example_dags/example_branch_day_of_week_operator.py
[2022-06-12 22:38:49,311] {processor.py:652} INFO - DAG(s) dict_keys(['example_weekday_branch_operator']) retrieved from /home/leizo/.local/lib/python3.8/site-packages/airflow/example_dags/example_branch_day_of_week_operator.py
[2022-06-12 22:38:49,322] {logging_mixin.py:109} INFO - [2022-06-12 22:38:49,322] {dag.py:2398} INFO - Sync 1 DAGs
[2022-06-12 22:38:49,336] {logging_mixin.py:109} INFO - [2022-06-12 22:38:49,336] {dag.py:2937} INFO - Setting next_dagrun for example_weekday_branch_operator to 2022-06-11 00:00:00+00:00
[2022-06-12 22:38:49,357] {processor.py:171} INFO - Processing /home/leizo/.local/lib/python3.8/site-packages/airflow/example_dags/example_branch_day_of_week_operator.py took 0.068 seconds
[2022-06-12 22:39:30,957] {processor.py:163} INFO - Started process (PID=3244) to work on /home/leizo/.local/lib/python3.8/site-packages/airflow/example_dags/example_branch_day_of_week_operator.py
[2022-06-12 22:39:30,961] {processor.py:642} INFO - Processing file /home/leizo/.local/lib/python3.8/site-packages/airflow/example_dags/example_branch_day_of_week_operator.py for tasks to queue
[2022-06-12 22:39:30,962] {logging_mixin.py:109} INFO - [2022-06-12 22:39:30,962] {dagbag.py:500} INFO - Filling up the DagBag from /home/leizo/.local/lib/python3.8/site-packages/airflow/example_dags/example_branch_day_of_week_operator.py
[2022-06-12 22:39:30,991] {processor.py:652} INFO - DAG(s) dict_keys(['example_weekday_branch_operator']) retrieved from /home/leizo/.local/lib/python3.8/site-packages/airflow/example_dags/example_branch_day_of_week_operator.py
[2022-06-12 22:39:31,010] {logging_mixin.py:109} INFO - [2022-06-12 22:39:31,010] {dag.py:2398} INFO - Sync 1 DAGs
[2022-06-12 22:39:31,030] {logging_mixin.py:109} INFO - [2022-06-12 22:39:31,030] {dag.py:2937} INFO - Setting next_dagrun for example_weekday_branch_operator to 2022-06-11 00:00:00+00:00
[2022-06-12 22:39:31,047] {processor.py:171} INFO - Processing /home/leizo/.local/lib/python3.8/site-packages/airflow/example_dags/example_branch_day_of_week_operator.py took 0.095 seconds
[2022-06-12 22:40:13,899] {processor.py:163} INFO - Started process (PID=3287) to work on /home/leizo/.local/lib/python3.8/site-packages/airflow/example_dags/example_branch_day_of_week_operator.py
[2022-06-12 22:40:13,902] {processor.py:642} INFO - Processing file /home/leizo/.local/lib/python3.8/site-packages/airflow/example_dags/example_branch_day_of_week_operator.py for tasks to queue
[2022-06-12 22:40:13,904] {logging_mixin.py:109} INFO - [2022-06-12 22:40:13,904] {dagbag.py:500} INFO - Filling up the DagBag from /home/leizo/.local/lib/python3.8/site-packages/airflow/example_dags/example_branch_day_of_week_operator.py
[2022-06-12 22:40:13,937] {processor.py:652} INFO - DAG(s) dict_keys(['example_weekday_branch_operator']) retrieved from /home/leizo/.local/lib/python3.8/site-packages/airflow/example_dags/example_branch_day_of_week_operator.py
[2022-06-12 22:40:13,949] {logging_mixin.py:109} INFO - [2022-06-12 22:40:13,949] {dag.py:2398} INFO - Sync 1 DAGs
[2022-06-12 22:40:13,972] {logging_mixin.py:109} INFO - [2022-06-12 22:40:13,972] {dag.py:2937} INFO - Setting next_dagrun for example_weekday_branch_operator to 2022-06-11 00:00:00+00:00
[2022-06-12 22:40:13,989] {processor.py:171} INFO - Processing /home/leizo/.local/lib/python3.8/site-packages/airflow/example_dags/example_branch_day_of_week_operator.py took 0.095 seconds
