[2022-06-12 21:59:34,654] {processor.py:163} INFO - Started process (PID=111) to work on /home/leizo/.local/lib/python3.8/site-packages/airflow/example_dags/example_task_group.py
[2022-06-12 21:59:34,657] {processor.py:642} INFO - Processing file /home/leizo/.local/lib/python3.8/site-packages/airflow/example_dags/example_task_group.py for tasks to queue
[2022-06-12 21:59:34,661] {logging_mixin.py:109} INFO - [2022-06-12 21:59:34,660] {dagbag.py:500} INFO - Filling up the DagBag from /home/leizo/.local/lib/python3.8/site-packages/airflow/example_dags/example_task_group.py
[2022-06-12 21:59:34,703] {processor.py:652} INFO - DAG(s) dict_keys(['example_task_group']) retrieved from /home/leizo/.local/lib/python3.8/site-packages/airflow/example_dags/example_task_group.py
[2022-06-12 21:59:34,746] {logging_mixin.py:109} INFO - [2022-06-12 21:59:34,746] {dag.py:2398} INFO - Sync 1 DAGs
[2022-06-12 21:59:34,794] {logging_mixin.py:109} INFO - [2022-06-12 21:59:34,793] {dag.py:2937} INFO - Setting next_dagrun for example_task_group to 2022-06-11T19:59:34.792936+00:00
[2022-06-12 21:59:34,832] {processor.py:171} INFO - Processing /home/leizo/.local/lib/python3.8/site-packages/airflow/example_dags/example_task_group.py took 0.183 seconds
[2022-06-12 22:00:22,905] {processor.py:163} INFO - Started process (PID=178) to work on /home/leizo/.local/lib/python3.8/site-packages/airflow/example_dags/example_task_group.py
[2022-06-12 22:00:22,907] {processor.py:642} INFO - Processing file /home/leizo/.local/lib/python3.8/site-packages/airflow/example_dags/example_task_group.py for tasks to queue
[2022-06-12 22:00:22,908] {logging_mixin.py:109} INFO - [2022-06-12 22:00:22,908] {dagbag.py:500} INFO - Filling up the DagBag from /home/leizo/.local/lib/python3.8/site-packages/airflow/example_dags/example_task_group.py
[2022-06-12 22:00:22,940] {processor.py:652} INFO - DAG(s) dict_keys(['example_task_group']) retrieved from /home/leizo/.local/lib/python3.8/site-packages/airflow/example_dags/example_task_group.py
[2022-06-12 22:00:22,978] {logging_mixin.py:109} INFO - [2022-06-12 22:00:22,978] {dag.py:2398} INFO - Sync 1 DAGs
[2022-06-12 22:00:23,012] {logging_mixin.py:109} INFO - [2022-06-12 22:00:23,012] {dag.py:2937} INFO - Setting next_dagrun for example_task_group to 2022-06-11T20:00:23.011137+00:00
[2022-06-12 22:00:23,065] {processor.py:171} INFO - Processing /home/leizo/.local/lib/python3.8/site-packages/airflow/example_dags/example_task_group.py took 0.166 seconds
[2022-06-12 22:01:10,928] {processor.py:163} INFO - Started process (PID=212) to work on /home/leizo/.local/lib/python3.8/site-packages/airflow/example_dags/example_task_group.py
[2022-06-12 22:01:10,931] {processor.py:642} INFO - Processing file /home/leizo/.local/lib/python3.8/site-packages/airflow/example_dags/example_task_group.py for tasks to queue
[2022-06-12 22:01:10,933] {logging_mixin.py:109} INFO - [2022-06-12 22:01:10,933] {dagbag.py:500} INFO - Filling up the DagBag from /home/leizo/.local/lib/python3.8/site-packages/airflow/example_dags/example_task_group.py
[2022-06-12 22:01:11,000] {processor.py:652} INFO - DAG(s) dict_keys(['example_task_group']) retrieved from /home/leizo/.local/lib/python3.8/site-packages/airflow/example_dags/example_task_group.py
[2022-06-12 22:01:11,075] {logging_mixin.py:109} INFO - [2022-06-12 22:01:11,074] {dag.py:2398} INFO - Sync 1 DAGs
[2022-06-12 22:01:11,167] {logging_mixin.py:109} INFO - [2022-06-12 22:01:11,167] {dag.py:2937} INFO - Setting next_dagrun for example_task_group to 2022-06-11T20:01:11.166046+00:00
[2022-06-12 22:01:11,274] {processor.py:171} INFO - Processing /home/leizo/.local/lib/python3.8/site-packages/airflow/example_dags/example_task_group.py took 0.351 seconds
[2022-06-12 22:01:48,538] {processor.py:163} INFO - Started process (PID=239) to work on /home/leizo/.local/lib/python3.8/site-packages/airflow/example_dags/example_task_group.py
[2022-06-12 22:01:48,540] {processor.py:642} INFO - Processing file /home/leizo/.local/lib/python3.8/site-packages/airflow/example_dags/example_task_group.py for tasks to queue
[2022-06-12 22:01:48,541] {logging_mixin.py:109} INFO - [2022-06-12 22:01:48,540] {dagbag.py:500} INFO - Filling up the DagBag from /home/leizo/.local/lib/python3.8/site-packages/airflow/example_dags/example_task_group.py
[2022-06-12 22:01:48,579] {processor.py:652} INFO - DAG(s) dict_keys(['example_task_group']) retrieved from /home/leizo/.local/lib/python3.8/site-packages/airflow/example_dags/example_task_group.py
[2022-06-12 22:01:48,600] {logging_mixin.py:109} INFO - [2022-06-12 22:01:48,600] {dag.py:2398} INFO - Sync 1 DAGs
[2022-06-12 22:01:48,633] {logging_mixin.py:109} INFO - [2022-06-12 22:01:48,633] {dag.py:2937} INFO - Setting next_dagrun for example_task_group to 2022-06-11T20:01:48.632331+00:00
[2022-06-12 22:01:48,658] {processor.py:171} INFO - Processing /home/leizo/.local/lib/python3.8/site-packages/airflow/example_dags/example_task_group.py took 0.124 seconds
[2022-06-12 22:02:31,707] {processor.py:163} INFO - Started process (PID=273) to work on /home/leizo/.local/lib/python3.8/site-packages/airflow/example_dags/example_task_group.py
[2022-06-12 22:02:31,711] {processor.py:642} INFO - Processing file /home/leizo/.local/lib/python3.8/site-packages/airflow/example_dags/example_task_group.py for tasks to queue
[2022-06-12 22:02:31,721] {logging_mixin.py:109} INFO - [2022-06-12 22:02:31,713] {dagbag.py:500} INFO - Filling up the DagBag from /home/leizo/.local/lib/python3.8/site-packages/airflow/example_dags/example_task_group.py
[2022-06-12 22:02:31,794] {processor.py:652} INFO - DAG(s) dict_keys(['example_task_group']) retrieved from /home/leizo/.local/lib/python3.8/site-packages/airflow/example_dags/example_task_group.py
[2022-06-12 22:02:31,861] {logging_mixin.py:109} INFO - [2022-06-12 22:02:31,861] {dag.py:2398} INFO - Sync 1 DAGs
[2022-06-12 22:02:31,927] {logging_mixin.py:109} INFO - [2022-06-12 22:02:31,927] {dag.py:2937} INFO - Setting next_dagrun for example_task_group to 2022-06-11T20:02:31.926855+00:00
[2022-06-12 22:02:31,977] {processor.py:171} INFO - Processing /home/leizo/.local/lib/python3.8/site-packages/airflow/example_dags/example_task_group.py took 0.284 seconds
[2022-06-12 22:03:14,750] {processor.py:163} INFO - Started process (PID=310) to work on /home/leizo/.local/lib/python3.8/site-packages/airflow/example_dags/example_task_group.py
[2022-06-12 22:03:14,751] {processor.py:642} INFO - Processing file /home/leizo/.local/lib/python3.8/site-packages/airflow/example_dags/example_task_group.py for tasks to queue
[2022-06-12 22:03:14,752] {logging_mixin.py:109} INFO - [2022-06-12 22:03:14,752] {dagbag.py:500} INFO - Filling up the DagBag from /home/leizo/.local/lib/python3.8/site-packages/airflow/example_dags/example_task_group.py
[2022-06-12 22:03:14,771] {processor.py:652} INFO - DAG(s) dict_keys(['example_task_group']) retrieved from /home/leizo/.local/lib/python3.8/site-packages/airflow/example_dags/example_task_group.py
[2022-06-12 22:03:14,792] {logging_mixin.py:109} INFO - [2022-06-12 22:03:14,792] {dag.py:2398} INFO - Sync 1 DAGs
[2022-06-12 22:03:14,811] {logging_mixin.py:109} INFO - [2022-06-12 22:03:14,810] {dag.py:2937} INFO - Setting next_dagrun for example_task_group to 2022-06-11T20:03:14.810624+00:00
[2022-06-12 22:03:14,826] {processor.py:171} INFO - Processing /home/leizo/.local/lib/python3.8/site-packages/airflow/example_dags/example_task_group.py took 0.079 seconds
[2022-06-12 22:03:58,248] {processor.py:163} INFO - Started process (PID=344) to work on /home/leizo/.local/lib/python3.8/site-packages/airflow/example_dags/example_task_group.py
[2022-06-12 22:03:58,252] {processor.py:642} INFO - Processing file /home/leizo/.local/lib/python3.8/site-packages/airflow/example_dags/example_task_group.py for tasks to queue
[2022-06-12 22:03:58,253] {logging_mixin.py:109} INFO - [2022-06-12 22:03:58,253] {dagbag.py:500} INFO - Filling up the DagBag from /home/leizo/.local/lib/python3.8/site-packages/airflow/example_dags/example_task_group.py
[2022-06-12 22:03:58,340] {processor.py:652} INFO - DAG(s) dict_keys(['example_task_group']) retrieved from /home/leizo/.local/lib/python3.8/site-packages/airflow/example_dags/example_task_group.py
[2022-06-12 22:03:58,404] {logging_mixin.py:109} INFO - [2022-06-12 22:03:58,404] {dag.py:2398} INFO - Sync 1 DAGs
[2022-06-12 22:03:58,467] {logging_mixin.py:109} INFO - [2022-06-12 22:03:58,465] {dag.py:2937} INFO - Setting next_dagrun for example_task_group to 2022-06-11T20:03:58.462548+00:00
[2022-06-12 22:03:58,513] {processor.py:171} INFO - Processing /home/leizo/.local/lib/python3.8/site-packages/airflow/example_dags/example_task_group.py took 0.280 seconds
[2022-06-12 22:04:40,897] {processor.py:163} INFO - Started process (PID=372) to work on /home/leizo/.local/lib/python3.8/site-packages/airflow/example_dags/example_task_group.py
[2022-06-12 22:04:40,901] {processor.py:642} INFO - Processing file /home/leizo/.local/lib/python3.8/site-packages/airflow/example_dags/example_task_group.py for tasks to queue
[2022-06-12 22:04:40,902] {logging_mixin.py:109} INFO - [2022-06-12 22:04:40,902] {dagbag.py:500} INFO - Filling up the DagBag from /home/leizo/.local/lib/python3.8/site-packages/airflow/example_dags/example_task_group.py
[2022-06-12 22:04:40,971] {processor.py:652} INFO - DAG(s) dict_keys(['example_task_group']) retrieved from /home/leizo/.local/lib/python3.8/site-packages/airflow/example_dags/example_task_group.py
[2022-06-12 22:04:41,047] {logging_mixin.py:109} INFO - [2022-06-12 22:04:41,046] {dag.py:2398} INFO - Sync 1 DAGs
[2022-06-12 22:04:41,138] {logging_mixin.py:109} INFO - [2022-06-12 22:04:41,137] {dag.py:2937} INFO - Setting next_dagrun for example_task_group to 2022-06-11T20:04:41.136210+00:00
[2022-06-12 22:04:41,207] {processor.py:171} INFO - Processing /home/leizo/.local/lib/python3.8/site-packages/airflow/example_dags/example_task_group.py took 0.316 seconds
[2022-06-12 22:05:22,991] {processor.py:163} INFO - Started process (PID=418) to work on /home/leizo/.local/lib/python3.8/site-packages/airflow/example_dags/example_task_group.py
[2022-06-12 22:05:22,994] {processor.py:642} INFO - Processing file /home/leizo/.local/lib/python3.8/site-packages/airflow/example_dags/example_task_group.py for tasks to queue
[2022-06-12 22:05:22,997] {logging_mixin.py:109} INFO - [2022-06-12 22:05:22,996] {dagbag.py:500} INFO - Filling up the DagBag from /home/leizo/.local/lib/python3.8/site-packages/airflow/example_dags/example_task_group.py
[2022-06-12 22:05:23,051] {processor.py:652} INFO - DAG(s) dict_keys(['example_task_group']) retrieved from /home/leizo/.local/lib/python3.8/site-packages/airflow/example_dags/example_task_group.py
[2022-06-12 22:05:23,097] {logging_mixin.py:109} INFO - [2022-06-12 22:05:23,097] {dag.py:2398} INFO - Sync 1 DAGs
[2022-06-12 22:05:23,141] {logging_mixin.py:109} INFO - [2022-06-12 22:05:23,140] {dag.py:2937} INFO - Setting next_dagrun for example_task_group to 2022-06-11T20:05:23.140021+00:00
[2022-06-12 22:05:23,177] {processor.py:171} INFO - Processing /home/leizo/.local/lib/python3.8/site-packages/airflow/example_dags/example_task_group.py took 0.194 seconds
[2022-06-12 22:06:13,377] {processor.py:163} INFO - Started process (PID=512) to work on /home/leizo/.local/lib/python3.8/site-packages/airflow/example_dags/example_task_group.py
[2022-06-12 22:06:13,380] {processor.py:642} INFO - Processing file /home/leizo/.local/lib/python3.8/site-packages/airflow/example_dags/example_task_group.py for tasks to queue
[2022-06-12 22:06:13,382] {logging_mixin.py:109} INFO - [2022-06-12 22:06:13,382] {dagbag.py:500} INFO - Filling up the DagBag from /home/leizo/.local/lib/python3.8/site-packages/airflow/example_dags/example_task_group.py
[2022-06-12 22:06:13,468] {processor.py:652} INFO - DAG(s) dict_keys(['example_task_group']) retrieved from /home/leizo/.local/lib/python3.8/site-packages/airflow/example_dags/example_task_group.py
[2022-06-12 22:06:13,555] {logging_mixin.py:109} INFO - [2022-06-12 22:06:13,554] {dag.py:2398} INFO - Sync 1 DAGs
[2022-06-12 22:06:13,679] {logging_mixin.py:109} INFO - [2022-06-12 22:06:13,669] {dag.py:2937} INFO - Setting next_dagrun for example_task_group to 2022-06-11T20:06:13.669217+00:00
[2022-06-12 22:06:13,735] {processor.py:171} INFO - Processing /home/leizo/.local/lib/python3.8/site-packages/airflow/example_dags/example_task_group.py took 0.369 seconds
[2022-06-12 22:06:59,973] {processor.py:163} INFO - Started process (PID=639) to work on /home/leizo/.local/lib/python3.8/site-packages/airflow/example_dags/example_task_group.py
[2022-06-12 22:06:59,974] {processor.py:642} INFO - Processing file /home/leizo/.local/lib/python3.8/site-packages/airflow/example_dags/example_task_group.py for tasks to queue
[2022-06-12 22:06:59,975] {logging_mixin.py:109} INFO - [2022-06-12 22:06:59,975] {dagbag.py:500} INFO - Filling up the DagBag from /home/leizo/.local/lib/python3.8/site-packages/airflow/example_dags/example_task_group.py
[2022-06-12 22:06:59,993] {processor.py:652} INFO - DAG(s) dict_keys(['example_task_group']) retrieved from /home/leizo/.local/lib/python3.8/site-packages/airflow/example_dags/example_task_group.py
[2022-06-12 22:07:00,013] {logging_mixin.py:109} INFO - [2022-06-12 22:07:00,013] {dag.py:2398} INFO - Sync 1 DAGs
[2022-06-12 22:07:00,035] {logging_mixin.py:109} INFO - [2022-06-12 22:07:00,034] {dag.py:2937} INFO - Setting next_dagrun for example_task_group to 2022-06-11T20:07:00.034476+00:00
[2022-06-12 22:07:00,050] {processor.py:171} INFO - Processing /home/leizo/.local/lib/python3.8/site-packages/airflow/example_dags/example_task_group.py took 0.079 seconds
[2022-06-12 22:07:37,993] {processor.py:163} INFO - Started process (PID=673) to work on /home/leizo/.local/lib/python3.8/site-packages/airflow/example_dags/example_task_group.py
[2022-06-12 22:07:37,995] {processor.py:642} INFO - Processing file /home/leizo/.local/lib/python3.8/site-packages/airflow/example_dags/example_task_group.py for tasks to queue
[2022-06-12 22:07:37,996] {logging_mixin.py:109} INFO - [2022-06-12 22:07:37,995] {dagbag.py:500} INFO - Filling up the DagBag from /home/leizo/.local/lib/python3.8/site-packages/airflow/example_dags/example_task_group.py
[2022-06-12 22:07:38,017] {processor.py:652} INFO - DAG(s) dict_keys(['example_task_group']) retrieved from /home/leizo/.local/lib/python3.8/site-packages/airflow/example_dags/example_task_group.py
[2022-06-12 22:07:38,030] {logging_mixin.py:109} INFO - [2022-06-12 22:07:38,030] {dag.py:2398} INFO - Sync 1 DAGs
[2022-06-12 22:07:38,045] {logging_mixin.py:109} INFO - [2022-06-12 22:07:38,045] {dag.py:2937} INFO - Setting next_dagrun for example_task_group to 2022-06-11T20:07:38.045381+00:00
[2022-06-12 22:07:38,060] {processor.py:171} INFO - Processing /home/leizo/.local/lib/python3.8/site-packages/airflow/example_dags/example_task_group.py took 0.070 seconds
[2022-06-12 22:08:11,346] {processor.py:163} INFO - Started process (PID=706) to work on /home/leizo/.local/lib/python3.8/site-packages/airflow/example_dags/example_task_group.py
[2022-06-12 22:08:11,348] {processor.py:642} INFO - Processing file /home/leizo/.local/lib/python3.8/site-packages/airflow/example_dags/example_task_group.py for tasks to queue
[2022-06-12 22:08:11,348] {logging_mixin.py:109} INFO - [2022-06-12 22:08:11,348] {dagbag.py:500} INFO - Filling up the DagBag from /home/leizo/.local/lib/python3.8/site-packages/airflow/example_dags/example_task_group.py
[2022-06-12 22:08:11,366] {processor.py:652} INFO - DAG(s) dict_keys(['example_task_group']) retrieved from /home/leizo/.local/lib/python3.8/site-packages/airflow/example_dags/example_task_group.py
[2022-06-12 22:08:11,381] {logging_mixin.py:109} INFO - [2022-06-12 22:08:11,381] {dag.py:2398} INFO - Sync 1 DAGs
[2022-06-12 22:08:11,398] {logging_mixin.py:109} INFO - [2022-06-12 22:08:11,398] {dag.py:2937} INFO - Setting next_dagrun for example_task_group to 2022-06-11T20:08:11.398291+00:00
[2022-06-12 22:08:11,415] {processor.py:171} INFO - Processing /home/leizo/.local/lib/python3.8/site-packages/airflow/example_dags/example_task_group.py took 0.073 seconds
[2022-06-12 22:08:49,687] {processor.py:163} INFO - Started process (PID=742) to work on /home/leizo/.local/lib/python3.8/site-packages/airflow/example_dags/example_task_group.py
[2022-06-12 22:08:49,689] {processor.py:642} INFO - Processing file /home/leizo/.local/lib/python3.8/site-packages/airflow/example_dags/example_task_group.py for tasks to queue
[2022-06-12 22:08:49,689] {logging_mixin.py:109} INFO - [2022-06-12 22:08:49,689] {dagbag.py:500} INFO - Filling up the DagBag from /home/leizo/.local/lib/python3.8/site-packages/airflow/example_dags/example_task_group.py
[2022-06-12 22:08:49,703] {processor.py:652} INFO - DAG(s) dict_keys(['example_task_group']) retrieved from /home/leizo/.local/lib/python3.8/site-packages/airflow/example_dags/example_task_group.py
[2022-06-12 22:08:49,715] {logging_mixin.py:109} INFO - [2022-06-12 22:08:49,714] {dag.py:2398} INFO - Sync 1 DAGs
[2022-06-12 22:08:49,726] {logging_mixin.py:109} INFO - [2022-06-12 22:08:49,726] {dag.py:2937} INFO - Setting next_dagrun for example_task_group to 2022-06-11T20:08:49.726557+00:00
[2022-06-12 22:08:49,741] {processor.py:171} INFO - Processing /home/leizo/.local/lib/python3.8/site-packages/airflow/example_dags/example_task_group.py took 0.057 seconds
[2022-06-12 22:09:25,998] {processor.py:163} INFO - Started process (PID=775) to work on /home/leizo/.local/lib/python3.8/site-packages/airflow/example_dags/example_task_group.py
[2022-06-12 22:09:25,999] {processor.py:642} INFO - Processing file /home/leizo/.local/lib/python3.8/site-packages/airflow/example_dags/example_task_group.py for tasks to queue
[2022-06-12 22:09:26,000] {logging_mixin.py:109} INFO - [2022-06-12 22:09:26,000] {dagbag.py:500} INFO - Filling up the DagBag from /home/leizo/.local/lib/python3.8/site-packages/airflow/example_dags/example_task_group.py
[2022-06-12 22:09:26,030] {processor.py:652} INFO - DAG(s) dict_keys(['example_task_group']) retrieved from /home/leizo/.local/lib/python3.8/site-packages/airflow/example_dags/example_task_group.py
[2022-06-12 22:09:26,051] {logging_mixin.py:109} INFO - [2022-06-12 22:09:26,051] {dag.py:2398} INFO - Sync 1 DAGs
[2022-06-12 22:09:26,071] {logging_mixin.py:109} INFO - [2022-06-12 22:09:26,071] {dag.py:2937} INFO - Setting next_dagrun for example_task_group to 2022-06-11T20:09:26.070762+00:00
[2022-06-12 22:09:26,091] {processor.py:171} INFO - Processing /home/leizo/.local/lib/python3.8/site-packages/airflow/example_dags/example_task_group.py took 0.097 seconds
[2022-06-12 22:09:58,917] {processor.py:163} INFO - Started process (PID=805) to work on /home/leizo/.local/lib/python3.8/site-packages/airflow/example_dags/example_task_group.py
[2022-06-12 22:09:58,919] {processor.py:642} INFO - Processing file /home/leizo/.local/lib/python3.8/site-packages/airflow/example_dags/example_task_group.py for tasks to queue
[2022-06-12 22:09:58,920] {logging_mixin.py:109} INFO - [2022-06-12 22:09:58,920] {dagbag.py:500} INFO - Filling up the DagBag from /home/leizo/.local/lib/python3.8/site-packages/airflow/example_dags/example_task_group.py
[2022-06-12 22:09:58,944] {processor.py:652} INFO - DAG(s) dict_keys(['example_task_group']) retrieved from /home/leizo/.local/lib/python3.8/site-packages/airflow/example_dags/example_task_group.py
[2022-06-12 22:09:58,968] {logging_mixin.py:109} INFO - [2022-06-12 22:09:58,968] {dag.py:2398} INFO - Sync 1 DAGs
[2022-06-12 22:09:58,985] {logging_mixin.py:109} INFO - [2022-06-12 22:09:58,985] {dag.py:2937} INFO - Setting next_dagrun for example_task_group to 2022-06-11T20:09:58.984746+00:00
[2022-06-12 22:09:58,999] {processor.py:171} INFO - Processing /home/leizo/.local/lib/python3.8/site-packages/airflow/example_dags/example_task_group.py took 0.085 seconds
[2022-06-12 22:10:39,812] {processor.py:163} INFO - Started process (PID=839) to work on /home/leizo/.local/lib/python3.8/site-packages/airflow/example_dags/example_task_group.py
[2022-06-12 22:10:39,815] {processor.py:642} INFO - Processing file /home/leizo/.local/lib/python3.8/site-packages/airflow/example_dags/example_task_group.py for tasks to queue
[2022-06-12 22:10:39,816] {logging_mixin.py:109} INFO - [2022-06-12 22:10:39,816] {dagbag.py:500} INFO - Filling up the DagBag from /home/leizo/.local/lib/python3.8/site-packages/airflow/example_dags/example_task_group.py
[2022-06-12 22:10:39,871] {processor.py:652} INFO - DAG(s) dict_keys(['example_task_group']) retrieved from /home/leizo/.local/lib/python3.8/site-packages/airflow/example_dags/example_task_group.py
[2022-06-12 22:10:39,914] {logging_mixin.py:109} INFO - [2022-06-12 22:10:39,914] {dag.py:2398} INFO - Sync 1 DAGs
[2022-06-12 22:10:39,957] {logging_mixin.py:109} INFO - [2022-06-12 22:10:39,957] {dag.py:2937} INFO - Setting next_dagrun for example_task_group to 2022-06-11T20:10:39.956464+00:00
[2022-06-12 22:10:39,987] {processor.py:171} INFO - Processing /home/leizo/.local/lib/python3.8/site-packages/airflow/example_dags/example_task_group.py took 0.180 seconds
[2022-06-12 22:11:32,064] {processor.py:163} INFO - Started process (PID=876) to work on /home/leizo/.local/lib/python3.8/site-packages/airflow/example_dags/example_task_group.py
[2022-06-12 22:11:32,067] {processor.py:642} INFO - Processing file /home/leizo/.local/lib/python3.8/site-packages/airflow/example_dags/example_task_group.py for tasks to queue
[2022-06-12 22:11:32,068] {logging_mixin.py:109} INFO - [2022-06-12 22:11:32,068] {dagbag.py:500} INFO - Filling up the DagBag from /home/leizo/.local/lib/python3.8/site-packages/airflow/example_dags/example_task_group.py
[2022-06-12 22:11:32,118] {processor.py:652} INFO - DAG(s) dict_keys(['example_task_group']) retrieved from /home/leizo/.local/lib/python3.8/site-packages/airflow/example_dags/example_task_group.py
[2022-06-12 22:11:32,171] {logging_mixin.py:109} INFO - [2022-06-12 22:11:32,171] {dag.py:2398} INFO - Sync 1 DAGs
[2022-06-12 22:11:32,219] {logging_mixin.py:109} INFO - [2022-06-12 22:11:32,219] {dag.py:2937} INFO - Setting next_dagrun for example_task_group to 2022-06-11T20:11:32.219036+00:00
[2022-06-12 22:11:32,255] {processor.py:171} INFO - Processing /home/leizo/.local/lib/python3.8/site-packages/airflow/example_dags/example_task_group.py took 0.195 seconds
[2022-06-12 22:12:14,935] {processor.py:163} INFO - Started process (PID=910) to work on /home/leizo/.local/lib/python3.8/site-packages/airflow/example_dags/example_task_group.py
[2022-06-12 22:12:14,938] {processor.py:642} INFO - Processing file /home/leizo/.local/lib/python3.8/site-packages/airflow/example_dags/example_task_group.py for tasks to queue
[2022-06-12 22:12:14,939] {logging_mixin.py:109} INFO - [2022-06-12 22:12:14,939] {dagbag.py:500} INFO - Filling up the DagBag from /home/leizo/.local/lib/python3.8/site-packages/airflow/example_dags/example_task_group.py
[2022-06-12 22:12:14,969] {processor.py:652} INFO - DAG(s) dict_keys(['example_task_group']) retrieved from /home/leizo/.local/lib/python3.8/site-packages/airflow/example_dags/example_task_group.py
[2022-06-12 22:12:15,003] {logging_mixin.py:109} INFO - [2022-06-12 22:12:15,003] {dag.py:2398} INFO - Sync 1 DAGs
[2022-06-12 22:12:15,025] {logging_mixin.py:109} INFO - [2022-06-12 22:12:15,025] {dag.py:2937} INFO - Setting next_dagrun for example_task_group to 2022-06-11T20:12:15.025243+00:00
[2022-06-12 22:12:15,044] {processor.py:171} INFO - Processing /home/leizo/.local/lib/python3.8/site-packages/airflow/example_dags/example_task_group.py took 0.118 seconds
[2022-06-12 22:12:51,734] {processor.py:163} INFO - Started process (PID=941) to work on /home/leizo/.local/lib/python3.8/site-packages/airflow/example_dags/example_task_group.py
[2022-06-12 22:12:51,736] {processor.py:642} INFO - Processing file /home/leizo/.local/lib/python3.8/site-packages/airflow/example_dags/example_task_group.py for tasks to queue
[2022-06-12 22:12:51,736] {logging_mixin.py:109} INFO - [2022-06-12 22:12:51,736] {dagbag.py:500} INFO - Filling up the DagBag from /home/leizo/.local/lib/python3.8/site-packages/airflow/example_dags/example_task_group.py
[2022-06-12 22:12:51,758] {processor.py:652} INFO - DAG(s) dict_keys(['example_task_group']) retrieved from /home/leizo/.local/lib/python3.8/site-packages/airflow/example_dags/example_task_group.py
[2022-06-12 22:12:51,782] {logging_mixin.py:109} INFO - [2022-06-12 22:12:51,781] {dag.py:2398} INFO - Sync 1 DAGs
[2022-06-12 22:12:51,801] {logging_mixin.py:109} INFO - [2022-06-12 22:12:51,801] {dag.py:2937} INFO - Setting next_dagrun for example_task_group to 2022-06-11T20:12:51.800742+00:00
[2022-06-12 22:12:51,814] {processor.py:171} INFO - Processing /home/leizo/.local/lib/python3.8/site-packages/airflow/example_dags/example_task_group.py took 0.082 seconds
[2022-06-12 22:13:27,870] {processor.py:163} INFO - Started process (PID=973) to work on /home/leizo/.local/lib/python3.8/site-packages/airflow/example_dags/example_task_group.py
[2022-06-12 22:13:27,871] {processor.py:642} INFO - Processing file /home/leizo/.local/lib/python3.8/site-packages/airflow/example_dags/example_task_group.py for tasks to queue
[2022-06-12 22:13:27,872] {logging_mixin.py:109} INFO - [2022-06-12 22:13:27,872] {dagbag.py:500} INFO - Filling up the DagBag from /home/leizo/.local/lib/python3.8/site-packages/airflow/example_dags/example_task_group.py
[2022-06-12 22:13:27,892] {processor.py:652} INFO - DAG(s) dict_keys(['example_task_group']) retrieved from /home/leizo/.local/lib/python3.8/site-packages/airflow/example_dags/example_task_group.py
[2022-06-12 22:13:27,907] {logging_mixin.py:109} INFO - [2022-06-12 22:13:27,906] {dag.py:2398} INFO - Sync 1 DAGs
[2022-06-12 22:13:27,929] {logging_mixin.py:109} INFO - [2022-06-12 22:13:27,929] {dag.py:2937} INFO - Setting next_dagrun for example_task_group to 2022-06-11T20:13:27.928886+00:00
[2022-06-12 22:13:27,947] {processor.py:171} INFO - Processing /home/leizo/.local/lib/python3.8/site-packages/airflow/example_dags/example_task_group.py took 0.081 seconds
[2022-06-12 22:14:04,976] {processor.py:163} INFO - Started process (PID=1008) to work on /home/leizo/.local/lib/python3.8/site-packages/airflow/example_dags/example_task_group.py
[2022-06-12 22:14:04,978] {processor.py:642} INFO - Processing file /home/leizo/.local/lib/python3.8/site-packages/airflow/example_dags/example_task_group.py for tasks to queue
[2022-06-12 22:14:04,979] {logging_mixin.py:109} INFO - [2022-06-12 22:14:04,978] {dagbag.py:500} INFO - Filling up the DagBag from /home/leizo/.local/lib/python3.8/site-packages/airflow/example_dags/example_task_group.py
[2022-06-12 22:14:05,005] {processor.py:652} INFO - DAG(s) dict_keys(['example_task_group']) retrieved from /home/leizo/.local/lib/python3.8/site-packages/airflow/example_dags/example_task_group.py
[2022-06-12 22:14:05,025] {logging_mixin.py:109} INFO - [2022-06-12 22:14:05,025] {dag.py:2398} INFO - Sync 1 DAGs
[2022-06-12 22:14:05,050] {logging_mixin.py:109} INFO - [2022-06-12 22:14:05,050] {dag.py:2937} INFO - Setting next_dagrun for example_task_group to 2022-06-11T20:14:05.050193+00:00
[2022-06-12 22:14:05,073] {processor.py:171} INFO - Processing /home/leizo/.local/lib/python3.8/site-packages/airflow/example_dags/example_task_group.py took 0.101 seconds
[2022-06-12 22:14:41,600] {processor.py:163} INFO - Started process (PID=1042) to work on /home/leizo/.local/lib/python3.8/site-packages/airflow/example_dags/example_task_group.py
[2022-06-12 22:14:41,601] {processor.py:642} INFO - Processing file /home/leizo/.local/lib/python3.8/site-packages/airflow/example_dags/example_task_group.py for tasks to queue
[2022-06-12 22:14:41,602] {logging_mixin.py:109} INFO - [2022-06-12 22:14:41,602] {dagbag.py:500} INFO - Filling up the DagBag from /home/leizo/.local/lib/python3.8/site-packages/airflow/example_dags/example_task_group.py
[2022-06-12 22:14:41,615] {processor.py:652} INFO - DAG(s) dict_keys(['example_task_group']) retrieved from /home/leizo/.local/lib/python3.8/site-packages/airflow/example_dags/example_task_group.py
[2022-06-12 22:14:41,628] {logging_mixin.py:109} INFO - [2022-06-12 22:14:41,628] {dag.py:2398} INFO - Sync 1 DAGs
[2022-06-12 22:14:41,642] {logging_mixin.py:109} INFO - [2022-06-12 22:14:41,641] {dag.py:2937} INFO - Setting next_dagrun for example_task_group to 2022-06-11T20:14:41.641548+00:00
[2022-06-12 22:14:41,657] {processor.py:171} INFO - Processing /home/leizo/.local/lib/python3.8/site-packages/airflow/example_dags/example_task_group.py took 0.059 seconds
[2022-06-12 22:15:16,275] {processor.py:163} INFO - Started process (PID=1076) to work on /home/leizo/.local/lib/python3.8/site-packages/airflow/example_dags/example_task_group.py
[2022-06-12 22:15:16,278] {processor.py:642} INFO - Processing file /home/leizo/.local/lib/python3.8/site-packages/airflow/example_dags/example_task_group.py for tasks to queue
[2022-06-12 22:15:16,278] {logging_mixin.py:109} INFO - [2022-06-12 22:15:16,278] {dagbag.py:500} INFO - Filling up the DagBag from /home/leizo/.local/lib/python3.8/site-packages/airflow/example_dags/example_task_group.py
[2022-06-12 22:15:16,303] {processor.py:652} INFO - DAG(s) dict_keys(['example_task_group']) retrieved from /home/leizo/.local/lib/python3.8/site-packages/airflow/example_dags/example_task_group.py
[2022-06-12 22:15:16,323] {logging_mixin.py:109} INFO - [2022-06-12 22:15:16,323] {dag.py:2398} INFO - Sync 1 DAGs
[2022-06-12 22:15:16,339] {logging_mixin.py:109} INFO - [2022-06-12 22:15:16,339] {dag.py:2937} INFO - Setting next_dagrun for example_task_group to 2022-06-11T20:15:16.339344+00:00
[2022-06-12 22:15:16,351] {processor.py:171} INFO - Processing /home/leizo/.local/lib/python3.8/site-packages/airflow/example_dags/example_task_group.py took 0.079 seconds
[2022-06-12 22:15:52,872] {processor.py:163} INFO - Started process (PID=1111) to work on /home/leizo/.local/lib/python3.8/site-packages/airflow/example_dags/example_task_group.py
[2022-06-12 22:15:52,873] {processor.py:642} INFO - Processing file /home/leizo/.local/lib/python3.8/site-packages/airflow/example_dags/example_task_group.py for tasks to queue
[2022-06-12 22:15:52,873] {logging_mixin.py:109} INFO - [2022-06-12 22:15:52,873] {dagbag.py:500} INFO - Filling up the DagBag from /home/leizo/.local/lib/python3.8/site-packages/airflow/example_dags/example_task_group.py
[2022-06-12 22:15:52,887] {processor.py:652} INFO - DAG(s) dict_keys(['example_task_group']) retrieved from /home/leizo/.local/lib/python3.8/site-packages/airflow/example_dags/example_task_group.py
[2022-06-12 22:15:52,899] {logging_mixin.py:109} INFO - [2022-06-12 22:15:52,899] {dag.py:2398} INFO - Sync 1 DAGs
[2022-06-12 22:15:52,911] {logging_mixin.py:109} INFO - [2022-06-12 22:15:52,910] {dag.py:2937} INFO - Setting next_dagrun for example_task_group to 2022-06-11T20:15:52.910689+00:00
[2022-06-12 22:15:52,926] {processor.py:171} INFO - Processing /home/leizo/.local/lib/python3.8/site-packages/airflow/example_dags/example_task_group.py took 0.057 seconds
[2022-06-12 22:16:26,911] {processor.py:163} INFO - Started process (PID=1144) to work on /home/leizo/.local/lib/python3.8/site-packages/airflow/example_dags/example_task_group.py
[2022-06-12 22:16:26,913] {processor.py:642} INFO - Processing file /home/leizo/.local/lib/python3.8/site-packages/airflow/example_dags/example_task_group.py for tasks to queue
[2022-06-12 22:16:26,913] {logging_mixin.py:109} INFO - [2022-06-12 22:16:26,913] {dagbag.py:500} INFO - Filling up the DagBag from /home/leizo/.local/lib/python3.8/site-packages/airflow/example_dags/example_task_group.py
[2022-06-12 22:16:26,926] {processor.py:652} INFO - DAG(s) dict_keys(['example_task_group']) retrieved from /home/leizo/.local/lib/python3.8/site-packages/airflow/example_dags/example_task_group.py
[2022-06-12 22:16:26,937] {logging_mixin.py:109} INFO - [2022-06-12 22:16:26,937] {dag.py:2398} INFO - Sync 1 DAGs
[2022-06-12 22:16:26,947] {logging_mixin.py:109} INFO - [2022-06-12 22:16:26,947] {dag.py:2937} INFO - Setting next_dagrun for example_task_group to 2022-06-11T20:16:26.947432+00:00
[2022-06-12 22:16:26,959] {processor.py:171} INFO - Processing /home/leizo/.local/lib/python3.8/site-packages/airflow/example_dags/example_task_group.py took 0.050 seconds
[2022-06-12 22:17:01,542] {processor.py:163} INFO - Started process (PID=1177) to work on /home/leizo/.local/lib/python3.8/site-packages/airflow/example_dags/example_task_group.py
[2022-06-12 22:17:01,544] {processor.py:642} INFO - Processing file /home/leizo/.local/lib/python3.8/site-packages/airflow/example_dags/example_task_group.py for tasks to queue
[2022-06-12 22:17:01,544] {logging_mixin.py:109} INFO - [2022-06-12 22:17:01,544] {dagbag.py:500} INFO - Filling up the DagBag from /home/leizo/.local/lib/python3.8/site-packages/airflow/example_dags/example_task_group.py
[2022-06-12 22:17:01,561] {processor.py:652} INFO - DAG(s) dict_keys(['example_task_group']) retrieved from /home/leizo/.local/lib/python3.8/site-packages/airflow/example_dags/example_task_group.py
[2022-06-12 22:17:01,575] {logging_mixin.py:109} INFO - [2022-06-12 22:17:01,575] {dag.py:2398} INFO - Sync 1 DAGs
[2022-06-12 22:17:01,586] {logging_mixin.py:109} INFO - [2022-06-12 22:17:01,586] {dag.py:2937} INFO - Setting next_dagrun for example_task_group to 2022-06-11T20:17:01.586464+00:00
[2022-06-12 22:17:01,598] {processor.py:171} INFO - Processing /home/leizo/.local/lib/python3.8/site-packages/airflow/example_dags/example_task_group.py took 0.057 seconds
[2022-06-12 22:17:34,704] {processor.py:163} INFO - Started process (PID=1210) to work on /home/leizo/.local/lib/python3.8/site-packages/airflow/example_dags/example_task_group.py
[2022-06-12 22:17:34,705] {processor.py:642} INFO - Processing file /home/leizo/.local/lib/python3.8/site-packages/airflow/example_dags/example_task_group.py for tasks to queue
[2022-06-12 22:17:34,705] {logging_mixin.py:109} INFO - [2022-06-12 22:17:34,705] {dagbag.py:500} INFO - Filling up the DagBag from /home/leizo/.local/lib/python3.8/site-packages/airflow/example_dags/example_task_group.py
[2022-06-12 22:17:34,721] {processor.py:652} INFO - DAG(s) dict_keys(['example_task_group']) retrieved from /home/leizo/.local/lib/python3.8/site-packages/airflow/example_dags/example_task_group.py
[2022-06-12 22:17:34,731] {logging_mixin.py:109} INFO - [2022-06-12 22:17:34,731] {dag.py:2398} INFO - Sync 1 DAGs
[2022-06-12 22:17:34,743] {logging_mixin.py:109} INFO - [2022-06-12 22:17:34,743] {dag.py:2937} INFO - Setting next_dagrun for example_task_group to 2022-06-11T20:17:34.743184+00:00
[2022-06-12 22:17:34,753] {processor.py:171} INFO - Processing /home/leizo/.local/lib/python3.8/site-packages/airflow/example_dags/example_task_group.py took 0.051 seconds
[2022-06-12 22:18:11,518] {processor.py:163} INFO - Started process (PID=1245) to work on /home/leizo/.local/lib/python3.8/site-packages/airflow/example_dags/example_task_group.py
[2022-06-12 22:18:11,520] {processor.py:642} INFO - Processing file /home/leizo/.local/lib/python3.8/site-packages/airflow/example_dags/example_task_group.py for tasks to queue
[2022-06-12 22:18:11,520] {logging_mixin.py:109} INFO - [2022-06-12 22:18:11,520] {dagbag.py:500} INFO - Filling up the DagBag from /home/leizo/.local/lib/python3.8/site-packages/airflow/example_dags/example_task_group.py
[2022-06-12 22:18:11,534] {processor.py:652} INFO - DAG(s) dict_keys(['example_task_group']) retrieved from /home/leizo/.local/lib/python3.8/site-packages/airflow/example_dags/example_task_group.py
[2022-06-12 22:18:11,549] {logging_mixin.py:109} INFO - [2022-06-12 22:18:11,549] {dag.py:2398} INFO - Sync 1 DAGs
[2022-06-12 22:18:11,562] {logging_mixin.py:109} INFO - [2022-06-12 22:18:11,562] {dag.py:2937} INFO - Setting next_dagrun for example_task_group to 2022-06-11T20:18:11.562550+00:00
[2022-06-12 22:18:11,579] {processor.py:171} INFO - Processing /home/leizo/.local/lib/python3.8/site-packages/airflow/example_dags/example_task_group.py took 0.063 seconds
[2022-06-12 22:18:46,632] {processor.py:163} INFO - Started process (PID=1280) to work on /home/leizo/.local/lib/python3.8/site-packages/airflow/example_dags/example_task_group.py
[2022-06-12 22:18:46,634] {processor.py:642} INFO - Processing file /home/leizo/.local/lib/python3.8/site-packages/airflow/example_dags/example_task_group.py for tasks to queue
[2022-06-12 22:18:46,634] {logging_mixin.py:109} INFO - [2022-06-12 22:18:46,634] {dagbag.py:500} INFO - Filling up the DagBag from /home/leizo/.local/lib/python3.8/site-packages/airflow/example_dags/example_task_group.py
[2022-06-12 22:18:46,648] {processor.py:652} INFO - DAG(s) dict_keys(['example_task_group']) retrieved from /home/leizo/.local/lib/python3.8/site-packages/airflow/example_dags/example_task_group.py
[2022-06-12 22:18:46,660] {logging_mixin.py:109} INFO - [2022-06-12 22:18:46,660] {dag.py:2398} INFO - Sync 1 DAGs
[2022-06-12 22:18:46,671] {logging_mixin.py:109} INFO - [2022-06-12 22:18:46,671] {dag.py:2937} INFO - Setting next_dagrun for example_task_group to 2022-06-11T20:18:46.670969+00:00
[2022-06-12 22:18:46,686] {processor.py:171} INFO - Processing /home/leizo/.local/lib/python3.8/site-packages/airflow/example_dags/example_task_group.py took 0.055 seconds
[2022-06-12 22:19:20,883] {processor.py:163} INFO - Started process (PID=1314) to work on /home/leizo/.local/lib/python3.8/site-packages/airflow/example_dags/example_task_group.py
[2022-06-12 22:19:20,885] {processor.py:642} INFO - Processing file /home/leizo/.local/lib/python3.8/site-packages/airflow/example_dags/example_task_group.py for tasks to queue
[2022-06-12 22:19:20,886] {logging_mixin.py:109} INFO - [2022-06-12 22:19:20,886] {dagbag.py:500} INFO - Filling up the DagBag from /home/leizo/.local/lib/python3.8/site-packages/airflow/example_dags/example_task_group.py
[2022-06-12 22:19:20,900] {processor.py:652} INFO - DAG(s) dict_keys(['example_task_group']) retrieved from /home/leizo/.local/lib/python3.8/site-packages/airflow/example_dags/example_task_group.py
[2022-06-12 22:19:20,909] {logging_mixin.py:109} INFO - [2022-06-12 22:19:20,909] {dag.py:2398} INFO - Sync 1 DAGs
[2022-06-12 22:19:20,918] {logging_mixin.py:109} INFO - [2022-06-12 22:19:20,918] {dag.py:2937} INFO - Setting next_dagrun for example_task_group to 2022-06-11T20:19:20.918566+00:00
[2022-06-12 22:19:20,928] {processor.py:171} INFO - Processing /home/leizo/.local/lib/python3.8/site-packages/airflow/example_dags/example_task_group.py took 0.047 seconds
[2022-06-12 22:19:52,306] {processor.py:163} INFO - Started process (PID=1345) to work on /home/leizo/.local/lib/python3.8/site-packages/airflow/example_dags/example_task_group.py
[2022-06-12 22:19:52,308] {processor.py:642} INFO - Processing file /home/leizo/.local/lib/python3.8/site-packages/airflow/example_dags/example_task_group.py for tasks to queue
[2022-06-12 22:19:52,308] {logging_mixin.py:109} INFO - [2022-06-12 22:19:52,308] {dagbag.py:500} INFO - Filling up the DagBag from /home/leizo/.local/lib/python3.8/site-packages/airflow/example_dags/example_task_group.py
[2022-06-12 22:19:52,320] {processor.py:652} INFO - DAG(s) dict_keys(['example_task_group']) retrieved from /home/leizo/.local/lib/python3.8/site-packages/airflow/example_dags/example_task_group.py
[2022-06-12 22:19:52,330] {logging_mixin.py:109} INFO - [2022-06-12 22:19:52,330] {dag.py:2398} INFO - Sync 1 DAGs
[2022-06-12 22:19:52,341] {logging_mixin.py:109} INFO - [2022-06-12 22:19:52,341] {dag.py:2937} INFO - Setting next_dagrun for example_task_group to 2022-06-11T20:19:52.341250+00:00
[2022-06-12 22:19:52,354] {processor.py:171} INFO - Processing /home/leizo/.local/lib/python3.8/site-packages/airflow/example_dags/example_task_group.py took 0.051 seconds
[2022-06-12 22:20:23,732] {processor.py:163} INFO - Started process (PID=1376) to work on /home/leizo/.local/lib/python3.8/site-packages/airflow/example_dags/example_task_group.py
[2022-06-12 22:20:23,733] {processor.py:642} INFO - Processing file /home/leizo/.local/lib/python3.8/site-packages/airflow/example_dags/example_task_group.py for tasks to queue
[2022-06-12 22:20:23,733] {logging_mixin.py:109} INFO - [2022-06-12 22:20:23,733] {dagbag.py:500} INFO - Filling up the DagBag from /home/leizo/.local/lib/python3.8/site-packages/airflow/example_dags/example_task_group.py
[2022-06-12 22:20:23,745] {processor.py:652} INFO - DAG(s) dict_keys(['example_task_group']) retrieved from /home/leizo/.local/lib/python3.8/site-packages/airflow/example_dags/example_task_group.py
[2022-06-12 22:20:23,759] {logging_mixin.py:109} INFO - [2022-06-12 22:20:23,759] {dag.py:2398} INFO - Sync 1 DAGs
[2022-06-12 22:20:23,772] {logging_mixin.py:109} INFO - [2022-06-12 22:20:23,772] {dag.py:2937} INFO - Setting next_dagrun for example_task_group to 2022-06-11T20:20:23.772485+00:00
[2022-06-12 22:20:23,786] {processor.py:171} INFO - Processing /home/leizo/.local/lib/python3.8/site-packages/airflow/example_dags/example_task_group.py took 0.056 seconds
[2022-06-12 22:20:57,012] {processor.py:163} INFO - Started process (PID=1408) to work on /home/leizo/.local/lib/python3.8/site-packages/airflow/example_dags/example_task_group.py
[2022-06-12 22:20:57,014] {processor.py:642} INFO - Processing file /home/leizo/.local/lib/python3.8/site-packages/airflow/example_dags/example_task_group.py for tasks to queue
[2022-06-12 22:20:57,015] {logging_mixin.py:109} INFO - [2022-06-12 22:20:57,015] {dagbag.py:500} INFO - Filling up the DagBag from /home/leizo/.local/lib/python3.8/site-packages/airflow/example_dags/example_task_group.py
[2022-06-12 22:20:57,031] {processor.py:652} INFO - DAG(s) dict_keys(['example_task_group']) retrieved from /home/leizo/.local/lib/python3.8/site-packages/airflow/example_dags/example_task_group.py
[2022-06-12 22:20:57,041] {logging_mixin.py:109} INFO - [2022-06-12 22:20:57,041] {dag.py:2398} INFO - Sync 1 DAGs
[2022-06-12 22:20:57,051] {logging_mixin.py:109} INFO - [2022-06-12 22:20:57,051] {dag.py:2937} INFO - Setting next_dagrun for example_task_group to 2022-06-11T20:20:57.051134+00:00
[2022-06-12 22:20:57,061] {processor.py:171} INFO - Processing /home/leizo/.local/lib/python3.8/site-packages/airflow/example_dags/example_task_group.py took 0.052 seconds
[2022-06-12 22:21:30,484] {processor.py:163} INFO - Started process (PID=1441) to work on /home/leizo/.local/lib/python3.8/site-packages/airflow/example_dags/example_task_group.py
[2022-06-12 22:21:30,485] {processor.py:642} INFO - Processing file /home/leizo/.local/lib/python3.8/site-packages/airflow/example_dags/example_task_group.py for tasks to queue
[2022-06-12 22:21:30,486] {logging_mixin.py:109} INFO - [2022-06-12 22:21:30,486] {dagbag.py:500} INFO - Filling up the DagBag from /home/leizo/.local/lib/python3.8/site-packages/airflow/example_dags/example_task_group.py
[2022-06-12 22:21:30,502] {processor.py:652} INFO - DAG(s) dict_keys(['example_task_group']) retrieved from /home/leizo/.local/lib/python3.8/site-packages/airflow/example_dags/example_task_group.py
[2022-06-12 22:21:30,514] {logging_mixin.py:109} INFO - [2022-06-12 22:21:30,514] {dag.py:2398} INFO - Sync 1 DAGs
[2022-06-12 22:21:30,525] {logging_mixin.py:109} INFO - [2022-06-12 22:21:30,525] {dag.py:2937} INFO - Setting next_dagrun for example_task_group to 2022-06-11T20:21:30.524877+00:00
[2022-06-12 22:21:30,533] {processor.py:171} INFO - Processing /home/leizo/.local/lib/python3.8/site-packages/airflow/example_dags/example_task_group.py took 0.051 seconds
[2022-06-12 22:22:04,868] {processor.py:163} INFO - Started process (PID=1475) to work on /home/leizo/.local/lib/python3.8/site-packages/airflow/example_dags/example_task_group.py
[2022-06-12 22:22:04,869] {processor.py:642} INFO - Processing file /home/leizo/.local/lib/python3.8/site-packages/airflow/example_dags/example_task_group.py for tasks to queue
[2022-06-12 22:22:04,870] {logging_mixin.py:109} INFO - [2022-06-12 22:22:04,870] {dagbag.py:500} INFO - Filling up the DagBag from /home/leizo/.local/lib/python3.8/site-packages/airflow/example_dags/example_task_group.py
[2022-06-12 22:22:04,884] {processor.py:652} INFO - DAG(s) dict_keys(['example_task_group']) retrieved from /home/leizo/.local/lib/python3.8/site-packages/airflow/example_dags/example_task_group.py
[2022-06-12 22:22:04,898] {logging_mixin.py:109} INFO - [2022-06-12 22:22:04,898] {dag.py:2398} INFO - Sync 1 DAGs
[2022-06-12 22:22:04,910] {logging_mixin.py:109} INFO - [2022-06-12 22:22:04,910] {dag.py:2937} INFO - Setting next_dagrun for example_task_group to 2022-06-11T20:22:04.910373+00:00
[2022-06-12 22:22:04,920] {processor.py:171} INFO - Processing /home/leizo/.local/lib/python3.8/site-packages/airflow/example_dags/example_task_group.py took 0.055 seconds
[2022-06-12 22:22:39,575] {processor.py:163} INFO - Started process (PID=1509) to work on /home/leizo/.local/lib/python3.8/site-packages/airflow/example_dags/example_task_group.py
[2022-06-12 22:22:39,577] {processor.py:642} INFO - Processing file /home/leizo/.local/lib/python3.8/site-packages/airflow/example_dags/example_task_group.py for tasks to queue
[2022-06-12 22:22:39,578] {logging_mixin.py:109} INFO - [2022-06-12 22:22:39,578] {dagbag.py:500} INFO - Filling up the DagBag from /home/leizo/.local/lib/python3.8/site-packages/airflow/example_dags/example_task_group.py
[2022-06-12 22:22:39,594] {processor.py:652} INFO - DAG(s) dict_keys(['example_task_group']) retrieved from /home/leizo/.local/lib/python3.8/site-packages/airflow/example_dags/example_task_group.py
[2022-06-12 22:22:39,603] {logging_mixin.py:109} INFO - [2022-06-12 22:22:39,603] {dag.py:2398} INFO - Sync 1 DAGs
[2022-06-12 22:22:39,615] {logging_mixin.py:109} INFO - [2022-06-12 22:22:39,615] {dag.py:2937} INFO - Setting next_dagrun for example_task_group to 2022-06-11T20:22:39.615062+00:00
[2022-06-12 22:22:39,628] {processor.py:171} INFO - Processing /home/leizo/.local/lib/python3.8/site-packages/airflow/example_dags/example_task_group.py took 0.055 seconds
[2022-06-12 22:23:12,270] {processor.py:163} INFO - Started process (PID=1541) to work on /home/leizo/.local/lib/python3.8/site-packages/airflow/example_dags/example_task_group.py
[2022-06-12 22:23:12,272] {processor.py:642} INFO - Processing file /home/leizo/.local/lib/python3.8/site-packages/airflow/example_dags/example_task_group.py for tasks to queue
[2022-06-12 22:23:12,273] {logging_mixin.py:109} INFO - [2022-06-12 22:23:12,273] {dagbag.py:500} INFO - Filling up the DagBag from /home/leizo/.local/lib/python3.8/site-packages/airflow/example_dags/example_task_group.py
[2022-06-12 22:23:12,313] {processor.py:652} INFO - DAG(s) dict_keys(['example_task_group']) retrieved from /home/leizo/.local/lib/python3.8/site-packages/airflow/example_dags/example_task_group.py
[2022-06-12 22:23:12,362] {logging_mixin.py:109} INFO - [2022-06-12 22:23:12,362] {dag.py:2398} INFO - Sync 1 DAGs
[2022-06-12 22:23:12,399] {logging_mixin.py:109} INFO - [2022-06-12 22:23:12,399] {dag.py:2937} INFO - Setting next_dagrun for example_task_group to 2022-06-11T20:23:12.398360+00:00
[2022-06-12 22:23:12,420] {processor.py:171} INFO - Processing /home/leizo/.local/lib/python3.8/site-packages/airflow/example_dags/example_task_group.py took 0.155 seconds
[2022-06-12 22:23:51,630] {processor.py:163} INFO - Started process (PID=1639) to work on /home/leizo/.local/lib/python3.8/site-packages/airflow/example_dags/example_task_group.py
[2022-06-12 22:23:51,635] {processor.py:642} INFO - Processing file /home/leizo/.local/lib/python3.8/site-packages/airflow/example_dags/example_task_group.py for tasks to queue
[2022-06-12 22:23:51,637] {logging_mixin.py:109} INFO - [2022-06-12 22:23:51,637] {dagbag.py:500} INFO - Filling up the DagBag from /home/leizo/.local/lib/python3.8/site-packages/airflow/example_dags/example_task_group.py
[2022-06-12 22:23:51,672] {processor.py:652} INFO - DAG(s) dict_keys(['example_task_group']) retrieved from /home/leizo/.local/lib/python3.8/site-packages/airflow/example_dags/example_task_group.py
[2022-06-12 22:23:51,691] {logging_mixin.py:109} INFO - [2022-06-12 22:23:51,691] {dag.py:2398} INFO - Sync 1 DAGs
[2022-06-12 22:23:51,704] {logging_mixin.py:109} INFO - [2022-06-12 22:23:51,703] {dag.py:2937} INFO - Setting next_dagrun for example_task_group to 2022-06-11T20:23:51.703623+00:00
[2022-06-12 22:23:51,724] {processor.py:171} INFO - Processing /home/leizo/.local/lib/python3.8/site-packages/airflow/example_dags/example_task_group.py took 0.101 seconds
[2022-06-12 22:24:27,115] {processor.py:163} INFO - Started process (PID=1673) to work on /home/leizo/.local/lib/python3.8/site-packages/airflow/example_dags/example_task_group.py
[2022-06-12 22:24:27,117] {processor.py:642} INFO - Processing file /home/leizo/.local/lib/python3.8/site-packages/airflow/example_dags/example_task_group.py for tasks to queue
[2022-06-12 22:24:27,118] {logging_mixin.py:109} INFO - [2022-06-12 22:24:27,118] {dagbag.py:500} INFO - Filling up the DagBag from /home/leizo/.local/lib/python3.8/site-packages/airflow/example_dags/example_task_group.py
[2022-06-12 22:24:27,136] {processor.py:652} INFO - DAG(s) dict_keys(['example_task_group']) retrieved from /home/leizo/.local/lib/python3.8/site-packages/airflow/example_dags/example_task_group.py
[2022-06-12 22:24:27,152] {logging_mixin.py:109} INFO - [2022-06-12 22:24:27,151] {dag.py:2398} INFO - Sync 1 DAGs
[2022-06-12 22:24:27,169] {logging_mixin.py:109} INFO - [2022-06-12 22:24:27,169] {dag.py:2937} INFO - Setting next_dagrun for example_task_group to 2022-06-11T20:24:27.168729+00:00
[2022-06-12 22:24:27,183] {processor.py:171} INFO - Processing /home/leizo/.local/lib/python3.8/site-packages/airflow/example_dags/example_task_group.py took 0.070 seconds
[2022-06-12 22:25:03,395] {processor.py:163} INFO - Started process (PID=1728) to work on /home/leizo/.local/lib/python3.8/site-packages/airflow/example_dags/example_task_group.py
[2022-06-12 22:25:03,398] {processor.py:642} INFO - Processing file /home/leizo/.local/lib/python3.8/site-packages/airflow/example_dags/example_task_group.py for tasks to queue
[2022-06-12 22:25:03,399] {logging_mixin.py:109} INFO - [2022-06-12 22:25:03,399] {dagbag.py:500} INFO - Filling up the DagBag from /home/leizo/.local/lib/python3.8/site-packages/airflow/example_dags/example_task_group.py
[2022-06-12 22:25:03,447] {processor.py:652} INFO - DAG(s) dict_keys(['example_task_group']) retrieved from /home/leizo/.local/lib/python3.8/site-packages/airflow/example_dags/example_task_group.py
[2022-06-12 22:25:03,466] {logging_mixin.py:109} INFO - [2022-06-12 22:25:03,466] {dag.py:2398} INFO - Sync 1 DAGs
[2022-06-12 22:25:03,482] {logging_mixin.py:109} INFO - [2022-06-12 22:25:03,482] {dag.py:2937} INFO - Setting next_dagrun for example_task_group to 2022-06-11T20:25:03.482343+00:00
[2022-06-12 22:25:03,506] {processor.py:171} INFO - Processing /home/leizo/.local/lib/python3.8/site-packages/airflow/example_dags/example_task_group.py took 0.119 seconds
[2022-06-12 22:25:43,892] {processor.py:163} INFO - Started process (PID=1784) to work on /home/leizo/.local/lib/python3.8/site-packages/airflow/example_dags/example_task_group.py
[2022-06-12 22:25:43,895] {processor.py:642} INFO - Processing file /home/leizo/.local/lib/python3.8/site-packages/airflow/example_dags/example_task_group.py for tasks to queue
[2022-06-12 22:25:43,896] {logging_mixin.py:109} INFO - [2022-06-12 22:25:43,896] {dagbag.py:500} INFO - Filling up the DagBag from /home/leizo/.local/lib/python3.8/site-packages/airflow/example_dags/example_task_group.py
[2022-06-12 22:25:43,942] {processor.py:652} INFO - DAG(s) dict_keys(['example_task_group']) retrieved from /home/leizo/.local/lib/python3.8/site-packages/airflow/example_dags/example_task_group.py
[2022-06-12 22:25:43,984] {logging_mixin.py:109} INFO - [2022-06-12 22:25:43,984] {dag.py:2398} INFO - Sync 1 DAGs
[2022-06-12 22:25:44,012] {logging_mixin.py:109} INFO - [2022-06-12 22:25:44,012] {dag.py:2937} INFO - Setting next_dagrun for example_task_group to 2022-06-11T20:25:44.011846+00:00
[2022-06-12 22:25:44,031] {processor.py:171} INFO - Processing /home/leizo/.local/lib/python3.8/site-packages/airflow/example_dags/example_task_group.py took 0.142 seconds
[2022-06-12 22:26:21,293] {processor.py:163} INFO - Started process (PID=1816) to work on /home/leizo/.local/lib/python3.8/site-packages/airflow/example_dags/example_task_group.py
[2022-06-12 22:26:21,295] {processor.py:642} INFO - Processing file /home/leizo/.local/lib/python3.8/site-packages/airflow/example_dags/example_task_group.py for tasks to queue
[2022-06-12 22:26:21,296] {logging_mixin.py:109} INFO - [2022-06-12 22:26:21,296] {dagbag.py:500} INFO - Filling up the DagBag from /home/leizo/.local/lib/python3.8/site-packages/airflow/example_dags/example_task_group.py
[2022-06-12 22:26:21,322] {processor.py:652} INFO - DAG(s) dict_keys(['example_task_group']) retrieved from /home/leizo/.local/lib/python3.8/site-packages/airflow/example_dags/example_task_group.py
[2022-06-12 22:26:21,342] {logging_mixin.py:109} INFO - [2022-06-12 22:26:21,342] {dag.py:2398} INFO - Sync 1 DAGs
[2022-06-12 22:26:21,357] {logging_mixin.py:109} INFO - [2022-06-12 22:26:21,357] {dag.py:2937} INFO - Setting next_dagrun for example_task_group to 2022-06-11T20:26:21.357263+00:00
[2022-06-12 22:26:21,376] {processor.py:171} INFO - Processing /home/leizo/.local/lib/python3.8/site-packages/airflow/example_dags/example_task_group.py took 0.086 seconds
[2022-06-12 22:27:01,515] {processor.py:163} INFO - Started process (PID=1869) to work on /home/leizo/.local/lib/python3.8/site-packages/airflow/example_dags/example_task_group.py
[2022-06-12 22:27:01,517] {processor.py:642} INFO - Processing file /home/leizo/.local/lib/python3.8/site-packages/airflow/example_dags/example_task_group.py for tasks to queue
[2022-06-12 22:27:01,519] {logging_mixin.py:109} INFO - [2022-06-12 22:27:01,518] {dagbag.py:500} INFO - Filling up the DagBag from /home/leizo/.local/lib/python3.8/site-packages/airflow/example_dags/example_task_group.py
[2022-06-12 22:27:01,549] {processor.py:652} INFO - DAG(s) dict_keys(['example_task_group']) retrieved from /home/leizo/.local/lib/python3.8/site-packages/airflow/example_dags/example_task_group.py
[2022-06-12 22:27:01,585] {logging_mixin.py:109} INFO - [2022-06-12 22:27:01,585] {dag.py:2398} INFO - Sync 1 DAGs
[2022-06-12 22:27:01,622] {logging_mixin.py:109} INFO - [2022-06-12 22:27:01,622] {dag.py:2937} INFO - Setting next_dagrun for example_task_group to 2022-06-11T20:27:01.621382+00:00
[2022-06-12 22:27:01,649] {processor.py:171} INFO - Processing /home/leizo/.local/lib/python3.8/site-packages/airflow/example_dags/example_task_group.py took 0.138 seconds
[2022-06-12 22:28:15,575] {processor.py:163} INFO - Started process (PID=1935) to work on /home/leizo/.local/lib/python3.8/site-packages/airflow/example_dags/example_task_group.py
[2022-06-12 22:28:15,578] {processor.py:642} INFO - Processing file /home/leizo/.local/lib/python3.8/site-packages/airflow/example_dags/example_task_group.py for tasks to queue
[2022-06-12 22:28:15,579] {logging_mixin.py:109} INFO - [2022-06-12 22:28:15,578] {dagbag.py:500} INFO - Filling up the DagBag from /home/leizo/.local/lib/python3.8/site-packages/airflow/example_dags/example_task_group.py
[2022-06-12 22:28:15,598] {processor.py:652} INFO - DAG(s) dict_keys(['example_task_group']) retrieved from /home/leizo/.local/lib/python3.8/site-packages/airflow/example_dags/example_task_group.py
[2022-06-12 22:28:15,622] {logging_mixin.py:109} INFO - [2022-06-12 22:28:15,621] {dag.py:2398} INFO - Sync 1 DAGs
[2022-06-12 22:28:15,641] {logging_mixin.py:109} INFO - [2022-06-12 22:28:15,641] {dag.py:2937} INFO - Setting next_dagrun for example_task_group to 2022-06-11T20:28:15.640854+00:00
[2022-06-12 22:28:15,652] {processor.py:171} INFO - Processing /home/leizo/.local/lib/python3.8/site-packages/airflow/example_dags/example_task_group.py took 0.083 seconds
[2022-06-12 22:28:55,611] {processor.py:163} INFO - Started process (PID=2055) to work on /home/leizo/.local/lib/python3.8/site-packages/airflow/example_dags/example_task_group.py
[2022-06-12 22:28:55,615] {processor.py:642} INFO - Processing file /home/leizo/.local/lib/python3.8/site-packages/airflow/example_dags/example_task_group.py for tasks to queue
[2022-06-12 22:28:55,616] {logging_mixin.py:109} INFO - [2022-06-12 22:28:55,616] {dagbag.py:500} INFO - Filling up the DagBag from /home/leizo/.local/lib/python3.8/site-packages/airflow/example_dags/example_task_group.py
[2022-06-12 22:28:55,649] {processor.py:652} INFO - DAG(s) dict_keys(['example_task_group']) retrieved from /home/leizo/.local/lib/python3.8/site-packages/airflow/example_dags/example_task_group.py
[2022-06-12 22:28:55,675] {logging_mixin.py:109} INFO - [2022-06-12 22:28:55,674] {dag.py:2398} INFO - Sync 1 DAGs
[2022-06-12 22:28:55,689] {logging_mixin.py:109} INFO - [2022-06-12 22:28:55,689] {dag.py:2937} INFO - Setting next_dagrun for example_task_group to 2022-06-11T20:28:55.689306+00:00
[2022-06-12 22:28:55,705] {processor.py:171} INFO - Processing /home/leizo/.local/lib/python3.8/site-packages/airflow/example_dags/example_task_group.py took 0.100 seconds
[2022-06-12 22:29:35,421] {processor.py:163} INFO - Started process (PID=2106) to work on /home/leizo/.local/lib/python3.8/site-packages/airflow/example_dags/example_task_group.py
[2022-06-12 22:29:35,425] {processor.py:642} INFO - Processing file /home/leizo/.local/lib/python3.8/site-packages/airflow/example_dags/example_task_group.py for tasks to queue
[2022-06-12 22:29:35,427] {logging_mixin.py:109} INFO - [2022-06-12 22:29:35,426] {dagbag.py:500} INFO - Filling up the DagBag from /home/leizo/.local/lib/python3.8/site-packages/airflow/example_dags/example_task_group.py
[2022-06-12 22:29:35,455] {processor.py:652} INFO - DAG(s) dict_keys(['example_task_group']) retrieved from /home/leizo/.local/lib/python3.8/site-packages/airflow/example_dags/example_task_group.py
[2022-06-12 22:29:35,477] {logging_mixin.py:109} INFO - [2022-06-12 22:29:35,477] {dag.py:2398} INFO - Sync 1 DAGs
[2022-06-12 22:29:35,490] {logging_mixin.py:109} INFO - [2022-06-12 22:29:35,490] {dag.py:2937} INFO - Setting next_dagrun for example_task_group to 2022-06-11T20:29:35.490017+00:00
[2022-06-12 22:29:35,505] {processor.py:171} INFO - Processing /home/leizo/.local/lib/python3.8/site-packages/airflow/example_dags/example_task_group.py took 0.089 seconds
[2022-06-12 22:30:18,635] {processor.py:163} INFO - Started process (PID=2247) to work on /home/leizo/.local/lib/python3.8/site-packages/airflow/example_dags/example_task_group.py
[2022-06-12 22:30:18,637] {processor.py:642} INFO - Processing file /home/leizo/.local/lib/python3.8/site-packages/airflow/example_dags/example_task_group.py for tasks to queue
[2022-06-12 22:30:18,638] {logging_mixin.py:109} INFO - [2022-06-12 22:30:18,638] {dagbag.py:500} INFO - Filling up the DagBag from /home/leizo/.local/lib/python3.8/site-packages/airflow/example_dags/example_task_group.py
[2022-06-12 22:30:18,662] {processor.py:652} INFO - DAG(s) dict_keys(['example_task_group']) retrieved from /home/leizo/.local/lib/python3.8/site-packages/airflow/example_dags/example_task_group.py
[2022-06-12 22:30:18,676] {logging_mixin.py:109} INFO - [2022-06-12 22:30:18,676] {dag.py:2398} INFO - Sync 1 DAGs
[2022-06-12 22:30:18,689] {logging_mixin.py:109} INFO - [2022-06-12 22:30:18,688] {dag.py:2937} INFO - Setting next_dagrun for example_task_group to 2022-06-11T20:30:18.688637+00:00
[2022-06-12 22:30:18,705] {processor.py:171} INFO - Processing /home/leizo/.local/lib/python3.8/site-packages/airflow/example_dags/example_task_group.py took 0.076 seconds
[2022-06-12 22:30:56,038] {processor.py:163} INFO - Started process (PID=2307) to work on /home/leizo/.local/lib/python3.8/site-packages/airflow/example_dags/example_task_group.py
[2022-06-12 22:30:56,041] {processor.py:642} INFO - Processing file /home/leizo/.local/lib/python3.8/site-packages/airflow/example_dags/example_task_group.py for tasks to queue
[2022-06-12 22:30:56,042] {logging_mixin.py:109} INFO - [2022-06-12 22:30:56,042] {dagbag.py:500} INFO - Filling up the DagBag from /home/leizo/.local/lib/python3.8/site-packages/airflow/example_dags/example_task_group.py
[2022-06-12 22:30:56,066] {processor.py:652} INFO - DAG(s) dict_keys(['example_task_group']) retrieved from /home/leizo/.local/lib/python3.8/site-packages/airflow/example_dags/example_task_group.py
[2022-06-12 22:30:56,077] {logging_mixin.py:109} INFO - [2022-06-12 22:30:56,077] {dag.py:2398} INFO - Sync 1 DAGs
[2022-06-12 22:30:56,086] {logging_mixin.py:109} INFO - [2022-06-12 22:30:56,086] {dag.py:2937} INFO - Setting next_dagrun for example_task_group to 2022-06-11T20:30:56.086597+00:00
[2022-06-12 22:30:56,099] {processor.py:171} INFO - Processing /home/leizo/.local/lib/python3.8/site-packages/airflow/example_dags/example_task_group.py took 0.068 seconds
[2022-06-12 22:31:37,511] {processor.py:163} INFO - Started process (PID=2439) to work on /home/leizo/.local/lib/python3.8/site-packages/airflow/example_dags/example_task_group.py
[2022-06-12 22:31:37,513] {processor.py:642} INFO - Processing file /home/leizo/.local/lib/python3.8/site-packages/airflow/example_dags/example_task_group.py for tasks to queue
[2022-06-12 22:31:37,514] {logging_mixin.py:109} INFO - [2022-06-12 22:31:37,514] {dagbag.py:500} INFO - Filling up the DagBag from /home/leizo/.local/lib/python3.8/site-packages/airflow/example_dags/example_task_group.py
[2022-06-12 22:31:37,532] {processor.py:652} INFO - DAG(s) dict_keys(['example_task_group']) retrieved from /home/leizo/.local/lib/python3.8/site-packages/airflow/example_dags/example_task_group.py
[2022-06-12 22:31:37,551] {logging_mixin.py:109} INFO - [2022-06-12 22:31:37,551] {dag.py:2398} INFO - Sync 1 DAGs
[2022-06-12 22:31:37,571] {logging_mixin.py:109} INFO - [2022-06-12 22:31:37,570] {dag.py:2937} INFO - Setting next_dagrun for example_task_group to 2022-06-11T20:31:37.570317+00:00
[2022-06-12 22:31:37,590] {processor.py:171} INFO - Processing /home/leizo/.local/lib/python3.8/site-packages/airflow/example_dags/example_task_group.py took 0.083 seconds
[2022-06-12 22:32:18,769] {processor.py:163} INFO - Started process (PID=2491) to work on /home/leizo/.local/lib/python3.8/site-packages/airflow/example_dags/example_task_group.py
[2022-06-12 22:32:18,771] {processor.py:642} INFO - Processing file /home/leizo/.local/lib/python3.8/site-packages/airflow/example_dags/example_task_group.py for tasks to queue
[2022-06-12 22:32:18,772] {logging_mixin.py:109} INFO - [2022-06-12 22:32:18,772] {dagbag.py:500} INFO - Filling up the DagBag from /home/leizo/.local/lib/python3.8/site-packages/airflow/example_dags/example_task_group.py
[2022-06-12 22:32:18,787] {processor.py:652} INFO - DAG(s) dict_keys(['example_task_group']) retrieved from /home/leizo/.local/lib/python3.8/site-packages/airflow/example_dags/example_task_group.py
[2022-06-12 22:32:18,796] {logging_mixin.py:109} INFO - [2022-06-12 22:32:18,796] {dag.py:2398} INFO - Sync 1 DAGs
[2022-06-12 22:32:18,805] {logging_mixin.py:109} INFO - [2022-06-12 22:32:18,805] {dag.py:2937} INFO - Setting next_dagrun for example_task_group to 2022-06-11T20:32:18.805077+00:00
[2022-06-12 22:32:18,820] {processor.py:171} INFO - Processing /home/leizo/.local/lib/python3.8/site-packages/airflow/example_dags/example_task_group.py took 0.053 seconds
[2022-06-12 22:32:59,633] {processor.py:163} INFO - Started process (PID=2563) to work on /home/leizo/.local/lib/python3.8/site-packages/airflow/example_dags/example_task_group.py
[2022-06-12 22:32:59,635] {processor.py:642} INFO - Processing file /home/leizo/.local/lib/python3.8/site-packages/airflow/example_dags/example_task_group.py for tasks to queue
[2022-06-12 22:32:59,636] {logging_mixin.py:109} INFO - [2022-06-12 22:32:59,636] {dagbag.py:500} INFO - Filling up the DagBag from /home/leizo/.local/lib/python3.8/site-packages/airflow/example_dags/example_task_group.py
[2022-06-12 22:32:59,653] {processor.py:652} INFO - DAG(s) dict_keys(['example_task_group']) retrieved from /home/leizo/.local/lib/python3.8/site-packages/airflow/example_dags/example_task_group.py
[2022-06-12 22:32:59,663] {logging_mixin.py:109} INFO - [2022-06-12 22:32:59,663] {dag.py:2398} INFO - Sync 1 DAGs
[2022-06-12 22:32:59,672] {logging_mixin.py:109} INFO - [2022-06-12 22:32:59,672] {dag.py:2937} INFO - Setting next_dagrun for example_task_group to 2022-06-11T20:32:59.672171+00:00
[2022-06-12 22:32:59,687] {processor.py:171} INFO - Processing /home/leizo/.local/lib/python3.8/site-packages/airflow/example_dags/example_task_group.py took 0.056 seconds
[2022-06-12 22:33:39,897] {processor.py:163} INFO - Started process (PID=2654) to work on /home/leizo/.local/lib/python3.8/site-packages/airflow/example_dags/example_task_group.py
[2022-06-12 22:33:39,899] {processor.py:642} INFO - Processing file /home/leizo/.local/lib/python3.8/site-packages/airflow/example_dags/example_task_group.py for tasks to queue
[2022-06-12 22:33:39,899] {logging_mixin.py:109} INFO - [2022-06-12 22:33:39,899] {dagbag.py:500} INFO - Filling up the DagBag from /home/leizo/.local/lib/python3.8/site-packages/airflow/example_dags/example_task_group.py
[2022-06-12 22:33:39,911] {processor.py:652} INFO - DAG(s) dict_keys(['example_task_group']) retrieved from /home/leizo/.local/lib/python3.8/site-packages/airflow/example_dags/example_task_group.py
[2022-06-12 22:33:39,924] {logging_mixin.py:109} INFO - [2022-06-12 22:33:39,924] {dag.py:2398} INFO - Sync 1 DAGs
[2022-06-12 22:33:39,938] {logging_mixin.py:109} INFO - [2022-06-12 22:33:39,938] {dag.py:2937} INFO - Setting next_dagrun for example_task_group to 2022-06-11T20:33:39.937902+00:00
[2022-06-12 22:33:39,950] {processor.py:171} INFO - Processing /home/leizo/.local/lib/python3.8/site-packages/airflow/example_dags/example_task_group.py took 0.056 seconds
[2022-06-12 22:34:21,206] {processor.py:163} INFO - Started process (PID=2728) to work on /home/leizo/.local/lib/python3.8/site-packages/airflow/example_dags/example_task_group.py
[2022-06-12 22:34:21,208] {processor.py:642} INFO - Processing file /home/leizo/.local/lib/python3.8/site-packages/airflow/example_dags/example_task_group.py for tasks to queue
[2022-06-12 22:34:21,208] {logging_mixin.py:109} INFO - [2022-06-12 22:34:21,208] {dagbag.py:500} INFO - Filling up the DagBag from /home/leizo/.local/lib/python3.8/site-packages/airflow/example_dags/example_task_group.py
[2022-06-12 22:34:21,227] {processor.py:652} INFO - DAG(s) dict_keys(['example_task_group']) retrieved from /home/leizo/.local/lib/python3.8/site-packages/airflow/example_dags/example_task_group.py
[2022-06-12 22:34:21,239] {logging_mixin.py:109} INFO - [2022-06-12 22:34:21,239] {dag.py:2398} INFO - Sync 1 DAGs
[2022-06-12 22:34:21,255] {logging_mixin.py:109} INFO - [2022-06-12 22:34:21,255] {dag.py:2937} INFO - Setting next_dagrun for example_task_group to 2022-06-11T20:34:21.254919+00:00
[2022-06-12 22:34:21,269] {processor.py:171} INFO - Processing /home/leizo/.local/lib/python3.8/site-packages/airflow/example_dags/example_task_group.py took 0.066 seconds
[2022-06-12 22:35:01,659] {processor.py:163} INFO - Started process (PID=2792) to work on /home/leizo/.local/lib/python3.8/site-packages/airflow/example_dags/example_task_group.py
[2022-06-12 22:35:01,663] {processor.py:642} INFO - Processing file /home/leizo/.local/lib/python3.8/site-packages/airflow/example_dags/example_task_group.py for tasks to queue
[2022-06-12 22:35:01,666] {logging_mixin.py:109} INFO - [2022-06-12 22:35:01,666] {dagbag.py:500} INFO - Filling up the DagBag from /home/leizo/.local/lib/python3.8/site-packages/airflow/example_dags/example_task_group.py
[2022-06-12 22:35:01,701] {processor.py:652} INFO - DAG(s) dict_keys(['example_task_group']) retrieved from /home/leizo/.local/lib/python3.8/site-packages/airflow/example_dags/example_task_group.py
[2022-06-12 22:35:01,720] {logging_mixin.py:109} INFO - [2022-06-12 22:35:01,720] {dag.py:2398} INFO - Sync 1 DAGs
[2022-06-12 22:35:01,747] {logging_mixin.py:109} INFO - [2022-06-12 22:35:01,747] {dag.py:2937} INFO - Setting next_dagrun for example_task_group to 2022-06-11T20:35:01.746408+00:00
[2022-06-12 22:35:01,767] {processor.py:171} INFO - Processing /home/leizo/.local/lib/python3.8/site-packages/airflow/example_dags/example_task_group.py took 0.114 seconds
[2022-06-12 22:35:43,760] {processor.py:163} INFO - Started process (PID=2901) to work on /home/leizo/.local/lib/python3.8/site-packages/airflow/example_dags/example_task_group.py
[2022-06-12 22:35:43,765] {processor.py:642} INFO - Processing file /home/leizo/.local/lib/python3.8/site-packages/airflow/example_dags/example_task_group.py for tasks to queue
[2022-06-12 22:35:43,766] {logging_mixin.py:109} INFO - [2022-06-12 22:35:43,766] {dagbag.py:500} INFO - Filling up the DagBag from /home/leizo/.local/lib/python3.8/site-packages/airflow/example_dags/example_task_group.py
[2022-06-12 22:35:43,795] {processor.py:652} INFO - DAG(s) dict_keys(['example_task_group']) retrieved from /home/leizo/.local/lib/python3.8/site-packages/airflow/example_dags/example_task_group.py
[2022-06-12 22:35:43,822] {logging_mixin.py:109} INFO - [2022-06-12 22:35:43,822] {dag.py:2398} INFO - Sync 1 DAGs
[2022-06-12 22:35:43,835] {logging_mixin.py:109} INFO - [2022-06-12 22:35:43,835] {dag.py:2937} INFO - Setting next_dagrun for example_task_group to 2022-06-11T20:35:43.834904+00:00
[2022-06-12 22:35:43,847] {processor.py:171} INFO - Processing /home/leizo/.local/lib/python3.8/site-packages/airflow/example_dags/example_task_group.py took 0.092 seconds
[2022-06-12 22:36:26,127] {processor.py:163} INFO - Started process (PID=2974) to work on /home/leizo/.local/lib/python3.8/site-packages/airflow/example_dags/example_task_group.py
[2022-06-12 22:36:26,130] {processor.py:642} INFO - Processing file /home/leizo/.local/lib/python3.8/site-packages/airflow/example_dags/example_task_group.py for tasks to queue
[2022-06-12 22:36:26,131] {logging_mixin.py:109} INFO - [2022-06-12 22:36:26,130] {dagbag.py:500} INFO - Filling up the DagBag from /home/leizo/.local/lib/python3.8/site-packages/airflow/example_dags/example_task_group.py
[2022-06-12 22:36:26,158] {processor.py:652} INFO - DAG(s) dict_keys(['example_task_group']) retrieved from /home/leizo/.local/lib/python3.8/site-packages/airflow/example_dags/example_task_group.py
[2022-06-12 22:36:26,173] {logging_mixin.py:109} INFO - [2022-06-12 22:36:26,173] {dag.py:2398} INFO - Sync 1 DAGs
[2022-06-12 22:36:26,186] {logging_mixin.py:109} INFO - [2022-06-12 22:36:26,186] {dag.py:2937} INFO - Setting next_dagrun for example_task_group to 2022-06-11T20:36:26.185998+00:00
[2022-06-12 22:36:26,204] {processor.py:171} INFO - Processing /home/leizo/.local/lib/python3.8/site-packages/airflow/example_dags/example_task_group.py took 0.080 seconds
[2022-06-12 22:37:07,891] {processor.py:163} INFO - Started process (PID=3045) to work on /home/leizo/.local/lib/python3.8/site-packages/airflow/example_dags/example_task_group.py
[2022-06-12 22:37:07,895] {processor.py:642} INFO - Processing file /home/leizo/.local/lib/python3.8/site-packages/airflow/example_dags/example_task_group.py for tasks to queue
[2022-06-12 22:37:07,897] {logging_mixin.py:109} INFO - [2022-06-12 22:37:07,896] {dagbag.py:500} INFO - Filling up the DagBag from /home/leizo/.local/lib/python3.8/site-packages/airflow/example_dags/example_task_group.py
[2022-06-12 22:37:07,928] {processor.py:652} INFO - DAG(s) dict_keys(['example_task_group']) retrieved from /home/leizo/.local/lib/python3.8/site-packages/airflow/example_dags/example_task_group.py
[2022-06-12 22:37:07,949] {logging_mixin.py:109} INFO - [2022-06-12 22:37:07,949] {dag.py:2398} INFO - Sync 1 DAGs
[2022-06-12 22:37:07,961] {logging_mixin.py:109} INFO - [2022-06-12 22:37:07,961] {dag.py:2937} INFO - Setting next_dagrun for example_task_group to 2022-06-11T20:37:07.960748+00:00
[2022-06-12 22:37:07,974] {processor.py:171} INFO - Processing /home/leizo/.local/lib/python3.8/site-packages/airflow/example_dags/example_task_group.py took 0.089 seconds
[2022-06-12 22:37:50,972] {processor.py:163} INFO - Started process (PID=3086) to work on /home/leizo/.local/lib/python3.8/site-packages/airflow/example_dags/example_task_group.py
[2022-06-12 22:37:50,975] {processor.py:642} INFO - Processing file /home/leizo/.local/lib/python3.8/site-packages/airflow/example_dags/example_task_group.py for tasks to queue
[2022-06-12 22:37:50,976] {logging_mixin.py:109} INFO - [2022-06-12 22:37:50,976] {dagbag.py:500} INFO - Filling up the DagBag from /home/leizo/.local/lib/python3.8/site-packages/airflow/example_dags/example_task_group.py
[2022-06-12 22:37:50,994] {processor.py:652} INFO - DAG(s) dict_keys(['example_task_group']) retrieved from /home/leizo/.local/lib/python3.8/site-packages/airflow/example_dags/example_task_group.py
[2022-06-12 22:37:51,011] {logging_mixin.py:109} INFO - [2022-06-12 22:37:51,011] {dag.py:2398} INFO - Sync 1 DAGs
[2022-06-12 22:37:51,025] {logging_mixin.py:109} INFO - [2022-06-12 22:37:51,025] {dag.py:2937} INFO - Setting next_dagrun for example_task_group to 2022-06-11T20:37:51.025458+00:00
[2022-06-12 22:37:51,038] {processor.py:171} INFO - Processing /home/leizo/.local/lib/python3.8/site-packages/airflow/example_dags/example_task_group.py took 0.068 seconds
[2022-06-12 22:38:35,137] {processor.py:163} INFO - Started process (PID=3127) to work on /home/leizo/.local/lib/python3.8/site-packages/airflow/example_dags/example_task_group.py
[2022-06-12 22:38:35,140] {processor.py:642} INFO - Processing file /home/leizo/.local/lib/python3.8/site-packages/airflow/example_dags/example_task_group.py for tasks to queue
[2022-06-12 22:38:35,142] {logging_mixin.py:109} INFO - [2022-06-12 22:38:35,141] {dagbag.py:500} INFO - Filling up the DagBag from /home/leizo/.local/lib/python3.8/site-packages/airflow/example_dags/example_task_group.py
[2022-06-12 22:38:35,172] {processor.py:652} INFO - DAG(s) dict_keys(['example_task_group']) retrieved from /home/leizo/.local/lib/python3.8/site-packages/airflow/example_dags/example_task_group.py
[2022-06-12 22:38:35,189] {logging_mixin.py:109} INFO - [2022-06-12 22:38:35,189] {dag.py:2398} INFO - Sync 1 DAGs
[2022-06-12 22:38:35,203] {logging_mixin.py:109} INFO - [2022-06-12 22:38:35,203] {dag.py:2937} INFO - Setting next_dagrun for example_task_group to 2022-06-11T20:38:35.202963+00:00
[2022-06-12 22:38:35,220] {processor.py:171} INFO - Processing /home/leizo/.local/lib/python3.8/site-packages/airflow/example_dags/example_task_group.py took 0.089 seconds
[2022-06-12 22:39:16,789] {processor.py:163} INFO - Started process (PID=3230) to work on /home/leizo/.local/lib/python3.8/site-packages/airflow/example_dags/example_task_group.py
[2022-06-12 22:39:16,793] {processor.py:642} INFO - Processing file /home/leizo/.local/lib/python3.8/site-packages/airflow/example_dags/example_task_group.py for tasks to queue
[2022-06-12 22:39:16,794] {logging_mixin.py:109} INFO - [2022-06-12 22:39:16,793] {dagbag.py:500} INFO - Filling up the DagBag from /home/leizo/.local/lib/python3.8/site-packages/airflow/example_dags/example_task_group.py
[2022-06-12 22:39:16,817] {processor.py:652} INFO - DAG(s) dict_keys(['example_task_group']) retrieved from /home/leizo/.local/lib/python3.8/site-packages/airflow/example_dags/example_task_group.py
[2022-06-12 22:39:16,844] {logging_mixin.py:109} INFO - [2022-06-12 22:39:16,844] {dag.py:2398} INFO - Sync 1 DAGs
[2022-06-12 22:39:16,855] {logging_mixin.py:109} INFO - [2022-06-12 22:39:16,855] {dag.py:2937} INFO - Setting next_dagrun for example_task_group to 2022-06-11T20:39:16.855396+00:00
[2022-06-12 22:39:16,868] {processor.py:171} INFO - Processing /home/leizo/.local/lib/python3.8/site-packages/airflow/example_dags/example_task_group.py took 0.084 seconds
[2022-06-12 22:39:58,334] {processor.py:163} INFO - Started process (PID=3272) to work on /home/leizo/.local/lib/python3.8/site-packages/airflow/example_dags/example_task_group.py
[2022-06-12 22:39:58,336] {processor.py:642} INFO - Processing file /home/leizo/.local/lib/python3.8/site-packages/airflow/example_dags/example_task_group.py for tasks to queue
[2022-06-12 22:39:58,336] {logging_mixin.py:109} INFO - [2022-06-12 22:39:58,336] {dagbag.py:500} INFO - Filling up the DagBag from /home/leizo/.local/lib/python3.8/site-packages/airflow/example_dags/example_task_group.py
[2022-06-12 22:39:58,358] {processor.py:652} INFO - DAG(s) dict_keys(['example_task_group']) retrieved from /home/leizo/.local/lib/python3.8/site-packages/airflow/example_dags/example_task_group.py
[2022-06-12 22:39:58,381] {logging_mixin.py:109} INFO - [2022-06-12 22:39:58,381] {dag.py:2398} INFO - Sync 1 DAGs
[2022-06-12 22:39:58,400] {logging_mixin.py:109} INFO - [2022-06-12 22:39:58,399] {dag.py:2937} INFO - Setting next_dagrun for example_task_group to 2022-06-11T20:39:58.399641+00:00
[2022-06-12 22:39:58,416] {processor.py:171} INFO - Processing /home/leizo/.local/lib/python3.8/site-packages/airflow/example_dags/example_task_group.py took 0.086 seconds
