[2022-06-12 22:00:00,096] {processor.py:163} INFO - Started process (PID=161) to work on /home/leizo/.local/lib/python3.8/site-packages/airflow/example_dags/example_branch_python_dop_operator_3.py
[2022-06-12 22:00:00,098] {processor.py:642} INFO - Processing file /home/leizo/.local/lib/python3.8/site-packages/airflow/example_dags/example_branch_python_dop_operator_3.py for tasks to queue
[2022-06-12 22:00:00,100] {logging_mixin.py:109} INFO - [2022-06-12 22:00:00,099] {dagbag.py:500} INFO - Filling up the DagBag from /home/leizo/.local/lib/python3.8/site-packages/airflow/example_dags/example_branch_python_dop_operator_3.py
[2022-06-12 22:00:00,182] {processor.py:652} INFO - DAG(s) dict_keys(['example_branch_dop_operator_v3']) retrieved from /home/leizo/.local/lib/python3.8/site-packages/airflow/example_dags/example_branch_python_dop_operator_3.py
[2022-06-12 22:00:00,230] {logging_mixin.py:109} INFO - [2022-06-12 22:00:00,230] {dag.py:2398} INFO - Sync 1 DAGs
[2022-06-12 22:00:00,297] {logging_mixin.py:109} INFO - [2022-06-12 22:00:00,296] {dag.py:2937} INFO - Setting next_dagrun for example_branch_dop_operator_v3 to 2022-06-12T19:59:00+00:00
[2022-06-12 22:00:00,324] {processor.py:171} INFO - Processing /home/leizo/.local/lib/python3.8/site-packages/airflow/example_dags/example_branch_python_dop_operator_3.py took 0.242 seconds
[2022-06-12 22:00:45,556] {processor.py:163} INFO - Started process (PID=195) to work on /home/leizo/.local/lib/python3.8/site-packages/airflow/example_dags/example_branch_python_dop_operator_3.py
[2022-06-12 22:00:45,559] {processor.py:642} INFO - Processing file /home/leizo/.local/lib/python3.8/site-packages/airflow/example_dags/example_branch_python_dop_operator_3.py for tasks to queue
[2022-06-12 22:00:45,561] {logging_mixin.py:109} INFO - [2022-06-12 22:00:45,561] {dagbag.py:500} INFO - Filling up the DagBag from /home/leizo/.local/lib/python3.8/site-packages/airflow/example_dags/example_branch_python_dop_operator_3.py
[2022-06-12 22:00:45,604] {processor.py:652} INFO - DAG(s) dict_keys(['example_branch_dop_operator_v3']) retrieved from /home/leizo/.local/lib/python3.8/site-packages/airflow/example_dags/example_branch_python_dop_operator_3.py
[2022-06-12 22:00:45,640] {logging_mixin.py:109} INFO - [2022-06-12 22:00:45,639] {dag.py:2398} INFO - Sync 1 DAGs
[2022-06-12 22:00:45,701] {logging_mixin.py:109} INFO - [2022-06-12 22:00:45,701] {dag.py:2937} INFO - Setting next_dagrun for example_branch_dop_operator_v3 to 2022-06-12T19:59:00+00:00
[2022-06-12 22:00:45,727] {processor.py:171} INFO - Processing /home/leizo/.local/lib/python3.8/site-packages/airflow/example_dags/example_branch_python_dop_operator_3.py took 0.177 seconds
[2022-06-12 22:01:39,723] {processor.py:163} INFO - Started process (PID=232) to work on /home/leizo/.local/lib/python3.8/site-packages/airflow/example_dags/example_branch_python_dop_operator_3.py
[2022-06-12 22:01:39,727] {processor.py:642} INFO - Processing file /home/leizo/.local/lib/python3.8/site-packages/airflow/example_dags/example_branch_python_dop_operator_3.py for tasks to queue
[2022-06-12 22:01:39,728] {logging_mixin.py:109} INFO - [2022-06-12 22:01:39,728] {dagbag.py:500} INFO - Filling up the DagBag from /home/leizo/.local/lib/python3.8/site-packages/airflow/example_dags/example_branch_python_dop_operator_3.py
[2022-06-12 22:01:39,767] {processor.py:652} INFO - DAG(s) dict_keys(['example_branch_dop_operator_v3']) retrieved from /home/leizo/.local/lib/python3.8/site-packages/airflow/example_dags/example_branch_python_dop_operator_3.py
[2022-06-12 22:01:39,796] {logging_mixin.py:109} INFO - [2022-06-12 22:01:39,796] {dag.py:2398} INFO - Sync 1 DAGs
[2022-06-12 22:01:39,850] {logging_mixin.py:109} INFO - [2022-06-12 22:01:39,850] {dag.py:2937} INFO - Setting next_dagrun for example_branch_dop_operator_v3 to 2022-06-12T20:00:00+00:00
[2022-06-12 22:01:39,877] {processor.py:171} INFO - Processing /home/leizo/.local/lib/python3.8/site-packages/airflow/example_dags/example_branch_python_dop_operator_3.py took 0.161 seconds
[2022-06-12 22:02:21,731] {processor.py:163} INFO - Started process (PID=266) to work on /home/leizo/.local/lib/python3.8/site-packages/airflow/example_dags/example_branch_python_dop_operator_3.py
[2022-06-12 22:02:21,733] {processor.py:642} INFO - Processing file /home/leizo/.local/lib/python3.8/site-packages/airflow/example_dags/example_branch_python_dop_operator_3.py for tasks to queue
[2022-06-12 22:02:21,733] {logging_mixin.py:109} INFO - [2022-06-12 22:02:21,733] {dagbag.py:500} INFO - Filling up the DagBag from /home/leizo/.local/lib/python3.8/site-packages/airflow/example_dags/example_branch_python_dop_operator_3.py
[2022-06-12 22:02:21,753] {processor.py:652} INFO - DAG(s) dict_keys(['example_branch_dop_operator_v3']) retrieved from /home/leizo/.local/lib/python3.8/site-packages/airflow/example_dags/example_branch_python_dop_operator_3.py
[2022-06-12 22:02:21,776] {logging_mixin.py:109} INFO - [2022-06-12 22:02:21,776] {dag.py:2398} INFO - Sync 1 DAGs
[2022-06-12 22:02:21,801] {logging_mixin.py:109} INFO - [2022-06-12 22:02:21,801] {dag.py:2937} INFO - Setting next_dagrun for example_branch_dop_operator_v3 to 2022-06-12T20:01:00+00:00
[2022-06-12 22:02:21,814] {processor.py:171} INFO - Processing /home/leizo/.local/lib/python3.8/site-packages/airflow/example_dags/example_branch_python_dop_operator_3.py took 0.086 seconds
[2022-06-12 22:03:06,857] {processor.py:163} INFO - Started process (PID=303) to work on /home/leizo/.local/lib/python3.8/site-packages/airflow/example_dags/example_branch_python_dop_operator_3.py
[2022-06-12 22:03:06,858] {processor.py:642} INFO - Processing file /home/leizo/.local/lib/python3.8/site-packages/airflow/example_dags/example_branch_python_dop_operator_3.py for tasks to queue
[2022-06-12 22:03:06,859] {logging_mixin.py:109} INFO - [2022-06-12 22:03:06,859] {dagbag.py:500} INFO - Filling up the DagBag from /home/leizo/.local/lib/python3.8/site-packages/airflow/example_dags/example_branch_python_dop_operator_3.py
[2022-06-12 22:03:06,876] {processor.py:652} INFO - DAG(s) dict_keys(['example_branch_dop_operator_v3']) retrieved from /home/leizo/.local/lib/python3.8/site-packages/airflow/example_dags/example_branch_python_dop_operator_3.py
[2022-06-12 22:03:06,889] {logging_mixin.py:109} INFO - [2022-06-12 22:03:06,889] {dag.py:2398} INFO - Sync 1 DAGs
[2022-06-12 22:03:06,914] {logging_mixin.py:109} INFO - [2022-06-12 22:03:06,914] {dag.py:2937} INFO - Setting next_dagrun for example_branch_dop_operator_v3 to 2022-06-12T20:02:00+00:00
[2022-06-12 22:03:06,930] {processor.py:171} INFO - Processing /home/leizo/.local/lib/python3.8/site-packages/airflow/example_dags/example_branch_python_dop_operator_3.py took 0.077 seconds
[2022-06-12 22:03:54,075] {processor.py:163} INFO - Started process (PID=341) to work on /home/leizo/.local/lib/python3.8/site-packages/airflow/example_dags/example_branch_python_dop_operator_3.py
[2022-06-12 22:03:54,078] {processor.py:642} INFO - Processing file /home/leizo/.local/lib/python3.8/site-packages/airflow/example_dags/example_branch_python_dop_operator_3.py for tasks to queue
[2022-06-12 22:03:54,080] {logging_mixin.py:109} INFO - [2022-06-12 22:03:54,079] {dagbag.py:500} INFO - Filling up the DagBag from /home/leizo/.local/lib/python3.8/site-packages/airflow/example_dags/example_branch_python_dop_operator_3.py
[2022-06-12 22:03:54,113] {processor.py:652} INFO - DAG(s) dict_keys(['example_branch_dop_operator_v3']) retrieved from /home/leizo/.local/lib/python3.8/site-packages/airflow/example_dags/example_branch_python_dop_operator_3.py
[2022-06-12 22:03:54,149] {logging_mixin.py:109} INFO - [2022-06-12 22:03:54,148] {dag.py:2398} INFO - Sync 1 DAGs
[2022-06-12 22:03:54,200] {logging_mixin.py:109} INFO - [2022-06-12 22:03:54,200] {dag.py:2937} INFO - Setting next_dagrun for example_branch_dop_operator_v3 to 2022-06-12T20:02:00+00:00
[2022-06-12 22:03:54,228] {processor.py:171} INFO - Processing /home/leizo/.local/lib/python3.8/site-packages/airflow/example_dags/example_branch_python_dop_operator_3.py took 0.164 seconds
[2022-06-12 22:04:50,280] {processor.py:163} INFO - Started process (PID=378) to work on /home/leizo/.local/lib/python3.8/site-packages/airflow/example_dags/example_branch_python_dop_operator_3.py
[2022-06-12 22:04:50,285] {processor.py:642} INFO - Processing file /home/leizo/.local/lib/python3.8/site-packages/airflow/example_dags/example_branch_python_dop_operator_3.py for tasks to queue
[2022-06-12 22:04:50,286] {logging_mixin.py:109} INFO - [2022-06-12 22:04:50,286] {dagbag.py:500} INFO - Filling up the DagBag from /home/leizo/.local/lib/python3.8/site-packages/airflow/example_dags/example_branch_python_dop_operator_3.py
[2022-06-12 22:04:50,356] {processor.py:652} INFO - DAG(s) dict_keys(['example_branch_dop_operator_v3']) retrieved from /home/leizo/.local/lib/python3.8/site-packages/airflow/example_dags/example_branch_python_dop_operator_3.py
[2022-06-12 22:04:50,401] {logging_mixin.py:109} INFO - [2022-06-12 22:04:50,400] {dag.py:2398} INFO - Sync 1 DAGs
[2022-06-12 22:04:50,490] {logging_mixin.py:109} INFO - [2022-06-12 22:04:50,490] {dag.py:2937} INFO - Setting next_dagrun for example_branch_dop_operator_v3 to 2022-06-12T20:03:00+00:00
[2022-06-12 22:04:50,518] {processor.py:171} INFO - Processing /home/leizo/.local/lib/python3.8/site-packages/airflow/example_dags/example_branch_python_dop_operator_3.py took 0.251 seconds
[2022-06-12 22:05:47,715] {processor.py:163} INFO - Started process (PID=456) to work on /home/leizo/.local/lib/python3.8/site-packages/airflow/example_dags/example_branch_python_dop_operator_3.py
[2022-06-12 22:05:47,722] {processor.py:642} INFO - Processing file /home/leizo/.local/lib/python3.8/site-packages/airflow/example_dags/example_branch_python_dop_operator_3.py for tasks to queue
[2022-06-12 22:05:47,723] {logging_mixin.py:109} INFO - [2022-06-12 22:05:47,723] {dagbag.py:500} INFO - Filling up the DagBag from /home/leizo/.local/lib/python3.8/site-packages/airflow/example_dags/example_branch_python_dop_operator_3.py
[2022-06-12 22:05:47,771] {processor.py:652} INFO - DAG(s) dict_keys(['example_branch_dop_operator_v3']) retrieved from /home/leizo/.local/lib/python3.8/site-packages/airflow/example_dags/example_branch_python_dop_operator_3.py
[2022-06-12 22:05:47,808] {logging_mixin.py:109} INFO - [2022-06-12 22:05:47,807] {dag.py:2398} INFO - Sync 1 DAGs
[2022-06-12 22:05:47,870] {logging_mixin.py:109} INFO - [2022-06-12 22:05:47,870] {dag.py:2937} INFO - Setting next_dagrun for example_branch_dop_operator_v3 to 2022-06-12T20:04:00+00:00
[2022-06-12 22:05:47,901] {processor.py:171} INFO - Processing /home/leizo/.local/lib/python3.8/site-packages/airflow/example_dags/example_branch_python_dop_operator_3.py took 0.193 seconds
[2022-06-12 22:06:39,155] {processor.py:163} INFO - Started process (PID=622) to work on /home/leizo/.local/lib/python3.8/site-packages/airflow/example_dags/example_branch_python_dop_operator_3.py
[2022-06-12 22:06:39,157] {processor.py:642} INFO - Processing file /home/leizo/.local/lib/python3.8/site-packages/airflow/example_dags/example_branch_python_dop_operator_3.py for tasks to queue
[2022-06-12 22:06:39,158] {logging_mixin.py:109} INFO - [2022-06-12 22:06:39,158] {dagbag.py:500} INFO - Filling up the DagBag from /home/leizo/.local/lib/python3.8/site-packages/airflow/example_dags/example_branch_python_dop_operator_3.py
[2022-06-12 22:06:39,199] {processor.py:652} INFO - DAG(s) dict_keys(['example_branch_dop_operator_v3']) retrieved from /home/leizo/.local/lib/python3.8/site-packages/airflow/example_dags/example_branch_python_dop_operator_3.py
[2022-06-12 22:06:39,228] {logging_mixin.py:109} INFO - [2022-06-12 22:06:39,228] {dag.py:2398} INFO - Sync 1 DAGs
[2022-06-12 22:06:39,280] {logging_mixin.py:109} INFO - [2022-06-12 22:06:39,280] {dag.py:2937} INFO - Setting next_dagrun for example_branch_dop_operator_v3 to 2022-06-12T20:05:00+00:00
[2022-06-12 22:06:39,302] {processor.py:171} INFO - Processing /home/leizo/.local/lib/python3.8/site-packages/airflow/example_dags/example_branch_python_dop_operator_3.py took 0.152 seconds
[2022-06-12 22:07:18,793] {processor.py:163} INFO - Started process (PID=656) to work on /home/leizo/.local/lib/python3.8/site-packages/airflow/example_dags/example_branch_python_dop_operator_3.py
[2022-06-12 22:07:18,795] {processor.py:642} INFO - Processing file /home/leizo/.local/lib/python3.8/site-packages/airflow/example_dags/example_branch_python_dop_operator_3.py for tasks to queue
[2022-06-12 22:07:18,796] {logging_mixin.py:109} INFO - [2022-06-12 22:07:18,795] {dagbag.py:500} INFO - Filling up the DagBag from /home/leizo/.local/lib/python3.8/site-packages/airflow/example_dags/example_branch_python_dop_operator_3.py
[2022-06-12 22:07:18,820] {processor.py:652} INFO - DAG(s) dict_keys(['example_branch_dop_operator_v3']) retrieved from /home/leizo/.local/lib/python3.8/site-packages/airflow/example_dags/example_branch_python_dop_operator_3.py
[2022-06-12 22:07:18,838] {logging_mixin.py:109} INFO - [2022-06-12 22:07:18,838] {dag.py:2398} INFO - Sync 1 DAGs
[2022-06-12 22:07:18,865] {logging_mixin.py:109} INFO - [2022-06-12 22:07:18,864] {dag.py:2937} INFO - Setting next_dagrun for example_branch_dop_operator_v3 to 2022-06-12T20:06:00+00:00
[2022-06-12 22:07:18,883] {processor.py:171} INFO - Processing /home/leizo/.local/lib/python3.8/site-packages/airflow/example_dags/example_branch_python_dop_operator_3.py took 0.094 seconds
[2022-06-12 22:07:57,663] {processor.py:163} INFO - Started process (PID=692) to work on /home/leizo/.local/lib/python3.8/site-packages/airflow/example_dags/example_branch_python_dop_operator_3.py
[2022-06-12 22:07:57,665] {processor.py:642} INFO - Processing file /home/leizo/.local/lib/python3.8/site-packages/airflow/example_dags/example_branch_python_dop_operator_3.py for tasks to queue
[2022-06-12 22:07:57,666] {logging_mixin.py:109} INFO - [2022-06-12 22:07:57,666] {dagbag.py:500} INFO - Filling up the DagBag from /home/leizo/.local/lib/python3.8/site-packages/airflow/example_dags/example_branch_python_dop_operator_3.py
[2022-06-12 22:07:57,693] {processor.py:652} INFO - DAG(s) dict_keys(['example_branch_dop_operator_v3']) retrieved from /home/leizo/.local/lib/python3.8/site-packages/airflow/example_dags/example_branch_python_dop_operator_3.py
[2022-06-12 22:07:57,711] {logging_mixin.py:109} INFO - [2022-06-12 22:07:57,711] {dag.py:2398} INFO - Sync 1 DAGs
[2022-06-12 22:07:57,746] {logging_mixin.py:109} INFO - [2022-06-12 22:07:57,746] {dag.py:2937} INFO - Setting next_dagrun for example_branch_dop_operator_v3 to 2022-06-12T20:06:00+00:00
[2022-06-12 22:07:57,764] {processor.py:171} INFO - Processing /home/leizo/.local/lib/python3.8/site-packages/airflow/example_dags/example_branch_python_dop_operator_3.py took 0.105 seconds
[2022-06-12 22:08:34,515] {processor.py:163} INFO - Started process (PID=728) to work on /home/leizo/.local/lib/python3.8/site-packages/airflow/example_dags/example_branch_python_dop_operator_3.py
[2022-06-12 22:08:34,517] {processor.py:642} INFO - Processing file /home/leizo/.local/lib/python3.8/site-packages/airflow/example_dags/example_branch_python_dop_operator_3.py for tasks to queue
[2022-06-12 22:08:34,517] {logging_mixin.py:109} INFO - [2022-06-12 22:08:34,517] {dagbag.py:500} INFO - Filling up the DagBag from /home/leizo/.local/lib/python3.8/site-packages/airflow/example_dags/example_branch_python_dop_operator_3.py
[2022-06-12 22:08:34,539] {processor.py:652} INFO - DAG(s) dict_keys(['example_branch_dop_operator_v3']) retrieved from /home/leizo/.local/lib/python3.8/site-packages/airflow/example_dags/example_branch_python_dop_operator_3.py
[2022-06-12 22:08:34,561] {logging_mixin.py:109} INFO - [2022-06-12 22:08:34,561] {dag.py:2398} INFO - Sync 1 DAGs
[2022-06-12 22:08:34,582] {logging_mixin.py:109} INFO - [2022-06-12 22:08:34,582] {dag.py:2937} INFO - Setting next_dagrun for example_branch_dop_operator_v3 to 2022-06-12T20:07:00+00:00
[2022-06-12 22:08:34,595] {processor.py:171} INFO - Processing /home/leizo/.local/lib/python3.8/site-packages/airflow/example_dags/example_branch_python_dop_operator_3.py took 0.084 seconds
[2022-06-12 22:09:14,891] {processor.py:163} INFO - Started process (PID=765) to work on /home/leizo/.local/lib/python3.8/site-packages/airflow/example_dags/example_branch_python_dop_operator_3.py
[2022-06-12 22:09:14,893] {processor.py:642} INFO - Processing file /home/leizo/.local/lib/python3.8/site-packages/airflow/example_dags/example_branch_python_dop_operator_3.py for tasks to queue
[2022-06-12 22:09:14,893] {logging_mixin.py:109} INFO - [2022-06-12 22:09:14,893] {dagbag.py:500} INFO - Filling up the DagBag from /home/leizo/.local/lib/python3.8/site-packages/airflow/example_dags/example_branch_python_dop_operator_3.py
[2022-06-12 22:09:14,912] {processor.py:652} INFO - DAG(s) dict_keys(['example_branch_dop_operator_v3']) retrieved from /home/leizo/.local/lib/python3.8/site-packages/airflow/example_dags/example_branch_python_dop_operator_3.py
[2022-06-12 22:09:14,928] {logging_mixin.py:109} INFO - [2022-06-12 22:09:14,928] {dag.py:2398} INFO - Sync 1 DAGs
[2022-06-12 22:09:14,960] {logging_mixin.py:109} INFO - [2022-06-12 22:09:14,960] {dag.py:2937} INFO - Setting next_dagrun for example_branch_dop_operator_v3 to 2022-06-12T20:08:00+00:00
[2022-06-12 22:09:14,974] {processor.py:171} INFO - Processing /home/leizo/.local/lib/python3.8/site-packages/airflow/example_dags/example_branch_python_dop_operator_3.py took 0.088 seconds
[2022-06-12 22:09:56,357] {processor.py:163} INFO - Started process (PID=802) to work on /home/leizo/.local/lib/python3.8/site-packages/airflow/example_dags/example_branch_python_dop_operator_3.py
[2022-06-12 22:09:56,359] {processor.py:642} INFO - Processing file /home/leizo/.local/lib/python3.8/site-packages/airflow/example_dags/example_branch_python_dop_operator_3.py for tasks to queue
[2022-06-12 22:09:56,360] {logging_mixin.py:109} INFO - [2022-06-12 22:09:56,359] {dagbag.py:500} INFO - Filling up the DagBag from /home/leizo/.local/lib/python3.8/site-packages/airflow/example_dags/example_branch_python_dop_operator_3.py
[2022-06-12 22:09:56,377] {processor.py:652} INFO - DAG(s) dict_keys(['example_branch_dop_operator_v3']) retrieved from /home/leizo/.local/lib/python3.8/site-packages/airflow/example_dags/example_branch_python_dop_operator_3.py
[2022-06-12 22:09:56,389] {logging_mixin.py:109} INFO - [2022-06-12 22:09:56,389] {dag.py:2398} INFO - Sync 1 DAGs
[2022-06-12 22:09:56,410] {logging_mixin.py:109} INFO - [2022-06-12 22:09:56,410] {dag.py:2937} INFO - Setting next_dagrun for example_branch_dop_operator_v3 to 2022-06-12T20:08:00+00:00
[2022-06-12 22:09:56,428] {processor.py:171} INFO - Processing /home/leizo/.local/lib/python3.8/site-packages/airflow/example_dags/example_branch_python_dop_operator_3.py took 0.074 seconds
[2022-06-12 22:10:35,042] {processor.py:163} INFO - Started process (PID=835) to work on /home/leizo/.local/lib/python3.8/site-packages/airflow/example_dags/example_branch_python_dop_operator_3.py
[2022-06-12 22:10:35,044] {processor.py:642} INFO - Processing file /home/leizo/.local/lib/python3.8/site-packages/airflow/example_dags/example_branch_python_dop_operator_3.py for tasks to queue
[2022-06-12 22:10:35,045] {logging_mixin.py:109} INFO - [2022-06-12 22:10:35,045] {dagbag.py:500} INFO - Filling up the DagBag from /home/leizo/.local/lib/python3.8/site-packages/airflow/example_dags/example_branch_python_dop_operator_3.py
[2022-06-12 22:10:35,088] {processor.py:652} INFO - DAG(s) dict_keys(['example_branch_dop_operator_v3']) retrieved from /home/leizo/.local/lib/python3.8/site-packages/airflow/example_dags/example_branch_python_dop_operator_3.py
[2022-06-12 22:10:35,121] {logging_mixin.py:109} INFO - [2022-06-12 22:10:35,121] {dag.py:2398} INFO - Sync 1 DAGs
[2022-06-12 22:10:35,159] {logging_mixin.py:109} INFO - [2022-06-12 22:10:35,159] {dag.py:2937} INFO - Setting next_dagrun for example_branch_dop_operator_v3 to 2022-06-12T20:09:00+00:00
[2022-06-12 22:10:35,186] {processor.py:171} INFO - Processing /home/leizo/.local/lib/python3.8/site-packages/airflow/example_dags/example_branch_python_dop_operator_3.py took 0.152 seconds
[2022-06-12 22:11:22,848] {processor.py:163} INFO - Started process (PID=868) to work on /home/leizo/.local/lib/python3.8/site-packages/airflow/example_dags/example_branch_python_dop_operator_3.py
[2022-06-12 22:11:22,851] {processor.py:642} INFO - Processing file /home/leizo/.local/lib/python3.8/site-packages/airflow/example_dags/example_branch_python_dop_operator_3.py for tasks to queue
[2022-06-12 22:11:22,853] {logging_mixin.py:109} INFO - [2022-06-12 22:11:22,852] {dagbag.py:500} INFO - Filling up the DagBag from /home/leizo/.local/lib/python3.8/site-packages/airflow/example_dags/example_branch_python_dop_operator_3.py
[2022-06-12 22:11:22,928] {processor.py:652} INFO - DAG(s) dict_keys(['example_branch_dop_operator_v3']) retrieved from /home/leizo/.local/lib/python3.8/site-packages/airflow/example_dags/example_branch_python_dop_operator_3.py
[2022-06-12 22:11:22,992] {logging_mixin.py:109} INFO - [2022-06-12 22:11:22,992] {dag.py:2398} INFO - Sync 1 DAGs
[2022-06-12 22:11:23,117] {logging_mixin.py:109} INFO - [2022-06-12 22:11:23,107] {dag.py:2937} INFO - Setting next_dagrun for example_branch_dop_operator_v3 to 2022-06-12T20:10:00+00:00
[2022-06-12 22:11:23,167] {processor.py:171} INFO - Processing /home/leizo/.local/lib/python3.8/site-packages/airflow/example_dags/example_branch_python_dop_operator_3.py took 0.334 seconds
[2022-06-12 22:12:06,668] {processor.py:163} INFO - Started process (PID=903) to work on /home/leizo/.local/lib/python3.8/site-packages/airflow/example_dags/example_branch_python_dop_operator_3.py
[2022-06-12 22:12:06,674] {processor.py:642} INFO - Processing file /home/leizo/.local/lib/python3.8/site-packages/airflow/example_dags/example_branch_python_dop_operator_3.py for tasks to queue
[2022-06-12 22:12:06,675] {logging_mixin.py:109} INFO - [2022-06-12 22:12:06,675] {dagbag.py:500} INFO - Filling up the DagBag from /home/leizo/.local/lib/python3.8/site-packages/airflow/example_dags/example_branch_python_dop_operator_3.py
[2022-06-12 22:12:06,730] {processor.py:652} INFO - DAG(s) dict_keys(['example_branch_dop_operator_v3']) retrieved from /home/leizo/.local/lib/python3.8/site-packages/airflow/example_dags/example_branch_python_dop_operator_3.py
[2022-06-12 22:12:06,784] {logging_mixin.py:109} INFO - [2022-06-12 22:12:06,784] {dag.py:2398} INFO - Sync 1 DAGs
[2022-06-12 22:12:06,839] {logging_mixin.py:109} INFO - [2022-06-12 22:12:06,839] {dag.py:2937} INFO - Setting next_dagrun for example_branch_dop_operator_v3 to 2022-06-12T20:11:00+00:00
[2022-06-12 22:12:06,865] {processor.py:171} INFO - Processing /home/leizo/.local/lib/python3.8/site-packages/airflow/example_dags/example_branch_python_dop_operator_3.py took 0.202 seconds
[2022-06-12 22:12:54,187] {processor.py:163} INFO - Started process (PID=943) to work on /home/leizo/.local/lib/python3.8/site-packages/airflow/example_dags/example_branch_python_dop_operator_3.py
[2022-06-12 22:12:54,190] {processor.py:642} INFO - Processing file /home/leizo/.local/lib/python3.8/site-packages/airflow/example_dags/example_branch_python_dop_operator_3.py for tasks to queue
[2022-06-12 22:12:54,191] {logging_mixin.py:109} INFO - [2022-06-12 22:12:54,191] {dagbag.py:500} INFO - Filling up the DagBag from /home/leizo/.local/lib/python3.8/site-packages/airflow/example_dags/example_branch_python_dop_operator_3.py
[2022-06-12 22:12:54,215] {processor.py:652} INFO - DAG(s) dict_keys(['example_branch_dop_operator_v3']) retrieved from /home/leizo/.local/lib/python3.8/site-packages/airflow/example_dags/example_branch_python_dop_operator_3.py
[2022-06-12 22:12:54,239] {logging_mixin.py:109} INFO - [2022-06-12 22:12:54,238] {dag.py:2398} INFO - Sync 1 DAGs
[2022-06-12 22:12:54,280] {logging_mixin.py:109} INFO - [2022-06-12 22:12:54,280] {dag.py:2937} INFO - Setting next_dagrun for example_branch_dop_operator_v3 to 2022-06-12T20:11:00+00:00
[2022-06-12 22:12:54,298] {processor.py:171} INFO - Processing /home/leizo/.local/lib/python3.8/site-packages/airflow/example_dags/example_branch_python_dop_operator_3.py took 0.117 seconds
[2022-06-12 22:13:34,735] {processor.py:163} INFO - Started process (PID=980) to work on /home/leizo/.local/lib/python3.8/site-packages/airflow/example_dags/example_branch_python_dop_operator_3.py
[2022-06-12 22:13:34,736] {processor.py:642} INFO - Processing file /home/leizo/.local/lib/python3.8/site-packages/airflow/example_dags/example_branch_python_dop_operator_3.py for tasks to queue
[2022-06-12 22:13:34,737] {logging_mixin.py:109} INFO - [2022-06-12 22:13:34,737] {dagbag.py:500} INFO - Filling up the DagBag from /home/leizo/.local/lib/python3.8/site-packages/airflow/example_dags/example_branch_python_dop_operator_3.py
[2022-06-12 22:13:34,760] {processor.py:652} INFO - DAG(s) dict_keys(['example_branch_dop_operator_v3']) retrieved from /home/leizo/.local/lib/python3.8/site-packages/airflow/example_dags/example_branch_python_dop_operator_3.py
[2022-06-12 22:13:34,779] {logging_mixin.py:109} INFO - [2022-06-12 22:13:34,778] {dag.py:2398} INFO - Sync 1 DAGs
[2022-06-12 22:13:34,821] {logging_mixin.py:109} INFO - [2022-06-12 22:13:34,821] {dag.py:2937} INFO - Setting next_dagrun for example_branch_dop_operator_v3 to 2022-06-12T20:12:00+00:00
[2022-06-12 22:13:34,839] {processor.py:171} INFO - Processing /home/leizo/.local/lib/python3.8/site-packages/airflow/example_dags/example_branch_python_dop_operator_3.py took 0.108 seconds
[2022-06-12 22:14:13,851] {processor.py:163} INFO - Started process (PID=1015) to work on /home/leizo/.local/lib/python3.8/site-packages/airflow/example_dags/example_branch_python_dop_operator_3.py
[2022-06-12 22:14:13,853] {processor.py:642} INFO - Processing file /home/leizo/.local/lib/python3.8/site-packages/airflow/example_dags/example_branch_python_dop_operator_3.py for tasks to queue
[2022-06-12 22:14:13,854] {logging_mixin.py:109} INFO - [2022-06-12 22:14:13,854] {dagbag.py:500} INFO - Filling up the DagBag from /home/leizo/.local/lib/python3.8/site-packages/airflow/example_dags/example_branch_python_dop_operator_3.py
[2022-06-12 22:14:13,878] {processor.py:652} INFO - DAG(s) dict_keys(['example_branch_dop_operator_v3']) retrieved from /home/leizo/.local/lib/python3.8/site-packages/airflow/example_dags/example_branch_python_dop_operator_3.py
[2022-06-12 22:14:13,894] {logging_mixin.py:109} INFO - [2022-06-12 22:14:13,894] {dag.py:2398} INFO - Sync 1 DAGs
[2022-06-12 22:14:13,921] {logging_mixin.py:109} INFO - [2022-06-12 22:14:13,920] {dag.py:2937} INFO - Setting next_dagrun for example_branch_dop_operator_v3 to 2022-06-12T20:13:00+00:00
[2022-06-12 22:14:13,939] {processor.py:171} INFO - Processing /home/leizo/.local/lib/python3.8/site-packages/airflow/example_dags/example_branch_python_dop_operator_3.py took 0.091 seconds
[2022-06-12 22:14:47,917] {processor.py:163} INFO - Started process (PID=1048) to work on /home/leizo/.local/lib/python3.8/site-packages/airflow/example_dags/example_branch_python_dop_operator_3.py
[2022-06-12 22:14:47,918] {processor.py:642} INFO - Processing file /home/leizo/.local/lib/python3.8/site-packages/airflow/example_dags/example_branch_python_dop_operator_3.py for tasks to queue
[2022-06-12 22:14:47,918] {logging_mixin.py:109} INFO - [2022-06-12 22:14:47,918] {dagbag.py:500} INFO - Filling up the DagBag from /home/leizo/.local/lib/python3.8/site-packages/airflow/example_dags/example_branch_python_dop_operator_3.py
[2022-06-12 22:14:47,935] {processor.py:652} INFO - DAG(s) dict_keys(['example_branch_dop_operator_v3']) retrieved from /home/leizo/.local/lib/python3.8/site-packages/airflow/example_dags/example_branch_python_dop_operator_3.py
[2022-06-12 22:14:47,946] {logging_mixin.py:109} INFO - [2022-06-12 22:14:47,945] {dag.py:2398} INFO - Sync 1 DAGs
[2022-06-12 22:14:47,961] {logging_mixin.py:109} INFO - [2022-06-12 22:14:47,961] {dag.py:2937} INFO - Setting next_dagrun for example_branch_dop_operator_v3 to 2022-06-12T20:13:00+00:00
[2022-06-12 22:14:47,975] {processor.py:171} INFO - Processing /home/leizo/.local/lib/python3.8/site-packages/airflow/example_dags/example_branch_python_dop_operator_3.py took 0.062 seconds
[2022-06-12 22:15:25,643] {processor.py:163} INFO - Started process (PID=1085) to work on /home/leizo/.local/lib/python3.8/site-packages/airflow/example_dags/example_branch_python_dop_operator_3.py
[2022-06-12 22:15:25,645] {processor.py:642} INFO - Processing file /home/leizo/.local/lib/python3.8/site-packages/airflow/example_dags/example_branch_python_dop_operator_3.py for tasks to queue
[2022-06-12 22:15:25,646] {logging_mixin.py:109} INFO - [2022-06-12 22:15:25,646] {dagbag.py:500} INFO - Filling up the DagBag from /home/leizo/.local/lib/python3.8/site-packages/airflow/example_dags/example_branch_python_dop_operator_3.py
[2022-06-12 22:15:25,665] {processor.py:652} INFO - DAG(s) dict_keys(['example_branch_dop_operator_v3']) retrieved from /home/leizo/.local/lib/python3.8/site-packages/airflow/example_dags/example_branch_python_dop_operator_3.py
[2022-06-12 22:15:25,676] {logging_mixin.py:109} INFO - [2022-06-12 22:15:25,676] {dag.py:2398} INFO - Sync 1 DAGs
[2022-06-12 22:15:25,695] {logging_mixin.py:109} INFO - [2022-06-12 22:15:25,695] {dag.py:2937} INFO - Setting next_dagrun for example_branch_dop_operator_v3 to 2022-06-12T20:14:00+00:00
[2022-06-12 22:15:25,711] {processor.py:171} INFO - Processing /home/leizo/.local/lib/python3.8/site-packages/airflow/example_dags/example_branch_python_dop_operator_3.py took 0.071 seconds
[2022-06-12 22:16:00,688] {processor.py:163} INFO - Started process (PID=1119) to work on /home/leizo/.local/lib/python3.8/site-packages/airflow/example_dags/example_branch_python_dop_operator_3.py
[2022-06-12 22:16:00,689] {processor.py:642} INFO - Processing file /home/leizo/.local/lib/python3.8/site-packages/airflow/example_dags/example_branch_python_dop_operator_3.py for tasks to queue
[2022-06-12 22:16:00,690] {logging_mixin.py:109} INFO - [2022-06-12 22:16:00,690] {dagbag.py:500} INFO - Filling up the DagBag from /home/leizo/.local/lib/python3.8/site-packages/airflow/example_dags/example_branch_python_dop_operator_3.py
[2022-06-12 22:16:00,703] {processor.py:652} INFO - DAG(s) dict_keys(['example_branch_dop_operator_v3']) retrieved from /home/leizo/.local/lib/python3.8/site-packages/airflow/example_dags/example_branch_python_dop_operator_3.py
[2022-06-12 22:16:00,713] {logging_mixin.py:109} INFO - [2022-06-12 22:16:00,713] {dag.py:2398} INFO - Sync 1 DAGs
[2022-06-12 22:16:00,735] {logging_mixin.py:109} INFO - [2022-06-12 22:16:00,735] {dag.py:2937} INFO - Setting next_dagrun for example_branch_dop_operator_v3 to 2022-06-12T20:15:00+00:00
[2022-06-12 22:16:00,749] {processor.py:171} INFO - Processing /home/leizo/.local/lib/python3.8/site-packages/airflow/example_dags/example_branch_python_dop_operator_3.py took 0.064 seconds
[2022-06-12 22:16:35,354] {processor.py:163} INFO - Started process (PID=1152) to work on /home/leizo/.local/lib/python3.8/site-packages/airflow/example_dags/example_branch_python_dop_operator_3.py
[2022-06-12 22:16:35,355] {processor.py:642} INFO - Processing file /home/leizo/.local/lib/python3.8/site-packages/airflow/example_dags/example_branch_python_dop_operator_3.py for tasks to queue
[2022-06-12 22:16:35,356] {logging_mixin.py:109} INFO - [2022-06-12 22:16:35,355] {dagbag.py:500} INFO - Filling up the DagBag from /home/leizo/.local/lib/python3.8/site-packages/airflow/example_dags/example_branch_python_dop_operator_3.py
[2022-06-12 22:16:35,371] {processor.py:652} INFO - DAG(s) dict_keys(['example_branch_dop_operator_v3']) retrieved from /home/leizo/.local/lib/python3.8/site-packages/airflow/example_dags/example_branch_python_dop_operator_3.py
[2022-06-12 22:16:35,379] {logging_mixin.py:109} INFO - [2022-06-12 22:16:35,379] {dag.py:2398} INFO - Sync 1 DAGs
[2022-06-12 22:16:35,392] {logging_mixin.py:109} INFO - [2022-06-12 22:16:35,392] {dag.py:2937} INFO - Setting next_dagrun for example_branch_dop_operator_v3 to 2022-06-12T20:15:00+00:00
[2022-06-12 22:16:35,404] {processor.py:171} INFO - Processing /home/leizo/.local/lib/python3.8/site-packages/airflow/example_dags/example_branch_python_dop_operator_3.py took 0.052 seconds
[2022-06-12 22:17:13,279] {processor.py:163} INFO - Started process (PID=1189) to work on /home/leizo/.local/lib/python3.8/site-packages/airflow/example_dags/example_branch_python_dop_operator_3.py
[2022-06-12 22:17:13,280] {processor.py:642} INFO - Processing file /home/leizo/.local/lib/python3.8/site-packages/airflow/example_dags/example_branch_python_dop_operator_3.py for tasks to queue
[2022-06-12 22:17:13,281] {logging_mixin.py:109} INFO - [2022-06-12 22:17:13,281] {dagbag.py:500} INFO - Filling up the DagBag from /home/leizo/.local/lib/python3.8/site-packages/airflow/example_dags/example_branch_python_dop_operator_3.py
[2022-06-12 22:17:13,299] {processor.py:652} INFO - DAG(s) dict_keys(['example_branch_dop_operator_v3']) retrieved from /home/leizo/.local/lib/python3.8/site-packages/airflow/example_dags/example_branch_python_dop_operator_3.py
[2022-06-12 22:17:13,310] {logging_mixin.py:109} INFO - [2022-06-12 22:17:13,309] {dag.py:2398} INFO - Sync 1 DAGs
[2022-06-12 22:17:13,324] {logging_mixin.py:109} INFO - [2022-06-12 22:17:13,324] {dag.py:2937} INFO - Setting next_dagrun for example_branch_dop_operator_v3 to 2022-06-12T20:16:00+00:00
[2022-06-12 22:17:13,336] {processor.py:171} INFO - Processing /home/leizo/.local/lib/python3.8/site-packages/airflow/example_dags/example_branch_python_dop_operator_3.py took 0.059 seconds
[2022-06-12 22:17:50,980] {processor.py:163} INFO - Started process (PID=1226) to work on /home/leizo/.local/lib/python3.8/site-packages/airflow/example_dags/example_branch_python_dop_operator_3.py
[2022-06-12 22:17:50,982] {processor.py:642} INFO - Processing file /home/leizo/.local/lib/python3.8/site-packages/airflow/example_dags/example_branch_python_dop_operator_3.py for tasks to queue
[2022-06-12 22:17:50,983] {logging_mixin.py:109} INFO - [2022-06-12 22:17:50,982] {dagbag.py:500} INFO - Filling up the DagBag from /home/leizo/.local/lib/python3.8/site-packages/airflow/example_dags/example_branch_python_dop_operator_3.py
[2022-06-12 22:17:50,999] {processor.py:652} INFO - DAG(s) dict_keys(['example_branch_dop_operator_v3']) retrieved from /home/leizo/.local/lib/python3.8/site-packages/airflow/example_dags/example_branch_python_dop_operator_3.py
[2022-06-12 22:17:51,008] {logging_mixin.py:109} INFO - [2022-06-12 22:17:51,008] {dag.py:2398} INFO - Sync 1 DAGs
[2022-06-12 22:17:51,022] {logging_mixin.py:109} INFO - [2022-06-12 22:17:51,022] {dag.py:2937} INFO - Setting next_dagrun for example_branch_dop_operator_v3 to 2022-06-12T20:16:00+00:00
[2022-06-12 22:17:51,034] {processor.py:171} INFO - Processing /home/leizo/.local/lib/python3.8/site-packages/airflow/example_dags/example_branch_python_dop_operator_3.py took 0.056 seconds
[2022-06-12 22:18:28,004] {processor.py:163} INFO - Started process (PID=1261) to work on /home/leizo/.local/lib/python3.8/site-packages/airflow/example_dags/example_branch_python_dop_operator_3.py
[2022-06-12 22:18:28,007] {processor.py:642} INFO - Processing file /home/leizo/.local/lib/python3.8/site-packages/airflow/example_dags/example_branch_python_dop_operator_3.py for tasks to queue
[2022-06-12 22:18:28,008] {logging_mixin.py:109} INFO - [2022-06-12 22:18:28,008] {dagbag.py:500} INFO - Filling up the DagBag from /home/leizo/.local/lib/python3.8/site-packages/airflow/example_dags/example_branch_python_dop_operator_3.py
[2022-06-12 22:18:28,024] {processor.py:652} INFO - DAG(s) dict_keys(['example_branch_dop_operator_v3']) retrieved from /home/leizo/.local/lib/python3.8/site-packages/airflow/example_dags/example_branch_python_dop_operator_3.py
[2022-06-12 22:18:28,035] {logging_mixin.py:109} INFO - [2022-06-12 22:18:28,035] {dag.py:2398} INFO - Sync 1 DAGs
[2022-06-12 22:18:28,047] {logging_mixin.py:109} INFO - [2022-06-12 22:18:28,047] {dag.py:2937} INFO - Setting next_dagrun for example_branch_dop_operator_v3 to 2022-06-12T20:17:00+00:00
[2022-06-12 22:18:28,060] {processor.py:171} INFO - Processing /home/leizo/.local/lib/python3.8/site-packages/airflow/example_dags/example_branch_python_dop_operator_3.py took 0.060 seconds
[2022-06-12 22:19:01,229] {processor.py:163} INFO - Started process (PID=1295) to work on /home/leizo/.local/lib/python3.8/site-packages/airflow/example_dags/example_branch_python_dop_operator_3.py
[2022-06-12 22:19:01,231] {processor.py:642} INFO - Processing file /home/leizo/.local/lib/python3.8/site-packages/airflow/example_dags/example_branch_python_dop_operator_3.py for tasks to queue
[2022-06-12 22:19:01,231] {logging_mixin.py:109} INFO - [2022-06-12 22:19:01,231] {dagbag.py:500} INFO - Filling up the DagBag from /home/leizo/.local/lib/python3.8/site-packages/airflow/example_dags/example_branch_python_dop_operator_3.py
[2022-06-12 22:19:01,243] {processor.py:652} INFO - DAG(s) dict_keys(['example_branch_dop_operator_v3']) retrieved from /home/leizo/.local/lib/python3.8/site-packages/airflow/example_dags/example_branch_python_dop_operator_3.py
[2022-06-12 22:19:01,254] {logging_mixin.py:109} INFO - [2022-06-12 22:19:01,253] {dag.py:2398} INFO - Sync 1 DAGs
[2022-06-12 22:19:01,268] {logging_mixin.py:109} INFO - [2022-06-12 22:19:01,268] {dag.py:2937} INFO - Setting next_dagrun for example_branch_dop_operator_v3 to 2022-06-12T20:18:00+00:00
[2022-06-12 22:19:01,281] {processor.py:171} INFO - Processing /home/leizo/.local/lib/python3.8/site-packages/airflow/example_dags/example_branch_python_dop_operator_3.py took 0.054 seconds
[2022-06-12 22:19:37,691] {processor.py:163} INFO - Started process (PID=1331) to work on /home/leizo/.local/lib/python3.8/site-packages/airflow/example_dags/example_branch_python_dop_operator_3.py
[2022-06-12 22:19:37,692] {processor.py:642} INFO - Processing file /home/leizo/.local/lib/python3.8/site-packages/airflow/example_dags/example_branch_python_dop_operator_3.py for tasks to queue
[2022-06-12 22:19:37,693] {logging_mixin.py:109} INFO - [2022-06-12 22:19:37,693] {dagbag.py:500} INFO - Filling up the DagBag from /home/leizo/.local/lib/python3.8/site-packages/airflow/example_dags/example_branch_python_dop_operator_3.py
[2022-06-12 22:19:37,707] {processor.py:652} INFO - DAG(s) dict_keys(['example_branch_dop_operator_v3']) retrieved from /home/leizo/.local/lib/python3.8/site-packages/airflow/example_dags/example_branch_python_dop_operator_3.py
[2022-06-12 22:19:37,716] {logging_mixin.py:109} INFO - [2022-06-12 22:19:37,716] {dag.py:2398} INFO - Sync 1 DAGs
[2022-06-12 22:19:37,729] {logging_mixin.py:109} INFO - [2022-06-12 22:19:37,729] {dag.py:2937} INFO - Setting next_dagrun for example_branch_dop_operator_v3 to 2022-06-12T20:18:00+00:00
[2022-06-12 22:19:37,738] {processor.py:171} INFO - Processing /home/leizo/.local/lib/python3.8/site-packages/airflow/example_dags/example_branch_python_dop_operator_3.py took 0.050 seconds
[2022-06-12 22:20:12,337] {processor.py:163} INFO - Started process (PID=1365) to work on /home/leizo/.local/lib/python3.8/site-packages/airflow/example_dags/example_branch_python_dop_operator_3.py
[2022-06-12 22:20:12,339] {processor.py:642} INFO - Processing file /home/leizo/.local/lib/python3.8/site-packages/airflow/example_dags/example_branch_python_dop_operator_3.py for tasks to queue
[2022-06-12 22:20:12,339] {logging_mixin.py:109} INFO - [2022-06-12 22:20:12,339] {dagbag.py:500} INFO - Filling up the DagBag from /home/leizo/.local/lib/python3.8/site-packages/airflow/example_dags/example_branch_python_dop_operator_3.py
[2022-06-12 22:20:12,354] {processor.py:652} INFO - DAG(s) dict_keys(['example_branch_dop_operator_v3']) retrieved from /home/leizo/.local/lib/python3.8/site-packages/airflow/example_dags/example_branch_python_dop_operator_3.py
[2022-06-12 22:20:12,367] {logging_mixin.py:109} INFO - [2022-06-12 22:20:12,367] {dag.py:2398} INFO - Sync 1 DAGs
[2022-06-12 22:20:12,381] {logging_mixin.py:109} INFO - [2022-06-12 22:20:12,381] {dag.py:2937} INFO - Setting next_dagrun for example_branch_dop_operator_v3 to 2022-06-12T20:19:00+00:00
[2022-06-12 22:20:12,393] {processor.py:171} INFO - Processing /home/leizo/.local/lib/python3.8/site-packages/airflow/example_dags/example_branch_python_dop_operator_3.py took 0.058 seconds
[2022-06-12 22:20:50,013] {processor.py:163} INFO - Started process (PID=1401) to work on /home/leizo/.local/lib/python3.8/site-packages/airflow/example_dags/example_branch_python_dop_operator_3.py
[2022-06-12 22:20:50,015] {processor.py:642} INFO - Processing file /home/leizo/.local/lib/python3.8/site-packages/airflow/example_dags/example_branch_python_dop_operator_3.py for tasks to queue
[2022-06-12 22:20:50,016] {logging_mixin.py:109} INFO - [2022-06-12 22:20:50,015] {dagbag.py:500} INFO - Filling up the DagBag from /home/leizo/.local/lib/python3.8/site-packages/airflow/example_dags/example_branch_python_dop_operator_3.py
[2022-06-12 22:20:50,032] {processor.py:652} INFO - DAG(s) dict_keys(['example_branch_dop_operator_v3']) retrieved from /home/leizo/.local/lib/python3.8/site-packages/airflow/example_dags/example_branch_python_dop_operator_3.py
[2022-06-12 22:20:50,042] {logging_mixin.py:109} INFO - [2022-06-12 22:20:50,042] {dag.py:2398} INFO - Sync 1 DAGs
[2022-06-12 22:20:50,053] {logging_mixin.py:109} INFO - [2022-06-12 22:20:50,053] {dag.py:2937} INFO - Setting next_dagrun for example_branch_dop_operator_v3 to 2022-06-12T20:19:00+00:00
[2022-06-12 22:20:50,063] {processor.py:171} INFO - Processing /home/leizo/.local/lib/python3.8/site-packages/airflow/example_dags/example_branch_python_dop_operator_3.py took 0.052 seconds
[2022-06-12 22:21:28,214] {processor.py:163} INFO - Started process (PID=1439) to work on /home/leizo/.local/lib/python3.8/site-packages/airflow/example_dags/example_branch_python_dop_operator_3.py
[2022-06-12 22:21:28,216] {processor.py:642} INFO - Processing file /home/leizo/.local/lib/python3.8/site-packages/airflow/example_dags/example_branch_python_dop_operator_3.py for tasks to queue
[2022-06-12 22:21:28,217] {logging_mixin.py:109} INFO - [2022-06-12 22:21:28,217] {dagbag.py:500} INFO - Filling up the DagBag from /home/leizo/.local/lib/python3.8/site-packages/airflow/example_dags/example_branch_python_dop_operator_3.py
[2022-06-12 22:21:28,232] {processor.py:652} INFO - DAG(s) dict_keys(['example_branch_dop_operator_v3']) retrieved from /home/leizo/.local/lib/python3.8/site-packages/airflow/example_dags/example_branch_python_dop_operator_3.py
[2022-06-12 22:21:28,242] {logging_mixin.py:109} INFO - [2022-06-12 22:21:28,242] {dag.py:2398} INFO - Sync 1 DAGs
[2022-06-12 22:21:28,256] {logging_mixin.py:109} INFO - [2022-06-12 22:21:28,256] {dag.py:2937} INFO - Setting next_dagrun for example_branch_dop_operator_v3 to 2022-06-12T20:20:00+00:00
[2022-06-12 22:21:28,266] {processor.py:171} INFO - Processing /home/leizo/.local/lib/python3.8/site-packages/airflow/example_dags/example_branch_python_dop_operator_3.py took 0.055 seconds
[2022-06-12 22:22:02,922] {processor.py:163} INFO - Started process (PID=1473) to work on /home/leizo/.local/lib/python3.8/site-packages/airflow/example_dags/example_branch_python_dop_operator_3.py
[2022-06-12 22:22:02,923] {processor.py:642} INFO - Processing file /home/leizo/.local/lib/python3.8/site-packages/airflow/example_dags/example_branch_python_dop_operator_3.py for tasks to queue
[2022-06-12 22:22:02,923] {logging_mixin.py:109} INFO - [2022-06-12 22:22:02,923] {dagbag.py:500} INFO - Filling up the DagBag from /home/leizo/.local/lib/python3.8/site-packages/airflow/example_dags/example_branch_python_dop_operator_3.py
[2022-06-12 22:22:02,936] {processor.py:652} INFO - DAG(s) dict_keys(['example_branch_dop_operator_v3']) retrieved from /home/leizo/.local/lib/python3.8/site-packages/airflow/example_dags/example_branch_python_dop_operator_3.py
[2022-06-12 22:22:02,947] {logging_mixin.py:109} INFO - [2022-06-12 22:22:02,947] {dag.py:2398} INFO - Sync 1 DAGs
[2022-06-12 22:22:02,967] {logging_mixin.py:109} INFO - [2022-06-12 22:22:02,967] {dag.py:2937} INFO - Setting next_dagrun for example_branch_dop_operator_v3 to 2022-06-12T20:21:00+00:00
[2022-06-12 22:22:02,980] {processor.py:171} INFO - Processing /home/leizo/.local/lib/python3.8/site-packages/airflow/example_dags/example_branch_python_dop_operator_3.py took 0.060 seconds
[2022-06-12 22:22:39,198] {processor.py:163} INFO - Started process (PID=1508) to work on /home/leizo/.local/lib/python3.8/site-packages/airflow/example_dags/example_branch_python_dop_operator_3.py
[2022-06-12 22:22:39,199] {processor.py:642} INFO - Processing file /home/leizo/.local/lib/python3.8/site-packages/airflow/example_dags/example_branch_python_dop_operator_3.py for tasks to queue
[2022-06-12 22:22:39,200] {logging_mixin.py:109} INFO - [2022-06-12 22:22:39,200] {dagbag.py:500} INFO - Filling up the DagBag from /home/leizo/.local/lib/python3.8/site-packages/airflow/example_dags/example_branch_python_dop_operator_3.py
[2022-06-12 22:22:39,211] {processor.py:652} INFO - DAG(s) dict_keys(['example_branch_dop_operator_v3']) retrieved from /home/leizo/.local/lib/python3.8/site-packages/airflow/example_dags/example_branch_python_dop_operator_3.py
[2022-06-12 22:22:39,223] {logging_mixin.py:109} INFO - [2022-06-12 22:22:39,223] {dag.py:2398} INFO - Sync 1 DAGs
[2022-06-12 22:22:39,240] {logging_mixin.py:109} INFO - [2022-06-12 22:22:39,240] {dag.py:2937} INFO - Setting next_dagrun for example_branch_dop_operator_v3 to 2022-06-12T20:21:00+00:00
[2022-06-12 22:22:39,251] {processor.py:171} INFO - Processing /home/leizo/.local/lib/python3.8/site-packages/airflow/example_dags/example_branch_python_dop_operator_3.py took 0.055 seconds
[2022-06-12 22:23:14,766] {processor.py:163} INFO - Started process (PID=1543) to work on /home/leizo/.local/lib/python3.8/site-packages/airflow/example_dags/example_branch_python_dop_operator_3.py
[2022-06-12 22:23:14,768] {processor.py:642} INFO - Processing file /home/leizo/.local/lib/python3.8/site-packages/airflow/example_dags/example_branch_python_dop_operator_3.py for tasks to queue
[2022-06-12 22:23:14,769] {logging_mixin.py:109} INFO - [2022-06-12 22:23:14,769] {dagbag.py:500} INFO - Filling up the DagBag from /home/leizo/.local/lib/python3.8/site-packages/airflow/example_dags/example_branch_python_dop_operator_3.py
[2022-06-12 22:23:14,792] {processor.py:652} INFO - DAG(s) dict_keys(['example_branch_dop_operator_v3']) retrieved from /home/leizo/.local/lib/python3.8/site-packages/airflow/example_dags/example_branch_python_dop_operator_3.py
[2022-06-12 22:23:14,802] {logging_mixin.py:109} INFO - [2022-06-12 22:23:14,802] {dag.py:2398} INFO - Sync 1 DAGs
[2022-06-12 22:23:14,814] {logging_mixin.py:109} INFO - [2022-06-12 22:23:14,814] {dag.py:2937} INFO - Setting next_dagrun for example_branch_dop_operator_v3 to 2022-06-12T20:22:00+00:00
[2022-06-12 22:23:14,826] {processor.py:171} INFO - Processing /home/leizo/.local/lib/python3.8/site-packages/airflow/example_dags/example_branch_python_dop_operator_3.py took 0.066 seconds
[2022-06-12 22:23:58,059] {processor.py:163} INFO - Started process (PID=1646) to work on /home/leizo/.local/lib/python3.8/site-packages/airflow/example_dags/example_branch_python_dop_operator_3.py
[2022-06-12 22:23:58,062] {processor.py:642} INFO - Processing file /home/leizo/.local/lib/python3.8/site-packages/airflow/example_dags/example_branch_python_dop_operator_3.py for tasks to queue
[2022-06-12 22:23:58,064] {logging_mixin.py:109} INFO - [2022-06-12 22:23:58,063] {dagbag.py:500} INFO - Filling up the DagBag from /home/leizo/.local/lib/python3.8/site-packages/airflow/example_dags/example_branch_python_dop_operator_3.py
[2022-06-12 22:23:58,096] {processor.py:652} INFO - DAG(s) dict_keys(['example_branch_dop_operator_v3']) retrieved from /home/leizo/.local/lib/python3.8/site-packages/airflow/example_dags/example_branch_python_dop_operator_3.py
[2022-06-12 22:23:58,118] {logging_mixin.py:109} INFO - [2022-06-12 22:23:58,117] {dag.py:2398} INFO - Sync 1 DAGs
[2022-06-12 22:23:58,136] {logging_mixin.py:109} INFO - [2022-06-12 22:23:58,136] {dag.py:2937} INFO - Setting next_dagrun for example_branch_dop_operator_v3 to 2022-06-12T20:22:00+00:00
[2022-06-12 22:23:58,150] {processor.py:171} INFO - Processing /home/leizo/.local/lib/python3.8/site-packages/airflow/example_dags/example_branch_python_dop_operator_3.py took 0.096 seconds
[2022-06-12 22:24:37,265] {processor.py:163} INFO - Started process (PID=1684) to work on /home/leizo/.local/lib/python3.8/site-packages/airflow/example_dags/example_branch_python_dop_operator_3.py
[2022-06-12 22:24:37,268] {processor.py:642} INFO - Processing file /home/leizo/.local/lib/python3.8/site-packages/airflow/example_dags/example_branch_python_dop_operator_3.py for tasks to queue
[2022-06-12 22:24:37,269] {logging_mixin.py:109} INFO - [2022-06-12 22:24:37,269] {dagbag.py:500} INFO - Filling up the DagBag from /home/leizo/.local/lib/python3.8/site-packages/airflow/example_dags/example_branch_python_dop_operator_3.py
[2022-06-12 22:24:37,304] {processor.py:652} INFO - DAG(s) dict_keys(['example_branch_dop_operator_v3']) retrieved from /home/leizo/.local/lib/python3.8/site-packages/airflow/example_dags/example_branch_python_dop_operator_3.py
[2022-06-12 22:24:37,319] {logging_mixin.py:109} INFO - [2022-06-12 22:24:37,319] {dag.py:2398} INFO - Sync 1 DAGs
[2022-06-12 22:24:37,332] {logging_mixin.py:109} INFO - [2022-06-12 22:24:37,332] {dag.py:2937} INFO - Setting next_dagrun for example_branch_dop_operator_v3 to 2022-06-12T20:23:00+00:00
[2022-06-12 22:24:37,347] {processor.py:171} INFO - Processing /home/leizo/.local/lib/python3.8/site-packages/airflow/example_dags/example_branch_python_dop_operator_3.py took 0.086 seconds
[2022-06-12 22:25:21,222] {processor.py:163} INFO - Started process (PID=1761) to work on /home/leizo/.local/lib/python3.8/site-packages/airflow/example_dags/example_branch_python_dop_operator_3.py
[2022-06-12 22:25:21,226] {processor.py:642} INFO - Processing file /home/leizo/.local/lib/python3.8/site-packages/airflow/example_dags/example_branch_python_dop_operator_3.py for tasks to queue
[2022-06-12 22:25:21,227] {logging_mixin.py:109} INFO - [2022-06-12 22:25:21,227] {dagbag.py:500} INFO - Filling up the DagBag from /home/leizo/.local/lib/python3.8/site-packages/airflow/example_dags/example_branch_python_dop_operator_3.py
[2022-06-12 22:25:21,279] {processor.py:652} INFO - DAG(s) dict_keys(['example_branch_dop_operator_v3']) retrieved from /home/leizo/.local/lib/python3.8/site-packages/airflow/example_dags/example_branch_python_dop_operator_3.py
[2022-06-12 22:25:21,322] {logging_mixin.py:109} INFO - [2022-06-12 22:25:21,321] {dag.py:2398} INFO - Sync 1 DAGs
[2022-06-12 22:25:21,369] {logging_mixin.py:109} INFO - [2022-06-12 22:25:21,369] {dag.py:2937} INFO - Setting next_dagrun for example_branch_dop_operator_v3 to 2022-06-12T20:24:00+00:00
[2022-06-12 22:25:21,390] {processor.py:171} INFO - Processing /home/leizo/.local/lib/python3.8/site-packages/airflow/example_dags/example_branch_python_dop_operator_3.py took 0.175 seconds
[2022-06-12 22:26:10,541] {processor.py:163} INFO - Started process (PID=1807) to work on /home/leizo/.local/lib/python3.8/site-packages/airflow/example_dags/example_branch_python_dop_operator_3.py
[2022-06-12 22:26:10,544] {processor.py:642} INFO - Processing file /home/leizo/.local/lib/python3.8/site-packages/airflow/example_dags/example_branch_python_dop_operator_3.py for tasks to queue
[2022-06-12 22:26:10,545] {logging_mixin.py:109} INFO - [2022-06-12 22:26:10,545] {dagbag.py:500} INFO - Filling up the DagBag from /home/leizo/.local/lib/python3.8/site-packages/airflow/example_dags/example_branch_python_dop_operator_3.py
[2022-06-12 22:26:10,569] {processor.py:652} INFO - DAG(s) dict_keys(['example_branch_dop_operator_v3']) retrieved from /home/leizo/.local/lib/python3.8/site-packages/airflow/example_dags/example_branch_python_dop_operator_3.py
[2022-06-12 22:26:10,586] {logging_mixin.py:109} INFO - [2022-06-12 22:26:10,585] {dag.py:2398} INFO - Sync 1 DAGs
[2022-06-12 22:26:10,604] {logging_mixin.py:109} INFO - [2022-06-12 22:26:10,604] {dag.py:2937} INFO - Setting next_dagrun for example_branch_dop_operator_v3 to 2022-06-12T20:25:00+00:00
[2022-06-12 22:26:10,621] {processor.py:171} INFO - Processing /home/leizo/.local/lib/python3.8/site-packages/airflow/example_dags/example_branch_python_dop_operator_3.py took 0.084 seconds
[2022-06-12 22:26:51,114] {processor.py:163} INFO - Started process (PID=1847) to work on /home/leizo/.local/lib/python3.8/site-packages/airflow/example_dags/example_branch_python_dop_operator_3.py
[2022-06-12 22:26:51,117] {processor.py:642} INFO - Processing file /home/leizo/.local/lib/python3.8/site-packages/airflow/example_dags/example_branch_python_dop_operator_3.py for tasks to queue
[2022-06-12 22:26:51,118] {logging_mixin.py:109} INFO - [2022-06-12 22:26:51,118] {dagbag.py:500} INFO - Filling up the DagBag from /home/leizo/.local/lib/python3.8/site-packages/airflow/example_dags/example_branch_python_dop_operator_3.py
[2022-06-12 22:26:51,147] {processor.py:652} INFO - DAG(s) dict_keys(['example_branch_dop_operator_v3']) retrieved from /home/leizo/.local/lib/python3.8/site-packages/airflow/example_dags/example_branch_python_dop_operator_3.py
[2022-06-12 22:26:51,160] {logging_mixin.py:109} INFO - [2022-06-12 22:26:51,160] {dag.py:2398} INFO - Sync 1 DAGs
[2022-06-12 22:26:51,178] {logging_mixin.py:109} INFO - [2022-06-12 22:26:51,178] {dag.py:2937} INFO - Setting next_dagrun for example_branch_dop_operator_v3 to 2022-06-12T20:25:00+00:00
[2022-06-12 22:26:51,198] {processor.py:171} INFO - Processing /home/leizo/.local/lib/python3.8/site-packages/airflow/example_dags/example_branch_python_dop_operator_3.py took 0.087 seconds
[2022-06-12 22:28:03,067] {processor.py:163} INFO - Started process (PID=1922) to work on /home/leizo/.local/lib/python3.8/site-packages/airflow/example_dags/example_branch_python_dop_operator_3.py
[2022-06-12 22:28:03,071] {processor.py:642} INFO - Processing file /home/leizo/.local/lib/python3.8/site-packages/airflow/example_dags/example_branch_python_dop_operator_3.py for tasks to queue
[2022-06-12 22:28:03,078] {logging_mixin.py:109} INFO - [2022-06-12 22:28:03,078] {dagbag.py:500} INFO - Filling up the DagBag from /home/leizo/.local/lib/python3.8/site-packages/airflow/example_dags/example_branch_python_dop_operator_3.py
[2022-06-12 22:28:03,117] {processor.py:652} INFO - DAG(s) dict_keys(['example_branch_dop_operator_v3']) retrieved from /home/leizo/.local/lib/python3.8/site-packages/airflow/example_dags/example_branch_python_dop_operator_3.py
[2022-06-12 22:28:03,145] {logging_mixin.py:109} INFO - [2022-06-12 22:28:03,145] {dag.py:2398} INFO - Sync 1 DAGs
[2022-06-12 22:28:03,190] {logging_mixin.py:109} INFO - [2022-06-12 22:28:03,190] {dag.py:2937} INFO - Setting next_dagrun for example_branch_dop_operator_v3 to 2022-06-12T20:27:00+00:00
[2022-06-12 22:28:03,213] {processor.py:171} INFO - Processing /home/leizo/.local/lib/python3.8/site-packages/airflow/example_dags/example_branch_python_dop_operator_3.py took 0.151 seconds
[2022-06-12 22:28:42,051] {processor.py:163} INFO - Started process (PID=1999) to work on /home/leizo/.local/lib/python3.8/site-packages/airflow/example_dags/example_branch_python_dop_operator_3.py
[2022-06-12 22:28:42,056] {processor.py:642} INFO - Processing file /home/leizo/.local/lib/python3.8/site-packages/airflow/example_dags/example_branch_python_dop_operator_3.py for tasks to queue
[2022-06-12 22:28:42,057] {logging_mixin.py:109} INFO - [2022-06-12 22:28:42,057] {dagbag.py:500} INFO - Filling up the DagBag from /home/leizo/.local/lib/python3.8/site-packages/airflow/example_dags/example_branch_python_dop_operator_3.py
[2022-06-12 22:28:42,087] {processor.py:652} INFO - DAG(s) dict_keys(['example_branch_dop_operator_v3']) retrieved from /home/leizo/.local/lib/python3.8/site-packages/airflow/example_dags/example_branch_python_dop_operator_3.py
[2022-06-12 22:28:42,111] {logging_mixin.py:109} INFO - [2022-06-12 22:28:42,111] {dag.py:2398} INFO - Sync 1 DAGs
[2022-06-12 22:28:42,136] {logging_mixin.py:109} INFO - [2022-06-12 22:28:42,136] {dag.py:2937} INFO - Setting next_dagrun for example_branch_dop_operator_v3 to 2022-06-12T20:27:00+00:00
[2022-06-12 22:28:42,156] {processor.py:171} INFO - Processing /home/leizo/.local/lib/python3.8/site-packages/airflow/example_dags/example_branch_python_dop_operator_3.py took 0.110 seconds
[2022-06-12 22:29:27,401] {processor.py:163} INFO - Started process (PID=2099) to work on /home/leizo/.local/lib/python3.8/site-packages/airflow/example_dags/example_branch_python_dop_operator_3.py
[2022-06-12 22:29:27,404] {processor.py:642} INFO - Processing file /home/leizo/.local/lib/python3.8/site-packages/airflow/example_dags/example_branch_python_dop_operator_3.py for tasks to queue
[2022-06-12 22:29:27,405] {logging_mixin.py:109} INFO - [2022-06-12 22:29:27,405] {dagbag.py:500} INFO - Filling up the DagBag from /home/leizo/.local/lib/python3.8/site-packages/airflow/example_dags/example_branch_python_dop_operator_3.py
[2022-06-12 22:29:27,434] {processor.py:652} INFO - DAG(s) dict_keys(['example_branch_dop_operator_v3']) retrieved from /home/leizo/.local/lib/python3.8/site-packages/airflow/example_dags/example_branch_python_dop_operator_3.py
[2022-06-12 22:29:27,449] {logging_mixin.py:109} INFO - [2022-06-12 22:29:27,449] {dag.py:2398} INFO - Sync 1 DAGs
[2022-06-12 22:29:27,466] {logging_mixin.py:109} INFO - [2022-06-12 22:29:27,466] {dag.py:2937} INFO - Setting next_dagrun for example_branch_dop_operator_v3 to 2022-06-12T20:28:00+00:00
[2022-06-12 22:29:27,483] {processor.py:171} INFO - Processing /home/leizo/.local/lib/python3.8/site-packages/airflow/example_dags/example_branch_python_dop_operator_3.py took 0.085 seconds
[2022-06-12 22:30:12,344] {processor.py:163} INFO - Started process (PID=2216) to work on /home/leizo/.local/lib/python3.8/site-packages/airflow/example_dags/example_branch_python_dop_operator_3.py
[2022-06-12 22:30:12,346] {processor.py:642} INFO - Processing file /home/leizo/.local/lib/python3.8/site-packages/airflow/example_dags/example_branch_python_dop_operator_3.py for tasks to queue
[2022-06-12 22:30:12,347] {logging_mixin.py:109} INFO - [2022-06-12 22:30:12,347] {dagbag.py:500} INFO - Filling up the DagBag from /home/leizo/.local/lib/python3.8/site-packages/airflow/example_dags/example_branch_python_dop_operator_3.py
[2022-06-12 22:30:12,383] {processor.py:652} INFO - DAG(s) dict_keys(['example_branch_dop_operator_v3']) retrieved from /home/leizo/.local/lib/python3.8/site-packages/airflow/example_dags/example_branch_python_dop_operator_3.py
[2022-06-12 22:30:12,400] {logging_mixin.py:109} INFO - [2022-06-12 22:30:12,400] {dag.py:2398} INFO - Sync 1 DAGs
[2022-06-12 22:30:12,421] {logging_mixin.py:109} INFO - [2022-06-12 22:30:12,421] {dag.py:2937} INFO - Setting next_dagrun for example_branch_dop_operator_v3 to 2022-06-12T20:29:00+00:00
[2022-06-12 22:30:12,438] {processor.py:171} INFO - Processing /home/leizo/.local/lib/python3.8/site-packages/airflow/example_dags/example_branch_python_dop_operator_3.py took 0.098 seconds
[2022-06-12 22:31:01,178] {processor.py:163} INFO - Started process (PID=2331) to work on /home/leizo/.local/lib/python3.8/site-packages/airflow/example_dags/example_branch_python_dop_operator_3.py
[2022-06-12 22:31:01,182] {processor.py:642} INFO - Processing file /home/leizo/.local/lib/python3.8/site-packages/airflow/example_dags/example_branch_python_dop_operator_3.py for tasks to queue
[2022-06-12 22:31:01,184] {logging_mixin.py:109} INFO - [2022-06-12 22:31:01,184] {dagbag.py:500} INFO - Filling up the DagBag from /home/leizo/.local/lib/python3.8/site-packages/airflow/example_dags/example_branch_python_dop_operator_3.py
[2022-06-12 22:31:01,202] {processor.py:652} INFO - DAG(s) dict_keys(['example_branch_dop_operator_v3']) retrieved from /home/leizo/.local/lib/python3.8/site-packages/airflow/example_dags/example_branch_python_dop_operator_3.py
[2022-06-12 22:31:01,214] {logging_mixin.py:109} INFO - [2022-06-12 22:31:01,214] {dag.py:2398} INFO - Sync 1 DAGs
[2022-06-12 22:31:01,232] {logging_mixin.py:109} INFO - [2022-06-12 22:31:01,231] {dag.py:2937} INFO - Setting next_dagrun for example_branch_dop_operator_v3 to 2022-06-12T20:30:00+00:00
[2022-06-12 22:31:01,256] {processor.py:171} INFO - Processing /home/leizo/.local/lib/python3.8/site-packages/airflow/example_dags/example_branch_python_dop_operator_3.py took 0.083 seconds
[2022-06-12 22:31:42,687] {processor.py:163} INFO - Started process (PID=2456) to work on /home/leizo/.local/lib/python3.8/site-packages/airflow/example_dags/example_branch_python_dop_operator_3.py
[2022-06-12 22:31:42,689] {processor.py:642} INFO - Processing file /home/leizo/.local/lib/python3.8/site-packages/airflow/example_dags/example_branch_python_dop_operator_3.py for tasks to queue
[2022-06-12 22:31:42,689] {logging_mixin.py:109} INFO - [2022-06-12 22:31:42,689] {dagbag.py:500} INFO - Filling up the DagBag from /home/leizo/.local/lib/python3.8/site-packages/airflow/example_dags/example_branch_python_dop_operator_3.py
[2022-06-12 22:31:42,703] {processor.py:652} INFO - DAG(s) dict_keys(['example_branch_dop_operator_v3']) retrieved from /home/leizo/.local/lib/python3.8/site-packages/airflow/example_dags/example_branch_python_dop_operator_3.py
[2022-06-12 22:31:42,717] {logging_mixin.py:109} INFO - [2022-06-12 22:31:42,717] {dag.py:2398} INFO - Sync 1 DAGs
[2022-06-12 22:31:42,731] {logging_mixin.py:109} INFO - [2022-06-12 22:31:42,731] {dag.py:2937} INFO - Setting next_dagrun for example_branch_dop_operator_v3 to 2022-06-12T20:30:00+00:00
[2022-06-12 22:31:42,743] {processor.py:171} INFO - Processing /home/leizo/.local/lib/python3.8/site-packages/airflow/example_dags/example_branch_python_dop_operator_3.py took 0.059 seconds
[2022-06-12 22:32:23,928] {processor.py:163} INFO - Started process (PID=2516) to work on /home/leizo/.local/lib/python3.8/site-packages/airflow/example_dags/example_branch_python_dop_operator_3.py
[2022-06-12 22:32:23,931] {processor.py:642} INFO - Processing file /home/leizo/.local/lib/python3.8/site-packages/airflow/example_dags/example_branch_python_dop_operator_3.py for tasks to queue
[2022-06-12 22:32:23,932] {logging_mixin.py:109} INFO - [2022-06-12 22:32:23,932] {dagbag.py:500} INFO - Filling up the DagBag from /home/leizo/.local/lib/python3.8/site-packages/airflow/example_dags/example_branch_python_dop_operator_3.py
[2022-06-12 22:32:23,956] {processor.py:652} INFO - DAG(s) dict_keys(['example_branch_dop_operator_v3']) retrieved from /home/leizo/.local/lib/python3.8/site-packages/airflow/example_dags/example_branch_python_dop_operator_3.py
[2022-06-12 22:32:23,976] {logging_mixin.py:109} INFO - [2022-06-12 22:32:23,976] {dag.py:2398} INFO - Sync 1 DAGs
[2022-06-12 22:32:24,005] {logging_mixin.py:109} INFO - [2022-06-12 22:32:24,005] {dag.py:2937} INFO - Setting next_dagrun for example_branch_dop_operator_v3 to 2022-06-12T20:31:00+00:00
[2022-06-12 22:32:24,017] {processor.py:171} INFO - Processing /home/leizo/.local/lib/python3.8/site-packages/airflow/example_dags/example_branch_python_dop_operator_3.py took 0.093 seconds
[2022-06-12 22:33:04,766] {processor.py:163} INFO - Started process (PID=2568) to work on /home/leizo/.local/lib/python3.8/site-packages/airflow/example_dags/example_branch_python_dop_operator_3.py
[2022-06-12 22:33:04,768] {processor.py:642} INFO - Processing file /home/leizo/.local/lib/python3.8/site-packages/airflow/example_dags/example_branch_python_dop_operator_3.py for tasks to queue
[2022-06-12 22:33:04,769] {logging_mixin.py:109} INFO - [2022-06-12 22:33:04,769] {dagbag.py:500} INFO - Filling up the DagBag from /home/leizo/.local/lib/python3.8/site-packages/airflow/example_dags/example_branch_python_dop_operator_3.py
[2022-06-12 22:33:04,786] {processor.py:652} INFO - DAG(s) dict_keys(['example_branch_dop_operator_v3']) retrieved from /home/leizo/.local/lib/python3.8/site-packages/airflow/example_dags/example_branch_python_dop_operator_3.py
[2022-06-12 22:33:04,797] {logging_mixin.py:109} INFO - [2022-06-12 22:33:04,797] {dag.py:2398} INFO - Sync 1 DAGs
[2022-06-12 22:33:04,812] {logging_mixin.py:109} INFO - [2022-06-12 22:33:04,812] {dag.py:2937} INFO - Setting next_dagrun for example_branch_dop_operator_v3 to 2022-06-12T20:32:00+00:00
[2022-06-12 22:33:04,827] {processor.py:171} INFO - Processing /home/leizo/.local/lib/python3.8/site-packages/airflow/example_dags/example_branch_python_dop_operator_3.py took 0.064 seconds
[2022-06-12 22:33:44,895] {processor.py:163} INFO - Started process (PID=2659) to work on /home/leizo/.local/lib/python3.8/site-packages/airflow/example_dags/example_branch_python_dop_operator_3.py
[2022-06-12 22:33:44,897] {processor.py:642} INFO - Processing file /home/leizo/.local/lib/python3.8/site-packages/airflow/example_dags/example_branch_python_dop_operator_3.py for tasks to queue
[2022-06-12 22:33:44,898] {logging_mixin.py:109} INFO - [2022-06-12 22:33:44,897] {dagbag.py:500} INFO - Filling up the DagBag from /home/leizo/.local/lib/python3.8/site-packages/airflow/example_dags/example_branch_python_dop_operator_3.py
[2022-06-12 22:33:44,909] {processor.py:652} INFO - DAG(s) dict_keys(['example_branch_dop_operator_v3']) retrieved from /home/leizo/.local/lib/python3.8/site-packages/airflow/example_dags/example_branch_python_dop_operator_3.py
[2022-06-12 22:33:44,921] {logging_mixin.py:109} INFO - [2022-06-12 22:33:44,921] {dag.py:2398} INFO - Sync 1 DAGs
[2022-06-12 22:33:44,938] {logging_mixin.py:109} INFO - [2022-06-12 22:33:44,938] {dag.py:2937} INFO - Setting next_dagrun for example_branch_dop_operator_v3 to 2022-06-12T20:32:00+00:00
[2022-06-12 22:33:44,951] {processor.py:171} INFO - Processing /home/leizo/.local/lib/python3.8/site-packages/airflow/example_dags/example_branch_python_dop_operator_3.py took 0.059 seconds
[2022-06-12 22:34:26,366] {processor.py:163} INFO - Started process (PID=2733) to work on /home/leizo/.local/lib/python3.8/site-packages/airflow/example_dags/example_branch_python_dop_operator_3.py
[2022-06-12 22:34:26,369] {processor.py:642} INFO - Processing file /home/leizo/.local/lib/python3.8/site-packages/airflow/example_dags/example_branch_python_dop_operator_3.py for tasks to queue
[2022-06-12 22:34:26,369] {logging_mixin.py:109} INFO - [2022-06-12 22:34:26,369] {dagbag.py:500} INFO - Filling up the DagBag from /home/leizo/.local/lib/python3.8/site-packages/airflow/example_dags/example_branch_python_dop_operator_3.py
[2022-06-12 22:34:26,386] {processor.py:652} INFO - DAG(s) dict_keys(['example_branch_dop_operator_v3']) retrieved from /home/leizo/.local/lib/python3.8/site-packages/airflow/example_dags/example_branch_python_dop_operator_3.py
[2022-06-12 22:34:26,401] {logging_mixin.py:109} INFO - [2022-06-12 22:34:26,400] {dag.py:2398} INFO - Sync 1 DAGs
[2022-06-12 22:34:26,416] {logging_mixin.py:109} INFO - [2022-06-12 22:34:26,416] {dag.py:2937} INFO - Setting next_dagrun for example_branch_dop_operator_v3 to 2022-06-12T20:33:00+00:00
[2022-06-12 22:34:26,428] {processor.py:171} INFO - Processing /home/leizo/.local/lib/python3.8/site-packages/airflow/example_dags/example_branch_python_dop_operator_3.py took 0.064 seconds
[2022-06-12 22:35:06,952] {processor.py:163} INFO - Started process (PID=2798) to work on /home/leizo/.local/lib/python3.8/site-packages/airflow/example_dags/example_branch_python_dop_operator_3.py
[2022-06-12 22:35:06,955] {processor.py:642} INFO - Processing file /home/leizo/.local/lib/python3.8/site-packages/airflow/example_dags/example_branch_python_dop_operator_3.py for tasks to queue
[2022-06-12 22:35:06,956] {logging_mixin.py:109} INFO - [2022-06-12 22:35:06,956] {dagbag.py:500} INFO - Filling up the DagBag from /home/leizo/.local/lib/python3.8/site-packages/airflow/example_dags/example_branch_python_dop_operator_3.py
[2022-06-12 22:35:06,981] {processor.py:652} INFO - DAG(s) dict_keys(['example_branch_dop_operator_v3']) retrieved from /home/leizo/.local/lib/python3.8/site-packages/airflow/example_dags/example_branch_python_dop_operator_3.py
[2022-06-12 22:35:07,005] {logging_mixin.py:109} INFO - [2022-06-12 22:35:07,004] {dag.py:2398} INFO - Sync 1 DAGs
[2022-06-12 22:35:07,025] {logging_mixin.py:109} INFO - [2022-06-12 22:35:07,025] {dag.py:2937} INFO - Setting next_dagrun for example_branch_dop_operator_v3 to 2022-06-12T20:34:00+00:00
[2022-06-12 22:35:07,038] {processor.py:171} INFO - Processing /home/leizo/.local/lib/python3.8/site-packages/airflow/example_dags/example_branch_python_dop_operator_3.py took 0.090 seconds
[2022-06-12 22:35:49,637] {processor.py:163} INFO - Started process (PID=2922) to work on /home/leizo/.local/lib/python3.8/site-packages/airflow/example_dags/example_branch_python_dop_operator_3.py
[2022-06-12 22:35:49,640] {processor.py:642} INFO - Processing file /home/leizo/.local/lib/python3.8/site-packages/airflow/example_dags/example_branch_python_dop_operator_3.py for tasks to queue
[2022-06-12 22:35:49,642] {logging_mixin.py:109} INFO - [2022-06-12 22:35:49,641] {dagbag.py:500} INFO - Filling up the DagBag from /home/leizo/.local/lib/python3.8/site-packages/airflow/example_dags/example_branch_python_dop_operator_3.py
[2022-06-12 22:35:49,670] {processor.py:652} INFO - DAG(s) dict_keys(['example_branch_dop_operator_v3']) retrieved from /home/leizo/.local/lib/python3.8/site-packages/airflow/example_dags/example_branch_python_dop_operator_3.py
[2022-06-12 22:35:49,699] {logging_mixin.py:109} INFO - [2022-06-12 22:35:49,699] {dag.py:2398} INFO - Sync 1 DAGs
[2022-06-12 22:35:49,731] {logging_mixin.py:109} INFO - [2022-06-12 22:35:49,731] {dag.py:2937} INFO - Setting next_dagrun for example_branch_dop_operator_v3 to 2022-06-12T20:34:00+00:00
[2022-06-12 22:35:49,752] {processor.py:171} INFO - Processing /home/leizo/.local/lib/python3.8/site-packages/airflow/example_dags/example_branch_python_dop_operator_3.py took 0.120 seconds
[2022-06-12 22:36:31,415] {processor.py:163} INFO - Started process (PID=2994) to work on /home/leizo/.local/lib/python3.8/site-packages/airflow/example_dags/example_branch_python_dop_operator_3.py
[2022-06-12 22:36:31,418] {processor.py:642} INFO - Processing file /home/leizo/.local/lib/python3.8/site-packages/airflow/example_dags/example_branch_python_dop_operator_3.py for tasks to queue
[2022-06-12 22:36:31,419] {logging_mixin.py:109} INFO - [2022-06-12 22:36:31,419] {dagbag.py:500} INFO - Filling up the DagBag from /home/leizo/.local/lib/python3.8/site-packages/airflow/example_dags/example_branch_python_dop_operator_3.py
[2022-06-12 22:36:31,448] {processor.py:652} INFO - DAG(s) dict_keys(['example_branch_dop_operator_v3']) retrieved from /home/leizo/.local/lib/python3.8/site-packages/airflow/example_dags/example_branch_python_dop_operator_3.py
[2022-06-12 22:36:31,473] {logging_mixin.py:109} INFO - [2022-06-12 22:36:31,472] {dag.py:2398} INFO - Sync 1 DAGs
[2022-06-12 22:36:31,488] {logging_mixin.py:109} INFO - [2022-06-12 22:36:31,488] {dag.py:2937} INFO - Setting next_dagrun for example_branch_dop_operator_v3 to 2022-06-12T20:35:00+00:00
[2022-06-12 22:36:31,500] {processor.py:171} INFO - Processing /home/leizo/.local/lib/python3.8/site-packages/airflow/example_dags/example_branch_python_dop_operator_3.py took 0.091 seconds
[2022-06-12 22:37:12,348] {processor.py:163} INFO - Started process (PID=3050) to work on /home/leizo/.local/lib/python3.8/site-packages/airflow/example_dags/example_branch_python_dop_operator_3.py
[2022-06-12 22:37:12,350] {processor.py:642} INFO - Processing file /home/leizo/.local/lib/python3.8/site-packages/airflow/example_dags/example_branch_python_dop_operator_3.py for tasks to queue
[2022-06-12 22:37:12,351] {logging_mixin.py:109} INFO - [2022-06-12 22:37:12,351] {dagbag.py:500} INFO - Filling up the DagBag from /home/leizo/.local/lib/python3.8/site-packages/airflow/example_dags/example_branch_python_dop_operator_3.py
[2022-06-12 22:37:12,368] {processor.py:652} INFO - DAG(s) dict_keys(['example_branch_dop_operator_v3']) retrieved from /home/leizo/.local/lib/python3.8/site-packages/airflow/example_dags/example_branch_python_dop_operator_3.py
[2022-06-12 22:37:12,383] {logging_mixin.py:109} INFO - [2022-06-12 22:37:12,383] {dag.py:2398} INFO - Sync 1 DAGs
[2022-06-12 22:37:12,404] {logging_mixin.py:109} INFO - [2022-06-12 22:37:12,404] {dag.py:2937} INFO - Setting next_dagrun for example_branch_dop_operator_v3 to 2022-06-12T20:36:00+00:00
[2022-06-12 22:37:12,418] {processor.py:171} INFO - Processing /home/leizo/.local/lib/python3.8/site-packages/airflow/example_dags/example_branch_python_dop_operator_3.py took 0.072 seconds
[2022-06-12 22:37:56,115] {processor.py:163} INFO - Started process (PID=3091) to work on /home/leizo/.local/lib/python3.8/site-packages/airflow/example_dags/example_branch_python_dop_operator_3.py
[2022-06-12 22:37:56,118] {processor.py:642} INFO - Processing file /home/leizo/.local/lib/python3.8/site-packages/airflow/example_dags/example_branch_python_dop_operator_3.py for tasks to queue
[2022-06-12 22:37:56,119] {logging_mixin.py:109} INFO - [2022-06-12 22:37:56,119] {dagbag.py:500} INFO - Filling up the DagBag from /home/leizo/.local/lib/python3.8/site-packages/airflow/example_dags/example_branch_python_dop_operator_3.py
[2022-06-12 22:37:56,133] {processor.py:652} INFO - DAG(s) dict_keys(['example_branch_dop_operator_v3']) retrieved from /home/leizo/.local/lib/python3.8/site-packages/airflow/example_dags/example_branch_python_dop_operator_3.py
[2022-06-12 22:37:56,146] {logging_mixin.py:109} INFO - [2022-06-12 22:37:56,146] {dag.py:2398} INFO - Sync 1 DAGs
[2022-06-12 22:37:56,162] {logging_mixin.py:109} INFO - [2022-06-12 22:37:56,162] {dag.py:2937} INFO - Setting next_dagrun for example_branch_dop_operator_v3 to 2022-06-12T20:36:00+00:00
[2022-06-12 22:37:56,176] {processor.py:171} INFO - Processing /home/leizo/.local/lib/python3.8/site-packages/airflow/example_dags/example_branch_python_dop_operator_3.py took 0.063 seconds
[2022-06-12 22:38:41,573] {processor.py:163} INFO - Started process (PID=3143) to work on /home/leizo/.local/lib/python3.8/site-packages/airflow/example_dags/example_branch_python_dop_operator_3.py
[2022-06-12 22:38:41,577] {processor.py:642} INFO - Processing file /home/leizo/.local/lib/python3.8/site-packages/airflow/example_dags/example_branch_python_dop_operator_3.py for tasks to queue
[2022-06-12 22:38:41,578] {logging_mixin.py:109} INFO - [2022-06-12 22:38:41,578] {dagbag.py:500} INFO - Filling up the DagBag from /home/leizo/.local/lib/python3.8/site-packages/airflow/example_dags/example_branch_python_dop_operator_3.py
[2022-06-12 22:38:41,603] {processor.py:652} INFO - DAG(s) dict_keys(['example_branch_dop_operator_v3']) retrieved from /home/leizo/.local/lib/python3.8/site-packages/airflow/example_dags/example_branch_python_dop_operator_3.py
[2022-06-12 22:38:41,626] {logging_mixin.py:109} INFO - [2022-06-12 22:38:41,625] {dag.py:2398} INFO - Sync 1 DAGs
[2022-06-12 22:38:41,644] {logging_mixin.py:109} INFO - [2022-06-12 22:38:41,644] {dag.py:2937} INFO - Setting next_dagrun for example_branch_dop_operator_v3 to 2022-06-12T20:37:00+00:00
[2022-06-12 22:38:41,656] {processor.py:171} INFO - Processing /home/leizo/.local/lib/python3.8/site-packages/airflow/example_dags/example_branch_python_dop_operator_3.py took 0.088 seconds
[2022-06-12 22:39:23,101] {processor.py:163} INFO - Started process (PID=3236) to work on /home/leizo/.local/lib/python3.8/site-packages/airflow/example_dags/example_branch_python_dop_operator_3.py
[2022-06-12 22:39:23,106] {processor.py:642} INFO - Processing file /home/leizo/.local/lib/python3.8/site-packages/airflow/example_dags/example_branch_python_dop_operator_3.py for tasks to queue
[2022-06-12 22:39:23,108] {logging_mixin.py:109} INFO - [2022-06-12 22:39:23,107] {dagbag.py:500} INFO - Filling up the DagBag from /home/leizo/.local/lib/python3.8/site-packages/airflow/example_dags/example_branch_python_dop_operator_3.py
[2022-06-12 22:39:23,132] {processor.py:652} INFO - DAG(s) dict_keys(['example_branch_dop_operator_v3']) retrieved from /home/leizo/.local/lib/python3.8/site-packages/airflow/example_dags/example_branch_python_dop_operator_3.py
[2022-06-12 22:39:23,144] {logging_mixin.py:109} INFO - [2022-06-12 22:39:23,144] {dag.py:2398} INFO - Sync 1 DAGs
[2022-06-12 22:39:23,160] {logging_mixin.py:109} INFO - [2022-06-12 22:39:23,159] {dag.py:2937} INFO - Setting next_dagrun for example_branch_dop_operator_v3 to 2022-06-12T20:38:00+00:00
[2022-06-12 22:39:23,177] {processor.py:171} INFO - Processing /home/leizo/.local/lib/python3.8/site-packages/airflow/example_dags/example_branch_python_dop_operator_3.py took 0.081 seconds
[2022-06-12 22:40:04,689] {processor.py:163} INFO - Started process (PID=3278) to work on /home/leizo/.local/lib/python3.8/site-packages/airflow/example_dags/example_branch_python_dop_operator_3.py
[2022-06-12 22:40:04,692] {processor.py:642} INFO - Processing file /home/leizo/.local/lib/python3.8/site-packages/airflow/example_dags/example_branch_python_dop_operator_3.py for tasks to queue
[2022-06-12 22:40:04,693] {logging_mixin.py:109} INFO - [2022-06-12 22:40:04,693] {dagbag.py:500} INFO - Filling up the DagBag from /home/leizo/.local/lib/python3.8/site-packages/airflow/example_dags/example_branch_python_dop_operator_3.py
[2022-06-12 22:40:04,723] {processor.py:652} INFO - DAG(s) dict_keys(['example_branch_dop_operator_v3']) retrieved from /home/leizo/.local/lib/python3.8/site-packages/airflow/example_dags/example_branch_python_dop_operator_3.py
[2022-06-12 22:40:04,742] {logging_mixin.py:109} INFO - [2022-06-12 22:40:04,742] {dag.py:2398} INFO - Sync 1 DAGs
[2022-06-12 22:40:04,760] {logging_mixin.py:109} INFO - [2022-06-12 22:40:04,760] {dag.py:2937} INFO - Setting next_dagrun for example_branch_dop_operator_v3 to 2022-06-12T20:39:00+00:00
[2022-06-12 22:40:04,778] {processor.py:171} INFO - Processing /home/leizo/.local/lib/python3.8/site-packages/airflow/example_dags/example_branch_python_dop_operator_3.py took 0.094 seconds
