[2022-06-12 21:59:58,124] {processor.py:163} INFO - Started process (PID=160) to work on /home/leizo/.local/lib/python3.8/site-packages/airflow/example_dags/example_task_group_decorator.py
[2022-06-12 21:59:58,126] {processor.py:642} INFO - Processing file /home/leizo/.local/lib/python3.8/site-packages/airflow/example_dags/example_task_group_decorator.py for tasks to queue
[2022-06-12 21:59:58,127] {logging_mixin.py:109} INFO - [2022-06-12 21:59:58,127] {dagbag.py:500} INFO - Filling up the DagBag from /home/leizo/.local/lib/python3.8/site-packages/airflow/example_dags/example_task_group_decorator.py
[2022-06-12 21:59:58,195] {processor.py:652} INFO - DAG(s) dict_keys(['example_task_group_decorator']) retrieved from /home/leizo/.local/lib/python3.8/site-packages/airflow/example_dags/example_task_group_decorator.py
[2022-06-12 21:59:58,817] {logging_mixin.py:109} INFO - [2022-06-12 21:59:58,817] {dag.py:2398} INFO - Sync 1 DAGs
[2022-06-12 21:59:58,846] {logging_mixin.py:109} INFO - [2022-06-12 21:59:58,845] {dag.py:2937} INFO - Setting next_dagrun for example_task_group_decorator to 2022-06-11T19:59:58.843306+00:00
[2022-06-12 21:59:58,878] {processor.py:171} INFO - Processing /home/leizo/.local/lib/python3.8/site-packages/airflow/example_dags/example_task_group_decorator.py took 0.760 seconds
[2022-06-12 22:00:43,577] {processor.py:163} INFO - Started process (PID=194) to work on /home/leizo/.local/lib/python3.8/site-packages/airflow/example_dags/example_task_group_decorator.py
[2022-06-12 22:00:43,581] {processor.py:642} INFO - Processing file /home/leizo/.local/lib/python3.8/site-packages/airflow/example_dags/example_task_group_decorator.py for tasks to queue
[2022-06-12 22:00:43,583] {logging_mixin.py:109} INFO - [2022-06-12 22:00:43,582] {dagbag.py:500} INFO - Filling up the DagBag from /home/leizo/.local/lib/python3.8/site-packages/airflow/example_dags/example_task_group_decorator.py
[2022-06-12 22:00:43,670] {processor.py:652} INFO - DAG(s) dict_keys(['example_task_group_decorator']) retrieved from /home/leizo/.local/lib/python3.8/site-packages/airflow/example_dags/example_task_group_decorator.py
[2022-06-12 22:00:44,283] {logging_mixin.py:109} INFO - [2022-06-12 22:00:44,282] {dag.py:2398} INFO - Sync 1 DAGs
[2022-06-12 22:00:44,334] {logging_mixin.py:109} INFO - [2022-06-12 22:00:44,334] {dag.py:2937} INFO - Setting next_dagrun for example_task_group_decorator to 2022-06-11T20:00:44.326390+00:00
[2022-06-12 22:00:44,367] {processor.py:171} INFO - Processing /home/leizo/.local/lib/python3.8/site-packages/airflow/example_dags/example_task_group_decorator.py took 0.797 seconds
[2022-06-12 22:01:37,834] {processor.py:163} INFO - Started process (PID=231) to work on /home/leizo/.local/lib/python3.8/site-packages/airflow/example_dags/example_task_group_decorator.py
[2022-06-12 22:01:37,838] {processor.py:642} INFO - Processing file /home/leizo/.local/lib/python3.8/site-packages/airflow/example_dags/example_task_group_decorator.py for tasks to queue
[2022-06-12 22:01:37,839] {logging_mixin.py:109} INFO - [2022-06-12 22:01:37,839] {dagbag.py:500} INFO - Filling up the DagBag from /home/leizo/.local/lib/python3.8/site-packages/airflow/example_dags/example_task_group_decorator.py
[2022-06-12 22:01:37,904] {processor.py:652} INFO - DAG(s) dict_keys(['example_task_group_decorator']) retrieved from /home/leizo/.local/lib/python3.8/site-packages/airflow/example_dags/example_task_group_decorator.py
[2022-06-12 22:01:38,458] {logging_mixin.py:109} INFO - [2022-06-12 22:01:38,456] {dag.py:2398} INFO - Sync 1 DAGs
[2022-06-12 22:01:38,492] {logging_mixin.py:109} INFO - [2022-06-12 22:01:38,491] {dag.py:2937} INFO - Setting next_dagrun for example_task_group_decorator to 2022-06-11T20:01:38.490086+00:00
[2022-06-12 22:01:38,527] {processor.py:171} INFO - Processing /home/leizo/.local/lib/python3.8/site-packages/airflow/example_dags/example_task_group_decorator.py took 0.701 seconds
[2022-06-12 22:02:20,076] {processor.py:163} INFO - Started process (PID=265) to work on /home/leizo/.local/lib/python3.8/site-packages/airflow/example_dags/example_task_group_decorator.py
[2022-06-12 22:02:20,078] {processor.py:642} INFO - Processing file /home/leizo/.local/lib/python3.8/site-packages/airflow/example_dags/example_task_group_decorator.py for tasks to queue
[2022-06-12 22:02:20,079] {logging_mixin.py:109} INFO - [2022-06-12 22:02:20,079] {dagbag.py:500} INFO - Filling up the DagBag from /home/leizo/.local/lib/python3.8/site-packages/airflow/example_dags/example_task_group_decorator.py
[2022-06-12 22:02:20,146] {processor.py:652} INFO - DAG(s) dict_keys(['example_task_group_decorator']) retrieved from /home/leizo/.local/lib/python3.8/site-packages/airflow/example_dags/example_task_group_decorator.py
[2022-06-12 22:02:20,605] {logging_mixin.py:109} INFO - [2022-06-12 22:02:20,605] {dag.py:2398} INFO - Sync 1 DAGs
[2022-06-12 22:02:20,624] {logging_mixin.py:109} INFO - [2022-06-12 22:02:20,624] {dag.py:2937} INFO - Setting next_dagrun for example_task_group_decorator to 2022-06-11T20:02:20.623878+00:00
[2022-06-12 22:02:20,647] {processor.py:171} INFO - Processing /home/leizo/.local/lib/python3.8/site-packages/airflow/example_dags/example_task_group_decorator.py took 0.576 seconds
[2022-06-12 22:03:05,972] {processor.py:163} INFO - Started process (PID=302) to work on /home/leizo/.local/lib/python3.8/site-packages/airflow/example_dags/example_task_group_decorator.py
[2022-06-12 22:03:05,975] {processor.py:642} INFO - Processing file /home/leizo/.local/lib/python3.8/site-packages/airflow/example_dags/example_task_group_decorator.py for tasks to queue
[2022-06-12 22:03:05,976] {logging_mixin.py:109} INFO - [2022-06-12 22:03:05,976] {dagbag.py:500} INFO - Filling up the DagBag from /home/leizo/.local/lib/python3.8/site-packages/airflow/example_dags/example_task_group_decorator.py
[2022-06-12 22:03:06,039] {processor.py:652} INFO - DAG(s) dict_keys(['example_task_group_decorator']) retrieved from /home/leizo/.local/lib/python3.8/site-packages/airflow/example_dags/example_task_group_decorator.py
[2022-06-12 22:03:06,370] {logging_mixin.py:109} INFO - [2022-06-12 22:03:06,369] {dag.py:2398} INFO - Sync 1 DAGs
[2022-06-12 22:03:06,389] {logging_mixin.py:109} INFO - [2022-06-12 22:03:06,389] {dag.py:2937} INFO - Setting next_dagrun for example_task_group_decorator to 2022-06-11T20:03:06.388892+00:00
[2022-06-12 22:03:06,405] {processor.py:171} INFO - Processing /home/leizo/.local/lib/python3.8/site-packages/airflow/example_dags/example_task_group_decorator.py took 0.438 seconds
[2022-06-12 22:03:51,403] {processor.py:163} INFO - Started process (PID=340) to work on /home/leizo/.local/lib/python3.8/site-packages/airflow/example_dags/example_task_group_decorator.py
[2022-06-12 22:03:51,410] {processor.py:642} INFO - Processing file /home/leizo/.local/lib/python3.8/site-packages/airflow/example_dags/example_task_group_decorator.py for tasks to queue
[2022-06-12 22:03:51,413] {logging_mixin.py:109} INFO - [2022-06-12 22:03:51,413] {dagbag.py:500} INFO - Filling up the DagBag from /home/leizo/.local/lib/python3.8/site-packages/airflow/example_dags/example_task_group_decorator.py
[2022-06-12 22:03:51,547] {processor.py:652} INFO - DAG(s) dict_keys(['example_task_group_decorator']) retrieved from /home/leizo/.local/lib/python3.8/site-packages/airflow/example_dags/example_task_group_decorator.py
[2022-06-12 22:03:52,648] {logging_mixin.py:109} INFO - [2022-06-12 22:03:52,647] {dag.py:2398} INFO - Sync 1 DAGs
[2022-06-12 22:03:52,727] {logging_mixin.py:109} INFO - [2022-06-12 22:03:52,727] {dag.py:2937} INFO - Setting next_dagrun for example_task_group_decorator to 2022-06-11T20:03:52.725050+00:00
[2022-06-12 22:03:52,809] {processor.py:171} INFO - Processing /home/leizo/.local/lib/python3.8/site-packages/airflow/example_dags/example_task_group_decorator.py took 1.415 seconds
[2022-06-12 22:04:47,934] {processor.py:163} INFO - Started process (PID=377) to work on /home/leizo/.local/lib/python3.8/site-packages/airflow/example_dags/example_task_group_decorator.py
[2022-06-12 22:04:47,938] {processor.py:642} INFO - Processing file /home/leizo/.local/lib/python3.8/site-packages/airflow/example_dags/example_task_group_decorator.py for tasks to queue
[2022-06-12 22:04:47,939] {logging_mixin.py:109} INFO - [2022-06-12 22:04:47,939] {dagbag.py:500} INFO - Filling up the DagBag from /home/leizo/.local/lib/python3.8/site-packages/airflow/example_dags/example_task_group_decorator.py
[2022-06-12 22:04:48,056] {processor.py:652} INFO - DAG(s) dict_keys(['example_task_group_decorator']) retrieved from /home/leizo/.local/lib/python3.8/site-packages/airflow/example_dags/example_task_group_decorator.py
[2022-06-12 22:04:48,982] {logging_mixin.py:109} INFO - [2022-06-12 22:04:48,981] {dag.py:2398} INFO - Sync 1 DAGs
[2022-06-12 22:04:49,033] {logging_mixin.py:109} INFO - [2022-06-12 22:04:49,032] {dag.py:2937} INFO - Setting next_dagrun for example_task_group_decorator to 2022-06-11T20:04:49.031730+00:00
[2022-06-12 22:04:49,076] {processor.py:171} INFO - Processing /home/leizo/.local/lib/python3.8/site-packages/airflow/example_dags/example_task_group_decorator.py took 1.150 seconds
[2022-06-12 22:05:45,679] {processor.py:163} INFO - Started process (PID=455) to work on /home/leizo/.local/lib/python3.8/site-packages/airflow/example_dags/example_task_group_decorator.py
[2022-06-12 22:05:45,682] {processor.py:642} INFO - Processing file /home/leizo/.local/lib/python3.8/site-packages/airflow/example_dags/example_task_group_decorator.py for tasks to queue
[2022-06-12 22:05:45,683] {logging_mixin.py:109} INFO - [2022-06-12 22:05:45,683] {dagbag.py:500} INFO - Filling up the DagBag from /home/leizo/.local/lib/python3.8/site-packages/airflow/example_dags/example_task_group_decorator.py
[2022-06-12 22:05:45,780] {processor.py:652} INFO - DAG(s) dict_keys(['example_task_group_decorator']) retrieved from /home/leizo/.local/lib/python3.8/site-packages/airflow/example_dags/example_task_group_decorator.py
[2022-06-12 22:05:46,407] {logging_mixin.py:109} INFO - [2022-06-12 22:05:46,407] {dag.py:2398} INFO - Sync 1 DAGs
[2022-06-12 22:05:46,442] {logging_mixin.py:109} INFO - [2022-06-12 22:05:46,442] {dag.py:2937} INFO - Setting next_dagrun for example_task_group_decorator to 2022-06-11T20:05:46.441461+00:00
[2022-06-12 22:05:46,475] {processor.py:171} INFO - Processing /home/leizo/.local/lib/python3.8/site-packages/airflow/example_dags/example_task_group_decorator.py took 0.802 seconds
[2022-06-12 22:06:37,530] {processor.py:163} INFO - Started process (PID=621) to work on /home/leizo/.local/lib/python3.8/site-packages/airflow/example_dags/example_task_group_decorator.py
[2022-06-12 22:06:37,534] {processor.py:642} INFO - Processing file /home/leizo/.local/lib/python3.8/site-packages/airflow/example_dags/example_task_group_decorator.py for tasks to queue
[2022-06-12 22:06:37,535] {logging_mixin.py:109} INFO - [2022-06-12 22:06:37,535] {dagbag.py:500} INFO - Filling up the DagBag from /home/leizo/.local/lib/python3.8/site-packages/airflow/example_dags/example_task_group_decorator.py
[2022-06-12 22:06:37,605] {processor.py:652} INFO - DAG(s) dict_keys(['example_task_group_decorator']) retrieved from /home/leizo/.local/lib/python3.8/site-packages/airflow/example_dags/example_task_group_decorator.py
[2022-06-12 22:06:38,092] {logging_mixin.py:109} INFO - [2022-06-12 22:06:38,092] {dag.py:2398} INFO - Sync 1 DAGs
[2022-06-12 22:06:38,119] {logging_mixin.py:109} INFO - [2022-06-12 22:06:38,119] {dag.py:2937} INFO - Setting next_dagrun for example_task_group_decorator to 2022-06-11T20:06:38.118744+00:00
[2022-06-12 22:06:38,145] {processor.py:171} INFO - Processing /home/leizo/.local/lib/python3.8/site-packages/airflow/example_dags/example_task_group_decorator.py took 0.621 seconds
[2022-06-12 22:07:17,224] {processor.py:163} INFO - Started process (PID=655) to work on /home/leizo/.local/lib/python3.8/site-packages/airflow/example_dags/example_task_group_decorator.py
[2022-06-12 22:07:17,226] {processor.py:642} INFO - Processing file /home/leizo/.local/lib/python3.8/site-packages/airflow/example_dags/example_task_group_decorator.py for tasks to queue
[2022-06-12 22:07:17,226] {logging_mixin.py:109} INFO - [2022-06-12 22:07:17,226] {dagbag.py:500} INFO - Filling up the DagBag from /home/leizo/.local/lib/python3.8/site-packages/airflow/example_dags/example_task_group_decorator.py
[2022-06-12 22:07:17,251] {processor.py:652} INFO - DAG(s) dict_keys(['example_task_group_decorator']) retrieved from /home/leizo/.local/lib/python3.8/site-packages/airflow/example_dags/example_task_group_decorator.py
[2022-06-12 22:07:17,589] {logging_mixin.py:109} INFO - [2022-06-12 22:07:17,589] {dag.py:2398} INFO - Sync 1 DAGs
[2022-06-12 22:07:17,617] {logging_mixin.py:109} INFO - [2022-06-12 22:07:17,616] {dag.py:2937} INFO - Setting next_dagrun for example_task_group_decorator to 2022-06-11T20:07:17.616500+00:00
[2022-06-12 22:07:17,637] {processor.py:171} INFO - Processing /home/leizo/.local/lib/python3.8/site-packages/airflow/example_dags/example_task_group_decorator.py took 0.415 seconds
[2022-06-12 22:07:56,195] {processor.py:163} INFO - Started process (PID=691) to work on /home/leizo/.local/lib/python3.8/site-packages/airflow/example_dags/example_task_group_decorator.py
[2022-06-12 22:07:56,197] {processor.py:642} INFO - Processing file /home/leizo/.local/lib/python3.8/site-packages/airflow/example_dags/example_task_group_decorator.py for tasks to queue
[2022-06-12 22:07:56,198] {logging_mixin.py:109} INFO - [2022-06-12 22:07:56,198] {dagbag.py:500} INFO - Filling up the DagBag from /home/leizo/.local/lib/python3.8/site-packages/airflow/example_dags/example_task_group_decorator.py
[2022-06-12 22:07:56,227] {processor.py:652} INFO - DAG(s) dict_keys(['example_task_group_decorator']) retrieved from /home/leizo/.local/lib/python3.8/site-packages/airflow/example_dags/example_task_group_decorator.py
[2022-06-12 22:07:56,501] {logging_mixin.py:109} INFO - [2022-06-12 22:07:56,501] {dag.py:2398} INFO - Sync 1 DAGs
[2022-06-12 22:07:56,518] {logging_mixin.py:109} INFO - [2022-06-12 22:07:56,517] {dag.py:2937} INFO - Setting next_dagrun for example_task_group_decorator to 2022-06-11T20:07:56.517516+00:00
[2022-06-12 22:07:56,536] {processor.py:171} INFO - Processing /home/leizo/.local/lib/python3.8/site-packages/airflow/example_dags/example_task_group_decorator.py took 0.343 seconds
[2022-06-12 22:08:33,065] {processor.py:163} INFO - Started process (PID=727) to work on /home/leizo/.local/lib/python3.8/site-packages/airflow/example_dags/example_task_group_decorator.py
[2022-06-12 22:08:33,067] {processor.py:642} INFO - Processing file /home/leizo/.local/lib/python3.8/site-packages/airflow/example_dags/example_task_group_decorator.py for tasks to queue
[2022-06-12 22:08:33,067] {logging_mixin.py:109} INFO - [2022-06-12 22:08:33,067] {dagbag.py:500} INFO - Filling up the DagBag from /home/leizo/.local/lib/python3.8/site-packages/airflow/example_dags/example_task_group_decorator.py
[2022-06-12 22:08:33,109] {processor.py:652} INFO - DAG(s) dict_keys(['example_task_group_decorator']) retrieved from /home/leizo/.local/lib/python3.8/site-packages/airflow/example_dags/example_task_group_decorator.py
[2022-06-12 22:08:33,367] {logging_mixin.py:109} INFO - [2022-06-12 22:08:33,367] {dag.py:2398} INFO - Sync 1 DAGs
[2022-06-12 22:08:33,383] {logging_mixin.py:109} INFO - [2022-06-12 22:08:33,383] {dag.py:2937} INFO - Setting next_dagrun for example_task_group_decorator to 2022-06-11T20:08:33.382795+00:00
[2022-06-12 22:08:33,398] {processor.py:171} INFO - Processing /home/leizo/.local/lib/python3.8/site-packages/airflow/example_dags/example_task_group_decorator.py took 0.337 seconds
[2022-06-12 22:09:13,445] {processor.py:163} INFO - Started process (PID=764) to work on /home/leizo/.local/lib/python3.8/site-packages/airflow/example_dags/example_task_group_decorator.py
[2022-06-12 22:09:13,447] {processor.py:642} INFO - Processing file /home/leizo/.local/lib/python3.8/site-packages/airflow/example_dags/example_task_group_decorator.py for tasks to queue
[2022-06-12 22:09:13,447] {logging_mixin.py:109} INFO - [2022-06-12 22:09:13,447] {dagbag.py:500} INFO - Filling up the DagBag from /home/leizo/.local/lib/python3.8/site-packages/airflow/example_dags/example_task_group_decorator.py
[2022-06-12 22:09:13,478] {processor.py:652} INFO - DAG(s) dict_keys(['example_task_group_decorator']) retrieved from /home/leizo/.local/lib/python3.8/site-packages/airflow/example_dags/example_task_group_decorator.py
[2022-06-12 22:09:13,744] {logging_mixin.py:109} INFO - [2022-06-12 22:09:13,744] {dag.py:2398} INFO - Sync 1 DAGs
[2022-06-12 22:09:13,764] {logging_mixin.py:109} INFO - [2022-06-12 22:09:13,764] {dag.py:2937} INFO - Setting next_dagrun for example_task_group_decorator to 2022-06-11T20:09:13.763862+00:00
[2022-06-12 22:09:13,778] {processor.py:171} INFO - Processing /home/leizo/.local/lib/python3.8/site-packages/airflow/example_dags/example_task_group_decorator.py took 0.336 seconds
[2022-06-12 22:09:54,915] {processor.py:163} INFO - Started process (PID=801) to work on /home/leizo/.local/lib/python3.8/site-packages/airflow/example_dags/example_task_group_decorator.py
[2022-06-12 22:09:54,916] {processor.py:642} INFO - Processing file /home/leizo/.local/lib/python3.8/site-packages/airflow/example_dags/example_task_group_decorator.py for tasks to queue
[2022-06-12 22:09:54,916] {logging_mixin.py:109} INFO - [2022-06-12 22:09:54,916] {dagbag.py:500} INFO - Filling up the DagBag from /home/leizo/.local/lib/python3.8/site-packages/airflow/example_dags/example_task_group_decorator.py
[2022-06-12 22:09:54,946] {processor.py:652} INFO - DAG(s) dict_keys(['example_task_group_decorator']) retrieved from /home/leizo/.local/lib/python3.8/site-packages/airflow/example_dags/example_task_group_decorator.py
[2022-06-12 22:09:55,206] {logging_mixin.py:109} INFO - [2022-06-12 22:09:55,205] {dag.py:2398} INFO - Sync 1 DAGs
[2022-06-12 22:09:55,228] {logging_mixin.py:109} INFO - [2022-06-12 22:09:55,228] {dag.py:2937} INFO - Setting next_dagrun for example_task_group_decorator to 2022-06-11T20:09:55.228233+00:00
[2022-06-12 22:09:55,246] {processor.py:171} INFO - Processing /home/leizo/.local/lib/python3.8/site-packages/airflow/example_dags/example_task_group_decorator.py took 0.334 seconds
[2022-06-12 22:10:33,229] {processor.py:163} INFO - Started process (PID=834) to work on /home/leizo/.local/lib/python3.8/site-packages/airflow/example_dags/example_task_group_decorator.py
[2022-06-12 22:10:33,231] {processor.py:642} INFO - Processing file /home/leizo/.local/lib/python3.8/site-packages/airflow/example_dags/example_task_group_decorator.py for tasks to queue
[2022-06-12 22:10:33,231] {logging_mixin.py:109} INFO - [2022-06-12 22:10:33,231] {dagbag.py:500} INFO - Filling up the DagBag from /home/leizo/.local/lib/python3.8/site-packages/airflow/example_dags/example_task_group_decorator.py
[2022-06-12 22:10:33,285] {processor.py:652} INFO - DAG(s) dict_keys(['example_task_group_decorator']) retrieved from /home/leizo/.local/lib/python3.8/site-packages/airflow/example_dags/example_task_group_decorator.py
[2022-06-12 22:10:33,806] {logging_mixin.py:109} INFO - [2022-06-12 22:10:33,806] {dag.py:2398} INFO - Sync 1 DAGs
[2022-06-12 22:10:33,850] {logging_mixin.py:109} INFO - [2022-06-12 22:10:33,850] {dag.py:2937} INFO - Setting next_dagrun for example_task_group_decorator to 2022-06-11T20:10:33.849632+00:00
[2022-06-12 22:10:33,876] {processor.py:171} INFO - Processing /home/leizo/.local/lib/python3.8/site-packages/airflow/example_dags/example_task_group_decorator.py took 0.651 seconds
[2022-06-12 22:11:19,962] {processor.py:163} INFO - Started process (PID=867) to work on /home/leizo/.local/lib/python3.8/site-packages/airflow/example_dags/example_task_group_decorator.py
[2022-06-12 22:11:19,967] {processor.py:642} INFO - Processing file /home/leizo/.local/lib/python3.8/site-packages/airflow/example_dags/example_task_group_decorator.py for tasks to queue
[2022-06-12 22:11:19,969] {logging_mixin.py:109} INFO - [2022-06-12 22:11:19,968] {dagbag.py:500} INFO - Filling up the DagBag from /home/leizo/.local/lib/python3.8/site-packages/airflow/example_dags/example_task_group_decorator.py
[2022-06-12 22:11:20,158] {processor.py:652} INFO - DAG(s) dict_keys(['example_task_group_decorator']) retrieved from /home/leizo/.local/lib/python3.8/site-packages/airflow/example_dags/example_task_group_decorator.py
[2022-06-12 22:11:21,423] {logging_mixin.py:109} INFO - [2022-06-12 22:11:21,422] {dag.py:2398} INFO - Sync 1 DAGs
[2022-06-12 22:11:21,520] {logging_mixin.py:109} INFO - [2022-06-12 22:11:21,520] {dag.py:2937} INFO - Setting next_dagrun for example_task_group_decorator to 2022-06-11T20:11:21.509483+00:00
[2022-06-12 22:11:21,592] {processor.py:171} INFO - Processing /home/leizo/.local/lib/python3.8/site-packages/airflow/example_dags/example_task_group_decorator.py took 1.654 seconds
[2022-06-12 22:12:04,870] {processor.py:163} INFO - Started process (PID=902) to work on /home/leizo/.local/lib/python3.8/site-packages/airflow/example_dags/example_task_group_decorator.py
[2022-06-12 22:12:04,873] {processor.py:642} INFO - Processing file /home/leizo/.local/lib/python3.8/site-packages/airflow/example_dags/example_task_group_decorator.py for tasks to queue
[2022-06-12 22:12:04,875] {logging_mixin.py:109} INFO - [2022-06-12 22:12:04,874] {dagbag.py:500} INFO - Filling up the DagBag from /home/leizo/.local/lib/python3.8/site-packages/airflow/example_dags/example_task_group_decorator.py
[2022-06-12 22:12:04,949] {processor.py:652} INFO - DAG(s) dict_keys(['example_task_group_decorator']) retrieved from /home/leizo/.local/lib/python3.8/site-packages/airflow/example_dags/example_task_group_decorator.py
[2022-06-12 22:12:05,503] {logging_mixin.py:109} INFO - [2022-06-12 22:12:05,502] {dag.py:2398} INFO - Sync 1 DAGs
[2022-06-12 22:12:05,533] {logging_mixin.py:109} INFO - [2022-06-12 22:12:05,532] {dag.py:2937} INFO - Setting next_dagrun for example_task_group_decorator to 2022-06-11T20:12:05.532292+00:00
[2022-06-12 22:12:05,559] {processor.py:171} INFO - Processing /home/leizo/.local/lib/python3.8/site-packages/airflow/example_dags/example_task_group_decorator.py took 0.696 seconds
[2022-06-12 22:12:42,545] {processor.py:163} INFO - Started process (PID=934) to work on /home/leizo/.local/lib/python3.8/site-packages/airflow/example_dags/example_task_group_decorator.py
[2022-06-12 22:12:42,546] {processor.py:642} INFO - Processing file /home/leizo/.local/lib/python3.8/site-packages/airflow/example_dags/example_task_group_decorator.py for tasks to queue
[2022-06-12 22:12:42,547] {logging_mixin.py:109} INFO - [2022-06-12 22:12:42,547] {dagbag.py:500} INFO - Filling up the DagBag from /home/leizo/.local/lib/python3.8/site-packages/airflow/example_dags/example_task_group_decorator.py
[2022-06-12 22:12:42,586] {processor.py:652} INFO - DAG(s) dict_keys(['example_task_group_decorator']) retrieved from /home/leizo/.local/lib/python3.8/site-packages/airflow/example_dags/example_task_group_decorator.py
[2022-06-12 22:12:42,985] {logging_mixin.py:109} INFO - [2022-06-12 22:12:42,984] {dag.py:2398} INFO - Sync 1 DAGs
[2022-06-12 22:12:43,012] {logging_mixin.py:109} INFO - [2022-06-12 22:12:43,012] {dag.py:2937} INFO - Setting next_dagrun for example_task_group_decorator to 2022-06-11T20:12:43.011817+00:00
[2022-06-12 22:12:43,038] {processor.py:171} INFO - Processing /home/leizo/.local/lib/python3.8/site-packages/airflow/example_dags/example_task_group_decorator.py took 0.496 seconds
[2022-06-12 22:13:20,188] {processor.py:163} INFO - Started process (PID=967) to work on /home/leizo/.local/lib/python3.8/site-packages/airflow/example_dags/example_task_group_decorator.py
[2022-06-12 22:13:20,190] {processor.py:642} INFO - Processing file /home/leizo/.local/lib/python3.8/site-packages/airflow/example_dags/example_task_group_decorator.py for tasks to queue
[2022-06-12 22:13:20,191] {logging_mixin.py:109} INFO - [2022-06-12 22:13:20,191] {dagbag.py:500} INFO - Filling up the DagBag from /home/leizo/.local/lib/python3.8/site-packages/airflow/example_dags/example_task_group_decorator.py
[2022-06-12 22:13:20,222] {processor.py:652} INFO - DAG(s) dict_keys(['example_task_group_decorator']) retrieved from /home/leizo/.local/lib/python3.8/site-packages/airflow/example_dags/example_task_group_decorator.py
[2022-06-12 22:13:20,551] {logging_mixin.py:109} INFO - [2022-06-12 22:13:20,551] {dag.py:2398} INFO - Sync 1 DAGs
[2022-06-12 22:13:20,570] {logging_mixin.py:109} INFO - [2022-06-12 22:13:20,570] {dag.py:2937} INFO - Setting next_dagrun for example_task_group_decorator to 2022-06-11T20:13:20.570251+00:00
[2022-06-12 22:13:20,594] {processor.py:171} INFO - Processing /home/leizo/.local/lib/python3.8/site-packages/airflow/example_dags/example_task_group_decorator.py took 0.410 seconds
[2022-06-12 22:13:58,132] {processor.py:163} INFO - Started process (PID=1002) to work on /home/leizo/.local/lib/python3.8/site-packages/airflow/example_dags/example_task_group_decorator.py
[2022-06-12 22:13:58,134] {processor.py:642} INFO - Processing file /home/leizo/.local/lib/python3.8/site-packages/airflow/example_dags/example_task_group_decorator.py for tasks to queue
[2022-06-12 22:13:58,135] {logging_mixin.py:109} INFO - [2022-06-12 22:13:58,135] {dagbag.py:500} INFO - Filling up the DagBag from /home/leizo/.local/lib/python3.8/site-packages/airflow/example_dags/example_task_group_decorator.py
[2022-06-12 22:13:58,170] {processor.py:652} INFO - DAG(s) dict_keys(['example_task_group_decorator']) retrieved from /home/leizo/.local/lib/python3.8/site-packages/airflow/example_dags/example_task_group_decorator.py
[2022-06-12 22:13:58,562] {logging_mixin.py:109} INFO - [2022-06-12 22:13:58,561] {dag.py:2398} INFO - Sync 1 DAGs
[2022-06-12 22:13:58,576] {logging_mixin.py:109} INFO - [2022-06-12 22:13:58,576] {dag.py:2937} INFO - Setting next_dagrun for example_task_group_decorator to 2022-06-11T20:13:58.576205+00:00
[2022-06-12 22:13:58,599] {processor.py:171} INFO - Processing /home/leizo/.local/lib/python3.8/site-packages/airflow/example_dags/example_task_group_decorator.py took 0.471 seconds
[2022-06-12 22:14:35,289] {processor.py:163} INFO - Started process (PID=1036) to work on /home/leizo/.local/lib/python3.8/site-packages/airflow/example_dags/example_task_group_decorator.py
[2022-06-12 22:14:35,290] {processor.py:642} INFO - Processing file /home/leizo/.local/lib/python3.8/site-packages/airflow/example_dags/example_task_group_decorator.py for tasks to queue
[2022-06-12 22:14:35,291] {logging_mixin.py:109} INFO - [2022-06-12 22:14:35,291] {dagbag.py:500} INFO - Filling up the DagBag from /home/leizo/.local/lib/python3.8/site-packages/airflow/example_dags/example_task_group_decorator.py
[2022-06-12 22:14:35,319] {processor.py:652} INFO - DAG(s) dict_keys(['example_task_group_decorator']) retrieved from /home/leizo/.local/lib/python3.8/site-packages/airflow/example_dags/example_task_group_decorator.py
[2022-06-12 22:14:35,583] {logging_mixin.py:109} INFO - [2022-06-12 22:14:35,583] {dag.py:2398} INFO - Sync 1 DAGs
[2022-06-12 22:14:35,600] {logging_mixin.py:109} INFO - [2022-06-12 22:14:35,600] {dag.py:2937} INFO - Setting next_dagrun for example_task_group_decorator to 2022-06-11T20:14:35.600292+00:00
[2022-06-12 22:14:35,615] {processor.py:171} INFO - Processing /home/leizo/.local/lib/python3.8/site-packages/airflow/example_dags/example_task_group_decorator.py took 0.327 seconds
[2022-06-12 22:15:09,782] {processor.py:163} INFO - Started process (PID=1070) to work on /home/leizo/.local/lib/python3.8/site-packages/airflow/example_dags/example_task_group_decorator.py
[2022-06-12 22:15:09,783] {processor.py:642} INFO - Processing file /home/leizo/.local/lib/python3.8/site-packages/airflow/example_dags/example_task_group_decorator.py for tasks to queue
[2022-06-12 22:15:09,784] {logging_mixin.py:109} INFO - [2022-06-12 22:15:09,784] {dagbag.py:500} INFO - Filling up the DagBag from /home/leizo/.local/lib/python3.8/site-packages/airflow/example_dags/example_task_group_decorator.py
[2022-06-12 22:15:09,813] {processor.py:652} INFO - DAG(s) dict_keys(['example_task_group_decorator']) retrieved from /home/leizo/.local/lib/python3.8/site-packages/airflow/example_dags/example_task_group_decorator.py
[2022-06-12 22:15:10,078] {logging_mixin.py:109} INFO - [2022-06-12 22:15:10,078] {dag.py:2398} INFO - Sync 1 DAGs
[2022-06-12 22:15:10,091] {logging_mixin.py:109} INFO - [2022-06-12 22:15:10,091] {dag.py:2937} INFO - Setting next_dagrun for example_task_group_decorator to 2022-06-11T20:15:10.090953+00:00
[2022-06-12 22:15:10,104] {processor.py:171} INFO - Processing /home/leizo/.local/lib/python3.8/site-packages/airflow/example_dags/example_task_group_decorator.py took 0.326 seconds
[2022-06-12 22:15:43,879] {processor.py:163} INFO - Started process (PID=1103) to work on /home/leizo/.local/lib/python3.8/site-packages/airflow/example_dags/example_task_group_decorator.py
[2022-06-12 22:15:43,880] {processor.py:642} INFO - Processing file /home/leizo/.local/lib/python3.8/site-packages/airflow/example_dags/example_task_group_decorator.py for tasks to queue
[2022-06-12 22:15:43,880] {logging_mixin.py:109} INFO - [2022-06-12 22:15:43,880] {dagbag.py:500} INFO - Filling up the DagBag from /home/leizo/.local/lib/python3.8/site-packages/airflow/example_dags/example_task_group_decorator.py
[2022-06-12 22:15:43,897] {processor.py:652} INFO - DAG(s) dict_keys(['example_task_group_decorator']) retrieved from /home/leizo/.local/lib/python3.8/site-packages/airflow/example_dags/example_task_group_decorator.py
[2022-06-12 22:15:44,099] {logging_mixin.py:109} INFO - [2022-06-12 22:15:44,099] {dag.py:2398} INFO - Sync 1 DAGs
[2022-06-12 22:15:44,110] {logging_mixin.py:109} INFO - [2022-06-12 22:15:44,110] {dag.py:2937} INFO - Setting next_dagrun for example_task_group_decorator to 2022-06-11T20:15:44.109839+00:00
[2022-06-12 22:15:44,123] {processor.py:171} INFO - Processing /home/leizo/.local/lib/python3.8/site-packages/airflow/example_dags/example_task_group_decorator.py took 0.246 seconds
[2022-06-12 22:16:18,873] {processor.py:163} INFO - Started process (PID=1136) to work on /home/leizo/.local/lib/python3.8/site-packages/airflow/example_dags/example_task_group_decorator.py
[2022-06-12 22:16:18,874] {processor.py:642} INFO - Processing file /home/leizo/.local/lib/python3.8/site-packages/airflow/example_dags/example_task_group_decorator.py for tasks to queue
[2022-06-12 22:16:18,875] {logging_mixin.py:109} INFO - [2022-06-12 22:16:18,875] {dagbag.py:500} INFO - Filling up the DagBag from /home/leizo/.local/lib/python3.8/site-packages/airflow/example_dags/example_task_group_decorator.py
[2022-06-12 22:16:18,899] {processor.py:652} INFO - DAG(s) dict_keys(['example_task_group_decorator']) retrieved from /home/leizo/.local/lib/python3.8/site-packages/airflow/example_dags/example_task_group_decorator.py
[2022-06-12 22:16:19,084] {logging_mixin.py:109} INFO - [2022-06-12 22:16:19,083] {dag.py:2398} INFO - Sync 1 DAGs
[2022-06-12 22:16:19,098] {logging_mixin.py:109} INFO - [2022-06-12 22:16:19,098] {dag.py:2937} INFO - Setting next_dagrun for example_task_group_decorator to 2022-06-11T20:16:19.097833+00:00
[2022-06-12 22:16:19,111] {processor.py:171} INFO - Processing /home/leizo/.local/lib/python3.8/site-packages/airflow/example_dags/example_task_group_decorator.py took 0.241 seconds
[2022-06-12 22:16:52,777] {processor.py:163} INFO - Started process (PID=1169) to work on /home/leizo/.local/lib/python3.8/site-packages/airflow/example_dags/example_task_group_decorator.py
[2022-06-12 22:16:52,778] {processor.py:642} INFO - Processing file /home/leizo/.local/lib/python3.8/site-packages/airflow/example_dags/example_task_group_decorator.py for tasks to queue
[2022-06-12 22:16:52,778] {logging_mixin.py:109} INFO - [2022-06-12 22:16:52,778] {dagbag.py:500} INFO - Filling up the DagBag from /home/leizo/.local/lib/python3.8/site-packages/airflow/example_dags/example_task_group_decorator.py
[2022-06-12 22:16:52,798] {processor.py:652} INFO - DAG(s) dict_keys(['example_task_group_decorator']) retrieved from /home/leizo/.local/lib/python3.8/site-packages/airflow/example_dags/example_task_group_decorator.py
[2022-06-12 22:16:52,965] {logging_mixin.py:109} INFO - [2022-06-12 22:16:52,964] {dag.py:2398} INFO - Sync 1 DAGs
[2022-06-12 22:16:52,976] {logging_mixin.py:109} INFO - [2022-06-12 22:16:52,975] {dag.py:2937} INFO - Setting next_dagrun for example_task_group_decorator to 2022-06-11T20:16:52.975641+00:00
[2022-06-12 22:16:52,987] {processor.py:171} INFO - Processing /home/leizo/.local/lib/python3.8/site-packages/airflow/example_dags/example_task_group_decorator.py took 0.213 seconds
[2022-06-12 22:17:31,205] {processor.py:163} INFO - Started process (PID=1206) to work on /home/leizo/.local/lib/python3.8/site-packages/airflow/example_dags/example_task_group_decorator.py
[2022-06-12 22:17:31,206] {processor.py:642} INFO - Processing file /home/leizo/.local/lib/python3.8/site-packages/airflow/example_dags/example_task_group_decorator.py for tasks to queue
[2022-06-12 22:17:31,207] {logging_mixin.py:109} INFO - [2022-06-12 22:17:31,206] {dagbag.py:500} INFO - Filling up the DagBag from /home/leizo/.local/lib/python3.8/site-packages/airflow/example_dags/example_task_group_decorator.py
[2022-06-12 22:17:31,226] {processor.py:652} INFO - DAG(s) dict_keys(['example_task_group_decorator']) retrieved from /home/leizo/.local/lib/python3.8/site-packages/airflow/example_dags/example_task_group_decorator.py
[2022-06-12 22:17:31,430] {logging_mixin.py:109} INFO - [2022-06-12 22:17:31,430] {dag.py:2398} INFO - Sync 1 DAGs
[2022-06-12 22:17:31,442] {logging_mixin.py:109} INFO - [2022-06-12 22:17:31,442] {dag.py:2937} INFO - Setting next_dagrun for example_task_group_decorator to 2022-06-11T20:17:31.441673+00:00
[2022-06-12 22:17:31,459] {processor.py:171} INFO - Processing /home/leizo/.local/lib/python3.8/site-packages/airflow/example_dags/example_task_group_decorator.py took 0.257 seconds
[2022-06-12 22:18:07,257] {processor.py:163} INFO - Started process (PID=1241) to work on /home/leizo/.local/lib/python3.8/site-packages/airflow/example_dags/example_task_group_decorator.py
[2022-06-12 22:18:07,259] {processor.py:642} INFO - Processing file /home/leizo/.local/lib/python3.8/site-packages/airflow/example_dags/example_task_group_decorator.py for tasks to queue
[2022-06-12 22:18:07,259] {logging_mixin.py:109} INFO - [2022-06-12 22:18:07,259] {dagbag.py:500} INFO - Filling up the DagBag from /home/leizo/.local/lib/python3.8/site-packages/airflow/example_dags/example_task_group_decorator.py
[2022-06-12 22:18:07,281] {processor.py:652} INFO - DAG(s) dict_keys(['example_task_group_decorator']) retrieved from /home/leizo/.local/lib/python3.8/site-packages/airflow/example_dags/example_task_group_decorator.py
[2022-06-12 22:18:07,460] {logging_mixin.py:109} INFO - [2022-06-12 22:18:07,460] {dag.py:2398} INFO - Sync 1 DAGs
[2022-06-12 22:18:07,473] {logging_mixin.py:109} INFO - [2022-06-12 22:18:07,472] {dag.py:2937} INFO - Setting next_dagrun for example_task_group_decorator to 2022-06-11T20:18:07.472547+00:00
[2022-06-12 22:18:07,489] {processor.py:171} INFO - Processing /home/leizo/.local/lib/python3.8/site-packages/airflow/example_dags/example_task_group_decorator.py took 0.235 seconds
[2022-06-12 22:18:42,420] {processor.py:163} INFO - Started process (PID=1276) to work on /home/leizo/.local/lib/python3.8/site-packages/airflow/example_dags/example_task_group_decorator.py
[2022-06-12 22:18:42,422] {processor.py:642} INFO - Processing file /home/leizo/.local/lib/python3.8/site-packages/airflow/example_dags/example_task_group_decorator.py for tasks to queue
[2022-06-12 22:18:42,422] {logging_mixin.py:109} INFO - [2022-06-12 22:18:42,422] {dagbag.py:500} INFO - Filling up the DagBag from /home/leizo/.local/lib/python3.8/site-packages/airflow/example_dags/example_task_group_decorator.py
[2022-06-12 22:18:42,444] {processor.py:652} INFO - DAG(s) dict_keys(['example_task_group_decorator']) retrieved from /home/leizo/.local/lib/python3.8/site-packages/airflow/example_dags/example_task_group_decorator.py
[2022-06-12 22:18:42,639] {logging_mixin.py:109} INFO - [2022-06-12 22:18:42,638] {dag.py:2398} INFO - Sync 1 DAGs
[2022-06-12 22:18:42,650] {logging_mixin.py:109} INFO - [2022-06-12 22:18:42,650] {dag.py:2937} INFO - Setting next_dagrun for example_task_group_decorator to 2022-06-11T20:18:42.649935+00:00
[2022-06-12 22:18:42,667] {processor.py:171} INFO - Processing /home/leizo/.local/lib/python3.8/site-packages/airflow/example_dags/example_task_group_decorator.py took 0.250 seconds
[2022-06-12 22:19:19,368] {processor.py:163} INFO - Started process (PID=1312) to work on /home/leizo/.local/lib/python3.8/site-packages/airflow/example_dags/example_task_group_decorator.py
[2022-06-12 22:19:19,370] {processor.py:642} INFO - Processing file /home/leizo/.local/lib/python3.8/site-packages/airflow/example_dags/example_task_group_decorator.py for tasks to queue
[2022-06-12 22:19:19,370] {logging_mixin.py:109} INFO - [2022-06-12 22:19:19,370] {dagbag.py:500} INFO - Filling up the DagBag from /home/leizo/.local/lib/python3.8/site-packages/airflow/example_dags/example_task_group_decorator.py
[2022-06-12 22:19:19,389] {processor.py:652} INFO - DAG(s) dict_keys(['example_task_group_decorator']) retrieved from /home/leizo/.local/lib/python3.8/site-packages/airflow/example_dags/example_task_group_decorator.py
[2022-06-12 22:19:19,554] {logging_mixin.py:109} INFO - [2022-06-12 22:19:19,554] {dag.py:2398} INFO - Sync 1 DAGs
[2022-06-12 22:19:19,565] {logging_mixin.py:109} INFO - [2022-06-12 22:19:19,565] {dag.py:2937} INFO - Setting next_dagrun for example_task_group_decorator to 2022-06-11T20:19:19.565243+00:00
[2022-06-12 22:19:19,578] {processor.py:171} INFO - Processing /home/leizo/.local/lib/python3.8/site-packages/airflow/example_dags/example_task_group_decorator.py took 0.212 seconds
[2022-06-12 22:19:55,634] {processor.py:163} INFO - Started process (PID=1348) to work on /home/leizo/.local/lib/python3.8/site-packages/airflow/example_dags/example_task_group_decorator.py
[2022-06-12 22:19:55,635] {processor.py:642} INFO - Processing file /home/leizo/.local/lib/python3.8/site-packages/airflow/example_dags/example_task_group_decorator.py for tasks to queue
[2022-06-12 22:19:55,636] {logging_mixin.py:109} INFO - [2022-06-12 22:19:55,636] {dagbag.py:500} INFO - Filling up the DagBag from /home/leizo/.local/lib/python3.8/site-packages/airflow/example_dags/example_task_group_decorator.py
[2022-06-12 22:19:55,657] {processor.py:652} INFO - DAG(s) dict_keys(['example_task_group_decorator']) retrieved from /home/leizo/.local/lib/python3.8/site-packages/airflow/example_dags/example_task_group_decorator.py
[2022-06-12 22:19:55,817] {logging_mixin.py:109} INFO - [2022-06-12 22:19:55,816] {dag.py:2398} INFO - Sync 1 DAGs
[2022-06-12 22:19:55,830] {logging_mixin.py:109} INFO - [2022-06-12 22:19:55,830] {dag.py:2937} INFO - Setting next_dagrun for example_task_group_decorator to 2022-06-11T20:19:55.829896+00:00
[2022-06-12 22:19:55,844] {processor.py:171} INFO - Processing /home/leizo/.local/lib/python3.8/site-packages/airflow/example_dags/example_task_group_decorator.py took 0.213 seconds
[2022-06-12 22:20:32,017] {processor.py:163} INFO - Started process (PID=1384) to work on /home/leizo/.local/lib/python3.8/site-packages/airflow/example_dags/example_task_group_decorator.py
[2022-06-12 22:20:32,019] {processor.py:642} INFO - Processing file /home/leizo/.local/lib/python3.8/site-packages/airflow/example_dags/example_task_group_decorator.py for tasks to queue
[2022-06-12 22:20:32,020] {logging_mixin.py:109} INFO - [2022-06-12 22:20:32,020] {dagbag.py:500} INFO - Filling up the DagBag from /home/leizo/.local/lib/python3.8/site-packages/airflow/example_dags/example_task_group_decorator.py
[2022-06-12 22:20:32,042] {processor.py:652} INFO - DAG(s) dict_keys(['example_task_group_decorator']) retrieved from /home/leizo/.local/lib/python3.8/site-packages/airflow/example_dags/example_task_group_decorator.py
[2022-06-12 22:20:32,231] {logging_mixin.py:109} INFO - [2022-06-12 22:20:32,231] {dag.py:2398} INFO - Sync 1 DAGs
[2022-06-12 22:20:32,243] {logging_mixin.py:109} INFO - [2022-06-12 22:20:32,243] {dag.py:2937} INFO - Setting next_dagrun for example_task_group_decorator to 2022-06-11T20:20:32.243002+00:00
[2022-06-12 22:20:32,255] {processor.py:171} INFO - Processing /home/leizo/.local/lib/python3.8/site-packages/airflow/example_dags/example_task_group_decorator.py took 0.242 seconds
[2022-06-12 22:21:11,314] {processor.py:163} INFO - Started process (PID=1422) to work on /home/leizo/.local/lib/python3.8/site-packages/airflow/example_dags/example_task_group_decorator.py
[2022-06-12 22:21:11,316] {processor.py:642} INFO - Processing file /home/leizo/.local/lib/python3.8/site-packages/airflow/example_dags/example_task_group_decorator.py for tasks to queue
[2022-06-12 22:21:11,317] {logging_mixin.py:109} INFO - [2022-06-12 22:21:11,317] {dagbag.py:500} INFO - Filling up the DagBag from /home/leizo/.local/lib/python3.8/site-packages/airflow/example_dags/example_task_group_decorator.py
[2022-06-12 22:21:11,336] {processor.py:652} INFO - DAG(s) dict_keys(['example_task_group_decorator']) retrieved from /home/leizo/.local/lib/python3.8/site-packages/airflow/example_dags/example_task_group_decorator.py
[2022-06-12 22:21:11,494] {logging_mixin.py:109} INFO - [2022-06-12 22:21:11,494] {dag.py:2398} INFO - Sync 1 DAGs
[2022-06-12 22:21:11,506] {logging_mixin.py:109} INFO - [2022-06-12 22:21:11,506] {dag.py:2937} INFO - Setting next_dagrun for example_task_group_decorator to 2022-06-11T20:21:11.505818+00:00
[2022-06-12 22:21:11,517] {processor.py:171} INFO - Processing /home/leizo/.local/lib/python3.8/site-packages/airflow/example_dags/example_task_group_decorator.py took 0.207 seconds
[2022-06-12 22:21:45,202] {processor.py:163} INFO - Started process (PID=1456) to work on /home/leizo/.local/lib/python3.8/site-packages/airflow/example_dags/example_task_group_decorator.py
[2022-06-12 22:21:45,203] {processor.py:642} INFO - Processing file /home/leizo/.local/lib/python3.8/site-packages/airflow/example_dags/example_task_group_decorator.py for tasks to queue
[2022-06-12 22:21:45,204] {logging_mixin.py:109} INFO - [2022-06-12 22:21:45,204] {dagbag.py:500} INFO - Filling up the DagBag from /home/leizo/.local/lib/python3.8/site-packages/airflow/example_dags/example_task_group_decorator.py
[2022-06-12 22:21:45,232] {processor.py:652} INFO - DAG(s) dict_keys(['example_task_group_decorator']) retrieved from /home/leizo/.local/lib/python3.8/site-packages/airflow/example_dags/example_task_group_decorator.py
[2022-06-12 22:21:45,411] {logging_mixin.py:109} INFO - [2022-06-12 22:21:45,411] {dag.py:2398} INFO - Sync 1 DAGs
[2022-06-12 22:21:45,426] {logging_mixin.py:109} INFO - [2022-06-12 22:21:45,426] {dag.py:2937} INFO - Setting next_dagrun for example_task_group_decorator to 2022-06-11T20:21:45.426296+00:00
[2022-06-12 22:21:45,443] {processor.py:171} INFO - Processing /home/leizo/.local/lib/python3.8/site-packages/airflow/example_dags/example_task_group_decorator.py took 0.243 seconds
[2022-06-12 22:22:22,762] {processor.py:163} INFO - Started process (PID=1493) to work on /home/leizo/.local/lib/python3.8/site-packages/airflow/example_dags/example_task_group_decorator.py
[2022-06-12 22:22:22,763] {processor.py:642} INFO - Processing file /home/leizo/.local/lib/python3.8/site-packages/airflow/example_dags/example_task_group_decorator.py for tasks to queue
[2022-06-12 22:22:22,763] {logging_mixin.py:109} INFO - [2022-06-12 22:22:22,763] {dagbag.py:500} INFO - Filling up the DagBag from /home/leizo/.local/lib/python3.8/site-packages/airflow/example_dags/example_task_group_decorator.py
[2022-06-12 22:22:22,785] {processor.py:652} INFO - DAG(s) dict_keys(['example_task_group_decorator']) retrieved from /home/leizo/.local/lib/python3.8/site-packages/airflow/example_dags/example_task_group_decorator.py
[2022-06-12 22:22:22,964] {logging_mixin.py:109} INFO - [2022-06-12 22:22:22,964] {dag.py:2398} INFO - Sync 1 DAGs
[2022-06-12 22:22:22,976] {logging_mixin.py:109} INFO - [2022-06-12 22:22:22,976] {dag.py:2937} INFO - Setting next_dagrun for example_task_group_decorator to 2022-06-11T20:22:22.976028+00:00
[2022-06-12 22:22:22,987] {processor.py:171} INFO - Processing /home/leizo/.local/lib/python3.8/site-packages/airflow/example_dags/example_task_group_decorator.py took 0.229 seconds
[2022-06-12 22:22:59,926] {processor.py:163} INFO - Started process (PID=1528) to work on /home/leizo/.local/lib/python3.8/site-packages/airflow/example_dags/example_task_group_decorator.py
[2022-06-12 22:22:59,927] {processor.py:642} INFO - Processing file /home/leizo/.local/lib/python3.8/site-packages/airflow/example_dags/example_task_group_decorator.py for tasks to queue
[2022-06-12 22:22:59,928] {logging_mixin.py:109} INFO - [2022-06-12 22:22:59,928] {dagbag.py:500} INFO - Filling up the DagBag from /home/leizo/.local/lib/python3.8/site-packages/airflow/example_dags/example_task_group_decorator.py
[2022-06-12 22:22:59,952] {processor.py:652} INFO - DAG(s) dict_keys(['example_task_group_decorator']) retrieved from /home/leizo/.local/lib/python3.8/site-packages/airflow/example_dags/example_task_group_decorator.py
[2022-06-12 22:23:00,140] {logging_mixin.py:109} INFO - [2022-06-12 22:23:00,139] {dag.py:2398} INFO - Sync 1 DAGs
[2022-06-12 22:23:00,152] {logging_mixin.py:109} INFO - [2022-06-12 22:23:00,152] {dag.py:2937} INFO - Setting next_dagrun for example_task_group_decorator to 2022-06-11T20:23:00.151812+00:00
[2022-06-12 22:23:00,167] {processor.py:171} INFO - Processing /home/leizo/.local/lib/python3.8/site-packages/airflow/example_dags/example_task_group_decorator.py took 0.243 seconds
[2022-06-12 22:23:36,967] {processor.py:163} INFO - Started process (PID=1620) to work on /home/leizo/.local/lib/python3.8/site-packages/airflow/example_dags/example_task_group_decorator.py
[2022-06-12 22:23:36,970] {processor.py:642} INFO - Processing file /home/leizo/.local/lib/python3.8/site-packages/airflow/example_dags/example_task_group_decorator.py for tasks to queue
[2022-06-12 22:23:36,971] {logging_mixin.py:109} INFO - [2022-06-12 22:23:36,970] {dagbag.py:500} INFO - Filling up the DagBag from /home/leizo/.local/lib/python3.8/site-packages/airflow/example_dags/example_task_group_decorator.py
[2022-06-12 22:23:37,021] {processor.py:652} INFO - DAG(s) dict_keys(['example_task_group_decorator']) retrieved from /home/leizo/.local/lib/python3.8/site-packages/airflow/example_dags/example_task_group_decorator.py
[2022-06-12 22:23:37,423] {logging_mixin.py:109} INFO - [2022-06-12 22:23:37,423] {dag.py:2398} INFO - Sync 1 DAGs
[2022-06-12 22:23:37,441] {logging_mixin.py:109} INFO - [2022-06-12 22:23:37,440] {dag.py:2937} INFO - Setting next_dagrun for example_task_group_decorator to 2022-06-11T20:23:37.440542+00:00
[2022-06-12 22:23:37,458] {processor.py:171} INFO - Processing /home/leizo/.local/lib/python3.8/site-packages/airflow/example_dags/example_task_group_decorator.py took 0.496 seconds
[2022-06-12 22:24:13,754] {processor.py:163} INFO - Started process (PID=1660) to work on /home/leizo/.local/lib/python3.8/site-packages/airflow/example_dags/example_task_group_decorator.py
[2022-06-12 22:24:13,757] {processor.py:642} INFO - Processing file /home/leizo/.local/lib/python3.8/site-packages/airflow/example_dags/example_task_group_decorator.py for tasks to queue
[2022-06-12 22:24:13,758] {logging_mixin.py:109} INFO - [2022-06-12 22:24:13,758] {dagbag.py:500} INFO - Filling up the DagBag from /home/leizo/.local/lib/python3.8/site-packages/airflow/example_dags/example_task_group_decorator.py
[2022-06-12 22:24:13,795] {processor.py:652} INFO - DAG(s) dict_keys(['example_task_group_decorator']) retrieved from /home/leizo/.local/lib/python3.8/site-packages/airflow/example_dags/example_task_group_decorator.py
[2022-06-12 22:24:14,008] {logging_mixin.py:109} INFO - [2022-06-12 22:24:14,008] {dag.py:2398} INFO - Sync 1 DAGs
[2022-06-12 22:24:14,023] {logging_mixin.py:109} INFO - [2022-06-12 22:24:14,023] {dag.py:2937} INFO - Setting next_dagrun for example_task_group_decorator to 2022-06-11T20:24:14.023159+00:00
[2022-06-12 22:24:14,043] {processor.py:171} INFO - Processing /home/leizo/.local/lib/python3.8/site-packages/airflow/example_dags/example_task_group_decorator.py took 0.292 seconds
[2022-06-12 22:24:50,023] {processor.py:163} INFO - Started process (PID=1696) to work on /home/leizo/.local/lib/python3.8/site-packages/airflow/example_dags/example_task_group_decorator.py
[2022-06-12 22:24:50,025] {processor.py:642} INFO - Processing file /home/leizo/.local/lib/python3.8/site-packages/airflow/example_dags/example_task_group_decorator.py for tasks to queue
[2022-06-12 22:24:50,027] {logging_mixin.py:109} INFO - [2022-06-12 22:24:50,026] {dagbag.py:500} INFO - Filling up the DagBag from /home/leizo/.local/lib/python3.8/site-packages/airflow/example_dags/example_task_group_decorator.py
[2022-06-12 22:24:50,063] {processor.py:652} INFO - DAG(s) dict_keys(['example_task_group_decorator']) retrieved from /home/leizo/.local/lib/python3.8/site-packages/airflow/example_dags/example_task_group_decorator.py
[2022-06-12 22:24:50,319] {logging_mixin.py:109} INFO - [2022-06-12 22:24:50,319] {dag.py:2398} INFO - Sync 1 DAGs
[2022-06-12 22:24:50,330] {logging_mixin.py:109} INFO - [2022-06-12 22:24:50,330] {dag.py:2937} INFO - Setting next_dagrun for example_task_group_decorator to 2022-06-11T20:24:50.329587+00:00
[2022-06-12 22:24:50,354] {processor.py:171} INFO - Processing /home/leizo/.local/lib/python3.8/site-packages/airflow/example_dags/example_task_group_decorator.py took 0.333 seconds
[2022-06-12 22:25:28,950] {processor.py:163} INFO - Started process (PID=1768) to work on /home/leizo/.local/lib/python3.8/site-packages/airflow/example_dags/example_task_group_decorator.py
[2022-06-12 22:25:28,954] {processor.py:642} INFO - Processing file /home/leizo/.local/lib/python3.8/site-packages/airflow/example_dags/example_task_group_decorator.py for tasks to queue
[2022-06-12 22:25:28,955] {logging_mixin.py:109} INFO - [2022-06-12 22:25:28,955] {dagbag.py:500} INFO - Filling up the DagBag from /home/leizo/.local/lib/python3.8/site-packages/airflow/example_dags/example_task_group_decorator.py
[2022-06-12 22:25:29,012] {processor.py:652} INFO - DAG(s) dict_keys(['example_task_group_decorator']) retrieved from /home/leizo/.local/lib/python3.8/site-packages/airflow/example_dags/example_task_group_decorator.py
[2022-06-12 22:25:29,315] {logging_mixin.py:109} INFO - [2022-06-12 22:25:29,314] {dag.py:2398} INFO - Sync 1 DAGs
[2022-06-12 22:25:29,335] {logging_mixin.py:109} INFO - [2022-06-12 22:25:29,335] {dag.py:2937} INFO - Setting next_dagrun for example_task_group_decorator to 2022-06-11T20:25:29.334842+00:00
[2022-06-12 22:25:29,355] {processor.py:171} INFO - Processing /home/leizo/.local/lib/python3.8/site-packages/airflow/example_dags/example_task_group_decorator.py took 0.411 seconds
[2022-06-12 22:26:08,941] {processor.py:163} INFO - Started process (PID=1806) to work on /home/leizo/.local/lib/python3.8/site-packages/airflow/example_dags/example_task_group_decorator.py
[2022-06-12 22:26:08,945] {processor.py:642} INFO - Processing file /home/leizo/.local/lib/python3.8/site-packages/airflow/example_dags/example_task_group_decorator.py for tasks to queue
[2022-06-12 22:26:08,947] {logging_mixin.py:109} INFO - [2022-06-12 22:26:08,946] {dagbag.py:500} INFO - Filling up the DagBag from /home/leizo/.local/lib/python3.8/site-packages/airflow/example_dags/example_task_group_decorator.py
[2022-06-12 22:26:09,010] {processor.py:652} INFO - DAG(s) dict_keys(['example_task_group_decorator']) retrieved from /home/leizo/.local/lib/python3.8/site-packages/airflow/example_dags/example_task_group_decorator.py
[2022-06-12 22:26:09,336] {logging_mixin.py:109} INFO - [2022-06-12 22:26:09,336] {dag.py:2398} INFO - Sync 1 DAGs
[2022-06-12 22:26:09,360] {logging_mixin.py:109} INFO - [2022-06-12 22:26:09,360] {dag.py:2937} INFO - Setting next_dagrun for example_task_group_decorator to 2022-06-11T20:26:09.359907+00:00
[2022-06-12 22:26:09,399] {processor.py:171} INFO - Processing /home/leizo/.local/lib/python3.8/site-packages/airflow/example_dags/example_task_group_decorator.py took 0.467 seconds
[2022-06-12 22:26:49,610] {processor.py:163} INFO - Started process (PID=1844) to work on /home/leizo/.local/lib/python3.8/site-packages/airflow/example_dags/example_task_group_decorator.py
[2022-06-12 22:26:49,613] {processor.py:642} INFO - Processing file /home/leizo/.local/lib/python3.8/site-packages/airflow/example_dags/example_task_group_decorator.py for tasks to queue
[2022-06-12 22:26:49,615] {logging_mixin.py:109} INFO - [2022-06-12 22:26:49,614] {dagbag.py:500} INFO - Filling up the DagBag from /home/leizo/.local/lib/python3.8/site-packages/airflow/example_dags/example_task_group_decorator.py
[2022-06-12 22:26:49,667] {processor.py:652} INFO - DAG(s) dict_keys(['example_task_group_decorator']) retrieved from /home/leizo/.local/lib/python3.8/site-packages/airflow/example_dags/example_task_group_decorator.py
[2022-06-12 22:26:49,922] {logging_mixin.py:109} INFO - [2022-06-12 22:26:49,921] {dag.py:2398} INFO - Sync 1 DAGs
[2022-06-12 22:26:49,940] {logging_mixin.py:109} INFO - [2022-06-12 22:26:49,940] {dag.py:2937} INFO - Setting next_dagrun for example_task_group_decorator to 2022-06-11T20:26:49.939816+00:00
[2022-06-12 22:26:49,962] {processor.py:171} INFO - Processing /home/leizo/.local/lib/python3.8/site-packages/airflow/example_dags/example_task_group_decorator.py took 0.358 seconds
[2022-06-12 22:28:01,608] {processor.py:163} INFO - Started process (PID=1921) to work on /home/leizo/.local/lib/python3.8/site-packages/airflow/example_dags/example_task_group_decorator.py
[2022-06-12 22:28:01,612] {processor.py:642} INFO - Processing file /home/leizo/.local/lib/python3.8/site-packages/airflow/example_dags/example_task_group_decorator.py for tasks to queue
[2022-06-12 22:28:01,613] {logging_mixin.py:109} INFO - [2022-06-12 22:28:01,613] {dagbag.py:500} INFO - Filling up the DagBag from /home/leizo/.local/lib/python3.8/site-packages/airflow/example_dags/example_task_group_decorator.py
[2022-06-12 22:28:01,676] {processor.py:652} INFO - DAG(s) dict_keys(['example_task_group_decorator']) retrieved from /home/leizo/.local/lib/python3.8/site-packages/airflow/example_dags/example_task_group_decorator.py
[2022-06-12 22:28:01,907] {logging_mixin.py:109} INFO - [2022-06-12 22:28:01,907] {dag.py:2398} INFO - Sync 1 DAGs
[2022-06-12 22:28:01,916] {logging_mixin.py:109} INFO - [2022-06-12 22:28:01,916] {dag.py:2937} INFO - Setting next_dagrun for example_task_group_decorator to 2022-06-11T20:28:01.916325+00:00
[2022-06-12 22:28:01,931] {processor.py:171} INFO - Processing /home/leizo/.local/lib/python3.8/site-packages/airflow/example_dags/example_task_group_decorator.py took 0.329 seconds
[2022-06-12 22:28:40,645] {processor.py:163} INFO - Started process (PID=1998) to work on /home/leizo/.local/lib/python3.8/site-packages/airflow/example_dags/example_task_group_decorator.py
[2022-06-12 22:28:40,648] {processor.py:642} INFO - Processing file /home/leizo/.local/lib/python3.8/site-packages/airflow/example_dags/example_task_group_decorator.py for tasks to queue
[2022-06-12 22:28:40,649] {logging_mixin.py:109} INFO - [2022-06-12 22:28:40,649] {dagbag.py:500} INFO - Filling up the DagBag from /home/leizo/.local/lib/python3.8/site-packages/airflow/example_dags/example_task_group_decorator.py
[2022-06-12 22:28:40,678] {processor.py:652} INFO - DAG(s) dict_keys(['example_task_group_decorator']) retrieved from /home/leizo/.local/lib/python3.8/site-packages/airflow/example_dags/example_task_group_decorator.py
[2022-06-12 22:28:40,875] {logging_mixin.py:109} INFO - [2022-06-12 22:28:40,875] {dag.py:2398} INFO - Sync 1 DAGs
[2022-06-12 22:28:40,887] {logging_mixin.py:109} INFO - [2022-06-12 22:28:40,887] {dag.py:2937} INFO - Setting next_dagrun for example_task_group_decorator to 2022-06-11T20:28:40.887125+00:00
[2022-06-12 22:28:40,907] {processor.py:171} INFO - Processing /home/leizo/.local/lib/python3.8/site-packages/airflow/example_dags/example_task_group_decorator.py took 0.268 seconds
[2022-06-12 22:29:26,055] {processor.py:163} INFO - Started process (PID=2098) to work on /home/leizo/.local/lib/python3.8/site-packages/airflow/example_dags/example_task_group_decorator.py
[2022-06-12 22:29:26,059] {processor.py:642} INFO - Processing file /home/leizo/.local/lib/python3.8/site-packages/airflow/example_dags/example_task_group_decorator.py for tasks to queue
[2022-06-12 22:29:26,060] {logging_mixin.py:109} INFO - [2022-06-12 22:29:26,060] {dagbag.py:500} INFO - Filling up the DagBag from /home/leizo/.local/lib/python3.8/site-packages/airflow/example_dags/example_task_group_decorator.py
[2022-06-12 22:29:26,104] {processor.py:652} INFO - DAG(s) dict_keys(['example_task_group_decorator']) retrieved from /home/leizo/.local/lib/python3.8/site-packages/airflow/example_dags/example_task_group_decorator.py
[2022-06-12 22:29:26,276] {logging_mixin.py:109} INFO - [2022-06-12 22:29:26,275] {dag.py:2398} INFO - Sync 1 DAGs
[2022-06-12 22:29:26,288] {logging_mixin.py:109} INFO - [2022-06-12 22:29:26,287] {dag.py:2937} INFO - Setting next_dagrun for example_task_group_decorator to 2022-06-11T20:29:26.287613+00:00
[2022-06-12 22:29:26,304] {processor.py:171} INFO - Processing /home/leizo/.local/lib/python3.8/site-packages/airflow/example_dags/example_task_group_decorator.py took 0.253 seconds
[2022-06-12 22:30:10,856] {processor.py:163} INFO - Started process (PID=2215) to work on /home/leizo/.local/lib/python3.8/site-packages/airflow/example_dags/example_task_group_decorator.py
[2022-06-12 22:30:10,860] {processor.py:642} INFO - Processing file /home/leizo/.local/lib/python3.8/site-packages/airflow/example_dags/example_task_group_decorator.py for tasks to queue
[2022-06-12 22:30:10,861] {logging_mixin.py:109} INFO - [2022-06-12 22:30:10,860] {dagbag.py:500} INFO - Filling up the DagBag from /home/leizo/.local/lib/python3.8/site-packages/airflow/example_dags/example_task_group_decorator.py
[2022-06-12 22:30:10,900] {processor.py:652} INFO - DAG(s) dict_keys(['example_task_group_decorator']) retrieved from /home/leizo/.local/lib/python3.8/site-packages/airflow/example_dags/example_task_group_decorator.py
[2022-06-12 22:30:11,130] {logging_mixin.py:109} INFO - [2022-06-12 22:30:11,129] {dag.py:2398} INFO - Sync 1 DAGs
[2022-06-12 22:30:11,139] {logging_mixin.py:109} INFO - [2022-06-12 22:30:11,139] {dag.py:2937} INFO - Setting next_dagrun for example_task_group_decorator to 2022-06-11T20:30:11.139330+00:00
[2022-06-12 22:30:11,155] {processor.py:171} INFO - Processing /home/leizo/.local/lib/python3.8/site-packages/airflow/example_dags/example_task_group_decorator.py took 0.303 seconds
[2022-06-12 22:30:59,807] {processor.py:163} INFO - Started process (PID=2326) to work on /home/leizo/.local/lib/python3.8/site-packages/airflow/example_dags/example_task_group_decorator.py
[2022-06-12 22:30:59,810] {processor.py:642} INFO - Processing file /home/leizo/.local/lib/python3.8/site-packages/airflow/example_dags/example_task_group_decorator.py for tasks to queue
[2022-06-12 22:30:59,811] {logging_mixin.py:109} INFO - [2022-06-12 22:30:59,811] {dagbag.py:500} INFO - Filling up the DagBag from /home/leizo/.local/lib/python3.8/site-packages/airflow/example_dags/example_task_group_decorator.py
[2022-06-12 22:30:59,855] {processor.py:652} INFO - DAG(s) dict_keys(['example_task_group_decorator']) retrieved from /home/leizo/.local/lib/python3.8/site-packages/airflow/example_dags/example_task_group_decorator.py
[2022-06-12 22:31:00,039] {logging_mixin.py:109} INFO - [2022-06-12 22:31:00,039] {dag.py:2398} INFO - Sync 1 DAGs
[2022-06-12 22:31:00,059] {logging_mixin.py:109} INFO - [2022-06-12 22:31:00,059] {dag.py:2937} INFO - Setting next_dagrun for example_task_group_decorator to 2022-06-11T20:31:00.059311+00:00
[2022-06-12 22:31:00,079] {processor.py:171} INFO - Processing /home/leizo/.local/lib/python3.8/site-packages/airflow/example_dags/example_task_group_decorator.py took 0.276 seconds
[2022-06-12 22:31:42,238] {processor.py:163} INFO - Started process (PID=2455) to work on /home/leizo/.local/lib/python3.8/site-packages/airflow/example_dags/example_task_group_decorator.py
[2022-06-12 22:31:42,240] {processor.py:642} INFO - Processing file /home/leizo/.local/lib/python3.8/site-packages/airflow/example_dags/example_task_group_decorator.py for tasks to queue
[2022-06-12 22:31:42,241] {logging_mixin.py:109} INFO - [2022-06-12 22:31:42,241] {dagbag.py:500} INFO - Filling up the DagBag from /home/leizo/.local/lib/python3.8/site-packages/airflow/example_dags/example_task_group_decorator.py
[2022-06-12 22:31:42,263] {processor.py:652} INFO - DAG(s) dict_keys(['example_task_group_decorator']) retrieved from /home/leizo/.local/lib/python3.8/site-packages/airflow/example_dags/example_task_group_decorator.py
[2022-06-12 22:31:42,423] {logging_mixin.py:109} INFO - [2022-06-12 22:31:42,423] {dag.py:2398} INFO - Sync 1 DAGs
[2022-06-12 22:31:42,435] {logging_mixin.py:109} INFO - [2022-06-12 22:31:42,435] {dag.py:2937} INFO - Setting next_dagrun for example_task_group_decorator to 2022-06-11T20:31:42.435496+00:00
[2022-06-12 22:31:42,452] {processor.py:171} INFO - Processing /home/leizo/.local/lib/python3.8/site-packages/airflow/example_dags/example_task_group_decorator.py took 0.217 seconds
[2022-06-12 22:32:23,349] {processor.py:163} INFO - Started process (PID=2510) to work on /home/leizo/.local/lib/python3.8/site-packages/airflow/example_dags/example_task_group_decorator.py
[2022-06-12 22:32:23,351] {processor.py:642} INFO - Processing file /home/leizo/.local/lib/python3.8/site-packages/airflow/example_dags/example_task_group_decorator.py for tasks to queue
[2022-06-12 22:32:23,352] {logging_mixin.py:109} INFO - [2022-06-12 22:32:23,352] {dagbag.py:500} INFO - Filling up the DagBag from /home/leizo/.local/lib/python3.8/site-packages/airflow/example_dags/example_task_group_decorator.py
[2022-06-12 22:32:23,377] {processor.py:652} INFO - DAG(s) dict_keys(['example_task_group_decorator']) retrieved from /home/leizo/.local/lib/python3.8/site-packages/airflow/example_dags/example_task_group_decorator.py
[2022-06-12 22:32:23,543] {logging_mixin.py:109} INFO - [2022-06-12 22:32:23,543] {dag.py:2398} INFO - Sync 1 DAGs
[2022-06-12 22:32:23,552] {logging_mixin.py:109} INFO - [2022-06-12 22:32:23,552] {dag.py:2937} INFO - Setting next_dagrun for example_task_group_decorator to 2022-06-11T20:32:23.551830+00:00
[2022-06-12 22:32:23,567] {processor.py:171} INFO - Processing /home/leizo/.local/lib/python3.8/site-packages/airflow/example_dags/example_task_group_decorator.py took 0.220 seconds
[2022-06-12 22:33:03,430] {processor.py:163} INFO - Started process (PID=2567) to work on /home/leizo/.local/lib/python3.8/site-packages/airflow/example_dags/example_task_group_decorator.py
[2022-06-12 22:33:03,433] {processor.py:642} INFO - Processing file /home/leizo/.local/lib/python3.8/site-packages/airflow/example_dags/example_task_group_decorator.py for tasks to queue
[2022-06-12 22:33:03,434] {logging_mixin.py:109} INFO - [2022-06-12 22:33:03,433] {dagbag.py:500} INFO - Filling up the DagBag from /home/leizo/.local/lib/python3.8/site-packages/airflow/example_dags/example_task_group_decorator.py
[2022-06-12 22:33:03,459] {processor.py:652} INFO - DAG(s) dict_keys(['example_task_group_decorator']) retrieved from /home/leizo/.local/lib/python3.8/site-packages/airflow/example_dags/example_task_group_decorator.py
[2022-06-12 22:33:03,621] {logging_mixin.py:109} INFO - [2022-06-12 22:33:03,621] {dag.py:2398} INFO - Sync 1 DAGs
[2022-06-12 22:33:03,632] {logging_mixin.py:109} INFO - [2022-06-12 22:33:03,632] {dag.py:2937} INFO - Setting next_dagrun for example_task_group_decorator to 2022-06-11T20:33:03.631707+00:00
[2022-06-12 22:33:03,649] {processor.py:171} INFO - Processing /home/leizo/.local/lib/python3.8/site-packages/airflow/example_dags/example_task_group_decorator.py took 0.221 seconds
[2022-06-12 22:33:43,555] {processor.py:163} INFO - Started process (PID=2658) to work on /home/leizo/.local/lib/python3.8/site-packages/airflow/example_dags/example_task_group_decorator.py
[2022-06-12 22:33:43,557] {processor.py:642} INFO - Processing file /home/leizo/.local/lib/python3.8/site-packages/airflow/example_dags/example_task_group_decorator.py for tasks to queue
[2022-06-12 22:33:43,558] {logging_mixin.py:109} INFO - [2022-06-12 22:33:43,558] {dagbag.py:500} INFO - Filling up the DagBag from /home/leizo/.local/lib/python3.8/site-packages/airflow/example_dags/example_task_group_decorator.py
[2022-06-12 22:33:43,577] {processor.py:652} INFO - DAG(s) dict_keys(['example_task_group_decorator']) retrieved from /home/leizo/.local/lib/python3.8/site-packages/airflow/example_dags/example_task_group_decorator.py
[2022-06-12 22:33:43,759] {logging_mixin.py:109} INFO - [2022-06-12 22:33:43,759] {dag.py:2398} INFO - Sync 1 DAGs
[2022-06-12 22:33:43,768] {logging_mixin.py:109} INFO - [2022-06-12 22:33:43,768] {dag.py:2937} INFO - Setting next_dagrun for example_task_group_decorator to 2022-06-11T20:33:43.768601+00:00
[2022-06-12 22:33:43,782] {processor.py:171} INFO - Processing /home/leizo/.local/lib/python3.8/site-packages/airflow/example_dags/example_task_group_decorator.py took 0.230 seconds
[2022-06-12 22:34:25,023] {processor.py:163} INFO - Started process (PID=2732) to work on /home/leizo/.local/lib/python3.8/site-packages/airflow/example_dags/example_task_group_decorator.py
[2022-06-12 22:34:25,025] {processor.py:642} INFO - Processing file /home/leizo/.local/lib/python3.8/site-packages/airflow/example_dags/example_task_group_decorator.py for tasks to queue
[2022-06-12 22:34:25,026] {logging_mixin.py:109} INFO - [2022-06-12 22:34:25,026] {dagbag.py:500} INFO - Filling up the DagBag from /home/leizo/.local/lib/python3.8/site-packages/airflow/example_dags/example_task_group_decorator.py
[2022-06-12 22:34:25,045] {processor.py:652} INFO - DAG(s) dict_keys(['example_task_group_decorator']) retrieved from /home/leizo/.local/lib/python3.8/site-packages/airflow/example_dags/example_task_group_decorator.py
[2022-06-12 22:34:25,219] {logging_mixin.py:109} INFO - [2022-06-12 22:34:25,219] {dag.py:2398} INFO - Sync 1 DAGs
[2022-06-12 22:34:25,229] {logging_mixin.py:109} INFO - [2022-06-12 22:34:25,229] {dag.py:2937} INFO - Setting next_dagrun for example_task_group_decorator to 2022-06-11T20:34:25.229013+00:00
[2022-06-12 22:34:25,240] {processor.py:171} INFO - Processing /home/leizo/.local/lib/python3.8/site-packages/airflow/example_dags/example_task_group_decorator.py took 0.219 seconds
[2022-06-12 22:35:05,458] {processor.py:163} INFO - Started process (PID=2797) to work on /home/leizo/.local/lib/python3.8/site-packages/airflow/example_dags/example_task_group_decorator.py
[2022-06-12 22:35:05,460] {processor.py:642} INFO - Processing file /home/leizo/.local/lib/python3.8/site-packages/airflow/example_dags/example_task_group_decorator.py for tasks to queue
[2022-06-12 22:35:05,461] {logging_mixin.py:109} INFO - [2022-06-12 22:35:05,461] {dagbag.py:500} INFO - Filling up the DagBag from /home/leizo/.local/lib/python3.8/site-packages/airflow/example_dags/example_task_group_decorator.py
[2022-06-12 22:35:05,525] {processor.py:652} INFO - DAG(s) dict_keys(['example_task_group_decorator']) retrieved from /home/leizo/.local/lib/python3.8/site-packages/airflow/example_dags/example_task_group_decorator.py
[2022-06-12 22:35:05,754] {logging_mixin.py:109} INFO - [2022-06-12 22:35:05,754] {dag.py:2398} INFO - Sync 1 DAGs
[2022-06-12 22:35:05,778] {logging_mixin.py:109} INFO - [2022-06-12 22:35:05,777] {dag.py:2937} INFO - Setting next_dagrun for example_task_group_decorator to 2022-06-11T20:35:05.777522+00:00
[2022-06-12 22:35:05,802] {processor.py:171} INFO - Processing /home/leizo/.local/lib/python3.8/site-packages/airflow/example_dags/example_task_group_decorator.py took 0.346 seconds
[2022-06-12 22:35:48,263] {processor.py:163} INFO - Started process (PID=2920) to work on /home/leizo/.local/lib/python3.8/site-packages/airflow/example_dags/example_task_group_decorator.py
[2022-06-12 22:35:48,266] {processor.py:642} INFO - Processing file /home/leizo/.local/lib/python3.8/site-packages/airflow/example_dags/example_task_group_decorator.py for tasks to queue
[2022-06-12 22:35:48,267] {logging_mixin.py:109} INFO - [2022-06-12 22:35:48,266] {dagbag.py:500} INFO - Filling up the DagBag from /home/leizo/.local/lib/python3.8/site-packages/airflow/example_dags/example_task_group_decorator.py
[2022-06-12 22:35:48,302] {processor.py:652} INFO - DAG(s) dict_keys(['example_task_group_decorator']) retrieved from /home/leizo/.local/lib/python3.8/site-packages/airflow/example_dags/example_task_group_decorator.py
[2022-06-12 22:35:48,498] {logging_mixin.py:109} INFO - [2022-06-12 22:35:48,498] {dag.py:2398} INFO - Sync 1 DAGs
[2022-06-12 22:35:48,506] {logging_mixin.py:109} INFO - [2022-06-12 22:35:48,506] {dag.py:2937} INFO - Setting next_dagrun for example_task_group_decorator to 2022-06-11T20:35:48.506615+00:00
[2022-06-12 22:35:48,525] {processor.py:171} INFO - Processing /home/leizo/.local/lib/python3.8/site-packages/airflow/example_dags/example_task_group_decorator.py took 0.264 seconds
[2022-06-12 22:36:30,055] {processor.py:163} INFO - Started process (PID=2993) to work on /home/leizo/.local/lib/python3.8/site-packages/airflow/example_dags/example_task_group_decorator.py
[2022-06-12 22:36:30,059] {processor.py:642} INFO - Processing file /home/leizo/.local/lib/python3.8/site-packages/airflow/example_dags/example_task_group_decorator.py for tasks to queue
[2022-06-12 22:36:30,060] {logging_mixin.py:109} INFO - [2022-06-12 22:36:30,060] {dagbag.py:500} INFO - Filling up the DagBag from /home/leizo/.local/lib/python3.8/site-packages/airflow/example_dags/example_task_group_decorator.py
[2022-06-12 22:36:30,105] {processor.py:652} INFO - DAG(s) dict_keys(['example_task_group_decorator']) retrieved from /home/leizo/.local/lib/python3.8/site-packages/airflow/example_dags/example_task_group_decorator.py
[2022-06-12 22:36:30,271] {logging_mixin.py:109} INFO - [2022-06-12 22:36:30,270] {dag.py:2398} INFO - Sync 1 DAGs
[2022-06-12 22:36:30,280] {logging_mixin.py:109} INFO - [2022-06-12 22:36:30,280] {dag.py:2937} INFO - Setting next_dagrun for example_task_group_decorator to 2022-06-11T20:36:30.280103+00:00
[2022-06-12 22:36:30,292] {processor.py:171} INFO - Processing /home/leizo/.local/lib/python3.8/site-packages/airflow/example_dags/example_task_group_decorator.py took 0.243 seconds
[2022-06-12 22:37:11,816] {processor.py:163} INFO - Started process (PID=3049) to work on /home/leizo/.local/lib/python3.8/site-packages/airflow/example_dags/example_task_group_decorator.py
[2022-06-12 22:37:11,819] {processor.py:642} INFO - Processing file /home/leizo/.local/lib/python3.8/site-packages/airflow/example_dags/example_task_group_decorator.py for tasks to queue
[2022-06-12 22:37:11,820] {logging_mixin.py:109} INFO - [2022-06-12 22:37:11,819] {dagbag.py:500} INFO - Filling up the DagBag from /home/leizo/.local/lib/python3.8/site-packages/airflow/example_dags/example_task_group_decorator.py
[2022-06-12 22:37:11,860] {processor.py:652} INFO - DAG(s) dict_keys(['example_task_group_decorator']) retrieved from /home/leizo/.local/lib/python3.8/site-packages/airflow/example_dags/example_task_group_decorator.py
[2022-06-12 22:37:12,061] {logging_mixin.py:109} INFO - [2022-06-12 22:37:12,061] {dag.py:2398} INFO - Sync 1 DAGs
[2022-06-12 22:37:12,077] {logging_mixin.py:109} INFO - [2022-06-12 22:37:12,077] {dag.py:2937} INFO - Setting next_dagrun for example_task_group_decorator to 2022-06-11T20:37:12.077303+00:00
[2022-06-12 22:37:12,094] {processor.py:171} INFO - Processing /home/leizo/.local/lib/python3.8/site-packages/airflow/example_dags/example_task_group_decorator.py took 0.281 seconds
[2022-06-12 22:37:54,778] {processor.py:163} INFO - Started process (PID=3090) to work on /home/leizo/.local/lib/python3.8/site-packages/airflow/example_dags/example_task_group_decorator.py
[2022-06-12 22:37:54,782] {processor.py:642} INFO - Processing file /home/leizo/.local/lib/python3.8/site-packages/airflow/example_dags/example_task_group_decorator.py for tasks to queue
[2022-06-12 22:37:54,782] {logging_mixin.py:109} INFO - [2022-06-12 22:37:54,782] {dagbag.py:500} INFO - Filling up the DagBag from /home/leizo/.local/lib/python3.8/site-packages/airflow/example_dags/example_task_group_decorator.py
[2022-06-12 22:37:54,813] {processor.py:652} INFO - DAG(s) dict_keys(['example_task_group_decorator']) retrieved from /home/leizo/.local/lib/python3.8/site-packages/airflow/example_dags/example_task_group_decorator.py
[2022-06-12 22:37:54,974] {logging_mixin.py:109} INFO - [2022-06-12 22:37:54,974] {dag.py:2398} INFO - Sync 1 DAGs
[2022-06-12 22:37:54,983] {logging_mixin.py:109} INFO - [2022-06-12 22:37:54,983] {dag.py:2937} INFO - Setting next_dagrun for example_task_group_decorator to 2022-06-11T20:37:54.983317+00:00
[2022-06-12 22:37:54,998] {processor.py:171} INFO - Processing /home/leizo/.local/lib/python3.8/site-packages/airflow/example_dags/example_task_group_decorator.py took 0.222 seconds
[2022-06-12 22:38:40,214] {processor.py:163} INFO - Started process (PID=3132) to work on /home/leizo/.local/lib/python3.8/site-packages/airflow/example_dags/example_task_group_decorator.py
[2022-06-12 22:38:40,218] {processor.py:642} INFO - Processing file /home/leizo/.local/lib/python3.8/site-packages/airflow/example_dags/example_task_group_decorator.py for tasks to queue
[2022-06-12 22:38:40,219] {logging_mixin.py:109} INFO - [2022-06-12 22:38:40,219] {dagbag.py:500} INFO - Filling up the DagBag from /home/leizo/.local/lib/python3.8/site-packages/airflow/example_dags/example_task_group_decorator.py
[2022-06-12 22:38:40,257] {processor.py:652} INFO - DAG(s) dict_keys(['example_task_group_decorator']) retrieved from /home/leizo/.local/lib/python3.8/site-packages/airflow/example_dags/example_task_group_decorator.py
[2022-06-12 22:38:40,419] {logging_mixin.py:109} INFO - [2022-06-12 22:38:40,419] {dag.py:2398} INFO - Sync 1 DAGs
[2022-06-12 22:38:40,433] {logging_mixin.py:109} INFO - [2022-06-12 22:38:40,432] {dag.py:2937} INFO - Setting next_dagrun for example_task_group_decorator to 2022-06-11T20:38:40.432651+00:00
[2022-06-12 22:38:40,450] {processor.py:171} INFO - Processing /home/leizo/.local/lib/python3.8/site-packages/airflow/example_dags/example_task_group_decorator.py took 0.241 seconds
[2022-06-12 22:39:21,735] {processor.py:163} INFO - Started process (PID=3235) to work on /home/leizo/.local/lib/python3.8/site-packages/airflow/example_dags/example_task_group_decorator.py
[2022-06-12 22:39:21,739] {processor.py:642} INFO - Processing file /home/leizo/.local/lib/python3.8/site-packages/airflow/example_dags/example_task_group_decorator.py for tasks to queue
[2022-06-12 22:39:21,739] {logging_mixin.py:109} INFO - [2022-06-12 22:39:21,739] {dagbag.py:500} INFO - Filling up the DagBag from /home/leizo/.local/lib/python3.8/site-packages/airflow/example_dags/example_task_group_decorator.py
[2022-06-12 22:39:21,768] {processor.py:652} INFO - DAG(s) dict_keys(['example_task_group_decorator']) retrieved from /home/leizo/.local/lib/python3.8/site-packages/airflow/example_dags/example_task_group_decorator.py
[2022-06-12 22:39:21,943] {logging_mixin.py:109} INFO - [2022-06-12 22:39:21,943] {dag.py:2398} INFO - Sync 1 DAGs
[2022-06-12 22:39:21,954] {logging_mixin.py:109} INFO - [2022-06-12 22:39:21,954] {dag.py:2937} INFO - Setting next_dagrun for example_task_group_decorator to 2022-06-11T20:39:21.953649+00:00
[2022-06-12 22:39:21,972] {processor.py:171} INFO - Processing /home/leizo/.local/lib/python3.8/site-packages/airflow/example_dags/example_task_group_decorator.py took 0.242 seconds
[2022-06-12 22:40:03,321] {processor.py:163} INFO - Started process (PID=3277) to work on /home/leizo/.local/lib/python3.8/site-packages/airflow/example_dags/example_task_group_decorator.py
[2022-06-12 22:40:03,325] {processor.py:642} INFO - Processing file /home/leizo/.local/lib/python3.8/site-packages/airflow/example_dags/example_task_group_decorator.py for tasks to queue
[2022-06-12 22:40:03,326] {logging_mixin.py:109} INFO - [2022-06-12 22:40:03,326] {dagbag.py:500} INFO - Filling up the DagBag from /home/leizo/.local/lib/python3.8/site-packages/airflow/example_dags/example_task_group_decorator.py
[2022-06-12 22:40:03,369] {processor.py:652} INFO - DAG(s) dict_keys(['example_task_group_decorator']) retrieved from /home/leizo/.local/lib/python3.8/site-packages/airflow/example_dags/example_task_group_decorator.py
[2022-06-12 22:40:03,564] {logging_mixin.py:109} INFO - [2022-06-12 22:40:03,564] {dag.py:2398} INFO - Sync 1 DAGs
[2022-06-12 22:40:03,579] {logging_mixin.py:109} INFO - [2022-06-12 22:40:03,579] {dag.py:2937} INFO - Setting next_dagrun for example_task_group_decorator to 2022-06-11T20:40:03.578846+00:00
[2022-06-12 22:40:03,594] {processor.py:171} INFO - Processing /home/leizo/.local/lib/python3.8/site-packages/airflow/example_dags/example_task_group_decorator.py took 0.277 seconds
