[2022-06-12 21:59:55,641] {processor.py:163} INFO - Started process (PID=157) to work on /home/leizo/.local/lib/python3.8/site-packages/airflow/example_dags/example_time_delta_sensor_async.py
[2022-06-12 21:59:55,644] {processor.py:642} INFO - Processing file /home/leizo/.local/lib/python3.8/site-packages/airflow/example_dags/example_time_delta_sensor_async.py for tasks to queue
[2022-06-12 21:59:55,647] {logging_mixin.py:109} INFO - [2022-06-12 21:59:55,647] {dagbag.py:500} INFO - Filling up the DagBag from /home/leizo/.local/lib/python3.8/site-packages/airflow/example_dags/example_time_delta_sensor_async.py
[2022-06-12 21:59:55,693] {processor.py:652} INFO - DAG(s) dict_keys(['example_time_delta_sensor_async']) retrieved from /home/leizo/.local/lib/python3.8/site-packages/airflow/example_dags/example_time_delta_sensor_async.py
[2022-06-12 21:59:55,760] {logging_mixin.py:109} INFO - [2022-06-12 21:59:55,760] {dag.py:2398} INFO - Sync 1 DAGs
[2022-06-12 21:59:55,836] {logging_mixin.py:109} INFO - [2022-06-12 21:59:55,836] {dag.py:2937} INFO - Setting next_dagrun for example_time_delta_sensor_async to None
[2022-06-12 21:59:55,901] {processor.py:171} INFO - Processing /home/leizo/.local/lib/python3.8/site-packages/airflow/example_dags/example_time_delta_sensor_async.py took 0.268 seconds
[2022-06-12 22:00:39,840] {processor.py:163} INFO - Started process (PID=191) to work on /home/leizo/.local/lib/python3.8/site-packages/airflow/example_dags/example_time_delta_sensor_async.py
[2022-06-12 22:00:39,844] {processor.py:642} INFO - Processing file /home/leizo/.local/lib/python3.8/site-packages/airflow/example_dags/example_time_delta_sensor_async.py for tasks to queue
[2022-06-12 22:00:39,845] {logging_mixin.py:109} INFO - [2022-06-12 22:00:39,845] {dagbag.py:500} INFO - Filling up the DagBag from /home/leizo/.local/lib/python3.8/site-packages/airflow/example_dags/example_time_delta_sensor_async.py
[2022-06-12 22:00:39,887] {processor.py:652} INFO - DAG(s) dict_keys(['example_time_delta_sensor_async']) retrieved from /home/leizo/.local/lib/python3.8/site-packages/airflow/example_dags/example_time_delta_sensor_async.py
[2022-06-12 22:00:39,927] {logging_mixin.py:109} INFO - [2022-06-12 22:00:39,926] {dag.py:2398} INFO - Sync 1 DAGs
[2022-06-12 22:00:39,984] {logging_mixin.py:109} INFO - [2022-06-12 22:00:39,984] {dag.py:2937} INFO - Setting next_dagrun for example_time_delta_sensor_async to None
[2022-06-12 22:00:40,026] {processor.py:171} INFO - Processing /home/leizo/.local/lib/python3.8/site-packages/airflow/example_dags/example_time_delta_sensor_async.py took 0.196 seconds
[2022-06-12 22:01:34,010] {processor.py:163} INFO - Started process (PID=228) to work on /home/leizo/.local/lib/python3.8/site-packages/airflow/example_dags/example_time_delta_sensor_async.py
[2022-06-12 22:01:34,013] {processor.py:642} INFO - Processing file /home/leizo/.local/lib/python3.8/site-packages/airflow/example_dags/example_time_delta_sensor_async.py for tasks to queue
[2022-06-12 22:01:34,014] {logging_mixin.py:109} INFO - [2022-06-12 22:01:34,014] {dagbag.py:500} INFO - Filling up the DagBag from /home/leizo/.local/lib/python3.8/site-packages/airflow/example_dags/example_time_delta_sensor_async.py
[2022-06-12 22:01:34,047] {processor.py:652} INFO - DAG(s) dict_keys(['example_time_delta_sensor_async']) retrieved from /home/leizo/.local/lib/python3.8/site-packages/airflow/example_dags/example_time_delta_sensor_async.py
[2022-06-12 22:01:34,070] {logging_mixin.py:109} INFO - [2022-06-12 22:01:34,069] {dag.py:2398} INFO - Sync 1 DAGs
[2022-06-12 22:01:34,096] {logging_mixin.py:109} INFO - [2022-06-12 22:01:34,096] {dag.py:2937} INFO - Setting next_dagrun for example_time_delta_sensor_async to None
[2022-06-12 22:01:34,113] {processor.py:171} INFO - Processing /home/leizo/.local/lib/python3.8/site-packages/airflow/example_dags/example_time_delta_sensor_async.py took 0.107 seconds
[2022-06-12 22:02:16,422] {processor.py:163} INFO - Started process (PID=262) to work on /home/leizo/.local/lib/python3.8/site-packages/airflow/example_dags/example_time_delta_sensor_async.py
[2022-06-12 22:02:16,425] {processor.py:642} INFO - Processing file /home/leizo/.local/lib/python3.8/site-packages/airflow/example_dags/example_time_delta_sensor_async.py for tasks to queue
[2022-06-12 22:02:16,426] {logging_mixin.py:109} INFO - [2022-06-12 22:02:16,425] {dagbag.py:500} INFO - Filling up the DagBag from /home/leizo/.local/lib/python3.8/site-packages/airflow/example_dags/example_time_delta_sensor_async.py
[2022-06-12 22:02:16,454] {processor.py:652} INFO - DAG(s) dict_keys(['example_time_delta_sensor_async']) retrieved from /home/leizo/.local/lib/python3.8/site-packages/airflow/example_dags/example_time_delta_sensor_async.py
[2022-06-12 22:02:16,475] {logging_mixin.py:109} INFO - [2022-06-12 22:02:16,474] {dag.py:2398} INFO - Sync 1 DAGs
[2022-06-12 22:02:16,505] {logging_mixin.py:109} INFO - [2022-06-12 22:02:16,505] {dag.py:2937} INFO - Setting next_dagrun for example_time_delta_sensor_async to None
[2022-06-12 22:02:16,524] {processor.py:171} INFO - Processing /home/leizo/.local/lib/python3.8/site-packages/airflow/example_dags/example_time_delta_sensor_async.py took 0.108 seconds
[2022-06-12 22:02:58,572] {processor.py:163} INFO - Started process (PID=296) to work on /home/leizo/.local/lib/python3.8/site-packages/airflow/example_dags/example_time_delta_sensor_async.py
[2022-06-12 22:02:58,574] {processor.py:642} INFO - Processing file /home/leizo/.local/lib/python3.8/site-packages/airflow/example_dags/example_time_delta_sensor_async.py for tasks to queue
[2022-06-12 22:02:58,575] {logging_mixin.py:109} INFO - [2022-06-12 22:02:58,575] {dagbag.py:500} INFO - Filling up the DagBag from /home/leizo/.local/lib/python3.8/site-packages/airflow/example_dags/example_time_delta_sensor_async.py
[2022-06-12 22:02:58,601] {processor.py:652} INFO - DAG(s) dict_keys(['example_time_delta_sensor_async']) retrieved from /home/leizo/.local/lib/python3.8/site-packages/airflow/example_dags/example_time_delta_sensor_async.py
[2022-06-12 22:02:58,624] {logging_mixin.py:109} INFO - [2022-06-12 22:02:58,624] {dag.py:2398} INFO - Sync 1 DAGs
[2022-06-12 22:02:58,653] {logging_mixin.py:109} INFO - [2022-06-12 22:02:58,653] {dag.py:2937} INFO - Setting next_dagrun for example_time_delta_sensor_async to None
[2022-06-12 22:02:58,680] {processor.py:171} INFO - Processing /home/leizo/.local/lib/python3.8/site-packages/airflow/example_dags/example_time_delta_sensor_async.py took 0.112 seconds
[2022-06-12 22:03:41,945] {processor.py:163} INFO - Started process (PID=332) to work on /home/leizo/.local/lib/python3.8/site-packages/airflow/example_dags/example_time_delta_sensor_async.py
[2022-06-12 22:03:41,948] {processor.py:642} INFO - Processing file /home/leizo/.local/lib/python3.8/site-packages/airflow/example_dags/example_time_delta_sensor_async.py for tasks to queue
[2022-06-12 22:03:41,949] {logging_mixin.py:109} INFO - [2022-06-12 22:03:41,949] {dagbag.py:500} INFO - Filling up the DagBag from /home/leizo/.local/lib/python3.8/site-packages/airflow/example_dags/example_time_delta_sensor_async.py
[2022-06-12 22:03:42,012] {processor.py:652} INFO - DAG(s) dict_keys(['example_time_delta_sensor_async']) retrieved from /home/leizo/.local/lib/python3.8/site-packages/airflow/example_dags/example_time_delta_sensor_async.py
[2022-06-12 22:03:42,047] {logging_mixin.py:109} INFO - [2022-06-12 22:03:42,047] {dag.py:2398} INFO - Sync 1 DAGs
[2022-06-12 22:03:42,092] {logging_mixin.py:109} INFO - [2022-06-12 22:03:42,092] {dag.py:2937} INFO - Setting next_dagrun for example_time_delta_sensor_async to None
[2022-06-12 22:03:42,149] {processor.py:171} INFO - Processing /home/leizo/.local/lib/python3.8/site-packages/airflow/example_dags/example_time_delta_sensor_async.py took 0.213 seconds
[2022-06-12 22:04:24,107] {processor.py:163} INFO - Started process (PID=362) to work on /home/leizo/.local/lib/python3.8/site-packages/airflow/example_dags/example_time_delta_sensor_async.py
[2022-06-12 22:04:24,111] {processor.py:642} INFO - Processing file /home/leizo/.local/lib/python3.8/site-packages/airflow/example_dags/example_time_delta_sensor_async.py for tasks to queue
[2022-06-12 22:04:24,112] {logging_mixin.py:109} INFO - [2022-06-12 22:04:24,112] {dagbag.py:500} INFO - Filling up the DagBag from /home/leizo/.local/lib/python3.8/site-packages/airflow/example_dags/example_time_delta_sensor_async.py
[2022-06-12 22:04:24,216] {processor.py:652} INFO - DAG(s) dict_keys(['example_time_delta_sensor_async']) retrieved from /home/leizo/.local/lib/python3.8/site-packages/airflow/example_dags/example_time_delta_sensor_async.py
[2022-06-12 22:04:24,300] {logging_mixin.py:109} INFO - [2022-06-12 22:04:24,290] {dag.py:2398} INFO - Sync 1 DAGs
[2022-06-12 22:04:24,380] {logging_mixin.py:109} INFO - [2022-06-12 22:04:24,379] {dag.py:2937} INFO - Setting next_dagrun for example_time_delta_sensor_async to None
[2022-06-12 22:04:24,434] {processor.py:171} INFO - Processing /home/leizo/.local/lib/python3.8/site-packages/airflow/example_dags/example_time_delta_sensor_async.py took 0.346 seconds
[2022-06-12 22:05:10,857] {processor.py:163} INFO - Started process (PID=393) to work on /home/leizo/.local/lib/python3.8/site-packages/airflow/example_dags/example_time_delta_sensor_async.py
[2022-06-12 22:05:10,860] {processor.py:642} INFO - Processing file /home/leizo/.local/lib/python3.8/site-packages/airflow/example_dags/example_time_delta_sensor_async.py for tasks to queue
[2022-06-12 22:05:10,862] {logging_mixin.py:109} INFO - [2022-06-12 22:05:10,861] {dagbag.py:500} INFO - Filling up the DagBag from /home/leizo/.local/lib/python3.8/site-packages/airflow/example_dags/example_time_delta_sensor_async.py
[2022-06-12 22:05:10,930] {processor.py:652} INFO - DAG(s) dict_keys(['example_time_delta_sensor_async']) retrieved from /home/leizo/.local/lib/python3.8/site-packages/airflow/example_dags/example_time_delta_sensor_async.py
[2022-06-12 22:05:10,990] {logging_mixin.py:109} INFO - [2022-06-12 22:05:10,989] {dag.py:2398} INFO - Sync 1 DAGs
[2022-06-12 22:05:11,047] {logging_mixin.py:109} INFO - [2022-06-12 22:05:11,047] {dag.py:2937} INFO - Setting next_dagrun for example_time_delta_sensor_async to None
[2022-06-12 22:05:11,074] {processor.py:171} INFO - Processing /home/leizo/.local/lib/python3.8/site-packages/airflow/example_dags/example_time_delta_sensor_async.py took 0.227 seconds
[2022-06-12 22:06:02,269] {processor.py:163} INFO - Started process (PID=475) to work on /home/leizo/.local/lib/python3.8/site-packages/airflow/example_dags/example_time_delta_sensor_async.py
[2022-06-12 22:06:02,272] {processor.py:642} INFO - Processing file /home/leizo/.local/lib/python3.8/site-packages/airflow/example_dags/example_time_delta_sensor_async.py for tasks to queue
[2022-06-12 22:06:02,273] {logging_mixin.py:109} INFO - [2022-06-12 22:06:02,273] {dagbag.py:500} INFO - Filling up the DagBag from /home/leizo/.local/lib/python3.8/site-packages/airflow/example_dags/example_time_delta_sensor_async.py
[2022-06-12 22:06:02,313] {processor.py:652} INFO - DAG(s) dict_keys(['example_time_delta_sensor_async']) retrieved from /home/leizo/.local/lib/python3.8/site-packages/airflow/example_dags/example_time_delta_sensor_async.py
[2022-06-12 22:06:02,352] {logging_mixin.py:109} INFO - [2022-06-12 22:06:02,352] {dag.py:2398} INFO - Sync 1 DAGs
[2022-06-12 22:06:02,402] {logging_mixin.py:109} INFO - [2022-06-12 22:06:02,402] {dag.py:2937} INFO - Setting next_dagrun for example_time_delta_sensor_async to None
[2022-06-12 22:06:02,430] {processor.py:171} INFO - Processing /home/leizo/.local/lib/python3.8/site-packages/airflow/example_dags/example_time_delta_sensor_async.py took 0.174 seconds
[2022-06-12 22:06:53,572] {processor.py:163} INFO - Started process (PID=633) to work on /home/leizo/.local/lib/python3.8/site-packages/airflow/example_dags/example_time_delta_sensor_async.py
[2022-06-12 22:06:53,574] {processor.py:642} INFO - Processing file /home/leizo/.local/lib/python3.8/site-packages/airflow/example_dags/example_time_delta_sensor_async.py for tasks to queue
[2022-06-12 22:06:53,574] {logging_mixin.py:109} INFO - [2022-06-12 22:06:53,574] {dagbag.py:500} INFO - Filling up the DagBag from /home/leizo/.local/lib/python3.8/site-packages/airflow/example_dags/example_time_delta_sensor_async.py
[2022-06-12 22:06:53,588] {processor.py:652} INFO - DAG(s) dict_keys(['example_time_delta_sensor_async']) retrieved from /home/leizo/.local/lib/python3.8/site-packages/airflow/example_dags/example_time_delta_sensor_async.py
[2022-06-12 22:06:53,607] {logging_mixin.py:109} INFO - [2022-06-12 22:06:53,606] {dag.py:2398} INFO - Sync 1 DAGs
[2022-06-12 22:06:53,624] {logging_mixin.py:109} INFO - [2022-06-12 22:06:53,624] {dag.py:2937} INFO - Setting next_dagrun for example_time_delta_sensor_async to None
[2022-06-12 22:06:53,638] {processor.py:171} INFO - Processing /home/leizo/.local/lib/python3.8/site-packages/airflow/example_dags/example_time_delta_sensor_async.py took 0.068 seconds
[2022-06-12 22:07:32,739] {processor.py:163} INFO - Started process (PID=668) to work on /home/leizo/.local/lib/python3.8/site-packages/airflow/example_dags/example_time_delta_sensor_async.py
[2022-06-12 22:07:32,742] {processor.py:642} INFO - Processing file /home/leizo/.local/lib/python3.8/site-packages/airflow/example_dags/example_time_delta_sensor_async.py for tasks to queue
[2022-06-12 22:07:32,742] {logging_mixin.py:109} INFO - [2022-06-12 22:07:32,742] {dagbag.py:500} INFO - Filling up the DagBag from /home/leizo/.local/lib/python3.8/site-packages/airflow/example_dags/example_time_delta_sensor_async.py
[2022-06-12 22:07:32,753] {processor.py:652} INFO - DAG(s) dict_keys(['example_time_delta_sensor_async']) retrieved from /home/leizo/.local/lib/python3.8/site-packages/airflow/example_dags/example_time_delta_sensor_async.py
[2022-06-12 22:07:32,764] {logging_mixin.py:109} INFO - [2022-06-12 22:07:32,764] {dag.py:2398} INFO - Sync 1 DAGs
[2022-06-12 22:07:32,776] {logging_mixin.py:109} INFO - [2022-06-12 22:07:32,776] {dag.py:2937} INFO - Setting next_dagrun for example_time_delta_sensor_async to None
[2022-06-12 22:07:32,789] {processor.py:171} INFO - Processing /home/leizo/.local/lib/python3.8/site-packages/airflow/example_dags/example_time_delta_sensor_async.py took 0.054 seconds
[2022-06-12 22:08:08,127] {processor.py:163} INFO - Started process (PID=702) to work on /home/leizo/.local/lib/python3.8/site-packages/airflow/example_dags/example_time_delta_sensor_async.py
[2022-06-12 22:08:08,129] {processor.py:642} INFO - Processing file /home/leizo/.local/lib/python3.8/site-packages/airflow/example_dags/example_time_delta_sensor_async.py for tasks to queue
[2022-06-12 22:08:08,130] {logging_mixin.py:109} INFO - [2022-06-12 22:08:08,129] {dagbag.py:500} INFO - Filling up the DagBag from /home/leizo/.local/lib/python3.8/site-packages/airflow/example_dags/example_time_delta_sensor_async.py
[2022-06-12 22:08:08,149] {processor.py:652} INFO - DAG(s) dict_keys(['example_time_delta_sensor_async']) retrieved from /home/leizo/.local/lib/python3.8/site-packages/airflow/example_dags/example_time_delta_sensor_async.py
[2022-06-12 22:08:08,162] {logging_mixin.py:109} INFO - [2022-06-12 22:08:08,162] {dag.py:2398} INFO - Sync 1 DAGs
[2022-06-12 22:08:08,178] {logging_mixin.py:109} INFO - [2022-06-12 22:08:08,178] {dag.py:2937} INFO - Setting next_dagrun for example_time_delta_sensor_async to None
[2022-06-12 22:08:08,194] {processor.py:171} INFO - Processing /home/leizo/.local/lib/python3.8/site-packages/airflow/example_dags/example_time_delta_sensor_async.py took 0.071 seconds
[2022-06-12 22:08:44,430] {processor.py:163} INFO - Started process (PID=737) to work on /home/leizo/.local/lib/python3.8/site-packages/airflow/example_dags/example_time_delta_sensor_async.py
[2022-06-12 22:08:44,432] {processor.py:642} INFO - Processing file /home/leizo/.local/lib/python3.8/site-packages/airflow/example_dags/example_time_delta_sensor_async.py for tasks to queue
[2022-06-12 22:08:44,433] {logging_mixin.py:109} INFO - [2022-06-12 22:08:44,433] {dagbag.py:500} INFO - Filling up the DagBag from /home/leizo/.local/lib/python3.8/site-packages/airflow/example_dags/example_time_delta_sensor_async.py
[2022-06-12 22:08:44,449] {processor.py:652} INFO - DAG(s) dict_keys(['example_time_delta_sensor_async']) retrieved from /home/leizo/.local/lib/python3.8/site-packages/airflow/example_dags/example_time_delta_sensor_async.py
[2022-06-12 22:08:44,464] {logging_mixin.py:109} INFO - [2022-06-12 22:08:44,463] {dag.py:2398} INFO - Sync 1 DAGs
[2022-06-12 22:08:44,483] {logging_mixin.py:109} INFO - [2022-06-12 22:08:44,483] {dag.py:2937} INFO - Setting next_dagrun for example_time_delta_sensor_async to None
[2022-06-12 22:08:44,498] {processor.py:171} INFO - Processing /home/leizo/.local/lib/python3.8/site-packages/airflow/example_dags/example_time_delta_sensor_async.py took 0.071 seconds
[2022-06-12 22:09:19,604] {processor.py:163} INFO - Started process (PID=769) to work on /home/leizo/.local/lib/python3.8/site-packages/airflow/example_dags/example_time_delta_sensor_async.py
[2022-06-12 22:09:19,606] {processor.py:642} INFO - Processing file /home/leizo/.local/lib/python3.8/site-packages/airflow/example_dags/example_time_delta_sensor_async.py for tasks to queue
[2022-06-12 22:09:19,607] {logging_mixin.py:109} INFO - [2022-06-12 22:09:19,607] {dagbag.py:500} INFO - Filling up the DagBag from /home/leizo/.local/lib/python3.8/site-packages/airflow/example_dags/example_time_delta_sensor_async.py
[2022-06-12 22:09:19,631] {processor.py:652} INFO - DAG(s) dict_keys(['example_time_delta_sensor_async']) retrieved from /home/leizo/.local/lib/python3.8/site-packages/airflow/example_dags/example_time_delta_sensor_async.py
[2022-06-12 22:09:19,647] {logging_mixin.py:109} INFO - [2022-06-12 22:09:19,647] {dag.py:2398} INFO - Sync 1 DAGs
[2022-06-12 22:09:19,663] {logging_mixin.py:109} INFO - [2022-06-12 22:09:19,662] {dag.py:2937} INFO - Setting next_dagrun for example_time_delta_sensor_async to None
[2022-06-12 22:09:19,678] {processor.py:171} INFO - Processing /home/leizo/.local/lib/python3.8/site-packages/airflow/example_dags/example_time_delta_sensor_async.py took 0.077 seconds
[2022-06-12 22:10:00,079] {processor.py:163} INFO - Started process (PID=806) to work on /home/leizo/.local/lib/python3.8/site-packages/airflow/example_dags/example_time_delta_sensor_async.py
[2022-06-12 22:10:00,080] {processor.py:642} INFO - Processing file /home/leizo/.local/lib/python3.8/site-packages/airflow/example_dags/example_time_delta_sensor_async.py for tasks to queue
[2022-06-12 22:10:00,081] {logging_mixin.py:109} INFO - [2022-06-12 22:10:00,081] {dagbag.py:500} INFO - Filling up the DagBag from /home/leizo/.local/lib/python3.8/site-packages/airflow/example_dags/example_time_delta_sensor_async.py
[2022-06-12 22:10:00,099] {processor.py:652} INFO - DAG(s) dict_keys(['example_time_delta_sensor_async']) retrieved from /home/leizo/.local/lib/python3.8/site-packages/airflow/example_dags/example_time_delta_sensor_async.py
[2022-06-12 22:10:00,114] {logging_mixin.py:109} INFO - [2022-06-12 22:10:00,114] {dag.py:2398} INFO - Sync 1 DAGs
[2022-06-12 22:10:00,131] {logging_mixin.py:109} INFO - [2022-06-12 22:10:00,131] {dag.py:2937} INFO - Setting next_dagrun for example_time_delta_sensor_async to None
[2022-06-12 22:10:00,148] {processor.py:171} INFO - Processing /home/leizo/.local/lib/python3.8/site-packages/airflow/example_dags/example_time_delta_sensor_async.py took 0.072 seconds
[2022-06-12 22:10:45,236] {processor.py:163} INFO - Started process (PID=843) to work on /home/leizo/.local/lib/python3.8/site-packages/airflow/example_dags/example_time_delta_sensor_async.py
[2022-06-12 22:10:45,239] {processor.py:642} INFO - Processing file /home/leizo/.local/lib/python3.8/site-packages/airflow/example_dags/example_time_delta_sensor_async.py for tasks to queue
[2022-06-12 22:10:45,240] {logging_mixin.py:109} INFO - [2022-06-12 22:10:45,240] {dagbag.py:500} INFO - Filling up the DagBag from /home/leizo/.local/lib/python3.8/site-packages/airflow/example_dags/example_time_delta_sensor_async.py
[2022-06-12 22:10:45,290] {processor.py:652} INFO - DAG(s) dict_keys(['example_time_delta_sensor_async']) retrieved from /home/leizo/.local/lib/python3.8/site-packages/airflow/example_dags/example_time_delta_sensor_async.py
[2022-06-12 22:10:45,333] {logging_mixin.py:109} INFO - [2022-06-12 22:10:45,333] {dag.py:2398} INFO - Sync 1 DAGs
[2022-06-12 22:10:45,386] {logging_mixin.py:109} INFO - [2022-06-12 22:10:45,386] {dag.py:2937} INFO - Setting next_dagrun for example_time_delta_sensor_async to None
[2022-06-12 22:10:45,420] {processor.py:171} INFO - Processing /home/leizo/.local/lib/python3.8/site-packages/airflow/example_dags/example_time_delta_sensor_async.py took 0.196 seconds
[2022-06-12 22:11:38,590] {processor.py:163} INFO - Started process (PID=881) to work on /home/leizo/.local/lib/python3.8/site-packages/airflow/example_dags/example_time_delta_sensor_async.py
[2022-06-12 22:11:38,592] {processor.py:642} INFO - Processing file /home/leizo/.local/lib/python3.8/site-packages/airflow/example_dags/example_time_delta_sensor_async.py for tasks to queue
[2022-06-12 22:11:38,593] {logging_mixin.py:109} INFO - [2022-06-12 22:11:38,593] {dagbag.py:500} INFO - Filling up the DagBag from /home/leizo/.local/lib/python3.8/site-packages/airflow/example_dags/example_time_delta_sensor_async.py
[2022-06-12 22:11:38,618] {processor.py:652} INFO - DAG(s) dict_keys(['example_time_delta_sensor_async']) retrieved from /home/leizo/.local/lib/python3.8/site-packages/airflow/example_dags/example_time_delta_sensor_async.py
[2022-06-12 22:11:38,647] {logging_mixin.py:109} INFO - [2022-06-12 22:11:38,647] {dag.py:2398} INFO - Sync 1 DAGs
[2022-06-12 22:11:38,686] {logging_mixin.py:109} INFO - [2022-06-12 22:11:38,686] {dag.py:2937} INFO - Setting next_dagrun for example_time_delta_sensor_async to None
[2022-06-12 22:11:38,711] {processor.py:171} INFO - Processing /home/leizo/.local/lib/python3.8/site-packages/airflow/example_dags/example_time_delta_sensor_async.py took 0.125 seconds
[2022-06-12 22:12:21,231] {processor.py:163} INFO - Started process (PID=915) to work on /home/leizo/.local/lib/python3.8/site-packages/airflow/example_dags/example_time_delta_sensor_async.py
[2022-06-12 22:12:21,233] {processor.py:642} INFO - Processing file /home/leizo/.local/lib/python3.8/site-packages/airflow/example_dags/example_time_delta_sensor_async.py for tasks to queue
[2022-06-12 22:12:21,234] {logging_mixin.py:109} INFO - [2022-06-12 22:12:21,234] {dagbag.py:500} INFO - Filling up the DagBag from /home/leizo/.local/lib/python3.8/site-packages/airflow/example_dags/example_time_delta_sensor_async.py
[2022-06-12 22:12:21,257] {processor.py:652} INFO - DAG(s) dict_keys(['example_time_delta_sensor_async']) retrieved from /home/leizo/.local/lib/python3.8/site-packages/airflow/example_dags/example_time_delta_sensor_async.py
[2022-06-12 22:12:21,273] {logging_mixin.py:109} INFO - [2022-06-12 22:12:21,273] {dag.py:2398} INFO - Sync 1 DAGs
[2022-06-12 22:12:21,296] {logging_mixin.py:109} INFO - [2022-06-12 22:12:21,296] {dag.py:2937} INFO - Setting next_dagrun for example_time_delta_sensor_async to None
[2022-06-12 22:12:21,313] {processor.py:171} INFO - Processing /home/leizo/.local/lib/python3.8/site-packages/airflow/example_dags/example_time_delta_sensor_async.py took 0.087 seconds
[2022-06-12 22:13:03,279] {processor.py:163} INFO - Started process (PID=951) to work on /home/leizo/.local/lib/python3.8/site-packages/airflow/example_dags/example_time_delta_sensor_async.py
[2022-06-12 22:13:03,281] {processor.py:642} INFO - Processing file /home/leizo/.local/lib/python3.8/site-packages/airflow/example_dags/example_time_delta_sensor_async.py for tasks to queue
[2022-06-12 22:13:03,282] {logging_mixin.py:109} INFO - [2022-06-12 22:13:03,281] {dagbag.py:500} INFO - Filling up the DagBag from /home/leizo/.local/lib/python3.8/site-packages/airflow/example_dags/example_time_delta_sensor_async.py
[2022-06-12 22:13:03,302] {processor.py:652} INFO - DAG(s) dict_keys(['example_time_delta_sensor_async']) retrieved from /home/leizo/.local/lib/python3.8/site-packages/airflow/example_dags/example_time_delta_sensor_async.py
[2022-06-12 22:13:03,322] {logging_mixin.py:109} INFO - [2022-06-12 22:13:03,322] {dag.py:2398} INFO - Sync 1 DAGs
[2022-06-12 22:13:03,339] {logging_mixin.py:109} INFO - [2022-06-12 22:13:03,339] {dag.py:2937} INFO - Setting next_dagrun for example_time_delta_sensor_async to None
[2022-06-12 22:13:03,353] {processor.py:171} INFO - Processing /home/leizo/.local/lib/python3.8/site-packages/airflow/example_dags/example_time_delta_sensor_async.py took 0.077 seconds
[2022-06-12 22:13:43,760] {processor.py:163} INFO - Started process (PID=988) to work on /home/leizo/.local/lib/python3.8/site-packages/airflow/example_dags/example_time_delta_sensor_async.py
[2022-06-12 22:13:43,761] {processor.py:642} INFO - Processing file /home/leizo/.local/lib/python3.8/site-packages/airflow/example_dags/example_time_delta_sensor_async.py for tasks to queue
[2022-06-12 22:13:43,762] {logging_mixin.py:109} INFO - [2022-06-12 22:13:43,762] {dagbag.py:500} INFO - Filling up the DagBag from /home/leizo/.local/lib/python3.8/site-packages/airflow/example_dags/example_time_delta_sensor_async.py
[2022-06-12 22:13:43,780] {processor.py:652} INFO - DAG(s) dict_keys(['example_time_delta_sensor_async']) retrieved from /home/leizo/.local/lib/python3.8/site-packages/airflow/example_dags/example_time_delta_sensor_async.py
[2022-06-12 22:13:43,803] {logging_mixin.py:109} INFO - [2022-06-12 22:13:43,803] {dag.py:2398} INFO - Sync 1 DAGs
[2022-06-12 22:13:43,822] {logging_mixin.py:109} INFO - [2022-06-12 22:13:43,822] {dag.py:2937} INFO - Setting next_dagrun for example_time_delta_sensor_async to None
[2022-06-12 22:13:43,837] {processor.py:171} INFO - Processing /home/leizo/.local/lib/python3.8/site-packages/airflow/example_dags/example_time_delta_sensor_async.py took 0.081 seconds
[2022-06-12 22:14:21,910] {processor.py:163} INFO - Started process (PID=1023) to work on /home/leizo/.local/lib/python3.8/site-packages/airflow/example_dags/example_time_delta_sensor_async.py
[2022-06-12 22:14:21,912] {processor.py:642} INFO - Processing file /home/leizo/.local/lib/python3.8/site-packages/airflow/example_dags/example_time_delta_sensor_async.py for tasks to queue
[2022-06-12 22:14:21,913] {logging_mixin.py:109} INFO - [2022-06-12 22:14:21,913] {dagbag.py:500} INFO - Filling up the DagBag from /home/leizo/.local/lib/python3.8/site-packages/airflow/example_dags/example_time_delta_sensor_async.py
[2022-06-12 22:14:21,937] {processor.py:652} INFO - DAG(s) dict_keys(['example_time_delta_sensor_async']) retrieved from /home/leizo/.local/lib/python3.8/site-packages/airflow/example_dags/example_time_delta_sensor_async.py
[2022-06-12 22:14:21,952] {logging_mixin.py:109} INFO - [2022-06-12 22:14:21,952] {dag.py:2398} INFO - Sync 1 DAGs
[2022-06-12 22:14:21,968] {logging_mixin.py:109} INFO - [2022-06-12 22:14:21,968] {dag.py:2937} INFO - Setting next_dagrun for example_time_delta_sensor_async to None
[2022-06-12 22:14:21,985] {processor.py:171} INFO - Processing /home/leizo/.local/lib/python3.8/site-packages/airflow/example_dags/example_time_delta_sensor_async.py took 0.080 seconds
[2022-06-12 22:14:56,496] {processor.py:163} INFO - Started process (PID=1057) to work on /home/leizo/.local/lib/python3.8/site-packages/airflow/example_dags/example_time_delta_sensor_async.py
[2022-06-12 22:14:56,497] {processor.py:642} INFO - Processing file /home/leizo/.local/lib/python3.8/site-packages/airflow/example_dags/example_time_delta_sensor_async.py for tasks to queue
[2022-06-12 22:14:56,498] {logging_mixin.py:109} INFO - [2022-06-12 22:14:56,498] {dagbag.py:500} INFO - Filling up the DagBag from /home/leizo/.local/lib/python3.8/site-packages/airflow/example_dags/example_time_delta_sensor_async.py
[2022-06-12 22:14:56,510] {processor.py:652} INFO - DAG(s) dict_keys(['example_time_delta_sensor_async']) retrieved from /home/leizo/.local/lib/python3.8/site-packages/airflow/example_dags/example_time_delta_sensor_async.py
[2022-06-12 22:14:56,523] {logging_mixin.py:109} INFO - [2022-06-12 22:14:56,523] {dag.py:2398} INFO - Sync 1 DAGs
[2022-06-12 22:14:56,535] {logging_mixin.py:109} INFO - [2022-06-12 22:14:56,535] {dag.py:2937} INFO - Setting next_dagrun for example_time_delta_sensor_async to None
[2022-06-12 22:14:56,548] {processor.py:171} INFO - Processing /home/leizo/.local/lib/python3.8/site-packages/airflow/example_dags/example_time_delta_sensor_async.py took 0.054 seconds
[2022-06-12 22:15:31,920] {processor.py:163} INFO - Started process (PID=1091) to work on /home/leizo/.local/lib/python3.8/site-packages/airflow/example_dags/example_time_delta_sensor_async.py
[2022-06-12 22:15:31,922] {processor.py:642} INFO - Processing file /home/leizo/.local/lib/python3.8/site-packages/airflow/example_dags/example_time_delta_sensor_async.py for tasks to queue
[2022-06-12 22:15:31,923] {logging_mixin.py:109} INFO - [2022-06-12 22:15:31,923] {dagbag.py:500} INFO - Filling up the DagBag from /home/leizo/.local/lib/python3.8/site-packages/airflow/example_dags/example_time_delta_sensor_async.py
[2022-06-12 22:15:31,935] {processor.py:652} INFO - DAG(s) dict_keys(['example_time_delta_sensor_async']) retrieved from /home/leizo/.local/lib/python3.8/site-packages/airflow/example_dags/example_time_delta_sensor_async.py
[2022-06-12 22:15:31,945] {logging_mixin.py:109} INFO - [2022-06-12 22:15:31,945] {dag.py:2398} INFO - Sync 1 DAGs
[2022-06-12 22:15:31,955] {logging_mixin.py:109} INFO - [2022-06-12 22:15:31,955] {dag.py:2937} INFO - Setting next_dagrun for example_time_delta_sensor_async to None
[2022-06-12 22:15:31,966] {processor.py:171} INFO - Processing /home/leizo/.local/lib/python3.8/site-packages/airflow/example_dags/example_time_delta_sensor_async.py took 0.048 seconds
[2022-06-12 22:16:06,981] {processor.py:163} INFO - Started process (PID=1125) to work on /home/leizo/.local/lib/python3.8/site-packages/airflow/example_dags/example_time_delta_sensor_async.py
[2022-06-12 22:16:06,983] {processor.py:642} INFO - Processing file /home/leizo/.local/lib/python3.8/site-packages/airflow/example_dags/example_time_delta_sensor_async.py for tasks to queue
[2022-06-12 22:16:06,983] {logging_mixin.py:109} INFO - [2022-06-12 22:16:06,983] {dagbag.py:500} INFO - Filling up the DagBag from /home/leizo/.local/lib/python3.8/site-packages/airflow/example_dags/example_time_delta_sensor_async.py
[2022-06-12 22:16:06,996] {processor.py:652} INFO - DAG(s) dict_keys(['example_time_delta_sensor_async']) retrieved from /home/leizo/.local/lib/python3.8/site-packages/airflow/example_dags/example_time_delta_sensor_async.py
[2022-06-12 22:16:07,008] {logging_mixin.py:109} INFO - [2022-06-12 22:16:07,008] {dag.py:2398} INFO - Sync 1 DAGs
[2022-06-12 22:16:07,017] {logging_mixin.py:109} INFO - [2022-06-12 22:16:07,017] {dag.py:2937} INFO - Setting next_dagrun for example_time_delta_sensor_async to None
[2022-06-12 22:16:07,027] {processor.py:171} INFO - Processing /home/leizo/.local/lib/python3.8/site-packages/airflow/example_dags/example_time_delta_sensor_async.py took 0.049 seconds
[2022-06-12 22:16:40,814] {processor.py:163} INFO - Started process (PID=1157) to work on /home/leizo/.local/lib/python3.8/site-packages/airflow/example_dags/example_time_delta_sensor_async.py
[2022-06-12 22:16:40,816] {processor.py:642} INFO - Processing file /home/leizo/.local/lib/python3.8/site-packages/airflow/example_dags/example_time_delta_sensor_async.py for tasks to queue
[2022-06-12 22:16:40,816] {logging_mixin.py:109} INFO - [2022-06-12 22:16:40,816] {dagbag.py:500} INFO - Filling up the DagBag from /home/leizo/.local/lib/python3.8/site-packages/airflow/example_dags/example_time_delta_sensor_async.py
[2022-06-12 22:16:40,829] {processor.py:652} INFO - DAG(s) dict_keys(['example_time_delta_sensor_async']) retrieved from /home/leizo/.local/lib/python3.8/site-packages/airflow/example_dags/example_time_delta_sensor_async.py
[2022-06-12 22:16:40,840] {logging_mixin.py:109} INFO - [2022-06-12 22:16:40,840] {dag.py:2398} INFO - Sync 1 DAGs
[2022-06-12 22:16:40,849] {logging_mixin.py:109} INFO - [2022-06-12 22:16:40,848] {dag.py:2937} INFO - Setting next_dagrun for example_time_delta_sensor_async to None
[2022-06-12 22:16:40,859] {processor.py:171} INFO - Processing /home/leizo/.local/lib/python3.8/site-packages/airflow/example_dags/example_time_delta_sensor_async.py took 0.047 seconds
[2022-06-12 22:17:17,275] {processor.py:163} INFO - Started process (PID=1193) to work on /home/leizo/.local/lib/python3.8/site-packages/airflow/example_dags/example_time_delta_sensor_async.py
[2022-06-12 22:17:17,276] {processor.py:642} INFO - Processing file /home/leizo/.local/lib/python3.8/site-packages/airflow/example_dags/example_time_delta_sensor_async.py for tasks to queue
[2022-06-12 22:17:17,277] {logging_mixin.py:109} INFO - [2022-06-12 22:17:17,276] {dagbag.py:500} INFO - Filling up the DagBag from /home/leizo/.local/lib/python3.8/site-packages/airflow/example_dags/example_time_delta_sensor_async.py
[2022-06-12 22:17:17,292] {processor.py:652} INFO - DAG(s) dict_keys(['example_time_delta_sensor_async']) retrieved from /home/leizo/.local/lib/python3.8/site-packages/airflow/example_dags/example_time_delta_sensor_async.py
[2022-06-12 22:17:17,306] {logging_mixin.py:109} INFO - [2022-06-12 22:17:17,306] {dag.py:2398} INFO - Sync 1 DAGs
[2022-06-12 22:17:17,316] {logging_mixin.py:109} INFO - [2022-06-12 22:17:17,316] {dag.py:2937} INFO - Setting next_dagrun for example_time_delta_sensor_async to None
[2022-06-12 22:17:17,326] {processor.py:171} INFO - Processing /home/leizo/.local/lib/python3.8/site-packages/airflow/example_dags/example_time_delta_sensor_async.py took 0.054 seconds
[2022-06-12 22:17:49,843] {processor.py:163} INFO - Started process (PID=1225) to work on /home/leizo/.local/lib/python3.8/site-packages/airflow/example_dags/example_time_delta_sensor_async.py
[2022-06-12 22:17:49,844] {processor.py:642} INFO - Processing file /home/leizo/.local/lib/python3.8/site-packages/airflow/example_dags/example_time_delta_sensor_async.py for tasks to queue
[2022-06-12 22:17:49,845] {logging_mixin.py:109} INFO - [2022-06-12 22:17:49,844] {dagbag.py:500} INFO - Filling up the DagBag from /home/leizo/.local/lib/python3.8/site-packages/airflow/example_dags/example_time_delta_sensor_async.py
[2022-06-12 22:17:49,856] {processor.py:652} INFO - DAG(s) dict_keys(['example_time_delta_sensor_async']) retrieved from /home/leizo/.local/lib/python3.8/site-packages/airflow/example_dags/example_time_delta_sensor_async.py
[2022-06-12 22:17:49,865] {logging_mixin.py:109} INFO - [2022-06-12 22:17:49,865] {dag.py:2398} INFO - Sync 1 DAGs
[2022-06-12 22:17:49,876] {logging_mixin.py:109} INFO - [2022-06-12 22:17:49,876] {dag.py:2937} INFO - Setting next_dagrun for example_time_delta_sensor_async to None
[2022-06-12 22:17:49,885] {processor.py:171} INFO - Processing /home/leizo/.local/lib/python3.8/site-packages/airflow/example_dags/example_time_delta_sensor_async.py took 0.046 seconds
[2022-06-12 22:18:26,865] {processor.py:163} INFO - Started process (PID=1260) to work on /home/leizo/.local/lib/python3.8/site-packages/airflow/example_dags/example_time_delta_sensor_async.py
[2022-06-12 22:18:26,866] {processor.py:642} INFO - Processing file /home/leizo/.local/lib/python3.8/site-packages/airflow/example_dags/example_time_delta_sensor_async.py for tasks to queue
[2022-06-12 22:18:26,866] {logging_mixin.py:109} INFO - [2022-06-12 22:18:26,866] {dagbag.py:500} INFO - Filling up the DagBag from /home/leizo/.local/lib/python3.8/site-packages/airflow/example_dags/example_time_delta_sensor_async.py
[2022-06-12 22:18:26,878] {processor.py:652} INFO - DAG(s) dict_keys(['example_time_delta_sensor_async']) retrieved from /home/leizo/.local/lib/python3.8/site-packages/airflow/example_dags/example_time_delta_sensor_async.py
[2022-06-12 22:18:26,892] {logging_mixin.py:109} INFO - [2022-06-12 22:18:26,891] {dag.py:2398} INFO - Sync 1 DAGs
[2022-06-12 22:18:26,903] {logging_mixin.py:109} INFO - [2022-06-12 22:18:26,903] {dag.py:2937} INFO - Setting next_dagrun for example_time_delta_sensor_async to None
[2022-06-12 22:18:26,915] {processor.py:171} INFO - Processing /home/leizo/.local/lib/python3.8/site-packages/airflow/example_dags/example_time_delta_sensor_async.py took 0.052 seconds
[2022-06-12 22:19:00,753] {processor.py:163} INFO - Started process (PID=1294) to work on /home/leizo/.local/lib/python3.8/site-packages/airflow/example_dags/example_time_delta_sensor_async.py
[2022-06-12 22:19:00,755] {processor.py:642} INFO - Processing file /home/leizo/.local/lib/python3.8/site-packages/airflow/example_dags/example_time_delta_sensor_async.py for tasks to queue
[2022-06-12 22:19:00,755] {logging_mixin.py:109} INFO - [2022-06-12 22:19:00,755] {dagbag.py:500} INFO - Filling up the DagBag from /home/leizo/.local/lib/python3.8/site-packages/airflow/example_dags/example_time_delta_sensor_async.py
[2022-06-12 22:19:00,768] {processor.py:652} INFO - DAG(s) dict_keys(['example_time_delta_sensor_async']) retrieved from /home/leizo/.local/lib/python3.8/site-packages/airflow/example_dags/example_time_delta_sensor_async.py
[2022-06-12 22:19:00,777] {logging_mixin.py:109} INFO - [2022-06-12 22:19:00,777] {dag.py:2398} INFO - Sync 1 DAGs
[2022-06-12 22:19:00,788] {logging_mixin.py:109} INFO - [2022-06-12 22:19:00,788] {dag.py:2937} INFO - Setting next_dagrun for example_time_delta_sensor_async to None
[2022-06-12 22:19:00,801] {processor.py:171} INFO - Processing /home/leizo/.local/lib/python3.8/site-packages/airflow/example_dags/example_time_delta_sensor_async.py took 0.050 seconds
[2022-06-12 22:19:37,164] {processor.py:163} INFO - Started process (PID=1330) to work on /home/leizo/.local/lib/python3.8/site-packages/airflow/example_dags/example_time_delta_sensor_async.py
[2022-06-12 22:19:37,166] {processor.py:642} INFO - Processing file /home/leizo/.local/lib/python3.8/site-packages/airflow/example_dags/example_time_delta_sensor_async.py for tasks to queue
[2022-06-12 22:19:37,166] {logging_mixin.py:109} INFO - [2022-06-12 22:19:37,166] {dagbag.py:500} INFO - Filling up the DagBag from /home/leizo/.local/lib/python3.8/site-packages/airflow/example_dags/example_time_delta_sensor_async.py
[2022-06-12 22:19:37,177] {processor.py:652} INFO - DAG(s) dict_keys(['example_time_delta_sensor_async']) retrieved from /home/leizo/.local/lib/python3.8/site-packages/airflow/example_dags/example_time_delta_sensor_async.py
[2022-06-12 22:19:37,186] {logging_mixin.py:109} INFO - [2022-06-12 22:19:37,186] {dag.py:2398} INFO - Sync 1 DAGs
[2022-06-12 22:19:37,195] {logging_mixin.py:109} INFO - [2022-06-12 22:19:37,195] {dag.py:2937} INFO - Setting next_dagrun for example_time_delta_sensor_async to None
[2022-06-12 22:19:37,210] {processor.py:171} INFO - Processing /home/leizo/.local/lib/python3.8/site-packages/airflow/example_dags/example_time_delta_sensor_async.py took 0.048 seconds
[2022-06-12 22:20:11,199] {processor.py:163} INFO - Started process (PID=1364) to work on /home/leizo/.local/lib/python3.8/site-packages/airflow/example_dags/example_time_delta_sensor_async.py
[2022-06-12 22:20:11,201] {processor.py:642} INFO - Processing file /home/leizo/.local/lib/python3.8/site-packages/airflow/example_dags/example_time_delta_sensor_async.py for tasks to queue
[2022-06-12 22:20:11,201] {logging_mixin.py:109} INFO - [2022-06-12 22:20:11,201] {dagbag.py:500} INFO - Filling up the DagBag from /home/leizo/.local/lib/python3.8/site-packages/airflow/example_dags/example_time_delta_sensor_async.py
[2022-06-12 22:20:11,211] {processor.py:652} INFO - DAG(s) dict_keys(['example_time_delta_sensor_async']) retrieved from /home/leizo/.local/lib/python3.8/site-packages/airflow/example_dags/example_time_delta_sensor_async.py
[2022-06-12 22:20:11,222] {logging_mixin.py:109} INFO - [2022-06-12 22:20:11,222] {dag.py:2398} INFO - Sync 1 DAGs
[2022-06-12 22:20:11,234] {logging_mixin.py:109} INFO - [2022-06-12 22:20:11,234] {dag.py:2937} INFO - Setting next_dagrun for example_time_delta_sensor_async to None
[2022-06-12 22:20:11,243] {processor.py:171} INFO - Processing /home/leizo/.local/lib/python3.8/site-packages/airflow/example_dags/example_time_delta_sensor_async.py took 0.046 seconds
[2022-06-12 22:20:48,883] {processor.py:163} INFO - Started process (PID=1400) to work on /home/leizo/.local/lib/python3.8/site-packages/airflow/example_dags/example_time_delta_sensor_async.py
[2022-06-12 22:20:48,885] {processor.py:642} INFO - Processing file /home/leizo/.local/lib/python3.8/site-packages/airflow/example_dags/example_time_delta_sensor_async.py for tasks to queue
[2022-06-12 22:20:48,886] {logging_mixin.py:109} INFO - [2022-06-12 22:20:48,886] {dagbag.py:500} INFO - Filling up the DagBag from /home/leizo/.local/lib/python3.8/site-packages/airflow/example_dags/example_time_delta_sensor_async.py
[2022-06-12 22:20:48,900] {processor.py:652} INFO - DAG(s) dict_keys(['example_time_delta_sensor_async']) retrieved from /home/leizo/.local/lib/python3.8/site-packages/airflow/example_dags/example_time_delta_sensor_async.py
[2022-06-12 22:20:48,909] {logging_mixin.py:109} INFO - [2022-06-12 22:20:48,908] {dag.py:2398} INFO - Sync 1 DAGs
[2022-06-12 22:20:48,926] {logging_mixin.py:109} INFO - [2022-06-12 22:20:48,926] {dag.py:2937} INFO - Setting next_dagrun for example_time_delta_sensor_async to None
[2022-06-12 22:20:48,935] {processor.py:171} INFO - Processing /home/leizo/.local/lib/python3.8/site-packages/airflow/example_dags/example_time_delta_sensor_async.py took 0.054 seconds
[2022-06-12 22:21:23,343] {processor.py:163} INFO - Started process (PID=1434) to work on /home/leizo/.local/lib/python3.8/site-packages/airflow/example_dags/example_time_delta_sensor_async.py
[2022-06-12 22:21:23,345] {processor.py:642} INFO - Processing file /home/leizo/.local/lib/python3.8/site-packages/airflow/example_dags/example_time_delta_sensor_async.py for tasks to queue
[2022-06-12 22:21:23,346] {logging_mixin.py:109} INFO - [2022-06-12 22:21:23,346] {dagbag.py:500} INFO - Filling up the DagBag from /home/leizo/.local/lib/python3.8/site-packages/airflow/example_dags/example_time_delta_sensor_async.py
[2022-06-12 22:21:23,358] {processor.py:652} INFO - DAG(s) dict_keys(['example_time_delta_sensor_async']) retrieved from /home/leizo/.local/lib/python3.8/site-packages/airflow/example_dags/example_time_delta_sensor_async.py
[2022-06-12 22:21:23,370] {logging_mixin.py:109} INFO - [2022-06-12 22:21:23,369] {dag.py:2398} INFO - Sync 1 DAGs
[2022-06-12 22:21:23,379] {logging_mixin.py:109} INFO - [2022-06-12 22:21:23,379] {dag.py:2937} INFO - Setting next_dagrun for example_time_delta_sensor_async to None
[2022-06-12 22:21:23,388] {processor.py:171} INFO - Processing /home/leizo/.local/lib/python3.8/site-packages/airflow/example_dags/example_time_delta_sensor_async.py took 0.047 seconds
[2022-06-12 22:21:58,091] {processor.py:163} INFO - Started process (PID=1468) to work on /home/leizo/.local/lib/python3.8/site-packages/airflow/example_dags/example_time_delta_sensor_async.py
[2022-06-12 22:21:58,092] {processor.py:642} INFO - Processing file /home/leizo/.local/lib/python3.8/site-packages/airflow/example_dags/example_time_delta_sensor_async.py for tasks to queue
[2022-06-12 22:21:58,092] {logging_mixin.py:109} INFO - [2022-06-12 22:21:58,092] {dagbag.py:500} INFO - Filling up the DagBag from /home/leizo/.local/lib/python3.8/site-packages/airflow/example_dags/example_time_delta_sensor_async.py
[2022-06-12 22:21:58,101] {processor.py:652} INFO - DAG(s) dict_keys(['example_time_delta_sensor_async']) retrieved from /home/leizo/.local/lib/python3.8/site-packages/airflow/example_dags/example_time_delta_sensor_async.py
[2022-06-12 22:21:58,109] {logging_mixin.py:109} INFO - [2022-06-12 22:21:58,108] {dag.py:2398} INFO - Sync 1 DAGs
[2022-06-12 22:21:58,119] {logging_mixin.py:109} INFO - [2022-06-12 22:21:58,119] {dag.py:2937} INFO - Setting next_dagrun for example_time_delta_sensor_async to None
[2022-06-12 22:21:58,133] {processor.py:171} INFO - Processing /home/leizo/.local/lib/python3.8/site-packages/airflow/example_dags/example_time_delta_sensor_async.py took 0.044 seconds
[2022-06-12 22:22:34,134] {processor.py:163} INFO - Started process (PID=1503) to work on /home/leizo/.local/lib/python3.8/site-packages/airflow/example_dags/example_time_delta_sensor_async.py
[2022-06-12 22:22:34,136] {processor.py:642} INFO - Processing file /home/leizo/.local/lib/python3.8/site-packages/airflow/example_dags/example_time_delta_sensor_async.py for tasks to queue
[2022-06-12 22:22:34,136] {logging_mixin.py:109} INFO - [2022-06-12 22:22:34,136] {dagbag.py:500} INFO - Filling up the DagBag from /home/leizo/.local/lib/python3.8/site-packages/airflow/example_dags/example_time_delta_sensor_async.py
[2022-06-12 22:22:34,149] {processor.py:652} INFO - DAG(s) dict_keys(['example_time_delta_sensor_async']) retrieved from /home/leizo/.local/lib/python3.8/site-packages/airflow/example_dags/example_time_delta_sensor_async.py
[2022-06-12 22:22:34,161] {logging_mixin.py:109} INFO - [2022-06-12 22:22:34,161] {dag.py:2398} INFO - Sync 1 DAGs
[2022-06-12 22:22:34,172] {logging_mixin.py:109} INFO - [2022-06-12 22:22:34,172] {dag.py:2937} INFO - Setting next_dagrun for example_time_delta_sensor_async to None
[2022-06-12 22:22:34,183] {processor.py:171} INFO - Processing /home/leizo/.local/lib/python3.8/site-packages/airflow/example_dags/example_time_delta_sensor_async.py took 0.051 seconds
[2022-06-12 22:23:09,492] {processor.py:163} INFO - Started process (PID=1538) to work on /home/leizo/.local/lib/python3.8/site-packages/airflow/example_dags/example_time_delta_sensor_async.py
[2022-06-12 22:23:09,494] {processor.py:642} INFO - Processing file /home/leizo/.local/lib/python3.8/site-packages/airflow/example_dags/example_time_delta_sensor_async.py for tasks to queue
[2022-06-12 22:23:09,495] {logging_mixin.py:109} INFO - [2022-06-12 22:23:09,494] {dagbag.py:500} INFO - Filling up the DagBag from /home/leizo/.local/lib/python3.8/site-packages/airflow/example_dags/example_time_delta_sensor_async.py
[2022-06-12 22:23:09,506] {processor.py:652} INFO - DAG(s) dict_keys(['example_time_delta_sensor_async']) retrieved from /home/leizo/.local/lib/python3.8/site-packages/airflow/example_dags/example_time_delta_sensor_async.py
[2022-06-12 22:23:09,514] {logging_mixin.py:109} INFO - [2022-06-12 22:23:09,514] {dag.py:2398} INFO - Sync 1 DAGs
[2022-06-12 22:23:09,524] {logging_mixin.py:109} INFO - [2022-06-12 22:23:09,524] {dag.py:2937} INFO - Setting next_dagrun for example_time_delta_sensor_async to None
[2022-06-12 22:23:09,536] {processor.py:171} INFO - Processing /home/leizo/.local/lib/python3.8/site-packages/airflow/example_dags/example_time_delta_sensor_async.py took 0.046 seconds
[2022-06-12 22:23:47,369] {processor.py:163} INFO - Started process (PID=1635) to work on /home/leizo/.local/lib/python3.8/site-packages/airflow/example_dags/example_time_delta_sensor_async.py
[2022-06-12 22:23:47,373] {processor.py:642} INFO - Processing file /home/leizo/.local/lib/python3.8/site-packages/airflow/example_dags/example_time_delta_sensor_async.py for tasks to queue
[2022-06-12 22:23:47,375] {logging_mixin.py:109} INFO - [2022-06-12 22:23:47,374] {dagbag.py:500} INFO - Filling up the DagBag from /home/leizo/.local/lib/python3.8/site-packages/airflow/example_dags/example_time_delta_sensor_async.py
[2022-06-12 22:23:47,395] {processor.py:652} INFO - DAG(s) dict_keys(['example_time_delta_sensor_async']) retrieved from /home/leizo/.local/lib/python3.8/site-packages/airflow/example_dags/example_time_delta_sensor_async.py
[2022-06-12 22:23:47,406] {logging_mixin.py:109} INFO - [2022-06-12 22:23:47,406] {dag.py:2398} INFO - Sync 1 DAGs
[2022-06-12 22:23:47,415] {logging_mixin.py:109} INFO - [2022-06-12 22:23:47,415] {dag.py:2937} INFO - Setting next_dagrun for example_time_delta_sensor_async to None
[2022-06-12 22:23:47,425] {processor.py:171} INFO - Processing /home/leizo/.local/lib/python3.8/site-packages/airflow/example_dags/example_time_delta_sensor_async.py took 0.062 seconds
[2022-06-12 22:24:23,968] {processor.py:163} INFO - Started process (PID=1669) to work on /home/leizo/.local/lib/python3.8/site-packages/airflow/example_dags/example_time_delta_sensor_async.py
[2022-06-12 22:24:23,971] {processor.py:642} INFO - Processing file /home/leizo/.local/lib/python3.8/site-packages/airflow/example_dags/example_time_delta_sensor_async.py for tasks to queue
[2022-06-12 22:24:23,971] {logging_mixin.py:109} INFO - [2022-06-12 22:24:23,971] {dagbag.py:500} INFO - Filling up the DagBag from /home/leizo/.local/lib/python3.8/site-packages/airflow/example_dags/example_time_delta_sensor_async.py
[2022-06-12 22:24:23,989] {processor.py:652} INFO - DAG(s) dict_keys(['example_time_delta_sensor_async']) retrieved from /home/leizo/.local/lib/python3.8/site-packages/airflow/example_dags/example_time_delta_sensor_async.py
[2022-06-12 22:24:24,004] {logging_mixin.py:109} INFO - [2022-06-12 22:24:24,004] {dag.py:2398} INFO - Sync 1 DAGs
[2022-06-12 22:24:24,021] {logging_mixin.py:109} INFO - [2022-06-12 22:24:24,021] {dag.py:2937} INFO - Setting next_dagrun for example_time_delta_sensor_async to None
[2022-06-12 22:24:24,040] {processor.py:171} INFO - Processing /home/leizo/.local/lib/python3.8/site-packages/airflow/example_dags/example_time_delta_sensor_async.py took 0.078 seconds
[2022-06-12 22:25:08,243] {processor.py:163} INFO - Started process (PID=1750) to work on /home/leizo/.local/lib/python3.8/site-packages/airflow/example_dags/example_time_delta_sensor_async.py
[2022-06-12 22:25:08,246] {processor.py:642} INFO - Processing file /home/leizo/.local/lib/python3.8/site-packages/airflow/example_dags/example_time_delta_sensor_async.py for tasks to queue
[2022-06-12 22:25:08,247] {logging_mixin.py:109} INFO - [2022-06-12 22:25:08,247] {dagbag.py:500} INFO - Filling up the DagBag from /home/leizo/.local/lib/python3.8/site-packages/airflow/example_dags/example_time_delta_sensor_async.py
[2022-06-12 22:25:08,272] {processor.py:652} INFO - DAG(s) dict_keys(['example_time_delta_sensor_async']) retrieved from /home/leizo/.local/lib/python3.8/site-packages/airflow/example_dags/example_time_delta_sensor_async.py
[2022-06-12 22:25:08,292] {logging_mixin.py:109} INFO - [2022-06-12 22:25:08,292] {dag.py:2398} INFO - Sync 1 DAGs
[2022-06-12 22:25:08,319] {logging_mixin.py:109} INFO - [2022-06-12 22:25:08,319] {dag.py:2937} INFO - Setting next_dagrun for example_time_delta_sensor_async to None
[2022-06-12 22:25:08,346] {processor.py:171} INFO - Processing /home/leizo/.local/lib/python3.8/site-packages/airflow/example_dags/example_time_delta_sensor_async.py took 0.107 seconds
[2022-06-12 22:25:58,665] {processor.py:163} INFO - Started process (PID=1797) to work on /home/leizo/.local/lib/python3.8/site-packages/airflow/example_dags/example_time_delta_sensor_async.py
[2022-06-12 22:25:58,668] {processor.py:642} INFO - Processing file /home/leizo/.local/lib/python3.8/site-packages/airflow/example_dags/example_time_delta_sensor_async.py for tasks to queue
[2022-06-12 22:25:58,670] {logging_mixin.py:109} INFO - [2022-06-12 22:25:58,669] {dagbag.py:500} INFO - Filling up the DagBag from /home/leizo/.local/lib/python3.8/site-packages/airflow/example_dags/example_time_delta_sensor_async.py
[2022-06-12 22:25:58,695] {processor.py:652} INFO - DAG(s) dict_keys(['example_time_delta_sensor_async']) retrieved from /home/leizo/.local/lib/python3.8/site-packages/airflow/example_dags/example_time_delta_sensor_async.py
[2022-06-12 22:25:58,709] {logging_mixin.py:109} INFO - [2022-06-12 22:25:58,709] {dag.py:2398} INFO - Sync 1 DAGs
[2022-06-12 22:25:58,725] {logging_mixin.py:109} INFO - [2022-06-12 22:25:58,725] {dag.py:2937} INFO - Setting next_dagrun for example_time_delta_sensor_async to None
[2022-06-12 22:25:58,743] {processor.py:171} INFO - Processing /home/leizo/.local/lib/python3.8/site-packages/airflow/example_dags/example_time_delta_sensor_async.py took 0.085 seconds
[2022-06-12 22:26:45,971] {processor.py:163} INFO - Started process (PID=1839) to work on /home/leizo/.local/lib/python3.8/site-packages/airflow/example_dags/example_time_delta_sensor_async.py
[2022-06-12 22:26:45,973] {processor.py:642} INFO - Processing file /home/leizo/.local/lib/python3.8/site-packages/airflow/example_dags/example_time_delta_sensor_async.py for tasks to queue
[2022-06-12 22:26:45,974] {logging_mixin.py:109} INFO - [2022-06-12 22:26:45,974] {dagbag.py:500} INFO - Filling up the DagBag from /home/leizo/.local/lib/python3.8/site-packages/airflow/example_dags/example_time_delta_sensor_async.py
[2022-06-12 22:26:45,997] {processor.py:652} INFO - DAG(s) dict_keys(['example_time_delta_sensor_async']) retrieved from /home/leizo/.local/lib/python3.8/site-packages/airflow/example_dags/example_time_delta_sensor_async.py
[2022-06-12 22:26:46,016] {logging_mixin.py:109} INFO - [2022-06-12 22:26:46,016] {dag.py:2398} INFO - Sync 1 DAGs
[2022-06-12 22:26:46,033] {logging_mixin.py:109} INFO - [2022-06-12 22:26:46,033] {dag.py:2937} INFO - Setting next_dagrun for example_time_delta_sensor_async to None
[2022-06-12 22:26:46,053] {processor.py:171} INFO - Processing /home/leizo/.local/lib/python3.8/site-packages/airflow/example_dags/example_time_delta_sensor_async.py took 0.086 seconds
[2022-06-12 22:27:56,122] {processor.py:163} INFO - Started process (PID=1915) to work on /home/leizo/.local/lib/python3.8/site-packages/airflow/example_dags/example_time_delta_sensor_async.py
[2022-06-12 22:27:56,124] {processor.py:642} INFO - Processing file /home/leizo/.local/lib/python3.8/site-packages/airflow/example_dags/example_time_delta_sensor_async.py for tasks to queue
[2022-06-12 22:27:56,125] {logging_mixin.py:109} INFO - [2022-06-12 22:27:56,125] {dagbag.py:500} INFO - Filling up the DagBag from /home/leizo/.local/lib/python3.8/site-packages/airflow/example_dags/example_time_delta_sensor_async.py
[2022-06-12 22:27:56,146] {processor.py:652} INFO - DAG(s) dict_keys(['example_time_delta_sensor_async']) retrieved from /home/leizo/.local/lib/python3.8/site-packages/airflow/example_dags/example_time_delta_sensor_async.py
[2022-06-12 22:27:56,171] {logging_mixin.py:109} INFO - [2022-06-12 22:27:56,171] {dag.py:2398} INFO - Sync 1 DAGs
[2022-06-12 22:27:56,196] {logging_mixin.py:109} INFO - [2022-06-12 22:27:56,196] {dag.py:2937} INFO - Setting next_dagrun for example_time_delta_sensor_async to None
[2022-06-12 22:27:56,216] {processor.py:171} INFO - Processing /home/leizo/.local/lib/python3.8/site-packages/airflow/example_dags/example_time_delta_sensor_async.py took 0.097 seconds
[2022-06-12 22:28:37,930] {processor.py:163} INFO - Started process (PID=1992) to work on /home/leizo/.local/lib/python3.8/site-packages/airflow/example_dags/example_time_delta_sensor_async.py
[2022-06-12 22:28:37,932] {processor.py:642} INFO - Processing file /home/leizo/.local/lib/python3.8/site-packages/airflow/example_dags/example_time_delta_sensor_async.py for tasks to queue
[2022-06-12 22:28:37,932] {logging_mixin.py:109} INFO - [2022-06-12 22:28:37,932] {dagbag.py:500} INFO - Filling up the DagBag from /home/leizo/.local/lib/python3.8/site-packages/airflow/example_dags/example_time_delta_sensor_async.py
[2022-06-12 22:28:37,952] {processor.py:652} INFO - DAG(s) dict_keys(['example_time_delta_sensor_async']) retrieved from /home/leizo/.local/lib/python3.8/site-packages/airflow/example_dags/example_time_delta_sensor_async.py
[2022-06-12 22:28:37,976] {logging_mixin.py:109} INFO - [2022-06-12 22:28:37,976] {dag.py:2398} INFO - Sync 1 DAGs
[2022-06-12 22:28:37,989] {logging_mixin.py:109} INFO - [2022-06-12 22:28:37,989] {dag.py:2937} INFO - Setting next_dagrun for example_time_delta_sensor_async to None
[2022-06-12 22:28:38,002] {processor.py:171} INFO - Processing /home/leizo/.local/lib/python3.8/site-packages/airflow/example_dags/example_time_delta_sensor_async.py took 0.077 seconds
[2022-06-12 22:29:22,444] {processor.py:163} INFO - Started process (PID=2095) to work on /home/leizo/.local/lib/python3.8/site-packages/airflow/example_dags/example_time_delta_sensor_async.py
[2022-06-12 22:29:22,447] {processor.py:642} INFO - Processing file /home/leizo/.local/lib/python3.8/site-packages/airflow/example_dags/example_time_delta_sensor_async.py for tasks to queue
[2022-06-12 22:29:22,449] {logging_mixin.py:109} INFO - [2022-06-12 22:29:22,448] {dagbag.py:500} INFO - Filling up the DagBag from /home/leizo/.local/lib/python3.8/site-packages/airflow/example_dags/example_time_delta_sensor_async.py
[2022-06-12 22:29:22,489] {processor.py:652} INFO - DAG(s) dict_keys(['example_time_delta_sensor_async']) retrieved from /home/leizo/.local/lib/python3.8/site-packages/airflow/example_dags/example_time_delta_sensor_async.py
[2022-06-12 22:29:22,524] {logging_mixin.py:109} INFO - [2022-06-12 22:29:22,524] {dag.py:2398} INFO - Sync 1 DAGs
[2022-06-12 22:29:22,544] {logging_mixin.py:109} INFO - [2022-06-12 22:29:22,544] {dag.py:2937} INFO - Setting next_dagrun for example_time_delta_sensor_async to None
[2022-06-12 22:29:22,576] {processor.py:171} INFO - Processing /home/leizo/.local/lib/python3.8/site-packages/airflow/example_dags/example_time_delta_sensor_async.py took 0.138 seconds
[2022-06-12 22:30:07,565] {processor.py:163} INFO - Started process (PID=2212) to work on /home/leizo/.local/lib/python3.8/site-packages/airflow/example_dags/example_time_delta_sensor_async.py
[2022-06-12 22:30:07,569] {processor.py:642} INFO - Processing file /home/leizo/.local/lib/python3.8/site-packages/airflow/example_dags/example_time_delta_sensor_async.py for tasks to queue
[2022-06-12 22:30:07,570] {logging_mixin.py:109} INFO - [2022-06-12 22:30:07,570] {dagbag.py:500} INFO - Filling up the DagBag from /home/leizo/.local/lib/python3.8/site-packages/airflow/example_dags/example_time_delta_sensor_async.py
[2022-06-12 22:30:07,598] {processor.py:652} INFO - DAG(s) dict_keys(['example_time_delta_sensor_async']) retrieved from /home/leizo/.local/lib/python3.8/site-packages/airflow/example_dags/example_time_delta_sensor_async.py
[2022-06-12 22:30:07,615] {logging_mixin.py:109} INFO - [2022-06-12 22:30:07,615] {dag.py:2398} INFO - Sync 1 DAGs
[2022-06-12 22:30:07,625] {logging_mixin.py:109} INFO - [2022-06-12 22:30:07,625] {dag.py:2937} INFO - Setting next_dagrun for example_time_delta_sensor_async to None
[2022-06-12 22:30:07,641] {processor.py:171} INFO - Processing /home/leizo/.local/lib/python3.8/site-packages/airflow/example_dags/example_time_delta_sensor_async.py took 0.081 seconds
[2022-06-12 22:30:43,055] {processor.py:163} INFO - Started process (PID=2285) to work on /home/leizo/.local/lib/python3.8/site-packages/airflow/example_dags/example_time_delta_sensor_async.py
[2022-06-12 22:30:43,058] {processor.py:642} INFO - Processing file /home/leizo/.local/lib/python3.8/site-packages/airflow/example_dags/example_time_delta_sensor_async.py for tasks to queue
[2022-06-12 22:30:43,060] {logging_mixin.py:109} INFO - [2022-06-12 22:30:43,059] {dagbag.py:500} INFO - Filling up the DagBag from /home/leizo/.local/lib/python3.8/site-packages/airflow/example_dags/example_time_delta_sensor_async.py
[2022-06-12 22:30:43,082] {processor.py:652} INFO - DAG(s) dict_keys(['example_time_delta_sensor_async']) retrieved from /home/leizo/.local/lib/python3.8/site-packages/airflow/example_dags/example_time_delta_sensor_async.py
[2022-06-12 22:30:43,098] {logging_mixin.py:109} INFO - [2022-06-12 22:30:43,098] {dag.py:2398} INFO - Sync 1 DAGs
[2022-06-12 22:30:43,114] {logging_mixin.py:109} INFO - [2022-06-12 22:30:43,113] {dag.py:2937} INFO - Setting next_dagrun for example_time_delta_sensor_async to None
[2022-06-12 22:30:43,133] {processor.py:171} INFO - Processing /home/leizo/.local/lib/python3.8/site-packages/airflow/example_dags/example_time_delta_sensor_async.py took 0.084 seconds
[2022-06-12 22:31:26,125] {processor.py:163} INFO - Started process (PID=2421) to work on /home/leizo/.local/lib/python3.8/site-packages/airflow/example_dags/example_time_delta_sensor_async.py
[2022-06-12 22:31:26,127] {processor.py:642} INFO - Processing file /home/leizo/.local/lib/python3.8/site-packages/airflow/example_dags/example_time_delta_sensor_async.py for tasks to queue
[2022-06-12 22:31:26,128] {logging_mixin.py:109} INFO - [2022-06-12 22:31:26,128] {dagbag.py:500} INFO - Filling up the DagBag from /home/leizo/.local/lib/python3.8/site-packages/airflow/example_dags/example_time_delta_sensor_async.py
[2022-06-12 22:31:26,141] {processor.py:652} INFO - DAG(s) dict_keys(['example_time_delta_sensor_async']) retrieved from /home/leizo/.local/lib/python3.8/site-packages/airflow/example_dags/example_time_delta_sensor_async.py
[2022-06-12 22:31:26,154] {logging_mixin.py:109} INFO - [2022-06-12 22:31:26,154] {dag.py:2398} INFO - Sync 1 DAGs
[2022-06-12 22:31:26,168] {logging_mixin.py:109} INFO - [2022-06-12 22:31:26,168] {dag.py:2937} INFO - Setting next_dagrun for example_time_delta_sensor_async to None
[2022-06-12 22:31:26,188] {processor.py:171} INFO - Processing /home/leizo/.local/lib/python3.8/site-packages/airflow/example_dags/example_time_delta_sensor_async.py took 0.065 seconds
[2022-06-12 22:32:07,897] {processor.py:163} INFO - Started process (PID=2480) to work on /home/leizo/.local/lib/python3.8/site-packages/airflow/example_dags/example_time_delta_sensor_async.py
[2022-06-12 22:32:07,899] {processor.py:642} INFO - Processing file /home/leizo/.local/lib/python3.8/site-packages/airflow/example_dags/example_time_delta_sensor_async.py for tasks to queue
[2022-06-12 22:32:07,900] {logging_mixin.py:109} INFO - [2022-06-12 22:32:07,899] {dagbag.py:500} INFO - Filling up the DagBag from /home/leizo/.local/lib/python3.8/site-packages/airflow/example_dags/example_time_delta_sensor_async.py
[2022-06-12 22:32:07,912] {processor.py:652} INFO - DAG(s) dict_keys(['example_time_delta_sensor_async']) retrieved from /home/leizo/.local/lib/python3.8/site-packages/airflow/example_dags/example_time_delta_sensor_async.py
[2022-06-12 22:32:07,922] {logging_mixin.py:109} INFO - [2022-06-12 22:32:07,922] {dag.py:2398} INFO - Sync 1 DAGs
[2022-06-12 22:32:07,933] {logging_mixin.py:109} INFO - [2022-06-12 22:32:07,933] {dag.py:2937} INFO - Setting next_dagrun for example_time_delta_sensor_async to None
[2022-06-12 22:32:07,947] {processor.py:171} INFO - Processing /home/leizo/.local/lib/python3.8/site-packages/airflow/example_dags/example_time_delta_sensor_async.py took 0.053 seconds
[2022-06-12 22:32:47,958] {processor.py:163} INFO - Started process (PID=2551) to work on /home/leizo/.local/lib/python3.8/site-packages/airflow/example_dags/example_time_delta_sensor_async.py
[2022-06-12 22:32:47,961] {processor.py:642} INFO - Processing file /home/leizo/.local/lib/python3.8/site-packages/airflow/example_dags/example_time_delta_sensor_async.py for tasks to queue
[2022-06-12 22:32:47,961] {logging_mixin.py:109} INFO - [2022-06-12 22:32:47,961] {dagbag.py:500} INFO - Filling up the DagBag from /home/leizo/.local/lib/python3.8/site-packages/airflow/example_dags/example_time_delta_sensor_async.py
[2022-06-12 22:32:47,974] {processor.py:652} INFO - DAG(s) dict_keys(['example_time_delta_sensor_async']) retrieved from /home/leizo/.local/lib/python3.8/site-packages/airflow/example_dags/example_time_delta_sensor_async.py
[2022-06-12 22:32:47,987] {logging_mixin.py:109} INFO - [2022-06-12 22:32:47,987] {dag.py:2398} INFO - Sync 1 DAGs
[2022-06-12 22:32:47,998] {logging_mixin.py:109} INFO - [2022-06-12 22:32:47,997] {dag.py:2937} INFO - Setting next_dagrun for example_time_delta_sensor_async to None
[2022-06-12 22:32:48,010] {processor.py:171} INFO - Processing /home/leizo/.local/lib/python3.8/site-packages/airflow/example_dags/example_time_delta_sensor_async.py took 0.054 seconds
[2022-06-12 22:33:29,225] {processor.py:163} INFO - Started process (PID=2638) to work on /home/leizo/.local/lib/python3.8/site-packages/airflow/example_dags/example_time_delta_sensor_async.py
[2022-06-12 22:33:29,227] {processor.py:642} INFO - Processing file /home/leizo/.local/lib/python3.8/site-packages/airflow/example_dags/example_time_delta_sensor_async.py for tasks to queue
[2022-06-12 22:33:29,227] {logging_mixin.py:109} INFO - [2022-06-12 22:33:29,227] {dagbag.py:500} INFO - Filling up the DagBag from /home/leizo/.local/lib/python3.8/site-packages/airflow/example_dags/example_time_delta_sensor_async.py
[2022-06-12 22:33:29,242] {processor.py:652} INFO - DAG(s) dict_keys(['example_time_delta_sensor_async']) retrieved from /home/leizo/.local/lib/python3.8/site-packages/airflow/example_dags/example_time_delta_sensor_async.py
[2022-06-12 22:33:29,256] {logging_mixin.py:109} INFO - [2022-06-12 22:33:29,256] {dag.py:2398} INFO - Sync 1 DAGs
[2022-06-12 22:33:29,270] {logging_mixin.py:109} INFO - [2022-06-12 22:33:29,270] {dag.py:2937} INFO - Setting next_dagrun for example_time_delta_sensor_async to None
[2022-06-12 22:33:29,285] {processor.py:171} INFO - Processing /home/leizo/.local/lib/python3.8/site-packages/airflow/example_dags/example_time_delta_sensor_async.py took 0.063 seconds
[2022-06-12 22:34:09,557] {processor.py:163} INFO - Started process (PID=2717) to work on /home/leizo/.local/lib/python3.8/site-packages/airflow/example_dags/example_time_delta_sensor_async.py
[2022-06-12 22:34:09,560] {processor.py:642} INFO - Processing file /home/leizo/.local/lib/python3.8/site-packages/airflow/example_dags/example_time_delta_sensor_async.py for tasks to queue
[2022-06-12 22:34:09,560] {logging_mixin.py:109} INFO - [2022-06-12 22:34:09,560] {dagbag.py:500} INFO - Filling up the DagBag from /home/leizo/.local/lib/python3.8/site-packages/airflow/example_dags/example_time_delta_sensor_async.py
[2022-06-12 22:34:09,571] {processor.py:652} INFO - DAG(s) dict_keys(['example_time_delta_sensor_async']) retrieved from /home/leizo/.local/lib/python3.8/site-packages/airflow/example_dags/example_time_delta_sensor_async.py
[2022-06-12 22:34:09,583] {logging_mixin.py:109} INFO - [2022-06-12 22:34:09,583] {dag.py:2398} INFO - Sync 1 DAGs
[2022-06-12 22:34:09,596] {logging_mixin.py:109} INFO - [2022-06-12 22:34:09,596] {dag.py:2937} INFO - Setting next_dagrun for example_time_delta_sensor_async to None
[2022-06-12 22:34:09,611] {processor.py:171} INFO - Processing /home/leizo/.local/lib/python3.8/site-packages/airflow/example_dags/example_time_delta_sensor_async.py took 0.056 seconds
[2022-06-12 22:34:51,101] {processor.py:163} INFO - Started process (PID=2781) to work on /home/leizo/.local/lib/python3.8/site-packages/airflow/example_dags/example_time_delta_sensor_async.py
[2022-06-12 22:34:51,104] {processor.py:642} INFO - Processing file /home/leizo/.local/lib/python3.8/site-packages/airflow/example_dags/example_time_delta_sensor_async.py for tasks to queue
[2022-06-12 22:34:51,106] {logging_mixin.py:109} INFO - [2022-06-12 22:34:51,105] {dagbag.py:500} INFO - Filling up the DagBag from /home/leizo/.local/lib/python3.8/site-packages/airflow/example_dags/example_time_delta_sensor_async.py
[2022-06-12 22:34:51,130] {processor.py:652} INFO - DAG(s) dict_keys(['example_time_delta_sensor_async']) retrieved from /home/leizo/.local/lib/python3.8/site-packages/airflow/example_dags/example_time_delta_sensor_async.py
[2022-06-12 22:34:51,154] {logging_mixin.py:109} INFO - [2022-06-12 22:34:51,154] {dag.py:2398} INFO - Sync 1 DAGs
[2022-06-12 22:34:51,165] {logging_mixin.py:109} INFO - [2022-06-12 22:34:51,165] {dag.py:2937} INFO - Setting next_dagrun for example_time_delta_sensor_async to None
[2022-06-12 22:34:51,177] {processor.py:171} INFO - Processing /home/leizo/.local/lib/python3.8/site-packages/airflow/example_dags/example_time_delta_sensor_async.py took 0.082 seconds
[2022-06-12 22:35:33,934] {processor.py:163} INFO - Started process (PID=2874) to work on /home/leizo/.local/lib/python3.8/site-packages/airflow/example_dags/example_time_delta_sensor_async.py
[2022-06-12 22:35:33,937] {processor.py:642} INFO - Processing file /home/leizo/.local/lib/python3.8/site-packages/airflow/example_dags/example_time_delta_sensor_async.py for tasks to queue
[2022-06-12 22:35:33,938] {logging_mixin.py:109} INFO - [2022-06-12 22:35:33,938] {dagbag.py:500} INFO - Filling up the DagBag from /home/leizo/.local/lib/python3.8/site-packages/airflow/example_dags/example_time_delta_sensor_async.py
[2022-06-12 22:35:33,954] {processor.py:652} INFO - DAG(s) dict_keys(['example_time_delta_sensor_async']) retrieved from /home/leizo/.local/lib/python3.8/site-packages/airflow/example_dags/example_time_delta_sensor_async.py
[2022-06-12 22:35:33,970] {logging_mixin.py:109} INFO - [2022-06-12 22:35:33,970] {dag.py:2398} INFO - Sync 1 DAGs
[2022-06-12 22:35:33,992] {logging_mixin.py:109} INFO - [2022-06-12 22:35:33,992] {dag.py:2937} INFO - Setting next_dagrun for example_time_delta_sensor_async to None
[2022-06-12 22:35:34,017] {processor.py:171} INFO - Processing /home/leizo/.local/lib/python3.8/site-packages/airflow/example_dags/example_time_delta_sensor_async.py took 0.087 seconds
[2022-06-12 22:36:15,688] {processor.py:163} INFO - Started process (PID=2948) to work on /home/leizo/.local/lib/python3.8/site-packages/airflow/example_dags/example_time_delta_sensor_async.py
[2022-06-12 22:36:15,691] {processor.py:642} INFO - Processing file /home/leizo/.local/lib/python3.8/site-packages/airflow/example_dags/example_time_delta_sensor_async.py for tasks to queue
[2022-06-12 22:36:15,692] {logging_mixin.py:109} INFO - [2022-06-12 22:36:15,692] {dagbag.py:500} INFO - Filling up the DagBag from /home/leizo/.local/lib/python3.8/site-packages/airflow/example_dags/example_time_delta_sensor_async.py
[2022-06-12 22:36:15,718] {processor.py:652} INFO - DAG(s) dict_keys(['example_time_delta_sensor_async']) retrieved from /home/leizo/.local/lib/python3.8/site-packages/airflow/example_dags/example_time_delta_sensor_async.py
[2022-06-12 22:36:15,744] {logging_mixin.py:109} INFO - [2022-06-12 22:36:15,744] {dag.py:2398} INFO - Sync 1 DAGs
[2022-06-12 22:36:15,756] {logging_mixin.py:109} INFO - [2022-06-12 22:36:15,756] {dag.py:2937} INFO - Setting next_dagrun for example_time_delta_sensor_async to None
[2022-06-12 22:36:15,769] {processor.py:171} INFO - Processing /home/leizo/.local/lib/python3.8/site-packages/airflow/example_dags/example_time_delta_sensor_async.py took 0.086 seconds
[2022-06-12 22:36:57,205] {processor.py:163} INFO - Started process (PID=3035) to work on /home/leizo/.local/lib/python3.8/site-packages/airflow/example_dags/example_time_delta_sensor_async.py
[2022-06-12 22:36:57,208] {processor.py:642} INFO - Processing file /home/leizo/.local/lib/python3.8/site-packages/airflow/example_dags/example_time_delta_sensor_async.py for tasks to queue
[2022-06-12 22:36:57,209] {logging_mixin.py:109} INFO - [2022-06-12 22:36:57,209] {dagbag.py:500} INFO - Filling up the DagBag from /home/leizo/.local/lib/python3.8/site-packages/airflow/example_dags/example_time_delta_sensor_async.py
[2022-06-12 22:36:57,235] {processor.py:652} INFO - DAG(s) dict_keys(['example_time_delta_sensor_async']) retrieved from /home/leizo/.local/lib/python3.8/site-packages/airflow/example_dags/example_time_delta_sensor_async.py
[2022-06-12 22:36:57,258] {logging_mixin.py:109} INFO - [2022-06-12 22:36:57,258] {dag.py:2398} INFO - Sync 1 DAGs
[2022-06-12 22:36:57,274] {logging_mixin.py:109} INFO - [2022-06-12 22:36:57,274] {dag.py:2937} INFO - Setting next_dagrun for example_time_delta_sensor_async to None
[2022-06-12 22:36:57,287] {processor.py:171} INFO - Processing /home/leizo/.local/lib/python3.8/site-packages/airflow/example_dags/example_time_delta_sensor_async.py took 0.089 seconds
[2022-06-12 22:37:39,354] {processor.py:163} INFO - Started process (PID=3075) to work on /home/leizo/.local/lib/python3.8/site-packages/airflow/example_dags/example_time_delta_sensor_async.py
[2022-06-12 22:37:39,357] {processor.py:642} INFO - Processing file /home/leizo/.local/lib/python3.8/site-packages/airflow/example_dags/example_time_delta_sensor_async.py for tasks to queue
[2022-06-12 22:37:39,358] {logging_mixin.py:109} INFO - [2022-06-12 22:37:39,358] {dagbag.py:500} INFO - Filling up the DagBag from /home/leizo/.local/lib/python3.8/site-packages/airflow/example_dags/example_time_delta_sensor_async.py
[2022-06-12 22:37:39,371] {processor.py:652} INFO - DAG(s) dict_keys(['example_time_delta_sensor_async']) retrieved from /home/leizo/.local/lib/python3.8/site-packages/airflow/example_dags/example_time_delta_sensor_async.py
[2022-06-12 22:37:39,382] {logging_mixin.py:109} INFO - [2022-06-12 22:37:39,382] {dag.py:2398} INFO - Sync 1 DAGs
[2022-06-12 22:37:39,398] {logging_mixin.py:109} INFO - [2022-06-12 22:37:39,397] {dag.py:2937} INFO - Setting next_dagrun for example_time_delta_sensor_async to None
[2022-06-12 22:37:39,416] {processor.py:171} INFO - Processing /home/leizo/.local/lib/python3.8/site-packages/airflow/example_dags/example_time_delta_sensor_async.py took 0.066 seconds
[2022-06-12 22:38:22,226] {processor.py:163} INFO - Started process (PID=3115) to work on /home/leizo/.local/lib/python3.8/site-packages/airflow/example_dags/example_time_delta_sensor_async.py
[2022-06-12 22:38:22,228] {processor.py:642} INFO - Processing file /home/leizo/.local/lib/python3.8/site-packages/airflow/example_dags/example_time_delta_sensor_async.py for tasks to queue
[2022-06-12 22:38:22,229] {logging_mixin.py:109} INFO - [2022-06-12 22:38:22,228] {dagbag.py:500} INFO - Filling up the DagBag from /home/leizo/.local/lib/python3.8/site-packages/airflow/example_dags/example_time_delta_sensor_async.py
[2022-06-12 22:38:22,243] {processor.py:652} INFO - DAG(s) dict_keys(['example_time_delta_sensor_async']) retrieved from /home/leizo/.local/lib/python3.8/site-packages/airflow/example_dags/example_time_delta_sensor_async.py
[2022-06-12 22:38:22,255] {logging_mixin.py:109} INFO - [2022-06-12 22:38:22,255] {dag.py:2398} INFO - Sync 1 DAGs
[2022-06-12 22:38:22,273] {logging_mixin.py:109} INFO - [2022-06-12 22:38:22,273] {dag.py:2937} INFO - Setting next_dagrun for example_time_delta_sensor_async to None
[2022-06-12 22:38:22,291] {processor.py:171} INFO - Processing /home/leizo/.local/lib/python3.8/site-packages/airflow/example_dags/example_time_delta_sensor_async.py took 0.069 seconds
[2022-06-12 22:39:01,402] {processor.py:163} INFO - Started process (PID=3200) to work on /home/leizo/.local/lib/python3.8/site-packages/airflow/example_dags/example_time_delta_sensor_async.py
[2022-06-12 22:39:01,405] {processor.py:642} INFO - Processing file /home/leizo/.local/lib/python3.8/site-packages/airflow/example_dags/example_time_delta_sensor_async.py for tasks to queue
[2022-06-12 22:39:01,406] {logging_mixin.py:109} INFO - [2022-06-12 22:39:01,406] {dagbag.py:500} INFO - Filling up the DagBag from /home/leizo/.local/lib/python3.8/site-packages/airflow/example_dags/example_time_delta_sensor_async.py
[2022-06-12 22:39:01,420] {processor.py:652} INFO - DAG(s) dict_keys(['example_time_delta_sensor_async']) retrieved from /home/leizo/.local/lib/python3.8/site-packages/airflow/example_dags/example_time_delta_sensor_async.py
[2022-06-12 22:39:01,437] {logging_mixin.py:109} INFO - [2022-06-12 22:39:01,437] {dag.py:2398} INFO - Sync 1 DAGs
[2022-06-12 22:39:01,457] {logging_mixin.py:109} INFO - [2022-06-12 22:39:01,457] {dag.py:2937} INFO - Setting next_dagrun for example_time_delta_sensor_async to None
[2022-06-12 22:39:01,470] {processor.py:171} INFO - Processing /home/leizo/.local/lib/python3.8/site-packages/airflow/example_dags/example_time_delta_sensor_async.py took 0.073 seconds
[2022-06-12 22:39:43,842] {processor.py:163} INFO - Started process (PID=3256) to work on /home/leizo/.local/lib/python3.8/site-packages/airflow/example_dags/example_time_delta_sensor_async.py
[2022-06-12 22:39:43,845] {processor.py:642} INFO - Processing file /home/leizo/.local/lib/python3.8/site-packages/airflow/example_dags/example_time_delta_sensor_async.py for tasks to queue
[2022-06-12 22:39:43,846] {logging_mixin.py:109} INFO - [2022-06-12 22:39:43,846] {dagbag.py:500} INFO - Filling up the DagBag from /home/leizo/.local/lib/python3.8/site-packages/airflow/example_dags/example_time_delta_sensor_async.py
[2022-06-12 22:39:43,869] {processor.py:652} INFO - DAG(s) dict_keys(['example_time_delta_sensor_async']) retrieved from /home/leizo/.local/lib/python3.8/site-packages/airflow/example_dags/example_time_delta_sensor_async.py
[2022-06-12 22:39:43,887] {logging_mixin.py:109} INFO - [2022-06-12 22:39:43,887] {dag.py:2398} INFO - Sync 1 DAGs
[2022-06-12 22:39:43,907] {logging_mixin.py:109} INFO - [2022-06-12 22:39:43,907] {dag.py:2937} INFO - Setting next_dagrun for example_time_delta_sensor_async to None
[2022-06-12 22:39:43,928] {processor.py:171} INFO - Processing /home/leizo/.local/lib/python3.8/site-packages/airflow/example_dags/example_time_delta_sensor_async.py took 0.090 seconds
[2022-06-12 22:40:30,050] {processor.py:163} INFO - Started process (PID=3301) to work on /home/leizo/.local/lib/python3.8/site-packages/airflow/example_dags/example_time_delta_sensor_async.py
[2022-06-12 22:40:30,052] {processor.py:642} INFO - Processing file /home/leizo/.local/lib/python3.8/site-packages/airflow/example_dags/example_time_delta_sensor_async.py for tasks to queue
[2022-06-12 22:40:30,054] {logging_mixin.py:109} INFO - [2022-06-12 22:40:30,054] {dagbag.py:500} INFO - Filling up the DagBag from /home/leizo/.local/lib/python3.8/site-packages/airflow/example_dags/example_time_delta_sensor_async.py
[2022-06-12 22:40:30,080] {processor.py:652} INFO - DAG(s) dict_keys(['example_time_delta_sensor_async']) retrieved from /home/leizo/.local/lib/python3.8/site-packages/airflow/example_dags/example_time_delta_sensor_async.py
[2022-06-12 22:40:30,105] {logging_mixin.py:109} INFO - [2022-06-12 22:40:30,105] {dag.py:2398} INFO - Sync 1 DAGs
[2022-06-12 22:40:30,128] {logging_mixin.py:109} INFO - [2022-06-12 22:40:30,128] {dag.py:2937} INFO - Setting next_dagrun for example_time_delta_sensor_async to None
[2022-06-12 22:40:30,147] {processor.py:171} INFO - Processing /home/leizo/.local/lib/python3.8/site-packages/airflow/example_dags/example_time_delta_sensor_async.py took 0.102 seconds
