[2022-06-12 21:59:41,469] {processor.py:163} INFO - Started process (PID=149) to work on /home/leizo/.local/lib/python3.8/site-packages/airflow/example_dags/tutorial.py
[2022-06-12 21:59:41,482] {processor.py:642} INFO - Processing file /home/leizo/.local/lib/python3.8/site-packages/airflow/example_dags/tutorial.py for tasks to queue
[2022-06-12 21:59:41,484] {logging_mixin.py:109} INFO - [2022-06-12 21:59:41,483] {dagbag.py:500} INFO - Filling up the DagBag from /home/leizo/.local/lib/python3.8/site-packages/airflow/example_dags/tutorial.py
[2022-06-12 21:59:41,549] {processor.py:652} INFO - DAG(s) dict_keys(['tutorial']) retrieved from /home/leizo/.local/lib/python3.8/site-packages/airflow/example_dags/tutorial.py
[2022-06-12 21:59:41,593] {logging_mixin.py:109} INFO - [2022-06-12 21:59:41,591] {dag.py:2398} INFO - Sync 1 DAGs
[2022-06-12 21:59:41,651] {logging_mixin.py:109} INFO - [2022-06-12 21:59:41,649] {dag.py:2937} INFO - Setting next_dagrun for tutorial to 2022-06-11T19:59:41.647506+00:00
[2022-06-12 21:59:41,697] {processor.py:171} INFO - Processing /home/leizo/.local/lib/python3.8/site-packages/airflow/example_dags/tutorial.py took 0.237 seconds
[2022-06-12 22:00:29,582] {processor.py:163} INFO - Started process (PID=183) to work on /home/leizo/.local/lib/python3.8/site-packages/airflow/example_dags/tutorial.py
[2022-06-12 22:00:29,586] {processor.py:642} INFO - Processing file /home/leizo/.local/lib/python3.8/site-packages/airflow/example_dags/tutorial.py for tasks to queue
[2022-06-12 22:00:29,588] {logging_mixin.py:109} INFO - [2022-06-12 22:00:29,587] {dagbag.py:500} INFO - Filling up the DagBag from /home/leizo/.local/lib/python3.8/site-packages/airflow/example_dags/tutorial.py
[2022-06-12 22:00:29,657] {processor.py:652} INFO - DAG(s) dict_keys(['tutorial']) retrieved from /home/leizo/.local/lib/python3.8/site-packages/airflow/example_dags/tutorial.py
[2022-06-12 22:00:29,729] {logging_mixin.py:109} INFO - [2022-06-12 22:00:29,729] {dag.py:2398} INFO - Sync 1 DAGs
[2022-06-12 22:00:29,826] {logging_mixin.py:109} INFO - [2022-06-12 22:00:29,826] {dag.py:2937} INFO - Setting next_dagrun for tutorial to 2022-06-11T20:00:29.822045+00:00
[2022-06-12 22:00:29,881] {processor.py:171} INFO - Processing /home/leizo/.local/lib/python3.8/site-packages/airflow/example_dags/tutorial.py took 0.310 seconds
[2022-06-12 22:01:19,344] {processor.py:163} INFO - Started process (PID=217) to work on /home/leizo/.local/lib/python3.8/site-packages/airflow/example_dags/tutorial.py
[2022-06-12 22:01:19,351] {processor.py:642} INFO - Processing file /home/leizo/.local/lib/python3.8/site-packages/airflow/example_dags/tutorial.py for tasks to queue
[2022-06-12 22:01:19,353] {logging_mixin.py:109} INFO - [2022-06-12 22:01:19,352] {dagbag.py:500} INFO - Filling up the DagBag from /home/leizo/.local/lib/python3.8/site-packages/airflow/example_dags/tutorial.py
[2022-06-12 22:01:19,448] {processor.py:652} INFO - DAG(s) dict_keys(['tutorial']) retrieved from /home/leizo/.local/lib/python3.8/site-packages/airflow/example_dags/tutorial.py
[2022-06-12 22:01:19,509] {logging_mixin.py:109} INFO - [2022-06-12 22:01:19,509] {dag.py:2398} INFO - Sync 1 DAGs
[2022-06-12 22:01:19,575] {logging_mixin.py:109} INFO - [2022-06-12 22:01:19,575] {dag.py:2937} INFO - Setting next_dagrun for tutorial to 2022-06-11T20:01:19.574316+00:00
[2022-06-12 22:01:19,626] {processor.py:171} INFO - Processing /home/leizo/.local/lib/python3.8/site-packages/airflow/example_dags/tutorial.py took 0.289 seconds
[2022-06-12 22:02:07,286] {processor.py:163} INFO - Started process (PID=254) to work on /home/leizo/.local/lib/python3.8/site-packages/airflow/example_dags/tutorial.py
[2022-06-12 22:02:07,288] {processor.py:642} INFO - Processing file /home/leizo/.local/lib/python3.8/site-packages/airflow/example_dags/tutorial.py for tasks to queue
[2022-06-12 22:02:07,290] {logging_mixin.py:109} INFO - [2022-06-12 22:02:07,289] {dagbag.py:500} INFO - Filling up the DagBag from /home/leizo/.local/lib/python3.8/site-packages/airflow/example_dags/tutorial.py
[2022-06-12 22:02:07,317] {processor.py:652} INFO - DAG(s) dict_keys(['tutorial']) retrieved from /home/leizo/.local/lib/python3.8/site-packages/airflow/example_dags/tutorial.py
[2022-06-12 22:02:07,338] {logging_mixin.py:109} INFO - [2022-06-12 22:02:07,338] {dag.py:2398} INFO - Sync 1 DAGs
[2022-06-12 22:02:07,366] {logging_mixin.py:109} INFO - [2022-06-12 22:02:07,366] {dag.py:2937} INFO - Setting next_dagrun for tutorial to 2022-06-11T20:02:07.366029+00:00
[2022-06-12 22:02:07,383] {processor.py:171} INFO - Processing /home/leizo/.local/lib/python3.8/site-packages/airflow/example_dags/tutorial.py took 0.103 seconds
[2022-06-12 22:02:48,266] {processor.py:163} INFO - Started process (PID=288) to work on /home/leizo/.local/lib/python3.8/site-packages/airflow/example_dags/tutorial.py
[2022-06-12 22:02:48,268] {processor.py:642} INFO - Processing file /home/leizo/.local/lib/python3.8/site-packages/airflow/example_dags/tutorial.py for tasks to queue
[2022-06-12 22:02:48,269] {logging_mixin.py:109} INFO - [2022-06-12 22:02:48,269] {dagbag.py:500} INFO - Filling up the DagBag from /home/leizo/.local/lib/python3.8/site-packages/airflow/example_dags/tutorial.py
[2022-06-12 22:02:48,287] {processor.py:652} INFO - DAG(s) dict_keys(['tutorial']) retrieved from /home/leizo/.local/lib/python3.8/site-packages/airflow/example_dags/tutorial.py
[2022-06-12 22:02:48,304] {logging_mixin.py:109} INFO - [2022-06-12 22:02:48,304] {dag.py:2398} INFO - Sync 1 DAGs
[2022-06-12 22:02:48,324] {logging_mixin.py:109} INFO - [2022-06-12 22:02:48,324] {dag.py:2937} INFO - Setting next_dagrun for tutorial to 2022-06-11T20:02:48.323777+00:00
[2022-06-12 22:02:48,347] {processor.py:171} INFO - Processing /home/leizo/.local/lib/python3.8/site-packages/airflow/example_dags/tutorial.py took 0.085 seconds
[2022-06-12 22:03:24,077] {processor.py:163} INFO - Started process (PID=318) to work on /home/leizo/.local/lib/python3.8/site-packages/airflow/example_dags/tutorial.py
[2022-06-12 22:03:24,079] {processor.py:642} INFO - Processing file /home/leizo/.local/lib/python3.8/site-packages/airflow/example_dags/tutorial.py for tasks to queue
[2022-06-12 22:03:24,080] {logging_mixin.py:109} INFO - [2022-06-12 22:03:24,080] {dagbag.py:500} INFO - Filling up the DagBag from /home/leizo/.local/lib/python3.8/site-packages/airflow/example_dags/tutorial.py
[2022-06-12 22:03:24,108] {processor.py:652} INFO - DAG(s) dict_keys(['tutorial']) retrieved from /home/leizo/.local/lib/python3.8/site-packages/airflow/example_dags/tutorial.py
[2022-06-12 22:03:24,137] {logging_mixin.py:109} INFO - [2022-06-12 22:03:24,137] {dag.py:2398} INFO - Sync 1 DAGs
[2022-06-12 22:03:24,159] {logging_mixin.py:109} INFO - [2022-06-12 22:03:24,159] {dag.py:2937} INFO - Setting next_dagrun for tutorial to 2022-06-11T20:03:24.158881+00:00
[2022-06-12 22:03:24,180] {processor.py:171} INFO - Processing /home/leizo/.local/lib/python3.8/site-packages/airflow/example_dags/tutorial.py took 0.108 seconds
[2022-06-12 22:04:05,517] {processor.py:163} INFO - Started process (PID=349) to work on /home/leizo/.local/lib/python3.8/site-packages/airflow/example_dags/tutorial.py
[2022-06-12 22:04:05,519] {processor.py:642} INFO - Processing file /home/leizo/.local/lib/python3.8/site-packages/airflow/example_dags/tutorial.py for tasks to queue
[2022-06-12 22:04:05,520] {logging_mixin.py:109} INFO - [2022-06-12 22:04:05,520] {dagbag.py:500} INFO - Filling up the DagBag from /home/leizo/.local/lib/python3.8/site-packages/airflow/example_dags/tutorial.py
[2022-06-12 22:04:05,584] {processor.py:652} INFO - DAG(s) dict_keys(['tutorial']) retrieved from /home/leizo/.local/lib/python3.8/site-packages/airflow/example_dags/tutorial.py
[2022-06-12 22:04:05,663] {logging_mixin.py:109} INFO - [2022-06-12 22:04:05,663] {dag.py:2398} INFO - Sync 1 DAGs
[2022-06-12 22:04:05,761] {logging_mixin.py:109} INFO - [2022-06-12 22:04:05,760] {dag.py:2937} INFO - Setting next_dagrun for tutorial to 2022-06-11T20:04:05.760129+00:00
[2022-06-12 22:04:05,813] {processor.py:171} INFO - Processing /home/leizo/.local/lib/python3.8/site-packages/airflow/example_dags/tutorial.py took 0.311 seconds
[2022-06-12 22:05:00,390] {processor.py:163} INFO - Started process (PID=385) to work on /home/leizo/.local/lib/python3.8/site-packages/airflow/example_dags/tutorial.py
[2022-06-12 22:05:00,393] {processor.py:642} INFO - Processing file /home/leizo/.local/lib/python3.8/site-packages/airflow/example_dags/tutorial.py for tasks to queue
[2022-06-12 22:05:00,394] {logging_mixin.py:109} INFO - [2022-06-12 22:05:00,394] {dagbag.py:500} INFO - Filling up the DagBag from /home/leizo/.local/lib/python3.8/site-packages/airflow/example_dags/tutorial.py
[2022-06-12 22:05:00,444] {processor.py:652} INFO - DAG(s) dict_keys(['tutorial']) retrieved from /home/leizo/.local/lib/python3.8/site-packages/airflow/example_dags/tutorial.py
[2022-06-12 22:05:00,486] {logging_mixin.py:109} INFO - [2022-06-12 22:05:00,486] {dag.py:2398} INFO - Sync 1 DAGs
[2022-06-12 22:05:00,528] {logging_mixin.py:109} INFO - [2022-06-12 22:05:00,527] {dag.py:2937} INFO - Setting next_dagrun for tutorial to 2022-06-11T20:05:00.526701+00:00
[2022-06-12 22:05:00,567] {processor.py:171} INFO - Processing /home/leizo/.local/lib/python3.8/site-packages/airflow/example_dags/tutorial.py took 0.188 seconds
[2022-06-12 22:05:40,235] {processor.py:163} INFO - Started process (PID=450) to work on /home/leizo/.local/lib/python3.8/site-packages/airflow/example_dags/tutorial.py
[2022-06-12 22:05:40,240] {processor.py:642} INFO - Processing file /home/leizo/.local/lib/python3.8/site-packages/airflow/example_dags/tutorial.py for tasks to queue
[2022-06-12 22:05:40,241] {logging_mixin.py:109} INFO - [2022-06-12 22:05:40,241] {dagbag.py:500} INFO - Filling up the DagBag from /home/leizo/.local/lib/python3.8/site-packages/airflow/example_dags/tutorial.py
[2022-06-12 22:05:40,291] {processor.py:652} INFO - DAG(s) dict_keys(['tutorial']) retrieved from /home/leizo/.local/lib/python3.8/site-packages/airflow/example_dags/tutorial.py
[2022-06-12 22:05:40,330] {logging_mixin.py:109} INFO - [2022-06-12 22:05:40,330] {dag.py:2398} INFO - Sync 1 DAGs
[2022-06-12 22:05:40,389] {logging_mixin.py:109} INFO - [2022-06-12 22:05:40,389] {dag.py:2937} INFO - Setting next_dagrun for tutorial to 2022-06-11T20:05:40.388703+00:00
[2022-06-12 22:05:40,420] {processor.py:171} INFO - Processing /home/leizo/.local/lib/python3.8/site-packages/airflow/example_dags/tutorial.py took 0.195 seconds
[2022-06-12 22:06:32,733] {processor.py:163} INFO - Started process (PID=617) to work on /home/leizo/.local/lib/python3.8/site-packages/airflow/example_dags/tutorial.py
[2022-06-12 22:06:32,736] {processor.py:642} INFO - Processing file /home/leizo/.local/lib/python3.8/site-packages/airflow/example_dags/tutorial.py for tasks to queue
[2022-06-12 22:06:32,739] {logging_mixin.py:109} INFO - [2022-06-12 22:06:32,738] {dagbag.py:500} INFO - Filling up the DagBag from /home/leizo/.local/lib/python3.8/site-packages/airflow/example_dags/tutorial.py
[2022-06-12 22:06:32,771] {processor.py:652} INFO - DAG(s) dict_keys(['tutorial']) retrieved from /home/leizo/.local/lib/python3.8/site-packages/airflow/example_dags/tutorial.py
[2022-06-12 22:06:32,804] {logging_mixin.py:109} INFO - [2022-06-12 22:06:32,804] {dag.py:2398} INFO - Sync 1 DAGs
[2022-06-12 22:06:32,833] {logging_mixin.py:109} INFO - [2022-06-12 22:06:32,833] {dag.py:2937} INFO - Setting next_dagrun for tutorial to 2022-06-11T20:06:32.832934+00:00
[2022-06-12 22:06:32,858] {processor.py:171} INFO - Processing /home/leizo/.local/lib/python3.8/site-packages/airflow/example_dags/tutorial.py took 0.131 seconds
[2022-06-12 22:07:13,225] {processor.py:163} INFO - Started process (PID=651) to work on /home/leizo/.local/lib/python3.8/site-packages/airflow/example_dags/tutorial.py
[2022-06-12 22:07:13,226] {processor.py:642} INFO - Processing file /home/leizo/.local/lib/python3.8/site-packages/airflow/example_dags/tutorial.py for tasks to queue
[2022-06-12 22:07:13,227] {logging_mixin.py:109} INFO - [2022-06-12 22:07:13,227] {dagbag.py:500} INFO - Filling up the DagBag from /home/leizo/.local/lib/python3.8/site-packages/airflow/example_dags/tutorial.py
[2022-06-12 22:07:13,244] {processor.py:652} INFO - DAG(s) dict_keys(['tutorial']) retrieved from /home/leizo/.local/lib/python3.8/site-packages/airflow/example_dags/tutorial.py
[2022-06-12 22:07:13,260] {logging_mixin.py:109} INFO - [2022-06-12 22:07:13,260] {dag.py:2398} INFO - Sync 1 DAGs
[2022-06-12 22:07:13,283] {logging_mixin.py:109} INFO - [2022-06-12 22:07:13,283] {dag.py:2937} INFO - Setting next_dagrun for tutorial to 2022-06-11T20:07:13.283332+00:00
[2022-06-12 22:07:13,299] {processor.py:171} INFO - Processing /home/leizo/.local/lib/python3.8/site-packages/airflow/example_dags/tutorial.py took 0.076 seconds
[2022-06-12 22:07:48,522] {processor.py:163} INFO - Started process (PID=683) to work on /home/leizo/.local/lib/python3.8/site-packages/airflow/example_dags/tutorial.py
[2022-06-12 22:07:48,525] {processor.py:642} INFO - Processing file /home/leizo/.local/lib/python3.8/site-packages/airflow/example_dags/tutorial.py for tasks to queue
[2022-06-12 22:07:48,526] {logging_mixin.py:109} INFO - [2022-06-12 22:07:48,526] {dagbag.py:500} INFO - Filling up the DagBag from /home/leizo/.local/lib/python3.8/site-packages/airflow/example_dags/tutorial.py
[2022-06-12 22:07:48,550] {processor.py:652} INFO - DAG(s) dict_keys(['tutorial']) retrieved from /home/leizo/.local/lib/python3.8/site-packages/airflow/example_dags/tutorial.py
[2022-06-12 22:07:48,570] {logging_mixin.py:109} INFO - [2022-06-12 22:07:48,570] {dag.py:2398} INFO - Sync 1 DAGs
[2022-06-12 22:07:48,589] {logging_mixin.py:109} INFO - [2022-06-12 22:07:48,589] {dag.py:2937} INFO - Setting next_dagrun for tutorial to 2022-06-11T20:07:48.589207+00:00
[2022-06-12 22:07:48,611] {processor.py:171} INFO - Processing /home/leizo/.local/lib/python3.8/site-packages/airflow/example_dags/tutorial.py took 0.092 seconds
[2022-06-12 22:08:22,739] {processor.py:163} INFO - Started process (PID=717) to work on /home/leizo/.local/lib/python3.8/site-packages/airflow/example_dags/tutorial.py
[2022-06-12 22:08:22,741] {processor.py:642} INFO - Processing file /home/leizo/.local/lib/python3.8/site-packages/airflow/example_dags/tutorial.py for tasks to queue
[2022-06-12 22:08:22,742] {logging_mixin.py:109} INFO - [2022-06-12 22:08:22,742] {dagbag.py:500} INFO - Filling up the DagBag from /home/leizo/.local/lib/python3.8/site-packages/airflow/example_dags/tutorial.py
[2022-06-12 22:08:22,761] {processor.py:652} INFO - DAG(s) dict_keys(['tutorial']) retrieved from /home/leizo/.local/lib/python3.8/site-packages/airflow/example_dags/tutorial.py
[2022-06-12 22:08:22,778] {logging_mixin.py:109} INFO - [2022-06-12 22:08:22,778] {dag.py:2398} INFO - Sync 1 DAGs
[2022-06-12 22:08:22,803] {logging_mixin.py:109} INFO - [2022-06-12 22:08:22,803] {dag.py:2937} INFO - Setting next_dagrun for tutorial to 2022-06-11T20:08:22.802491+00:00
[2022-06-12 22:08:22,823] {processor.py:171} INFO - Processing /home/leizo/.local/lib/python3.8/site-packages/airflow/example_dags/tutorial.py took 0.088 seconds
[2022-06-12 22:08:55,595] {processor.py:163} INFO - Started process (PID=748) to work on /home/leizo/.local/lib/python3.8/site-packages/airflow/example_dags/tutorial.py
[2022-06-12 22:08:55,596] {processor.py:642} INFO - Processing file /home/leizo/.local/lib/python3.8/site-packages/airflow/example_dags/tutorial.py for tasks to queue
[2022-06-12 22:08:55,597] {logging_mixin.py:109} INFO - [2022-06-12 22:08:55,596] {dagbag.py:500} INFO - Filling up the DagBag from /home/leizo/.local/lib/python3.8/site-packages/airflow/example_dags/tutorial.py
[2022-06-12 22:08:55,619] {processor.py:652} INFO - DAG(s) dict_keys(['tutorial']) retrieved from /home/leizo/.local/lib/python3.8/site-packages/airflow/example_dags/tutorial.py
[2022-06-12 22:08:55,636] {logging_mixin.py:109} INFO - [2022-06-12 22:08:55,636] {dag.py:2398} INFO - Sync 1 DAGs
[2022-06-12 22:08:55,653] {logging_mixin.py:109} INFO - [2022-06-12 22:08:55,653] {dag.py:2937} INFO - Setting next_dagrun for tutorial to 2022-06-11T20:08:55.652755+00:00
[2022-06-12 22:08:55,667] {processor.py:171} INFO - Processing /home/leizo/.local/lib/python3.8/site-packages/airflow/example_dags/tutorial.py took 0.076 seconds
[2022-06-12 22:09:32,807] {processor.py:163} INFO - Started process (PID=781) to work on /home/leizo/.local/lib/python3.8/site-packages/airflow/example_dags/tutorial.py
[2022-06-12 22:09:32,809] {processor.py:642} INFO - Processing file /home/leizo/.local/lib/python3.8/site-packages/airflow/example_dags/tutorial.py for tasks to queue
[2022-06-12 22:09:32,810] {logging_mixin.py:109} INFO - [2022-06-12 22:09:32,810] {dagbag.py:500} INFO - Filling up the DagBag from /home/leizo/.local/lib/python3.8/site-packages/airflow/example_dags/tutorial.py
[2022-06-12 22:09:32,831] {processor.py:652} INFO - DAG(s) dict_keys(['tutorial']) retrieved from /home/leizo/.local/lib/python3.8/site-packages/airflow/example_dags/tutorial.py
[2022-06-12 22:09:32,845] {logging_mixin.py:109} INFO - [2022-06-12 22:09:32,845] {dag.py:2398} INFO - Sync 1 DAGs
[2022-06-12 22:09:32,863] {logging_mixin.py:109} INFO - [2022-06-12 22:09:32,863] {dag.py:2937} INFO - Setting next_dagrun for tutorial to 2022-06-11T20:09:32.863375+00:00
[2022-06-12 22:09:32,881] {processor.py:171} INFO - Processing /home/leizo/.local/lib/python3.8/site-packages/airflow/example_dags/tutorial.py took 0.076 seconds
[2022-06-12 22:10:08,991] {processor.py:163} INFO - Started process (PID=814) to work on /home/leizo/.local/lib/python3.8/site-packages/airflow/example_dags/tutorial.py
[2022-06-12 22:10:08,993] {processor.py:642} INFO - Processing file /home/leizo/.local/lib/python3.8/site-packages/airflow/example_dags/tutorial.py for tasks to queue
[2022-06-12 22:10:08,994] {logging_mixin.py:109} INFO - [2022-06-12 22:10:08,994] {dagbag.py:500} INFO - Filling up the DagBag from /home/leizo/.local/lib/python3.8/site-packages/airflow/example_dags/tutorial.py
[2022-06-12 22:10:09,011] {processor.py:652} INFO - DAG(s) dict_keys(['tutorial']) retrieved from /home/leizo/.local/lib/python3.8/site-packages/airflow/example_dags/tutorial.py
[2022-06-12 22:10:09,028] {logging_mixin.py:109} INFO - [2022-06-12 22:10:09,028] {dag.py:2398} INFO - Sync 1 DAGs
[2022-06-12 22:10:09,043] {logging_mixin.py:109} INFO - [2022-06-12 22:10:09,043] {dag.py:2937} INFO - Setting next_dagrun for tutorial to 2022-06-11T20:10:09.043560+00:00
[2022-06-12 22:10:09,054] {processor.py:171} INFO - Processing /home/leizo/.local/lib/python3.8/site-packages/airflow/example_dags/tutorial.py took 0.066 seconds
[2022-06-12 22:10:56,976] {processor.py:163} INFO - Started process (PID=851) to work on /home/leizo/.local/lib/python3.8/site-packages/airflow/example_dags/tutorial.py
[2022-06-12 22:10:56,978] {processor.py:642} INFO - Processing file /home/leizo/.local/lib/python3.8/site-packages/airflow/example_dags/tutorial.py for tasks to queue
[2022-06-12 22:10:56,980] {logging_mixin.py:109} INFO - [2022-06-12 22:10:56,979] {dagbag.py:500} INFO - Filling up the DagBag from /home/leizo/.local/lib/python3.8/site-packages/airflow/example_dags/tutorial.py
[2022-06-12 22:10:57,010] {processor.py:652} INFO - DAG(s) dict_keys(['tutorial']) retrieved from /home/leizo/.local/lib/python3.8/site-packages/airflow/example_dags/tutorial.py
[2022-06-12 22:10:57,057] {logging_mixin.py:109} INFO - [2022-06-12 22:10:57,057] {dag.py:2398} INFO - Sync 1 DAGs
[2022-06-12 22:10:57,110] {logging_mixin.py:109} INFO - [2022-06-12 22:10:57,109] {dag.py:2937} INFO - Setting next_dagrun for tutorial to 2022-06-11T20:10:57.109016+00:00
[2022-06-12 22:10:57,145] {processor.py:171} INFO - Processing /home/leizo/.local/lib/python3.8/site-packages/airflow/example_dags/tutorial.py took 0.180 seconds
[2022-06-12 22:11:45,553] {processor.py:163} INFO - Started process (PID=887) to work on /home/leizo/.local/lib/python3.8/site-packages/airflow/example_dags/tutorial.py
[2022-06-12 22:11:45,555] {processor.py:642} INFO - Processing file /home/leizo/.local/lib/python3.8/site-packages/airflow/example_dags/tutorial.py for tasks to queue
[2022-06-12 22:11:45,557] {logging_mixin.py:109} INFO - [2022-06-12 22:11:45,557] {dagbag.py:500} INFO - Filling up the DagBag from /home/leizo/.local/lib/python3.8/site-packages/airflow/example_dags/tutorial.py
[2022-06-12 22:11:45,592] {processor.py:652} INFO - DAG(s) dict_keys(['tutorial']) retrieved from /home/leizo/.local/lib/python3.8/site-packages/airflow/example_dags/tutorial.py
[2022-06-12 22:11:45,620] {logging_mixin.py:109} INFO - [2022-06-12 22:11:45,620] {dag.py:2398} INFO - Sync 1 DAGs
[2022-06-12 22:11:45,653] {logging_mixin.py:109} INFO - [2022-06-12 22:11:45,653] {dag.py:2937} INFO - Setting next_dagrun for tutorial to 2022-06-11T20:11:45.653010+00:00
[2022-06-12 22:11:45,679] {processor.py:171} INFO - Processing /home/leizo/.local/lib/python3.8/site-packages/airflow/example_dags/tutorial.py took 0.132 seconds
[2022-06-12 22:12:26,902] {processor.py:163} INFO - Started process (PID=919) to work on /home/leizo/.local/lib/python3.8/site-packages/airflow/example_dags/tutorial.py
[2022-06-12 22:12:26,904] {processor.py:642} INFO - Processing file /home/leizo/.local/lib/python3.8/site-packages/airflow/example_dags/tutorial.py for tasks to queue
[2022-06-12 22:12:26,905] {logging_mixin.py:109} INFO - [2022-06-12 22:12:26,905] {dagbag.py:500} INFO - Filling up the DagBag from /home/leizo/.local/lib/python3.8/site-packages/airflow/example_dags/tutorial.py
[2022-06-12 22:12:26,926] {processor.py:652} INFO - DAG(s) dict_keys(['tutorial']) retrieved from /home/leizo/.local/lib/python3.8/site-packages/airflow/example_dags/tutorial.py
[2022-06-12 22:12:26,942] {logging_mixin.py:109} INFO - [2022-06-12 22:12:26,942] {dag.py:2398} INFO - Sync 1 DAGs
[2022-06-12 22:12:26,959] {logging_mixin.py:109} INFO - [2022-06-12 22:12:26,958] {dag.py:2937} INFO - Setting next_dagrun for tutorial to 2022-06-11T20:12:26.958608+00:00
[2022-06-12 22:12:26,977] {processor.py:171} INFO - Processing /home/leizo/.local/lib/python3.8/site-packages/airflow/example_dags/tutorial.py took 0.078 seconds
[2022-06-12 22:13:05,584] {processor.py:163} INFO - Started process (PID=953) to work on /home/leizo/.local/lib/python3.8/site-packages/airflow/example_dags/tutorial.py
[2022-06-12 22:13:05,586] {processor.py:642} INFO - Processing file /home/leizo/.local/lib/python3.8/site-packages/airflow/example_dags/tutorial.py for tasks to queue
[2022-06-12 22:13:05,588] {logging_mixin.py:109} INFO - [2022-06-12 22:13:05,587] {dagbag.py:500} INFO - Filling up the DagBag from /home/leizo/.local/lib/python3.8/site-packages/airflow/example_dags/tutorial.py
[2022-06-12 22:13:05,608] {processor.py:652} INFO - DAG(s) dict_keys(['tutorial']) retrieved from /home/leizo/.local/lib/python3.8/site-packages/airflow/example_dags/tutorial.py
[2022-06-12 22:13:05,626] {logging_mixin.py:109} INFO - [2022-06-12 22:13:05,626] {dag.py:2398} INFO - Sync 1 DAGs
[2022-06-12 22:13:05,652] {logging_mixin.py:109} INFO - [2022-06-12 22:13:05,651] {dag.py:2937} INFO - Setting next_dagrun for tutorial to 2022-06-11T20:13:05.651334+00:00
[2022-06-12 22:13:05,673] {processor.py:171} INFO - Processing /home/leizo/.local/lib/python3.8/site-packages/airflow/example_dags/tutorial.py took 0.093 seconds
[2022-06-12 22:13:40,296] {processor.py:163} INFO - Started process (PID=985) to work on /home/leizo/.local/lib/python3.8/site-packages/airflow/example_dags/tutorial.py
[2022-06-12 22:13:40,298] {processor.py:642} INFO - Processing file /home/leizo/.local/lib/python3.8/site-packages/airflow/example_dags/tutorial.py for tasks to queue
[2022-06-12 22:13:40,298] {logging_mixin.py:109} INFO - [2022-06-12 22:13:40,298] {dagbag.py:500} INFO - Filling up the DagBag from /home/leizo/.local/lib/python3.8/site-packages/airflow/example_dags/tutorial.py
[2022-06-12 22:13:40,320] {processor.py:652} INFO - DAG(s) dict_keys(['tutorial']) retrieved from /home/leizo/.local/lib/python3.8/site-packages/airflow/example_dags/tutorial.py
[2022-06-12 22:13:40,342] {logging_mixin.py:109} INFO - [2022-06-12 22:13:40,342] {dag.py:2398} INFO - Sync 1 DAGs
[2022-06-12 22:13:40,360] {logging_mixin.py:109} INFO - [2022-06-12 22:13:40,360] {dag.py:2937} INFO - Setting next_dagrun for tutorial to 2022-06-11T20:13:40.360125+00:00
[2022-06-12 22:13:40,377] {processor.py:171} INFO - Processing /home/leizo/.local/lib/python3.8/site-packages/airflow/example_dags/tutorial.py took 0.084 seconds
[2022-06-12 22:14:18,993] {processor.py:163} INFO - Started process (PID=1020) to work on /home/leizo/.local/lib/python3.8/site-packages/airflow/example_dags/tutorial.py
[2022-06-12 22:14:18,996] {processor.py:642} INFO - Processing file /home/leizo/.local/lib/python3.8/site-packages/airflow/example_dags/tutorial.py for tasks to queue
[2022-06-12 22:14:18,996] {logging_mixin.py:109} INFO - [2022-06-12 22:14:18,996] {dagbag.py:500} INFO - Filling up the DagBag from /home/leizo/.local/lib/python3.8/site-packages/airflow/example_dags/tutorial.py
[2022-06-12 22:14:19,013] {processor.py:652} INFO - DAG(s) dict_keys(['tutorial']) retrieved from /home/leizo/.local/lib/python3.8/site-packages/airflow/example_dags/tutorial.py
[2022-06-12 22:14:19,027] {logging_mixin.py:109} INFO - [2022-06-12 22:14:19,027] {dag.py:2398} INFO - Sync 1 DAGs
[2022-06-12 22:14:19,043] {logging_mixin.py:109} INFO - [2022-06-12 22:14:19,043] {dag.py:2937} INFO - Setting next_dagrun for tutorial to 2022-06-11T20:14:19.042935+00:00
[2022-06-12 22:14:19,063] {processor.py:171} INFO - Processing /home/leizo/.local/lib/python3.8/site-packages/airflow/example_dags/tutorial.py took 0.074 seconds
[2022-06-12 22:14:51,776] {processor.py:163} INFO - Started process (PID=1052) to work on /home/leizo/.local/lib/python3.8/site-packages/airflow/example_dags/tutorial.py
[2022-06-12 22:14:51,777] {processor.py:642} INFO - Processing file /home/leizo/.local/lib/python3.8/site-packages/airflow/example_dags/tutorial.py for tasks to queue
[2022-06-12 22:14:51,777] {logging_mixin.py:109} INFO - [2022-06-12 22:14:51,777] {dagbag.py:500} INFO - Filling up the DagBag from /home/leizo/.local/lib/python3.8/site-packages/airflow/example_dags/tutorial.py
[2022-06-12 22:14:51,796] {processor.py:652} INFO - DAG(s) dict_keys(['tutorial']) retrieved from /home/leizo/.local/lib/python3.8/site-packages/airflow/example_dags/tutorial.py
[2022-06-12 22:14:51,808] {logging_mixin.py:109} INFO - [2022-06-12 22:14:51,807] {dag.py:2398} INFO - Sync 1 DAGs
[2022-06-12 22:14:51,819] {logging_mixin.py:109} INFO - [2022-06-12 22:14:51,819] {dag.py:2937} INFO - Setting next_dagrun for tutorial to 2022-06-11T20:14:51.819587+00:00
[2022-06-12 22:14:51,831] {processor.py:171} INFO - Processing /home/leizo/.local/lib/python3.8/site-packages/airflow/example_dags/tutorial.py took 0.058 seconds
[2022-06-12 22:15:24,505] {processor.py:163} INFO - Started process (PID=1084) to work on /home/leizo/.local/lib/python3.8/site-packages/airflow/example_dags/tutorial.py
[2022-06-12 22:15:24,506] {processor.py:642} INFO - Processing file /home/leizo/.local/lib/python3.8/site-packages/airflow/example_dags/tutorial.py for tasks to queue
[2022-06-12 22:15:24,507] {logging_mixin.py:109} INFO - [2022-06-12 22:15:24,507] {dagbag.py:500} INFO - Filling up the DagBag from /home/leizo/.local/lib/python3.8/site-packages/airflow/example_dags/tutorial.py
[2022-06-12 22:15:24,522] {processor.py:652} INFO - DAG(s) dict_keys(['tutorial']) retrieved from /home/leizo/.local/lib/python3.8/site-packages/airflow/example_dags/tutorial.py
[2022-06-12 22:15:24,537] {logging_mixin.py:109} INFO - [2022-06-12 22:15:24,537] {dag.py:2398} INFO - Sync 1 DAGs
[2022-06-12 22:15:24,551] {logging_mixin.py:109} INFO - [2022-06-12 22:15:24,551] {dag.py:2937} INFO - Setting next_dagrun for tutorial to 2022-06-11T20:15:24.551438+00:00
[2022-06-12 22:15:24,564] {processor.py:171} INFO - Processing /home/leizo/.local/lib/python3.8/site-packages/airflow/example_dags/tutorial.py took 0.062 seconds
[2022-06-12 22:15:59,539] {processor.py:163} INFO - Started process (PID=1118) to work on /home/leizo/.local/lib/python3.8/site-packages/airflow/example_dags/tutorial.py
[2022-06-12 22:15:59,541] {processor.py:642} INFO - Processing file /home/leizo/.local/lib/python3.8/site-packages/airflow/example_dags/tutorial.py for tasks to queue
[2022-06-12 22:15:59,542] {logging_mixin.py:109} INFO - [2022-06-12 22:15:59,542] {dagbag.py:500} INFO - Filling up the DagBag from /home/leizo/.local/lib/python3.8/site-packages/airflow/example_dags/tutorial.py
[2022-06-12 22:15:59,553] {processor.py:652} INFO - DAG(s) dict_keys(['tutorial']) retrieved from /home/leizo/.local/lib/python3.8/site-packages/airflow/example_dags/tutorial.py
[2022-06-12 22:15:59,562] {logging_mixin.py:109} INFO - [2022-06-12 22:15:59,562] {dag.py:2398} INFO - Sync 1 DAGs
[2022-06-12 22:15:59,574] {logging_mixin.py:109} INFO - [2022-06-12 22:15:59,574] {dag.py:2937} INFO - Setting next_dagrun for tutorial to 2022-06-11T20:15:59.573842+00:00
[2022-06-12 22:15:59,587] {processor.py:171} INFO - Processing /home/leizo/.local/lib/python3.8/site-packages/airflow/example_dags/tutorial.py took 0.051 seconds
[2022-06-12 22:16:34,210] {processor.py:163} INFO - Started process (PID=1151) to work on /home/leizo/.local/lib/python3.8/site-packages/airflow/example_dags/tutorial.py
[2022-06-12 22:16:34,211] {processor.py:642} INFO - Processing file /home/leizo/.local/lib/python3.8/site-packages/airflow/example_dags/tutorial.py for tasks to queue
[2022-06-12 22:16:34,211] {logging_mixin.py:109} INFO - [2022-06-12 22:16:34,211] {dagbag.py:500} INFO - Filling up the DagBag from /home/leizo/.local/lib/python3.8/site-packages/airflow/example_dags/tutorial.py
[2022-06-12 22:16:34,225] {processor.py:652} INFO - DAG(s) dict_keys(['tutorial']) retrieved from /home/leizo/.local/lib/python3.8/site-packages/airflow/example_dags/tutorial.py
[2022-06-12 22:16:34,237] {logging_mixin.py:109} INFO - [2022-06-12 22:16:34,237] {dag.py:2398} INFO - Sync 1 DAGs
[2022-06-12 22:16:34,246] {logging_mixin.py:109} INFO - [2022-06-12 22:16:34,246] {dag.py:2937} INFO - Setting next_dagrun for tutorial to 2022-06-11T20:16:34.246002+00:00
[2022-06-12 22:16:34,256] {processor.py:171} INFO - Processing /home/leizo/.local/lib/python3.8/site-packages/airflow/example_dags/tutorial.py took 0.048 seconds
[2022-06-12 22:17:08,126] {processor.py:163} INFO - Started process (PID=1184) to work on /home/leizo/.local/lib/python3.8/site-packages/airflow/example_dags/tutorial.py
[2022-06-12 22:17:08,128] {processor.py:642} INFO - Processing file /home/leizo/.local/lib/python3.8/site-packages/airflow/example_dags/tutorial.py for tasks to queue
[2022-06-12 22:17:08,129] {logging_mixin.py:109} INFO - [2022-06-12 22:17:08,129] {dagbag.py:500} INFO - Filling up the DagBag from /home/leizo/.local/lib/python3.8/site-packages/airflow/example_dags/tutorial.py
[2022-06-12 22:17:08,140] {processor.py:652} INFO - DAG(s) dict_keys(['tutorial']) retrieved from /home/leizo/.local/lib/python3.8/site-packages/airflow/example_dags/tutorial.py
[2022-06-12 22:17:08,153] {logging_mixin.py:109} INFO - [2022-06-12 22:17:08,153] {dag.py:2398} INFO - Sync 1 DAGs
[2022-06-12 22:17:08,167] {logging_mixin.py:109} INFO - [2022-06-12 22:17:08,166] {dag.py:2937} INFO - Setting next_dagrun for tutorial to 2022-06-11T20:17:08.166587+00:00
[2022-06-12 22:17:08,180] {processor.py:171} INFO - Processing /home/leizo/.local/lib/python3.8/site-packages/airflow/example_dags/tutorial.py took 0.057 seconds
[2022-06-12 22:17:44,388] {processor.py:163} INFO - Started process (PID=1219) to work on /home/leizo/.local/lib/python3.8/site-packages/airflow/example_dags/tutorial.py
[2022-06-12 22:17:44,389] {processor.py:642} INFO - Processing file /home/leizo/.local/lib/python3.8/site-packages/airflow/example_dags/tutorial.py for tasks to queue
[2022-06-12 22:17:44,390] {logging_mixin.py:109} INFO - [2022-06-12 22:17:44,390] {dagbag.py:500} INFO - Filling up the DagBag from /home/leizo/.local/lib/python3.8/site-packages/airflow/example_dags/tutorial.py
[2022-06-12 22:17:44,401] {processor.py:652} INFO - DAG(s) dict_keys(['tutorial']) retrieved from /home/leizo/.local/lib/python3.8/site-packages/airflow/example_dags/tutorial.py
[2022-06-12 22:17:44,412] {logging_mixin.py:109} INFO - [2022-06-12 22:17:44,412] {dag.py:2398} INFO - Sync 1 DAGs
[2022-06-12 22:17:44,423] {logging_mixin.py:109} INFO - [2022-06-12 22:17:44,423] {dag.py:2937} INFO - Setting next_dagrun for tutorial to 2022-06-11T20:17:44.422906+00:00
[2022-06-12 22:17:44,433] {processor.py:171} INFO - Processing /home/leizo/.local/lib/python3.8/site-packages/airflow/example_dags/tutorial.py took 0.047 seconds
[2022-06-12 22:18:19,334] {processor.py:163} INFO - Started process (PID=1253) to work on /home/leizo/.local/lib/python3.8/site-packages/airflow/example_dags/tutorial.py
[2022-06-12 22:18:19,335] {processor.py:642} INFO - Processing file /home/leizo/.local/lib/python3.8/site-packages/airflow/example_dags/tutorial.py for tasks to queue
[2022-06-12 22:18:19,335] {logging_mixin.py:109} INFO - [2022-06-12 22:18:19,335] {dagbag.py:500} INFO - Filling up the DagBag from /home/leizo/.local/lib/python3.8/site-packages/airflow/example_dags/tutorial.py
[2022-06-12 22:18:19,350] {processor.py:652} INFO - DAG(s) dict_keys(['tutorial']) retrieved from /home/leizo/.local/lib/python3.8/site-packages/airflow/example_dags/tutorial.py
[2022-06-12 22:18:19,362] {logging_mixin.py:109} INFO - [2022-06-12 22:18:19,362] {dag.py:2398} INFO - Sync 1 DAGs
[2022-06-12 22:18:19,372] {logging_mixin.py:109} INFO - [2022-06-12 22:18:19,372] {dag.py:2937} INFO - Setting next_dagrun for tutorial to 2022-06-11T20:18:19.371934+00:00
[2022-06-12 22:18:19,384] {processor.py:171} INFO - Processing /home/leizo/.local/lib/python3.8/site-packages/airflow/example_dags/tutorial.py took 0.052 seconds
[2022-06-12 22:18:51,982] {processor.py:163} INFO - Started process (PID=1286) to work on /home/leizo/.local/lib/python3.8/site-packages/airflow/example_dags/tutorial.py
[2022-06-12 22:18:51,983] {processor.py:642} INFO - Processing file /home/leizo/.local/lib/python3.8/site-packages/airflow/example_dags/tutorial.py for tasks to queue
[2022-06-12 22:18:51,983] {logging_mixin.py:109} INFO - [2022-06-12 22:18:51,983] {dagbag.py:500} INFO - Filling up the DagBag from /home/leizo/.local/lib/python3.8/site-packages/airflow/example_dags/tutorial.py
[2022-06-12 22:18:51,994] {processor.py:652} INFO - DAG(s) dict_keys(['tutorial']) retrieved from /home/leizo/.local/lib/python3.8/site-packages/airflow/example_dags/tutorial.py
[2022-06-12 22:18:52,004] {logging_mixin.py:109} INFO - [2022-06-12 22:18:52,004] {dag.py:2398} INFO - Sync 1 DAGs
[2022-06-12 22:18:52,016] {logging_mixin.py:109} INFO - [2022-06-12 22:18:52,016] {dag.py:2937} INFO - Setting next_dagrun for tutorial to 2022-06-11T20:18:52.015941+00:00
[2022-06-12 22:18:52,030] {processor.py:171} INFO - Processing /home/leizo/.local/lib/python3.8/site-packages/airflow/example_dags/tutorial.py took 0.050 seconds
[2022-06-12 22:19:26,999] {processor.py:163} INFO - Started process (PID=1320) to work on /home/leizo/.local/lib/python3.8/site-packages/airflow/example_dags/tutorial.py
[2022-06-12 22:19:27,001] {processor.py:642} INFO - Processing file /home/leizo/.local/lib/python3.8/site-packages/airflow/example_dags/tutorial.py for tasks to queue
[2022-06-12 22:19:27,002] {logging_mixin.py:109} INFO - [2022-06-12 22:19:27,001] {dagbag.py:500} INFO - Filling up the DagBag from /home/leizo/.local/lib/python3.8/site-packages/airflow/example_dags/tutorial.py
[2022-06-12 22:19:27,014] {processor.py:652} INFO - DAG(s) dict_keys(['tutorial']) retrieved from /home/leizo/.local/lib/python3.8/site-packages/airflow/example_dags/tutorial.py
[2022-06-12 22:19:27,025] {logging_mixin.py:109} INFO - [2022-06-12 22:19:27,025] {dag.py:2398} INFO - Sync 1 DAGs
[2022-06-12 22:19:27,036] {logging_mixin.py:109} INFO - [2022-06-12 22:19:27,035] {dag.py:2937} INFO - Setting next_dagrun for tutorial to 2022-06-11T20:19:27.035714+00:00
[2022-06-12 22:19:27,046] {processor.py:171} INFO - Processing /home/leizo/.local/lib/python3.8/site-packages/airflow/example_dags/tutorial.py took 0.050 seconds
[2022-06-12 22:20:00,984] {processor.py:163} INFO - Started process (PID=1353) to work on /home/leizo/.local/lib/python3.8/site-packages/airflow/example_dags/tutorial.py
[2022-06-12 22:20:00,985] {processor.py:642} INFO - Processing file /home/leizo/.local/lib/python3.8/site-packages/airflow/example_dags/tutorial.py for tasks to queue
[2022-06-12 22:20:00,986] {logging_mixin.py:109} INFO - [2022-06-12 22:20:00,986] {dagbag.py:500} INFO - Filling up the DagBag from /home/leizo/.local/lib/python3.8/site-packages/airflow/example_dags/tutorial.py
[2022-06-12 22:20:00,999] {processor.py:652} INFO - DAG(s) dict_keys(['tutorial']) retrieved from /home/leizo/.local/lib/python3.8/site-packages/airflow/example_dags/tutorial.py
[2022-06-12 22:20:01,010] {logging_mixin.py:109} INFO - [2022-06-12 22:20:01,010] {dag.py:2398} INFO - Sync 1 DAGs
[2022-06-12 22:20:01,023] {logging_mixin.py:109} INFO - [2022-06-12 22:20:01,023] {dag.py:2937} INFO - Setting next_dagrun for tutorial to 2022-06-11T20:20:01.023151+00:00
[2022-06-12 22:20:01,038] {processor.py:171} INFO - Processing /home/leizo/.local/lib/python3.8/site-packages/airflow/example_dags/tutorial.py took 0.057 seconds
[2022-06-12 22:20:34,889] {processor.py:163} INFO - Started process (PID=1387) to work on /home/leizo/.local/lib/python3.8/site-packages/airflow/example_dags/tutorial.py
[2022-06-12 22:20:34,891] {processor.py:642} INFO - Processing file /home/leizo/.local/lib/python3.8/site-packages/airflow/example_dags/tutorial.py for tasks to queue
[2022-06-12 22:20:34,892] {logging_mixin.py:109} INFO - [2022-06-12 22:20:34,891] {dagbag.py:500} INFO - Filling up the DagBag from /home/leizo/.local/lib/python3.8/site-packages/airflow/example_dags/tutorial.py
[2022-06-12 22:20:34,904] {processor.py:652} INFO - DAG(s) dict_keys(['tutorial']) retrieved from /home/leizo/.local/lib/python3.8/site-packages/airflow/example_dags/tutorial.py
[2022-06-12 22:20:34,912] {logging_mixin.py:109} INFO - [2022-06-12 22:20:34,912] {dag.py:2398} INFO - Sync 1 DAGs
[2022-06-12 22:20:34,921] {logging_mixin.py:109} INFO - [2022-06-12 22:20:34,921] {dag.py:2937} INFO - Setting next_dagrun for tutorial to 2022-06-11T20:20:34.921116+00:00
[2022-06-12 22:20:34,930] {processor.py:171} INFO - Processing /home/leizo/.local/lib/python3.8/site-packages/airflow/example_dags/tutorial.py took 0.043 seconds
[2022-06-12 22:21:08,206] {processor.py:163} INFO - Started process (PID=1419) to work on /home/leizo/.local/lib/python3.8/site-packages/airflow/example_dags/tutorial.py
[2022-06-12 22:21:08,207] {processor.py:642} INFO - Processing file /home/leizo/.local/lib/python3.8/site-packages/airflow/example_dags/tutorial.py for tasks to queue
[2022-06-12 22:21:08,208] {logging_mixin.py:109} INFO - [2022-06-12 22:21:08,208] {dagbag.py:500} INFO - Filling up the DagBag from /home/leizo/.local/lib/python3.8/site-packages/airflow/example_dags/tutorial.py
[2022-06-12 22:21:08,221] {processor.py:652} INFO - DAG(s) dict_keys(['tutorial']) retrieved from /home/leizo/.local/lib/python3.8/site-packages/airflow/example_dags/tutorial.py
[2022-06-12 22:21:08,233] {logging_mixin.py:109} INFO - [2022-06-12 22:21:08,233] {dag.py:2398} INFO - Sync 1 DAGs
[2022-06-12 22:21:08,242] {logging_mixin.py:109} INFO - [2022-06-12 22:21:08,242] {dag.py:2937} INFO - Setting next_dagrun for tutorial to 2022-06-11T20:21:08.242436+00:00
[2022-06-12 22:21:08,253] {processor.py:171} INFO - Processing /home/leizo/.local/lib/python3.8/site-packages/airflow/example_dags/tutorial.py took 0.049 seconds
[2022-06-12 22:21:42,338] {processor.py:163} INFO - Started process (PID=1453) to work on /home/leizo/.local/lib/python3.8/site-packages/airflow/example_dags/tutorial.py
[2022-06-12 22:21:42,340] {processor.py:642} INFO - Processing file /home/leizo/.local/lib/python3.8/site-packages/airflow/example_dags/tutorial.py for tasks to queue
[2022-06-12 22:21:42,340] {logging_mixin.py:109} INFO - [2022-06-12 22:21:42,340] {dagbag.py:500} INFO - Filling up the DagBag from /home/leizo/.local/lib/python3.8/site-packages/airflow/example_dags/tutorial.py
[2022-06-12 22:21:42,358] {processor.py:652} INFO - DAG(s) dict_keys(['tutorial']) retrieved from /home/leizo/.local/lib/python3.8/site-packages/airflow/example_dags/tutorial.py
[2022-06-12 22:21:42,370] {logging_mixin.py:109} INFO - [2022-06-12 22:21:42,370] {dag.py:2398} INFO - Sync 1 DAGs
[2022-06-12 22:21:42,382] {logging_mixin.py:109} INFO - [2022-06-12 22:21:42,382] {dag.py:2937} INFO - Setting next_dagrun for tutorial to 2022-06-11T20:21:42.382435+00:00
[2022-06-12 22:21:42,393] {processor.py:171} INFO - Processing /home/leizo/.local/lib/python3.8/site-packages/airflow/example_dags/tutorial.py took 0.058 seconds
[2022-06-12 22:22:13,924] {processor.py:163} INFO - Started process (PID=1484) to work on /home/leizo/.local/lib/python3.8/site-packages/airflow/example_dags/tutorial.py
[2022-06-12 22:22:13,925] {processor.py:642} INFO - Processing file /home/leizo/.local/lib/python3.8/site-packages/airflow/example_dags/tutorial.py for tasks to queue
[2022-06-12 22:22:13,925] {logging_mixin.py:109} INFO - [2022-06-12 22:22:13,925] {dagbag.py:500} INFO - Filling up the DagBag from /home/leizo/.local/lib/python3.8/site-packages/airflow/example_dags/tutorial.py
[2022-06-12 22:22:13,935] {processor.py:652} INFO - DAG(s) dict_keys(['tutorial']) retrieved from /home/leizo/.local/lib/python3.8/site-packages/airflow/example_dags/tutorial.py
[2022-06-12 22:22:13,945] {logging_mixin.py:109} INFO - [2022-06-12 22:22:13,945] {dag.py:2398} INFO - Sync 1 DAGs
[2022-06-12 22:22:13,958] {logging_mixin.py:109} INFO - [2022-06-12 22:22:13,958] {dag.py:2937} INFO - Setting next_dagrun for tutorial to 2022-06-11T20:22:13.957838+00:00
[2022-06-12 22:22:13,969] {processor.py:171} INFO - Processing /home/leizo/.local/lib/python3.8/site-packages/airflow/example_dags/tutorial.py took 0.048 seconds
[2022-06-12 22:22:46,078] {processor.py:163} INFO - Started process (PID=1515) to work on /home/leizo/.local/lib/python3.8/site-packages/airflow/example_dags/tutorial.py
[2022-06-12 22:22:46,080] {processor.py:642} INFO - Processing file /home/leizo/.local/lib/python3.8/site-packages/airflow/example_dags/tutorial.py for tasks to queue
[2022-06-12 22:22:46,080] {logging_mixin.py:109} INFO - [2022-06-12 22:22:46,080] {dagbag.py:500} INFO - Filling up the DagBag from /home/leizo/.local/lib/python3.8/site-packages/airflow/example_dags/tutorial.py
[2022-06-12 22:22:46,094] {processor.py:652} INFO - DAG(s) dict_keys(['tutorial']) retrieved from /home/leizo/.local/lib/python3.8/site-packages/airflow/example_dags/tutorial.py
[2022-06-12 22:22:46,105] {logging_mixin.py:109} INFO - [2022-06-12 22:22:46,105] {dag.py:2398} INFO - Sync 1 DAGs
[2022-06-12 22:22:46,120] {logging_mixin.py:109} INFO - [2022-06-12 22:22:46,120] {dag.py:2937} INFO - Setting next_dagrun for tutorial to 2022-06-11T20:22:46.119873+00:00
[2022-06-12 22:22:46,131] {processor.py:171} INFO - Processing /home/leizo/.local/lib/python3.8/site-packages/airflow/example_dags/tutorial.py took 0.055 seconds
[2022-06-12 22:23:22,573] {processor.py:163} INFO - Started process (PID=1550) to work on /home/leizo/.local/lib/python3.8/site-packages/airflow/example_dags/tutorial.py
[2022-06-12 22:23:22,576] {processor.py:642} INFO - Processing file /home/leizo/.local/lib/python3.8/site-packages/airflow/example_dags/tutorial.py for tasks to queue
[2022-06-12 22:23:22,577] {logging_mixin.py:109} INFO - [2022-06-12 22:23:22,577] {dagbag.py:500} INFO - Filling up the DagBag from /home/leizo/.local/lib/python3.8/site-packages/airflow/example_dags/tutorial.py
[2022-06-12 22:23:22,596] {processor.py:652} INFO - DAG(s) dict_keys(['tutorial']) retrieved from /home/leizo/.local/lib/python3.8/site-packages/airflow/example_dags/tutorial.py
[2022-06-12 22:23:22,607] {logging_mixin.py:109} INFO - [2022-06-12 22:23:22,607] {dag.py:2398} INFO - Sync 1 DAGs
[2022-06-12 22:23:22,620] {logging_mixin.py:109} INFO - [2022-06-12 22:23:22,620] {dag.py:2937} INFO - Setting next_dagrun for tutorial to 2022-06-11T20:23:22.620455+00:00
[2022-06-12 22:23:22,636] {processor.py:171} INFO - Processing /home/leizo/.local/lib/python3.8/site-packages/airflow/example_dags/tutorial.py took 0.069 seconds
[2022-06-12 22:24:01,662] {processor.py:163} INFO - Started process (PID=1649) to work on /home/leizo/.local/lib/python3.8/site-packages/airflow/example_dags/tutorial.py
[2022-06-12 22:24:01,665] {processor.py:642} INFO - Processing file /home/leizo/.local/lib/python3.8/site-packages/airflow/example_dags/tutorial.py for tasks to queue
[2022-06-12 22:24:01,666] {logging_mixin.py:109} INFO - [2022-06-12 22:24:01,666] {dagbag.py:500} INFO - Filling up the DagBag from /home/leizo/.local/lib/python3.8/site-packages/airflow/example_dags/tutorial.py
[2022-06-12 22:24:01,692] {processor.py:652} INFO - DAG(s) dict_keys(['tutorial']) retrieved from /home/leizo/.local/lib/python3.8/site-packages/airflow/example_dags/tutorial.py
[2022-06-12 22:24:01,707] {logging_mixin.py:109} INFO - [2022-06-12 22:24:01,707] {dag.py:2398} INFO - Sync 1 DAGs
[2022-06-12 22:24:01,721] {logging_mixin.py:109} INFO - [2022-06-12 22:24:01,720] {dag.py:2937} INFO - Setting next_dagrun for tutorial to 2022-06-11T20:24:01.720748+00:00
[2022-06-12 22:24:01,735] {processor.py:171} INFO - Processing /home/leizo/.local/lib/python3.8/site-packages/airflow/example_dags/tutorial.py took 0.079 seconds
[2022-06-12 22:24:34,945] {processor.py:163} INFO - Started process (PID=1682) to work on /home/leizo/.local/lib/python3.8/site-packages/airflow/example_dags/tutorial.py
[2022-06-12 22:24:34,948] {processor.py:642} INFO - Processing file /home/leizo/.local/lib/python3.8/site-packages/airflow/example_dags/tutorial.py for tasks to queue
[2022-06-12 22:24:34,949] {logging_mixin.py:109} INFO - [2022-06-12 22:24:34,949] {dagbag.py:500} INFO - Filling up the DagBag from /home/leizo/.local/lib/python3.8/site-packages/airflow/example_dags/tutorial.py
[2022-06-12 22:24:34,969] {processor.py:652} INFO - DAG(s) dict_keys(['tutorial']) retrieved from /home/leizo/.local/lib/python3.8/site-packages/airflow/example_dags/tutorial.py
[2022-06-12 22:24:34,982] {logging_mixin.py:109} INFO - [2022-06-12 22:24:34,982] {dag.py:2398} INFO - Sync 1 DAGs
[2022-06-12 22:24:34,998] {logging_mixin.py:109} INFO - [2022-06-12 22:24:34,998] {dag.py:2937} INFO - Setting next_dagrun for tutorial to 2022-06-11T20:24:34.997557+00:00
[2022-06-12 22:24:35,018] {processor.py:171} INFO - Processing /home/leizo/.local/lib/python3.8/site-packages/airflow/example_dags/tutorial.py took 0.079 seconds
[2022-06-12 22:25:14,807] {processor.py:163} INFO - Started process (PID=1756) to work on /home/leizo/.local/lib/python3.8/site-packages/airflow/example_dags/tutorial.py
[2022-06-12 22:25:14,811] {processor.py:642} INFO - Processing file /home/leizo/.local/lib/python3.8/site-packages/airflow/example_dags/tutorial.py for tasks to queue
[2022-06-12 22:25:14,812] {logging_mixin.py:109} INFO - [2022-06-12 22:25:14,812] {dagbag.py:500} INFO - Filling up the DagBag from /home/leizo/.local/lib/python3.8/site-packages/airflow/example_dags/tutorial.py
[2022-06-12 22:25:14,849] {processor.py:652} INFO - DAG(s) dict_keys(['tutorial']) retrieved from /home/leizo/.local/lib/python3.8/site-packages/airflow/example_dags/tutorial.py
[2022-06-12 22:25:14,867] {logging_mixin.py:109} INFO - [2022-06-12 22:25:14,867] {dag.py:2398} INFO - Sync 1 DAGs
[2022-06-12 22:25:14,889] {logging_mixin.py:109} INFO - [2022-06-12 22:25:14,889] {dag.py:2937} INFO - Setting next_dagrun for tutorial to 2022-06-11T20:25:14.888637+00:00
[2022-06-12 22:25:14,913] {processor.py:171} INFO - Processing /home/leizo/.local/lib/python3.8/site-packages/airflow/example_dags/tutorial.py took 0.111 seconds
[2022-06-12 22:25:54,630] {processor.py:163} INFO - Started process (PID=1793) to work on /home/leizo/.local/lib/python3.8/site-packages/airflow/example_dags/tutorial.py
[2022-06-12 22:25:54,633] {processor.py:642} INFO - Processing file /home/leizo/.local/lib/python3.8/site-packages/airflow/example_dags/tutorial.py for tasks to queue
[2022-06-12 22:25:54,633] {logging_mixin.py:109} INFO - [2022-06-12 22:25:54,633] {dagbag.py:500} INFO - Filling up the DagBag from /home/leizo/.local/lib/python3.8/site-packages/airflow/example_dags/tutorial.py
[2022-06-12 22:25:54,662] {processor.py:652} INFO - DAG(s) dict_keys(['tutorial']) retrieved from /home/leizo/.local/lib/python3.8/site-packages/airflow/example_dags/tutorial.py
[2022-06-12 22:25:54,687] {logging_mixin.py:109} INFO - [2022-06-12 22:25:54,687] {dag.py:2398} INFO - Sync 1 DAGs
[2022-06-12 22:25:54,706] {logging_mixin.py:109} INFO - [2022-06-12 22:25:54,706] {dag.py:2937} INFO - Setting next_dagrun for tutorial to 2022-06-11T20:25:54.706118+00:00
[2022-06-12 22:25:54,727] {processor.py:171} INFO - Processing /home/leizo/.local/lib/python3.8/site-packages/airflow/example_dags/tutorial.py took 0.100 seconds
[2022-06-12 22:26:34,396] {processor.py:163} INFO - Started process (PID=1827) to work on /home/leizo/.local/lib/python3.8/site-packages/airflow/example_dags/tutorial.py
[2022-06-12 22:26:34,399] {processor.py:642} INFO - Processing file /home/leizo/.local/lib/python3.8/site-packages/airflow/example_dags/tutorial.py for tasks to queue
[2022-06-12 22:26:34,400] {logging_mixin.py:109} INFO - [2022-06-12 22:26:34,400] {dagbag.py:500} INFO - Filling up the DagBag from /home/leizo/.local/lib/python3.8/site-packages/airflow/example_dags/tutorial.py
[2022-06-12 22:26:34,433] {processor.py:652} INFO - DAG(s) dict_keys(['tutorial']) retrieved from /home/leizo/.local/lib/python3.8/site-packages/airflow/example_dags/tutorial.py
[2022-06-12 22:26:34,463] {logging_mixin.py:109} INFO - [2022-06-12 22:26:34,463] {dag.py:2398} INFO - Sync 1 DAGs
[2022-06-12 22:26:34,485] {logging_mixin.py:109} INFO - [2022-06-12 22:26:34,485] {dag.py:2937} INFO - Setting next_dagrun for tutorial to 2022-06-11T20:26:34.485404+00:00
[2022-06-12 22:26:34,507] {processor.py:171} INFO - Processing /home/leizo/.local/lib/python3.8/site-packages/airflow/example_dags/tutorial.py took 0.116 seconds
[2022-06-12 22:27:17,532] {processor.py:163} INFO - Started process (PID=1882) to work on /home/leizo/.local/lib/python3.8/site-packages/airflow/example_dags/tutorial.py
[2022-06-12 22:27:17,537] {processor.py:642} INFO - Processing file /home/leizo/.local/lib/python3.8/site-packages/airflow/example_dags/tutorial.py for tasks to queue
[2022-06-12 22:27:17,539] {logging_mixin.py:109} INFO - [2022-06-12 22:27:17,538] {dagbag.py:500} INFO - Filling up the DagBag from /home/leizo/.local/lib/python3.8/site-packages/airflow/example_dags/tutorial.py
[2022-06-12 22:27:17,583] {processor.py:652} INFO - DAG(s) dict_keys(['tutorial']) retrieved from /home/leizo/.local/lib/python3.8/site-packages/airflow/example_dags/tutorial.py
[2022-06-12 22:27:17,608] {logging_mixin.py:109} INFO - [2022-06-12 22:27:17,608] {dag.py:2398} INFO - Sync 1 DAGs
[2022-06-12 22:27:17,630] {logging_mixin.py:109} INFO - [2022-06-12 22:27:17,630] {dag.py:2937} INFO - Setting next_dagrun for tutorial to 2022-06-11T20:27:17.630298+00:00
[2022-06-12 22:27:17,649] {processor.py:171} INFO - Processing /home/leizo/.local/lib/python3.8/site-packages/airflow/example_dags/tutorial.py took 0.123 seconds
[2022-06-12 22:28:20,953] {processor.py:163} INFO - Started process (PID=1940) to work on /home/leizo/.local/lib/python3.8/site-packages/airflow/example_dags/tutorial.py
[2022-06-12 22:28:20,956] {processor.py:642} INFO - Processing file /home/leizo/.local/lib/python3.8/site-packages/airflow/example_dags/tutorial.py for tasks to queue
[2022-06-12 22:28:20,957] {logging_mixin.py:109} INFO - [2022-06-12 22:28:20,957] {dagbag.py:500} INFO - Filling up the DagBag from /home/leizo/.local/lib/python3.8/site-packages/airflow/example_dags/tutorial.py
[2022-06-12 22:28:20,984] {processor.py:652} INFO - DAG(s) dict_keys(['tutorial']) retrieved from /home/leizo/.local/lib/python3.8/site-packages/airflow/example_dags/tutorial.py
[2022-06-12 22:28:20,999] {logging_mixin.py:109} INFO - [2022-06-12 22:28:20,999] {dag.py:2398} INFO - Sync 1 DAGs
[2022-06-12 22:28:21,012] {logging_mixin.py:109} INFO - [2022-06-12 22:28:21,012] {dag.py:2937} INFO - Setting next_dagrun for tutorial to 2022-06-11T20:28:21.012586+00:00
[2022-06-12 22:28:21,031] {processor.py:171} INFO - Processing /home/leizo/.local/lib/python3.8/site-packages/airflow/example_dags/tutorial.py took 0.083 seconds
[2022-06-12 22:29:01,482] {processor.py:163} INFO - Started process (PID=2060) to work on /home/leizo/.local/lib/python3.8/site-packages/airflow/example_dags/tutorial.py
[2022-06-12 22:29:01,486] {processor.py:642} INFO - Processing file /home/leizo/.local/lib/python3.8/site-packages/airflow/example_dags/tutorial.py for tasks to queue
[2022-06-12 22:29:01,487] {logging_mixin.py:109} INFO - [2022-06-12 22:29:01,487] {dagbag.py:500} INFO - Filling up the DagBag from /home/leizo/.local/lib/python3.8/site-packages/airflow/example_dags/tutorial.py
[2022-06-12 22:29:01,514] {processor.py:652} INFO - DAG(s) dict_keys(['tutorial']) retrieved from /home/leizo/.local/lib/python3.8/site-packages/airflow/example_dags/tutorial.py
[2022-06-12 22:29:01,531] {logging_mixin.py:109} INFO - [2022-06-12 22:29:01,531] {dag.py:2398} INFO - Sync 1 DAGs
[2022-06-12 22:29:01,547] {logging_mixin.py:109} INFO - [2022-06-12 22:29:01,547] {dag.py:2937} INFO - Setting next_dagrun for tutorial to 2022-06-11T20:29:01.547364+00:00
[2022-06-12 22:29:01,567] {processor.py:171} INFO - Processing /home/leizo/.local/lib/python3.8/site-packages/airflow/example_dags/tutorial.py took 0.091 seconds
[2022-06-12 22:29:44,640] {processor.py:163} INFO - Started process (PID=2145) to work on /home/leizo/.local/lib/python3.8/site-packages/airflow/example_dags/tutorial.py
[2022-06-12 22:29:44,645] {processor.py:642} INFO - Processing file /home/leizo/.local/lib/python3.8/site-packages/airflow/example_dags/tutorial.py for tasks to queue
[2022-06-12 22:29:44,646] {logging_mixin.py:109} INFO - [2022-06-12 22:29:44,646] {dagbag.py:500} INFO - Filling up the DagBag from /home/leizo/.local/lib/python3.8/site-packages/airflow/example_dags/tutorial.py
[2022-06-12 22:29:44,666] {processor.py:652} INFO - DAG(s) dict_keys(['tutorial']) retrieved from /home/leizo/.local/lib/python3.8/site-packages/airflow/example_dags/tutorial.py
[2022-06-12 22:29:44,682] {logging_mixin.py:109} INFO - [2022-06-12 22:29:44,682] {dag.py:2398} INFO - Sync 1 DAGs
[2022-06-12 22:29:44,698] {logging_mixin.py:109} INFO - [2022-06-12 22:29:44,698] {dag.py:2937} INFO - Setting next_dagrun for tutorial to 2022-06-11T20:29:44.697840+00:00
[2022-06-12 22:29:44,715] {processor.py:171} INFO - Processing /home/leizo/.local/lib/python3.8/site-packages/airflow/example_dags/tutorial.py took 0.081 seconds
[2022-06-12 22:30:30,115] {processor.py:163} INFO - Started process (PID=2273) to work on /home/leizo/.local/lib/python3.8/site-packages/airflow/example_dags/tutorial.py
[2022-06-12 22:30:30,119] {processor.py:642} INFO - Processing file /home/leizo/.local/lib/python3.8/site-packages/airflow/example_dags/tutorial.py for tasks to queue
[2022-06-12 22:30:30,120] {logging_mixin.py:109} INFO - [2022-06-12 22:30:30,120] {dagbag.py:500} INFO - Filling up the DagBag from /home/leizo/.local/lib/python3.8/site-packages/airflow/example_dags/tutorial.py
[2022-06-12 22:30:30,147] {processor.py:652} INFO - DAG(s) dict_keys(['tutorial']) retrieved from /home/leizo/.local/lib/python3.8/site-packages/airflow/example_dags/tutorial.py
[2022-06-12 22:30:30,164] {logging_mixin.py:109} INFO - [2022-06-12 22:30:30,164] {dag.py:2398} INFO - Sync 1 DAGs
[2022-06-12 22:30:30,178] {logging_mixin.py:109} INFO - [2022-06-12 22:30:30,178] {dag.py:2937} INFO - Setting next_dagrun for tutorial to 2022-06-11T20:30:30.177910+00:00
[2022-06-12 22:30:30,197] {processor.py:171} INFO - Processing /home/leizo/.local/lib/python3.8/site-packages/airflow/example_dags/tutorial.py took 0.088 seconds
[2022-06-12 22:31:08,552] {processor.py:163} INFO - Started process (PID=2350) to work on /home/leizo/.local/lib/python3.8/site-packages/airflow/example_dags/tutorial.py
[2022-06-12 22:31:08,554] {processor.py:642} INFO - Processing file /home/leizo/.local/lib/python3.8/site-packages/airflow/example_dags/tutorial.py for tasks to queue
[2022-06-12 22:31:08,554] {logging_mixin.py:109} INFO - [2022-06-12 22:31:08,554] {dagbag.py:500} INFO - Filling up the DagBag from /home/leizo/.local/lib/python3.8/site-packages/airflow/example_dags/tutorial.py
[2022-06-12 22:31:08,572] {processor.py:652} INFO - DAG(s) dict_keys(['tutorial']) retrieved from /home/leizo/.local/lib/python3.8/site-packages/airflow/example_dags/tutorial.py
[2022-06-12 22:31:08,593] {logging_mixin.py:109} INFO - [2022-06-12 22:31:08,593] {dag.py:2398} INFO - Sync 1 DAGs
[2022-06-12 22:31:08,608] {logging_mixin.py:109} INFO - [2022-06-12 22:31:08,608] {dag.py:2937} INFO - Setting next_dagrun for tutorial to 2022-06-11T20:31:08.608199+00:00
[2022-06-12 22:31:08,620] {processor.py:171} INFO - Processing /home/leizo/.local/lib/python3.8/site-packages/airflow/example_dags/tutorial.py took 0.070 seconds
[2022-06-12 22:31:51,477] {processor.py:163} INFO - Started process (PID=2464) to work on /home/leizo/.local/lib/python3.8/site-packages/airflow/example_dags/tutorial.py
[2022-06-12 22:31:51,479] {processor.py:642} INFO - Processing file /home/leizo/.local/lib/python3.8/site-packages/airflow/example_dags/tutorial.py for tasks to queue
[2022-06-12 22:31:51,480] {logging_mixin.py:109} INFO - [2022-06-12 22:31:51,480] {dagbag.py:500} INFO - Filling up the DagBag from /home/leizo/.local/lib/python3.8/site-packages/airflow/example_dags/tutorial.py
[2022-06-12 22:31:51,492] {processor.py:652} INFO - DAG(s) dict_keys(['tutorial']) retrieved from /home/leizo/.local/lib/python3.8/site-packages/airflow/example_dags/tutorial.py
[2022-06-12 22:31:51,504] {logging_mixin.py:109} INFO - [2022-06-12 22:31:51,504] {dag.py:2398} INFO - Sync 1 DAGs
[2022-06-12 22:31:51,518] {logging_mixin.py:109} INFO - [2022-06-12 22:31:51,518] {dag.py:2937} INFO - Setting next_dagrun for tutorial to 2022-06-11T20:31:51.518292+00:00
[2022-06-12 22:31:51,541] {processor.py:171} INFO - Processing /home/leizo/.local/lib/python3.8/site-packages/airflow/example_dags/tutorial.py took 0.066 seconds
[2022-06-12 22:32:31,578] {processor.py:163} INFO - Started process (PID=2535) to work on /home/leizo/.local/lib/python3.8/site-packages/airflow/example_dags/tutorial.py
[2022-06-12 22:32:31,580] {processor.py:642} INFO - Processing file /home/leizo/.local/lib/python3.8/site-packages/airflow/example_dags/tutorial.py for tasks to queue
[2022-06-12 22:32:31,581] {logging_mixin.py:109} INFO - [2022-06-12 22:32:31,580] {dagbag.py:500} INFO - Filling up the DagBag from /home/leizo/.local/lib/python3.8/site-packages/airflow/example_dags/tutorial.py
[2022-06-12 22:32:31,591] {processor.py:652} INFO - DAG(s) dict_keys(['tutorial']) retrieved from /home/leizo/.local/lib/python3.8/site-packages/airflow/example_dags/tutorial.py
[2022-06-12 22:32:31,605] {logging_mixin.py:109} INFO - [2022-06-12 22:32:31,604] {dag.py:2398} INFO - Sync 1 DAGs
[2022-06-12 22:32:31,616] {logging_mixin.py:109} INFO - [2022-06-12 22:32:31,616] {dag.py:2937} INFO - Setting next_dagrun for tutorial to 2022-06-11T20:32:31.616115+00:00
[2022-06-12 22:32:31,630] {processor.py:171} INFO - Processing /home/leizo/.local/lib/python3.8/site-packages/airflow/example_dags/tutorial.py took 0.055 seconds
[2022-06-12 22:33:12,810] {processor.py:163} INFO - Started process (PID=2602) to work on /home/leizo/.local/lib/python3.8/site-packages/airflow/example_dags/tutorial.py
[2022-06-12 22:33:12,812] {processor.py:642} INFO - Processing file /home/leizo/.local/lib/python3.8/site-packages/airflow/example_dags/tutorial.py for tasks to queue
[2022-06-12 22:33:12,812] {logging_mixin.py:109} INFO - [2022-06-12 22:33:12,812] {dagbag.py:500} INFO - Filling up the DagBag from /home/leizo/.local/lib/python3.8/site-packages/airflow/example_dags/tutorial.py
[2022-06-12 22:33:12,824] {processor.py:652} INFO - DAG(s) dict_keys(['tutorial']) retrieved from /home/leizo/.local/lib/python3.8/site-packages/airflow/example_dags/tutorial.py
[2022-06-12 22:33:12,835] {logging_mixin.py:109} INFO - [2022-06-12 22:33:12,835] {dag.py:2398} INFO - Sync 1 DAGs
[2022-06-12 22:33:12,852] {logging_mixin.py:109} INFO - [2022-06-12 22:33:12,852] {dag.py:2937} INFO - Setting next_dagrun for tutorial to 2022-06-11T20:33:12.851814+00:00
[2022-06-12 22:33:12,868] {processor.py:171} INFO - Processing /home/leizo/.local/lib/python3.8/site-packages/airflow/example_dags/tutorial.py took 0.060 seconds
[2022-06-12 22:33:52,830] {processor.py:163} INFO - Started process (PID=2667) to work on /home/leizo/.local/lib/python3.8/site-packages/airflow/example_dags/tutorial.py
[2022-06-12 22:33:52,833] {processor.py:642} INFO - Processing file /home/leizo/.local/lib/python3.8/site-packages/airflow/example_dags/tutorial.py for tasks to queue
[2022-06-12 22:33:52,833] {logging_mixin.py:109} INFO - [2022-06-12 22:33:52,833] {dagbag.py:500} INFO - Filling up the DagBag from /home/leizo/.local/lib/python3.8/site-packages/airflow/example_dags/tutorial.py
[2022-06-12 22:33:52,850] {processor.py:652} INFO - DAG(s) dict_keys(['tutorial']) retrieved from /home/leizo/.local/lib/python3.8/site-packages/airflow/example_dags/tutorial.py
[2022-06-12 22:33:52,863] {logging_mixin.py:109} INFO - [2022-06-12 22:33:52,862] {dag.py:2398} INFO - Sync 1 DAGs
[2022-06-12 22:33:52,876] {logging_mixin.py:109} INFO - [2022-06-12 22:33:52,876] {dag.py:2937} INFO - Setting next_dagrun for tutorial to 2022-06-11T20:33:52.875820+00:00
[2022-06-12 22:33:52,886] {processor.py:171} INFO - Processing /home/leizo/.local/lib/python3.8/site-packages/airflow/example_dags/tutorial.py took 0.058 seconds
[2022-06-12 22:34:34,396] {processor.py:163} INFO - Started process (PID=2764) to work on /home/leizo/.local/lib/python3.8/site-packages/airflow/example_dags/tutorial.py
[2022-06-12 22:34:34,398] {processor.py:642} INFO - Processing file /home/leizo/.local/lib/python3.8/site-packages/airflow/example_dags/tutorial.py for tasks to queue
[2022-06-12 22:34:34,399] {logging_mixin.py:109} INFO - [2022-06-12 22:34:34,399] {dagbag.py:500} INFO - Filling up the DagBag from /home/leizo/.local/lib/python3.8/site-packages/airflow/example_dags/tutorial.py
[2022-06-12 22:34:34,414] {processor.py:652} INFO - DAG(s) dict_keys(['tutorial']) retrieved from /home/leizo/.local/lib/python3.8/site-packages/airflow/example_dags/tutorial.py
[2022-06-12 22:34:34,424] {logging_mixin.py:109} INFO - [2022-06-12 22:34:34,424] {dag.py:2398} INFO - Sync 1 DAGs
[2022-06-12 22:34:34,434] {logging_mixin.py:109} INFO - [2022-06-12 22:34:34,434] {dag.py:2937} INFO - Setting next_dagrun for tutorial to 2022-06-11T20:34:34.434324+00:00
[2022-06-12 22:34:34,446] {processor.py:171} INFO - Processing /home/leizo/.local/lib/python3.8/site-packages/airflow/example_dags/tutorial.py took 0.053 seconds
[2022-06-12 22:35:15,923] {processor.py:163} INFO - Started process (PID=2854) to work on /home/leizo/.local/lib/python3.8/site-packages/airflow/example_dags/tutorial.py
[2022-06-12 22:35:15,926] {processor.py:642} INFO - Processing file /home/leizo/.local/lib/python3.8/site-packages/airflow/example_dags/tutorial.py for tasks to queue
[2022-06-12 22:35:15,927] {logging_mixin.py:109} INFO - [2022-06-12 22:35:15,927] {dagbag.py:500} INFO - Filling up the DagBag from /home/leizo/.local/lib/python3.8/site-packages/airflow/example_dags/tutorial.py
[2022-06-12 22:35:15,954] {processor.py:652} INFO - DAG(s) dict_keys(['tutorial']) retrieved from /home/leizo/.local/lib/python3.8/site-packages/airflow/example_dags/tutorial.py
[2022-06-12 22:35:15,970] {logging_mixin.py:109} INFO - [2022-06-12 22:35:15,969] {dag.py:2398} INFO - Sync 1 DAGs
[2022-06-12 22:35:15,982] {logging_mixin.py:109} INFO - [2022-06-12 22:35:15,982] {dag.py:2937} INFO - Setting next_dagrun for tutorial to 2022-06-11T20:35:15.982110+00:00
[2022-06-12 22:35:16,009] {processor.py:171} INFO - Processing /home/leizo/.local/lib/python3.8/site-packages/airflow/example_dags/tutorial.py took 0.089 seconds
[2022-06-12 22:35:57,684] {processor.py:163} INFO - Started process (PID=2930) to work on /home/leizo/.local/lib/python3.8/site-packages/airflow/example_dags/tutorial.py
[2022-06-12 22:35:57,686] {processor.py:642} INFO - Processing file /home/leizo/.local/lib/python3.8/site-packages/airflow/example_dags/tutorial.py for tasks to queue
[2022-06-12 22:35:57,686] {logging_mixin.py:109} INFO - [2022-06-12 22:35:57,686] {dagbag.py:500} INFO - Filling up the DagBag from /home/leizo/.local/lib/python3.8/site-packages/airflow/example_dags/tutorial.py
[2022-06-12 22:35:57,698] {processor.py:652} INFO - DAG(s) dict_keys(['tutorial']) retrieved from /home/leizo/.local/lib/python3.8/site-packages/airflow/example_dags/tutorial.py
[2022-06-12 22:35:57,708] {logging_mixin.py:109} INFO - [2022-06-12 22:35:57,707] {dag.py:2398} INFO - Sync 1 DAGs
[2022-06-12 22:35:57,717] {logging_mixin.py:109} INFO - [2022-06-12 22:35:57,717] {dag.py:2937} INFO - Setting next_dagrun for tutorial to 2022-06-11T20:35:57.717232+00:00
[2022-06-12 22:35:57,732] {processor.py:171} INFO - Processing /home/leizo/.local/lib/python3.8/site-packages/airflow/example_dags/tutorial.py took 0.050 seconds
[2022-06-12 22:36:39,438] {processor.py:163} INFO - Started process (PID=3002) to work on /home/leizo/.local/lib/python3.8/site-packages/airflow/example_dags/tutorial.py
[2022-06-12 22:36:39,442] {processor.py:642} INFO - Processing file /home/leizo/.local/lib/python3.8/site-packages/airflow/example_dags/tutorial.py for tasks to queue
[2022-06-12 22:36:39,442] {logging_mixin.py:109} INFO - [2022-06-12 22:36:39,442] {dagbag.py:500} INFO - Filling up the DagBag from /home/leizo/.local/lib/python3.8/site-packages/airflow/example_dags/tutorial.py
[2022-06-12 22:36:39,462] {processor.py:652} INFO - DAG(s) dict_keys(['tutorial']) retrieved from /home/leizo/.local/lib/python3.8/site-packages/airflow/example_dags/tutorial.py
[2022-06-12 22:36:39,483] {logging_mixin.py:109} INFO - [2022-06-12 22:36:39,483] {dag.py:2398} INFO - Sync 1 DAGs
[2022-06-12 22:36:39,499] {logging_mixin.py:109} INFO - [2022-06-12 22:36:39,499] {dag.py:2937} INFO - Setting next_dagrun for tutorial to 2022-06-11T20:36:39.499079+00:00
[2022-06-12 22:36:39,516] {processor.py:171} INFO - Processing /home/leizo/.local/lib/python3.8/site-packages/airflow/example_dags/tutorial.py took 0.081 seconds
[2022-06-12 22:37:21,229] {processor.py:163} INFO - Started process (PID=3058) to work on /home/leizo/.local/lib/python3.8/site-packages/airflow/example_dags/tutorial.py
[2022-06-12 22:37:21,232] {processor.py:642} INFO - Processing file /home/leizo/.local/lib/python3.8/site-packages/airflow/example_dags/tutorial.py for tasks to queue
[2022-06-12 22:37:21,233] {logging_mixin.py:109} INFO - [2022-06-12 22:37:21,233] {dagbag.py:500} INFO - Filling up the DagBag from /home/leizo/.local/lib/python3.8/site-packages/airflow/example_dags/tutorial.py
[2022-06-12 22:37:21,256] {processor.py:652} INFO - DAG(s) dict_keys(['tutorial']) retrieved from /home/leizo/.local/lib/python3.8/site-packages/airflow/example_dags/tutorial.py
[2022-06-12 22:37:21,270] {logging_mixin.py:109} INFO - [2022-06-12 22:37:21,269] {dag.py:2398} INFO - Sync 1 DAGs
[2022-06-12 22:37:21,282] {logging_mixin.py:109} INFO - [2022-06-12 22:37:21,282] {dag.py:2937} INFO - Setting next_dagrun for tutorial to 2022-06-11T20:37:21.282171+00:00
[2022-06-12 22:37:21,293] {processor.py:171} INFO - Processing /home/leizo/.local/lib/python3.8/site-packages/airflow/example_dags/tutorial.py took 0.069 seconds
[2022-06-12 22:38:02,799] {processor.py:163} INFO - Started process (PID=3098) to work on /home/leizo/.local/lib/python3.8/site-packages/airflow/example_dags/tutorial.py
[2022-06-12 22:38:02,800] {processor.py:642} INFO - Processing file /home/leizo/.local/lib/python3.8/site-packages/airflow/example_dags/tutorial.py for tasks to queue
[2022-06-12 22:38:02,801] {logging_mixin.py:109} INFO - [2022-06-12 22:38:02,801] {dagbag.py:500} INFO - Filling up the DagBag from /home/leizo/.local/lib/python3.8/site-packages/airflow/example_dags/tutorial.py
[2022-06-12 22:38:02,816] {processor.py:652} INFO - DAG(s) dict_keys(['tutorial']) retrieved from /home/leizo/.local/lib/python3.8/site-packages/airflow/example_dags/tutorial.py
[2022-06-12 22:38:02,826] {logging_mixin.py:109} INFO - [2022-06-12 22:38:02,826] {dag.py:2398} INFO - Sync 1 DAGs
[2022-06-12 22:38:02,835] {logging_mixin.py:109} INFO - [2022-06-12 22:38:02,835] {dag.py:2937} INFO - Setting next_dagrun for tutorial to 2022-06-11T20:38:02.835483+00:00
[2022-06-12 22:38:02,846] {processor.py:171} INFO - Processing /home/leizo/.local/lib/python3.8/site-packages/airflow/example_dags/tutorial.py took 0.049 seconds
[2022-06-12 22:38:48,126] {processor.py:163} INFO - Started process (PID=3170) to work on /home/leizo/.local/lib/python3.8/site-packages/airflow/example_dags/tutorial.py
[2022-06-12 22:38:48,129] {processor.py:642} INFO - Processing file /home/leizo/.local/lib/python3.8/site-packages/airflow/example_dags/tutorial.py for tasks to queue
[2022-06-12 22:38:48,130] {logging_mixin.py:109} INFO - [2022-06-12 22:38:48,130] {dagbag.py:500} INFO - Filling up the DagBag from /home/leizo/.local/lib/python3.8/site-packages/airflow/example_dags/tutorial.py
[2022-06-12 22:38:48,157] {processor.py:652} INFO - DAG(s) dict_keys(['tutorial']) retrieved from /home/leizo/.local/lib/python3.8/site-packages/airflow/example_dags/tutorial.py
[2022-06-12 22:38:48,173] {logging_mixin.py:109} INFO - [2022-06-12 22:38:48,173] {dag.py:2398} INFO - Sync 1 DAGs
[2022-06-12 22:38:48,183] {logging_mixin.py:109} INFO - [2022-06-12 22:38:48,183] {dag.py:2937} INFO - Setting next_dagrun for tutorial to 2022-06-11T20:38:48.183142+00:00
[2022-06-12 22:38:48,193] {processor.py:171} INFO - Processing /home/leizo/.local/lib/python3.8/site-packages/airflow/example_dags/tutorial.py took 0.072 seconds
[2022-06-12 22:39:29,769] {processor.py:163} INFO - Started process (PID=3243) to work on /home/leizo/.local/lib/python3.8/site-packages/airflow/example_dags/tutorial.py
[2022-06-12 22:39:29,772] {processor.py:642} INFO - Processing file /home/leizo/.local/lib/python3.8/site-packages/airflow/example_dags/tutorial.py for tasks to queue
[2022-06-12 22:39:29,774] {logging_mixin.py:109} INFO - [2022-06-12 22:39:29,773] {dagbag.py:500} INFO - Filling up the DagBag from /home/leizo/.local/lib/python3.8/site-packages/airflow/example_dags/tutorial.py
[2022-06-12 22:39:29,800] {processor.py:652} INFO - DAG(s) dict_keys(['tutorial']) retrieved from /home/leizo/.local/lib/python3.8/site-packages/airflow/example_dags/tutorial.py
[2022-06-12 22:39:29,824] {logging_mixin.py:109} INFO - [2022-06-12 22:39:29,824] {dag.py:2398} INFO - Sync 1 DAGs
[2022-06-12 22:39:29,838] {logging_mixin.py:109} INFO - [2022-06-12 22:39:29,838] {dag.py:2937} INFO - Setting next_dagrun for tutorial to 2022-06-11T20:39:29.838325+00:00
[2022-06-12 22:39:29,856] {processor.py:171} INFO - Processing /home/leizo/.local/lib/python3.8/site-packages/airflow/example_dags/tutorial.py took 0.092 seconds
[2022-06-12 22:40:12,743] {processor.py:163} INFO - Started process (PID=3286) to work on /home/leizo/.local/lib/python3.8/site-packages/airflow/example_dags/tutorial.py
[2022-06-12 22:40:12,747] {processor.py:642} INFO - Processing file /home/leizo/.local/lib/python3.8/site-packages/airflow/example_dags/tutorial.py for tasks to queue
[2022-06-12 22:40:12,748] {logging_mixin.py:109} INFO - [2022-06-12 22:40:12,748] {dagbag.py:500} INFO - Filling up the DagBag from /home/leizo/.local/lib/python3.8/site-packages/airflow/example_dags/tutorial.py
[2022-06-12 22:40:12,780] {processor.py:652} INFO - DAG(s) dict_keys(['tutorial']) retrieved from /home/leizo/.local/lib/python3.8/site-packages/airflow/example_dags/tutorial.py
[2022-06-12 22:40:12,797] {logging_mixin.py:109} INFO - [2022-06-12 22:40:12,797] {dag.py:2398} INFO - Sync 1 DAGs
[2022-06-12 22:40:12,807] {logging_mixin.py:109} INFO - [2022-06-12 22:40:12,807] {dag.py:2937} INFO - Setting next_dagrun for tutorial to 2022-06-11T20:40:12.807271+00:00
[2022-06-12 22:40:12,821] {processor.py:171} INFO - Processing /home/leizo/.local/lib/python3.8/site-packages/airflow/example_dags/tutorial.py took 0.083 seconds
