[2022-06-12 21:59:50,456] {processor.py:163} INFO - Started process (PID=154) to work on /home/leizo/.local/lib/python3.8/site-packages/airflow/example_dags/tutorial_taskflow_api_etl_virtualenv.py
[2022-06-12 21:59:50,459] {processor.py:642} INFO - Processing file /home/leizo/.local/lib/python3.8/site-packages/airflow/example_dags/tutorial_taskflow_api_etl_virtualenv.py for tasks to queue
[2022-06-12 21:59:50,460] {logging_mixin.py:109} INFO - [2022-06-12 21:59:50,460] {dagbag.py:500} INFO - Filling up the DagBag from /home/leizo/.local/lib/python3.8/site-packages/airflow/example_dags/tutorial_taskflow_api_etl_virtualenv.py
[2022-06-12 21:59:51,681] {logging_mixin.py:109} INFO - [2022-06-12 21:59:51,681] {tutorial_taskflow_api_etl_virtualenv.py:29} WARNING - The tutorial_taskflow_api_etl_virtualenv example DAG requires virtualenv, please install it.
[2022-06-12 21:59:51,682] {processor.py:654} WARNING - No viable dags retrieved from /home/leizo/.local/lib/python3.8/site-packages/airflow/example_dags/tutorial_taskflow_api_etl_virtualenv.py
[2022-06-12 21:59:51,718] {processor.py:171} INFO - Processing /home/leizo/.local/lib/python3.8/site-packages/airflow/example_dags/tutorial_taskflow_api_etl_virtualenv.py took 1.289 seconds
[2022-06-12 22:00:35,922] {processor.py:163} INFO - Started process (PID=188) to work on /home/leizo/.local/lib/python3.8/site-packages/airflow/example_dags/tutorial_taskflow_api_etl_virtualenv.py
[2022-06-12 22:00:35,927] {processor.py:642} INFO - Processing file /home/leizo/.local/lib/python3.8/site-packages/airflow/example_dags/tutorial_taskflow_api_etl_virtualenv.py for tasks to queue
[2022-06-12 22:00:35,929] {logging_mixin.py:109} INFO - [2022-06-12 22:00:35,928] {dagbag.py:500} INFO - Filling up the DagBag from /home/leizo/.local/lib/python3.8/site-packages/airflow/example_dags/tutorial_taskflow_api_etl_virtualenv.py
[2022-06-12 22:00:36,079] {logging_mixin.py:109} INFO - [2022-06-12 22:00:36,079] {tutorial_taskflow_api_etl_virtualenv.py:29} WARNING - The tutorial_taskflow_api_etl_virtualenv example DAG requires virtualenv, please install it.
[2022-06-12 22:00:36,079] {processor.py:654} WARNING - No viable dags retrieved from /home/leizo/.local/lib/python3.8/site-packages/airflow/example_dags/tutorial_taskflow_api_etl_virtualenv.py
[2022-06-12 22:00:36,095] {processor.py:171} INFO - Processing /home/leizo/.local/lib/python3.8/site-packages/airflow/example_dags/tutorial_taskflow_api_etl_virtualenv.py took 0.180 seconds
[2022-06-12 22:01:30,373] {processor.py:163} INFO - Started process (PID=225) to work on /home/leizo/.local/lib/python3.8/site-packages/airflow/example_dags/tutorial_taskflow_api_etl_virtualenv.py
[2022-06-12 22:01:30,375] {processor.py:642} INFO - Processing file /home/leizo/.local/lib/python3.8/site-packages/airflow/example_dags/tutorial_taskflow_api_etl_virtualenv.py for tasks to queue
[2022-06-12 22:01:30,376] {logging_mixin.py:109} INFO - [2022-06-12 22:01:30,376] {dagbag.py:500} INFO - Filling up the DagBag from /home/leizo/.local/lib/python3.8/site-packages/airflow/example_dags/tutorial_taskflow_api_etl_virtualenv.py
[2022-06-12 22:01:30,544] {logging_mixin.py:109} INFO - [2022-06-12 22:01:30,544] {tutorial_taskflow_api_etl_virtualenv.py:29} WARNING - The tutorial_taskflow_api_etl_virtualenv example DAG requires virtualenv, please install it.
[2022-06-12 22:01:30,544] {processor.py:654} WARNING - No viable dags retrieved from /home/leizo/.local/lib/python3.8/site-packages/airflow/example_dags/tutorial_taskflow_api_etl_virtualenv.py
[2022-06-12 22:01:30,563] {processor.py:171} INFO - Processing /home/leizo/.local/lib/python3.8/site-packages/airflow/example_dags/tutorial_taskflow_api_etl_virtualenv.py took 0.195 seconds
[2022-06-12 22:02:13,494] {processor.py:163} INFO - Started process (PID=259) to work on /home/leizo/.local/lib/python3.8/site-packages/airflow/example_dags/tutorial_taskflow_api_etl_virtualenv.py
[2022-06-12 22:02:13,496] {processor.py:642} INFO - Processing file /home/leizo/.local/lib/python3.8/site-packages/airflow/example_dags/tutorial_taskflow_api_etl_virtualenv.py for tasks to queue
[2022-06-12 22:02:13,497] {logging_mixin.py:109} INFO - [2022-06-12 22:02:13,496] {dagbag.py:500} INFO - Filling up the DagBag from /home/leizo/.local/lib/python3.8/site-packages/airflow/example_dags/tutorial_taskflow_api_etl_virtualenv.py
[2022-06-12 22:02:13,656] {logging_mixin.py:109} INFO - [2022-06-12 22:02:13,655] {tutorial_taskflow_api_etl_virtualenv.py:29} WARNING - The tutorial_taskflow_api_etl_virtualenv example DAG requires virtualenv, please install it.
[2022-06-12 22:02:13,656] {processor.py:654} WARNING - No viable dags retrieved from /home/leizo/.local/lib/python3.8/site-packages/airflow/example_dags/tutorial_taskflow_api_etl_virtualenv.py
[2022-06-12 22:02:13,666] {processor.py:171} INFO - Processing /home/leizo/.local/lib/python3.8/site-packages/airflow/example_dags/tutorial_taskflow_api_etl_virtualenv.py took 0.176 seconds
[2022-06-12 22:02:54,261] {processor.py:163} INFO - Started process (PID=293) to work on /home/leizo/.local/lib/python3.8/site-packages/airflow/example_dags/tutorial_taskflow_api_etl_virtualenv.py
[2022-06-12 22:02:54,263] {processor.py:642} INFO - Processing file /home/leizo/.local/lib/python3.8/site-packages/airflow/example_dags/tutorial_taskflow_api_etl_virtualenv.py for tasks to queue
[2022-06-12 22:02:54,264] {logging_mixin.py:109} INFO - [2022-06-12 22:02:54,264] {dagbag.py:500} INFO - Filling up the DagBag from /home/leizo/.local/lib/python3.8/site-packages/airflow/example_dags/tutorial_taskflow_api_etl_virtualenv.py
[2022-06-12 22:02:54,473] {logging_mixin.py:109} INFO - [2022-06-12 22:02:54,473] {tutorial_taskflow_api_etl_virtualenv.py:29} WARNING - The tutorial_taskflow_api_etl_virtualenv example DAG requires virtualenv, please install it.
[2022-06-12 22:02:54,473] {processor.py:654} WARNING - No viable dags retrieved from /home/leizo/.local/lib/python3.8/site-packages/airflow/example_dags/tutorial_taskflow_api_etl_virtualenv.py
[2022-06-12 22:02:54,491] {processor.py:171} INFO - Processing /home/leizo/.local/lib/python3.8/site-packages/airflow/example_dags/tutorial_taskflow_api_etl_virtualenv.py took 0.237 seconds
[2022-06-12 22:03:37,960] {processor.py:163} INFO - Started process (PID=329) to work on /home/leizo/.local/lib/python3.8/site-packages/airflow/example_dags/tutorial_taskflow_api_etl_virtualenv.py
[2022-06-12 22:03:37,964] {processor.py:642} INFO - Processing file /home/leizo/.local/lib/python3.8/site-packages/airflow/example_dags/tutorial_taskflow_api_etl_virtualenv.py for tasks to queue
[2022-06-12 22:03:37,965] {logging_mixin.py:109} INFO - [2022-06-12 22:03:37,965] {dagbag.py:500} INFO - Filling up the DagBag from /home/leizo/.local/lib/python3.8/site-packages/airflow/example_dags/tutorial_taskflow_api_etl_virtualenv.py
[2022-06-12 22:03:38,176] {logging_mixin.py:109} INFO - [2022-06-12 22:03:38,176] {tutorial_taskflow_api_etl_virtualenv.py:29} WARNING - The tutorial_taskflow_api_etl_virtualenv example DAG requires virtualenv, please install it.
[2022-06-12 22:03:38,177] {processor.py:654} WARNING - No viable dags retrieved from /home/leizo/.local/lib/python3.8/site-packages/airflow/example_dags/tutorial_taskflow_api_etl_virtualenv.py
[2022-06-12 22:03:38,207] {processor.py:171} INFO - Processing /home/leizo/.local/lib/python3.8/site-packages/airflow/example_dags/tutorial_taskflow_api_etl_virtualenv.py took 0.257 seconds
[2022-06-12 22:04:19,517] {processor.py:163} INFO - Started process (PID=359) to work on /home/leizo/.local/lib/python3.8/site-packages/airflow/example_dags/tutorial_taskflow_api_etl_virtualenv.py
[2022-06-12 22:04:19,521] {processor.py:642} INFO - Processing file /home/leizo/.local/lib/python3.8/site-packages/airflow/example_dags/tutorial_taskflow_api_etl_virtualenv.py for tasks to queue
[2022-06-12 22:04:19,522] {logging_mixin.py:109} INFO - [2022-06-12 22:04:19,522] {dagbag.py:500} INFO - Filling up the DagBag from /home/leizo/.local/lib/python3.8/site-packages/airflow/example_dags/tutorial_taskflow_api_etl_virtualenv.py
[2022-06-12 22:04:19,816] {logging_mixin.py:109} INFO - [2022-06-12 22:04:19,816] {tutorial_taskflow_api_etl_virtualenv.py:29} WARNING - The tutorial_taskflow_api_etl_virtualenv example DAG requires virtualenv, please install it.
[2022-06-12 22:04:19,817] {processor.py:654} WARNING - No viable dags retrieved from /home/leizo/.local/lib/python3.8/site-packages/airflow/example_dags/tutorial_taskflow_api_etl_virtualenv.py
[2022-06-12 22:04:19,843] {processor.py:171} INFO - Processing /home/leizo/.local/lib/python3.8/site-packages/airflow/example_dags/tutorial_taskflow_api_etl_virtualenv.py took 0.340 seconds
[2022-06-12 22:05:06,424] {processor.py:163} INFO - Started process (PID=390) to work on /home/leizo/.local/lib/python3.8/site-packages/airflow/example_dags/tutorial_taskflow_api_etl_virtualenv.py
[2022-06-12 22:05:06,427] {processor.py:642} INFO - Processing file /home/leizo/.local/lib/python3.8/site-packages/airflow/example_dags/tutorial_taskflow_api_etl_virtualenv.py for tasks to queue
[2022-06-12 22:05:06,429] {logging_mixin.py:109} INFO - [2022-06-12 22:05:06,429] {dagbag.py:500} INFO - Filling up the DagBag from /home/leizo/.local/lib/python3.8/site-packages/airflow/example_dags/tutorial_taskflow_api_etl_virtualenv.py
[2022-06-12 22:05:06,657] {logging_mixin.py:109} INFO - [2022-06-12 22:05:06,657] {tutorial_taskflow_api_etl_virtualenv.py:29} WARNING - The tutorial_taskflow_api_etl_virtualenv example DAG requires virtualenv, please install it.
[2022-06-12 22:05:06,658] {processor.py:654} WARNING - No viable dags retrieved from /home/leizo/.local/lib/python3.8/site-packages/airflow/example_dags/tutorial_taskflow_api_etl_virtualenv.py
[2022-06-12 22:05:06,682] {processor.py:171} INFO - Processing /home/leizo/.local/lib/python3.8/site-packages/airflow/example_dags/tutorial_taskflow_api_etl_virtualenv.py took 0.268 seconds
[2022-06-12 22:05:58,262] {processor.py:163} INFO - Started process (PID=465) to work on /home/leizo/.local/lib/python3.8/site-packages/airflow/example_dags/tutorial_taskflow_api_etl_virtualenv.py
[2022-06-12 22:05:58,266] {processor.py:642} INFO - Processing file /home/leizo/.local/lib/python3.8/site-packages/airflow/example_dags/tutorial_taskflow_api_etl_virtualenv.py for tasks to queue
[2022-06-12 22:05:58,267] {logging_mixin.py:109} INFO - [2022-06-12 22:05:58,267] {dagbag.py:500} INFO - Filling up the DagBag from /home/leizo/.local/lib/python3.8/site-packages/airflow/example_dags/tutorial_taskflow_api_etl_virtualenv.py
[2022-06-12 22:05:58,410] {logging_mixin.py:109} INFO - [2022-06-12 22:05:58,410] {tutorial_taskflow_api_etl_virtualenv.py:29} WARNING - The tutorial_taskflow_api_etl_virtualenv example DAG requires virtualenv, please install it.
[2022-06-12 22:05:58,410] {processor.py:654} WARNING - No viable dags retrieved from /home/leizo/.local/lib/python3.8/site-packages/airflow/example_dags/tutorial_taskflow_api_etl_virtualenv.py
[2022-06-12 22:05:58,432] {processor.py:171} INFO - Processing /home/leizo/.local/lib/python3.8/site-packages/airflow/example_dags/tutorial_taskflow_api_etl_virtualenv.py took 0.176 seconds
[2022-06-12 22:06:49,905] {processor.py:163} INFO - Started process (PID=630) to work on /home/leizo/.local/lib/python3.8/site-packages/airflow/example_dags/tutorial_taskflow_api_etl_virtualenv.py
[2022-06-12 22:06:49,908] {processor.py:642} INFO - Processing file /home/leizo/.local/lib/python3.8/site-packages/airflow/example_dags/tutorial_taskflow_api_etl_virtualenv.py for tasks to queue
[2022-06-12 22:06:49,910] {logging_mixin.py:109} INFO - [2022-06-12 22:06:49,909] {dagbag.py:500} INFO - Filling up the DagBag from /home/leizo/.local/lib/python3.8/site-packages/airflow/example_dags/tutorial_taskflow_api_etl_virtualenv.py
[2022-06-12 22:06:50,071] {logging_mixin.py:109} INFO - [2022-06-12 22:06:50,071] {tutorial_taskflow_api_etl_virtualenv.py:29} WARNING - The tutorial_taskflow_api_etl_virtualenv example DAG requires virtualenv, please install it.
[2022-06-12 22:06:50,071] {processor.py:654} WARNING - No viable dags retrieved from /home/leizo/.local/lib/python3.8/site-packages/airflow/example_dags/tutorial_taskflow_api_etl_virtualenv.py
[2022-06-12 22:06:50,092] {processor.py:171} INFO - Processing /home/leizo/.local/lib/python3.8/site-packages/airflow/example_dags/tutorial_taskflow_api_etl_virtualenv.py took 0.193 seconds
[2022-06-12 22:07:29,162] {processor.py:163} INFO - Started process (PID=665) to work on /home/leizo/.local/lib/python3.8/site-packages/airflow/example_dags/tutorial_taskflow_api_etl_virtualenv.py
[2022-06-12 22:07:29,163] {processor.py:642} INFO - Processing file /home/leizo/.local/lib/python3.8/site-packages/airflow/example_dags/tutorial_taskflow_api_etl_virtualenv.py for tasks to queue
[2022-06-12 22:07:29,164] {logging_mixin.py:109} INFO - [2022-06-12 22:07:29,164] {dagbag.py:500} INFO - Filling up the DagBag from /home/leizo/.local/lib/python3.8/site-packages/airflow/example_dags/tutorial_taskflow_api_etl_virtualenv.py
[2022-06-12 22:07:29,260] {logging_mixin.py:109} INFO - [2022-06-12 22:07:29,260] {tutorial_taskflow_api_etl_virtualenv.py:29} WARNING - The tutorial_taskflow_api_etl_virtualenv example DAG requires virtualenv, please install it.
[2022-06-12 22:07:29,260] {processor.py:654} WARNING - No viable dags retrieved from /home/leizo/.local/lib/python3.8/site-packages/airflow/example_dags/tutorial_taskflow_api_etl_virtualenv.py
[2022-06-12 22:07:29,275] {processor.py:171} INFO - Processing /home/leizo/.local/lib/python3.8/site-packages/airflow/example_dags/tutorial_taskflow_api_etl_virtualenv.py took 0.116 seconds
[2022-06-12 22:08:04,551] {processor.py:163} INFO - Started process (PID=699) to work on /home/leizo/.local/lib/python3.8/site-packages/airflow/example_dags/tutorial_taskflow_api_etl_virtualenv.py
[2022-06-12 22:08:04,552] {processor.py:642} INFO - Processing file /home/leizo/.local/lib/python3.8/site-packages/airflow/example_dags/tutorial_taskflow_api_etl_virtualenv.py for tasks to queue
[2022-06-12 22:08:04,553] {logging_mixin.py:109} INFO - [2022-06-12 22:08:04,553] {dagbag.py:500} INFO - Filling up the DagBag from /home/leizo/.local/lib/python3.8/site-packages/airflow/example_dags/tutorial_taskflow_api_etl_virtualenv.py
[2022-06-12 22:08:04,659] {logging_mixin.py:109} INFO - [2022-06-12 22:08:04,659] {tutorial_taskflow_api_etl_virtualenv.py:29} WARNING - The tutorial_taskflow_api_etl_virtualenv example DAG requires virtualenv, please install it.
[2022-06-12 22:08:04,660] {processor.py:654} WARNING - No viable dags retrieved from /home/leizo/.local/lib/python3.8/site-packages/airflow/example_dags/tutorial_taskflow_api_etl_virtualenv.py
[2022-06-12 22:08:04,673] {processor.py:171} INFO - Processing /home/leizo/.local/lib/python3.8/site-packages/airflow/example_dags/tutorial_taskflow_api_etl_virtualenv.py took 0.125 seconds
[2022-06-12 22:08:38,025] {processor.py:163} INFO - Started process (PID=731) to work on /home/leizo/.local/lib/python3.8/site-packages/airflow/example_dags/tutorial_taskflow_api_etl_virtualenv.py
[2022-06-12 22:08:38,027] {processor.py:642} INFO - Processing file /home/leizo/.local/lib/python3.8/site-packages/airflow/example_dags/tutorial_taskflow_api_etl_virtualenv.py for tasks to queue
[2022-06-12 22:08:38,027] {logging_mixin.py:109} INFO - [2022-06-12 22:08:38,027] {dagbag.py:500} INFO - Filling up the DagBag from /home/leizo/.local/lib/python3.8/site-packages/airflow/example_dags/tutorial_taskflow_api_etl_virtualenv.py
[2022-06-12 22:08:38,131] {logging_mixin.py:109} INFO - [2022-06-12 22:08:38,131] {tutorial_taskflow_api_etl_virtualenv.py:29} WARNING - The tutorial_taskflow_api_etl_virtualenv example DAG requires virtualenv, please install it.
[2022-06-12 22:08:38,131] {processor.py:654} WARNING - No viable dags retrieved from /home/leizo/.local/lib/python3.8/site-packages/airflow/example_dags/tutorial_taskflow_api_etl_virtualenv.py
[2022-06-12 22:08:38,144] {processor.py:171} INFO - Processing /home/leizo/.local/lib/python3.8/site-packages/airflow/example_dags/tutorial_taskflow_api_etl_virtualenv.py took 0.122 seconds
[2022-06-12 22:09:12,192] {processor.py:163} INFO - Started process (PID=763) to work on /home/leizo/.local/lib/python3.8/site-packages/airflow/example_dags/tutorial_taskflow_api_etl_virtualenv.py
[2022-06-12 22:09:12,194] {processor.py:642} INFO - Processing file /home/leizo/.local/lib/python3.8/site-packages/airflow/example_dags/tutorial_taskflow_api_etl_virtualenv.py for tasks to queue
[2022-06-12 22:09:12,194] {logging_mixin.py:109} INFO - [2022-06-12 22:09:12,194] {dagbag.py:500} INFO - Filling up the DagBag from /home/leizo/.local/lib/python3.8/site-packages/airflow/example_dags/tutorial_taskflow_api_etl_virtualenv.py
[2022-06-12 22:09:12,293] {logging_mixin.py:109} INFO - [2022-06-12 22:09:12,293] {tutorial_taskflow_api_etl_virtualenv.py:29} WARNING - The tutorial_taskflow_api_etl_virtualenv example DAG requires virtualenv, please install it.
[2022-06-12 22:09:12,294] {processor.py:654} WARNING - No viable dags retrieved from /home/leizo/.local/lib/python3.8/site-packages/airflow/example_dags/tutorial_taskflow_api_etl_virtualenv.py
[2022-06-12 22:09:12,304] {processor.py:171} INFO - Processing /home/leizo/.local/lib/python3.8/site-packages/airflow/example_dags/tutorial_taskflow_api_etl_virtualenv.py took 0.116 seconds
[2022-06-12 22:09:52,143] {processor.py:163} INFO - Started process (PID=798) to work on /home/leizo/.local/lib/python3.8/site-packages/airflow/example_dags/tutorial_taskflow_api_etl_virtualenv.py
[2022-06-12 22:09:52,145] {processor.py:642} INFO - Processing file /home/leizo/.local/lib/python3.8/site-packages/airflow/example_dags/tutorial_taskflow_api_etl_virtualenv.py for tasks to queue
[2022-06-12 22:09:52,146] {logging_mixin.py:109} INFO - [2022-06-12 22:09:52,146] {dagbag.py:500} INFO - Filling up the DagBag from /home/leizo/.local/lib/python3.8/site-packages/airflow/example_dags/tutorial_taskflow_api_etl_virtualenv.py
[2022-06-12 22:09:52,234] {logging_mixin.py:109} INFO - [2022-06-12 22:09:52,234] {tutorial_taskflow_api_etl_virtualenv.py:29} WARNING - The tutorial_taskflow_api_etl_virtualenv example DAG requires virtualenv, please install it.
[2022-06-12 22:09:52,234] {processor.py:654} WARNING - No viable dags retrieved from /home/leizo/.local/lib/python3.8/site-packages/airflow/example_dags/tutorial_taskflow_api_etl_virtualenv.py
[2022-06-12 22:09:52,243] {processor.py:171} INFO - Processing /home/leizo/.local/lib/python3.8/site-packages/airflow/example_dags/tutorial_taskflow_api_etl_virtualenv.py took 0.103 seconds
[2022-06-12 22:10:29,801] {processor.py:163} INFO - Started process (PID=831) to work on /home/leizo/.local/lib/python3.8/site-packages/airflow/example_dags/tutorial_taskflow_api_etl_virtualenv.py
[2022-06-12 22:10:29,804] {processor.py:642} INFO - Processing file /home/leizo/.local/lib/python3.8/site-packages/airflow/example_dags/tutorial_taskflow_api_etl_virtualenv.py for tasks to queue
[2022-06-12 22:10:29,805] {logging_mixin.py:109} INFO - [2022-06-12 22:10:29,805] {dagbag.py:500} INFO - Filling up the DagBag from /home/leizo/.local/lib/python3.8/site-packages/airflow/example_dags/tutorial_taskflow_api_etl_virtualenv.py
[2022-06-12 22:10:29,957] {logging_mixin.py:109} INFO - [2022-06-12 22:10:29,957] {tutorial_taskflow_api_etl_virtualenv.py:29} WARNING - The tutorial_taskflow_api_etl_virtualenv example DAG requires virtualenv, please install it.
[2022-06-12 22:10:29,958] {processor.py:654} WARNING - No viable dags retrieved from /home/leizo/.local/lib/python3.8/site-packages/airflow/example_dags/tutorial_taskflow_api_etl_virtualenv.py
[2022-06-12 22:10:29,978] {processor.py:171} INFO - Processing /home/leizo/.local/lib/python3.8/site-packages/airflow/example_dags/tutorial_taskflow_api_etl_virtualenv.py took 0.182 seconds
[2022-06-12 22:11:14,483] {processor.py:163} INFO - Started process (PID=863) to work on /home/leizo/.local/lib/python3.8/site-packages/airflow/example_dags/tutorial_taskflow_api_etl_virtualenv.py
[2022-06-12 22:11:14,488] {processor.py:642} INFO - Processing file /home/leizo/.local/lib/python3.8/site-packages/airflow/example_dags/tutorial_taskflow_api_etl_virtualenv.py for tasks to queue
[2022-06-12 22:11:14,490] {logging_mixin.py:109} INFO - [2022-06-12 22:11:14,490] {dagbag.py:500} INFO - Filling up the DagBag from /home/leizo/.local/lib/python3.8/site-packages/airflow/example_dags/tutorial_taskflow_api_etl_virtualenv.py
[2022-06-12 22:11:14,671] {logging_mixin.py:109} INFO - [2022-06-12 22:11:14,671] {tutorial_taskflow_api_etl_virtualenv.py:29} WARNING - The tutorial_taskflow_api_etl_virtualenv example DAG requires virtualenv, please install it.
[2022-06-12 22:11:14,671] {processor.py:654} WARNING - No viable dags retrieved from /home/leizo/.local/lib/python3.8/site-packages/airflow/example_dags/tutorial_taskflow_api_etl_virtualenv.py
[2022-06-12 22:11:14,695] {processor.py:171} INFO - Processing /home/leizo/.local/lib/python3.8/site-packages/airflow/example_dags/tutorial_taskflow_api_etl_virtualenv.py took 0.226 seconds
[2022-06-12 22:11:59,552] {processor.py:163} INFO - Started process (PID=898) to work on /home/leizo/.local/lib/python3.8/site-packages/airflow/example_dags/tutorial_taskflow_api_etl_virtualenv.py
[2022-06-12 22:11:59,564] {processor.py:642} INFO - Processing file /home/leizo/.local/lib/python3.8/site-packages/airflow/example_dags/tutorial_taskflow_api_etl_virtualenv.py for tasks to queue
[2022-06-12 22:11:59,565] {logging_mixin.py:109} INFO - [2022-06-12 22:11:59,565] {dagbag.py:500} INFO - Filling up the DagBag from /home/leizo/.local/lib/python3.8/site-packages/airflow/example_dags/tutorial_taskflow_api_etl_virtualenv.py
[2022-06-12 22:11:59,745] {logging_mixin.py:109} INFO - [2022-06-12 22:11:59,745] {tutorial_taskflow_api_etl_virtualenv.py:29} WARNING - The tutorial_taskflow_api_etl_virtualenv example DAG requires virtualenv, please install it.
[2022-06-12 22:11:59,745] {processor.py:654} WARNING - No viable dags retrieved from /home/leizo/.local/lib/python3.8/site-packages/airflow/example_dags/tutorial_taskflow_api_etl_virtualenv.py
[2022-06-12 22:11:59,763] {processor.py:171} INFO - Processing /home/leizo/.local/lib/python3.8/site-packages/airflow/example_dags/tutorial_taskflow_api_etl_virtualenv.py took 0.216 seconds
[2022-06-12 22:12:38,522] {processor.py:163} INFO - Started process (PID=930) to work on /home/leizo/.local/lib/python3.8/site-packages/airflow/example_dags/tutorial_taskflow_api_etl_virtualenv.py
[2022-06-12 22:12:38,524] {processor.py:642} INFO - Processing file /home/leizo/.local/lib/python3.8/site-packages/airflow/example_dags/tutorial_taskflow_api_etl_virtualenv.py for tasks to queue
[2022-06-12 22:12:38,525] {logging_mixin.py:109} INFO - [2022-06-12 22:12:38,525] {dagbag.py:500} INFO - Filling up the DagBag from /home/leizo/.local/lib/python3.8/site-packages/airflow/example_dags/tutorial_taskflow_api_etl_virtualenv.py
[2022-06-12 22:12:38,637] {logging_mixin.py:109} INFO - [2022-06-12 22:12:38,637] {tutorial_taskflow_api_etl_virtualenv.py:29} WARNING - The tutorial_taskflow_api_etl_virtualenv example DAG requires virtualenv, please install it.
[2022-06-12 22:12:38,637] {processor.py:654} WARNING - No viable dags retrieved from /home/leizo/.local/lib/python3.8/site-packages/airflow/example_dags/tutorial_taskflow_api_etl_virtualenv.py
[2022-06-12 22:12:38,653] {processor.py:171} INFO - Processing /home/leizo/.local/lib/python3.8/site-packages/airflow/example_dags/tutorial_taskflow_api_etl_virtualenv.py took 0.134 seconds
[2022-06-12 22:13:15,807] {processor.py:163} INFO - Started process (PID=963) to work on /home/leizo/.local/lib/python3.8/site-packages/airflow/example_dags/tutorial_taskflow_api_etl_virtualenv.py
[2022-06-12 22:13:15,808] {processor.py:642} INFO - Processing file /home/leizo/.local/lib/python3.8/site-packages/airflow/example_dags/tutorial_taskflow_api_etl_virtualenv.py for tasks to queue
[2022-06-12 22:13:15,809] {logging_mixin.py:109} INFO - [2022-06-12 22:13:15,809] {dagbag.py:500} INFO - Filling up the DagBag from /home/leizo/.local/lib/python3.8/site-packages/airflow/example_dags/tutorial_taskflow_api_etl_virtualenv.py
[2022-06-12 22:13:15,922] {logging_mixin.py:109} INFO - [2022-06-12 22:13:15,921] {tutorial_taskflow_api_etl_virtualenv.py:29} WARNING - The tutorial_taskflow_api_etl_virtualenv example DAG requires virtualenv, please install it.
[2022-06-12 22:13:15,922] {processor.py:654} WARNING - No viable dags retrieved from /home/leizo/.local/lib/python3.8/site-packages/airflow/example_dags/tutorial_taskflow_api_etl_virtualenv.py
[2022-06-12 22:13:15,934] {processor.py:171} INFO - Processing /home/leizo/.local/lib/python3.8/site-packages/airflow/example_dags/tutorial_taskflow_api_etl_virtualenv.py took 0.130 seconds
[2022-06-12 22:13:54,210] {processor.py:163} INFO - Started process (PID=998) to work on /home/leizo/.local/lib/python3.8/site-packages/airflow/example_dags/tutorial_taskflow_api_etl_virtualenv.py
[2022-06-12 22:13:54,211] {processor.py:642} INFO - Processing file /home/leizo/.local/lib/python3.8/site-packages/airflow/example_dags/tutorial_taskflow_api_etl_virtualenv.py for tasks to queue
[2022-06-12 22:13:54,212] {logging_mixin.py:109} INFO - [2022-06-12 22:13:54,212] {dagbag.py:500} INFO - Filling up the DagBag from /home/leizo/.local/lib/python3.8/site-packages/airflow/example_dags/tutorial_taskflow_api_etl_virtualenv.py
[2022-06-12 22:13:54,301] {logging_mixin.py:109} INFO - [2022-06-12 22:13:54,301] {tutorial_taskflow_api_etl_virtualenv.py:29} WARNING - The tutorial_taskflow_api_etl_virtualenv example DAG requires virtualenv, please install it.
[2022-06-12 22:13:54,302] {processor.py:654} WARNING - No viable dags retrieved from /home/leizo/.local/lib/python3.8/site-packages/airflow/example_dags/tutorial_taskflow_api_etl_virtualenv.py
[2022-06-12 22:13:54,311] {processor.py:171} INFO - Processing /home/leizo/.local/lib/python3.8/site-packages/airflow/example_dags/tutorial_taskflow_api_etl_virtualenv.py took 0.103 seconds
[2022-06-12 22:14:31,177] {processor.py:163} INFO - Started process (PID=1032) to work on /home/leizo/.local/lib/python3.8/site-packages/airflow/example_dags/tutorial_taskflow_api_etl_virtualenv.py
[2022-06-12 22:14:31,179] {processor.py:642} INFO - Processing file /home/leizo/.local/lib/python3.8/site-packages/airflow/example_dags/tutorial_taskflow_api_etl_virtualenv.py for tasks to queue
[2022-06-12 22:14:31,179] {logging_mixin.py:109} INFO - [2022-06-12 22:14:31,179] {dagbag.py:500} INFO - Filling up the DagBag from /home/leizo/.local/lib/python3.8/site-packages/airflow/example_dags/tutorial_taskflow_api_etl_virtualenv.py
[2022-06-12 22:14:31,283] {logging_mixin.py:109} INFO - [2022-06-12 22:14:31,283] {tutorial_taskflow_api_etl_virtualenv.py:29} WARNING - The tutorial_taskflow_api_etl_virtualenv example DAG requires virtualenv, please install it.
[2022-06-12 22:14:31,283] {processor.py:654} WARNING - No viable dags retrieved from /home/leizo/.local/lib/python3.8/site-packages/airflow/example_dags/tutorial_taskflow_api_etl_virtualenv.py
[2022-06-12 22:14:31,291] {processor.py:171} INFO - Processing /home/leizo/.local/lib/python3.8/site-packages/airflow/example_dags/tutorial_taskflow_api_etl_virtualenv.py took 0.116 seconds
[2022-06-12 22:15:02,233] {processor.py:163} INFO - Started process (PID=1063) to work on /home/leizo/.local/lib/python3.8/site-packages/airflow/example_dags/tutorial_taskflow_api_etl_virtualenv.py
[2022-06-12 22:15:02,234] {processor.py:642} INFO - Processing file /home/leizo/.local/lib/python3.8/site-packages/airflow/example_dags/tutorial_taskflow_api_etl_virtualenv.py for tasks to queue
[2022-06-12 22:15:02,234] {logging_mixin.py:109} INFO - [2022-06-12 22:15:02,234] {dagbag.py:500} INFO - Filling up the DagBag from /home/leizo/.local/lib/python3.8/site-packages/airflow/example_dags/tutorial_taskflow_api_etl_virtualenv.py
[2022-06-12 22:15:02,327] {logging_mixin.py:109} INFO - [2022-06-12 22:15:02,327] {tutorial_taskflow_api_etl_virtualenv.py:29} WARNING - The tutorial_taskflow_api_etl_virtualenv example DAG requires virtualenv, please install it.
[2022-06-12 22:15:02,327] {processor.py:654} WARNING - No viable dags retrieved from /home/leizo/.local/lib/python3.8/site-packages/airflow/example_dags/tutorial_taskflow_api_etl_virtualenv.py
[2022-06-12 22:15:02,333] {processor.py:171} INFO - Processing /home/leizo/.local/lib/python3.8/site-packages/airflow/example_dags/tutorial_taskflow_api_etl_virtualenv.py took 0.102 seconds
[2022-06-12 22:15:37,102] {processor.py:163} INFO - Started process (PID=1096) to work on /home/leizo/.local/lib/python3.8/site-packages/airflow/example_dags/tutorial_taskflow_api_etl_virtualenv.py
[2022-06-12 22:15:37,104] {processor.py:642} INFO - Processing file /home/leizo/.local/lib/python3.8/site-packages/airflow/example_dags/tutorial_taskflow_api_etl_virtualenv.py for tasks to queue
[2022-06-12 22:15:37,104] {logging_mixin.py:109} INFO - [2022-06-12 22:15:37,104] {dagbag.py:500} INFO - Filling up the DagBag from /home/leizo/.local/lib/python3.8/site-packages/airflow/example_dags/tutorial_taskflow_api_etl_virtualenv.py
[2022-06-12 22:15:37,203] {logging_mixin.py:109} INFO - [2022-06-12 22:15:37,202] {tutorial_taskflow_api_etl_virtualenv.py:29} WARNING - The tutorial_taskflow_api_etl_virtualenv example DAG requires virtualenv, please install it.
[2022-06-12 22:15:37,203] {processor.py:654} WARNING - No viable dags retrieved from /home/leizo/.local/lib/python3.8/site-packages/airflow/example_dags/tutorial_taskflow_api_etl_virtualenv.py
[2022-06-12 22:15:37,211] {processor.py:171} INFO - Processing /home/leizo/.local/lib/python3.8/site-packages/airflow/example_dags/tutorial_taskflow_api_etl_virtualenv.py took 0.110 seconds
[2022-06-12 22:16:12,244] {processor.py:163} INFO - Started process (PID=1130) to work on /home/leizo/.local/lib/python3.8/site-packages/airflow/example_dags/tutorial_taskflow_api_etl_virtualenv.py
[2022-06-12 22:16:12,246] {processor.py:642} INFO - Processing file /home/leizo/.local/lib/python3.8/site-packages/airflow/example_dags/tutorial_taskflow_api_etl_virtualenv.py for tasks to queue
[2022-06-12 22:16:12,246] {logging_mixin.py:109} INFO - [2022-06-12 22:16:12,246] {dagbag.py:500} INFO - Filling up the DagBag from /home/leizo/.local/lib/python3.8/site-packages/airflow/example_dags/tutorial_taskflow_api_etl_virtualenv.py
[2022-06-12 22:16:12,350] {logging_mixin.py:109} INFO - [2022-06-12 22:16:12,349] {tutorial_taskflow_api_etl_virtualenv.py:29} WARNING - The tutorial_taskflow_api_etl_virtualenv example DAG requires virtualenv, please install it.
[2022-06-12 22:16:12,350] {processor.py:654} WARNING - No viable dags retrieved from /home/leizo/.local/lib/python3.8/site-packages/airflow/example_dags/tutorial_taskflow_api_etl_virtualenv.py
[2022-06-12 22:16:12,357] {processor.py:171} INFO - Processing /home/leizo/.local/lib/python3.8/site-packages/airflow/example_dags/tutorial_taskflow_api_etl_virtualenv.py took 0.115 seconds
[2022-06-12 22:16:46,081] {processor.py:163} INFO - Started process (PID=1162) to work on /home/leizo/.local/lib/python3.8/site-packages/airflow/example_dags/tutorial_taskflow_api_etl_virtualenv.py
[2022-06-12 22:16:46,082] {processor.py:642} INFO - Processing file /home/leizo/.local/lib/python3.8/site-packages/airflow/example_dags/tutorial_taskflow_api_etl_virtualenv.py for tasks to queue
[2022-06-12 22:16:46,083] {logging_mixin.py:109} INFO - [2022-06-12 22:16:46,083] {dagbag.py:500} INFO - Filling up the DagBag from /home/leizo/.local/lib/python3.8/site-packages/airflow/example_dags/tutorial_taskflow_api_etl_virtualenv.py
[2022-06-12 22:16:46,202] {logging_mixin.py:109} INFO - [2022-06-12 22:16:46,202] {tutorial_taskflow_api_etl_virtualenv.py:29} WARNING - The tutorial_taskflow_api_etl_virtualenv example DAG requires virtualenv, please install it.
[2022-06-12 22:16:46,202] {processor.py:654} WARNING - No viable dags retrieved from /home/leizo/.local/lib/python3.8/site-packages/airflow/example_dags/tutorial_taskflow_api_etl_virtualenv.py
[2022-06-12 22:16:46,207] {processor.py:171} INFO - Processing /home/leizo/.local/lib/python3.8/site-packages/airflow/example_dags/tutorial_taskflow_api_etl_virtualenv.py took 0.128 seconds
[2022-06-12 22:17:20,704] {processor.py:163} INFO - Started process (PID=1196) to work on /home/leizo/.local/lib/python3.8/site-packages/airflow/example_dags/tutorial_taskflow_api_etl_virtualenv.py
[2022-06-12 22:17:20,705] {processor.py:642} INFO - Processing file /home/leizo/.local/lib/python3.8/site-packages/airflow/example_dags/tutorial_taskflow_api_etl_virtualenv.py for tasks to queue
[2022-06-12 22:17:20,706] {logging_mixin.py:109} INFO - [2022-06-12 22:17:20,706] {dagbag.py:500} INFO - Filling up the DagBag from /home/leizo/.local/lib/python3.8/site-packages/airflow/example_dags/tutorial_taskflow_api_etl_virtualenv.py
[2022-06-12 22:17:20,798] {logging_mixin.py:109} INFO - [2022-06-12 22:17:20,798] {tutorial_taskflow_api_etl_virtualenv.py:29} WARNING - The tutorial_taskflow_api_etl_virtualenv example DAG requires virtualenv, please install it.
[2022-06-12 22:17:20,798] {processor.py:654} WARNING - No viable dags retrieved from /home/leizo/.local/lib/python3.8/site-packages/airflow/example_dags/tutorial_taskflow_api_etl_virtualenv.py
[2022-06-12 22:17:20,804] {processor.py:171} INFO - Processing /home/leizo/.local/lib/python3.8/site-packages/airflow/example_dags/tutorial_taskflow_api_etl_virtualenv.py took 0.103 seconds
[2022-06-12 22:17:53,453] {processor.py:163} INFO - Started process (PID=1228) to work on /home/leizo/.local/lib/python3.8/site-packages/airflow/example_dags/tutorial_taskflow_api_etl_virtualenv.py
[2022-06-12 22:17:53,454] {processor.py:642} INFO - Processing file /home/leizo/.local/lib/python3.8/site-packages/airflow/example_dags/tutorial_taskflow_api_etl_virtualenv.py for tasks to queue
[2022-06-12 22:17:53,455] {logging_mixin.py:109} INFO - [2022-06-12 22:17:53,455] {dagbag.py:500} INFO - Filling up the DagBag from /home/leizo/.local/lib/python3.8/site-packages/airflow/example_dags/tutorial_taskflow_api_etl_virtualenv.py
[2022-06-12 22:17:53,578] {logging_mixin.py:109} INFO - [2022-06-12 22:17:53,578] {tutorial_taskflow_api_etl_virtualenv.py:29} WARNING - The tutorial_taskflow_api_etl_virtualenv example DAG requires virtualenv, please install it.
[2022-06-12 22:17:53,578] {processor.py:654} WARNING - No viable dags retrieved from /home/leizo/.local/lib/python3.8/site-packages/airflow/example_dags/tutorial_taskflow_api_etl_virtualenv.py
[2022-06-12 22:17:53,583] {processor.py:171} INFO - Processing /home/leizo/.local/lib/python3.8/site-packages/airflow/example_dags/tutorial_taskflow_api_etl_virtualenv.py took 0.133 seconds
[2022-06-12 22:18:25,626] {processor.py:163} INFO - Started process (PID=1259) to work on /home/leizo/.local/lib/python3.8/site-packages/airflow/example_dags/tutorial_taskflow_api_etl_virtualenv.py
[2022-06-12 22:18:25,628] {processor.py:642} INFO - Processing file /home/leizo/.local/lib/python3.8/site-packages/airflow/example_dags/tutorial_taskflow_api_etl_virtualenv.py for tasks to queue
[2022-06-12 22:18:25,628] {logging_mixin.py:109} INFO - [2022-06-12 22:18:25,628] {dagbag.py:500} INFO - Filling up the DagBag from /home/leizo/.local/lib/python3.8/site-packages/airflow/example_dags/tutorial_taskflow_api_etl_virtualenv.py
[2022-06-12 22:18:25,736] {logging_mixin.py:109} INFO - [2022-06-12 22:18:25,736] {tutorial_taskflow_api_etl_virtualenv.py:29} WARNING - The tutorial_taskflow_api_etl_virtualenv example DAG requires virtualenv, please install it.
[2022-06-12 22:18:25,736] {processor.py:654} WARNING - No viable dags retrieved from /home/leizo/.local/lib/python3.8/site-packages/airflow/example_dags/tutorial_taskflow_api_etl_virtualenv.py
[2022-06-12 22:18:25,743] {processor.py:171} INFO - Processing /home/leizo/.local/lib/python3.8/site-packages/airflow/example_dags/tutorial_taskflow_api_etl_virtualenv.py took 0.121 seconds
[2022-06-12 22:18:59,509] {processor.py:163} INFO - Started process (PID=1293) to work on /home/leizo/.local/lib/python3.8/site-packages/airflow/example_dags/tutorial_taskflow_api_etl_virtualenv.py
[2022-06-12 22:18:59,510] {processor.py:642} INFO - Processing file /home/leizo/.local/lib/python3.8/site-packages/airflow/example_dags/tutorial_taskflow_api_etl_virtualenv.py for tasks to queue
[2022-06-12 22:18:59,510] {logging_mixin.py:109} INFO - [2022-06-12 22:18:59,510] {dagbag.py:500} INFO - Filling up the DagBag from /home/leizo/.local/lib/python3.8/site-packages/airflow/example_dags/tutorial_taskflow_api_etl_virtualenv.py
[2022-06-12 22:18:59,597] {logging_mixin.py:109} INFO - [2022-06-12 22:18:59,597] {tutorial_taskflow_api_etl_virtualenv.py:29} WARNING - The tutorial_taskflow_api_etl_virtualenv example DAG requires virtualenv, please install it.
[2022-06-12 22:18:59,598] {processor.py:654} WARNING - No viable dags retrieved from /home/leizo/.local/lib/python3.8/site-packages/airflow/example_dags/tutorial_taskflow_api_etl_virtualenv.py
[2022-06-12 22:18:59,604] {processor.py:171} INFO - Processing /home/leizo/.local/lib/python3.8/site-packages/airflow/example_dags/tutorial_taskflow_api_etl_virtualenv.py took 0.098 seconds
[2022-06-12 22:19:34,819] {processor.py:163} INFO - Started process (PID=1328) to work on /home/leizo/.local/lib/python3.8/site-packages/airflow/example_dags/tutorial_taskflow_api_etl_virtualenv.py
[2022-06-12 22:19:34,821] {processor.py:642} INFO - Processing file /home/leizo/.local/lib/python3.8/site-packages/airflow/example_dags/tutorial_taskflow_api_etl_virtualenv.py for tasks to queue
[2022-06-12 22:19:34,822] {logging_mixin.py:109} INFO - [2022-06-12 22:19:34,821] {dagbag.py:500} INFO - Filling up the DagBag from /home/leizo/.local/lib/python3.8/site-packages/airflow/example_dags/tutorial_taskflow_api_etl_virtualenv.py
[2022-06-12 22:19:34,919] {logging_mixin.py:109} INFO - [2022-06-12 22:19:34,919] {tutorial_taskflow_api_etl_virtualenv.py:29} WARNING - The tutorial_taskflow_api_etl_virtualenv example DAG requires virtualenv, please install it.
[2022-06-12 22:19:34,919] {processor.py:654} WARNING - No viable dags retrieved from /home/leizo/.local/lib/python3.8/site-packages/airflow/example_dags/tutorial_taskflow_api_etl_virtualenv.py
[2022-06-12 22:19:34,925] {processor.py:171} INFO - Processing /home/leizo/.local/lib/python3.8/site-packages/airflow/example_dags/tutorial_taskflow_api_etl_virtualenv.py took 0.107 seconds
[2022-06-12 22:20:08,808] {processor.py:163} INFO - Started process (PID=1362) to work on /home/leizo/.local/lib/python3.8/site-packages/airflow/example_dags/tutorial_taskflow_api_etl_virtualenv.py
[2022-06-12 22:20:08,809] {processor.py:642} INFO - Processing file /home/leizo/.local/lib/python3.8/site-packages/airflow/example_dags/tutorial_taskflow_api_etl_virtualenv.py for tasks to queue
[2022-06-12 22:20:08,810] {logging_mixin.py:109} INFO - [2022-06-12 22:20:08,810] {dagbag.py:500} INFO - Filling up the DagBag from /home/leizo/.local/lib/python3.8/site-packages/airflow/example_dags/tutorial_taskflow_api_etl_virtualenv.py
[2022-06-12 22:20:08,913] {logging_mixin.py:109} INFO - [2022-06-12 22:20:08,913] {tutorial_taskflow_api_etl_virtualenv.py:29} WARNING - The tutorial_taskflow_api_etl_virtualenv example DAG requires virtualenv, please install it.
[2022-06-12 22:20:08,913] {processor.py:654} WARNING - No viable dags retrieved from /home/leizo/.local/lib/python3.8/site-packages/airflow/example_dags/tutorial_taskflow_api_etl_virtualenv.py
[2022-06-12 22:20:08,918] {processor.py:171} INFO - Processing /home/leizo/.local/lib/python3.8/site-packages/airflow/example_dags/tutorial_taskflow_api_etl_virtualenv.py took 0.113 seconds
[2022-06-12 22:20:46,612] {processor.py:163} INFO - Started process (PID=1398) to work on /home/leizo/.local/lib/python3.8/site-packages/airflow/example_dags/tutorial_taskflow_api_etl_virtualenv.py
[2022-06-12 22:20:46,614] {processor.py:642} INFO - Processing file /home/leizo/.local/lib/python3.8/site-packages/airflow/example_dags/tutorial_taskflow_api_etl_virtualenv.py for tasks to queue
[2022-06-12 22:20:46,614] {logging_mixin.py:109} INFO - [2022-06-12 22:20:46,614] {dagbag.py:500} INFO - Filling up the DagBag from /home/leizo/.local/lib/python3.8/site-packages/airflow/example_dags/tutorial_taskflow_api_etl_virtualenv.py
[2022-06-12 22:20:46,700] {logging_mixin.py:109} INFO - [2022-06-12 22:20:46,700] {tutorial_taskflow_api_etl_virtualenv.py:29} WARNING - The tutorial_taskflow_api_etl_virtualenv example DAG requires virtualenv, please install it.
[2022-06-12 22:20:46,700] {processor.py:654} WARNING - No viable dags retrieved from /home/leizo/.local/lib/python3.8/site-packages/airflow/example_dags/tutorial_taskflow_api_etl_virtualenv.py
[2022-06-12 22:20:46,706] {processor.py:171} INFO - Processing /home/leizo/.local/lib/python3.8/site-packages/airflow/example_dags/tutorial_taskflow_api_etl_virtualenv.py took 0.096 seconds
[2022-06-12 22:21:21,810] {processor.py:163} INFO - Started process (PID=1432) to work on /home/leizo/.local/lib/python3.8/site-packages/airflow/example_dags/tutorial_taskflow_api_etl_virtualenv.py
[2022-06-12 22:21:21,812] {processor.py:642} INFO - Processing file /home/leizo/.local/lib/python3.8/site-packages/airflow/example_dags/tutorial_taskflow_api_etl_virtualenv.py for tasks to queue
[2022-06-12 22:21:21,812] {logging_mixin.py:109} INFO - [2022-06-12 22:21:21,812] {dagbag.py:500} INFO - Filling up the DagBag from /home/leizo/.local/lib/python3.8/site-packages/airflow/example_dags/tutorial_taskflow_api_etl_virtualenv.py
[2022-06-12 22:21:21,911] {logging_mixin.py:109} INFO - [2022-06-12 22:21:21,911] {tutorial_taskflow_api_etl_virtualenv.py:29} WARNING - The tutorial_taskflow_api_etl_virtualenv example DAG requires virtualenv, please install it.
[2022-06-12 22:21:21,911] {processor.py:654} WARNING - No viable dags retrieved from /home/leizo/.local/lib/python3.8/site-packages/airflow/example_dags/tutorial_taskflow_api_etl_virtualenv.py
[2022-06-12 22:21:21,916] {processor.py:171} INFO - Processing /home/leizo/.local/lib/python3.8/site-packages/airflow/example_dags/tutorial_taskflow_api_etl_virtualenv.py took 0.108 seconds
[2022-06-12 22:21:55,702] {processor.py:163} INFO - Started process (PID=1466) to work on /home/leizo/.local/lib/python3.8/site-packages/airflow/example_dags/tutorial_taskflow_api_etl_virtualenv.py
[2022-06-12 22:21:55,704] {processor.py:642} INFO - Processing file /home/leizo/.local/lib/python3.8/site-packages/airflow/example_dags/tutorial_taskflow_api_etl_virtualenv.py for tasks to queue
[2022-06-12 22:21:55,704] {logging_mixin.py:109} INFO - [2022-06-12 22:21:55,704] {dagbag.py:500} INFO - Filling up the DagBag from /home/leizo/.local/lib/python3.8/site-packages/airflow/example_dags/tutorial_taskflow_api_etl_virtualenv.py
[2022-06-12 22:21:55,804] {logging_mixin.py:109} INFO - [2022-06-12 22:21:55,804] {tutorial_taskflow_api_etl_virtualenv.py:29} WARNING - The tutorial_taskflow_api_etl_virtualenv example DAG requires virtualenv, please install it.
[2022-06-12 22:21:55,804] {processor.py:654} WARNING - No viable dags retrieved from /home/leizo/.local/lib/python3.8/site-packages/airflow/example_dags/tutorial_taskflow_api_etl_virtualenv.py
[2022-06-12 22:21:55,810] {processor.py:171} INFO - Processing /home/leizo/.local/lib/python3.8/site-packages/airflow/example_dags/tutorial_taskflow_api_etl_virtualenv.py took 0.111 seconds
[2022-06-12 22:22:31,751] {processor.py:163} INFO - Started process (PID=1501) to work on /home/leizo/.local/lib/python3.8/site-packages/airflow/example_dags/tutorial_taskflow_api_etl_virtualenv.py
[2022-06-12 22:22:31,753] {processor.py:642} INFO - Processing file /home/leizo/.local/lib/python3.8/site-packages/airflow/example_dags/tutorial_taskflow_api_etl_virtualenv.py for tasks to queue
[2022-06-12 22:22:31,753] {logging_mixin.py:109} INFO - [2022-06-12 22:22:31,753] {dagbag.py:500} INFO - Filling up the DagBag from /home/leizo/.local/lib/python3.8/site-packages/airflow/example_dags/tutorial_taskflow_api_etl_virtualenv.py
[2022-06-12 22:22:31,863] {logging_mixin.py:109} INFO - [2022-06-12 22:22:31,863] {tutorial_taskflow_api_etl_virtualenv.py:29} WARNING - The tutorial_taskflow_api_etl_virtualenv example DAG requires virtualenv, please install it.
[2022-06-12 22:22:31,863] {processor.py:654} WARNING - No viable dags retrieved from /home/leizo/.local/lib/python3.8/site-packages/airflow/example_dags/tutorial_taskflow_api_etl_virtualenv.py
[2022-06-12 22:22:31,869] {processor.py:171} INFO - Processing /home/leizo/.local/lib/python3.8/site-packages/airflow/example_dags/tutorial_taskflow_api_etl_virtualenv.py took 0.121 seconds
[2022-06-12 22:23:08,062] {processor.py:163} INFO - Started process (PID=1536) to work on /home/leizo/.local/lib/python3.8/site-packages/airflow/example_dags/tutorial_taskflow_api_etl_virtualenv.py
[2022-06-12 22:23:08,065] {processor.py:642} INFO - Processing file /home/leizo/.local/lib/python3.8/site-packages/airflow/example_dags/tutorial_taskflow_api_etl_virtualenv.py for tasks to queue
[2022-06-12 22:23:08,067] {logging_mixin.py:109} INFO - [2022-06-12 22:23:08,067] {dagbag.py:500} INFO - Filling up the DagBag from /home/leizo/.local/lib/python3.8/site-packages/airflow/example_dags/tutorial_taskflow_api_etl_virtualenv.py
[2022-06-12 22:23:08,227] {logging_mixin.py:109} INFO - [2022-06-12 22:23:08,227] {tutorial_taskflow_api_etl_virtualenv.py:29} WARNING - The tutorial_taskflow_api_etl_virtualenv example DAG requires virtualenv, please install it.
[2022-06-12 22:23:08,228] {processor.py:654} WARNING - No viable dags retrieved from /home/leizo/.local/lib/python3.8/site-packages/airflow/example_dags/tutorial_taskflow_api_etl_virtualenv.py
[2022-06-12 22:23:08,242] {processor.py:171} INFO - Processing /home/leizo/.local/lib/python3.8/site-packages/airflow/example_dags/tutorial_taskflow_api_etl_virtualenv.py took 0.188 seconds
[2022-06-12 22:23:44,850] {processor.py:163} INFO - Started process (PID=1633) to work on /home/leizo/.local/lib/python3.8/site-packages/airflow/example_dags/tutorial_taskflow_api_etl_virtualenv.py
[2022-06-12 22:23:44,853] {processor.py:642} INFO - Processing file /home/leizo/.local/lib/python3.8/site-packages/airflow/example_dags/tutorial_taskflow_api_etl_virtualenv.py for tasks to queue
[2022-06-12 22:23:44,856] {logging_mixin.py:109} INFO - [2022-06-12 22:23:44,855] {dagbag.py:500} INFO - Filling up the DagBag from /home/leizo/.local/lib/python3.8/site-packages/airflow/example_dags/tutorial_taskflow_api_etl_virtualenv.py
[2022-06-12 22:23:45,001] {logging_mixin.py:109} INFO - [2022-06-12 22:23:45,001] {tutorial_taskflow_api_etl_virtualenv.py:29} WARNING - The tutorial_taskflow_api_etl_virtualenv example DAG requires virtualenv, please install it.
[2022-06-12 22:23:45,002] {processor.py:654} WARNING - No viable dags retrieved from /home/leizo/.local/lib/python3.8/site-packages/airflow/example_dags/tutorial_taskflow_api_etl_virtualenv.py
[2022-06-12 22:23:45,008] {processor.py:171} INFO - Processing /home/leizo/.local/lib/python3.8/site-packages/airflow/example_dags/tutorial_taskflow_api_etl_virtualenv.py took 0.164 seconds
[2022-06-12 22:24:21,547] {processor.py:163} INFO - Started process (PID=1667) to work on /home/leizo/.local/lib/python3.8/site-packages/airflow/example_dags/tutorial_taskflow_api_etl_virtualenv.py
[2022-06-12 22:24:21,549] {processor.py:642} INFO - Processing file /home/leizo/.local/lib/python3.8/site-packages/airflow/example_dags/tutorial_taskflow_api_etl_virtualenv.py for tasks to queue
[2022-06-12 22:24:21,550] {logging_mixin.py:109} INFO - [2022-06-12 22:24:21,550] {dagbag.py:500} INFO - Filling up the DagBag from /home/leizo/.local/lib/python3.8/site-packages/airflow/example_dags/tutorial_taskflow_api_etl_virtualenv.py
[2022-06-12 22:24:21,669] {logging_mixin.py:109} INFO - [2022-06-12 22:24:21,669] {tutorial_taskflow_api_etl_virtualenv.py:29} WARNING - The tutorial_taskflow_api_etl_virtualenv example DAG requires virtualenv, please install it.
[2022-06-12 22:24:21,670] {processor.py:654} WARNING - No viable dags retrieved from /home/leizo/.local/lib/python3.8/site-packages/airflow/example_dags/tutorial_taskflow_api_etl_virtualenv.py
[2022-06-12 22:24:21,678] {processor.py:171} INFO - Processing /home/leizo/.local/lib/python3.8/site-packages/airflow/example_dags/tutorial_taskflow_api_etl_virtualenv.py took 0.134 seconds
[2022-06-12 22:24:58,007] {processor.py:163} INFO - Started process (PID=1704) to work on /home/leizo/.local/lib/python3.8/site-packages/airflow/example_dags/tutorial_taskflow_api_etl_virtualenv.py
[2022-06-12 22:24:58,009] {processor.py:642} INFO - Processing file /home/leizo/.local/lib/python3.8/site-packages/airflow/example_dags/tutorial_taskflow_api_etl_virtualenv.py for tasks to queue
[2022-06-12 22:24:58,011] {logging_mixin.py:109} INFO - [2022-06-12 22:24:58,011] {dagbag.py:500} INFO - Filling up the DagBag from /home/leizo/.local/lib/python3.8/site-packages/airflow/example_dags/tutorial_taskflow_api_etl_virtualenv.py
[2022-06-12 22:24:58,205] {logging_mixin.py:109} INFO - [2022-06-12 22:24:58,205] {tutorial_taskflow_api_etl_virtualenv.py:29} WARNING - The tutorial_taskflow_api_etl_virtualenv example DAG requires virtualenv, please install it.
[2022-06-12 22:24:58,205] {processor.py:654} WARNING - No viable dags retrieved from /home/leizo/.local/lib/python3.8/site-packages/airflow/example_dags/tutorial_taskflow_api_etl_virtualenv.py
[2022-06-12 22:24:58,215] {processor.py:171} INFO - Processing /home/leizo/.local/lib/python3.8/site-packages/airflow/example_dags/tutorial_taskflow_api_etl_virtualenv.py took 0.214 seconds
[2022-06-12 22:25:47,581] {processor.py:163} INFO - Started process (PID=1787) to work on /home/leizo/.local/lib/python3.8/site-packages/airflow/example_dags/tutorial_taskflow_api_etl_virtualenv.py
[2022-06-12 22:25:47,583] {processor.py:642} INFO - Processing file /home/leizo/.local/lib/python3.8/site-packages/airflow/example_dags/tutorial_taskflow_api_etl_virtualenv.py for tasks to queue
[2022-06-12 22:25:47,584] {logging_mixin.py:109} INFO - [2022-06-12 22:25:47,584] {dagbag.py:500} INFO - Filling up the DagBag from /home/leizo/.local/lib/python3.8/site-packages/airflow/example_dags/tutorial_taskflow_api_etl_virtualenv.py
[2022-06-12 22:25:47,727] {logging_mixin.py:109} INFO - [2022-06-12 22:25:47,727] {tutorial_taskflow_api_etl_virtualenv.py:29} WARNING - The tutorial_taskflow_api_etl_virtualenv example DAG requires virtualenv, please install it.
[2022-06-12 22:25:47,728] {processor.py:654} WARNING - No viable dags retrieved from /home/leizo/.local/lib/python3.8/site-packages/airflow/example_dags/tutorial_taskflow_api_etl_virtualenv.py
[2022-06-12 22:25:47,734] {processor.py:171} INFO - Processing /home/leizo/.local/lib/python3.8/site-packages/airflow/example_dags/tutorial_taskflow_api_etl_virtualenv.py took 0.156 seconds
[2022-06-12 22:26:38,108] {processor.py:163} INFO - Started process (PID=1832) to work on /home/leizo/.local/lib/python3.8/site-packages/airflow/example_dags/tutorial_taskflow_api_etl_virtualenv.py
[2022-06-12 22:26:38,112] {processor.py:642} INFO - Processing file /home/leizo/.local/lib/python3.8/site-packages/airflow/example_dags/tutorial_taskflow_api_etl_virtualenv.py for tasks to queue
[2022-06-12 22:26:38,114] {logging_mixin.py:109} INFO - [2022-06-12 22:26:38,114] {dagbag.py:500} INFO - Filling up the DagBag from /home/leizo/.local/lib/python3.8/site-packages/airflow/example_dags/tutorial_taskflow_api_etl_virtualenv.py
[2022-06-12 22:26:38,310] {logging_mixin.py:109} INFO - [2022-06-12 22:26:38,310] {tutorial_taskflow_api_etl_virtualenv.py:29} WARNING - The tutorial_taskflow_api_etl_virtualenv example DAG requires virtualenv, please install it.
[2022-06-12 22:26:38,311] {processor.py:654} WARNING - No viable dags retrieved from /home/leizo/.local/lib/python3.8/site-packages/airflow/example_dags/tutorial_taskflow_api_etl_virtualenv.py
[2022-06-12 22:26:38,338] {processor.py:171} INFO - Processing /home/leizo/.local/lib/python3.8/site-packages/airflow/example_dags/tutorial_taskflow_api_etl_virtualenv.py took 0.235 seconds
[2022-06-12 22:27:21,389] {processor.py:163} INFO - Started process (PID=1885) to work on /home/leizo/.local/lib/python3.8/site-packages/airflow/example_dags/tutorial_taskflow_api_etl_virtualenv.py
[2022-06-12 22:27:21,393] {processor.py:642} INFO - Processing file /home/leizo/.local/lib/python3.8/site-packages/airflow/example_dags/tutorial_taskflow_api_etl_virtualenv.py for tasks to queue
[2022-06-12 22:27:21,394] {logging_mixin.py:109} INFO - [2022-06-12 22:27:21,394] {dagbag.py:500} INFO - Filling up the DagBag from /home/leizo/.local/lib/python3.8/site-packages/airflow/example_dags/tutorial_taskflow_api_etl_virtualenv.py
[2022-06-12 22:27:21,591] {logging_mixin.py:109} INFO - [2022-06-12 22:27:21,591] {tutorial_taskflow_api_etl_virtualenv.py:29} WARNING - The tutorial_taskflow_api_etl_virtualenv example DAG requires virtualenv, please install it.
[2022-06-12 22:27:21,592] {processor.py:654} WARNING - No viable dags retrieved from /home/leizo/.local/lib/python3.8/site-packages/airflow/example_dags/tutorial_taskflow_api_etl_virtualenv.py
[2022-06-12 22:27:21,609] {processor.py:171} INFO - Processing /home/leizo/.local/lib/python3.8/site-packages/airflow/example_dags/tutorial_taskflow_api_etl_virtualenv.py took 0.228 seconds
[2022-06-12 22:28:26,113] {processor.py:163} INFO - Started process (PID=1947) to work on /home/leizo/.local/lib/python3.8/site-packages/airflow/example_dags/tutorial_taskflow_api_etl_virtualenv.py
[2022-06-12 22:28:26,116] {processor.py:642} INFO - Processing file /home/leizo/.local/lib/python3.8/site-packages/airflow/example_dags/tutorial_taskflow_api_etl_virtualenv.py for tasks to queue
[2022-06-12 22:28:26,118] {logging_mixin.py:109} INFO - [2022-06-12 22:28:26,118] {dagbag.py:500} INFO - Filling up the DagBag from /home/leizo/.local/lib/python3.8/site-packages/airflow/example_dags/tutorial_taskflow_api_etl_virtualenv.py
[2022-06-12 22:28:26,249] {logging_mixin.py:109} INFO - [2022-06-12 22:28:26,249] {tutorial_taskflow_api_etl_virtualenv.py:29} WARNING - The tutorial_taskflow_api_etl_virtualenv example DAG requires virtualenv, please install it.
[2022-06-12 22:28:26,249] {processor.py:654} WARNING - No viable dags retrieved from /home/leizo/.local/lib/python3.8/site-packages/airflow/example_dags/tutorial_taskflow_api_etl_virtualenv.py
[2022-06-12 22:28:26,255] {processor.py:171} INFO - Processing /home/leizo/.local/lib/python3.8/site-packages/airflow/example_dags/tutorial_taskflow_api_etl_virtualenv.py took 0.147 seconds
[2022-06-12 22:29:08,164] {processor.py:163} INFO - Started process (PID=2082) to work on /home/leizo/.local/lib/python3.8/site-packages/airflow/example_dags/tutorial_taskflow_api_etl_virtualenv.py
[2022-06-12 22:29:08,168] {processor.py:642} INFO - Processing file /home/leizo/.local/lib/python3.8/site-packages/airflow/example_dags/tutorial_taskflow_api_etl_virtualenv.py for tasks to queue
[2022-06-12 22:29:08,170] {logging_mixin.py:109} INFO - [2022-06-12 22:29:08,170] {dagbag.py:500} INFO - Filling up the DagBag from /home/leizo/.local/lib/python3.8/site-packages/airflow/example_dags/tutorial_taskflow_api_etl_virtualenv.py
[2022-06-12 22:29:08,308] {logging_mixin.py:109} INFO - [2022-06-12 22:29:08,308] {tutorial_taskflow_api_etl_virtualenv.py:29} WARNING - The tutorial_taskflow_api_etl_virtualenv example DAG requires virtualenv, please install it.
[2022-06-12 22:29:08,309] {processor.py:654} WARNING - No viable dags retrieved from /home/leizo/.local/lib/python3.8/site-packages/airflow/example_dags/tutorial_taskflow_api_etl_virtualenv.py
[2022-06-12 22:29:08,316] {processor.py:171} INFO - Processing /home/leizo/.local/lib/python3.8/site-packages/airflow/example_dags/tutorial_taskflow_api_etl_virtualenv.py took 0.158 seconds
[2022-06-12 22:29:49,860] {processor.py:163} INFO - Started process (PID=2150) to work on /home/leizo/.local/lib/python3.8/site-packages/airflow/example_dags/tutorial_taskflow_api_etl_virtualenv.py
[2022-06-12 22:29:49,863] {processor.py:642} INFO - Processing file /home/leizo/.local/lib/python3.8/site-packages/airflow/example_dags/tutorial_taskflow_api_etl_virtualenv.py for tasks to queue
[2022-06-12 22:29:49,864] {logging_mixin.py:109} INFO - [2022-06-12 22:29:49,864] {dagbag.py:500} INFO - Filling up the DagBag from /home/leizo/.local/lib/python3.8/site-packages/airflow/example_dags/tutorial_taskflow_api_etl_virtualenv.py
[2022-06-12 22:29:50,002] {logging_mixin.py:109} INFO - [2022-06-12 22:29:50,001] {tutorial_taskflow_api_etl_virtualenv.py:29} WARNING - The tutorial_taskflow_api_etl_virtualenv example DAG requires virtualenv, please install it.
[2022-06-12 22:29:50,002] {processor.py:654} WARNING - No viable dags retrieved from /home/leizo/.local/lib/python3.8/site-packages/airflow/example_dags/tutorial_taskflow_api_etl_virtualenv.py
[2022-06-12 22:29:50,012] {processor.py:171} INFO - Processing /home/leizo/.local/lib/python3.8/site-packages/airflow/example_dags/tutorial_taskflow_api_etl_virtualenv.py took 0.157 seconds
[2022-06-12 22:30:35,291] {processor.py:163} INFO - Started process (PID=2278) to work on /home/leizo/.local/lib/python3.8/site-packages/airflow/example_dags/tutorial_taskflow_api_etl_virtualenv.py
[2022-06-12 22:30:35,295] {processor.py:642} INFO - Processing file /home/leizo/.local/lib/python3.8/site-packages/airflow/example_dags/tutorial_taskflow_api_etl_virtualenv.py for tasks to queue
[2022-06-12 22:30:35,297] {logging_mixin.py:109} INFO - [2022-06-12 22:30:35,296] {dagbag.py:500} INFO - Filling up the DagBag from /home/leizo/.local/lib/python3.8/site-packages/airflow/example_dags/tutorial_taskflow_api_etl_virtualenv.py
[2022-06-12 22:30:35,486] {logging_mixin.py:109} INFO - [2022-06-12 22:30:35,486] {tutorial_taskflow_api_etl_virtualenv.py:29} WARNING - The tutorial_taskflow_api_etl_virtualenv example DAG requires virtualenv, please install it.
[2022-06-12 22:30:35,486] {processor.py:654} WARNING - No viable dags retrieved from /home/leizo/.local/lib/python3.8/site-packages/airflow/example_dags/tutorial_taskflow_api_etl_virtualenv.py
[2022-06-12 22:30:35,495] {processor.py:171} INFO - Processing /home/leizo/.local/lib/python3.8/site-packages/airflow/example_dags/tutorial_taskflow_api_etl_virtualenv.py took 0.209 seconds
[2022-06-12 22:31:20,592] {processor.py:163} INFO - Started process (PID=2416) to work on /home/leizo/.local/lib/python3.8/site-packages/airflow/example_dags/tutorial_taskflow_api_etl_virtualenv.py
[2022-06-12 22:31:20,594] {processor.py:642} INFO - Processing file /home/leizo/.local/lib/python3.8/site-packages/airflow/example_dags/tutorial_taskflow_api_etl_virtualenv.py for tasks to queue
[2022-06-12 22:31:20,595] {logging_mixin.py:109} INFO - [2022-06-12 22:31:20,595] {dagbag.py:500} INFO - Filling up the DagBag from /home/leizo/.local/lib/python3.8/site-packages/airflow/example_dags/tutorial_taskflow_api_etl_virtualenv.py
[2022-06-12 22:31:20,741] {logging_mixin.py:109} INFO - [2022-06-12 22:31:20,741] {tutorial_taskflow_api_etl_virtualenv.py:29} WARNING - The tutorial_taskflow_api_etl_virtualenv example DAG requires virtualenv, please install it.
[2022-06-12 22:31:20,741] {processor.py:654} WARNING - No viable dags retrieved from /home/leizo/.local/lib/python3.8/site-packages/airflow/example_dags/tutorial_taskflow_api_etl_virtualenv.py
[2022-06-12 22:31:20,751] {processor.py:171} INFO - Processing /home/leizo/.local/lib/python3.8/site-packages/airflow/example_dags/tutorial_taskflow_api_etl_virtualenv.py took 0.162 seconds
[2022-06-12 22:32:02,815] {processor.py:163} INFO - Started process (PID=2475) to work on /home/leizo/.local/lib/python3.8/site-packages/airflow/example_dags/tutorial_taskflow_api_etl_virtualenv.py
[2022-06-12 22:32:02,816] {processor.py:642} INFO - Processing file /home/leizo/.local/lib/python3.8/site-packages/airflow/example_dags/tutorial_taskflow_api_etl_virtualenv.py for tasks to queue
[2022-06-12 22:32:02,816] {logging_mixin.py:109} INFO - [2022-06-12 22:32:02,816] {dagbag.py:500} INFO - Filling up the DagBag from /home/leizo/.local/lib/python3.8/site-packages/airflow/example_dags/tutorial_taskflow_api_etl_virtualenv.py
[2022-06-12 22:32:02,885] {logging_mixin.py:109} INFO - [2022-06-12 22:32:02,885] {tutorial_taskflow_api_etl_virtualenv.py:29} WARNING - The tutorial_taskflow_api_etl_virtualenv example DAG requires virtualenv, please install it.
[2022-06-12 22:32:02,886] {processor.py:654} WARNING - No viable dags retrieved from /home/leizo/.local/lib/python3.8/site-packages/airflow/example_dags/tutorial_taskflow_api_etl_virtualenv.py
[2022-06-12 22:32:02,891] {processor.py:171} INFO - Processing /home/leizo/.local/lib/python3.8/site-packages/airflow/example_dags/tutorial_taskflow_api_etl_virtualenv.py took 0.078 seconds
[2022-06-12 22:32:42,900] {processor.py:163} INFO - Started process (PID=2546) to work on /home/leizo/.local/lib/python3.8/site-packages/airflow/example_dags/tutorial_taskflow_api_etl_virtualenv.py
[2022-06-12 22:32:42,902] {processor.py:642} INFO - Processing file /home/leizo/.local/lib/python3.8/site-packages/airflow/example_dags/tutorial_taskflow_api_etl_virtualenv.py for tasks to queue
[2022-06-12 22:32:42,903] {logging_mixin.py:109} INFO - [2022-06-12 22:32:42,903] {dagbag.py:500} INFO - Filling up the DagBag from /home/leizo/.local/lib/python3.8/site-packages/airflow/example_dags/tutorial_taskflow_api_etl_virtualenv.py
[2022-06-12 22:32:42,980] {logging_mixin.py:109} INFO - [2022-06-12 22:32:42,980] {tutorial_taskflow_api_etl_virtualenv.py:29} WARNING - The tutorial_taskflow_api_etl_virtualenv example DAG requires virtualenv, please install it.
[2022-06-12 22:32:42,980] {processor.py:654} WARNING - No viable dags retrieved from /home/leizo/.local/lib/python3.8/site-packages/airflow/example_dags/tutorial_taskflow_api_etl_virtualenv.py
[2022-06-12 22:32:42,989] {processor.py:171} INFO - Processing /home/leizo/.local/lib/python3.8/site-packages/airflow/example_dags/tutorial_taskflow_api_etl_virtualenv.py took 0.092 seconds
[2022-06-12 22:33:24,167] {processor.py:163} INFO - Started process (PID=2633) to work on /home/leizo/.local/lib/python3.8/site-packages/airflow/example_dags/tutorial_taskflow_api_etl_virtualenv.py
[2022-06-12 22:33:24,169] {processor.py:642} INFO - Processing file /home/leizo/.local/lib/python3.8/site-packages/airflow/example_dags/tutorial_taskflow_api_etl_virtualenv.py for tasks to queue
[2022-06-12 22:33:24,170] {logging_mixin.py:109} INFO - [2022-06-12 22:33:24,170] {dagbag.py:500} INFO - Filling up the DagBag from /home/leizo/.local/lib/python3.8/site-packages/airflow/example_dags/tutorial_taskflow_api_etl_virtualenv.py
[2022-06-12 22:33:24,248] {logging_mixin.py:109} INFO - [2022-06-12 22:33:24,248] {tutorial_taskflow_api_etl_virtualenv.py:29} WARNING - The tutorial_taskflow_api_etl_virtualenv example DAG requires virtualenv, please install it.
[2022-06-12 22:33:24,248] {processor.py:654} WARNING - No viable dags retrieved from /home/leizo/.local/lib/python3.8/site-packages/airflow/example_dags/tutorial_taskflow_api_etl_virtualenv.py
[2022-06-12 22:33:24,255] {processor.py:171} INFO - Processing /home/leizo/.local/lib/python3.8/site-packages/airflow/example_dags/tutorial_taskflow_api_etl_virtualenv.py took 0.089 seconds
[2022-06-12 22:34:04,394] {processor.py:163} INFO - Started process (PID=2705) to work on /home/leizo/.local/lib/python3.8/site-packages/airflow/example_dags/tutorial_taskflow_api_etl_virtualenv.py
[2022-06-12 22:34:04,395] {processor.py:642} INFO - Processing file /home/leizo/.local/lib/python3.8/site-packages/airflow/example_dags/tutorial_taskflow_api_etl_virtualenv.py for tasks to queue
[2022-06-12 22:34:04,396] {logging_mixin.py:109} INFO - [2022-06-12 22:34:04,396] {dagbag.py:500} INFO - Filling up the DagBag from /home/leizo/.local/lib/python3.8/site-packages/airflow/example_dags/tutorial_taskflow_api_etl_virtualenv.py
[2022-06-12 22:34:04,454] {logging_mixin.py:109} INFO - [2022-06-12 22:34:04,453] {tutorial_taskflow_api_etl_virtualenv.py:29} WARNING - The tutorial_taskflow_api_etl_virtualenv example DAG requires virtualenv, please install it.
[2022-06-12 22:34:04,454] {processor.py:654} WARNING - No viable dags retrieved from /home/leizo/.local/lib/python3.8/site-packages/airflow/example_dags/tutorial_taskflow_api_etl_virtualenv.py
[2022-06-12 22:34:04,463] {processor.py:171} INFO - Processing /home/leizo/.local/lib/python3.8/site-packages/airflow/example_dags/tutorial_taskflow_api_etl_virtualenv.py took 0.073 seconds
[2022-06-12 22:34:45,952] {processor.py:163} INFO - Started process (PID=2775) to work on /home/leizo/.local/lib/python3.8/site-packages/airflow/example_dags/tutorial_taskflow_api_etl_virtualenv.py
[2022-06-12 22:34:45,956] {processor.py:642} INFO - Processing file /home/leizo/.local/lib/python3.8/site-packages/airflow/example_dags/tutorial_taskflow_api_etl_virtualenv.py for tasks to queue
[2022-06-12 22:34:45,957] {logging_mixin.py:109} INFO - [2022-06-12 22:34:45,957] {dagbag.py:500} INFO - Filling up the DagBag from /home/leizo/.local/lib/python3.8/site-packages/airflow/example_dags/tutorial_taskflow_api_etl_virtualenv.py
[2022-06-12 22:34:46,183] {logging_mixin.py:109} INFO - [2022-06-12 22:34:46,183] {tutorial_taskflow_api_etl_virtualenv.py:29} WARNING - The tutorial_taskflow_api_etl_virtualenv example DAG requires virtualenv, please install it.
[2022-06-12 22:34:46,183] {processor.py:654} WARNING - No viable dags retrieved from /home/leizo/.local/lib/python3.8/site-packages/airflow/example_dags/tutorial_taskflow_api_etl_virtualenv.py
[2022-06-12 22:34:46,198] {processor.py:171} INFO - Processing /home/leizo/.local/lib/python3.8/site-packages/airflow/example_dags/tutorial_taskflow_api_etl_virtualenv.py took 0.250 seconds
[2022-06-12 22:35:27,046] {processor.py:163} INFO - Started process (PID=2868) to work on /home/leizo/.local/lib/python3.8/site-packages/airflow/example_dags/tutorial_taskflow_api_etl_virtualenv.py
[2022-06-12 22:35:27,048] {processor.py:642} INFO - Processing file /home/leizo/.local/lib/python3.8/site-packages/airflow/example_dags/tutorial_taskflow_api_etl_virtualenv.py for tasks to queue
[2022-06-12 22:35:27,049] {logging_mixin.py:109} INFO - [2022-06-12 22:35:27,049] {dagbag.py:500} INFO - Filling up the DagBag from /home/leizo/.local/lib/python3.8/site-packages/airflow/example_dags/tutorial_taskflow_api_etl_virtualenv.py
[2022-06-12 22:35:27,110] {logging_mixin.py:109} INFO - [2022-06-12 22:35:27,110] {tutorial_taskflow_api_etl_virtualenv.py:29} WARNING - The tutorial_taskflow_api_etl_virtualenv example DAG requires virtualenv, please install it.
[2022-06-12 22:35:27,110] {processor.py:654} WARNING - No viable dags retrieved from /home/leizo/.local/lib/python3.8/site-packages/airflow/example_dags/tutorial_taskflow_api_etl_virtualenv.py
[2022-06-12 22:35:27,116] {processor.py:171} INFO - Processing /home/leizo/.local/lib/python3.8/site-packages/airflow/example_dags/tutorial_taskflow_api_etl_virtualenv.py took 0.074 seconds
[2022-06-12 22:36:09,236] {processor.py:163} INFO - Started process (PID=2941) to work on /home/leizo/.local/lib/python3.8/site-packages/airflow/example_dags/tutorial_taskflow_api_etl_virtualenv.py
[2022-06-12 22:36:09,239] {processor.py:642} INFO - Processing file /home/leizo/.local/lib/python3.8/site-packages/airflow/example_dags/tutorial_taskflow_api_etl_virtualenv.py for tasks to queue
[2022-06-12 22:36:09,240] {logging_mixin.py:109} INFO - [2022-06-12 22:36:09,239] {dagbag.py:500} INFO - Filling up the DagBag from /home/leizo/.local/lib/python3.8/site-packages/airflow/example_dags/tutorial_taskflow_api_etl_virtualenv.py
[2022-06-12 22:36:09,452] {logging_mixin.py:109} INFO - [2022-06-12 22:36:09,451] {tutorial_taskflow_api_etl_virtualenv.py:29} WARNING - The tutorial_taskflow_api_etl_virtualenv example DAG requires virtualenv, please install it.
[2022-06-12 22:36:09,452] {processor.py:654} WARNING - No viable dags retrieved from /home/leizo/.local/lib/python3.8/site-packages/airflow/example_dags/tutorial_taskflow_api_etl_virtualenv.py
[2022-06-12 22:36:09,476] {processor.py:171} INFO - Processing /home/leizo/.local/lib/python3.8/site-packages/airflow/example_dags/tutorial_taskflow_api_etl_virtualenv.py took 0.246 seconds
[2022-06-12 22:36:51,156] {processor.py:163} INFO - Started process (PID=3028) to work on /home/leizo/.local/lib/python3.8/site-packages/airflow/example_dags/tutorial_taskflow_api_etl_virtualenv.py
[2022-06-12 22:36:51,160] {processor.py:642} INFO - Processing file /home/leizo/.local/lib/python3.8/site-packages/airflow/example_dags/tutorial_taskflow_api_etl_virtualenv.py for tasks to queue
[2022-06-12 22:36:51,161] {logging_mixin.py:109} INFO - [2022-06-12 22:36:51,161] {dagbag.py:500} INFO - Filling up the DagBag from /home/leizo/.local/lib/python3.8/site-packages/airflow/example_dags/tutorial_taskflow_api_etl_virtualenv.py
[2022-06-12 22:36:51,282] {logging_mixin.py:109} INFO - [2022-06-12 22:36:51,281] {tutorial_taskflow_api_etl_virtualenv.py:29} WARNING - The tutorial_taskflow_api_etl_virtualenv example DAG requires virtualenv, please install it.
[2022-06-12 22:36:51,282] {processor.py:654} WARNING - No viable dags retrieved from /home/leizo/.local/lib/python3.8/site-packages/airflow/example_dags/tutorial_taskflow_api_etl_virtualenv.py
[2022-06-12 22:36:51,293] {processor.py:171} INFO - Processing /home/leizo/.local/lib/python3.8/site-packages/airflow/example_dags/tutorial_taskflow_api_etl_virtualenv.py took 0.143 seconds
[2022-06-12 22:37:33,037] {processor.py:163} INFO - Started process (PID=3069) to work on /home/leizo/.local/lib/python3.8/site-packages/airflow/example_dags/tutorial_taskflow_api_etl_virtualenv.py
[2022-06-12 22:37:33,039] {processor.py:642} INFO - Processing file /home/leizo/.local/lib/python3.8/site-packages/airflow/example_dags/tutorial_taskflow_api_etl_virtualenv.py for tasks to queue
[2022-06-12 22:37:33,040] {logging_mixin.py:109} INFO - [2022-06-12 22:37:33,040] {dagbag.py:500} INFO - Filling up the DagBag from /home/leizo/.local/lib/python3.8/site-packages/airflow/example_dags/tutorial_taskflow_api_etl_virtualenv.py
[2022-06-12 22:37:33,170] {logging_mixin.py:109} INFO - [2022-06-12 22:37:33,170] {tutorial_taskflow_api_etl_virtualenv.py:29} WARNING - The tutorial_taskflow_api_etl_virtualenv example DAG requires virtualenv, please install it.
[2022-06-12 22:37:33,170] {processor.py:654} WARNING - No viable dags retrieved from /home/leizo/.local/lib/python3.8/site-packages/airflow/example_dags/tutorial_taskflow_api_etl_virtualenv.py
[2022-06-12 22:37:33,177] {processor.py:171} INFO - Processing /home/leizo/.local/lib/python3.8/site-packages/airflow/example_dags/tutorial_taskflow_api_etl_virtualenv.py took 0.146 seconds
[2022-06-12 22:38:15,762] {processor.py:163} INFO - Started process (PID=3109) to work on /home/leizo/.local/lib/python3.8/site-packages/airflow/example_dags/tutorial_taskflow_api_etl_virtualenv.py
[2022-06-12 22:38:15,764] {processor.py:642} INFO - Processing file /home/leizo/.local/lib/python3.8/site-packages/airflow/example_dags/tutorial_taskflow_api_etl_virtualenv.py for tasks to queue
[2022-06-12 22:38:15,765] {logging_mixin.py:109} INFO - [2022-06-12 22:38:15,765] {dagbag.py:500} INFO - Filling up the DagBag from /home/leizo/.local/lib/python3.8/site-packages/airflow/example_dags/tutorial_taskflow_api_etl_virtualenv.py
[2022-06-12 22:38:15,914] {logging_mixin.py:109} INFO - [2022-06-12 22:38:15,913] {tutorial_taskflow_api_etl_virtualenv.py:29} WARNING - The tutorial_taskflow_api_etl_virtualenv example DAG requires virtualenv, please install it.
[2022-06-12 22:38:15,914] {processor.py:654} WARNING - No viable dags retrieved from /home/leizo/.local/lib/python3.8/site-packages/airflow/example_dags/tutorial_taskflow_api_etl_virtualenv.py
[2022-06-12 22:38:15,926] {processor.py:171} INFO - Processing /home/leizo/.local/lib/python3.8/site-packages/airflow/example_dags/tutorial_taskflow_api_etl_virtualenv.py took 0.167 seconds
[2022-06-12 22:38:58,450] {processor.py:163} INFO - Started process (PID=3192) to work on /home/leizo/.local/lib/python3.8/site-packages/airflow/example_dags/tutorial_taskflow_api_etl_virtualenv.py
[2022-06-12 22:38:58,453] {processor.py:642} INFO - Processing file /home/leizo/.local/lib/python3.8/site-packages/airflow/example_dags/tutorial_taskflow_api_etl_virtualenv.py for tasks to queue
[2022-06-12 22:38:58,454] {logging_mixin.py:109} INFO - [2022-06-12 22:38:58,454] {dagbag.py:500} INFO - Filling up the DagBag from /home/leizo/.local/lib/python3.8/site-packages/airflow/example_dags/tutorial_taskflow_api_etl_virtualenv.py
[2022-06-12 22:38:58,577] {logging_mixin.py:109} INFO - [2022-06-12 22:38:58,577] {tutorial_taskflow_api_etl_virtualenv.py:29} WARNING - The tutorial_taskflow_api_etl_virtualenv example DAG requires virtualenv, please install it.
[2022-06-12 22:38:58,578] {processor.py:654} WARNING - No viable dags retrieved from /home/leizo/.local/lib/python3.8/site-packages/airflow/example_dags/tutorial_taskflow_api_etl_virtualenv.py
[2022-06-12 22:38:58,587] {processor.py:171} INFO - Processing /home/leizo/.local/lib/python3.8/site-packages/airflow/example_dags/tutorial_taskflow_api_etl_virtualenv.py took 0.141 seconds
[2022-06-12 22:39:40,145] {processor.py:163} INFO - Started process (PID=3253) to work on /home/leizo/.local/lib/python3.8/site-packages/airflow/example_dags/tutorial_taskflow_api_etl_virtualenv.py
[2022-06-12 22:39:40,147] {processor.py:642} INFO - Processing file /home/leizo/.local/lib/python3.8/site-packages/airflow/example_dags/tutorial_taskflow_api_etl_virtualenv.py for tasks to queue
[2022-06-12 22:39:40,149] {logging_mixin.py:109} INFO - [2022-06-12 22:39:40,148] {dagbag.py:500} INFO - Filling up the DagBag from /home/leizo/.local/lib/python3.8/site-packages/airflow/example_dags/tutorial_taskflow_api_etl_virtualenv.py
[2022-06-12 22:39:40,288] {logging_mixin.py:109} INFO - [2022-06-12 22:39:40,288] {tutorial_taskflow_api_etl_virtualenv.py:29} WARNING - The tutorial_taskflow_api_etl_virtualenv example DAG requires virtualenv, please install it.
[2022-06-12 22:39:40,289] {processor.py:654} WARNING - No viable dags retrieved from /home/leizo/.local/lib/python3.8/site-packages/airflow/example_dags/tutorial_taskflow_api_etl_virtualenv.py
[2022-06-12 22:39:40,298] {processor.py:171} INFO - Processing /home/leizo/.local/lib/python3.8/site-packages/airflow/example_dags/tutorial_taskflow_api_etl_virtualenv.py took 0.158 seconds
[2022-06-12 22:40:26,947] {processor.py:163} INFO - Started process (PID=3298) to work on /home/leizo/.local/lib/python3.8/site-packages/airflow/example_dags/tutorial_taskflow_api_etl_virtualenv.py
[2022-06-12 22:40:26,950] {processor.py:642} INFO - Processing file /home/leizo/.local/lib/python3.8/site-packages/airflow/example_dags/tutorial_taskflow_api_etl_virtualenv.py for tasks to queue
[2022-06-12 22:40:26,952] {logging_mixin.py:109} INFO - [2022-06-12 22:40:26,952] {dagbag.py:500} INFO - Filling up the DagBag from /home/leizo/.local/lib/python3.8/site-packages/airflow/example_dags/tutorial_taskflow_api_etl_virtualenv.py
[2022-06-12 22:40:27,133] {logging_mixin.py:109} INFO - [2022-06-12 22:40:27,133] {tutorial_taskflow_api_etl_virtualenv.py:29} WARNING - The tutorial_taskflow_api_etl_virtualenv example DAG requires virtualenv, please install it.
[2022-06-12 22:40:27,133] {processor.py:654} WARNING - No viable dags retrieved from /home/leizo/.local/lib/python3.8/site-packages/airflow/example_dags/tutorial_taskflow_api_etl_virtualenv.py
[2022-06-12 22:40:27,143] {processor.py:171} INFO - Processing /home/leizo/.local/lib/python3.8/site-packages/airflow/example_dags/tutorial_taskflow_api_etl_virtualenv.py took 0.203 seconds
