[2022-06-12 21:59:37,497] {processor.py:163} INFO - Started process (PID=118) to work on /home/leizo/.local/lib/python3.8/site-packages/airflow/example_dags/tutorial_etl_dag.py
[2022-06-12 21:59:37,499] {processor.py:642} INFO - Processing file /home/leizo/.local/lib/python3.8/site-packages/airflow/example_dags/tutorial_etl_dag.py for tasks to queue
[2022-06-12 21:59:37,510] {logging_mixin.py:109} INFO - [2022-06-12 21:59:37,510] {dagbag.py:500} INFO - Filling up the DagBag from /home/leizo/.local/lib/python3.8/site-packages/airflow/example_dags/tutorial_etl_dag.py
[2022-06-12 21:59:37,580] {processor.py:652} INFO - DAG(s) dict_keys(['tutorial_etl_dag']) retrieved from /home/leizo/.local/lib/python3.8/site-packages/airflow/example_dags/tutorial_etl_dag.py
[2022-06-12 21:59:37,642] {logging_mixin.py:109} INFO - [2022-06-12 21:59:37,642] {dag.py:2398} INFO - Sync 1 DAGs
[2022-06-12 21:59:37,771] {logging_mixin.py:109} INFO - [2022-06-12 21:59:37,771] {dag.py:2937} INFO - Setting next_dagrun for tutorial_etl_dag to None
[2022-06-12 21:59:37,847] {processor.py:171} INFO - Processing /home/leizo/.local/lib/python3.8/site-packages/airflow/example_dags/tutorial_etl_dag.py took 0.368 seconds
[2022-06-12 22:00:25,144] {processor.py:163} INFO - Started process (PID=180) to work on /home/leizo/.local/lib/python3.8/site-packages/airflow/example_dags/tutorial_etl_dag.py
[2022-06-12 22:00:25,148] {processor.py:642} INFO - Processing file /home/leizo/.local/lib/python3.8/site-packages/airflow/example_dags/tutorial_etl_dag.py for tasks to queue
[2022-06-12 22:00:25,150] {logging_mixin.py:109} INFO - [2022-06-12 22:00:25,149] {dagbag.py:500} INFO - Filling up the DagBag from /home/leizo/.local/lib/python3.8/site-packages/airflow/example_dags/tutorial_etl_dag.py
[2022-06-12 22:00:25,189] {processor.py:652} INFO - DAG(s) dict_keys(['tutorial_etl_dag']) retrieved from /home/leizo/.local/lib/python3.8/site-packages/airflow/example_dags/tutorial_etl_dag.py
[2022-06-12 22:00:25,222] {logging_mixin.py:109} INFO - [2022-06-12 22:00:25,222] {dag.py:2398} INFO - Sync 1 DAGs
[2022-06-12 22:00:25,278] {logging_mixin.py:109} INFO - [2022-06-12 22:00:25,278] {dag.py:2937} INFO - Setting next_dagrun for tutorial_etl_dag to None
[2022-06-12 22:00:25,333] {processor.py:171} INFO - Processing /home/leizo/.local/lib/python3.8/site-packages/airflow/example_dags/tutorial_etl_dag.py took 0.197 seconds
[2022-06-12 22:01:14,254] {processor.py:163} INFO - Started process (PID=214) to work on /home/leizo/.local/lib/python3.8/site-packages/airflow/example_dags/tutorial_etl_dag.py
[2022-06-12 22:01:14,258] {processor.py:642} INFO - Processing file /home/leizo/.local/lib/python3.8/site-packages/airflow/example_dags/tutorial_etl_dag.py for tasks to queue
[2022-06-12 22:01:14,266] {logging_mixin.py:109} INFO - [2022-06-12 22:01:14,260] {dagbag.py:500} INFO - Filling up the DagBag from /home/leizo/.local/lib/python3.8/site-packages/airflow/example_dags/tutorial_etl_dag.py
[2022-06-12 22:01:14,367] {processor.py:652} INFO - DAG(s) dict_keys(['tutorial_etl_dag']) retrieved from /home/leizo/.local/lib/python3.8/site-packages/airflow/example_dags/tutorial_etl_dag.py
[2022-06-12 22:01:14,449] {logging_mixin.py:109} INFO - [2022-06-12 22:01:14,449] {dag.py:2398} INFO - Sync 1 DAGs
[2022-06-12 22:01:14,537] {logging_mixin.py:109} INFO - [2022-06-12 22:01:14,537] {dag.py:2937} INFO - Setting next_dagrun for tutorial_etl_dag to None
[2022-06-12 22:01:14,603] {processor.py:171} INFO - Processing /home/leizo/.local/lib/python3.8/site-packages/airflow/example_dags/tutorial_etl_dag.py took 0.364 seconds
[2022-06-12 22:02:02,882] {processor.py:163} INFO - Started process (PID=251) to work on /home/leizo/.local/lib/python3.8/site-packages/airflow/example_dags/tutorial_etl_dag.py
[2022-06-12 22:02:02,885] {processor.py:642} INFO - Processing file /home/leizo/.local/lib/python3.8/site-packages/airflow/example_dags/tutorial_etl_dag.py for tasks to queue
[2022-06-12 22:02:02,888] {logging_mixin.py:109} INFO - [2022-06-12 22:02:02,887] {dagbag.py:500} INFO - Filling up the DagBag from /home/leizo/.local/lib/python3.8/site-packages/airflow/example_dags/tutorial_etl_dag.py
[2022-06-12 22:02:02,931] {processor.py:652} INFO - DAG(s) dict_keys(['tutorial_etl_dag']) retrieved from /home/leizo/.local/lib/python3.8/site-packages/airflow/example_dags/tutorial_etl_dag.py
[2022-06-12 22:02:02,969] {logging_mixin.py:109} INFO - [2022-06-12 22:02:02,969] {dag.py:2398} INFO - Sync 1 DAGs
[2022-06-12 22:02:03,005] {logging_mixin.py:109} INFO - [2022-06-12 22:02:03,004] {dag.py:2937} INFO - Setting next_dagrun for tutorial_etl_dag to None
[2022-06-12 22:02:03,038] {processor.py:171} INFO - Processing /home/leizo/.local/lib/python3.8/site-packages/airflow/example_dags/tutorial_etl_dag.py took 0.163 seconds
[2022-06-12 22:02:40,103] {processor.py:163} INFO - Started process (PID=281) to work on /home/leizo/.local/lib/python3.8/site-packages/airflow/example_dags/tutorial_etl_dag.py
[2022-06-12 22:02:40,105] {processor.py:642} INFO - Processing file /home/leizo/.local/lib/python3.8/site-packages/airflow/example_dags/tutorial_etl_dag.py for tasks to queue
[2022-06-12 22:02:40,106] {logging_mixin.py:109} INFO - [2022-06-12 22:02:40,106] {dagbag.py:500} INFO - Filling up the DagBag from /home/leizo/.local/lib/python3.8/site-packages/airflow/example_dags/tutorial_etl_dag.py
[2022-06-12 22:02:40,127] {processor.py:652} INFO - DAG(s) dict_keys(['tutorial_etl_dag']) retrieved from /home/leizo/.local/lib/python3.8/site-packages/airflow/example_dags/tutorial_etl_dag.py
[2022-06-12 22:02:40,146] {logging_mixin.py:109} INFO - [2022-06-12 22:02:40,146] {dag.py:2398} INFO - Sync 1 DAGs
[2022-06-12 22:02:40,166] {logging_mixin.py:109} INFO - [2022-06-12 22:02:40,166] {dag.py:2937} INFO - Setting next_dagrun for tutorial_etl_dag to None
[2022-06-12 22:02:40,185] {processor.py:171} INFO - Processing /home/leizo/.local/lib/python3.8/site-packages/airflow/example_dags/tutorial_etl_dag.py took 0.085 seconds
[2022-06-12 22:03:17,204] {processor.py:163} INFO - Started process (PID=312) to work on /home/leizo/.local/lib/python3.8/site-packages/airflow/example_dags/tutorial_etl_dag.py
[2022-06-12 22:03:17,208] {processor.py:642} INFO - Processing file /home/leizo/.local/lib/python3.8/site-packages/airflow/example_dags/tutorial_etl_dag.py for tasks to queue
[2022-06-12 22:03:17,210] {logging_mixin.py:109} INFO - [2022-06-12 22:03:17,210] {dagbag.py:500} INFO - Filling up the DagBag from /home/leizo/.local/lib/python3.8/site-packages/airflow/example_dags/tutorial_etl_dag.py
[2022-06-12 22:03:17,248] {processor.py:652} INFO - DAG(s) dict_keys(['tutorial_etl_dag']) retrieved from /home/leizo/.local/lib/python3.8/site-packages/airflow/example_dags/tutorial_etl_dag.py
[2022-06-12 22:03:17,281] {logging_mixin.py:109} INFO - [2022-06-12 22:03:17,281] {dag.py:2398} INFO - Sync 1 DAGs
[2022-06-12 22:03:17,319] {logging_mixin.py:109} INFO - [2022-06-12 22:03:17,319] {dag.py:2937} INFO - Setting next_dagrun for tutorial_etl_dag to None
[2022-06-12 22:03:17,344] {processor.py:171} INFO - Processing /home/leizo/.local/lib/python3.8/site-packages/airflow/example_dags/tutorial_etl_dag.py took 0.149 seconds
[2022-06-12 22:04:00,827] {processor.py:163} INFO - Started process (PID=346) to work on /home/leizo/.local/lib/python3.8/site-packages/airflow/example_dags/tutorial_etl_dag.py
[2022-06-12 22:04:00,838] {processor.py:642} INFO - Processing file /home/leizo/.local/lib/python3.8/site-packages/airflow/example_dags/tutorial_etl_dag.py for tasks to queue
[2022-06-12 22:04:00,839] {logging_mixin.py:109} INFO - [2022-06-12 22:04:00,839] {dagbag.py:500} INFO - Filling up the DagBag from /home/leizo/.local/lib/python3.8/site-packages/airflow/example_dags/tutorial_etl_dag.py
[2022-06-12 22:04:00,920] {processor.py:652} INFO - DAG(s) dict_keys(['tutorial_etl_dag']) retrieved from /home/leizo/.local/lib/python3.8/site-packages/airflow/example_dags/tutorial_etl_dag.py
[2022-06-12 22:04:00,980] {logging_mixin.py:109} INFO - [2022-06-12 22:04:00,980] {dag.py:2398} INFO - Sync 1 DAGs
[2022-06-12 22:04:01,057] {logging_mixin.py:109} INFO - [2022-06-12 22:04:01,053] {dag.py:2937} INFO - Setting next_dagrun for tutorial_etl_dag to None
[2022-06-12 22:04:01,099] {processor.py:171} INFO - Processing /home/leizo/.local/lib/python3.8/site-packages/airflow/example_dags/tutorial_etl_dag.py took 0.279 seconds
[2022-06-12 22:04:44,104] {processor.py:163} INFO - Started process (PID=374) to work on /home/leizo/.local/lib/python3.8/site-packages/airflow/example_dags/tutorial_etl_dag.py
[2022-06-12 22:04:44,107] {processor.py:642} INFO - Processing file /home/leizo/.local/lib/python3.8/site-packages/airflow/example_dags/tutorial_etl_dag.py for tasks to queue
[2022-06-12 22:04:44,108] {logging_mixin.py:109} INFO - [2022-06-12 22:04:44,108] {dagbag.py:500} INFO - Filling up the DagBag from /home/leizo/.local/lib/python3.8/site-packages/airflow/example_dags/tutorial_etl_dag.py
[2022-06-12 22:04:44,171] {processor.py:652} INFO - DAG(s) dict_keys(['tutorial_etl_dag']) retrieved from /home/leizo/.local/lib/python3.8/site-packages/airflow/example_dags/tutorial_etl_dag.py
[2022-06-12 22:04:44,218] {logging_mixin.py:109} INFO - [2022-06-12 22:04:44,218] {dag.py:2398} INFO - Sync 1 DAGs
[2022-06-12 22:04:44,264] {logging_mixin.py:109} INFO - [2022-06-12 22:04:44,264] {dag.py:2937} INFO - Setting next_dagrun for tutorial_etl_dag to None
[2022-06-12 22:04:44,299] {processor.py:171} INFO - Processing /home/leizo/.local/lib/python3.8/site-packages/airflow/example_dags/tutorial_etl_dag.py took 0.208 seconds
[2022-06-12 22:05:25,745] {processor.py:163} INFO - Started process (PID=420) to work on /home/leizo/.local/lib/python3.8/site-packages/airflow/example_dags/tutorial_etl_dag.py
[2022-06-12 22:05:25,748] {processor.py:642} INFO - Processing file /home/leizo/.local/lib/python3.8/site-packages/airflow/example_dags/tutorial_etl_dag.py for tasks to queue
[2022-06-12 22:05:25,749] {logging_mixin.py:109} INFO - [2022-06-12 22:05:25,749] {dagbag.py:500} INFO - Filling up the DagBag from /home/leizo/.local/lib/python3.8/site-packages/airflow/example_dags/tutorial_etl_dag.py
[2022-06-12 22:05:25,790] {processor.py:652} INFO - DAG(s) dict_keys(['tutorial_etl_dag']) retrieved from /home/leizo/.local/lib/python3.8/site-packages/airflow/example_dags/tutorial_etl_dag.py
[2022-06-12 22:05:25,837] {logging_mixin.py:109} INFO - [2022-06-12 22:05:25,836] {dag.py:2398} INFO - Sync 1 DAGs
[2022-06-12 22:05:25,887] {logging_mixin.py:109} INFO - [2022-06-12 22:05:25,887] {dag.py:2937} INFO - Setting next_dagrun for tutorial_etl_dag to None
[2022-06-12 22:05:25,913] {processor.py:171} INFO - Processing /home/leizo/.local/lib/python3.8/site-packages/airflow/example_dags/tutorial_etl_dag.py took 0.174 seconds
[2022-06-12 22:06:16,407] {processor.py:163} INFO - Started process (PID=514) to work on /home/leizo/.local/lib/python3.8/site-packages/airflow/example_dags/tutorial_etl_dag.py
[2022-06-12 22:06:16,411] {processor.py:642} INFO - Processing file /home/leizo/.local/lib/python3.8/site-packages/airflow/example_dags/tutorial_etl_dag.py for tasks to queue
[2022-06-12 22:06:16,412] {logging_mixin.py:109} INFO - [2022-06-12 22:06:16,412] {dagbag.py:500} INFO - Filling up the DagBag from /home/leizo/.local/lib/python3.8/site-packages/airflow/example_dags/tutorial_etl_dag.py
[2022-06-12 22:06:16,475] {processor.py:652} INFO - DAG(s) dict_keys(['tutorial_etl_dag']) retrieved from /home/leizo/.local/lib/python3.8/site-packages/airflow/example_dags/tutorial_etl_dag.py
[2022-06-12 22:06:16,543] {logging_mixin.py:109} INFO - [2022-06-12 22:06:16,543] {dag.py:2398} INFO - Sync 1 DAGs
[2022-06-12 22:06:16,627] {logging_mixin.py:109} INFO - [2022-06-12 22:06:16,627] {dag.py:2937} INFO - Setting next_dagrun for tutorial_etl_dag to None
[2022-06-12 22:06:16,682] {processor.py:171} INFO - Processing /home/leizo/.local/lib/python3.8/site-packages/airflow/example_dags/tutorial_etl_dag.py took 0.288 seconds
[2022-06-12 22:07:01,583] {processor.py:163} INFO - Started process (PID=641) to work on /home/leizo/.local/lib/python3.8/site-packages/airflow/example_dags/tutorial_etl_dag.py
[2022-06-12 22:07:01,585] {processor.py:642} INFO - Processing file /home/leizo/.local/lib/python3.8/site-packages/airflow/example_dags/tutorial_etl_dag.py for tasks to queue
[2022-06-12 22:07:01,586] {logging_mixin.py:109} INFO - [2022-06-12 22:07:01,586] {dagbag.py:500} INFO - Filling up the DagBag from /home/leizo/.local/lib/python3.8/site-packages/airflow/example_dags/tutorial_etl_dag.py
[2022-06-12 22:07:01,601] {processor.py:652} INFO - DAG(s) dict_keys(['tutorial_etl_dag']) retrieved from /home/leizo/.local/lib/python3.8/site-packages/airflow/example_dags/tutorial_etl_dag.py
[2022-06-12 22:07:01,616] {logging_mixin.py:109} INFO - [2022-06-12 22:07:01,616] {dag.py:2398} INFO - Sync 1 DAGs
[2022-06-12 22:07:01,630] {logging_mixin.py:109} INFO - [2022-06-12 22:07:01,630] {dag.py:2937} INFO - Setting next_dagrun for tutorial_etl_dag to None
[2022-06-12 22:07:01,644] {processor.py:171} INFO - Processing /home/leizo/.local/lib/python3.8/site-packages/airflow/example_dags/tutorial_etl_dag.py took 0.065 seconds
[2022-06-12 22:07:39,596] {processor.py:163} INFO - Started process (PID=675) to work on /home/leizo/.local/lib/python3.8/site-packages/airflow/example_dags/tutorial_etl_dag.py
[2022-06-12 22:07:39,598] {processor.py:642} INFO - Processing file /home/leizo/.local/lib/python3.8/site-packages/airflow/example_dags/tutorial_etl_dag.py for tasks to queue
[2022-06-12 22:07:39,599] {logging_mixin.py:109} INFO - [2022-06-12 22:07:39,599] {dagbag.py:500} INFO - Filling up the DagBag from /home/leizo/.local/lib/python3.8/site-packages/airflow/example_dags/tutorial_etl_dag.py
[2022-06-12 22:07:39,620] {processor.py:652} INFO - DAG(s) dict_keys(['tutorial_etl_dag']) retrieved from /home/leizo/.local/lib/python3.8/site-packages/airflow/example_dags/tutorial_etl_dag.py
[2022-06-12 22:07:39,635] {logging_mixin.py:109} INFO - [2022-06-12 22:07:39,634] {dag.py:2398} INFO - Sync 1 DAGs
[2022-06-12 22:07:39,650] {logging_mixin.py:109} INFO - [2022-06-12 22:07:39,650] {dag.py:2937} INFO - Setting next_dagrun for tutorial_etl_dag to None
[2022-06-12 22:07:39,666] {processor.py:171} INFO - Processing /home/leizo/.local/lib/python3.8/site-packages/airflow/example_dags/tutorial_etl_dag.py took 0.074 seconds
[2022-06-12 22:08:13,645] {processor.py:163} INFO - Started process (PID=708) to work on /home/leizo/.local/lib/python3.8/site-packages/airflow/example_dags/tutorial_etl_dag.py
[2022-06-12 22:08:13,647] {processor.py:642} INFO - Processing file /home/leizo/.local/lib/python3.8/site-packages/airflow/example_dags/tutorial_etl_dag.py for tasks to queue
[2022-06-12 22:08:13,647] {logging_mixin.py:109} INFO - [2022-06-12 22:08:13,647] {dagbag.py:500} INFO - Filling up the DagBag from /home/leizo/.local/lib/python3.8/site-packages/airflow/example_dags/tutorial_etl_dag.py
[2022-06-12 22:08:13,672] {processor.py:652} INFO - DAG(s) dict_keys(['tutorial_etl_dag']) retrieved from /home/leizo/.local/lib/python3.8/site-packages/airflow/example_dags/tutorial_etl_dag.py
[2022-06-12 22:08:13,692] {logging_mixin.py:109} INFO - [2022-06-12 22:08:13,692] {dag.py:2398} INFO - Sync 1 DAGs
[2022-06-12 22:08:13,709] {logging_mixin.py:109} INFO - [2022-06-12 22:08:13,709] {dag.py:2937} INFO - Setting next_dagrun for tutorial_etl_dag to None
[2022-06-12 22:08:13,724] {processor.py:171} INFO - Processing /home/leizo/.local/lib/python3.8/site-packages/airflow/example_dags/tutorial_etl_dag.py took 0.083 seconds
[2022-06-12 22:08:51,395] {processor.py:163} INFO - Started process (PID=744) to work on /home/leizo/.local/lib/python3.8/site-packages/airflow/example_dags/tutorial_etl_dag.py
[2022-06-12 22:08:51,397] {processor.py:642} INFO - Processing file /home/leizo/.local/lib/python3.8/site-packages/airflow/example_dags/tutorial_etl_dag.py for tasks to queue
[2022-06-12 22:08:51,398] {logging_mixin.py:109} INFO - [2022-06-12 22:08:51,398] {dagbag.py:500} INFO - Filling up the DagBag from /home/leizo/.local/lib/python3.8/site-packages/airflow/example_dags/tutorial_etl_dag.py
[2022-06-12 22:08:51,419] {processor.py:652} INFO - DAG(s) dict_keys(['tutorial_etl_dag']) retrieved from /home/leizo/.local/lib/python3.8/site-packages/airflow/example_dags/tutorial_etl_dag.py
[2022-06-12 22:08:51,434] {logging_mixin.py:109} INFO - [2022-06-12 22:08:51,434] {dag.py:2398} INFO - Sync 1 DAGs
[2022-06-12 22:08:51,449] {logging_mixin.py:109} INFO - [2022-06-12 22:08:51,449] {dag.py:2937} INFO - Setting next_dagrun for tutorial_etl_dag to None
[2022-06-12 22:08:51,463] {processor.py:171} INFO - Processing /home/leizo/.local/lib/python3.8/site-packages/airflow/example_dags/tutorial_etl_dag.py took 0.071 seconds
[2022-06-12 22:09:27,645] {processor.py:163} INFO - Started process (PID=777) to work on /home/leizo/.local/lib/python3.8/site-packages/airflow/example_dags/tutorial_etl_dag.py
[2022-06-12 22:09:27,647] {processor.py:642} INFO - Processing file /home/leizo/.local/lib/python3.8/site-packages/airflow/example_dags/tutorial_etl_dag.py for tasks to queue
[2022-06-12 22:09:27,647] {logging_mixin.py:109} INFO - [2022-06-12 22:09:27,647] {dagbag.py:500} INFO - Filling up the DagBag from /home/leizo/.local/lib/python3.8/site-packages/airflow/example_dags/tutorial_etl_dag.py
[2022-06-12 22:09:27,678] {processor.py:652} INFO - DAG(s) dict_keys(['tutorial_etl_dag']) retrieved from /home/leizo/.local/lib/python3.8/site-packages/airflow/example_dags/tutorial_etl_dag.py
[2022-06-12 22:09:27,712] {logging_mixin.py:109} INFO - [2022-06-12 22:09:27,712] {dag.py:2398} INFO - Sync 1 DAGs
[2022-06-12 22:09:27,746] {logging_mixin.py:109} INFO - [2022-06-12 22:09:27,746] {dag.py:2937} INFO - Setting next_dagrun for tutorial_etl_dag to None
[2022-06-12 22:09:27,775] {processor.py:171} INFO - Processing /home/leizo/.local/lib/python3.8/site-packages/airflow/example_dags/tutorial_etl_dag.py took 0.134 seconds
[2022-06-12 22:10:05,240] {processor.py:163} INFO - Started process (PID=811) to work on /home/leizo/.local/lib/python3.8/site-packages/airflow/example_dags/tutorial_etl_dag.py
[2022-06-12 22:10:05,241] {processor.py:642} INFO - Processing file /home/leizo/.local/lib/python3.8/site-packages/airflow/example_dags/tutorial_etl_dag.py for tasks to queue
[2022-06-12 22:10:05,242] {logging_mixin.py:109} INFO - [2022-06-12 22:10:05,242] {dagbag.py:500} INFO - Filling up the DagBag from /home/leizo/.local/lib/python3.8/site-packages/airflow/example_dags/tutorial_etl_dag.py
[2022-06-12 22:10:05,259] {processor.py:652} INFO - DAG(s) dict_keys(['tutorial_etl_dag']) retrieved from /home/leizo/.local/lib/python3.8/site-packages/airflow/example_dags/tutorial_etl_dag.py
[2022-06-12 22:10:05,273] {logging_mixin.py:109} INFO - [2022-06-12 22:10:05,273] {dag.py:2398} INFO - Sync 1 DAGs
[2022-06-12 22:10:05,293] {logging_mixin.py:109} INFO - [2022-06-12 22:10:05,292] {dag.py:2937} INFO - Setting next_dagrun for tutorial_etl_dag to None
[2022-06-12 22:10:05,309] {processor.py:171} INFO - Processing /home/leizo/.local/lib/python3.8/site-packages/airflow/example_dags/tutorial_etl_dag.py took 0.072 seconds
[2022-06-12 22:10:42,335] {processor.py:163} INFO - Started process (PID=841) to work on /home/leizo/.local/lib/python3.8/site-packages/airflow/example_dags/tutorial_etl_dag.py
[2022-06-12 22:10:42,338] {processor.py:642} INFO - Processing file /home/leizo/.local/lib/python3.8/site-packages/airflow/example_dags/tutorial_etl_dag.py for tasks to queue
[2022-06-12 22:10:42,346] {logging_mixin.py:109} INFO - [2022-06-12 22:10:42,346] {dagbag.py:500} INFO - Filling up the DagBag from /home/leizo/.local/lib/python3.8/site-packages/airflow/example_dags/tutorial_etl_dag.py
[2022-06-12 22:10:42,412] {processor.py:652} INFO - DAG(s) dict_keys(['tutorial_etl_dag']) retrieved from /home/leizo/.local/lib/python3.8/site-packages/airflow/example_dags/tutorial_etl_dag.py
[2022-06-12 22:10:42,471] {logging_mixin.py:109} INFO - [2022-06-12 22:10:42,471] {dag.py:2398} INFO - Sync 1 DAGs
[2022-06-12 22:10:42,542] {logging_mixin.py:109} INFO - [2022-06-12 22:10:42,541] {dag.py:2937} INFO - Setting next_dagrun for tutorial_etl_dag to None
[2022-06-12 22:10:42,590] {processor.py:171} INFO - Processing /home/leizo/.local/lib/python3.8/site-packages/airflow/example_dags/tutorial_etl_dag.py took 0.258 seconds
[2022-06-12 22:11:34,677] {processor.py:163} INFO - Started process (PID=878) to work on /home/leizo/.local/lib/python3.8/site-packages/airflow/example_dags/tutorial_etl_dag.py
[2022-06-12 22:11:34,679] {processor.py:642} INFO - Processing file /home/leizo/.local/lib/python3.8/site-packages/airflow/example_dags/tutorial_etl_dag.py for tasks to queue
[2022-06-12 22:11:34,680] {logging_mixin.py:109} INFO - [2022-06-12 22:11:34,680] {dagbag.py:500} INFO - Filling up the DagBag from /home/leizo/.local/lib/python3.8/site-packages/airflow/example_dags/tutorial_etl_dag.py
[2022-06-12 22:11:34,703] {processor.py:652} INFO - DAG(s) dict_keys(['tutorial_etl_dag']) retrieved from /home/leizo/.local/lib/python3.8/site-packages/airflow/example_dags/tutorial_etl_dag.py
[2022-06-12 22:11:34,721] {logging_mixin.py:109} INFO - [2022-06-12 22:11:34,720] {dag.py:2398} INFO - Sync 1 DAGs
[2022-06-12 22:11:34,735] {logging_mixin.py:109} INFO - [2022-06-12 22:11:34,734] {dag.py:2937} INFO - Setting next_dagrun for tutorial_etl_dag to None
[2022-06-12 22:11:34,750] {processor.py:171} INFO - Processing /home/leizo/.local/lib/python3.8/site-packages/airflow/example_dags/tutorial_etl_dag.py took 0.077 seconds
[2022-06-12 22:12:17,443] {processor.py:163} INFO - Started process (PID=912) to work on /home/leizo/.local/lib/python3.8/site-packages/airflow/example_dags/tutorial_etl_dag.py
[2022-06-12 22:12:17,445] {processor.py:642} INFO - Processing file /home/leizo/.local/lib/python3.8/site-packages/airflow/example_dags/tutorial_etl_dag.py for tasks to queue
[2022-06-12 22:12:17,446] {logging_mixin.py:109} INFO - [2022-06-12 22:12:17,446] {dagbag.py:500} INFO - Filling up the DagBag from /home/leizo/.local/lib/python3.8/site-packages/airflow/example_dags/tutorial_etl_dag.py
[2022-06-12 22:12:17,473] {processor.py:652} INFO - DAG(s) dict_keys(['tutorial_etl_dag']) retrieved from /home/leizo/.local/lib/python3.8/site-packages/airflow/example_dags/tutorial_etl_dag.py
[2022-06-12 22:12:17,489] {logging_mixin.py:109} INFO - [2022-06-12 22:12:17,489] {dag.py:2398} INFO - Sync 1 DAGs
[2022-06-12 22:12:17,514] {logging_mixin.py:109} INFO - [2022-06-12 22:12:17,514] {dag.py:2937} INFO - Setting next_dagrun for tutorial_etl_dag to None
[2022-06-12 22:12:17,540] {processor.py:171} INFO - Processing /home/leizo/.local/lib/python3.8/site-packages/airflow/example_dags/tutorial_etl_dag.py took 0.101 seconds
[2022-06-12 22:12:59,748] {processor.py:163} INFO - Started process (PID=948) to work on /home/leizo/.local/lib/python3.8/site-packages/airflow/example_dags/tutorial_etl_dag.py
[2022-06-12 22:12:59,750] {processor.py:642} INFO - Processing file /home/leizo/.local/lib/python3.8/site-packages/airflow/example_dags/tutorial_etl_dag.py for tasks to queue
[2022-06-12 22:12:59,751] {logging_mixin.py:109} INFO - [2022-06-12 22:12:59,751] {dagbag.py:500} INFO - Filling up the DagBag from /home/leizo/.local/lib/python3.8/site-packages/airflow/example_dags/tutorial_etl_dag.py
[2022-06-12 22:12:59,771] {processor.py:652} INFO - DAG(s) dict_keys(['tutorial_etl_dag']) retrieved from /home/leizo/.local/lib/python3.8/site-packages/airflow/example_dags/tutorial_etl_dag.py
[2022-06-12 22:12:59,793] {logging_mixin.py:109} INFO - [2022-06-12 22:12:59,793] {dag.py:2398} INFO - Sync 1 DAGs
[2022-06-12 22:12:59,814] {logging_mixin.py:109} INFO - [2022-06-12 22:12:59,814] {dag.py:2937} INFO - Setting next_dagrun for tutorial_etl_dag to None
[2022-06-12 22:12:59,831] {processor.py:171} INFO - Processing /home/leizo/.local/lib/python3.8/site-packages/airflow/example_dags/tutorial_etl_dag.py took 0.086 seconds
[2022-06-12 22:13:33,557] {processor.py:163} INFO - Started process (PID=979) to work on /home/leizo/.local/lib/python3.8/site-packages/airflow/example_dags/tutorial_etl_dag.py
[2022-06-12 22:13:33,559] {processor.py:642} INFO - Processing file /home/leizo/.local/lib/python3.8/site-packages/airflow/example_dags/tutorial_etl_dag.py for tasks to queue
[2022-06-12 22:13:33,559] {logging_mixin.py:109} INFO - [2022-06-12 22:13:33,559] {dagbag.py:500} INFO - Filling up the DagBag from /home/leizo/.local/lib/python3.8/site-packages/airflow/example_dags/tutorial_etl_dag.py
[2022-06-12 22:13:33,576] {processor.py:652} INFO - DAG(s) dict_keys(['tutorial_etl_dag']) retrieved from /home/leizo/.local/lib/python3.8/site-packages/airflow/example_dags/tutorial_etl_dag.py
[2022-06-12 22:13:33,595] {logging_mixin.py:109} INFO - [2022-06-12 22:13:33,594] {dag.py:2398} INFO - Sync 1 DAGs
[2022-06-12 22:13:33,612] {logging_mixin.py:109} INFO - [2022-06-12 22:13:33,612] {dag.py:2937} INFO - Setting next_dagrun for tutorial_etl_dag to None
[2022-06-12 22:13:33,625] {processor.py:171} INFO - Processing /home/leizo/.local/lib/python3.8/site-packages/airflow/example_dags/tutorial_etl_dag.py took 0.071 seconds
[2022-06-12 22:14:11,541] {processor.py:163} INFO - Started process (PID=1013) to work on /home/leizo/.local/lib/python3.8/site-packages/airflow/example_dags/tutorial_etl_dag.py
[2022-06-12 22:14:11,542] {processor.py:642} INFO - Processing file /home/leizo/.local/lib/python3.8/site-packages/airflow/example_dags/tutorial_etl_dag.py for tasks to queue
[2022-06-12 22:14:11,543] {logging_mixin.py:109} INFO - [2022-06-12 22:14:11,543] {dagbag.py:500} INFO - Filling up the DagBag from /home/leizo/.local/lib/python3.8/site-packages/airflow/example_dags/tutorial_etl_dag.py
[2022-06-12 22:14:11,562] {processor.py:652} INFO - DAG(s) dict_keys(['tutorial_etl_dag']) retrieved from /home/leizo/.local/lib/python3.8/site-packages/airflow/example_dags/tutorial_etl_dag.py
[2022-06-12 22:14:11,580] {logging_mixin.py:109} INFO - [2022-06-12 22:14:11,580] {dag.py:2398} INFO - Sync 1 DAGs
[2022-06-12 22:14:11,605] {logging_mixin.py:109} INFO - [2022-06-12 22:14:11,604] {dag.py:2937} INFO - Setting next_dagrun for tutorial_etl_dag to None
[2022-06-12 22:14:11,619] {processor.py:171} INFO - Processing /home/leizo/.local/lib/python3.8/site-packages/airflow/example_dags/tutorial_etl_dag.py took 0.081 seconds
[2022-06-12 22:14:46,603] {processor.py:163} INFO - Started process (PID=1046) to work on /home/leizo/.local/lib/python3.8/site-packages/airflow/example_dags/tutorial_etl_dag.py
[2022-06-12 22:14:46,604] {processor.py:642} INFO - Processing file /home/leizo/.local/lib/python3.8/site-packages/airflow/example_dags/tutorial_etl_dag.py for tasks to queue
[2022-06-12 22:14:46,605] {logging_mixin.py:109} INFO - [2022-06-12 22:14:46,605] {dagbag.py:500} INFO - Filling up the DagBag from /home/leizo/.local/lib/python3.8/site-packages/airflow/example_dags/tutorial_etl_dag.py
[2022-06-12 22:14:46,620] {processor.py:652} INFO - DAG(s) dict_keys(['tutorial_etl_dag']) retrieved from /home/leizo/.local/lib/python3.8/site-packages/airflow/example_dags/tutorial_etl_dag.py
[2022-06-12 22:14:46,633] {logging_mixin.py:109} INFO - [2022-06-12 22:14:46,633] {dag.py:2398} INFO - Sync 1 DAGs
[2022-06-12 22:14:46,649] {logging_mixin.py:109} INFO - [2022-06-12 22:14:46,649] {dag.py:2937} INFO - Setting next_dagrun for tutorial_etl_dag to None
[2022-06-12 22:14:46,665] {processor.py:171} INFO - Processing /home/leizo/.local/lib/python3.8/site-packages/airflow/example_dags/tutorial_etl_dag.py took 0.065 seconds
[2022-06-12 22:15:18,424] {processor.py:163} INFO - Started process (PID=1079) to work on /home/leizo/.local/lib/python3.8/site-packages/airflow/example_dags/tutorial_etl_dag.py
[2022-06-12 22:15:18,425] {processor.py:642} INFO - Processing file /home/leizo/.local/lib/python3.8/site-packages/airflow/example_dags/tutorial_etl_dag.py for tasks to queue
[2022-06-12 22:15:18,426] {logging_mixin.py:109} INFO - [2022-06-12 22:15:18,426] {dagbag.py:500} INFO - Filling up the DagBag from /home/leizo/.local/lib/python3.8/site-packages/airflow/example_dags/tutorial_etl_dag.py
[2022-06-12 22:15:18,437] {processor.py:652} INFO - DAG(s) dict_keys(['tutorial_etl_dag']) retrieved from /home/leizo/.local/lib/python3.8/site-packages/airflow/example_dags/tutorial_etl_dag.py
[2022-06-12 22:15:18,447] {logging_mixin.py:109} INFO - [2022-06-12 22:15:18,447] {dag.py:2398} INFO - Sync 1 DAGs
[2022-06-12 22:15:18,467] {logging_mixin.py:109} INFO - [2022-06-12 22:15:18,467] {dag.py:2937} INFO - Setting next_dagrun for tutorial_etl_dag to None
[2022-06-12 22:15:18,480] {processor.py:171} INFO - Processing /home/leizo/.local/lib/python3.8/site-packages/airflow/example_dags/tutorial_etl_dag.py took 0.058 seconds
[2022-06-12 22:15:54,387] {processor.py:163} INFO - Started process (PID=1113) to work on /home/leizo/.local/lib/python3.8/site-packages/airflow/example_dags/tutorial_etl_dag.py
[2022-06-12 22:15:54,389] {processor.py:642} INFO - Processing file /home/leizo/.local/lib/python3.8/site-packages/airflow/example_dags/tutorial_etl_dag.py for tasks to queue
[2022-06-12 22:15:54,389] {logging_mixin.py:109} INFO - [2022-06-12 22:15:54,389] {dagbag.py:500} INFO - Filling up the DagBag from /home/leizo/.local/lib/python3.8/site-packages/airflow/example_dags/tutorial_etl_dag.py
[2022-06-12 22:15:54,404] {processor.py:652} INFO - DAG(s) dict_keys(['tutorial_etl_dag']) retrieved from /home/leizo/.local/lib/python3.8/site-packages/airflow/example_dags/tutorial_etl_dag.py
[2022-06-12 22:15:54,415] {logging_mixin.py:109} INFO - [2022-06-12 22:15:54,415] {dag.py:2398} INFO - Sync 1 DAGs
[2022-06-12 22:15:54,426] {logging_mixin.py:109} INFO - [2022-06-12 22:15:54,426] {dag.py:2937} INFO - Setting next_dagrun for tutorial_etl_dag to None
[2022-06-12 22:15:54,439] {processor.py:171} INFO - Processing /home/leizo/.local/lib/python3.8/site-packages/airflow/example_dags/tutorial_etl_dag.py took 0.055 seconds
[2022-06-12 22:16:29,190] {processor.py:163} INFO - Started process (PID=1146) to work on /home/leizo/.local/lib/python3.8/site-packages/airflow/example_dags/tutorial_etl_dag.py
[2022-06-12 22:16:29,192] {processor.py:642} INFO - Processing file /home/leizo/.local/lib/python3.8/site-packages/airflow/example_dags/tutorial_etl_dag.py for tasks to queue
[2022-06-12 22:16:29,192] {logging_mixin.py:109} INFO - [2022-06-12 22:16:29,192] {dagbag.py:500} INFO - Filling up the DagBag from /home/leizo/.local/lib/python3.8/site-packages/airflow/example_dags/tutorial_etl_dag.py
[2022-06-12 22:16:29,203] {processor.py:652} INFO - DAG(s) dict_keys(['tutorial_etl_dag']) retrieved from /home/leizo/.local/lib/python3.8/site-packages/airflow/example_dags/tutorial_etl_dag.py
[2022-06-12 22:16:29,212] {logging_mixin.py:109} INFO - [2022-06-12 22:16:29,212] {dag.py:2398} INFO - Sync 1 DAGs
[2022-06-12 22:16:29,224] {logging_mixin.py:109} INFO - [2022-06-12 22:16:29,224] {dag.py:2937} INFO - Setting next_dagrun for tutorial_etl_dag to None
[2022-06-12 22:16:29,238] {processor.py:171} INFO - Processing /home/leizo/.local/lib/python3.8/site-packages/airflow/example_dags/tutorial_etl_dag.py took 0.049 seconds
[2022-06-12 22:17:03,082] {processor.py:163} INFO - Started process (PID=1179) to work on /home/leizo/.local/lib/python3.8/site-packages/airflow/example_dags/tutorial_etl_dag.py
[2022-06-12 22:17:03,084] {processor.py:642} INFO - Processing file /home/leizo/.local/lib/python3.8/site-packages/airflow/example_dags/tutorial_etl_dag.py for tasks to queue
[2022-06-12 22:17:03,085] {logging_mixin.py:109} INFO - [2022-06-12 22:17:03,084] {dagbag.py:500} INFO - Filling up the DagBag from /home/leizo/.local/lib/python3.8/site-packages/airflow/example_dags/tutorial_etl_dag.py
[2022-06-12 22:17:03,101] {processor.py:652} INFO - DAG(s) dict_keys(['tutorial_etl_dag']) retrieved from /home/leizo/.local/lib/python3.8/site-packages/airflow/example_dags/tutorial_etl_dag.py
[2022-06-12 22:17:03,113] {logging_mixin.py:109} INFO - [2022-06-12 22:17:03,113] {dag.py:2398} INFO - Sync 1 DAGs
[2022-06-12 22:17:03,124] {logging_mixin.py:109} INFO - [2022-06-12 22:17:03,124] {dag.py:2937} INFO - Setting next_dagrun for tutorial_etl_dag to None
[2022-06-12 22:17:03,134] {processor.py:171} INFO - Processing /home/leizo/.local/lib/python3.8/site-packages/airflow/example_dags/tutorial_etl_dag.py took 0.055 seconds
[2022-06-12 22:17:39,245] {processor.py:163} INFO - Started process (PID=1214) to work on /home/leizo/.local/lib/python3.8/site-packages/airflow/example_dags/tutorial_etl_dag.py
[2022-06-12 22:17:39,246] {processor.py:642} INFO - Processing file /home/leizo/.local/lib/python3.8/site-packages/airflow/example_dags/tutorial_etl_dag.py for tasks to queue
[2022-06-12 22:17:39,247] {logging_mixin.py:109} INFO - [2022-06-12 22:17:39,247] {dagbag.py:500} INFO - Filling up the DagBag from /home/leizo/.local/lib/python3.8/site-packages/airflow/example_dags/tutorial_etl_dag.py
[2022-06-12 22:17:39,259] {processor.py:652} INFO - DAG(s) dict_keys(['tutorial_etl_dag']) retrieved from /home/leizo/.local/lib/python3.8/site-packages/airflow/example_dags/tutorial_etl_dag.py
[2022-06-12 22:17:39,269] {logging_mixin.py:109} INFO - [2022-06-12 22:17:39,268] {dag.py:2398} INFO - Sync 1 DAGs
[2022-06-12 22:17:39,281] {logging_mixin.py:109} INFO - [2022-06-12 22:17:39,281] {dag.py:2937} INFO - Setting next_dagrun for tutorial_etl_dag to None
[2022-06-12 22:17:39,291] {processor.py:171} INFO - Processing /home/leizo/.local/lib/python3.8/site-packages/airflow/example_dags/tutorial_etl_dag.py took 0.049 seconds
[2022-06-12 22:18:15,325] {processor.py:163} INFO - Started process (PID=1249) to work on /home/leizo/.local/lib/python3.8/site-packages/airflow/example_dags/tutorial_etl_dag.py
[2022-06-12 22:18:15,326] {processor.py:642} INFO - Processing file /home/leizo/.local/lib/python3.8/site-packages/airflow/example_dags/tutorial_etl_dag.py for tasks to queue
[2022-06-12 22:18:15,327] {logging_mixin.py:109} INFO - [2022-06-12 22:18:15,327] {dagbag.py:500} INFO - Filling up the DagBag from /home/leizo/.local/lib/python3.8/site-packages/airflow/example_dags/tutorial_etl_dag.py
[2022-06-12 22:18:15,339] {processor.py:652} INFO - DAG(s) dict_keys(['tutorial_etl_dag']) retrieved from /home/leizo/.local/lib/python3.8/site-packages/airflow/example_dags/tutorial_etl_dag.py
[2022-06-12 22:18:15,351] {logging_mixin.py:109} INFO - [2022-06-12 22:18:15,351] {dag.py:2398} INFO - Sync 1 DAGs
[2022-06-12 22:18:15,364] {logging_mixin.py:109} INFO - [2022-06-12 22:18:15,364] {dag.py:2937} INFO - Setting next_dagrun for tutorial_etl_dag to None
[2022-06-12 22:18:15,374] {processor.py:171} INFO - Processing /home/leizo/.local/lib/python3.8/site-packages/airflow/example_dags/tutorial_etl_dag.py took 0.051 seconds
[2022-06-12 22:18:50,071] {processor.py:163} INFO - Started process (PID=1283) to work on /home/leizo/.local/lib/python3.8/site-packages/airflow/example_dags/tutorial_etl_dag.py
[2022-06-12 22:18:50,072] {processor.py:642} INFO - Processing file /home/leizo/.local/lib/python3.8/site-packages/airflow/example_dags/tutorial_etl_dag.py for tasks to queue
[2022-06-12 22:18:50,073] {logging_mixin.py:109} INFO - [2022-06-12 22:18:50,073] {dagbag.py:500} INFO - Filling up the DagBag from /home/leizo/.local/lib/python3.8/site-packages/airflow/example_dags/tutorial_etl_dag.py
[2022-06-12 22:18:50,087] {processor.py:652} INFO - DAG(s) dict_keys(['tutorial_etl_dag']) retrieved from /home/leizo/.local/lib/python3.8/site-packages/airflow/example_dags/tutorial_etl_dag.py
[2022-06-12 22:18:50,097] {logging_mixin.py:109} INFO - [2022-06-12 22:18:50,097] {dag.py:2398} INFO - Sync 1 DAGs
[2022-06-12 22:18:50,107] {logging_mixin.py:109} INFO - [2022-06-12 22:18:50,107] {dag.py:2937} INFO - Setting next_dagrun for tutorial_etl_dag to None
[2022-06-12 22:18:50,118] {processor.py:171} INFO - Processing /home/leizo/.local/lib/python3.8/site-packages/airflow/example_dags/tutorial_etl_dag.py took 0.050 seconds
[2022-06-12 22:19:22,228] {processor.py:163} INFO - Started process (PID=1316) to work on /home/leizo/.local/lib/python3.8/site-packages/airflow/example_dags/tutorial_etl_dag.py
[2022-06-12 22:19:22,231] {processor.py:642} INFO - Processing file /home/leizo/.local/lib/python3.8/site-packages/airflow/example_dags/tutorial_etl_dag.py for tasks to queue
[2022-06-12 22:19:22,231] {logging_mixin.py:109} INFO - [2022-06-12 22:19:22,231] {dagbag.py:500} INFO - Filling up the DagBag from /home/leizo/.local/lib/python3.8/site-packages/airflow/example_dags/tutorial_etl_dag.py
[2022-06-12 22:19:22,242] {processor.py:652} INFO - DAG(s) dict_keys(['tutorial_etl_dag']) retrieved from /home/leizo/.local/lib/python3.8/site-packages/airflow/example_dags/tutorial_etl_dag.py
[2022-06-12 22:19:22,251] {logging_mixin.py:109} INFO - [2022-06-12 22:19:22,251] {dag.py:2398} INFO - Sync 1 DAGs
[2022-06-12 22:19:22,260] {logging_mixin.py:109} INFO - [2022-06-12 22:19:22,260] {dag.py:2937} INFO - Setting next_dagrun for tutorial_etl_dag to None
[2022-06-12 22:19:22,270] {processor.py:171} INFO - Processing /home/leizo/.local/lib/python3.8/site-packages/airflow/example_dags/tutorial_etl_dag.py took 0.044 seconds
[2022-06-12 22:19:58,111] {processor.py:163} INFO - Started process (PID=1350) to work on /home/leizo/.local/lib/python3.8/site-packages/airflow/example_dags/tutorial_etl_dag.py
[2022-06-12 22:19:58,112] {processor.py:642} INFO - Processing file /home/leizo/.local/lib/python3.8/site-packages/airflow/example_dags/tutorial_etl_dag.py for tasks to queue
[2022-06-12 22:19:58,113] {logging_mixin.py:109} INFO - [2022-06-12 22:19:58,113] {dagbag.py:500} INFO - Filling up the DagBag from /home/leizo/.local/lib/python3.8/site-packages/airflow/example_dags/tutorial_etl_dag.py
[2022-06-12 22:19:58,127] {processor.py:652} INFO - DAG(s) dict_keys(['tutorial_etl_dag']) retrieved from /home/leizo/.local/lib/python3.8/site-packages/airflow/example_dags/tutorial_etl_dag.py
[2022-06-12 22:19:58,139] {logging_mixin.py:109} INFO - [2022-06-12 22:19:58,138] {dag.py:2398} INFO - Sync 1 DAGs
[2022-06-12 22:19:58,151] {logging_mixin.py:109} INFO - [2022-06-12 22:19:58,151] {dag.py:2937} INFO - Setting next_dagrun for tutorial_etl_dag to None
[2022-06-12 22:19:58,162] {processor.py:171} INFO - Processing /home/leizo/.local/lib/python3.8/site-packages/airflow/example_dags/tutorial_etl_dag.py took 0.055 seconds
[2022-06-12 22:20:29,150] {processor.py:163} INFO - Started process (PID=1381) to work on /home/leizo/.local/lib/python3.8/site-packages/airflow/example_dags/tutorial_etl_dag.py
[2022-06-12 22:20:29,151] {processor.py:642} INFO - Processing file /home/leizo/.local/lib/python3.8/site-packages/airflow/example_dags/tutorial_etl_dag.py for tasks to queue
[2022-06-12 22:20:29,152] {logging_mixin.py:109} INFO - [2022-06-12 22:20:29,152] {dagbag.py:500} INFO - Filling up the DagBag from /home/leizo/.local/lib/python3.8/site-packages/airflow/example_dags/tutorial_etl_dag.py
[2022-06-12 22:20:29,165] {processor.py:652} INFO - DAG(s) dict_keys(['tutorial_etl_dag']) retrieved from /home/leizo/.local/lib/python3.8/site-packages/airflow/example_dags/tutorial_etl_dag.py
[2022-06-12 22:20:29,187] {logging_mixin.py:109} INFO - [2022-06-12 22:20:29,187] {dag.py:2398} INFO - Sync 1 DAGs
[2022-06-12 22:20:29,196] {logging_mixin.py:109} INFO - [2022-06-12 22:20:29,196] {dag.py:2937} INFO - Setting next_dagrun for tutorial_etl_dag to None
[2022-06-12 22:20:29,208] {processor.py:171} INFO - Processing /home/leizo/.local/lib/python3.8/site-packages/airflow/example_dags/tutorial_etl_dag.py took 0.065 seconds
[2022-06-12 22:21:01,014] {processor.py:163} INFO - Started process (PID=1412) to work on /home/leizo/.local/lib/python3.8/site-packages/airflow/example_dags/tutorial_etl_dag.py
[2022-06-12 22:21:01,016] {processor.py:642} INFO - Processing file /home/leizo/.local/lib/python3.8/site-packages/airflow/example_dags/tutorial_etl_dag.py for tasks to queue
[2022-06-12 22:21:01,017] {logging_mixin.py:109} INFO - [2022-06-12 22:21:01,016] {dagbag.py:500} INFO - Filling up the DagBag from /home/leizo/.local/lib/python3.8/site-packages/airflow/example_dags/tutorial_etl_dag.py
[2022-06-12 22:21:01,030] {processor.py:652} INFO - DAG(s) dict_keys(['tutorial_etl_dag']) retrieved from /home/leizo/.local/lib/python3.8/site-packages/airflow/example_dags/tutorial_etl_dag.py
[2022-06-12 22:21:01,040] {logging_mixin.py:109} INFO - [2022-06-12 22:21:01,040] {dag.py:2398} INFO - Sync 1 DAGs
[2022-06-12 22:21:01,049] {logging_mixin.py:109} INFO - [2022-06-12 22:21:01,049] {dag.py:2937} INFO - Setting next_dagrun for tutorial_etl_dag to None
[2022-06-12 22:21:01,058] {processor.py:171} INFO - Processing /home/leizo/.local/lib/python3.8/site-packages/airflow/example_dags/tutorial_etl_dag.py took 0.047 seconds
[2022-06-12 22:21:33,565] {processor.py:163} INFO - Started process (PID=1444) to work on /home/leizo/.local/lib/python3.8/site-packages/airflow/example_dags/tutorial_etl_dag.py
[2022-06-12 22:21:33,567] {processor.py:642} INFO - Processing file /home/leizo/.local/lib/python3.8/site-packages/airflow/example_dags/tutorial_etl_dag.py for tasks to queue
[2022-06-12 22:21:33,568] {logging_mixin.py:109} INFO - [2022-06-12 22:21:33,568] {dagbag.py:500} INFO - Filling up the DagBag from /home/leizo/.local/lib/python3.8/site-packages/airflow/example_dags/tutorial_etl_dag.py
[2022-06-12 22:21:33,579] {processor.py:652} INFO - DAG(s) dict_keys(['tutorial_etl_dag']) retrieved from /home/leizo/.local/lib/python3.8/site-packages/airflow/example_dags/tutorial_etl_dag.py
[2022-06-12 22:21:33,589] {logging_mixin.py:109} INFO - [2022-06-12 22:21:33,588] {dag.py:2398} INFO - Sync 1 DAGs
[2022-06-12 22:21:33,599] {logging_mixin.py:109} INFO - [2022-06-12 22:21:33,599] {dag.py:2937} INFO - Setting next_dagrun for tutorial_etl_dag to None
[2022-06-12 22:21:33,611] {processor.py:171} INFO - Processing /home/leizo/.local/lib/python3.8/site-packages/airflow/example_dags/tutorial_etl_dag.py took 0.049 seconds
[2022-06-12 22:22:07,623] {processor.py:163} INFO - Started process (PID=1478) to work on /home/leizo/.local/lib/python3.8/site-packages/airflow/example_dags/tutorial_etl_dag.py
[2022-06-12 22:22:07,625] {processor.py:642} INFO - Processing file /home/leizo/.local/lib/python3.8/site-packages/airflow/example_dags/tutorial_etl_dag.py for tasks to queue
[2022-06-12 22:22:07,626] {logging_mixin.py:109} INFO - [2022-06-12 22:22:07,626] {dagbag.py:500} INFO - Filling up the DagBag from /home/leizo/.local/lib/python3.8/site-packages/airflow/example_dags/tutorial_etl_dag.py
[2022-06-12 22:22:07,643] {processor.py:652} INFO - DAG(s) dict_keys(['tutorial_etl_dag']) retrieved from /home/leizo/.local/lib/python3.8/site-packages/airflow/example_dags/tutorial_etl_dag.py
[2022-06-12 22:22:07,657] {logging_mixin.py:109} INFO - [2022-06-12 22:22:07,656] {dag.py:2398} INFO - Sync 1 DAGs
[2022-06-12 22:22:07,671] {logging_mixin.py:109} INFO - [2022-06-12 22:22:07,671] {dag.py:2937} INFO - Setting next_dagrun for tutorial_etl_dag to None
[2022-06-12 22:22:07,687] {processor.py:171} INFO - Processing /home/leizo/.local/lib/python3.8/site-packages/airflow/example_dags/tutorial_etl_dag.py took 0.066 seconds
[2022-06-12 22:22:41,862] {processor.py:163} INFO - Started process (PID=1511) to work on /home/leizo/.local/lib/python3.8/site-packages/airflow/example_dags/tutorial_etl_dag.py
[2022-06-12 22:22:41,863] {processor.py:642} INFO - Processing file /home/leizo/.local/lib/python3.8/site-packages/airflow/example_dags/tutorial_etl_dag.py for tasks to queue
[2022-06-12 22:22:41,863] {logging_mixin.py:109} INFO - [2022-06-12 22:22:41,863] {dagbag.py:500} INFO - Filling up the DagBag from /home/leizo/.local/lib/python3.8/site-packages/airflow/example_dags/tutorial_etl_dag.py
[2022-06-12 22:22:41,874] {processor.py:652} INFO - DAG(s) dict_keys(['tutorial_etl_dag']) retrieved from /home/leizo/.local/lib/python3.8/site-packages/airflow/example_dags/tutorial_etl_dag.py
[2022-06-12 22:22:41,885] {logging_mixin.py:109} INFO - [2022-06-12 22:22:41,885] {dag.py:2398} INFO - Sync 1 DAGs
[2022-06-12 22:22:41,899] {logging_mixin.py:109} INFO - [2022-06-12 22:22:41,899] {dag.py:2937} INFO - Setting next_dagrun for tutorial_etl_dag to None
[2022-06-12 22:22:41,909] {processor.py:171} INFO - Processing /home/leizo/.local/lib/python3.8/site-packages/airflow/example_dags/tutorial_etl_dag.py took 0.050 seconds
[2022-06-12 22:23:16,269] {processor.py:163} INFO - Started process (PID=1545) to work on /home/leizo/.local/lib/python3.8/site-packages/airflow/example_dags/tutorial_etl_dag.py
[2022-06-12 22:23:16,272] {processor.py:642} INFO - Processing file /home/leizo/.local/lib/python3.8/site-packages/airflow/example_dags/tutorial_etl_dag.py for tasks to queue
[2022-06-12 22:23:16,273] {logging_mixin.py:109} INFO - [2022-06-12 22:23:16,272] {dagbag.py:500} INFO - Filling up the DagBag from /home/leizo/.local/lib/python3.8/site-packages/airflow/example_dags/tutorial_etl_dag.py
[2022-06-12 22:23:16,299] {processor.py:652} INFO - DAG(s) dict_keys(['tutorial_etl_dag']) retrieved from /home/leizo/.local/lib/python3.8/site-packages/airflow/example_dags/tutorial_etl_dag.py
[2022-06-12 22:23:16,322] {logging_mixin.py:109} INFO - [2022-06-12 22:23:16,322] {dag.py:2398} INFO - Sync 1 DAGs
[2022-06-12 22:23:16,333] {logging_mixin.py:109} INFO - [2022-06-12 22:23:16,333] {dag.py:2937} INFO - Setting next_dagrun for tutorial_etl_dag to None
[2022-06-12 22:23:16,344] {processor.py:171} INFO - Processing /home/leizo/.local/lib/python3.8/site-packages/airflow/example_dags/tutorial_etl_dag.py took 0.080 seconds
[2022-06-12 22:23:53,719] {processor.py:163} INFO - Started process (PID=1641) to work on /home/leizo/.local/lib/python3.8/site-packages/airflow/example_dags/tutorial_etl_dag.py
[2022-06-12 22:23:53,721] {processor.py:642} INFO - Processing file /home/leizo/.local/lib/python3.8/site-packages/airflow/example_dags/tutorial_etl_dag.py for tasks to queue
[2022-06-12 22:23:53,723] {logging_mixin.py:109} INFO - [2022-06-12 22:23:53,723] {dagbag.py:500} INFO - Filling up the DagBag from /home/leizo/.local/lib/python3.8/site-packages/airflow/example_dags/tutorial_etl_dag.py
[2022-06-12 22:23:53,739] {processor.py:652} INFO - DAG(s) dict_keys(['tutorial_etl_dag']) retrieved from /home/leizo/.local/lib/python3.8/site-packages/airflow/example_dags/tutorial_etl_dag.py
[2022-06-12 22:23:53,757] {logging_mixin.py:109} INFO - [2022-06-12 22:23:53,757] {dag.py:2398} INFO - Sync 1 DAGs
[2022-06-12 22:23:53,772] {logging_mixin.py:109} INFO - [2022-06-12 22:23:53,771] {dag.py:2937} INFO - Setting next_dagrun for tutorial_etl_dag to None
[2022-06-12 22:23:53,793] {processor.py:171} INFO - Processing /home/leizo/.local/lib/python3.8/site-packages/airflow/example_dags/tutorial_etl_dag.py took 0.077 seconds
[2022-06-12 22:24:28,703] {processor.py:163} INFO - Started process (PID=1675) to work on /home/leizo/.local/lib/python3.8/site-packages/airflow/example_dags/tutorial_etl_dag.py
[2022-06-12 22:24:28,706] {processor.py:642} INFO - Processing file /home/leizo/.local/lib/python3.8/site-packages/airflow/example_dags/tutorial_etl_dag.py for tasks to queue
[2022-06-12 22:24:28,706] {logging_mixin.py:109} INFO - [2022-06-12 22:24:28,706] {dagbag.py:500} INFO - Filling up the DagBag from /home/leizo/.local/lib/python3.8/site-packages/airflow/example_dags/tutorial_etl_dag.py
[2022-06-12 22:24:28,722] {processor.py:652} INFO - DAG(s) dict_keys(['tutorial_etl_dag']) retrieved from /home/leizo/.local/lib/python3.8/site-packages/airflow/example_dags/tutorial_etl_dag.py
[2022-06-12 22:24:28,737] {logging_mixin.py:109} INFO - [2022-06-12 22:24:28,736] {dag.py:2398} INFO - Sync 1 DAGs
[2022-06-12 22:24:28,753] {logging_mixin.py:109} INFO - [2022-06-12 22:24:28,753] {dag.py:2937} INFO - Setting next_dagrun for tutorial_etl_dag to None
[2022-06-12 22:24:28,774] {processor.py:171} INFO - Processing /home/leizo/.local/lib/python3.8/site-packages/airflow/example_dags/tutorial_etl_dag.py took 0.076 seconds
[2022-06-12 22:25:05,795] {processor.py:163} INFO - Started process (PID=1746) to work on /home/leizo/.local/lib/python3.8/site-packages/airflow/example_dags/tutorial_etl_dag.py
[2022-06-12 22:25:05,796] {processor.py:642} INFO - Processing file /home/leizo/.local/lib/python3.8/site-packages/airflow/example_dags/tutorial_etl_dag.py for tasks to queue
[2022-06-12 22:25:05,797] {logging_mixin.py:109} INFO - [2022-06-12 22:25:05,797] {dagbag.py:500} INFO - Filling up the DagBag from /home/leizo/.local/lib/python3.8/site-packages/airflow/example_dags/tutorial_etl_dag.py
[2022-06-12 22:25:05,817] {processor.py:652} INFO - DAG(s) dict_keys(['tutorial_etl_dag']) retrieved from /home/leizo/.local/lib/python3.8/site-packages/airflow/example_dags/tutorial_etl_dag.py
[2022-06-12 22:25:05,836] {logging_mixin.py:109} INFO - [2022-06-12 22:25:05,836] {dag.py:2398} INFO - Sync 1 DAGs
[2022-06-12 22:25:05,858] {logging_mixin.py:109} INFO - [2022-06-12 22:25:05,858] {dag.py:2937} INFO - Setting next_dagrun for tutorial_etl_dag to None
[2022-06-12 22:25:05,878] {processor.py:171} INFO - Processing /home/leizo/.local/lib/python3.8/site-packages/airflow/example_dags/tutorial_etl_dag.py took 0.088 seconds
[2022-06-12 22:25:46,345] {processor.py:163} INFO - Started process (PID=1786) to work on /home/leizo/.local/lib/python3.8/site-packages/airflow/example_dags/tutorial_etl_dag.py
[2022-06-12 22:25:46,352] {processor.py:642} INFO - Processing file /home/leizo/.local/lib/python3.8/site-packages/airflow/example_dags/tutorial_etl_dag.py for tasks to queue
[2022-06-12 22:25:46,354] {logging_mixin.py:109} INFO - [2022-06-12 22:25:46,354] {dagbag.py:500} INFO - Filling up the DagBag from /home/leizo/.local/lib/python3.8/site-packages/airflow/example_dags/tutorial_etl_dag.py
[2022-06-12 22:25:46,376] {processor.py:652} INFO - DAG(s) dict_keys(['tutorial_etl_dag']) retrieved from /home/leizo/.local/lib/python3.8/site-packages/airflow/example_dags/tutorial_etl_dag.py
[2022-06-12 22:25:46,402] {logging_mixin.py:109} INFO - [2022-06-12 22:25:46,401] {dag.py:2398} INFO - Sync 1 DAGs
[2022-06-12 22:25:46,412] {logging_mixin.py:109} INFO - [2022-06-12 22:25:46,412] {dag.py:2937} INFO - Setting next_dagrun for tutorial_etl_dag to None
[2022-06-12 22:25:46,424] {processor.py:171} INFO - Processing /home/leizo/.local/lib/python3.8/site-packages/airflow/example_dags/tutorial_etl_dag.py took 0.098 seconds
[2022-06-12 22:26:30,255] {processor.py:163} INFO - Started process (PID=1824) to work on /home/leizo/.local/lib/python3.8/site-packages/airflow/example_dags/tutorial_etl_dag.py
[2022-06-12 22:26:30,258] {processor.py:642} INFO - Processing file /home/leizo/.local/lib/python3.8/site-packages/airflow/example_dags/tutorial_etl_dag.py for tasks to queue
[2022-06-12 22:26:30,260] {logging_mixin.py:109} INFO - [2022-06-12 22:26:30,259] {dagbag.py:500} INFO - Filling up the DagBag from /home/leizo/.local/lib/python3.8/site-packages/airflow/example_dags/tutorial_etl_dag.py
[2022-06-12 22:26:30,290] {processor.py:652} INFO - DAG(s) dict_keys(['tutorial_etl_dag']) retrieved from /home/leizo/.local/lib/python3.8/site-packages/airflow/example_dags/tutorial_etl_dag.py
[2022-06-12 22:26:30,307] {logging_mixin.py:109} INFO - [2022-06-12 22:26:30,307] {dag.py:2398} INFO - Sync 1 DAGs
[2022-06-12 22:26:30,330] {logging_mixin.py:109} INFO - [2022-06-12 22:26:30,330] {dag.py:2937} INFO - Setting next_dagrun for tutorial_etl_dag to None
[2022-06-12 22:26:30,354] {processor.py:171} INFO - Processing /home/leizo/.local/lib/python3.8/site-packages/airflow/example_dags/tutorial_etl_dag.py took 0.104 seconds
[2022-06-12 22:27:13,535] {processor.py:163} INFO - Started process (PID=1879) to work on /home/leizo/.local/lib/python3.8/site-packages/airflow/example_dags/tutorial_etl_dag.py
[2022-06-12 22:27:13,540] {processor.py:642} INFO - Processing file /home/leizo/.local/lib/python3.8/site-packages/airflow/example_dags/tutorial_etl_dag.py for tasks to queue
[2022-06-12 22:27:13,543] {logging_mixin.py:109} INFO - [2022-06-12 22:27:13,542] {dagbag.py:500} INFO - Filling up the DagBag from /home/leizo/.local/lib/python3.8/site-packages/airflow/example_dags/tutorial_etl_dag.py
[2022-06-12 22:27:13,573] {processor.py:652} INFO - DAG(s) dict_keys(['tutorial_etl_dag']) retrieved from /home/leizo/.local/lib/python3.8/site-packages/airflow/example_dags/tutorial_etl_dag.py
[2022-06-12 22:27:13,595] {logging_mixin.py:109} INFO - [2022-06-12 22:27:13,594] {dag.py:2398} INFO - Sync 1 DAGs
[2022-06-12 22:27:13,617] {logging_mixin.py:109} INFO - [2022-06-12 22:27:13,617] {dag.py:2937} INFO - Setting next_dagrun for tutorial_etl_dag to None
[2022-06-12 22:27:13,636] {processor.py:171} INFO - Processing /home/leizo/.local/lib/python3.8/site-packages/airflow/example_dags/tutorial_etl_dag.py took 0.106 seconds
[2022-06-12 22:28:17,887] {processor.py:163} INFO - Started process (PID=1937) to work on /home/leizo/.local/lib/python3.8/site-packages/airflow/example_dags/tutorial_etl_dag.py
[2022-06-12 22:28:17,890] {processor.py:642} INFO - Processing file /home/leizo/.local/lib/python3.8/site-packages/airflow/example_dags/tutorial_etl_dag.py for tasks to queue
[2022-06-12 22:28:17,891] {logging_mixin.py:109} INFO - [2022-06-12 22:28:17,891] {dagbag.py:500} INFO - Filling up the DagBag from /home/leizo/.local/lib/python3.8/site-packages/airflow/example_dags/tutorial_etl_dag.py
[2022-06-12 22:28:17,923] {processor.py:652} INFO - DAG(s) dict_keys(['tutorial_etl_dag']) retrieved from /home/leizo/.local/lib/python3.8/site-packages/airflow/example_dags/tutorial_etl_dag.py
[2022-06-12 22:28:17,957] {logging_mixin.py:109} INFO - [2022-06-12 22:28:17,957] {dag.py:2398} INFO - Sync 1 DAGs
[2022-06-12 22:28:17,988] {logging_mixin.py:109} INFO - [2022-06-12 22:28:17,988] {dag.py:2937} INFO - Setting next_dagrun for tutorial_etl_dag to None
[2022-06-12 22:28:18,016] {processor.py:171} INFO - Processing /home/leizo/.local/lib/python3.8/site-packages/airflow/example_dags/tutorial_etl_dag.py took 0.134 seconds
[2022-06-12 22:28:57,691] {processor.py:163} INFO - Started process (PID=2057) to work on /home/leizo/.local/lib/python3.8/site-packages/airflow/example_dags/tutorial_etl_dag.py
[2022-06-12 22:28:57,694] {processor.py:642} INFO - Processing file /home/leizo/.local/lib/python3.8/site-packages/airflow/example_dags/tutorial_etl_dag.py for tasks to queue
[2022-06-12 22:28:57,696] {logging_mixin.py:109} INFO - [2022-06-12 22:28:57,695] {dagbag.py:500} INFO - Filling up the DagBag from /home/leizo/.local/lib/python3.8/site-packages/airflow/example_dags/tutorial_etl_dag.py
[2022-06-12 22:28:57,724] {processor.py:652} INFO - DAG(s) dict_keys(['tutorial_etl_dag']) retrieved from /home/leizo/.local/lib/python3.8/site-packages/airflow/example_dags/tutorial_etl_dag.py
[2022-06-12 22:28:57,745] {logging_mixin.py:109} INFO - [2022-06-12 22:28:57,745] {dag.py:2398} INFO - Sync 1 DAGs
[2022-06-12 22:28:57,760] {logging_mixin.py:109} INFO - [2022-06-12 22:28:57,760] {dag.py:2937} INFO - Setting next_dagrun for tutorial_etl_dag to None
[2022-06-12 22:28:57,779] {processor.py:171} INFO - Processing /home/leizo/.local/lib/python3.8/site-packages/airflow/example_dags/tutorial_etl_dag.py took 0.093 seconds
[2022-06-12 22:29:41,539] {processor.py:163} INFO - Started process (PID=2127) to work on /home/leizo/.local/lib/python3.8/site-packages/airflow/example_dags/tutorial_etl_dag.py
[2022-06-12 22:29:41,541] {processor.py:642} INFO - Processing file /home/leizo/.local/lib/python3.8/site-packages/airflow/example_dags/tutorial_etl_dag.py for tasks to queue
[2022-06-12 22:29:41,542] {logging_mixin.py:109} INFO - [2022-06-12 22:29:41,542] {dagbag.py:500} INFO - Filling up the DagBag from /home/leizo/.local/lib/python3.8/site-packages/airflow/example_dags/tutorial_etl_dag.py
[2022-06-12 22:29:41,563] {processor.py:652} INFO - DAG(s) dict_keys(['tutorial_etl_dag']) retrieved from /home/leizo/.local/lib/python3.8/site-packages/airflow/example_dags/tutorial_etl_dag.py
[2022-06-12 22:29:41,584] {logging_mixin.py:109} INFO - [2022-06-12 22:29:41,584] {dag.py:2398} INFO - Sync 1 DAGs
[2022-06-12 22:29:41,596] {logging_mixin.py:109} INFO - [2022-06-12 22:29:41,595] {dag.py:2937} INFO - Setting next_dagrun for tutorial_etl_dag to None
[2022-06-12 22:29:41,613] {processor.py:171} INFO - Processing /home/leizo/.local/lib/python3.8/site-packages/airflow/example_dags/tutorial_etl_dag.py took 0.076 seconds
[2022-06-12 22:30:20,965] {processor.py:163} INFO - Started process (PID=2264) to work on /home/leizo/.local/lib/python3.8/site-packages/airflow/example_dags/tutorial_etl_dag.py
[2022-06-12 22:30:20,969] {processor.py:642} INFO - Processing file /home/leizo/.local/lib/python3.8/site-packages/airflow/example_dags/tutorial_etl_dag.py for tasks to queue
[2022-06-12 22:30:20,970] {logging_mixin.py:109} INFO - [2022-06-12 22:30:20,970] {dagbag.py:500} INFO - Filling up the DagBag from /home/leizo/.local/lib/python3.8/site-packages/airflow/example_dags/tutorial_etl_dag.py
[2022-06-12 22:30:20,993] {processor.py:652} INFO - DAG(s) dict_keys(['tutorial_etl_dag']) retrieved from /home/leizo/.local/lib/python3.8/site-packages/airflow/example_dags/tutorial_etl_dag.py
[2022-06-12 22:30:21,004] {logging_mixin.py:109} INFO - [2022-06-12 22:30:21,004] {dag.py:2398} INFO - Sync 1 DAGs
[2022-06-12 22:30:21,017] {logging_mixin.py:109} INFO - [2022-06-12 22:30:21,016] {dag.py:2937} INFO - Setting next_dagrun for tutorial_etl_dag to None
[2022-06-12 22:30:21,030] {processor.py:171} INFO - Processing /home/leizo/.local/lib/python3.8/site-packages/airflow/example_dags/tutorial_etl_dag.py took 0.071 seconds
[2022-06-12 22:31:06,163] {processor.py:163} INFO - Started process (PID=2347) to work on /home/leizo/.local/lib/python3.8/site-packages/airflow/example_dags/tutorial_etl_dag.py
[2022-06-12 22:31:06,167] {processor.py:642} INFO - Processing file /home/leizo/.local/lib/python3.8/site-packages/airflow/example_dags/tutorial_etl_dag.py for tasks to queue
[2022-06-12 22:31:06,169] {logging_mixin.py:109} INFO - [2022-06-12 22:31:06,169] {dagbag.py:500} INFO - Filling up the DagBag from /home/leizo/.local/lib/python3.8/site-packages/airflow/example_dags/tutorial_etl_dag.py
[2022-06-12 22:31:06,195] {processor.py:652} INFO - DAG(s) dict_keys(['tutorial_etl_dag']) retrieved from /home/leizo/.local/lib/python3.8/site-packages/airflow/example_dags/tutorial_etl_dag.py
[2022-06-12 22:31:06,215] {logging_mixin.py:109} INFO - [2022-06-12 22:31:06,215] {dag.py:2398} INFO - Sync 1 DAGs
[2022-06-12 22:31:06,236] {logging_mixin.py:109} INFO - [2022-06-12 22:31:06,236] {dag.py:2937} INFO - Setting next_dagrun for tutorial_etl_dag to None
[2022-06-12 22:31:06,254] {processor.py:171} INFO - Processing /home/leizo/.local/lib/python3.8/site-packages/airflow/example_dags/tutorial_etl_dag.py took 0.097 seconds
[2022-06-12 22:31:47,838] {processor.py:163} INFO - Started process (PID=2461) to work on /home/leizo/.local/lib/python3.8/site-packages/airflow/example_dags/tutorial_etl_dag.py
[2022-06-12 22:31:47,840] {processor.py:642} INFO - Processing file /home/leizo/.local/lib/python3.8/site-packages/airflow/example_dags/tutorial_etl_dag.py for tasks to queue
[2022-06-12 22:31:47,841] {logging_mixin.py:109} INFO - [2022-06-12 22:31:47,841] {dagbag.py:500} INFO - Filling up the DagBag from /home/leizo/.local/lib/python3.8/site-packages/airflow/example_dags/tutorial_etl_dag.py
[2022-06-12 22:31:47,856] {processor.py:652} INFO - DAG(s) dict_keys(['tutorial_etl_dag']) retrieved from /home/leizo/.local/lib/python3.8/site-packages/airflow/example_dags/tutorial_etl_dag.py
[2022-06-12 22:31:47,866] {logging_mixin.py:109} INFO - [2022-06-12 22:31:47,866] {dag.py:2398} INFO - Sync 1 DAGs
[2022-06-12 22:31:47,875] {logging_mixin.py:109} INFO - [2022-06-12 22:31:47,875] {dag.py:2937} INFO - Setting next_dagrun for tutorial_etl_dag to None
[2022-06-12 22:31:47,888] {processor.py:171} INFO - Processing /home/leizo/.local/lib/python3.8/site-packages/airflow/example_dags/tutorial_etl_dag.py took 0.052 seconds
[2022-06-12 22:32:28,793] {processor.py:163} INFO - Started process (PID=2532) to work on /home/leizo/.local/lib/python3.8/site-packages/airflow/example_dags/tutorial_etl_dag.py
[2022-06-12 22:32:28,795] {processor.py:642} INFO - Processing file /home/leizo/.local/lib/python3.8/site-packages/airflow/example_dags/tutorial_etl_dag.py for tasks to queue
[2022-06-12 22:32:28,796] {logging_mixin.py:109} INFO - [2022-06-12 22:32:28,796] {dagbag.py:500} INFO - Filling up the DagBag from /home/leizo/.local/lib/python3.8/site-packages/airflow/example_dags/tutorial_etl_dag.py
[2022-06-12 22:32:28,808] {processor.py:652} INFO - DAG(s) dict_keys(['tutorial_etl_dag']) retrieved from /home/leizo/.local/lib/python3.8/site-packages/airflow/example_dags/tutorial_etl_dag.py
[2022-06-12 22:32:28,820] {logging_mixin.py:109} INFO - [2022-06-12 22:32:28,819] {dag.py:2398} INFO - Sync 1 DAGs
[2022-06-12 22:32:28,832] {logging_mixin.py:109} INFO - [2022-06-12 22:32:28,832] {dag.py:2937} INFO - Setting next_dagrun for tutorial_etl_dag to None
[2022-06-12 22:32:28,848] {processor.py:171} INFO - Processing /home/leizo/.local/lib/python3.8/site-packages/airflow/example_dags/tutorial_etl_dag.py took 0.057 seconds
[2022-06-12 22:33:09,616] {processor.py:163} INFO - Started process (PID=2588) to work on /home/leizo/.local/lib/python3.8/site-packages/airflow/example_dags/tutorial_etl_dag.py
[2022-06-12 22:33:09,619] {processor.py:642} INFO - Processing file /home/leizo/.local/lib/python3.8/site-packages/airflow/example_dags/tutorial_etl_dag.py for tasks to queue
[2022-06-12 22:33:09,619] {logging_mixin.py:109} INFO - [2022-06-12 22:33:09,619] {dagbag.py:500} INFO - Filling up the DagBag from /home/leizo/.local/lib/python3.8/site-packages/airflow/example_dags/tutorial_etl_dag.py
[2022-06-12 22:33:09,636] {processor.py:652} INFO - DAG(s) dict_keys(['tutorial_etl_dag']) retrieved from /home/leizo/.local/lib/python3.8/site-packages/airflow/example_dags/tutorial_etl_dag.py
[2022-06-12 22:33:09,652] {logging_mixin.py:109} INFO - [2022-06-12 22:33:09,652] {dag.py:2398} INFO - Sync 1 DAGs
[2022-06-12 22:33:09,667] {logging_mixin.py:109} INFO - [2022-06-12 22:33:09,667] {dag.py:2937} INFO - Setting next_dagrun for tutorial_etl_dag to None
[2022-06-12 22:33:09,682] {processor.py:171} INFO - Processing /home/leizo/.local/lib/python3.8/site-packages/airflow/example_dags/tutorial_etl_dag.py took 0.069 seconds
[2022-06-12 22:33:49,852] {processor.py:163} INFO - Started process (PID=2664) to work on /home/leizo/.local/lib/python3.8/site-packages/airflow/example_dags/tutorial_etl_dag.py
[2022-06-12 22:33:49,854] {processor.py:642} INFO - Processing file /home/leizo/.local/lib/python3.8/site-packages/airflow/example_dags/tutorial_etl_dag.py for tasks to queue
[2022-06-12 22:33:49,855] {logging_mixin.py:109} INFO - [2022-06-12 22:33:49,855] {dagbag.py:500} INFO - Filling up the DagBag from /home/leizo/.local/lib/python3.8/site-packages/airflow/example_dags/tutorial_etl_dag.py
[2022-06-12 22:33:49,869] {processor.py:652} INFO - DAG(s) dict_keys(['tutorial_etl_dag']) retrieved from /home/leizo/.local/lib/python3.8/site-packages/airflow/example_dags/tutorial_etl_dag.py
[2022-06-12 22:33:49,878] {logging_mixin.py:109} INFO - [2022-06-12 22:33:49,878] {dag.py:2398} INFO - Sync 1 DAGs
[2022-06-12 22:33:49,887] {logging_mixin.py:109} INFO - [2022-06-12 22:33:49,887] {dag.py:2937} INFO - Setting next_dagrun for tutorial_etl_dag to None
[2022-06-12 22:33:49,898] {processor.py:171} INFO - Processing /home/leizo/.local/lib/python3.8/site-packages/airflow/example_dags/tutorial_etl_dag.py took 0.048 seconds
[2022-06-12 22:34:31,316] {processor.py:163} INFO - Started process (PID=2744) to work on /home/leizo/.local/lib/python3.8/site-packages/airflow/example_dags/tutorial_etl_dag.py
[2022-06-12 22:34:31,318] {processor.py:642} INFO - Processing file /home/leizo/.local/lib/python3.8/site-packages/airflow/example_dags/tutorial_etl_dag.py for tasks to queue
[2022-06-12 22:34:31,320] {logging_mixin.py:109} INFO - [2022-06-12 22:34:31,319] {dagbag.py:500} INFO - Filling up the DagBag from /home/leizo/.local/lib/python3.8/site-packages/airflow/example_dags/tutorial_etl_dag.py
[2022-06-12 22:34:31,351] {processor.py:652} INFO - DAG(s) dict_keys(['tutorial_etl_dag']) retrieved from /home/leizo/.local/lib/python3.8/site-packages/airflow/example_dags/tutorial_etl_dag.py
[2022-06-12 22:34:31,369] {logging_mixin.py:109} INFO - [2022-06-12 22:34:31,369] {dag.py:2398} INFO - Sync 1 DAGs
[2022-06-12 22:34:31,393] {logging_mixin.py:109} INFO - [2022-06-12 22:34:31,393] {dag.py:2937} INFO - Setting next_dagrun for tutorial_etl_dag to None
[2022-06-12 22:34:31,412] {processor.py:171} INFO - Processing /home/leizo/.local/lib/python3.8/site-packages/airflow/example_dags/tutorial_etl_dag.py took 0.103 seconds
[2022-06-12 22:35:12,952] {processor.py:163} INFO - Started process (PID=2850) to work on /home/leizo/.local/lib/python3.8/site-packages/airflow/example_dags/tutorial_etl_dag.py
[2022-06-12 22:35:12,956] {processor.py:642} INFO - Processing file /home/leizo/.local/lib/python3.8/site-packages/airflow/example_dags/tutorial_etl_dag.py for tasks to queue
[2022-06-12 22:35:12,957] {logging_mixin.py:109} INFO - [2022-06-12 22:35:12,957] {dagbag.py:500} INFO - Filling up the DagBag from /home/leizo/.local/lib/python3.8/site-packages/airflow/example_dags/tutorial_etl_dag.py
[2022-06-12 22:35:12,996] {processor.py:652} INFO - DAG(s) dict_keys(['tutorial_etl_dag']) retrieved from /home/leizo/.local/lib/python3.8/site-packages/airflow/example_dags/tutorial_etl_dag.py
[2022-06-12 22:35:13,030] {logging_mixin.py:109} INFO - [2022-06-12 22:35:13,030] {dag.py:2398} INFO - Sync 1 DAGs
[2022-06-12 22:35:13,056] {logging_mixin.py:109} INFO - [2022-06-12 22:35:13,056] {dag.py:2937} INFO - Setting next_dagrun for tutorial_etl_dag to None
[2022-06-12 22:35:13,076] {processor.py:171} INFO - Processing /home/leizo/.local/lib/python3.8/site-packages/airflow/example_dags/tutorial_etl_dag.py took 0.131 seconds
[2022-06-12 22:35:54,674] {processor.py:163} INFO - Started process (PID=2927) to work on /home/leizo/.local/lib/python3.8/site-packages/airflow/example_dags/tutorial_etl_dag.py
[2022-06-12 22:35:54,679] {processor.py:642} INFO - Processing file /home/leizo/.local/lib/python3.8/site-packages/airflow/example_dags/tutorial_etl_dag.py for tasks to queue
[2022-06-12 22:35:54,680] {logging_mixin.py:109} INFO - [2022-06-12 22:35:54,680] {dagbag.py:500} INFO - Filling up the DagBag from /home/leizo/.local/lib/python3.8/site-packages/airflow/example_dags/tutorial_etl_dag.py
[2022-06-12 22:35:54,697] {processor.py:652} INFO - DAG(s) dict_keys(['tutorial_etl_dag']) retrieved from /home/leizo/.local/lib/python3.8/site-packages/airflow/example_dags/tutorial_etl_dag.py
[2022-06-12 22:35:54,712] {logging_mixin.py:109} INFO - [2022-06-12 22:35:54,712] {dag.py:2398} INFO - Sync 1 DAGs
[2022-06-12 22:35:54,728] {logging_mixin.py:109} INFO - [2022-06-12 22:35:54,728] {dag.py:2937} INFO - Setting next_dagrun for tutorial_etl_dag to None
[2022-06-12 22:35:54,754] {processor.py:171} INFO - Processing /home/leizo/.local/lib/python3.8/site-packages/airflow/example_dags/tutorial_etl_dag.py took 0.083 seconds
[2022-06-12 22:36:36,488] {processor.py:163} INFO - Started process (PID=2999) to work on /home/leizo/.local/lib/python3.8/site-packages/airflow/example_dags/tutorial_etl_dag.py
[2022-06-12 22:36:36,491] {processor.py:642} INFO - Processing file /home/leizo/.local/lib/python3.8/site-packages/airflow/example_dags/tutorial_etl_dag.py for tasks to queue
[2022-06-12 22:36:36,492] {logging_mixin.py:109} INFO - [2022-06-12 22:36:36,492] {dagbag.py:500} INFO - Filling up the DagBag from /home/leizo/.local/lib/python3.8/site-packages/airflow/example_dags/tutorial_etl_dag.py
[2022-06-12 22:36:36,514] {processor.py:652} INFO - DAG(s) dict_keys(['tutorial_etl_dag']) retrieved from /home/leizo/.local/lib/python3.8/site-packages/airflow/example_dags/tutorial_etl_dag.py
[2022-06-12 22:36:36,532] {logging_mixin.py:109} INFO - [2022-06-12 22:36:36,531] {dag.py:2398} INFO - Sync 1 DAGs
[2022-06-12 22:36:36,554] {logging_mixin.py:109} INFO - [2022-06-12 22:36:36,554] {dag.py:2937} INFO - Setting next_dagrun for tutorial_etl_dag to None
[2022-06-12 22:36:36,573] {processor.py:171} INFO - Processing /home/leizo/.local/lib/python3.8/site-packages/airflow/example_dags/tutorial_etl_dag.py took 0.089 seconds
[2022-06-12 22:37:18,145] {processor.py:163} INFO - Started process (PID=3055) to work on /home/leizo/.local/lib/python3.8/site-packages/airflow/example_dags/tutorial_etl_dag.py
[2022-06-12 22:37:18,148] {processor.py:642} INFO - Processing file /home/leizo/.local/lib/python3.8/site-packages/airflow/example_dags/tutorial_etl_dag.py for tasks to queue
[2022-06-12 22:37:18,150] {logging_mixin.py:109} INFO - [2022-06-12 22:37:18,149] {dagbag.py:500} INFO - Filling up the DagBag from /home/leizo/.local/lib/python3.8/site-packages/airflow/example_dags/tutorial_etl_dag.py
[2022-06-12 22:37:18,172] {processor.py:652} INFO - DAG(s) dict_keys(['tutorial_etl_dag']) retrieved from /home/leizo/.local/lib/python3.8/site-packages/airflow/example_dags/tutorial_etl_dag.py
[2022-06-12 22:37:18,181] {logging_mixin.py:109} INFO - [2022-06-12 22:37:18,181] {dag.py:2398} INFO - Sync 1 DAGs
[2022-06-12 22:37:18,196] {logging_mixin.py:109} INFO - [2022-06-12 22:37:18,196] {dag.py:2937} INFO - Setting next_dagrun for tutorial_etl_dag to None
[2022-06-12 22:37:18,213] {processor.py:171} INFO - Processing /home/leizo/.local/lib/python3.8/site-packages/airflow/example_dags/tutorial_etl_dag.py took 0.074 seconds
[2022-06-12 22:37:59,148] {processor.py:163} INFO - Started process (PID=3095) to work on /home/leizo/.local/lib/python3.8/site-packages/airflow/example_dags/tutorial_etl_dag.py
[2022-06-12 22:37:59,150] {processor.py:642} INFO - Processing file /home/leizo/.local/lib/python3.8/site-packages/airflow/example_dags/tutorial_etl_dag.py for tasks to queue
[2022-06-12 22:37:59,151] {logging_mixin.py:109} INFO - [2022-06-12 22:37:59,151] {dagbag.py:500} INFO - Filling up the DagBag from /home/leizo/.local/lib/python3.8/site-packages/airflow/example_dags/tutorial_etl_dag.py
[2022-06-12 22:37:59,164] {processor.py:652} INFO - DAG(s) dict_keys(['tutorial_etl_dag']) retrieved from /home/leizo/.local/lib/python3.8/site-packages/airflow/example_dags/tutorial_etl_dag.py
[2022-06-12 22:37:59,177] {logging_mixin.py:109} INFO - [2022-06-12 22:37:59,177] {dag.py:2398} INFO - Sync 1 DAGs
[2022-06-12 22:37:59,190] {logging_mixin.py:109} INFO - [2022-06-12 22:37:59,190] {dag.py:2937} INFO - Setting next_dagrun for tutorial_etl_dag to None
[2022-06-12 22:37:59,208] {processor.py:171} INFO - Processing /home/leizo/.local/lib/python3.8/site-packages/airflow/example_dags/tutorial_etl_dag.py took 0.062 seconds
[2022-06-12 22:38:37,420] {processor.py:163} INFO - Started process (PID=3129) to work on /home/leizo/.local/lib/python3.8/site-packages/airflow/example_dags/tutorial_etl_dag.py
[2022-06-12 22:38:37,424] {processor.py:642} INFO - Processing file /home/leizo/.local/lib/python3.8/site-packages/airflow/example_dags/tutorial_etl_dag.py for tasks to queue
[2022-06-12 22:38:37,425] {logging_mixin.py:109} INFO - [2022-06-12 22:38:37,425] {dagbag.py:500} INFO - Filling up the DagBag from /home/leizo/.local/lib/python3.8/site-packages/airflow/example_dags/tutorial_etl_dag.py
[2022-06-12 22:38:37,448] {processor.py:652} INFO - DAG(s) dict_keys(['tutorial_etl_dag']) retrieved from /home/leizo/.local/lib/python3.8/site-packages/airflow/example_dags/tutorial_etl_dag.py
[2022-06-12 22:38:37,474] {logging_mixin.py:109} INFO - [2022-06-12 22:38:37,474] {dag.py:2398} INFO - Sync 1 DAGs
[2022-06-12 22:38:37,492] {logging_mixin.py:109} INFO - [2022-06-12 22:38:37,492] {dag.py:2937} INFO - Setting next_dagrun for tutorial_etl_dag to None
[2022-06-12 22:38:37,506] {processor.py:171} INFO - Processing /home/leizo/.local/lib/python3.8/site-packages/airflow/example_dags/tutorial_etl_dag.py took 0.092 seconds
[2022-06-12 22:39:19,094] {processor.py:163} INFO - Started process (PID=3232) to work on /home/leizo/.local/lib/python3.8/site-packages/airflow/example_dags/tutorial_etl_dag.py
[2022-06-12 22:39:19,099] {processor.py:642} INFO - Processing file /home/leizo/.local/lib/python3.8/site-packages/airflow/example_dags/tutorial_etl_dag.py for tasks to queue
[2022-06-12 22:39:19,100] {logging_mixin.py:109} INFO - [2022-06-12 22:39:19,100] {dagbag.py:500} INFO - Filling up the DagBag from /home/leizo/.local/lib/python3.8/site-packages/airflow/example_dags/tutorial_etl_dag.py
[2022-06-12 22:39:19,129] {processor.py:652} INFO - DAG(s) dict_keys(['tutorial_etl_dag']) retrieved from /home/leizo/.local/lib/python3.8/site-packages/airflow/example_dags/tutorial_etl_dag.py
[2022-06-12 22:39:19,150] {logging_mixin.py:109} INFO - [2022-06-12 22:39:19,150] {dag.py:2398} INFO - Sync 1 DAGs
[2022-06-12 22:39:19,163] {logging_mixin.py:109} INFO - [2022-06-12 22:39:19,163] {dag.py:2937} INFO - Setting next_dagrun for tutorial_etl_dag to None
[2022-06-12 22:39:19,180] {processor.py:171} INFO - Processing /home/leizo/.local/lib/python3.8/site-packages/airflow/example_dags/tutorial_etl_dag.py took 0.091 seconds
[2022-06-12 22:39:59,708] {processor.py:163} INFO - Started process (PID=3274) to work on /home/leizo/.local/lib/python3.8/site-packages/airflow/example_dags/tutorial_etl_dag.py
[2022-06-12 22:39:59,710] {processor.py:642} INFO - Processing file /home/leizo/.local/lib/python3.8/site-packages/airflow/example_dags/tutorial_etl_dag.py for tasks to queue
[2022-06-12 22:39:59,711] {logging_mixin.py:109} INFO - [2022-06-12 22:39:59,711] {dagbag.py:500} INFO - Filling up the DagBag from /home/leizo/.local/lib/python3.8/site-packages/airflow/example_dags/tutorial_etl_dag.py
[2022-06-12 22:39:59,726] {processor.py:652} INFO - DAG(s) dict_keys(['tutorial_etl_dag']) retrieved from /home/leizo/.local/lib/python3.8/site-packages/airflow/example_dags/tutorial_etl_dag.py
[2022-06-12 22:39:59,739] {logging_mixin.py:109} INFO - [2022-06-12 22:39:59,739] {dag.py:2398} INFO - Sync 1 DAGs
[2022-06-12 22:39:59,752] {logging_mixin.py:109} INFO - [2022-06-12 22:39:59,752] {dag.py:2937} INFO - Setting next_dagrun for tutorial_etl_dag to None
[2022-06-12 22:39:59,768] {processor.py:171} INFO - Processing /home/leizo/.local/lib/python3.8/site-packages/airflow/example_dags/tutorial_etl_dag.py took 0.064 seconds
