[2022-06-13 21:54:53,351] {taskinstance.py:1043} INFO - Dependencies all met for <TaskInstance: my_first_dag.format_data_from_spotify manual__2022-06-13T19:54:35.221267+00:00 [queued]>
[2022-06-13 21:54:53,362] {taskinstance.py:1043} INFO - Dependencies all met for <TaskInstance: my_first_dag.format_data_from_spotify manual__2022-06-13T19:54:35.221267+00:00 [queued]>
[2022-06-13 21:54:53,362] {taskinstance.py:1249} INFO - 
--------------------------------------------------------------------------------
[2022-06-13 21:54:53,362] {taskinstance.py:1250} INFO - Starting attempt 1 of 2
[2022-06-13 21:54:53,363] {taskinstance.py:1251} INFO - 
--------------------------------------------------------------------------------
[2022-06-13 21:54:53,377] {taskinstance.py:1270} INFO - Executing <Task(PythonOperator): format_data_from_spotify> on 2022-06-13 19:54:35.221267+00:00
[2022-06-13 21:54:53,379] {standard_task_runner.py:52} INFO - Started process 2707 to run task
[2022-06-13 21:54:53,384] {standard_task_runner.py:79} INFO - Running: ['airflow', 'tasks', 'run', 'my_first_dag', 'format_data_from_spotify', 'manual__2022-06-13T19:54:35.221267+00:00', '--job-id', '36', '--raw', '--subdir', 'DAGS_FOLDER/my_first_dag.py', '--cfg-path', '/tmp/tmpl2pw_lu8', '--error-file', '/tmp/tmpsx6umnze']
[2022-06-13 21:54:53,385] {standard_task_runner.py:80} INFO - Job 36: Subtask format_data_from_spotify
[2022-06-13 21:54:53,427] {logging_mixin.py:109} INFO - Running <TaskInstance: my_first_dag.format_data_from_spotify manual__2022-06-13T19:54:35.221267+00:00 [running]> on host LAPTOP-M1F9EL62.localdomain
[2022-06-13 21:54:53,473] {taskinstance.py:1446} INFO - Exporting the following env vars:
AIRFLOW_CTX_DAG_EMAIL=airflow@example.com
AIRFLOW_CTX_DAG_OWNER=airflow
AIRFLOW_CTX_DAG_ID=my_first_dag
AIRFLOW_CTX_TASK_ID=format_data_from_spotify
AIRFLOW_CTX_EXECUTION_DATE=2022-06-13T19:54:35.221267+00:00
AIRFLOW_CTX_DAG_RUN_ID=manual__2022-06-13T19:54:35.221267+00:00
[2022-06-13 21:54:53,474] {logging_mixin.py:109} INFO - Hello Airflow - This is Task with task_number: task4
[2022-06-13 21:54:53,474] {logging_mixin.py:109} INFO - kwargs['dag_run'] 2022-06-13 19:54:35.221267+00:00
[2022-06-13 21:54:53,474] {python.py:175} INFO - Done. Returned value was: None
[2022-06-13 21:54:53,480] {taskinstance.py:1278} INFO - Marking task as SUCCESS. dag_id=my_first_dag, task_id=format_data_from_spotify, execution_date=20220613T195435, start_date=20220613T195453, end_date=20220613T195453
[2022-06-13 21:54:53,516] {local_task_job.py:154} INFO - Task exited with return code 0
[2022-06-13 21:54:53,546] {local_task_job.py:264} INFO - 1 downstream tasks scheduled from follow-on schedule check
