[2022-06-20 16:13:04,011] {taskinstance.py:1043} INFO - Dependencies all met for <TaskInstance: my_first_dag.fetch_data_from_lastfm manual__2022-06-20T14:12:43.649664+00:00 [queued]>
[2022-06-20 16:13:04,018] {taskinstance.py:1043} INFO - Dependencies all met for <TaskInstance: my_first_dag.fetch_data_from_lastfm manual__2022-06-20T14:12:43.649664+00:00 [queued]>
[2022-06-20 16:13:04,018] {taskinstance.py:1249} INFO - 
--------------------------------------------------------------------------------
[2022-06-20 16:13:04,018] {taskinstance.py:1250} INFO - Starting attempt 1 of 2
[2022-06-20 16:13:04,019] {taskinstance.py:1251} INFO - 
--------------------------------------------------------------------------------
[2022-06-20 16:13:04,032] {taskinstance.py:1270} INFO - Executing <Task(PythonOperator): fetch_data_from_lastfm> on 2022-06-20 14:12:43.649664+00:00
[2022-06-20 16:13:04,034] {standard_task_runner.py:52} INFO - Started process 23765 to run task
[2022-06-20 16:13:04,037] {standard_task_runner.py:79} INFO - Running: ['airflow', 'tasks', 'run', 'my_first_dag', 'fetch_data_from_lastfm', 'manual__2022-06-20T14:12:43.649664+00:00', '--job-id', '83', '--raw', '--subdir', 'DAGS_FOLDER/my_first_dag.py', '--cfg-path', '/tmp/tmpf4csach9', '--error-file', '/tmp/tmp0fz_zts2']
[2022-06-20 16:13:04,038] {standard_task_runner.py:80} INFO - Job 83: Subtask fetch_data_from_lastfm
[2022-06-20 16:13:04,079] {logging_mixin.py:109} INFO - Running <TaskInstance: my_first_dag.fetch_data_from_lastfm manual__2022-06-20T14:12:43.649664+00:00 [running]> on host LAPTOP-M1F9EL62.localdomain
[2022-06-20 16:13:04,118] {taskinstance.py:1446} INFO - Exporting the following env vars:
AIRFLOW_CTX_DAG_EMAIL=airflow@example.com
AIRFLOW_CTX_DAG_OWNER=airflow
AIRFLOW_CTX_DAG_ID=my_first_dag
AIRFLOW_CTX_TASK_ID=fetch_data_from_lastfm
AIRFLOW_CTX_EXECUTION_DATE=2022-06-20T14:12:43.649664+00:00
AIRFLOW_CTX_DAG_RUN_ID=manual__2022-06-20T14:12:43.649664+00:00
[2022-06-20 16:13:05,051] {logging_mixin.py:109} INFO - Writing here:  /home/leizo/datalake/raw/lastfm/topArtist/rock/20220620/
[2022-06-20 16:13:05,897] {logging_mixin.py:109} INFO - Writing here:  /home/leizo/datalake/raw/lastfm/topTracks/rock/20220620/
[2022-06-20 16:13:06,951] {logging_mixin.py:109} INFO - Writing here:  /home/leizo/datalake/raw/lastfm/topArtist/indie/20220620/
[2022-06-20 16:13:07,862] {logging_mixin.py:109} INFO - Writing here:  /home/leizo/datalake/raw/lastfm/topTracks/indie/20220620/
[2022-06-20 16:13:08,708] {logging_mixin.py:109} INFO - Writing here:  /home/leizo/datalake/raw/lastfm/topArtist/indie rock/20220620/
[2022-06-20 16:13:09,538] {logging_mixin.py:109} INFO - Writing here:  /home/leizo/datalake/raw/lastfm/topTracks/indie rock/20220620/
[2022-06-20 16:13:10,535] {logging_mixin.py:109} INFO - Writing here:  /home/leizo/datalake/raw/lastfm/topArtist/alternative/20220620/
[2022-06-20 16:13:11,533] {logging_mixin.py:109} INFO - Writing here:  /home/leizo/datalake/raw/lastfm/topTracks/alternative/20220620/
[2022-06-20 16:13:12,553] {logging_mixin.py:109} INFO - Writing here:  /home/leizo/datalake/raw/lastfm/topArtist/pop/20220620/
[2022-06-20 16:13:13,629] {logging_mixin.py:109} INFO - Writing here:  /home/leizo/datalake/raw/lastfm/topTracks/pop/20220620/
[2022-06-20 16:13:13,631] {python.py:175} INFO - Done. Returned value was: None
[2022-06-20 16:13:13,635] {taskinstance.py:1278} INFO - Marking task as SUCCESS. dag_id=my_first_dag, task_id=fetch_data_from_lastfm, execution_date=20220620T141243, start_date=20220620T141304, end_date=20220620T141313
[2022-06-20 16:13:13,662] {local_task_job.py:154} INFO - Task exited with return code 0
[2022-06-20 16:13:13,683] {local_task_job.py:264} INFO - 1 downstream tasks scheduled from follow-on schedule check
