[2022-06-13 22:31:41,286] {taskinstance.py:1043} INFO - Dependencies all met for <TaskInstance: my_first_dag.fetch_data_from_spotify manual__2022-06-13T20:31:25.905945+00:00 [queued]>
[2022-06-13 22:31:41,291] {taskinstance.py:1043} INFO - Dependencies all met for <TaskInstance: my_first_dag.fetch_data_from_spotify manual__2022-06-13T20:31:25.905945+00:00 [queued]>
[2022-06-13 22:31:41,291] {taskinstance.py:1249} INFO - 
--------------------------------------------------------------------------------
[2022-06-13 22:31:41,291] {taskinstance.py:1250} INFO - Starting attempt 1 of 2
[2022-06-13 22:31:41,291] {taskinstance.py:1251} INFO - 
--------------------------------------------------------------------------------
[2022-06-13 22:31:41,307] {taskinstance.py:1270} INFO - Executing <Task(PythonOperator): fetch_data_from_spotify> on 2022-06-13 20:31:25.905945+00:00
[2022-06-13 22:31:41,309] {standard_task_runner.py:52} INFO - Started process 5172 to run task
[2022-06-13 22:31:41,313] {standard_task_runner.py:79} INFO - Running: ['airflow', 'tasks', 'run', 'my_first_dag', 'fetch_data_from_spotify', 'manual__2022-06-13T20:31:25.905945+00:00', '--job-id', '48', '--raw', '--subdir', 'DAGS_FOLDER/my_first_dag.py', '--cfg-path', '/tmp/tmpl65vb0d5', '--error-file', '/tmp/tmp_f2f7f5r']
[2022-06-13 22:31:41,314] {standard_task_runner.py:80} INFO - Job 48: Subtask fetch_data_from_spotify
[2022-06-13 22:31:41,368] {logging_mixin.py:109} INFO - Running <TaskInstance: my_first_dag.fetch_data_from_spotify manual__2022-06-13T20:31:25.905945+00:00 [running]> on host LAPTOP-M1F9EL62.localdomain
[2022-06-13 22:31:41,413] {taskinstance.py:1446} INFO - Exporting the following env vars:
AIRFLOW_CTX_DAG_EMAIL=airflow@example.com
AIRFLOW_CTX_DAG_OWNER=airflow
AIRFLOW_CTX_DAG_ID=my_first_dag
AIRFLOW_CTX_TASK_ID=fetch_data_from_spotify
AIRFLOW_CTX_EXECUTION_DATE=2022-06-13T20:31:25.905945+00:00
AIRFLOW_CTX_DAG_RUN_ID=manual__2022-06-13T20:31:25.905945+00:00
[2022-06-13 22:31:42,127] {logging_mixin.py:109} INFO - Writing here:  /home/leizo/datalake/raw/spotify/Playlists/DailyMix1/20220613/
[2022-06-13 22:31:42,996] {logging_mixin.py:109} INFO - Writing here:  /home/leizo/datalake/raw/spotify/Playlists/DailyMix2/20220613/
[2022-06-13 22:31:43,311] {logging_mixin.py:109} INFO - Writing here:  /home/leizo/datalake/raw/spotify/Playlists/DailyMix3/20220613/
[2022-06-13 22:31:43,736] {logging_mixin.py:109} INFO - Writing here:  /home/leizo/datalake/raw/spotify/Playlists/DailyMix4/20220613/
[2022-06-13 22:31:44,188] {logging_mixin.py:109} INFO - Writing here:  /home/leizo/datalake/raw/spotify/Playlists/DailyMix5/20220613/
[2022-06-13 22:31:44,747] {logging_mixin.py:109} INFO - Writing here:  /home/leizo/datalake/raw/spotify/Playlists/DailyMix6/20220613/
[2022-06-13 22:31:45,075] {logging_mixin.py:109} INFO - Writing here:  /home/leizo/datalake/raw/spotify/Playlists/MixRock/20220613/
[2022-06-13 22:31:45,265] {logging_mixin.py:109} INFO - Writing here:  /home/leizo/datalake/raw/spotify/Playlists/MixIndie/20220613/
[2022-06-13 22:31:45,537] {logging_mixin.py:109} INFO - Writing here:  /home/leizo/datalake/raw/spotify/Playlists/FeelGoodIndieRock/20220613/
[2022-06-13 22:31:45,772] {logging_mixin.py:109} INFO - Writing here:  /home/leizo/datalake/raw/spotify/Playlists/TopAlternative/20220613/
[2022-06-13 22:31:45,773] {python.py:175} INFO - Done. Returned value was: None
[2022-06-13 22:31:45,785] {taskinstance.py:1278} INFO - Marking task as SUCCESS. dag_id=my_first_dag, task_id=fetch_data_from_spotify, execution_date=20220613T203125, start_date=20220613T203141, end_date=20220613T203145
[2022-06-13 22:31:45,835] {local_task_job.py:154} INFO - Task exited with return code 0
[2022-06-13 22:31:45,873] {local_task_job.py:264} INFO - 1 downstream tasks scheduled from follow-on schedule check
