[2022-06-16 00:47:02,812] {taskinstance.py:1043} INFO - Dependencies all met for <TaskInstance: my_first_dag.format_data_from_lastfm manual__2022-06-15T22:45:35.067806+00:00 [queued]>
[2022-06-16 00:47:02,821] {taskinstance.py:1043} INFO - Dependencies all met for <TaskInstance: my_first_dag.format_data_from_lastfm manual__2022-06-15T22:45:35.067806+00:00 [queued]>
[2022-06-16 00:47:02,822] {taskinstance.py:1249} INFO - 
--------------------------------------------------------------------------------
[2022-06-16 00:47:02,822] {taskinstance.py:1250} INFO - Starting attempt 1 of 2
[2022-06-16 00:47:02,822] {taskinstance.py:1251} INFO - 
--------------------------------------------------------------------------------
[2022-06-16 00:47:02,838] {taskinstance.py:1270} INFO - Executing <Task(PythonOperator): format_data_from_lastfm> on 2022-06-15 22:45:35.067806+00:00
[2022-06-16 00:47:02,842] {standard_task_runner.py:52} INFO - Started process 13236 to run task
[2022-06-16 00:47:02,851] {standard_task_runner.py:79} INFO - Running: ['airflow', 'tasks', 'run', 'my_first_dag', 'format_data_from_lastfm', 'manual__2022-06-15T22:45:35.067806+00:00', '--job-id', '73', '--raw', '--subdir', 'DAGS_FOLDER/my_first_dag.py', '--cfg-path', '/tmp/tmpkjnah_e2', '--error-file', '/tmp/tmpny992af6']
[2022-06-16 00:47:02,853] {standard_task_runner.py:80} INFO - Job 73: Subtask format_data_from_lastfm
[2022-06-16 00:47:02,891] {logging_mixin.py:109} INFO - Running <TaskInstance: my_first_dag.format_data_from_lastfm manual__2022-06-15T22:45:35.067806+00:00 [running]> on host LAPTOP-M1F9EL62.localdomain
[2022-06-16 00:47:02,935] {taskinstance.py:1446} INFO - Exporting the following env vars:
AIRFLOW_CTX_DAG_EMAIL=airflow@example.com
AIRFLOW_CTX_DAG_OWNER=airflow
AIRFLOW_CTX_DAG_ID=my_first_dag
AIRFLOW_CTX_TASK_ID=format_data_from_lastfm
AIRFLOW_CTX_EXECUTION_DATE=2022-06-15T22:45:35.067806+00:00
AIRFLOW_CTX_DAG_RUN_ID=manual__2022-06-15T22:45:35.067806+00:00
[2022-06-16 00:47:03,246] {logging_mixin.py:109} INFO - paquet already exists topArtist rock 20220616
[2022-06-16 00:47:03,554] {logging_mixin.py:109} INFO - paquet already exists topArtist indie 20220616
[2022-06-16 00:47:03,845] {logging_mixin.py:109} INFO - paquet already exists topArtist indie rock 20220616
[2022-06-16 00:47:04,093] {logging_mixin.py:109} INFO - paquet already exists topArtist alternative 20220616
[2022-06-16 00:47:04,317] {logging_mixin.py:109} INFO - paquet already exists topArtist pop 20220616
[2022-06-16 00:47:04,646] {logging_mixin.py:109} INFO - paquet already exists topTracks rock 20220616
[2022-06-16 00:47:05,010] {logging_mixin.py:109} INFO - paquet already exists topTracks indie 20220616
[2022-06-16 00:47:05,317] {logging_mixin.py:109} INFO - paquet already exists topTracks indie rock 20220616
[2022-06-16 00:47:05,623] {logging_mixin.py:109} INFO - paquet already exists topTracks alternative 20220616
[2022-06-16 00:47:05,944] {logging_mixin.py:109} INFO - paquet already exists topTracks pop 20220616
[2022-06-16 00:47:05,944] {python.py:175} INFO - Done. Returned value was: None
[2022-06-16 00:47:05,952] {taskinstance.py:1278} INFO - Marking task as SUCCESS. dag_id=my_first_dag, task_id=format_data_from_lastfm, execution_date=20220615T224535, start_date=20220615T224702, end_date=20220615T224705
[2022-06-16 00:47:06,003] {local_task_job.py:154} INFO - Task exited with return code 0
[2022-06-16 00:47:06,024] {local_task_job.py:264} INFO - 0 downstream tasks scheduled from follow-on schedule check
