[2022-06-20 11:06:48,650] {processor.py:163} INFO - Started process (PID=6147) to work on /home/leizo/airflow/dags/lib/spotify_fetcher.py
[2022-06-20 11:06:48,652] {processor.py:642} INFO - Processing file /home/leizo/airflow/dags/lib/spotify_fetcher.py for tasks to queue
[2022-06-20 11:06:48,654] {logging_mixin.py:109} INFO - [2022-06-20 11:06:48,653] {dagbag.py:500} INFO - Filling up the DagBag from /home/leizo/airflow/dags/lib/spotify_fetcher.py
[2022-06-20 11:06:48,655] {processor.py:654} WARNING - No viable dags retrieved from /home/leizo/airflow/dags/lib/spotify_fetcher.py
[2022-06-20 11:06:48,669] {processor.py:171} INFO - Processing /home/leizo/airflow/dags/lib/spotify_fetcher.py took 0.023 seconds
[2022-06-20 11:08:34,142] {processor.py:163} INFO - Started process (PID=7106) to work on /home/leizo/airflow/dags/lib/spotify_fetcher.py
[2022-06-20 11:08:34,144] {processor.py:642} INFO - Processing file /home/leizo/airflow/dags/lib/spotify_fetcher.py for tasks to queue
[2022-06-20 11:08:34,145] {logging_mixin.py:109} INFO - [2022-06-20 11:08:34,144] {dagbag.py:500} INFO - Filling up the DagBag from /home/leizo/airflow/dags/lib/spotify_fetcher.py
[2022-06-20 11:08:34,146] {processor.py:654} WARNING - No viable dags retrieved from /home/leizo/airflow/dags/lib/spotify_fetcher.py
[2022-06-20 11:08:34,153] {processor.py:171} INFO - Processing /home/leizo/airflow/dags/lib/spotify_fetcher.py took 0.014 seconds
[2022-06-20 11:10:41,232] {processor.py:163} INFO - Started process (PID=8392) to work on /home/leizo/airflow/dags/lib/spotify_fetcher.py
[2022-06-20 11:10:41,234] {processor.py:642} INFO - Processing file /home/leizo/airflow/dags/lib/spotify_fetcher.py for tasks to queue
[2022-06-20 11:10:41,235] {logging_mixin.py:109} INFO - [2022-06-20 11:10:41,235] {dagbag.py:500} INFO - Filling up the DagBag from /home/leizo/airflow/dags/lib/spotify_fetcher.py
[2022-06-20 11:10:41,236] {processor.py:654} WARNING - No viable dags retrieved from /home/leizo/airflow/dags/lib/spotify_fetcher.py
[2022-06-20 11:10:41,250] {processor.py:171} INFO - Processing /home/leizo/airflow/dags/lib/spotify_fetcher.py took 0.022 seconds
[2022-06-20 11:13:07,488] {processor.py:163} INFO - Started process (PID=10006) to work on /home/leizo/airflow/dags/lib/spotify_fetcher.py
[2022-06-20 11:13:07,491] {processor.py:642} INFO - Processing file /home/leizo/airflow/dags/lib/spotify_fetcher.py for tasks to queue
[2022-06-20 11:13:07,491] {logging_mixin.py:109} INFO - [2022-06-20 11:13:07,491] {dagbag.py:500} INFO - Filling up the DagBag from /home/leizo/airflow/dags/lib/spotify_fetcher.py
[2022-06-20 11:13:07,493] {processor.py:654} WARNING - No viable dags retrieved from /home/leizo/airflow/dags/lib/spotify_fetcher.py
[2022-06-20 11:13:07,500] {processor.py:171} INFO - Processing /home/leizo/airflow/dags/lib/spotify_fetcher.py took 0.015 seconds
[2022-06-20 11:15:13,674] {processor.py:163} INFO - Started process (PID=11294) to work on /home/leizo/airflow/dags/lib/spotify_fetcher.py
[2022-06-20 11:15:13,677] {processor.py:642} INFO - Processing file /home/leizo/airflow/dags/lib/spotify_fetcher.py for tasks to queue
[2022-06-20 11:15:13,678] {logging_mixin.py:109} INFO - [2022-06-20 11:15:13,678] {dagbag.py:500} INFO - Filling up the DagBag from /home/leizo/airflow/dags/lib/spotify_fetcher.py
[2022-06-20 11:15:13,681] {processor.py:654} WARNING - No viable dags retrieved from /home/leizo/airflow/dags/lib/spotify_fetcher.py
[2022-06-20 11:15:13,691] {processor.py:171} INFO - Processing /home/leizo/airflow/dags/lib/spotify_fetcher.py took 0.020 seconds
[2022-06-20 11:17:20,475] {processor.py:163} INFO - Started process (PID=12430) to work on /home/leizo/airflow/dags/lib/spotify_fetcher.py
[2022-06-20 11:17:20,477] {processor.py:642} INFO - Processing file /home/leizo/airflow/dags/lib/spotify_fetcher.py for tasks to queue
[2022-06-20 11:17:20,478] {logging_mixin.py:109} INFO - [2022-06-20 11:17:20,478] {dagbag.py:500} INFO - Filling up the DagBag from /home/leizo/airflow/dags/lib/spotify_fetcher.py
[2022-06-20 11:17:20,480] {processor.py:654} WARNING - No viable dags retrieved from /home/leizo/airflow/dags/lib/spotify_fetcher.py
[2022-06-20 11:17:20,487] {processor.py:171} INFO - Processing /home/leizo/airflow/dags/lib/spotify_fetcher.py took 0.014 seconds
[2022-06-20 11:19:45,449] {processor.py:163} INFO - Started process (PID=13740) to work on /home/leizo/airflow/dags/lib/spotify_fetcher.py
[2022-06-20 11:19:45,458] {processor.py:642} INFO - Processing file /home/leizo/airflow/dags/lib/spotify_fetcher.py for tasks to queue
[2022-06-20 11:19:45,459] {logging_mixin.py:109} INFO - [2022-06-20 11:19:45,459] {dagbag.py:500} INFO - Filling up the DagBag from /home/leizo/airflow/dags/lib/spotify_fetcher.py
[2022-06-20 11:19:45,464] {processor.py:654} WARNING - No viable dags retrieved from /home/leizo/airflow/dags/lib/spotify_fetcher.py
[2022-06-20 11:19:45,484] {processor.py:171} INFO - Processing /home/leizo/airflow/dags/lib/spotify_fetcher.py took 0.040 seconds
[2022-06-20 11:22:02,206] {processor.py:163} INFO - Started process (PID=15086) to work on /home/leizo/airflow/dags/lib/spotify_fetcher.py
[2022-06-20 11:22:02,208] {processor.py:642} INFO - Processing file /home/leizo/airflow/dags/lib/spotify_fetcher.py for tasks to queue
[2022-06-20 11:22:02,209] {logging_mixin.py:109} INFO - [2022-06-20 11:22:02,209] {dagbag.py:500} INFO - Filling up the DagBag from /home/leizo/airflow/dags/lib/spotify_fetcher.py
[2022-06-20 11:22:02,211] {processor.py:654} WARNING - No viable dags retrieved from /home/leizo/airflow/dags/lib/spotify_fetcher.py
[2022-06-20 11:22:02,220] {processor.py:171} INFO - Processing /home/leizo/airflow/dags/lib/spotify_fetcher.py took 0.017 seconds
[2022-06-20 11:24:24,119] {processor.py:163} INFO - Started process (PID=16398) to work on /home/leizo/airflow/dags/lib/spotify_fetcher.py
[2022-06-20 11:24:24,122] {processor.py:642} INFO - Processing file /home/leizo/airflow/dags/lib/spotify_fetcher.py for tasks to queue
[2022-06-20 11:24:24,124] {logging_mixin.py:109} INFO - [2022-06-20 11:24:24,124] {dagbag.py:500} INFO - Filling up the DagBag from /home/leizo/airflow/dags/lib/spotify_fetcher.py
[2022-06-20 11:24:24,127] {processor.py:654} WARNING - No viable dags retrieved from /home/leizo/airflow/dags/lib/spotify_fetcher.py
[2022-06-20 11:24:24,145] {processor.py:171} INFO - Processing /home/leizo/airflow/dags/lib/spotify_fetcher.py took 0.031 seconds
[2022-06-20 11:26:36,222] {processor.py:163} INFO - Started process (PID=17701) to work on /home/leizo/airflow/dags/lib/spotify_fetcher.py
[2022-06-20 11:26:36,224] {processor.py:642} INFO - Processing file /home/leizo/airflow/dags/lib/spotify_fetcher.py for tasks to queue
[2022-06-20 11:26:36,225] {logging_mixin.py:109} INFO - [2022-06-20 11:26:36,225] {dagbag.py:500} INFO - Filling up the DagBag from /home/leizo/airflow/dags/lib/spotify_fetcher.py
[2022-06-20 11:26:36,226] {processor.py:654} WARNING - No viable dags retrieved from /home/leizo/airflow/dags/lib/spotify_fetcher.py
[2022-06-20 11:26:36,232] {processor.py:171} INFO - Processing /home/leizo/airflow/dags/lib/spotify_fetcher.py took 0.013 seconds
[2022-06-20 11:29:10,159] {processor.py:163} INFO - Started process (PID=19006) to work on /home/leizo/airflow/dags/lib/spotify_fetcher.py
[2022-06-20 11:29:10,161] {processor.py:642} INFO - Processing file /home/leizo/airflow/dags/lib/spotify_fetcher.py for tasks to queue
[2022-06-20 11:29:10,162] {logging_mixin.py:109} INFO - [2022-06-20 11:29:10,162] {dagbag.py:500} INFO - Filling up the DagBag from /home/leizo/airflow/dags/lib/spotify_fetcher.py
[2022-06-20 11:29:10,163] {processor.py:654} WARNING - No viable dags retrieved from /home/leizo/airflow/dags/lib/spotify_fetcher.py
[2022-06-20 11:29:10,169] {processor.py:171} INFO - Processing /home/leizo/airflow/dags/lib/spotify_fetcher.py took 0.013 seconds
[2022-06-20 11:31:29,176] {processor.py:163} INFO - Started process (PID=20549) to work on /home/leizo/airflow/dags/lib/spotify_fetcher.py
[2022-06-20 11:31:29,180] {processor.py:642} INFO - Processing file /home/leizo/airflow/dags/lib/spotify_fetcher.py for tasks to queue
[2022-06-20 11:31:29,182] {logging_mixin.py:109} INFO - [2022-06-20 11:31:29,181] {dagbag.py:500} INFO - Filling up the DagBag from /home/leizo/airflow/dags/lib/spotify_fetcher.py
[2022-06-20 11:31:29,185] {processor.py:654} WARNING - No viable dags retrieved from /home/leizo/airflow/dags/lib/spotify_fetcher.py
[2022-06-20 11:31:29,201] {processor.py:171} INFO - Processing /home/leizo/airflow/dags/lib/spotify_fetcher.py took 0.030 seconds
[2022-06-20 11:33:04,890] {processor.py:163} INFO - Started process (PID=21470) to work on /home/leizo/airflow/dags/lib/spotify_fetcher.py
[2022-06-20 11:33:04,892] {processor.py:642} INFO - Processing file /home/leizo/airflow/dags/lib/spotify_fetcher.py for tasks to queue
[2022-06-20 11:33:04,893] {logging_mixin.py:109} INFO - [2022-06-20 11:33:04,893] {dagbag.py:500} INFO - Filling up the DagBag from /home/leizo/airflow/dags/lib/spotify_fetcher.py
[2022-06-20 11:33:04,895] {processor.py:654} WARNING - No viable dags retrieved from /home/leizo/airflow/dags/lib/spotify_fetcher.py
[2022-06-20 11:33:04,902] {processor.py:171} INFO - Processing /home/leizo/airflow/dags/lib/spotify_fetcher.py took 0.016 seconds
[2022-06-20 11:34:42,978] {processor.py:163} INFO - Started process (PID=22429) to work on /home/leizo/airflow/dags/lib/spotify_fetcher.py
[2022-06-20 11:34:42,981] {processor.py:642} INFO - Processing file /home/leizo/airflow/dags/lib/spotify_fetcher.py for tasks to queue
[2022-06-20 11:34:42,982] {logging_mixin.py:109} INFO - [2022-06-20 11:34:42,982] {dagbag.py:500} INFO - Filling up the DagBag from /home/leizo/airflow/dags/lib/spotify_fetcher.py
[2022-06-20 11:34:42,984] {processor.py:654} WARNING - No viable dags retrieved from /home/leizo/airflow/dags/lib/spotify_fetcher.py
[2022-06-20 11:34:42,992] {processor.py:171} INFO - Processing /home/leizo/airflow/dags/lib/spotify_fetcher.py took 0.020 seconds
[2022-06-20 11:36:44,333] {processor.py:163} INFO - Started process (PID=23705) to work on /home/leizo/airflow/dags/lib/spotify_fetcher.py
[2022-06-20 11:36:44,336] {processor.py:642} INFO - Processing file /home/leizo/airflow/dags/lib/spotify_fetcher.py for tasks to queue
[2022-06-20 11:36:44,337] {logging_mixin.py:109} INFO - [2022-06-20 11:36:44,337] {dagbag.py:500} INFO - Filling up the DagBag from /home/leizo/airflow/dags/lib/spotify_fetcher.py
[2022-06-20 11:36:44,339] {processor.py:654} WARNING - No viable dags retrieved from /home/leizo/airflow/dags/lib/spotify_fetcher.py
[2022-06-20 11:36:44,345] {processor.py:171} INFO - Processing /home/leizo/airflow/dags/lib/spotify_fetcher.py took 0.015 seconds
[2022-06-20 11:38:24,093] {processor.py:163} INFO - Started process (PID=24675) to work on /home/leizo/airflow/dags/lib/spotify_fetcher.py
[2022-06-20 11:38:24,095] {processor.py:642} INFO - Processing file /home/leizo/airflow/dags/lib/spotify_fetcher.py for tasks to queue
[2022-06-20 11:38:24,095] {logging_mixin.py:109} INFO - [2022-06-20 11:38:24,095] {dagbag.py:500} INFO - Filling up the DagBag from /home/leizo/airflow/dags/lib/spotify_fetcher.py
[2022-06-20 11:38:24,097] {processor.py:654} WARNING - No viable dags retrieved from /home/leizo/airflow/dags/lib/spotify_fetcher.py
[2022-06-20 11:38:24,108] {processor.py:171} INFO - Processing /home/leizo/airflow/dags/lib/spotify_fetcher.py took 0.018 seconds
[2022-06-20 11:39:49,975] {processor.py:163} INFO - Started process (PID=25454) to work on /home/leizo/airflow/dags/lib/spotify_fetcher.py
[2022-06-20 11:39:49,979] {processor.py:642} INFO - Processing file /home/leizo/airflow/dags/lib/spotify_fetcher.py for tasks to queue
[2022-06-20 11:39:49,981] {logging_mixin.py:109} INFO - [2022-06-20 11:39:49,981] {dagbag.py:500} INFO - Filling up the DagBag from /home/leizo/airflow/dags/lib/spotify_fetcher.py
[2022-06-20 11:39:49,984] {processor.py:654} WARNING - No viable dags retrieved from /home/leizo/airflow/dags/lib/spotify_fetcher.py
[2022-06-20 11:39:50,000] {processor.py:171} INFO - Processing /home/leizo/airflow/dags/lib/spotify_fetcher.py took 0.031 seconds
[2022-06-20 11:41:18,091] {processor.py:163} INFO - Started process (PID=26368) to work on /home/leizo/airflow/dags/lib/spotify_fetcher.py
[2022-06-20 11:41:18,093] {processor.py:642} INFO - Processing file /home/leizo/airflow/dags/lib/spotify_fetcher.py for tasks to queue
[2022-06-20 11:41:18,093] {logging_mixin.py:109} INFO - [2022-06-20 11:41:18,093] {dagbag.py:500} INFO - Filling up the DagBag from /home/leizo/airflow/dags/lib/spotify_fetcher.py
[2022-06-20 11:41:18,094] {processor.py:654} WARNING - No viable dags retrieved from /home/leizo/airflow/dags/lib/spotify_fetcher.py
[2022-06-20 11:41:18,100] {processor.py:171} INFO - Processing /home/leizo/airflow/dags/lib/spotify_fetcher.py took 0.012 seconds
[2022-06-20 11:42:59,242] {processor.py:163} INFO - Started process (PID=27139) to work on /home/leizo/airflow/dags/lib/spotify_fetcher.py
[2022-06-20 11:42:59,245] {processor.py:642} INFO - Processing file /home/leizo/airflow/dags/lib/spotify_fetcher.py for tasks to queue
[2022-06-20 11:42:59,247] {logging_mixin.py:109} INFO - [2022-06-20 11:42:59,247] {dagbag.py:500} INFO - Filling up the DagBag from /home/leizo/airflow/dags/lib/spotify_fetcher.py
[2022-06-20 11:42:59,250] {processor.py:654} WARNING - No viable dags retrieved from /home/leizo/airflow/dags/lib/spotify_fetcher.py
[2022-06-20 11:42:59,262] {processor.py:171} INFO - Processing /home/leizo/airflow/dags/lib/spotify_fetcher.py took 0.028 seconds
[2022-06-20 11:44:39,458] {processor.py:163} INFO - Started process (PID=28086) to work on /home/leizo/airflow/dags/lib/spotify_fetcher.py
[2022-06-20 11:44:39,463] {processor.py:642} INFO - Processing file /home/leizo/airflow/dags/lib/spotify_fetcher.py for tasks to queue
[2022-06-20 11:44:39,465] {logging_mixin.py:109} INFO - [2022-06-20 11:44:39,465] {dagbag.py:500} INFO - Filling up the DagBag from /home/leizo/airflow/dags/lib/spotify_fetcher.py
[2022-06-20 11:44:39,468] {processor.py:654} WARNING - No viable dags retrieved from /home/leizo/airflow/dags/lib/spotify_fetcher.py
[2022-06-20 11:44:39,484] {processor.py:171} INFO - Processing /home/leizo/airflow/dags/lib/spotify_fetcher.py took 0.031 seconds
[2022-06-20 11:46:18,549] {processor.py:163} INFO - Started process (PID=29115) to work on /home/leizo/airflow/dags/lib/spotify_fetcher.py
[2022-06-20 11:46:18,551] {processor.py:642} INFO - Processing file /home/leizo/airflow/dags/lib/spotify_fetcher.py for tasks to queue
[2022-06-20 11:46:18,551] {logging_mixin.py:109} INFO - [2022-06-20 11:46:18,551] {dagbag.py:500} INFO - Filling up the DagBag from /home/leizo/airflow/dags/lib/spotify_fetcher.py
[2022-06-20 11:46:18,553] {processor.py:654} WARNING - No viable dags retrieved from /home/leizo/airflow/dags/lib/spotify_fetcher.py
[2022-06-20 11:46:18,561] {processor.py:171} INFO - Processing /home/leizo/airflow/dags/lib/spotify_fetcher.py took 0.015 seconds
[2022-06-20 11:47:57,156] {processor.py:163} INFO - Started process (PID=30120) to work on /home/leizo/airflow/dags/lib/spotify_fetcher.py
[2022-06-20 11:47:57,160] {processor.py:642} INFO - Processing file /home/leizo/airflow/dags/lib/spotify_fetcher.py for tasks to queue
[2022-06-20 11:47:57,172] {logging_mixin.py:109} INFO - [2022-06-20 11:47:57,171] {dagbag.py:500} INFO - Filling up the DagBag from /home/leizo/airflow/dags/lib/spotify_fetcher.py
[2022-06-20 11:47:57,176] {processor.py:654} WARNING - No viable dags retrieved from /home/leizo/airflow/dags/lib/spotify_fetcher.py
[2022-06-20 11:47:57,210] {processor.py:171} INFO - Processing /home/leizo/airflow/dags/lib/spotify_fetcher.py took 0.071 seconds
[2022-06-20 11:49:38,562] {processor.py:163} INFO - Started process (PID=31066) to work on /home/leizo/airflow/dags/lib/spotify_fetcher.py
[2022-06-20 11:49:38,565] {processor.py:642} INFO - Processing file /home/leizo/airflow/dags/lib/spotify_fetcher.py for tasks to queue
[2022-06-20 11:49:38,566] {logging_mixin.py:109} INFO - [2022-06-20 11:49:38,565] {dagbag.py:500} INFO - Filling up the DagBag from /home/leizo/airflow/dags/lib/spotify_fetcher.py
[2022-06-20 11:49:38,567] {processor.py:654} WARNING - No viable dags retrieved from /home/leizo/airflow/dags/lib/spotify_fetcher.py
[2022-06-20 11:49:38,575] {processor.py:171} INFO - Processing /home/leizo/airflow/dags/lib/spotify_fetcher.py took 0.016 seconds
[2022-06-20 11:51:38,064] {processor.py:163} INFO - Started process (PID=32313) to work on /home/leizo/airflow/dags/lib/spotify_fetcher.py
[2022-06-20 11:51:38,066] {processor.py:642} INFO - Processing file /home/leizo/airflow/dags/lib/spotify_fetcher.py for tasks to queue
[2022-06-20 11:51:38,066] {logging_mixin.py:109} INFO - [2022-06-20 11:51:38,066] {dagbag.py:500} INFO - Filling up the DagBag from /home/leizo/airflow/dags/lib/spotify_fetcher.py
[2022-06-20 11:51:38,068] {processor.py:654} WARNING - No viable dags retrieved from /home/leizo/airflow/dags/lib/spotify_fetcher.py
[2022-06-20 11:51:38,077] {processor.py:171} INFO - Processing /home/leizo/airflow/dags/lib/spotify_fetcher.py took 0.017 seconds
[2022-06-20 11:53:19,743] {processor.py:163} INFO - Started process (PID=804) to work on /home/leizo/airflow/dags/lib/spotify_fetcher.py
[2022-06-20 11:53:19,746] {processor.py:642} INFO - Processing file /home/leizo/airflow/dags/lib/spotify_fetcher.py for tasks to queue
[2022-06-20 11:53:19,747] {logging_mixin.py:109} INFO - [2022-06-20 11:53:19,747] {dagbag.py:500} INFO - Filling up the DagBag from /home/leizo/airflow/dags/lib/spotify_fetcher.py
[2022-06-20 11:53:19,750] {processor.py:654} WARNING - No viable dags retrieved from /home/leizo/airflow/dags/lib/spotify_fetcher.py
[2022-06-20 11:53:19,763] {processor.py:171} INFO - Processing /home/leizo/airflow/dags/lib/spotify_fetcher.py took 0.024 seconds
[2022-06-20 11:55:04,401] {processor.py:163} INFO - Started process (PID=1726) to work on /home/leizo/airflow/dags/lib/spotify_fetcher.py
[2022-06-20 11:55:04,404] {processor.py:642} INFO - Processing file /home/leizo/airflow/dags/lib/spotify_fetcher.py for tasks to queue
[2022-06-20 11:55:04,405] {logging_mixin.py:109} INFO - [2022-06-20 11:55:04,405] {dagbag.py:500} INFO - Filling up the DagBag from /home/leizo/airflow/dags/lib/spotify_fetcher.py
[2022-06-20 11:55:04,407] {processor.py:654} WARNING - No viable dags retrieved from /home/leizo/airflow/dags/lib/spotify_fetcher.py
[2022-06-20 11:55:04,414] {processor.py:171} INFO - Processing /home/leizo/airflow/dags/lib/spotify_fetcher.py took 0.016 seconds
[2022-06-20 11:56:41,377] {processor.py:163} INFO - Started process (PID=2658) to work on /home/leizo/airflow/dags/lib/spotify_fetcher.py
[2022-06-20 11:56:41,380] {processor.py:642} INFO - Processing file /home/leizo/airflow/dags/lib/spotify_fetcher.py for tasks to queue
[2022-06-20 11:56:41,380] {logging_mixin.py:109} INFO - [2022-06-20 11:56:41,380] {dagbag.py:500} INFO - Filling up the DagBag from /home/leizo/airflow/dags/lib/spotify_fetcher.py
[2022-06-20 11:56:41,382] {processor.py:654} WARNING - No viable dags retrieved from /home/leizo/airflow/dags/lib/spotify_fetcher.py
[2022-06-20 11:56:41,390] {processor.py:171} INFO - Processing /home/leizo/airflow/dags/lib/spotify_fetcher.py took 0.016 seconds
[2022-06-20 11:58:16,980] {processor.py:163} INFO - Started process (PID=3431) to work on /home/leizo/airflow/dags/lib/spotify_fetcher.py
[2022-06-20 11:58:16,982] {processor.py:642} INFO - Processing file /home/leizo/airflow/dags/lib/spotify_fetcher.py for tasks to queue
[2022-06-20 11:58:16,983] {logging_mixin.py:109} INFO - [2022-06-20 11:58:16,983] {dagbag.py:500} INFO - Filling up the DagBag from /home/leizo/airflow/dags/lib/spotify_fetcher.py
[2022-06-20 11:58:16,985] {processor.py:654} WARNING - No viable dags retrieved from /home/leizo/airflow/dags/lib/spotify_fetcher.py
[2022-06-20 11:58:16,992] {processor.py:171} INFO - Processing /home/leizo/airflow/dags/lib/spotify_fetcher.py took 0.015 seconds
[2022-06-20 12:00:49,079] {processor.py:163} INFO - Started process (PID=4641) to work on /home/leizo/airflow/dags/lib/spotify_fetcher.py
[2022-06-20 12:00:49,081] {processor.py:642} INFO - Processing file /home/leizo/airflow/dags/lib/spotify_fetcher.py for tasks to queue
[2022-06-20 12:00:49,082] {logging_mixin.py:109} INFO - [2022-06-20 12:00:49,082] {dagbag.py:500} INFO - Filling up the DagBag from /home/leizo/airflow/dags/lib/spotify_fetcher.py
[2022-06-20 12:00:49,084] {processor.py:654} WARNING - No viable dags retrieved from /home/leizo/airflow/dags/lib/spotify_fetcher.py
[2022-06-20 12:00:49,091] {processor.py:171} INFO - Processing /home/leizo/airflow/dags/lib/spotify_fetcher.py took 0.015 seconds
[2022-06-20 12:03:26,099] {processor.py:163} INFO - Started process (PID=6470) to work on /home/leizo/airflow/dags/lib/spotify_fetcher.py
[2022-06-20 12:03:26,103] {processor.py:642} INFO - Processing file /home/leizo/airflow/dags/lib/spotify_fetcher.py for tasks to queue
[2022-06-20 12:03:26,105] {logging_mixin.py:109} INFO - [2022-06-20 12:03:26,105] {dagbag.py:500} INFO - Filling up the DagBag from /home/leizo/airflow/dags/lib/spotify_fetcher.py
[2022-06-20 12:03:26,107] {processor.py:654} WARNING - No viable dags retrieved from /home/leizo/airflow/dags/lib/spotify_fetcher.py
[2022-06-20 12:03:26,142] {processor.py:171} INFO - Processing /home/leizo/airflow/dags/lib/spotify_fetcher.py took 0.051 seconds
[2022-06-20 12:07:03,515] {processor.py:163} INFO - Started process (PID=8126) to work on /home/leizo/airflow/dags/lib/spotify_fetcher.py
[2022-06-20 12:07:03,518] {processor.py:642} INFO - Processing file /home/leizo/airflow/dags/lib/spotify_fetcher.py for tasks to queue
[2022-06-20 12:07:03,519] {logging_mixin.py:109} INFO - [2022-06-20 12:07:03,519] {dagbag.py:500} INFO - Filling up the DagBag from /home/leizo/airflow/dags/lib/spotify_fetcher.py
[2022-06-20 12:07:03,521] {processor.py:654} WARNING - No viable dags retrieved from /home/leizo/airflow/dags/lib/spotify_fetcher.py
[2022-06-20 12:07:03,529] {processor.py:171} INFO - Processing /home/leizo/airflow/dags/lib/spotify_fetcher.py took 0.018 seconds
[2022-06-20 12:10:27,661] {processor.py:163} INFO - Started process (PID=9737) to work on /home/leizo/airflow/dags/lib/spotify_fetcher.py
[2022-06-20 12:10:27,663] {processor.py:642} INFO - Processing file /home/leizo/airflow/dags/lib/spotify_fetcher.py for tasks to queue
[2022-06-20 12:10:27,665] {logging_mixin.py:109} INFO - [2022-06-20 12:10:27,664] {dagbag.py:500} INFO - Filling up the DagBag from /home/leizo/airflow/dags/lib/spotify_fetcher.py
[2022-06-20 12:10:27,666] {processor.py:654} WARNING - No viable dags retrieved from /home/leizo/airflow/dags/lib/spotify_fetcher.py
[2022-06-20 12:10:27,675] {processor.py:171} INFO - Processing /home/leizo/airflow/dags/lib/spotify_fetcher.py took 0.016 seconds
[2022-06-20 12:12:57,800] {processor.py:163} INFO - Started process (PID=11111) to work on /home/leizo/airflow/dags/lib/spotify_fetcher.py
[2022-06-20 12:12:57,802] {processor.py:642} INFO - Processing file /home/leizo/airflow/dags/lib/spotify_fetcher.py for tasks to queue
[2022-06-20 12:12:57,803] {logging_mixin.py:109} INFO - [2022-06-20 12:12:57,803] {dagbag.py:500} INFO - Filling up the DagBag from /home/leizo/airflow/dags/lib/spotify_fetcher.py
[2022-06-20 12:12:57,805] {processor.py:654} WARNING - No viable dags retrieved from /home/leizo/airflow/dags/lib/spotify_fetcher.py
[2022-06-20 12:12:57,813] {processor.py:171} INFO - Processing /home/leizo/airflow/dags/lib/spotify_fetcher.py took 0.015 seconds
[2022-06-20 12:15:21,632] {processor.py:163} INFO - Started process (PID=12460) to work on /home/leizo/airflow/dags/lib/spotify_fetcher.py
[2022-06-20 12:15:21,636] {processor.py:642} INFO - Processing file /home/leizo/airflow/dags/lib/spotify_fetcher.py for tasks to queue
[2022-06-20 12:15:21,637] {logging_mixin.py:109} INFO - [2022-06-20 12:15:21,637] {dagbag.py:500} INFO - Filling up the DagBag from /home/leizo/airflow/dags/lib/spotify_fetcher.py
[2022-06-20 12:15:21,640] {processor.py:654} WARNING - No viable dags retrieved from /home/leizo/airflow/dags/lib/spotify_fetcher.py
[2022-06-20 12:15:21,663] {processor.py:171} INFO - Processing /home/leizo/airflow/dags/lib/spotify_fetcher.py took 0.036 seconds
[2022-06-20 12:18:42,060] {processor.py:163} INFO - Started process (PID=13816) to work on /home/leizo/airflow/dags/lib/spotify_fetcher.py
[2022-06-20 12:18:42,064] {processor.py:642} INFO - Processing file /home/leizo/airflow/dags/lib/spotify_fetcher.py for tasks to queue
[2022-06-20 12:18:42,066] {logging_mixin.py:109} INFO - [2022-06-20 12:18:42,065] {dagbag.py:500} INFO - Filling up the DagBag from /home/leizo/airflow/dags/lib/spotify_fetcher.py
[2022-06-20 12:18:42,070] {processor.py:654} WARNING - No viable dags retrieved from /home/leizo/airflow/dags/lib/spotify_fetcher.py
[2022-06-20 12:18:42,088] {processor.py:171} INFO - Processing /home/leizo/airflow/dags/lib/spotify_fetcher.py took 0.032 seconds
[2022-06-20 12:22:25,443] {processor.py:163} INFO - Started process (PID=15466) to work on /home/leizo/airflow/dags/lib/spotify_fetcher.py
[2022-06-20 12:22:25,445] {processor.py:642} INFO - Processing file /home/leizo/airflow/dags/lib/spotify_fetcher.py for tasks to queue
[2022-06-20 12:22:25,445] {logging_mixin.py:109} INFO - [2022-06-20 12:22:25,445] {dagbag.py:500} INFO - Filling up the DagBag from /home/leizo/airflow/dags/lib/spotify_fetcher.py
[2022-06-20 12:22:25,447] {processor.py:654} WARNING - No viable dags retrieved from /home/leizo/airflow/dags/lib/spotify_fetcher.py
[2022-06-20 12:22:25,455] {processor.py:171} INFO - Processing /home/leizo/airflow/dags/lib/spotify_fetcher.py took 0.015 seconds
[2022-06-20 12:25:08,902] {processor.py:163} INFO - Started process (PID=16807) to work on /home/leizo/airflow/dags/lib/spotify_fetcher.py
[2022-06-20 12:25:08,905] {processor.py:642} INFO - Processing file /home/leizo/airflow/dags/lib/spotify_fetcher.py for tasks to queue
[2022-06-20 12:25:08,905] {logging_mixin.py:109} INFO - [2022-06-20 12:25:08,905] {dagbag.py:500} INFO - Filling up the DagBag from /home/leizo/airflow/dags/lib/spotify_fetcher.py
[2022-06-20 12:25:08,907] {processor.py:654} WARNING - No viable dags retrieved from /home/leizo/airflow/dags/lib/spotify_fetcher.py
[2022-06-20 12:25:08,914] {processor.py:171} INFO - Processing /home/leizo/airflow/dags/lib/spotify_fetcher.py took 0.014 seconds
[2022-06-20 12:27:59,052] {processor.py:163} INFO - Started process (PID=18131) to work on /home/leizo/airflow/dags/lib/spotify_fetcher.py
[2022-06-20 12:27:59,055] {processor.py:642} INFO - Processing file /home/leizo/airflow/dags/lib/spotify_fetcher.py for tasks to queue
[2022-06-20 12:27:59,057] {logging_mixin.py:109} INFO - [2022-06-20 12:27:59,057] {dagbag.py:500} INFO - Filling up the DagBag from /home/leizo/airflow/dags/lib/spotify_fetcher.py
[2022-06-20 12:27:59,061] {processor.py:654} WARNING - No viable dags retrieved from /home/leizo/airflow/dags/lib/spotify_fetcher.py
[2022-06-20 12:27:59,095] {processor.py:171} INFO - Processing /home/leizo/airflow/dags/lib/spotify_fetcher.py took 0.048 seconds
[2022-06-20 12:31:09,362] {processor.py:163} INFO - Started process (PID=19486) to work on /home/leizo/airflow/dags/lib/spotify_fetcher.py
[2022-06-20 12:31:09,367] {processor.py:642} INFO - Processing file /home/leizo/airflow/dags/lib/spotify_fetcher.py for tasks to queue
[2022-06-20 12:31:09,370] {logging_mixin.py:109} INFO - [2022-06-20 12:31:09,369] {dagbag.py:500} INFO - Filling up the DagBag from /home/leizo/airflow/dags/lib/spotify_fetcher.py
[2022-06-20 12:31:09,374] {processor.py:654} WARNING - No viable dags retrieved from /home/leizo/airflow/dags/lib/spotify_fetcher.py
[2022-06-20 12:31:09,431] {processor.py:171} INFO - Processing /home/leizo/airflow/dags/lib/spotify_fetcher.py took 0.085 seconds
[2022-06-20 12:34:34,811] {processor.py:163} INFO - Started process (PID=20854) to work on /home/leizo/airflow/dags/lib/spotify_fetcher.py
[2022-06-20 12:34:34,814] {processor.py:642} INFO - Processing file /home/leizo/airflow/dags/lib/spotify_fetcher.py for tasks to queue
[2022-06-20 12:34:34,815] {logging_mixin.py:109} INFO - [2022-06-20 12:34:34,815] {dagbag.py:500} INFO - Filling up the DagBag from /home/leizo/airflow/dags/lib/spotify_fetcher.py
[2022-06-20 12:34:34,817] {processor.py:654} WARNING - No viable dags retrieved from /home/leizo/airflow/dags/lib/spotify_fetcher.py
[2022-06-20 12:34:34,829] {processor.py:171} INFO - Processing /home/leizo/airflow/dags/lib/spotify_fetcher.py took 0.021 seconds
[2022-06-20 12:38:07,844] {processor.py:163} INFO - Started process (PID=22467) to work on /home/leizo/airflow/dags/lib/spotify_fetcher.py
[2022-06-20 12:38:07,845] {processor.py:642} INFO - Processing file /home/leizo/airflow/dags/lib/spotify_fetcher.py for tasks to queue
[2022-06-20 12:38:07,846] {logging_mixin.py:109} INFO - [2022-06-20 12:38:07,846] {dagbag.py:500} INFO - Filling up the DagBag from /home/leizo/airflow/dags/lib/spotify_fetcher.py
[2022-06-20 12:38:07,848] {processor.py:654} WARNING - No viable dags retrieved from /home/leizo/airflow/dags/lib/spotify_fetcher.py
[2022-06-20 12:38:07,858] {processor.py:171} INFO - Processing /home/leizo/airflow/dags/lib/spotify_fetcher.py took 0.016 seconds
[2022-06-20 12:40:58,182] {processor.py:163} INFO - Started process (PID=23807) to work on /home/leizo/airflow/dags/lib/spotify_fetcher.py
[2022-06-20 12:40:58,185] {processor.py:642} INFO - Processing file /home/leizo/airflow/dags/lib/spotify_fetcher.py for tasks to queue
[2022-06-20 12:40:58,186] {logging_mixin.py:109} INFO - [2022-06-20 12:40:58,186] {dagbag.py:500} INFO - Filling up the DagBag from /home/leizo/airflow/dags/lib/spotify_fetcher.py
[2022-06-20 12:40:58,188] {processor.py:654} WARNING - No viable dags retrieved from /home/leizo/airflow/dags/lib/spotify_fetcher.py
[2022-06-20 12:40:58,197] {processor.py:171} INFO - Processing /home/leizo/airflow/dags/lib/spotify_fetcher.py took 0.019 seconds
[2022-06-20 12:43:06,598] {processor.py:163} INFO - Started process (PID=25120) to work on /home/leizo/airflow/dags/lib/spotify_fetcher.py
[2022-06-20 12:43:06,601] {processor.py:642} INFO - Processing file /home/leizo/airflow/dags/lib/spotify_fetcher.py for tasks to queue
[2022-06-20 12:43:06,601] {logging_mixin.py:109} INFO - [2022-06-20 12:43:06,601] {dagbag.py:500} INFO - Filling up the DagBag from /home/leizo/airflow/dags/lib/spotify_fetcher.py
[2022-06-20 12:43:06,603] {processor.py:654} WARNING - No viable dags retrieved from /home/leizo/airflow/dags/lib/spotify_fetcher.py
[2022-06-20 12:43:06,611] {processor.py:171} INFO - Processing /home/leizo/airflow/dags/lib/spotify_fetcher.py took 0.014 seconds
[2022-06-20 12:45:08,868] {processor.py:163} INFO - Started process (PID=26438) to work on /home/leizo/airflow/dags/lib/spotify_fetcher.py
[2022-06-20 12:45:08,871] {processor.py:642} INFO - Processing file /home/leizo/airflow/dags/lib/spotify_fetcher.py for tasks to queue
[2022-06-20 12:45:08,871] {logging_mixin.py:109} INFO - [2022-06-20 12:45:08,871] {dagbag.py:500} INFO - Filling up the DagBag from /home/leizo/airflow/dags/lib/spotify_fetcher.py
[2022-06-20 12:45:08,873] {processor.py:654} WARNING - No viable dags retrieved from /home/leizo/airflow/dags/lib/spotify_fetcher.py
[2022-06-20 12:45:08,881] {processor.py:171} INFO - Processing /home/leizo/airflow/dags/lib/spotify_fetcher.py took 0.017 seconds
[2022-06-20 12:47:11,643] {processor.py:163} INFO - Started process (PID=27733) to work on /home/leizo/airflow/dags/lib/spotify_fetcher.py
[2022-06-20 12:47:11,645] {processor.py:642} INFO - Processing file /home/leizo/airflow/dags/lib/spotify_fetcher.py for tasks to queue
[2022-06-20 12:47:11,646] {logging_mixin.py:109} INFO - [2022-06-20 12:47:11,646] {dagbag.py:500} INFO - Filling up the DagBag from /home/leizo/airflow/dags/lib/spotify_fetcher.py
[2022-06-20 12:47:11,648] {processor.py:654} WARNING - No viable dags retrieved from /home/leizo/airflow/dags/lib/spotify_fetcher.py
[2022-06-20 12:47:11,659] {processor.py:171} INFO - Processing /home/leizo/airflow/dags/lib/spotify_fetcher.py took 0.019 seconds
[2022-06-20 12:49:21,166] {processor.py:163} INFO - Started process (PID=29039) to work on /home/leizo/airflow/dags/lib/spotify_fetcher.py
[2022-06-20 12:49:21,169] {processor.py:642} INFO - Processing file /home/leizo/airflow/dags/lib/spotify_fetcher.py for tasks to queue
[2022-06-20 12:49:21,170] {logging_mixin.py:109} INFO - [2022-06-20 12:49:21,170] {dagbag.py:500} INFO - Filling up the DagBag from /home/leizo/airflow/dags/lib/spotify_fetcher.py
[2022-06-20 12:49:21,172] {processor.py:654} WARNING - No viable dags retrieved from /home/leizo/airflow/dags/lib/spotify_fetcher.py
[2022-06-20 12:49:21,178] {processor.py:171} INFO - Processing /home/leizo/airflow/dags/lib/spotify_fetcher.py took 0.015 seconds
[2022-06-20 12:51:29,167] {processor.py:163} INFO - Started process (PID=30479) to work on /home/leizo/airflow/dags/lib/spotify_fetcher.py
[2022-06-20 12:51:29,169] {processor.py:642} INFO - Processing file /home/leizo/airflow/dags/lib/spotify_fetcher.py for tasks to queue
[2022-06-20 12:51:29,170] {logging_mixin.py:109} INFO - [2022-06-20 12:51:29,170] {dagbag.py:500} INFO - Filling up the DagBag from /home/leizo/airflow/dags/lib/spotify_fetcher.py
[2022-06-20 12:51:29,172] {processor.py:654} WARNING - No viable dags retrieved from /home/leizo/airflow/dags/lib/spotify_fetcher.py
[2022-06-20 12:51:29,184] {processor.py:171} INFO - Processing /home/leizo/airflow/dags/lib/spotify_fetcher.py took 0.020 seconds
[2022-06-20 12:54:02,792] {processor.py:163} INFO - Started process (PID=31774) to work on /home/leizo/airflow/dags/lib/spotify_fetcher.py
[2022-06-20 12:54:02,799] {processor.py:642} INFO - Processing file /home/leizo/airflow/dags/lib/spotify_fetcher.py for tasks to queue
[2022-06-20 12:54:02,801] {logging_mixin.py:109} INFO - [2022-06-20 12:54:02,801] {dagbag.py:500} INFO - Filling up the DagBag from /home/leizo/airflow/dags/lib/spotify_fetcher.py
[2022-06-20 12:54:02,805] {processor.py:654} WARNING - No viable dags retrieved from /home/leizo/airflow/dags/lib/spotify_fetcher.py
[2022-06-20 12:54:02,818] {processor.py:171} INFO - Processing /home/leizo/airflow/dags/lib/spotify_fetcher.py took 0.032 seconds
[2022-06-20 12:57:23,811] {processor.py:163} INFO - Started process (PID=631) to work on /home/leizo/airflow/dags/lib/spotify_fetcher.py
[2022-06-20 12:57:23,814] {processor.py:642} INFO - Processing file /home/leizo/airflow/dags/lib/spotify_fetcher.py for tasks to queue
[2022-06-20 12:57:23,816] {logging_mixin.py:109} INFO - [2022-06-20 12:57:23,816] {dagbag.py:500} INFO - Filling up the DagBag from /home/leizo/airflow/dags/lib/spotify_fetcher.py
[2022-06-20 12:57:23,821] {processor.py:654} WARNING - No viable dags retrieved from /home/leizo/airflow/dags/lib/spotify_fetcher.py
[2022-06-20 12:57:23,839] {processor.py:171} INFO - Processing /home/leizo/airflow/dags/lib/spotify_fetcher.py took 0.035 seconds
[2022-06-20 13:02:04,388] {processor.py:163} INFO - Started process (PID=2305) to work on /home/leizo/airflow/dags/lib/spotify_fetcher.py
[2022-06-20 13:02:04,389] {processor.py:642} INFO - Processing file /home/leizo/airflow/dags/lib/spotify_fetcher.py for tasks to queue
[2022-06-20 13:02:04,390] {logging_mixin.py:109} INFO - [2022-06-20 13:02:04,390] {dagbag.py:500} INFO - Filling up the DagBag from /home/leizo/airflow/dags/lib/spotify_fetcher.py
[2022-06-20 13:02:04,393] {processor.py:654} WARNING - No viable dags retrieved from /home/leizo/airflow/dags/lib/spotify_fetcher.py
[2022-06-20 13:02:04,402] {processor.py:171} INFO - Processing /home/leizo/airflow/dags/lib/spotify_fetcher.py took 0.017 seconds
[2022-06-20 13:05:13,503] {processor.py:163} INFO - Started process (PID=3667) to work on /home/leizo/airflow/dags/lib/spotify_fetcher.py
[2022-06-20 13:05:13,505] {processor.py:642} INFO - Processing file /home/leizo/airflow/dags/lib/spotify_fetcher.py for tasks to queue
[2022-06-20 13:05:13,506] {logging_mixin.py:109} INFO - [2022-06-20 13:05:13,506] {dagbag.py:500} INFO - Filling up the DagBag from /home/leizo/airflow/dags/lib/spotify_fetcher.py
[2022-06-20 13:05:13,509] {processor.py:654} WARNING - No viable dags retrieved from /home/leizo/airflow/dags/lib/spotify_fetcher.py
[2022-06-20 13:05:13,525] {processor.py:171} INFO - Processing /home/leizo/airflow/dags/lib/spotify_fetcher.py took 0.026 seconds
[2022-06-20 15:43:44,432] {processor.py:163} INFO - Started process (PID=2375) to work on /home/leizo/airflow/dags/lib/spotify_fetcher.py
[2022-06-20 15:43:44,433] {processor.py:642} INFO - Processing file /home/leizo/airflow/dags/lib/spotify_fetcher.py for tasks to queue
[2022-06-20 15:43:44,434] {logging_mixin.py:109} INFO - [2022-06-20 15:43:44,434] {dagbag.py:500} INFO - Filling up the DagBag from /home/leizo/airflow/dags/lib/spotify_fetcher.py
[2022-06-20 15:43:44,436] {processor.py:654} WARNING - No viable dags retrieved from /home/leizo/airflow/dags/lib/spotify_fetcher.py
[2022-06-20 15:43:44,441] {processor.py:171} INFO - Processing /home/leizo/airflow/dags/lib/spotify_fetcher.py took 0.012 seconds
[2022-06-20 15:45:16,121] {processor.py:163} INFO - Started process (PID=3378) to work on /home/leizo/airflow/dags/lib/spotify_fetcher.py
[2022-06-20 15:45:16,124] {processor.py:642} INFO - Processing file /home/leizo/airflow/dags/lib/spotify_fetcher.py for tasks to queue
[2022-06-20 15:45:16,125] {logging_mixin.py:109} INFO - [2022-06-20 15:45:16,124] {dagbag.py:500} INFO - Filling up the DagBag from /home/leizo/airflow/dags/lib/spotify_fetcher.py
[2022-06-20 15:45:16,127] {processor.py:654} WARNING - No viable dags retrieved from /home/leizo/airflow/dags/lib/spotify_fetcher.py
[2022-06-20 15:45:16,138] {processor.py:171} INFO - Processing /home/leizo/airflow/dags/lib/spotify_fetcher.py took 0.022 seconds
[2022-06-20 15:47:14,644] {processor.py:163} INFO - Started process (PID=4759) to work on /home/leizo/airflow/dags/lib/spotify_fetcher.py
[2022-06-20 15:47:14,646] {processor.py:642} INFO - Processing file /home/leizo/airflow/dags/lib/spotify_fetcher.py for tasks to queue
[2022-06-20 15:47:14,647] {logging_mixin.py:109} INFO - [2022-06-20 15:47:14,647] {dagbag.py:500} INFO - Filling up the DagBag from /home/leizo/airflow/dags/lib/spotify_fetcher.py
[2022-06-20 15:47:14,649] {processor.py:654} WARNING - No viable dags retrieved from /home/leizo/airflow/dags/lib/spotify_fetcher.py
[2022-06-20 15:47:14,658] {processor.py:171} INFO - Processing /home/leizo/airflow/dags/lib/spotify_fetcher.py took 0.018 seconds
[2022-06-20 15:49:05,402] {processor.py:163} INFO - Started process (PID=6118) to work on /home/leizo/airflow/dags/lib/spotify_fetcher.py
[2022-06-20 15:49:05,404] {processor.py:642} INFO - Processing file /home/leizo/airflow/dags/lib/spotify_fetcher.py for tasks to queue
[2022-06-20 15:49:05,405] {logging_mixin.py:109} INFO - [2022-06-20 15:49:05,405] {dagbag.py:500} INFO - Filling up the DagBag from /home/leizo/airflow/dags/lib/spotify_fetcher.py
[2022-06-20 15:49:05,407] {processor.py:654} WARNING - No viable dags retrieved from /home/leizo/airflow/dags/lib/spotify_fetcher.py
[2022-06-20 15:49:05,419] {processor.py:171} INFO - Processing /home/leizo/airflow/dags/lib/spotify_fetcher.py took 0.023 seconds
[2022-06-20 15:50:52,969] {processor.py:163} INFO - Started process (PID=7463) to work on /home/leizo/airflow/dags/lib/spotify_fetcher.py
[2022-06-20 15:50:52,972] {processor.py:642} INFO - Processing file /home/leizo/airflow/dags/lib/spotify_fetcher.py for tasks to queue
[2022-06-20 15:50:52,973] {logging_mixin.py:109} INFO - [2022-06-20 15:50:52,973] {dagbag.py:500} INFO - Filling up the DagBag from /home/leizo/airflow/dags/lib/spotify_fetcher.py
[2022-06-20 15:50:52,975] {processor.py:654} WARNING - No viable dags retrieved from /home/leizo/airflow/dags/lib/spotify_fetcher.py
[2022-06-20 15:50:52,987] {processor.py:171} INFO - Processing /home/leizo/airflow/dags/lib/spotify_fetcher.py took 0.022 seconds
[2022-06-20 15:52:44,497] {processor.py:163} INFO - Started process (PID=8834) to work on /home/leizo/airflow/dags/lib/spotify_fetcher.py
[2022-06-20 15:52:44,499] {processor.py:642} INFO - Processing file /home/leizo/airflow/dags/lib/spotify_fetcher.py for tasks to queue
[2022-06-20 15:52:44,500] {logging_mixin.py:109} INFO - [2022-06-20 15:52:44,499] {dagbag.py:500} INFO - Filling up the DagBag from /home/leizo/airflow/dags/lib/spotify_fetcher.py
[2022-06-20 15:52:44,501] {processor.py:654} WARNING - No viable dags retrieved from /home/leizo/airflow/dags/lib/spotify_fetcher.py
[2022-06-20 15:52:44,506] {processor.py:171} INFO - Processing /home/leizo/airflow/dags/lib/spotify_fetcher.py took 0.013 seconds
[2022-06-20 15:54:39,496] {processor.py:163} INFO - Started process (PID=10188) to work on /home/leizo/airflow/dags/lib/spotify_fetcher.py
[2022-06-20 15:54:39,498] {processor.py:642} INFO - Processing file /home/leizo/airflow/dags/lib/spotify_fetcher.py for tasks to queue
[2022-06-20 15:54:39,499] {logging_mixin.py:109} INFO - [2022-06-20 15:54:39,499] {dagbag.py:500} INFO - Filling up the DagBag from /home/leizo/airflow/dags/lib/spotify_fetcher.py
[2022-06-20 15:54:39,501] {processor.py:654} WARNING - No viable dags retrieved from /home/leizo/airflow/dags/lib/spotify_fetcher.py
[2022-06-20 15:54:39,511] {processor.py:171} INFO - Processing /home/leizo/airflow/dags/lib/spotify_fetcher.py took 0.019 seconds
[2022-06-20 15:56:36,094] {processor.py:163} INFO - Started process (PID=11522) to work on /home/leizo/airflow/dags/lib/spotify_fetcher.py
[2022-06-20 15:56:36,096] {processor.py:642} INFO - Processing file /home/leizo/airflow/dags/lib/spotify_fetcher.py for tasks to queue
[2022-06-20 15:56:36,097] {logging_mixin.py:109} INFO - [2022-06-20 15:56:36,096] {dagbag.py:500} INFO - Filling up the DagBag from /home/leizo/airflow/dags/lib/spotify_fetcher.py
[2022-06-20 15:56:36,098] {processor.py:654} WARNING - No viable dags retrieved from /home/leizo/airflow/dags/lib/spotify_fetcher.py
[2022-06-20 15:56:36,104] {processor.py:171} INFO - Processing /home/leizo/airflow/dags/lib/spotify_fetcher.py took 0.013 seconds
[2022-06-20 15:58:28,415] {processor.py:163} INFO - Started process (PID=12877) to work on /home/leizo/airflow/dags/lib/spotify_fetcher.py
[2022-06-20 15:58:28,418] {processor.py:642} INFO - Processing file /home/leizo/airflow/dags/lib/spotify_fetcher.py for tasks to queue
[2022-06-20 15:58:28,420] {logging_mixin.py:109} INFO - [2022-06-20 15:58:28,420] {dagbag.py:500} INFO - Filling up the DagBag from /home/leizo/airflow/dags/lib/spotify_fetcher.py
[2022-06-20 15:58:28,423] {processor.py:654} WARNING - No viable dags retrieved from /home/leizo/airflow/dags/lib/spotify_fetcher.py
[2022-06-20 15:58:28,436] {processor.py:171} INFO - Processing /home/leizo/airflow/dags/lib/spotify_fetcher.py took 0.027 seconds
[2022-06-20 16:00:11,433] {processor.py:163} INFO - Started process (PID=14063) to work on /home/leizo/airflow/dags/lib/spotify_fetcher.py
[2022-06-20 16:00:11,437] {processor.py:642} INFO - Processing file /home/leizo/airflow/dags/lib/spotify_fetcher.py for tasks to queue
[2022-06-20 16:00:11,439] {logging_mixin.py:109} INFO - [2022-06-20 16:00:11,438] {dagbag.py:500} INFO - Filling up the DagBag from /home/leizo/airflow/dags/lib/spotify_fetcher.py
[2022-06-20 16:00:11,441] {processor.py:654} WARNING - No viable dags retrieved from /home/leizo/airflow/dags/lib/spotify_fetcher.py
[2022-06-20 16:00:11,452] {processor.py:171} INFO - Processing /home/leizo/airflow/dags/lib/spotify_fetcher.py took 0.024 seconds
[2022-06-20 16:02:23,040] {processor.py:163} INFO - Started process (PID=15959) to work on /home/leizo/airflow/dags/lib/spotify_fetcher.py
[2022-06-20 16:02:23,044] {processor.py:642} INFO - Processing file /home/leizo/airflow/dags/lib/spotify_fetcher.py for tasks to queue
[2022-06-20 16:02:23,045] {logging_mixin.py:109} INFO - [2022-06-20 16:02:23,045] {dagbag.py:500} INFO - Filling up the DagBag from /home/leizo/airflow/dags/lib/spotify_fetcher.py
[2022-06-20 16:02:23,047] {processor.py:654} WARNING - No viable dags retrieved from /home/leizo/airflow/dags/lib/spotify_fetcher.py
[2022-06-20 16:02:23,058] {processor.py:171} INFO - Processing /home/leizo/airflow/dags/lib/spotify_fetcher.py took 0.023 seconds
[2022-06-20 16:04:32,848] {processor.py:163} INFO - Started process (PID=17620) to work on /home/leizo/airflow/dags/lib/spotify_fetcher.py
[2022-06-20 16:04:32,850] {processor.py:642} INFO - Processing file /home/leizo/airflow/dags/lib/spotify_fetcher.py for tasks to queue
[2022-06-20 16:04:32,851] {logging_mixin.py:109} INFO - [2022-06-20 16:04:32,851] {dagbag.py:500} INFO - Filling up the DagBag from /home/leizo/airflow/dags/lib/spotify_fetcher.py
[2022-06-20 16:04:32,853] {processor.py:654} WARNING - No viable dags retrieved from /home/leizo/airflow/dags/lib/spotify_fetcher.py
[2022-06-20 16:04:32,864] {processor.py:171} INFO - Processing /home/leizo/airflow/dags/lib/spotify_fetcher.py took 0.019 seconds
[2022-06-20 16:08:07,404] {processor.py:163} INFO - Started process (PID=20141) to work on /home/leizo/airflow/dags/lib/spotify_fetcher.py
[2022-06-20 16:08:07,406] {processor.py:642} INFO - Processing file /home/leizo/airflow/dags/lib/spotify_fetcher.py for tasks to queue
[2022-06-20 16:08:07,407] {logging_mixin.py:109} INFO - [2022-06-20 16:08:07,407] {dagbag.py:500} INFO - Filling up the DagBag from /home/leizo/airflow/dags/lib/spotify_fetcher.py
[2022-06-20 16:08:07,408] {processor.py:654} WARNING - No viable dags retrieved from /home/leizo/airflow/dags/lib/spotify_fetcher.py
[2022-06-20 16:08:07,415] {processor.py:171} INFO - Processing /home/leizo/airflow/dags/lib/spotify_fetcher.py took 0.012 seconds
[2022-06-20 16:10:00,549] {processor.py:163} INFO - Started process (PID=21568) to work on /home/leizo/airflow/dags/lib/spotify_fetcher.py
[2022-06-20 16:10:00,552] {processor.py:642} INFO - Processing file /home/leizo/airflow/dags/lib/spotify_fetcher.py for tasks to queue
[2022-06-20 16:10:00,553] {logging_mixin.py:109} INFO - [2022-06-20 16:10:00,553] {dagbag.py:500} INFO - Filling up the DagBag from /home/leizo/airflow/dags/lib/spotify_fetcher.py
[2022-06-20 16:10:00,554] {processor.py:654} WARNING - No viable dags retrieved from /home/leizo/airflow/dags/lib/spotify_fetcher.py
[2022-06-20 16:10:00,561] {processor.py:171} INFO - Processing /home/leizo/airflow/dags/lib/spotify_fetcher.py took 0.015 seconds
[2022-06-20 16:11:53,799] {processor.py:163} INFO - Started process (PID=23015) to work on /home/leizo/airflow/dags/lib/spotify_fetcher.py
[2022-06-20 16:11:53,803] {processor.py:642} INFO - Processing file /home/leizo/airflow/dags/lib/spotify_fetcher.py for tasks to queue
[2022-06-20 16:11:53,803] {logging_mixin.py:109} INFO - [2022-06-20 16:11:53,803] {dagbag.py:500} INFO - Filling up the DagBag from /home/leizo/airflow/dags/lib/spotify_fetcher.py
[2022-06-20 16:11:53,804] {processor.py:654} WARNING - No viable dags retrieved from /home/leizo/airflow/dags/lib/spotify_fetcher.py
[2022-06-20 16:11:53,810] {processor.py:171} INFO - Processing /home/leizo/airflow/dags/lib/spotify_fetcher.py took 0.013 seconds
[2022-06-20 16:16:08,691] {processor.py:163} INFO - Started process (PID=26489) to work on /home/leizo/airflow/dags/lib/spotify_fetcher.py
[2022-06-20 16:16:08,693] {processor.py:642} INFO - Processing file /home/leizo/airflow/dags/lib/spotify_fetcher.py for tasks to queue
[2022-06-20 16:16:08,694] {logging_mixin.py:109} INFO - [2022-06-20 16:16:08,694] {dagbag.py:500} INFO - Filling up the DagBag from /home/leizo/airflow/dags/lib/spotify_fetcher.py
[2022-06-20 16:16:08,695] {processor.py:654} WARNING - No viable dags retrieved from /home/leizo/airflow/dags/lib/spotify_fetcher.py
[2022-06-20 16:16:08,703] {processor.py:171} INFO - Processing /home/leizo/airflow/dags/lib/spotify_fetcher.py took 0.015 seconds
[2022-06-20 16:17:21,507] {processor.py:163} INFO - Started process (PID=27249) to work on /home/leizo/airflow/dags/lib/spotify_fetcher.py
[2022-06-20 16:17:21,510] {processor.py:642} INFO - Processing file /home/leizo/airflow/dags/lib/spotify_fetcher.py for tasks to queue
[2022-06-20 16:17:21,511] {logging_mixin.py:109} INFO - [2022-06-20 16:17:21,511] {dagbag.py:500} INFO - Filling up the DagBag from /home/leizo/airflow/dags/lib/spotify_fetcher.py
[2022-06-20 16:17:21,513] {processor.py:654} WARNING - No viable dags retrieved from /home/leizo/airflow/dags/lib/spotify_fetcher.py
[2022-06-20 16:17:21,527] {processor.py:171} INFO - Processing /home/leizo/airflow/dags/lib/spotify_fetcher.py took 0.025 seconds
[2022-06-20 16:19:13,478] {processor.py:163} INFO - Started process (PID=28511) to work on /home/leizo/airflow/dags/lib/spotify_fetcher.py
[2022-06-20 16:19:13,481] {processor.py:642} INFO - Processing file /home/leizo/airflow/dags/lib/spotify_fetcher.py for tasks to queue
[2022-06-20 16:19:13,482] {logging_mixin.py:109} INFO - [2022-06-20 16:19:13,481] {dagbag.py:500} INFO - Filling up the DagBag from /home/leizo/airflow/dags/lib/spotify_fetcher.py
[2022-06-20 16:19:13,483] {processor.py:654} WARNING - No viable dags retrieved from /home/leizo/airflow/dags/lib/spotify_fetcher.py
[2022-06-20 16:19:13,488] {processor.py:171} INFO - Processing /home/leizo/airflow/dags/lib/spotify_fetcher.py took 0.013 seconds
[2022-06-20 16:20:57,671] {processor.py:163} INFO - Started process (PID=29782) to work on /home/leizo/airflow/dags/lib/spotify_fetcher.py
[2022-06-20 16:20:57,673] {processor.py:642} INFO - Processing file /home/leizo/airflow/dags/lib/spotify_fetcher.py for tasks to queue
[2022-06-20 16:20:57,674] {logging_mixin.py:109} INFO - [2022-06-20 16:20:57,674] {dagbag.py:500} INFO - Filling up the DagBag from /home/leizo/airflow/dags/lib/spotify_fetcher.py
[2022-06-20 16:20:57,675] {processor.py:654} WARNING - No viable dags retrieved from /home/leizo/airflow/dags/lib/spotify_fetcher.py
[2022-06-20 16:20:57,682] {processor.py:171} INFO - Processing /home/leizo/airflow/dags/lib/spotify_fetcher.py took 0.013 seconds
[2022-06-20 16:22:43,947] {processor.py:163} INFO - Started process (PID=31044) to work on /home/leizo/airflow/dags/lib/spotify_fetcher.py
[2022-06-20 16:22:43,949] {processor.py:642} INFO - Processing file /home/leizo/airflow/dags/lib/spotify_fetcher.py for tasks to queue
[2022-06-20 16:22:43,950] {logging_mixin.py:109} INFO - [2022-06-20 16:22:43,950] {dagbag.py:500} INFO - Filling up the DagBag from /home/leizo/airflow/dags/lib/spotify_fetcher.py
[2022-06-20 16:22:43,951] {processor.py:654} WARNING - No viable dags retrieved from /home/leizo/airflow/dags/lib/spotify_fetcher.py
[2022-06-20 16:22:43,960] {processor.py:171} INFO - Processing /home/leizo/airflow/dags/lib/spotify_fetcher.py took 0.015 seconds
[2022-06-20 16:24:28,430] {processor.py:163} INFO - Started process (PID=32280) to work on /home/leizo/airflow/dags/lib/spotify_fetcher.py
[2022-06-20 16:24:28,433] {processor.py:642} INFO - Processing file /home/leizo/airflow/dags/lib/spotify_fetcher.py for tasks to queue
[2022-06-20 16:24:28,434] {logging_mixin.py:109} INFO - [2022-06-20 16:24:28,434] {dagbag.py:500} INFO - Filling up the DagBag from /home/leizo/airflow/dags/lib/spotify_fetcher.py
[2022-06-20 16:24:28,436] {processor.py:654} WARNING - No viable dags retrieved from /home/leizo/airflow/dags/lib/spotify_fetcher.py
[2022-06-20 16:24:28,444] {processor.py:171} INFO - Processing /home/leizo/airflow/dags/lib/spotify_fetcher.py took 0.016 seconds
[2022-06-20 16:26:21,503] {processor.py:163} INFO - Started process (PID=1199) to work on /home/leizo/airflow/dags/lib/spotify_fetcher.py
[2022-06-20 16:26:21,505] {processor.py:642} INFO - Processing file /home/leizo/airflow/dags/lib/spotify_fetcher.py for tasks to queue
[2022-06-20 16:26:21,505] {logging_mixin.py:109} INFO - [2022-06-20 16:26:21,505] {dagbag.py:500} INFO - Filling up the DagBag from /home/leizo/airflow/dags/lib/spotify_fetcher.py
[2022-06-20 16:26:21,507] {processor.py:654} WARNING - No viable dags retrieved from /home/leizo/airflow/dags/lib/spotify_fetcher.py
[2022-06-20 16:26:21,515] {processor.py:171} INFO - Processing /home/leizo/airflow/dags/lib/spotify_fetcher.py took 0.015 seconds
[2022-06-20 16:28:16,177] {processor.py:163} INFO - Started process (PID=2492) to work on /home/leizo/airflow/dags/lib/spotify_fetcher.py
[2022-06-20 16:28:16,179] {processor.py:642} INFO - Processing file /home/leizo/airflow/dags/lib/spotify_fetcher.py for tasks to queue
[2022-06-20 16:28:16,180] {logging_mixin.py:109} INFO - [2022-06-20 16:28:16,180] {dagbag.py:500} INFO - Filling up the DagBag from /home/leizo/airflow/dags/lib/spotify_fetcher.py
[2022-06-20 16:28:16,181] {processor.py:654} WARNING - No viable dags retrieved from /home/leizo/airflow/dags/lib/spotify_fetcher.py
[2022-06-20 16:28:16,188] {processor.py:171} INFO - Processing /home/leizo/airflow/dags/lib/spotify_fetcher.py took 0.014 seconds
[2022-06-20 16:30:03,334] {processor.py:163} INFO - Started process (PID=3755) to work on /home/leizo/airflow/dags/lib/spotify_fetcher.py
[2022-06-20 16:30:03,337] {processor.py:642} INFO - Processing file /home/leizo/airflow/dags/lib/spotify_fetcher.py for tasks to queue
[2022-06-20 16:30:03,338] {logging_mixin.py:109} INFO - [2022-06-20 16:30:03,338] {dagbag.py:500} INFO - Filling up the DagBag from /home/leizo/airflow/dags/lib/spotify_fetcher.py
[2022-06-20 16:30:03,340] {processor.py:654} WARNING - No viable dags retrieved from /home/leizo/airflow/dags/lib/spotify_fetcher.py
[2022-06-20 16:30:03,348] {processor.py:171} INFO - Processing /home/leizo/airflow/dags/lib/spotify_fetcher.py took 0.016 seconds
[2022-06-20 16:31:47,699] {processor.py:163} INFO - Started process (PID=4980) to work on /home/leizo/airflow/dags/lib/spotify_fetcher.py
[2022-06-20 16:31:47,701] {processor.py:642} INFO - Processing file /home/leizo/airflow/dags/lib/spotify_fetcher.py for tasks to queue
[2022-06-20 16:31:47,701] {logging_mixin.py:109} INFO - [2022-06-20 16:31:47,701] {dagbag.py:500} INFO - Filling up the DagBag from /home/leizo/airflow/dags/lib/spotify_fetcher.py
[2022-06-20 16:31:47,703] {processor.py:654} WARNING - No viable dags retrieved from /home/leizo/airflow/dags/lib/spotify_fetcher.py
[2022-06-20 16:31:47,709] {processor.py:171} INFO - Processing /home/leizo/airflow/dags/lib/spotify_fetcher.py took 0.013 seconds
[2022-06-20 16:33:32,790] {processor.py:163} INFO - Started process (PID=6254) to work on /home/leizo/airflow/dags/lib/spotify_fetcher.py
[2022-06-20 16:33:32,793] {processor.py:642} INFO - Processing file /home/leizo/airflow/dags/lib/spotify_fetcher.py for tasks to queue
[2022-06-20 16:33:32,794] {logging_mixin.py:109} INFO - [2022-06-20 16:33:32,794] {dagbag.py:500} INFO - Filling up the DagBag from /home/leizo/airflow/dags/lib/spotify_fetcher.py
[2022-06-20 16:33:32,795] {processor.py:654} WARNING - No viable dags retrieved from /home/leizo/airflow/dags/lib/spotify_fetcher.py
[2022-06-20 16:33:32,802] {processor.py:171} INFO - Processing /home/leizo/airflow/dags/lib/spotify_fetcher.py took 0.014 seconds
[2022-06-20 16:35:16,460] {processor.py:163} INFO - Started process (PID=7533) to work on /home/leizo/airflow/dags/lib/spotify_fetcher.py
[2022-06-20 16:35:16,463] {processor.py:642} INFO - Processing file /home/leizo/airflow/dags/lib/spotify_fetcher.py for tasks to queue
[2022-06-20 16:35:16,464] {logging_mixin.py:109} INFO - [2022-06-20 16:35:16,464] {dagbag.py:500} INFO - Filling up the DagBag from /home/leizo/airflow/dags/lib/spotify_fetcher.py
[2022-06-20 16:35:16,466] {processor.py:654} WARNING - No viable dags retrieved from /home/leizo/airflow/dags/lib/spotify_fetcher.py
[2022-06-20 16:35:16,474] {processor.py:171} INFO - Processing /home/leizo/airflow/dags/lib/spotify_fetcher.py took 0.015 seconds
[2022-06-20 16:37:07,925] {processor.py:163} INFO - Started process (PID=8813) to work on /home/leizo/airflow/dags/lib/spotify_fetcher.py
[2022-06-20 16:37:07,928] {processor.py:642} INFO - Processing file /home/leizo/airflow/dags/lib/spotify_fetcher.py for tasks to queue
[2022-06-20 16:37:07,930] {logging_mixin.py:109} INFO - [2022-06-20 16:37:07,930] {dagbag.py:500} INFO - Filling up the DagBag from /home/leizo/airflow/dags/lib/spotify_fetcher.py
[2022-06-20 16:37:07,933] {processor.py:654} WARNING - No viable dags retrieved from /home/leizo/airflow/dags/lib/spotify_fetcher.py
[2022-06-20 16:37:07,951] {processor.py:171} INFO - Processing /home/leizo/airflow/dags/lib/spotify_fetcher.py took 0.033 seconds
[2022-06-20 16:39:04,705] {processor.py:163} INFO - Started process (PID=10047) to work on /home/leizo/airflow/dags/lib/spotify_fetcher.py
[2022-06-20 16:39:04,708] {processor.py:642} INFO - Processing file /home/leizo/airflow/dags/lib/spotify_fetcher.py for tasks to queue
[2022-06-20 16:39:04,708] {logging_mixin.py:109} INFO - [2022-06-20 16:39:04,708] {dagbag.py:500} INFO - Filling up the DagBag from /home/leizo/airflow/dags/lib/spotify_fetcher.py
[2022-06-20 16:39:04,710] {processor.py:654} WARNING - No viable dags retrieved from /home/leizo/airflow/dags/lib/spotify_fetcher.py
[2022-06-20 16:39:04,717] {processor.py:171} INFO - Processing /home/leizo/airflow/dags/lib/spotify_fetcher.py took 0.014 seconds
[2022-06-20 16:45:55,833] {processor.py:163} INFO - Started process (PID=14615) to work on /home/leizo/airflow/dags/lib/spotify_fetcher.py
[2022-06-20 16:45:55,835] {processor.py:642} INFO - Processing file /home/leizo/airflow/dags/lib/spotify_fetcher.py for tasks to queue
[2022-06-20 16:45:55,836] {logging_mixin.py:109} INFO - [2022-06-20 16:45:55,835] {dagbag.py:500} INFO - Filling up the DagBag from /home/leizo/airflow/dags/lib/spotify_fetcher.py
[2022-06-20 16:45:55,838] {processor.py:654} WARNING - No viable dags retrieved from /home/leizo/airflow/dags/lib/spotify_fetcher.py
[2022-06-20 16:45:55,848] {processor.py:171} INFO - Processing /home/leizo/airflow/dags/lib/spotify_fetcher.py took 0.018 seconds
[2022-06-20 16:47:28,610] {processor.py:163} INFO - Started process (PID=15368) to work on /home/leizo/airflow/dags/lib/spotify_fetcher.py
[2022-06-20 16:47:28,613] {processor.py:642} INFO - Processing file /home/leizo/airflow/dags/lib/spotify_fetcher.py for tasks to queue
[2022-06-20 16:47:28,614] {logging_mixin.py:109} INFO - [2022-06-20 16:47:28,614] {dagbag.py:500} INFO - Filling up the DagBag from /home/leizo/airflow/dags/lib/spotify_fetcher.py
[2022-06-20 16:47:28,616] {processor.py:654} WARNING - No viable dags retrieved from /home/leizo/airflow/dags/lib/spotify_fetcher.py
[2022-06-20 16:47:28,622] {processor.py:171} INFO - Processing /home/leizo/airflow/dags/lib/spotify_fetcher.py took 0.015 seconds
[2022-06-20 16:49:43,328] {processor.py:163} INFO - Started process (PID=16668) to work on /home/leizo/airflow/dags/lib/spotify_fetcher.py
[2022-06-20 16:49:43,330] {processor.py:642} INFO - Processing file /home/leizo/airflow/dags/lib/spotify_fetcher.py for tasks to queue
[2022-06-20 16:49:43,331] {logging_mixin.py:109} INFO - [2022-06-20 16:49:43,331] {dagbag.py:500} INFO - Filling up the DagBag from /home/leizo/airflow/dags/lib/spotify_fetcher.py
[2022-06-20 16:49:43,332] {processor.py:654} WARNING - No viable dags retrieved from /home/leizo/airflow/dags/lib/spotify_fetcher.py
[2022-06-20 16:49:43,338] {processor.py:171} INFO - Processing /home/leizo/airflow/dags/lib/spotify_fetcher.py took 0.013 seconds
[2022-06-20 16:51:56,229] {processor.py:163} INFO - Started process (PID=18551) to work on /home/leizo/airflow/dags/lib/spotify_fetcher.py
[2022-06-20 16:51:56,231] {processor.py:642} INFO - Processing file /home/leizo/airflow/dags/lib/spotify_fetcher.py for tasks to queue
[2022-06-20 16:51:56,232] {logging_mixin.py:109} INFO - [2022-06-20 16:51:56,232] {dagbag.py:500} INFO - Filling up the DagBag from /home/leizo/airflow/dags/lib/spotify_fetcher.py
[2022-06-20 16:51:56,233] {processor.py:654} WARNING - No viable dags retrieved from /home/leizo/airflow/dags/lib/spotify_fetcher.py
[2022-06-20 16:51:56,239] {processor.py:171} INFO - Processing /home/leizo/airflow/dags/lib/spotify_fetcher.py took 0.013 seconds
[2022-06-20 16:54:10,766] {processor.py:163} INFO - Started process (PID=19962) to work on /home/leizo/airflow/dags/lib/spotify_fetcher.py
[2022-06-20 16:54:10,768] {processor.py:642} INFO - Processing file /home/leizo/airflow/dags/lib/spotify_fetcher.py for tasks to queue
[2022-06-20 16:54:10,768] {logging_mixin.py:109} INFO - [2022-06-20 16:54:10,768] {dagbag.py:500} INFO - Filling up the DagBag from /home/leizo/airflow/dags/lib/spotify_fetcher.py
[2022-06-20 16:54:10,770] {processor.py:654} WARNING - No viable dags retrieved from /home/leizo/airflow/dags/lib/spotify_fetcher.py
[2022-06-20 16:54:10,776] {processor.py:171} INFO - Processing /home/leizo/airflow/dags/lib/spotify_fetcher.py took 0.013 seconds
[2022-06-20 16:56:36,233] {processor.py:163} INFO - Started process (PID=21228) to work on /home/leizo/airflow/dags/lib/spotify_fetcher.py
[2022-06-20 16:56:36,236] {processor.py:642} INFO - Processing file /home/leizo/airflow/dags/lib/spotify_fetcher.py for tasks to queue
[2022-06-20 16:56:36,237] {logging_mixin.py:109} INFO - [2022-06-20 16:56:36,237] {dagbag.py:500} INFO - Filling up the DagBag from /home/leizo/airflow/dags/lib/spotify_fetcher.py
[2022-06-20 16:56:36,240] {processor.py:654} WARNING - No viable dags retrieved from /home/leizo/airflow/dags/lib/spotify_fetcher.py
[2022-06-20 16:56:36,253] {processor.py:171} INFO - Processing /home/leizo/airflow/dags/lib/spotify_fetcher.py took 0.024 seconds
[2022-06-20 16:59:11,199] {processor.py:163} INFO - Started process (PID=22515) to work on /home/leizo/airflow/dags/lib/spotify_fetcher.py
[2022-06-20 16:59:11,201] {processor.py:642} INFO - Processing file /home/leizo/airflow/dags/lib/spotify_fetcher.py for tasks to queue
[2022-06-20 16:59:11,202] {logging_mixin.py:109} INFO - [2022-06-20 16:59:11,201] {dagbag.py:500} INFO - Filling up the DagBag from /home/leizo/airflow/dags/lib/spotify_fetcher.py
[2022-06-20 16:59:11,205] {processor.py:654} WARNING - No viable dags retrieved from /home/leizo/airflow/dags/lib/spotify_fetcher.py
[2022-06-20 16:59:11,223] {processor.py:171} INFO - Processing /home/leizo/airflow/dags/lib/spotify_fetcher.py took 0.030 seconds
[2022-06-20 17:01:45,628] {processor.py:163} INFO - Started process (PID=23805) to work on /home/leizo/airflow/dags/lib/spotify_fetcher.py
[2022-06-20 17:01:45,632] {processor.py:642} INFO - Processing file /home/leizo/airflow/dags/lib/spotify_fetcher.py for tasks to queue
[2022-06-20 17:01:45,633] {logging_mixin.py:109} INFO - [2022-06-20 17:01:45,633] {dagbag.py:500} INFO - Filling up the DagBag from /home/leizo/airflow/dags/lib/spotify_fetcher.py
[2022-06-20 17:01:45,636] {processor.py:654} WARNING - No viable dags retrieved from /home/leizo/airflow/dags/lib/spotify_fetcher.py
[2022-06-20 17:01:45,652] {processor.py:171} INFO - Processing /home/leizo/airflow/dags/lib/spotify_fetcher.py took 0.030 seconds
[2022-06-20 17:04:41,315] {processor.py:163} INFO - Started process (PID=25085) to work on /home/leizo/airflow/dags/lib/spotify_fetcher.py
[2022-06-20 17:04:41,320] {processor.py:642} INFO - Processing file /home/leizo/airflow/dags/lib/spotify_fetcher.py for tasks to queue
[2022-06-20 17:04:41,322] {logging_mixin.py:109} INFO - [2022-06-20 17:04:41,322] {dagbag.py:500} INFO - Filling up the DagBag from /home/leizo/airflow/dags/lib/spotify_fetcher.py
[2022-06-20 17:04:41,330] {processor.py:654} WARNING - No viable dags retrieved from /home/leizo/airflow/dags/lib/spotify_fetcher.py
[2022-06-20 17:04:41,362] {processor.py:171} INFO - Processing /home/leizo/airflow/dags/lib/spotify_fetcher.py took 0.061 seconds
[2022-06-20 17:07:56,063] {processor.py:163} INFO - Started process (PID=26385) to work on /home/leizo/airflow/dags/lib/spotify_fetcher.py
[2022-06-20 17:07:56,067] {processor.py:642} INFO - Processing file /home/leizo/airflow/dags/lib/spotify_fetcher.py for tasks to queue
[2022-06-20 17:07:56,068] {logging_mixin.py:109} INFO - [2022-06-20 17:07:56,068] {dagbag.py:500} INFO - Filling up the DagBag from /home/leizo/airflow/dags/lib/spotify_fetcher.py
[2022-06-20 17:07:56,072] {processor.py:654} WARNING - No viable dags retrieved from /home/leizo/airflow/dags/lib/spotify_fetcher.py
[2022-06-20 17:07:56,091] {processor.py:171} INFO - Processing /home/leizo/airflow/dags/lib/spotify_fetcher.py took 0.032 seconds
[2022-06-20 17:11:20,983] {processor.py:163} INFO - Started process (PID=27641) to work on /home/leizo/airflow/dags/lib/spotify_fetcher.py
[2022-06-20 17:11:20,988] {processor.py:642} INFO - Processing file /home/leizo/airflow/dags/lib/spotify_fetcher.py for tasks to queue
[2022-06-20 17:11:20,997] {logging_mixin.py:109} INFO - [2022-06-20 17:11:20,996] {dagbag.py:500} INFO - Filling up the DagBag from /home/leizo/airflow/dags/lib/spotify_fetcher.py
[2022-06-20 17:11:21,003] {processor.py:654} WARNING - No viable dags retrieved from /home/leizo/airflow/dags/lib/spotify_fetcher.py
[2022-06-20 17:11:21,044] {processor.py:171} INFO - Processing /home/leizo/airflow/dags/lib/spotify_fetcher.py took 0.078 seconds
[2022-06-20 17:14:52,133] {processor.py:163} INFO - Started process (PID=28907) to work on /home/leizo/airflow/dags/lib/spotify_fetcher.py
[2022-06-20 17:14:52,137] {processor.py:642} INFO - Processing file /home/leizo/airflow/dags/lib/spotify_fetcher.py for tasks to queue
[2022-06-20 17:14:52,139] {logging_mixin.py:109} INFO - [2022-06-20 17:14:52,138] {dagbag.py:500} INFO - Filling up the DagBag from /home/leizo/airflow/dags/lib/spotify_fetcher.py
[2022-06-20 17:14:52,141] {processor.py:654} WARNING - No viable dags retrieved from /home/leizo/airflow/dags/lib/spotify_fetcher.py
[2022-06-20 17:14:52,158] {processor.py:171} INFO - Processing /home/leizo/airflow/dags/lib/spotify_fetcher.py took 0.032 seconds
[2022-06-20 17:18:00,291] {processor.py:163} INFO - Started process (PID=30203) to work on /home/leizo/airflow/dags/lib/spotify_fetcher.py
[2022-06-20 17:18:00,295] {processor.py:642} INFO - Processing file /home/leizo/airflow/dags/lib/spotify_fetcher.py for tasks to queue
[2022-06-20 17:18:00,297] {logging_mixin.py:109} INFO - [2022-06-20 17:18:00,296] {dagbag.py:500} INFO - Filling up the DagBag from /home/leizo/airflow/dags/lib/spotify_fetcher.py
[2022-06-20 17:18:00,302] {processor.py:654} WARNING - No viable dags retrieved from /home/leizo/airflow/dags/lib/spotify_fetcher.py
[2022-06-20 17:18:00,322] {processor.py:171} INFO - Processing /home/leizo/airflow/dags/lib/spotify_fetcher.py took 0.037 seconds
[2022-06-20 17:21:04,249] {processor.py:163} INFO - Started process (PID=31541) to work on /home/leizo/airflow/dags/lib/spotify_fetcher.py
[2022-06-20 17:21:04,252] {processor.py:642} INFO - Processing file /home/leizo/airflow/dags/lib/spotify_fetcher.py for tasks to queue
[2022-06-20 17:21:04,253] {logging_mixin.py:109} INFO - [2022-06-20 17:21:04,253] {dagbag.py:500} INFO - Filling up the DagBag from /home/leizo/airflow/dags/lib/spotify_fetcher.py
[2022-06-20 17:21:04,256] {processor.py:654} WARNING - No viable dags retrieved from /home/leizo/airflow/dags/lib/spotify_fetcher.py
[2022-06-20 17:21:04,280] {processor.py:171} INFO - Processing /home/leizo/airflow/dags/lib/spotify_fetcher.py took 0.036 seconds
[2022-06-20 17:24:01,918] {processor.py:163} INFO - Started process (PID=381) to work on /home/leizo/airflow/dags/lib/spotify_fetcher.py
[2022-06-20 17:24:01,922] {processor.py:642} INFO - Processing file /home/leizo/airflow/dags/lib/spotify_fetcher.py for tasks to queue
[2022-06-20 17:24:01,924] {logging_mixin.py:109} INFO - [2022-06-20 17:24:01,924] {dagbag.py:500} INFO - Filling up the DagBag from /home/leizo/airflow/dags/lib/spotify_fetcher.py
[2022-06-20 17:24:01,928] {processor.py:654} WARNING - No viable dags retrieved from /home/leizo/airflow/dags/lib/spotify_fetcher.py
[2022-06-20 17:24:01,945] {processor.py:171} INFO - Processing /home/leizo/airflow/dags/lib/spotify_fetcher.py took 0.033 seconds
[2022-06-20 17:27:03,855] {processor.py:163} INFO - Started process (PID=1814) to work on /home/leizo/airflow/dags/lib/spotify_fetcher.py
[2022-06-20 17:27:03,858] {processor.py:642} INFO - Processing file /home/leizo/airflow/dags/lib/spotify_fetcher.py for tasks to queue
[2022-06-20 17:27:03,860] {logging_mixin.py:109} INFO - [2022-06-20 17:27:03,860] {dagbag.py:500} INFO - Filling up the DagBag from /home/leizo/airflow/dags/lib/spotify_fetcher.py
[2022-06-20 17:27:03,865] {processor.py:654} WARNING - No viable dags retrieved from /home/leizo/airflow/dags/lib/spotify_fetcher.py
[2022-06-20 17:27:03,885] {processor.py:171} INFO - Processing /home/leizo/airflow/dags/lib/spotify_fetcher.py took 0.037 seconds
[2022-06-20 17:30:11,232] {processor.py:163} INFO - Started process (PID=3097) to work on /home/leizo/airflow/dags/lib/spotify_fetcher.py
[2022-06-20 17:30:11,234] {processor.py:642} INFO - Processing file /home/leizo/airflow/dags/lib/spotify_fetcher.py for tasks to queue
[2022-06-20 17:30:11,235] {logging_mixin.py:109} INFO - [2022-06-20 17:30:11,235] {dagbag.py:500} INFO - Filling up the DagBag from /home/leizo/airflow/dags/lib/spotify_fetcher.py
[2022-06-20 17:30:11,238] {processor.py:654} WARNING - No viable dags retrieved from /home/leizo/airflow/dags/lib/spotify_fetcher.py
[2022-06-20 17:30:11,253] {processor.py:171} INFO - Processing /home/leizo/airflow/dags/lib/spotify_fetcher.py took 0.026 seconds
[2022-06-20 17:33:29,393] {processor.py:163} INFO - Started process (PID=4374) to work on /home/leizo/airflow/dags/lib/spotify_fetcher.py
[2022-06-20 17:33:29,398] {processor.py:642} INFO - Processing file /home/leizo/airflow/dags/lib/spotify_fetcher.py for tasks to queue
[2022-06-20 17:33:29,399] {logging_mixin.py:109} INFO - [2022-06-20 17:33:29,399] {dagbag.py:500} INFO - Filling up the DagBag from /home/leizo/airflow/dags/lib/spotify_fetcher.py
[2022-06-20 17:33:29,401] {processor.py:654} WARNING - No viable dags retrieved from /home/leizo/airflow/dags/lib/spotify_fetcher.py
[2022-06-20 17:33:29,421] {processor.py:171} INFO - Processing /home/leizo/airflow/dags/lib/spotify_fetcher.py took 0.033 seconds
[2022-06-20 17:35:35,984] {processor.py:163} INFO - Started process (PID=5416) to work on /home/leizo/airflow/dags/lib/spotify_fetcher.py
[2022-06-20 17:35:35,986] {processor.py:642} INFO - Processing file /home/leizo/airflow/dags/lib/spotify_fetcher.py for tasks to queue
[2022-06-20 17:35:35,987] {logging_mixin.py:109} INFO - [2022-06-20 17:35:35,987] {dagbag.py:500} INFO - Filling up the DagBag from /home/leizo/airflow/dags/lib/spotify_fetcher.py
[2022-06-20 17:35:35,988] {processor.py:654} WARNING - No viable dags retrieved from /home/leizo/airflow/dags/lib/spotify_fetcher.py
[2022-06-20 17:35:35,993] {processor.py:171} INFO - Processing /home/leizo/airflow/dags/lib/spotify_fetcher.py took 0.011 seconds
