[2022-06-20 16:40:47,641] {taskinstance.py:1043} INFO - Dependencies all met for <TaskInstance: my_first_dag.format_data_from_lastfm manual__2022-06-20T14:39:37.517208+00:00 [queued]>
[2022-06-20 16:40:47,652] {taskinstance.py:1043} INFO - Dependencies all met for <TaskInstance: my_first_dag.format_data_from_lastfm manual__2022-06-20T14:39:37.517208+00:00 [queued]>
[2022-06-20 16:40:47,652] {taskinstance.py:1249} INFO - 
--------------------------------------------------------------------------------
[2022-06-20 16:40:47,653] {taskinstance.py:1250} INFO - Starting attempt 1 of 2
[2022-06-20 16:40:47,653] {taskinstance.py:1251} INFO - 
--------------------------------------------------------------------------------
[2022-06-20 16:40:47,665] {taskinstance.py:1270} INFO - Executing <Task(PythonOperator): format_data_from_lastfm> on 2022-06-20 14:39:37.517208+00:00
[2022-06-20 16:40:47,667] {standard_task_runner.py:52} INFO - Started process 11109 to run task
[2022-06-20 16:40:47,670] {standard_task_runner.py:79} INFO - Running: ['airflow', 'tasks', 'run', 'my_first_dag', 'format_data_from_lastfm', 'manual__2022-06-20T14:39:37.517208+00:00', '--job-id', '90', '--raw', '--subdir', 'DAGS_FOLDER/my_first_dag.py', '--cfg-path', '/tmp/tmp9cw_ao00', '--error-file', '/tmp/tmprj5uv77m']
[2022-06-20 16:40:47,671] {standard_task_runner.py:80} INFO - Job 90: Subtask format_data_from_lastfm
[2022-06-20 16:40:47,714] {logging_mixin.py:109} INFO - Running <TaskInstance: my_first_dag.format_data_from_lastfm manual__2022-06-20T14:39:37.517208+00:00 [running]> on host LAPTOP-M1F9EL62.localdomain
[2022-06-20 16:40:47,760] {taskinstance.py:1446} INFO - Exporting the following env vars:
AIRFLOW_CTX_DAG_EMAIL=airflow@example.com
AIRFLOW_CTX_DAG_OWNER=airflow
AIRFLOW_CTX_DAG_ID=my_first_dag
AIRFLOW_CTX_TASK_ID=format_data_from_lastfm
AIRFLOW_CTX_EXECUTION_DATE=2022-06-20T14:39:37.517208+00:00
AIRFLOW_CTX_DAG_RUN_ID=manual__2022-06-20T14:39:37.517208+00:00
[2022-06-20 16:40:48,637] {logging_mixin.py:109} INFO - paquet already exists topArtist rock 20220620
[2022-06-20 16:40:49,161] {logging_mixin.py:109} INFO - paquet already exists topArtist indie 20220620
[2022-06-20 16:40:50,121] {logging_mixin.py:109} INFO - paquet already exists topArtist indie rock 20220620
[2022-06-20 16:40:50,721] {logging_mixin.py:109} INFO - paquet already exists topArtist alternative 20220620
[2022-06-20 16:40:51,345] {logging_mixin.py:109} INFO - paquet already exists topArtist pop 20220620
[2022-06-20 16:40:51,890] {logging_mixin.py:109} INFO - paquet already exists topTracks rock 20220620
[2022-06-20 16:40:52,361] {logging_mixin.py:109} INFO - paquet already exists topTracks indie 20220620
[2022-06-20 16:40:52,781] {logging_mixin.py:109} INFO - paquet already exists topTracks indie rock 20220620
[2022-06-20 16:40:53,132] {logging_mixin.py:109} INFO - paquet already exists topTracks alternative 20220620
[2022-06-20 16:40:53,593] {logging_mixin.py:109} INFO - paquet already exists topTracks pop 20220620
[2022-06-20 16:40:53,594] {python.py:175} INFO - Done. Returned value was: None
[2022-06-20 16:40:53,608] {taskinstance.py:1278} INFO - Marking task as SUCCESS. dag_id=my_first_dag, task_id=format_data_from_lastfm, execution_date=20220620T143937, start_date=20220620T144047, end_date=20220620T144053
[2022-06-20 16:40:53,649] {local_task_job.py:154} INFO - Task exited with return code 0
[2022-06-20 16:40:53,684] {local_task_job.py:264} INFO - 0 downstream tasks scheduled from follow-on schedule check
