[2022-06-20 16:41:18,588] {taskinstance.py:1043} INFO - Dependencies all met for <TaskInstance: my_first_dag.fetch_data_from_spotify manual__2022-06-20T14:39:37.517208+00:00 [queued]>
[2022-06-20 16:41:18,597] {taskinstance.py:1043} INFO - Dependencies all met for <TaskInstance: my_first_dag.fetch_data_from_spotify manual__2022-06-20T14:39:37.517208+00:00 [queued]>
[2022-06-20 16:41:18,597] {taskinstance.py:1249} INFO - 
--------------------------------------------------------------------------------
[2022-06-20 16:41:18,597] {taskinstance.py:1250} INFO - Starting attempt 2 of 2
[2022-06-20 16:41:18,597] {taskinstance.py:1251} INFO - 
--------------------------------------------------------------------------------
[2022-06-20 16:41:18,614] {taskinstance.py:1270} INFO - Executing <Task(PythonOperator): fetch_data_from_spotify> on 2022-06-20 14:39:37.517208+00:00
[2022-06-20 16:41:18,617] {standard_task_runner.py:52} INFO - Started process 11446 to run task
[2022-06-20 16:41:18,621] {standard_task_runner.py:79} INFO - Running: ['airflow', 'tasks', 'run', 'my_first_dag', 'fetch_data_from_spotify', 'manual__2022-06-20T14:39:37.517208+00:00', '--job-id', '91', '--raw', '--subdir', 'DAGS_FOLDER/my_first_dag.py', '--cfg-path', '/tmp/tmp9zz26qyc', '--error-file', '/tmp/tmpii2kybc1']
[2022-06-20 16:41:18,622] {standard_task_runner.py:80} INFO - Job 91: Subtask fetch_data_from_spotify
[2022-06-20 16:41:18,672] {logging_mixin.py:109} INFO - Running <TaskInstance: my_first_dag.fetch_data_from_spotify manual__2022-06-20T14:39:37.517208+00:00 [running]> on host LAPTOP-M1F9EL62.localdomain
[2022-06-20 16:41:18,717] {taskinstance.py:1446} INFO - Exporting the following env vars:
AIRFLOW_CTX_DAG_EMAIL=airflow@example.com
AIRFLOW_CTX_DAG_OWNER=airflow
AIRFLOW_CTX_DAG_ID=my_first_dag
AIRFLOW_CTX_TASK_ID=fetch_data_from_spotify
AIRFLOW_CTX_EXECUTION_DATE=2022-06-20T14:39:37.517208+00:00
AIRFLOW_CTX_DAG_RUN_ID=manual__2022-06-20T14:39:37.517208+00:00
[2022-06-20 16:41:19,072] {logging_mixin.py:109} INFO - Writing here:  /home/leizo/datalake/raw/spotify/playlists/dailyMix1/20220620/
[2022-06-20 16:41:19,378] {logging_mixin.py:109} INFO - Writing here:  /home/leizo/datalake/raw/spotify/playlists/dailyMix2/20220620/
[2022-06-20 16:41:19,649] {logging_mixin.py:109} INFO - Writing here:  /home/leizo/datalake/raw/spotify/playlists/dailyMix3/20220620/
[2022-06-20 16:41:19,916] {logging_mixin.py:109} INFO - Writing here:  /home/leizo/datalake/raw/spotify/playlists/dailyMix4/20220620/
[2022-06-20 16:41:20,194] {logging_mixin.py:109} INFO - Writing here:  /home/leizo/datalake/raw/spotify/playlists/dailyMix5/20220620/
[2022-06-20 16:41:20,624] {logging_mixin.py:109} INFO - Writing here:  /home/leizo/datalake/raw/spotify/playlists/dailyMix6/20220620/
[2022-06-20 16:41:20,991] {logging_mixin.py:109} INFO - Writing here:  /home/leizo/datalake/raw/spotify/playlists/mixRock/20220620/
[2022-06-20 16:41:21,435] {logging_mixin.py:109} INFO - Writing here:  /home/leizo/datalake/raw/spotify/playlists/mixIndie/20220620/
[2022-06-20 16:41:21,730] {logging_mixin.py:109} INFO - Writing here:  /home/leizo/datalake/raw/spotify/playlists/feelGoodIndieRock/20220620/
[2022-06-20 16:41:22,121] {logging_mixin.py:109} INFO - Writing here:  /home/leizo/datalake/raw/spotify/playlists/topAlternative/20220620/
[2022-06-20 16:41:22,124] {python.py:175} INFO - Done. Returned value was: None
[2022-06-20 16:41:22,130] {taskinstance.py:1278} INFO - Marking task as SUCCESS. dag_id=my_first_dag, task_id=fetch_data_from_spotify, execution_date=20220620T143937, start_date=20220620T144118, end_date=20220620T144122
[2022-06-20 16:41:22,172] {local_task_job.py:154} INFO - Task exited with return code 0
[2022-06-20 16:41:22,201] {local_task_job.py:264} INFO - 1 downstream tasks scheduled from follow-on schedule check
