[2022-06-20 11:07:22,849] {processor.py:163} INFO - Started process (PID=6178) to work on /home/leizo/.local/lib/python3.8/site-packages/airflow/example_dags/subdags/subdag.py
[2022-06-20 11:07:22,851] {processor.py:642} INFO - Processing file /home/leizo/.local/lib/python3.8/site-packages/airflow/example_dags/subdags/subdag.py for tasks to queue
[2022-06-20 11:07:22,852] {logging_mixin.py:109} INFO - [2022-06-20 11:07:22,852] {dagbag.py:500} INFO - Filling up the DagBag from /home/leizo/.local/lib/python3.8/site-packages/airflow/example_dags/subdags/subdag.py
[2022-06-20 11:07:22,856] {processor.py:654} WARNING - No viable dags retrieved from /home/leizo/.local/lib/python3.8/site-packages/airflow/example_dags/subdags/subdag.py
[2022-06-20 11:07:22,865] {processor.py:171} INFO - Processing /home/leizo/.local/lib/python3.8/site-packages/airflow/example_dags/subdags/subdag.py took 0.018 seconds
[2022-06-20 11:09:30,977] {processor.py:163} INFO - Started process (PID=7476) to work on /home/leizo/.local/lib/python3.8/site-packages/airflow/example_dags/subdags/subdag.py
[2022-06-20 11:09:30,978] {processor.py:642} INFO - Processing file /home/leizo/.local/lib/python3.8/site-packages/airflow/example_dags/subdags/subdag.py for tasks to queue
[2022-06-20 11:09:30,979] {logging_mixin.py:109} INFO - [2022-06-20 11:09:30,979] {dagbag.py:500} INFO - Filling up the DagBag from /home/leizo/.local/lib/python3.8/site-packages/airflow/example_dags/subdags/subdag.py
[2022-06-20 11:09:30,982] {processor.py:654} WARNING - No viable dags retrieved from /home/leizo/.local/lib/python3.8/site-packages/airflow/example_dags/subdags/subdag.py
[2022-06-20 11:09:30,992] {processor.py:171} INFO - Processing /home/leizo/.local/lib/python3.8/site-packages/airflow/example_dags/subdags/subdag.py took 0.018 seconds
[2022-06-20 11:11:59,703] {processor.py:163} INFO - Started process (PID=9026) to work on /home/leizo/.local/lib/python3.8/site-packages/airflow/example_dags/subdags/subdag.py
[2022-06-20 11:11:59,706] {processor.py:642} INFO - Processing file /home/leizo/.local/lib/python3.8/site-packages/airflow/example_dags/subdags/subdag.py for tasks to queue
[2022-06-20 11:11:59,707] {logging_mixin.py:109} INFO - [2022-06-20 11:11:59,707] {dagbag.py:500} INFO - Filling up the DagBag from /home/leizo/.local/lib/python3.8/site-packages/airflow/example_dags/subdags/subdag.py
[2022-06-20 11:11:59,710] {processor.py:654} WARNING - No viable dags retrieved from /home/leizo/.local/lib/python3.8/site-packages/airflow/example_dags/subdags/subdag.py
[2022-06-20 11:11:59,719] {processor.py:171} INFO - Processing /home/leizo/.local/lib/python3.8/site-packages/airflow/example_dags/subdags/subdag.py took 0.019 seconds
[2022-06-20 11:14:05,579] {processor.py:163} INFO - Started process (PID=10380) to work on /home/leizo/.local/lib/python3.8/site-packages/airflow/example_dags/subdags/subdag.py
[2022-06-20 11:14:05,581] {processor.py:642} INFO - Processing file /home/leizo/.local/lib/python3.8/site-packages/airflow/example_dags/subdags/subdag.py for tasks to queue
[2022-06-20 11:14:05,581] {logging_mixin.py:109} INFO - [2022-06-20 11:14:05,581] {dagbag.py:500} INFO - Filling up the DagBag from /home/leizo/.local/lib/python3.8/site-packages/airflow/example_dags/subdags/subdag.py
[2022-06-20 11:14:05,583] {processor.py:654} WARNING - No viable dags retrieved from /home/leizo/.local/lib/python3.8/site-packages/airflow/example_dags/subdags/subdag.py
[2022-06-20 11:14:05,592] {processor.py:171} INFO - Processing /home/leizo/.local/lib/python3.8/site-packages/airflow/example_dags/subdags/subdag.py took 0.015 seconds
[2022-06-20 11:16:19,047] {processor.py:163} INFO - Started process (PID=11672) to work on /home/leizo/.local/lib/python3.8/site-packages/airflow/example_dags/subdags/subdag.py
[2022-06-20 11:16:19,049] {processor.py:642} INFO - Processing file /home/leizo/.local/lib/python3.8/site-packages/airflow/example_dags/subdags/subdag.py for tasks to queue
[2022-06-20 11:16:19,050] {logging_mixin.py:109} INFO - [2022-06-20 11:16:19,050] {dagbag.py:500} INFO - Filling up the DagBag from /home/leizo/.local/lib/python3.8/site-packages/airflow/example_dags/subdags/subdag.py
[2022-06-20 11:16:19,053] {processor.py:654} WARNING - No viable dags retrieved from /home/leizo/.local/lib/python3.8/site-packages/airflow/example_dags/subdags/subdag.py
[2022-06-20 11:16:19,061] {processor.py:171} INFO - Processing /home/leizo/.local/lib/python3.8/site-packages/airflow/example_dags/subdags/subdag.py took 0.017 seconds
[2022-06-20 11:18:49,781] {processor.py:163} INFO - Started process (PID=13088) to work on /home/leizo/.local/lib/python3.8/site-packages/airflow/example_dags/subdags/subdag.py
[2022-06-20 11:18:49,784] {processor.py:642} INFO - Processing file /home/leizo/.local/lib/python3.8/site-packages/airflow/example_dags/subdags/subdag.py for tasks to queue
[2022-06-20 11:18:49,785] {logging_mixin.py:109} INFO - [2022-06-20 11:18:49,785] {dagbag.py:500} INFO - Filling up the DagBag from /home/leizo/.local/lib/python3.8/site-packages/airflow/example_dags/subdags/subdag.py
[2022-06-20 11:18:49,790] {processor.py:654} WARNING - No viable dags retrieved from /home/leizo/.local/lib/python3.8/site-packages/airflow/example_dags/subdags/subdag.py
[2022-06-20 11:18:49,804] {processor.py:171} INFO - Processing /home/leizo/.local/lib/python3.8/site-packages/airflow/example_dags/subdags/subdag.py took 0.027 seconds
[2022-06-20 11:21:09,160] {processor.py:163} INFO - Started process (PID=14433) to work on /home/leizo/.local/lib/python3.8/site-packages/airflow/example_dags/subdags/subdag.py
[2022-06-20 11:21:09,162] {processor.py:642} INFO - Processing file /home/leizo/.local/lib/python3.8/site-packages/airflow/example_dags/subdags/subdag.py for tasks to queue
[2022-06-20 11:21:09,162] {logging_mixin.py:109} INFO - [2022-06-20 11:21:09,162] {dagbag.py:500} INFO - Filling up the DagBag from /home/leizo/.local/lib/python3.8/site-packages/airflow/example_dags/subdags/subdag.py
[2022-06-20 11:21:09,165] {processor.py:654} WARNING - No viable dags retrieved from /home/leizo/.local/lib/python3.8/site-packages/airflow/example_dags/subdags/subdag.py
[2022-06-20 11:21:09,174] {processor.py:171} INFO - Processing /home/leizo/.local/lib/python3.8/site-packages/airflow/example_dags/subdags/subdag.py took 0.017 seconds
[2022-06-20 11:23:22,553] {processor.py:163} INFO - Started process (PID=15744) to work on /home/leizo/.local/lib/python3.8/site-packages/airflow/example_dags/subdags/subdag.py
[2022-06-20 11:23:22,556] {processor.py:642} INFO - Processing file /home/leizo/.local/lib/python3.8/site-packages/airflow/example_dags/subdags/subdag.py for tasks to queue
[2022-06-20 11:23:22,557] {logging_mixin.py:109} INFO - [2022-06-20 11:23:22,557] {dagbag.py:500} INFO - Filling up the DagBag from /home/leizo/.local/lib/python3.8/site-packages/airflow/example_dags/subdags/subdag.py
[2022-06-20 11:23:22,559] {processor.py:654} WARNING - No viable dags retrieved from /home/leizo/.local/lib/python3.8/site-packages/airflow/example_dags/subdags/subdag.py
[2022-06-20 11:23:22,566] {processor.py:171} INFO - Processing /home/leizo/.local/lib/python3.8/site-packages/airflow/example_dags/subdags/subdag.py took 0.016 seconds
[2022-06-20 11:25:48,572] {processor.py:163} INFO - Started process (PID=17061) to work on /home/leizo/.local/lib/python3.8/site-packages/airflow/example_dags/subdags/subdag.py
[2022-06-20 11:25:48,573] {processor.py:642} INFO - Processing file /home/leizo/.local/lib/python3.8/site-packages/airflow/example_dags/subdags/subdag.py for tasks to queue
[2022-06-20 11:25:48,574] {logging_mixin.py:109} INFO - [2022-06-20 11:25:48,574] {dagbag.py:500} INFO - Filling up the DagBag from /home/leizo/.local/lib/python3.8/site-packages/airflow/example_dags/subdags/subdag.py
[2022-06-20 11:25:48,577] {processor.py:654} WARNING - No viable dags retrieved from /home/leizo/.local/lib/python3.8/site-packages/airflow/example_dags/subdags/subdag.py
[2022-06-20 11:25:48,584] {processor.py:171} INFO - Processing /home/leizo/.local/lib/python3.8/site-packages/airflow/example_dags/subdags/subdag.py took 0.015 seconds
[2022-06-20 11:28:17,087] {processor.py:163} INFO - Started process (PID=18360) to work on /home/leizo/.local/lib/python3.8/site-packages/airflow/example_dags/subdags/subdag.py
[2022-06-20 11:28:17,089] {processor.py:642} INFO - Processing file /home/leizo/.local/lib/python3.8/site-packages/airflow/example_dags/subdags/subdag.py for tasks to queue
[2022-06-20 11:28:17,090] {logging_mixin.py:109} INFO - [2022-06-20 11:28:17,090] {dagbag.py:500} INFO - Filling up the DagBag from /home/leizo/.local/lib/python3.8/site-packages/airflow/example_dags/subdags/subdag.py
[2022-06-20 11:28:17,092] {processor.py:654} WARNING - No viable dags retrieved from /home/leizo/.local/lib/python3.8/site-packages/airflow/example_dags/subdags/subdag.py
[2022-06-20 11:28:17,104] {processor.py:171} INFO - Processing /home/leizo/.local/lib/python3.8/site-packages/airflow/example_dags/subdags/subdag.py took 0.021 seconds
[2022-06-20 11:30:30,418] {processor.py:163} INFO - Started process (PID=19651) to work on /home/leizo/.local/lib/python3.8/site-packages/airflow/example_dags/subdags/subdag.py
[2022-06-20 11:30:30,419] {processor.py:642} INFO - Processing file /home/leizo/.local/lib/python3.8/site-packages/airflow/example_dags/subdags/subdag.py for tasks to queue
[2022-06-20 11:30:30,420] {logging_mixin.py:109} INFO - [2022-06-20 11:30:30,420] {dagbag.py:500} INFO - Filling up the DagBag from /home/leizo/.local/lib/python3.8/site-packages/airflow/example_dags/subdags/subdag.py
[2022-06-20 11:30:30,423] {processor.py:654} WARNING - No viable dags retrieved from /home/leizo/.local/lib/python3.8/site-packages/airflow/example_dags/subdags/subdag.py
[2022-06-20 11:30:30,432] {processor.py:171} INFO - Processing /home/leizo/.local/lib/python3.8/site-packages/airflow/example_dags/subdags/subdag.py took 0.017 seconds
[2022-06-20 11:32:36,005] {processor.py:163} INFO - Started process (PID=21022) to work on /home/leizo/.local/lib/python3.8/site-packages/airflow/example_dags/subdags/subdag.py
[2022-06-20 11:32:36,010] {processor.py:642} INFO - Processing file /home/leizo/.local/lib/python3.8/site-packages/airflow/example_dags/subdags/subdag.py for tasks to queue
[2022-06-20 11:32:36,011] {logging_mixin.py:109} INFO - [2022-06-20 11:32:36,011] {dagbag.py:500} INFO - Filling up the DagBag from /home/leizo/.local/lib/python3.8/site-packages/airflow/example_dags/subdags/subdag.py
[2022-06-20 11:32:36,018] {processor.py:654} WARNING - No viable dags retrieved from /home/leizo/.local/lib/python3.8/site-packages/airflow/example_dags/subdags/subdag.py
[2022-06-20 11:32:36,037] {processor.py:171} INFO - Processing /home/leizo/.local/lib/python3.8/site-packages/airflow/example_dags/subdags/subdag.py took 0.039 seconds
[2022-06-20 11:34:08,747] {processor.py:163} INFO - Started process (PID=21982) to work on /home/leizo/.local/lib/python3.8/site-packages/airflow/example_dags/subdags/subdag.py
[2022-06-20 11:34:08,749] {processor.py:642} INFO - Processing file /home/leizo/.local/lib/python3.8/site-packages/airflow/example_dags/subdags/subdag.py for tasks to queue
[2022-06-20 11:34:08,750] {logging_mixin.py:109} INFO - [2022-06-20 11:34:08,750] {dagbag.py:500} INFO - Filling up the DagBag from /home/leizo/.local/lib/python3.8/site-packages/airflow/example_dags/subdags/subdag.py
[2022-06-20 11:34:08,752] {processor.py:654} WARNING - No viable dags retrieved from /home/leizo/.local/lib/python3.8/site-packages/airflow/example_dags/subdags/subdag.py
[2022-06-20 11:34:08,761] {processor.py:171} INFO - Processing /home/leizo/.local/lib/python3.8/site-packages/airflow/example_dags/subdags/subdag.py took 0.017 seconds
[2022-06-20 11:35:48,554] {processor.py:163} INFO - Started process (PID=22921) to work on /home/leizo/.local/lib/python3.8/site-packages/airflow/example_dags/subdags/subdag.py
[2022-06-20 11:35:48,557] {processor.py:642} INFO - Processing file /home/leizo/.local/lib/python3.8/site-packages/airflow/example_dags/subdags/subdag.py for tasks to queue
[2022-06-20 11:35:48,559] {logging_mixin.py:109} INFO - [2022-06-20 11:35:48,559] {dagbag.py:500} INFO - Filling up the DagBag from /home/leizo/.local/lib/python3.8/site-packages/airflow/example_dags/subdags/subdag.py
[2022-06-20 11:35:48,565] {processor.py:654} WARNING - No viable dags retrieved from /home/leizo/.local/lib/python3.8/site-packages/airflow/example_dags/subdags/subdag.py
[2022-06-20 11:35:48,587] {processor.py:171} INFO - Processing /home/leizo/.local/lib/python3.8/site-packages/airflow/example_dags/subdags/subdag.py took 0.038 seconds
[2022-06-20 11:37:34,306] {processor.py:163} INFO - Started process (PID=23962) to work on /home/leizo/.local/lib/python3.8/site-packages/airflow/example_dags/subdags/subdag.py
[2022-06-20 11:37:34,308] {processor.py:642} INFO - Processing file /home/leizo/.local/lib/python3.8/site-packages/airflow/example_dags/subdags/subdag.py for tasks to queue
[2022-06-20 11:37:34,309] {logging_mixin.py:109} INFO - [2022-06-20 11:37:34,309] {dagbag.py:500} INFO - Filling up the DagBag from /home/leizo/.local/lib/python3.8/site-packages/airflow/example_dags/subdags/subdag.py
[2022-06-20 11:37:34,312] {processor.py:654} WARNING - No viable dags retrieved from /home/leizo/.local/lib/python3.8/site-packages/airflow/example_dags/subdags/subdag.py
[2022-06-20 11:37:34,322] {processor.py:171} INFO - Processing /home/leizo/.local/lib/python3.8/site-packages/airflow/example_dags/subdags/subdag.py took 0.019 seconds
[2022-06-20 11:39:05,933] {processor.py:163} INFO - Started process (PID=24879) to work on /home/leizo/.local/lib/python3.8/site-packages/airflow/example_dags/subdags/subdag.py
[2022-06-20 11:39:05,936] {processor.py:642} INFO - Processing file /home/leizo/.local/lib/python3.8/site-packages/airflow/example_dags/subdags/subdag.py for tasks to queue
[2022-06-20 11:39:05,937] {logging_mixin.py:109} INFO - [2022-06-20 11:39:05,937] {dagbag.py:500} INFO - Filling up the DagBag from /home/leizo/.local/lib/python3.8/site-packages/airflow/example_dags/subdags/subdag.py
[2022-06-20 11:39:05,939] {processor.py:654} WARNING - No viable dags retrieved from /home/leizo/.local/lib/python3.8/site-packages/airflow/example_dags/subdags/subdag.py
[2022-06-20 11:39:05,948] {processor.py:171} INFO - Processing /home/leizo/.local/lib/python3.8/site-packages/airflow/example_dags/subdags/subdag.py took 0.018 seconds
[2022-06-20 11:40:49,262] {processor.py:163} INFO - Started process (PID=25917) to work on /home/leizo/.local/lib/python3.8/site-packages/airflow/example_dags/subdags/subdag.py
[2022-06-20 11:40:49,266] {processor.py:642} INFO - Processing file /home/leizo/.local/lib/python3.8/site-packages/airflow/example_dags/subdags/subdag.py for tasks to queue
[2022-06-20 11:40:49,267] {logging_mixin.py:109} INFO - [2022-06-20 11:40:49,266] {dagbag.py:500} INFO - Filling up the DagBag from /home/leizo/.local/lib/python3.8/site-packages/airflow/example_dags/subdags/subdag.py
[2022-06-20 11:40:49,269] {processor.py:654} WARNING - No viable dags retrieved from /home/leizo/.local/lib/python3.8/site-packages/airflow/example_dags/subdags/subdag.py
[2022-06-20 11:40:49,278] {processor.py:171} INFO - Processing /home/leizo/.local/lib/python3.8/site-packages/airflow/example_dags/subdags/subdag.py took 0.018 seconds
[2022-06-20 11:42:15,165] {processor.py:163} INFO - Started process (PID=26679) to work on /home/leizo/.local/lib/python3.8/site-packages/airflow/example_dags/subdags/subdag.py
[2022-06-20 11:42:15,167] {processor.py:642} INFO - Processing file /home/leizo/.local/lib/python3.8/site-packages/airflow/example_dags/subdags/subdag.py for tasks to queue
[2022-06-20 11:42:15,168] {logging_mixin.py:109} INFO - [2022-06-20 11:42:15,168] {dagbag.py:500} INFO - Filling up the DagBag from /home/leizo/.local/lib/python3.8/site-packages/airflow/example_dags/subdags/subdag.py
[2022-06-20 11:42:15,171] {processor.py:654} WARNING - No viable dags retrieved from /home/leizo/.local/lib/python3.8/site-packages/airflow/example_dags/subdags/subdag.py
[2022-06-20 11:42:15,180] {processor.py:171} INFO - Processing /home/leizo/.local/lib/python3.8/site-packages/airflow/example_dags/subdags/subdag.py took 0.018 seconds
[2022-06-20 11:44:03,424] {processor.py:163} INFO - Started process (PID=27628) to work on /home/leizo/.local/lib/python3.8/site-packages/airflow/example_dags/subdags/subdag.py
[2022-06-20 11:44:03,426] {processor.py:642} INFO - Processing file /home/leizo/.local/lib/python3.8/site-packages/airflow/example_dags/subdags/subdag.py for tasks to queue
[2022-06-20 11:44:03,427] {logging_mixin.py:109} INFO - [2022-06-20 11:44:03,427] {dagbag.py:500} INFO - Filling up the DagBag from /home/leizo/.local/lib/python3.8/site-packages/airflow/example_dags/subdags/subdag.py
[2022-06-20 11:44:03,430] {processor.py:654} WARNING - No viable dags retrieved from /home/leizo/.local/lib/python3.8/site-packages/airflow/example_dags/subdags/subdag.py
[2022-06-20 11:44:03,439] {processor.py:171} INFO - Processing /home/leizo/.local/lib/python3.8/site-packages/airflow/example_dags/subdags/subdag.py took 0.018 seconds
[2022-06-20 11:45:46,137] {processor.py:163} INFO - Started process (PID=28566) to work on /home/leizo/.local/lib/python3.8/site-packages/airflow/example_dags/subdags/subdag.py
[2022-06-20 11:45:46,140] {processor.py:642} INFO - Processing file /home/leizo/.local/lib/python3.8/site-packages/airflow/example_dags/subdags/subdag.py for tasks to queue
[2022-06-20 11:45:46,140] {logging_mixin.py:109} INFO - [2022-06-20 11:45:46,140] {dagbag.py:500} INFO - Filling up the DagBag from /home/leizo/.local/lib/python3.8/site-packages/airflow/example_dags/subdags/subdag.py
[2022-06-20 11:45:46,143] {processor.py:654} WARNING - No viable dags retrieved from /home/leizo/.local/lib/python3.8/site-packages/airflow/example_dags/subdags/subdag.py
[2022-06-20 11:45:46,152] {processor.py:171} INFO - Processing /home/leizo/.local/lib/python3.8/site-packages/airflow/example_dags/subdags/subdag.py took 0.017 seconds
[2022-06-20 11:47:20,174] {processor.py:163} INFO - Started process (PID=29605) to work on /home/leizo/.local/lib/python3.8/site-packages/airflow/example_dags/subdags/subdag.py
[2022-06-20 11:47:20,176] {processor.py:642} INFO - Processing file /home/leizo/.local/lib/python3.8/site-packages/airflow/example_dags/subdags/subdag.py for tasks to queue
[2022-06-20 11:47:20,177] {logging_mixin.py:109} INFO - [2022-06-20 11:47:20,177] {dagbag.py:500} INFO - Filling up the DagBag from /home/leizo/.local/lib/python3.8/site-packages/airflow/example_dags/subdags/subdag.py
[2022-06-20 11:47:20,180] {processor.py:654} WARNING - No viable dags retrieved from /home/leizo/.local/lib/python3.8/site-packages/airflow/example_dags/subdags/subdag.py
[2022-06-20 11:47:20,188] {processor.py:171} INFO - Processing /home/leizo/.local/lib/python3.8/site-packages/airflow/example_dags/subdags/subdag.py took 0.018 seconds
[2022-06-20 11:49:00,712] {processor.py:163} INFO - Started process (PID=30606) to work on /home/leizo/.local/lib/python3.8/site-packages/airflow/example_dags/subdags/subdag.py
[2022-06-20 11:49:00,714] {processor.py:642} INFO - Processing file /home/leizo/.local/lib/python3.8/site-packages/airflow/example_dags/subdags/subdag.py for tasks to queue
[2022-06-20 11:49:00,715] {logging_mixin.py:109} INFO - [2022-06-20 11:49:00,715] {dagbag.py:500} INFO - Filling up the DagBag from /home/leizo/.local/lib/python3.8/site-packages/airflow/example_dags/subdags/subdag.py
[2022-06-20 11:49:00,718] {processor.py:654} WARNING - No viable dags retrieved from /home/leizo/.local/lib/python3.8/site-packages/airflow/example_dags/subdags/subdag.py
[2022-06-20 11:49:00,727] {processor.py:171} INFO - Processing /home/leizo/.local/lib/python3.8/site-packages/airflow/example_dags/subdags/subdag.py took 0.018 seconds
[2022-06-20 11:50:43,757] {processor.py:163} INFO - Started process (PID=31580) to work on /home/leizo/.local/lib/python3.8/site-packages/airflow/example_dags/subdags/subdag.py
[2022-06-20 11:50:43,759] {processor.py:642} INFO - Processing file /home/leizo/.local/lib/python3.8/site-packages/airflow/example_dags/subdags/subdag.py for tasks to queue
[2022-06-20 11:50:43,760] {logging_mixin.py:109} INFO - [2022-06-20 11:50:43,760] {dagbag.py:500} INFO - Filling up the DagBag from /home/leizo/.local/lib/python3.8/site-packages/airflow/example_dags/subdags/subdag.py
[2022-06-20 11:50:43,764] {processor.py:654} WARNING - No viable dags retrieved from /home/leizo/.local/lib/python3.8/site-packages/airflow/example_dags/subdags/subdag.py
[2022-06-20 11:50:43,773] {processor.py:171} INFO - Processing /home/leizo/.local/lib/python3.8/site-packages/airflow/example_dags/subdags/subdag.py took 0.019 seconds
[2022-06-20 11:52:46,666] {processor.py:163} INFO - Started process (PID=357) to work on /home/leizo/.local/lib/python3.8/site-packages/airflow/example_dags/subdags/subdag.py
[2022-06-20 11:52:46,669] {processor.py:642} INFO - Processing file /home/leizo/.local/lib/python3.8/site-packages/airflow/example_dags/subdags/subdag.py for tasks to queue
[2022-06-20 11:52:46,670] {logging_mixin.py:109} INFO - [2022-06-20 11:52:46,670] {dagbag.py:500} INFO - Filling up the DagBag from /home/leizo/.local/lib/python3.8/site-packages/airflow/example_dags/subdags/subdag.py
[2022-06-20 11:52:46,673] {processor.py:654} WARNING - No viable dags retrieved from /home/leizo/.local/lib/python3.8/site-packages/airflow/example_dags/subdags/subdag.py
[2022-06-20 11:52:46,682] {processor.py:171} INFO - Processing /home/leizo/.local/lib/python3.8/site-packages/airflow/example_dags/subdags/subdag.py took 0.018 seconds
[2022-06-20 11:54:28,174] {processor.py:163} INFO - Started process (PID=1275) to work on /home/leizo/.local/lib/python3.8/site-packages/airflow/example_dags/subdags/subdag.py
[2022-06-20 11:54:28,176] {processor.py:642} INFO - Processing file /home/leizo/.local/lib/python3.8/site-packages/airflow/example_dags/subdags/subdag.py for tasks to queue
[2022-06-20 11:54:28,177] {logging_mixin.py:109} INFO - [2022-06-20 11:54:28,177] {dagbag.py:500} INFO - Filling up the DagBag from /home/leizo/.local/lib/python3.8/site-packages/airflow/example_dags/subdags/subdag.py
[2022-06-20 11:54:28,179] {processor.py:654} WARNING - No viable dags retrieved from /home/leizo/.local/lib/python3.8/site-packages/airflow/example_dags/subdags/subdag.py
[2022-06-20 11:54:28,190] {processor.py:171} INFO - Processing /home/leizo/.local/lib/python3.8/site-packages/airflow/example_dags/subdags/subdag.py took 0.020 seconds
[2022-06-20 11:56:10,056] {processor.py:163} INFO - Started process (PID=2214) to work on /home/leizo/.local/lib/python3.8/site-packages/airflow/example_dags/subdags/subdag.py
[2022-06-20 11:56:10,060] {processor.py:642} INFO - Processing file /home/leizo/.local/lib/python3.8/site-packages/airflow/example_dags/subdags/subdag.py for tasks to queue
[2022-06-20 11:56:10,060] {logging_mixin.py:109} INFO - [2022-06-20 11:56:10,060] {dagbag.py:500} INFO - Filling up the DagBag from /home/leizo/.local/lib/python3.8/site-packages/airflow/example_dags/subdags/subdag.py
[2022-06-20 11:56:10,064] {processor.py:654} WARNING - No viable dags retrieved from /home/leizo/.local/lib/python3.8/site-packages/airflow/example_dags/subdags/subdag.py
[2022-06-20 11:56:10,072] {processor.py:171} INFO - Processing /home/leizo/.local/lib/python3.8/site-packages/airflow/example_dags/subdags/subdag.py took 0.019 seconds
[2022-06-20 11:57:43,830] {processor.py:163} INFO - Started process (PID=2987) to work on /home/leizo/.local/lib/python3.8/site-packages/airflow/example_dags/subdags/subdag.py
[2022-06-20 11:57:43,833] {processor.py:642} INFO - Processing file /home/leizo/.local/lib/python3.8/site-packages/airflow/example_dags/subdags/subdag.py for tasks to queue
[2022-06-20 11:57:43,834] {logging_mixin.py:109} INFO - [2022-06-20 11:57:43,834] {dagbag.py:500} INFO - Filling up the DagBag from /home/leizo/.local/lib/python3.8/site-packages/airflow/example_dags/subdags/subdag.py
[2022-06-20 11:57:43,837] {processor.py:654} WARNING - No viable dags retrieved from /home/leizo/.local/lib/python3.8/site-packages/airflow/example_dags/subdags/subdag.py
[2022-06-20 11:57:43,846] {processor.py:171} INFO - Processing /home/leizo/.local/lib/python3.8/site-packages/airflow/example_dags/subdags/subdag.py took 0.019 seconds
[2022-06-20 11:59:38,762] {processor.py:163} INFO - Started process (PID=3909) to work on /home/leizo/.local/lib/python3.8/site-packages/airflow/example_dags/subdags/subdag.py
[2022-06-20 11:59:38,764] {processor.py:642} INFO - Processing file /home/leizo/.local/lib/python3.8/site-packages/airflow/example_dags/subdags/subdag.py for tasks to queue
[2022-06-20 11:59:38,765] {logging_mixin.py:109} INFO - [2022-06-20 11:59:38,765] {dagbag.py:500} INFO - Filling up the DagBag from /home/leizo/.local/lib/python3.8/site-packages/airflow/example_dags/subdags/subdag.py
[2022-06-20 11:59:38,768] {processor.py:654} WARNING - No viable dags retrieved from /home/leizo/.local/lib/python3.8/site-packages/airflow/example_dags/subdags/subdag.py
[2022-06-20 11:59:38,780] {processor.py:171} INFO - Processing /home/leizo/.local/lib/python3.8/site-packages/airflow/example_dags/subdags/subdag.py took 0.022 seconds
[2022-06-20 12:01:58,750] {processor.py:163} INFO - Started process (PID=5506) to work on /home/leizo/.local/lib/python3.8/site-packages/airflow/example_dags/subdags/subdag.py
[2022-06-20 12:01:58,752] {processor.py:642} INFO - Processing file /home/leizo/.local/lib/python3.8/site-packages/airflow/example_dags/subdags/subdag.py for tasks to queue
[2022-06-20 12:01:58,753] {logging_mixin.py:109} INFO - [2022-06-20 12:01:58,753] {dagbag.py:500} INFO - Filling up the DagBag from /home/leizo/.local/lib/python3.8/site-packages/airflow/example_dags/subdags/subdag.py
[2022-06-20 12:01:58,755] {processor.py:654} WARNING - No viable dags retrieved from /home/leizo/.local/lib/python3.8/site-packages/airflow/example_dags/subdags/subdag.py
[2022-06-20 12:01:58,763] {processor.py:171} INFO - Processing /home/leizo/.local/lib/python3.8/site-packages/airflow/example_dags/subdags/subdag.py took 0.017 seconds
[2022-06-20 12:05:21,774] {processor.py:163} INFO - Started process (PID=7159) to work on /home/leizo/.local/lib/python3.8/site-packages/airflow/example_dags/subdags/subdag.py
[2022-06-20 12:05:21,776] {processor.py:642} INFO - Processing file /home/leizo/.local/lib/python3.8/site-packages/airflow/example_dags/subdags/subdag.py for tasks to queue
[2022-06-20 12:05:21,777] {logging_mixin.py:109} INFO - [2022-06-20 12:05:21,777] {dagbag.py:500} INFO - Filling up the DagBag from /home/leizo/.local/lib/python3.8/site-packages/airflow/example_dags/subdags/subdag.py
[2022-06-20 12:05:21,779] {processor.py:654} WARNING - No viable dags retrieved from /home/leizo/.local/lib/python3.8/site-packages/airflow/example_dags/subdags/subdag.py
[2022-06-20 12:05:21,790] {processor.py:171} INFO - Processing /home/leizo/.local/lib/python3.8/site-packages/airflow/example_dags/subdags/subdag.py took 0.019 seconds
[2022-06-20 12:08:50,953] {processor.py:163} INFO - Started process (PID=8796) to work on /home/leizo/.local/lib/python3.8/site-packages/airflow/example_dags/subdags/subdag.py
[2022-06-20 12:08:50,956] {processor.py:642} INFO - Processing file /home/leizo/.local/lib/python3.8/site-packages/airflow/example_dags/subdags/subdag.py for tasks to queue
[2022-06-20 12:08:50,957] {logging_mixin.py:109} INFO - [2022-06-20 12:08:50,956] {dagbag.py:500} INFO - Filling up the DagBag from /home/leizo/.local/lib/python3.8/site-packages/airflow/example_dags/subdags/subdag.py
[2022-06-20 12:08:50,959] {processor.py:654} WARNING - No viable dags retrieved from /home/leizo/.local/lib/python3.8/site-packages/airflow/example_dags/subdags/subdag.py
[2022-06-20 12:08:50,967] {processor.py:171} INFO - Processing /home/leizo/.local/lib/python3.8/site-packages/airflow/example_dags/subdags/subdag.py took 0.016 seconds
[2022-06-20 12:11:52,777] {processor.py:163} INFO - Started process (PID=10438) to work on /home/leizo/.local/lib/python3.8/site-packages/airflow/example_dags/subdags/subdag.py
[2022-06-20 12:11:52,781] {processor.py:642} INFO - Processing file /home/leizo/.local/lib/python3.8/site-packages/airflow/example_dags/subdags/subdag.py for tasks to queue
[2022-06-20 12:11:52,790] {logging_mixin.py:109} INFO - [2022-06-20 12:11:52,790] {dagbag.py:500} INFO - Filling up the DagBag from /home/leizo/.local/lib/python3.8/site-packages/airflow/example_dags/subdags/subdag.py
[2022-06-20 12:11:52,808] {processor.py:654} WARNING - No viable dags retrieved from /home/leizo/.local/lib/python3.8/site-packages/airflow/example_dags/subdags/subdag.py
[2022-06-20 12:11:52,858] {processor.py:171} INFO - Processing /home/leizo/.local/lib/python3.8/site-packages/airflow/example_dags/subdags/subdag.py took 0.098 seconds
[2022-06-20 12:14:24,922] {processor.py:163} INFO - Started process (PID=11788) to work on /home/leizo/.local/lib/python3.8/site-packages/airflow/example_dags/subdags/subdag.py
[2022-06-20 12:14:24,925] {processor.py:642} INFO - Processing file /home/leizo/.local/lib/python3.8/site-packages/airflow/example_dags/subdags/subdag.py for tasks to queue
[2022-06-20 12:14:24,926] {logging_mixin.py:109} INFO - [2022-06-20 12:14:24,926] {dagbag.py:500} INFO - Filling up the DagBag from /home/leizo/.local/lib/python3.8/site-packages/airflow/example_dags/subdags/subdag.py
[2022-06-20 12:14:24,929] {processor.py:654} WARNING - No viable dags retrieved from /home/leizo/.local/lib/python3.8/site-packages/airflow/example_dags/subdags/subdag.py
[2022-06-20 12:14:24,937] {processor.py:171} INFO - Processing /home/leizo/.local/lib/python3.8/site-packages/airflow/example_dags/subdags/subdag.py took 0.018 seconds
[2022-06-20 12:17:14,548] {processor.py:163} INFO - Started process (PID=13129) to work on /home/leizo/.local/lib/python3.8/site-packages/airflow/example_dags/subdags/subdag.py
[2022-06-20 12:17:14,551] {processor.py:642} INFO - Processing file /home/leizo/.local/lib/python3.8/site-packages/airflow/example_dags/subdags/subdag.py for tasks to queue
[2022-06-20 12:17:14,552] {logging_mixin.py:109} INFO - [2022-06-20 12:17:14,552] {dagbag.py:500} INFO - Filling up the DagBag from /home/leizo/.local/lib/python3.8/site-packages/airflow/example_dags/subdags/subdag.py
[2022-06-20 12:17:14,555] {processor.py:654} WARNING - No viable dags retrieved from /home/leizo/.local/lib/python3.8/site-packages/airflow/example_dags/subdags/subdag.py
[2022-06-20 12:17:14,562] {processor.py:171} INFO - Processing /home/leizo/.local/lib/python3.8/site-packages/airflow/example_dags/subdags/subdag.py took 0.015 seconds
[2022-06-20 12:20:42,529] {processor.py:163} INFO - Started process (PID=14513) to work on /home/leizo/.local/lib/python3.8/site-packages/airflow/example_dags/subdags/subdag.py
[2022-06-20 12:20:42,531] {processor.py:642} INFO - Processing file /home/leizo/.local/lib/python3.8/site-packages/airflow/example_dags/subdags/subdag.py for tasks to queue
[2022-06-20 12:20:42,532] {logging_mixin.py:109} INFO - [2022-06-20 12:20:42,532] {dagbag.py:500} INFO - Filling up the DagBag from /home/leizo/.local/lib/python3.8/site-packages/airflow/example_dags/subdags/subdag.py
[2022-06-20 12:20:42,535] {processor.py:654} WARNING - No viable dags retrieved from /home/leizo/.local/lib/python3.8/site-packages/airflow/example_dags/subdags/subdag.py
[2022-06-20 12:20:42,551] {processor.py:171} INFO - Processing /home/leizo/.local/lib/python3.8/site-packages/airflow/example_dags/subdags/subdag.py took 0.026 seconds
[2022-06-20 12:24:07,651] {processor.py:163} INFO - Started process (PID=16138) to work on /home/leizo/.local/lib/python3.8/site-packages/airflow/example_dags/subdags/subdag.py
[2022-06-20 12:24:07,654] {processor.py:642} INFO - Processing file /home/leizo/.local/lib/python3.8/site-packages/airflow/example_dags/subdags/subdag.py for tasks to queue
[2022-06-20 12:24:07,655] {logging_mixin.py:109} INFO - [2022-06-20 12:24:07,655] {dagbag.py:500} INFO - Filling up the DagBag from /home/leizo/.local/lib/python3.8/site-packages/airflow/example_dags/subdags/subdag.py
[2022-06-20 12:24:07,657] {processor.py:654} WARNING - No viable dags retrieved from /home/leizo/.local/lib/python3.8/site-packages/airflow/example_dags/subdags/subdag.py
[2022-06-20 12:24:07,663] {processor.py:171} INFO - Processing /home/leizo/.local/lib/python3.8/site-packages/airflow/example_dags/subdags/subdag.py took 0.014 seconds
[2022-06-20 12:26:37,187] {processor.py:163} INFO - Started process (PID=17455) to work on /home/leizo/.local/lib/python3.8/site-packages/airflow/example_dags/subdags/subdag.py
[2022-06-20 12:26:37,190] {processor.py:642} INFO - Processing file /home/leizo/.local/lib/python3.8/site-packages/airflow/example_dags/subdags/subdag.py for tasks to queue
[2022-06-20 12:26:37,191] {logging_mixin.py:109} INFO - [2022-06-20 12:26:37,191] {dagbag.py:500} INFO - Filling up the DagBag from /home/leizo/.local/lib/python3.8/site-packages/airflow/example_dags/subdags/subdag.py
[2022-06-20 12:26:37,193] {processor.py:654} WARNING - No viable dags retrieved from /home/leizo/.local/lib/python3.8/site-packages/airflow/example_dags/subdags/subdag.py
[2022-06-20 12:26:37,201] {processor.py:171} INFO - Processing /home/leizo/.local/lib/python3.8/site-packages/airflow/example_dags/subdags/subdag.py took 0.017 seconds
[2022-06-20 12:29:48,404] {processor.py:163} INFO - Started process (PID=18816) to work on /home/leizo/.local/lib/python3.8/site-packages/airflow/example_dags/subdags/subdag.py
[2022-06-20 12:29:48,407] {processor.py:642} INFO - Processing file /home/leizo/.local/lib/python3.8/site-packages/airflow/example_dags/subdags/subdag.py for tasks to queue
[2022-06-20 12:29:48,408] {logging_mixin.py:109} INFO - [2022-06-20 12:29:48,408] {dagbag.py:500} INFO - Filling up the DagBag from /home/leizo/.local/lib/python3.8/site-packages/airflow/example_dags/subdags/subdag.py
[2022-06-20 12:29:48,413] {processor.py:654} WARNING - No viable dags retrieved from /home/leizo/.local/lib/python3.8/site-packages/airflow/example_dags/subdags/subdag.py
[2022-06-20 12:29:48,426] {processor.py:171} INFO - Processing /home/leizo/.local/lib/python3.8/site-packages/airflow/example_dags/subdags/subdag.py took 0.026 seconds
[2022-06-20 12:33:10,411] {processor.py:163} INFO - Started process (PID=20182) to work on /home/leizo/.local/lib/python3.8/site-packages/airflow/example_dags/subdags/subdag.py
[2022-06-20 12:33:10,421] {processor.py:642} INFO - Processing file /home/leizo/.local/lib/python3.8/site-packages/airflow/example_dags/subdags/subdag.py for tasks to queue
[2022-06-20 12:33:10,423] {logging_mixin.py:109} INFO - [2022-06-20 12:33:10,423] {dagbag.py:500} INFO - Filling up the DagBag from /home/leizo/.local/lib/python3.8/site-packages/airflow/example_dags/subdags/subdag.py
[2022-06-20 12:33:10,438] {processor.py:654} WARNING - No viable dags retrieved from /home/leizo/.local/lib/python3.8/site-packages/airflow/example_dags/subdags/subdag.py
[2022-06-20 12:33:10,489] {processor.py:171} INFO - Processing /home/leizo/.local/lib/python3.8/site-packages/airflow/example_dags/subdags/subdag.py took 0.083 seconds
[2022-06-20 12:36:28,695] {processor.py:163} INFO - Started process (PID=21526) to work on /home/leizo/.local/lib/python3.8/site-packages/airflow/example_dags/subdags/subdag.py
[2022-06-20 12:36:28,700] {processor.py:642} INFO - Processing file /home/leizo/.local/lib/python3.8/site-packages/airflow/example_dags/subdags/subdag.py for tasks to queue
[2022-06-20 12:36:28,701] {logging_mixin.py:109} INFO - [2022-06-20 12:36:28,701] {dagbag.py:500} INFO - Filling up the DagBag from /home/leizo/.local/lib/python3.8/site-packages/airflow/example_dags/subdags/subdag.py
[2022-06-20 12:36:28,709] {processor.py:654} WARNING - No viable dags retrieved from /home/leizo/.local/lib/python3.8/site-packages/airflow/example_dags/subdags/subdag.py
[2022-06-20 12:36:28,760] {processor.py:171} INFO - Processing /home/leizo/.local/lib/python3.8/site-packages/airflow/example_dags/subdags/subdag.py took 0.071 seconds
[2022-06-20 12:40:10,392] {processor.py:163} INFO - Started process (PID=23143) to work on /home/leizo/.local/lib/python3.8/site-packages/airflow/example_dags/subdags/subdag.py
[2022-06-20 12:40:10,395] {processor.py:642} INFO - Processing file /home/leizo/.local/lib/python3.8/site-packages/airflow/example_dags/subdags/subdag.py for tasks to queue
[2022-06-20 12:40:10,395] {logging_mixin.py:109} INFO - [2022-06-20 12:40:10,395] {dagbag.py:500} INFO - Filling up the DagBag from /home/leizo/.local/lib/python3.8/site-packages/airflow/example_dags/subdags/subdag.py
[2022-06-20 12:40:10,398] {processor.py:654} WARNING - No viable dags retrieved from /home/leizo/.local/lib/python3.8/site-packages/airflow/example_dags/subdags/subdag.py
[2022-06-20 12:40:10,407] {processor.py:171} INFO - Processing /home/leizo/.local/lib/python3.8/site-packages/airflow/example_dags/subdags/subdag.py took 0.018 seconds
[2022-06-20 12:42:16,189] {processor.py:163} INFO - Started process (PID=24463) to work on /home/leizo/.local/lib/python3.8/site-packages/airflow/example_dags/subdags/subdag.py
[2022-06-20 12:42:16,192] {processor.py:642} INFO - Processing file /home/leizo/.local/lib/python3.8/site-packages/airflow/example_dags/subdags/subdag.py for tasks to queue
[2022-06-20 12:42:16,194] {logging_mixin.py:109} INFO - [2022-06-20 12:42:16,193] {dagbag.py:500} INFO - Filling up the DagBag from /home/leizo/.local/lib/python3.8/site-packages/airflow/example_dags/subdags/subdag.py
[2022-06-20 12:42:16,197] {processor.py:654} WARNING - No viable dags retrieved from /home/leizo/.local/lib/python3.8/site-packages/airflow/example_dags/subdags/subdag.py
[2022-06-20 12:42:16,205] {processor.py:171} INFO - Processing /home/leizo/.local/lib/python3.8/site-packages/airflow/example_dags/subdags/subdag.py took 0.019 seconds
[2022-06-20 12:44:22,475] {processor.py:163} INFO - Started process (PID=25771) to work on /home/leizo/.local/lib/python3.8/site-packages/airflow/example_dags/subdags/subdag.py
[2022-06-20 12:44:22,478] {processor.py:642} INFO - Processing file /home/leizo/.local/lib/python3.8/site-packages/airflow/example_dags/subdags/subdag.py for tasks to queue
[2022-06-20 12:44:22,479] {logging_mixin.py:109} INFO - [2022-06-20 12:44:22,478] {dagbag.py:500} INFO - Filling up the DagBag from /home/leizo/.local/lib/python3.8/site-packages/airflow/example_dags/subdags/subdag.py
[2022-06-20 12:44:22,481] {processor.py:654} WARNING - No viable dags retrieved from /home/leizo/.local/lib/python3.8/site-packages/airflow/example_dags/subdags/subdag.py
[2022-06-20 12:44:22,490] {processor.py:171} INFO - Processing /home/leizo/.local/lib/python3.8/site-packages/airflow/example_dags/subdags/subdag.py took 0.018 seconds
[2022-06-20 12:46:24,606] {processor.py:163} INFO - Started process (PID=27084) to work on /home/leizo/.local/lib/python3.8/site-packages/airflow/example_dags/subdags/subdag.py
[2022-06-20 12:46:24,609] {processor.py:642} INFO - Processing file /home/leizo/.local/lib/python3.8/site-packages/airflow/example_dags/subdags/subdag.py for tasks to queue
[2022-06-20 12:46:24,610] {logging_mixin.py:109} INFO - [2022-06-20 12:46:24,609] {dagbag.py:500} INFO - Filling up the DagBag from /home/leizo/.local/lib/python3.8/site-packages/airflow/example_dags/subdags/subdag.py
[2022-06-20 12:46:24,614] {processor.py:654} WARNING - No viable dags retrieved from /home/leizo/.local/lib/python3.8/site-packages/airflow/example_dags/subdags/subdag.py
[2022-06-20 12:46:24,624] {processor.py:171} INFO - Processing /home/leizo/.local/lib/python3.8/site-packages/airflow/example_dags/subdags/subdag.py took 0.021 seconds
[2022-06-20 12:48:31,999] {processor.py:163} INFO - Started process (PID=28387) to work on /home/leizo/.local/lib/python3.8/site-packages/airflow/example_dags/subdags/subdag.py
[2022-06-20 12:48:32,001] {processor.py:642} INFO - Processing file /home/leizo/.local/lib/python3.8/site-packages/airflow/example_dags/subdags/subdag.py for tasks to queue
[2022-06-20 12:48:32,003] {logging_mixin.py:109} INFO - [2022-06-20 12:48:32,003] {dagbag.py:500} INFO - Filling up the DagBag from /home/leizo/.local/lib/python3.8/site-packages/airflow/example_dags/subdags/subdag.py
[2022-06-20 12:48:32,007] {processor.py:654} WARNING - No viable dags retrieved from /home/leizo/.local/lib/python3.8/site-packages/airflow/example_dags/subdags/subdag.py
[2022-06-20 12:48:32,015] {processor.py:171} INFO - Processing /home/leizo/.local/lib/python3.8/site-packages/airflow/example_dags/subdags/subdag.py took 0.021 seconds
[2022-06-20 12:50:39,361] {processor.py:163} INFO - Started process (PID=29805) to work on /home/leizo/.local/lib/python3.8/site-packages/airflow/example_dags/subdags/subdag.py
[2022-06-20 12:50:39,363] {processor.py:642} INFO - Processing file /home/leizo/.local/lib/python3.8/site-packages/airflow/example_dags/subdags/subdag.py for tasks to queue
[2022-06-20 12:50:39,364] {logging_mixin.py:109} INFO - [2022-06-20 12:50:39,364] {dagbag.py:500} INFO - Filling up the DagBag from /home/leizo/.local/lib/python3.8/site-packages/airflow/example_dags/subdags/subdag.py
[2022-06-20 12:50:39,366] {processor.py:654} WARNING - No viable dags retrieved from /home/leizo/.local/lib/python3.8/site-packages/airflow/example_dags/subdags/subdag.py
[2022-06-20 12:50:39,376] {processor.py:171} INFO - Processing /home/leizo/.local/lib/python3.8/site-packages/airflow/example_dags/subdags/subdag.py took 0.019 seconds
[2022-06-20 12:52:48,584] {processor.py:163} INFO - Started process (PID=31128) to work on /home/leizo/.local/lib/python3.8/site-packages/airflow/example_dags/subdags/subdag.py
[2022-06-20 12:52:48,588] {processor.py:642} INFO - Processing file /home/leizo/.local/lib/python3.8/site-packages/airflow/example_dags/subdags/subdag.py for tasks to queue
[2022-06-20 12:52:48,589] {logging_mixin.py:109} INFO - [2022-06-20 12:52:48,589] {dagbag.py:500} INFO - Filling up the DagBag from /home/leizo/.local/lib/python3.8/site-packages/airflow/example_dags/subdags/subdag.py
[2022-06-20 12:52:48,594] {processor.py:654} WARNING - No viable dags retrieved from /home/leizo/.local/lib/python3.8/site-packages/airflow/example_dags/subdags/subdag.py
[2022-06-20 12:52:48,604] {processor.py:171} INFO - Processing /home/leizo/.local/lib/python3.8/site-packages/airflow/example_dags/subdags/subdag.py took 0.022 seconds
[2022-06-20 12:56:02,825] {processor.py:163} INFO - Started process (PID=32440) to work on /home/leizo/.local/lib/python3.8/site-packages/airflow/example_dags/subdags/subdag.py
[2022-06-20 12:56:02,827] {processor.py:642} INFO - Processing file /home/leizo/.local/lib/python3.8/site-packages/airflow/example_dags/subdags/subdag.py for tasks to queue
[2022-06-20 12:56:02,827] {logging_mixin.py:109} INFO - [2022-06-20 12:56:02,827] {dagbag.py:500} INFO - Filling up the DagBag from /home/leizo/.local/lib/python3.8/site-packages/airflow/example_dags/subdags/subdag.py
[2022-06-20 12:56:02,830] {processor.py:654} WARNING - No viable dags retrieved from /home/leizo/.local/lib/python3.8/site-packages/airflow/example_dags/subdags/subdag.py
[2022-06-20 12:56:02,837] {processor.py:171} INFO - Processing /home/leizo/.local/lib/python3.8/site-packages/airflow/example_dags/subdags/subdag.py took 0.014 seconds
[2022-06-20 12:59:28,487] {processor.py:163} INFO - Started process (PID=1311) to work on /home/leizo/.local/lib/python3.8/site-packages/airflow/example_dags/subdags/subdag.py
[2022-06-20 12:59:28,492] {processor.py:642} INFO - Processing file /home/leizo/.local/lib/python3.8/site-packages/airflow/example_dags/subdags/subdag.py for tasks to queue
[2022-06-20 12:59:28,494] {logging_mixin.py:109} INFO - [2022-06-20 12:59:28,493] {dagbag.py:500} INFO - Filling up the DagBag from /home/leizo/.local/lib/python3.8/site-packages/airflow/example_dags/subdags/subdag.py
[2022-06-20 12:59:28,508] {processor.py:654} WARNING - No viable dags retrieved from /home/leizo/.local/lib/python3.8/site-packages/airflow/example_dags/subdags/subdag.py
[2022-06-20 12:59:28,566] {processor.py:171} INFO - Processing /home/leizo/.local/lib/python3.8/site-packages/airflow/example_dags/subdags/subdag.py took 0.095 seconds
[2022-06-20 13:04:01,032] {processor.py:163} INFO - Started process (PID=3009) to work on /home/leizo/.local/lib/python3.8/site-packages/airflow/example_dags/subdags/subdag.py
[2022-06-20 13:04:01,035] {processor.py:642} INFO - Processing file /home/leizo/.local/lib/python3.8/site-packages/airflow/example_dags/subdags/subdag.py for tasks to queue
[2022-06-20 13:04:01,036] {logging_mixin.py:109} INFO - [2022-06-20 13:04:01,036] {dagbag.py:500} INFO - Filling up the DagBag from /home/leizo/.local/lib/python3.8/site-packages/airflow/example_dags/subdags/subdag.py
[2022-06-20 13:04:01,040] {processor.py:654} WARNING - No viable dags retrieved from /home/leizo/.local/lib/python3.8/site-packages/airflow/example_dags/subdags/subdag.py
[2022-06-20 13:04:01,048] {processor.py:171} INFO - Processing /home/leizo/.local/lib/python3.8/site-packages/airflow/example_dags/subdags/subdag.py took 0.022 seconds
[2022-06-20 15:44:18,033] {processor.py:163} INFO - Started process (PID=2406) to work on /home/leizo/.local/lib/python3.8/site-packages/airflow/example_dags/subdags/subdag.py
[2022-06-20 15:44:18,035] {processor.py:642} INFO - Processing file /home/leizo/.local/lib/python3.8/site-packages/airflow/example_dags/subdags/subdag.py for tasks to queue
[2022-06-20 15:44:18,036] {logging_mixin.py:109} INFO - [2022-06-20 15:44:18,036] {dagbag.py:500} INFO - Filling up the DagBag from /home/leizo/.local/lib/python3.8/site-packages/airflow/example_dags/subdags/subdag.py
[2022-06-20 15:44:18,039] {processor.py:654} WARNING - No viable dags retrieved from /home/leizo/.local/lib/python3.8/site-packages/airflow/example_dags/subdags/subdag.py
[2022-06-20 15:44:18,051] {processor.py:171} INFO - Processing /home/leizo/.local/lib/python3.8/site-packages/airflow/example_dags/subdags/subdag.py took 0.022 seconds
[2022-06-20 15:46:14,274] {processor.py:163} INFO - Started process (PID=3780) to work on /home/leizo/.local/lib/python3.8/site-packages/airflow/example_dags/subdags/subdag.py
[2022-06-20 15:46:14,278] {processor.py:642} INFO - Processing file /home/leizo/.local/lib/python3.8/site-packages/airflow/example_dags/subdags/subdag.py for tasks to queue
[2022-06-20 15:46:14,279] {logging_mixin.py:109} INFO - [2022-06-20 15:46:14,279] {dagbag.py:500} INFO - Filling up the DagBag from /home/leizo/.local/lib/python3.8/site-packages/airflow/example_dags/subdags/subdag.py
[2022-06-20 15:46:14,285] {processor.py:654} WARNING - No viable dags retrieved from /home/leizo/.local/lib/python3.8/site-packages/airflow/example_dags/subdags/subdag.py
[2022-06-20 15:46:14,306] {processor.py:171} INFO - Processing /home/leizo/.local/lib/python3.8/site-packages/airflow/example_dags/subdags/subdag.py took 0.037 seconds
[2022-06-20 15:48:10,078] {processor.py:163} INFO - Started process (PID=5159) to work on /home/leizo/.local/lib/python3.8/site-packages/airflow/example_dags/subdags/subdag.py
[2022-06-20 15:48:10,080] {processor.py:642} INFO - Processing file /home/leizo/.local/lib/python3.8/site-packages/airflow/example_dags/subdags/subdag.py for tasks to queue
[2022-06-20 15:48:10,081] {logging_mixin.py:109} INFO - [2022-06-20 15:48:10,081] {dagbag.py:500} INFO - Filling up the DagBag from /home/leizo/.local/lib/python3.8/site-packages/airflow/example_dags/subdags/subdag.py
[2022-06-20 15:48:10,086] {processor.py:654} WARNING - No viable dags retrieved from /home/leizo/.local/lib/python3.8/site-packages/airflow/example_dags/subdags/subdag.py
[2022-06-20 15:48:10,099] {processor.py:171} INFO - Processing /home/leizo/.local/lib/python3.8/site-packages/airflow/example_dags/subdags/subdag.py took 0.027 seconds
[2022-06-20 15:49:58,886] {processor.py:163} INFO - Started process (PID=6494) to work on /home/leizo/.local/lib/python3.8/site-packages/airflow/example_dags/subdags/subdag.py
[2022-06-20 15:49:58,889] {processor.py:642} INFO - Processing file /home/leizo/.local/lib/python3.8/site-packages/airflow/example_dags/subdags/subdag.py for tasks to queue
[2022-06-20 15:49:58,890] {logging_mixin.py:109} INFO - [2022-06-20 15:49:58,890] {dagbag.py:500} INFO - Filling up the DagBag from /home/leizo/.local/lib/python3.8/site-packages/airflow/example_dags/subdags/subdag.py
[2022-06-20 15:49:58,894] {processor.py:654} WARNING - No viable dags retrieved from /home/leizo/.local/lib/python3.8/site-packages/airflow/example_dags/subdags/subdag.py
[2022-06-20 15:49:58,907] {processor.py:171} INFO - Processing /home/leizo/.local/lib/python3.8/site-packages/airflow/example_dags/subdags/subdag.py took 0.026 seconds
[2022-06-20 15:51:47,405] {processor.py:163} INFO - Started process (PID=7860) to work on /home/leizo/.local/lib/python3.8/site-packages/airflow/example_dags/subdags/subdag.py
[2022-06-20 15:51:47,410] {processor.py:642} INFO - Processing file /home/leizo/.local/lib/python3.8/site-packages/airflow/example_dags/subdags/subdag.py for tasks to queue
[2022-06-20 15:51:47,411] {logging_mixin.py:109} INFO - [2022-06-20 15:51:47,411] {dagbag.py:500} INFO - Filling up the DagBag from /home/leizo/.local/lib/python3.8/site-packages/airflow/example_dags/subdags/subdag.py
[2022-06-20 15:51:47,415] {processor.py:654} WARNING - No viable dags retrieved from /home/leizo/.local/lib/python3.8/site-packages/airflow/example_dags/subdags/subdag.py
[2022-06-20 15:51:47,428] {processor.py:171} INFO - Processing /home/leizo/.local/lib/python3.8/site-packages/airflow/example_dags/subdags/subdag.py took 0.028 seconds
[2022-06-20 15:53:39,207] {processor.py:163} INFO - Started process (PID=9234) to work on /home/leizo/.local/lib/python3.8/site-packages/airflow/example_dags/subdags/subdag.py
[2022-06-20 15:53:39,210] {processor.py:642} INFO - Processing file /home/leizo/.local/lib/python3.8/site-packages/airflow/example_dags/subdags/subdag.py for tasks to queue
[2022-06-20 15:53:39,211] {logging_mixin.py:109} INFO - [2022-06-20 15:53:39,210] {dagbag.py:500} INFO - Filling up the DagBag from /home/leizo/.local/lib/python3.8/site-packages/airflow/example_dags/subdags/subdag.py
[2022-06-20 15:53:39,215] {processor.py:654} WARNING - No viable dags retrieved from /home/leizo/.local/lib/python3.8/site-packages/airflow/example_dags/subdags/subdag.py
[2022-06-20 15:53:39,228] {processor.py:171} INFO - Processing /home/leizo/.local/lib/python3.8/site-packages/airflow/example_dags/subdags/subdag.py took 0.025 seconds
[2022-06-20 15:55:36,946] {processor.py:163} INFO - Started process (PID=10560) to work on /home/leizo/.local/lib/python3.8/site-packages/airflow/example_dags/subdags/subdag.py
[2022-06-20 15:55:36,949] {processor.py:642} INFO - Processing file /home/leizo/.local/lib/python3.8/site-packages/airflow/example_dags/subdags/subdag.py for tasks to queue
[2022-06-20 15:55:36,950] {logging_mixin.py:109} INFO - [2022-06-20 15:55:36,950] {dagbag.py:500} INFO - Filling up the DagBag from /home/leizo/.local/lib/python3.8/site-packages/airflow/example_dags/subdags/subdag.py
[2022-06-20 15:55:36,955] {processor.py:654} WARNING - No viable dags retrieved from /home/leizo/.local/lib/python3.8/site-packages/airflow/example_dags/subdags/subdag.py
[2022-06-20 15:55:36,970] {processor.py:171} INFO - Processing /home/leizo/.local/lib/python3.8/site-packages/airflow/example_dags/subdags/subdag.py took 0.028 seconds
[2022-06-20 15:57:32,200] {processor.py:163} INFO - Started process (PID=11904) to work on /home/leizo/.local/lib/python3.8/site-packages/airflow/example_dags/subdags/subdag.py
[2022-06-20 15:57:32,202] {processor.py:642} INFO - Processing file /home/leizo/.local/lib/python3.8/site-packages/airflow/example_dags/subdags/subdag.py for tasks to queue
[2022-06-20 15:57:32,203] {logging_mixin.py:109} INFO - [2022-06-20 15:57:32,203] {dagbag.py:500} INFO - Filling up the DagBag from /home/leizo/.local/lib/python3.8/site-packages/airflow/example_dags/subdags/subdag.py
[2022-06-20 15:57:32,207] {processor.py:654} WARNING - No viable dags retrieved from /home/leizo/.local/lib/python3.8/site-packages/airflow/example_dags/subdags/subdag.py
[2022-06-20 15:57:32,221] {processor.py:171} INFO - Processing /home/leizo/.local/lib/python3.8/site-packages/airflow/example_dags/subdags/subdag.py took 0.026 seconds
[2022-06-20 15:59:22,071] {processor.py:163} INFO - Started process (PID=13264) to work on /home/leizo/.local/lib/python3.8/site-packages/airflow/example_dags/subdags/subdag.py
[2022-06-20 15:59:22,075] {processor.py:642} INFO - Processing file /home/leizo/.local/lib/python3.8/site-packages/airflow/example_dags/subdags/subdag.py for tasks to queue
[2022-06-20 15:59:22,076] {logging_mixin.py:109} INFO - [2022-06-20 15:59:22,075] {dagbag.py:500} INFO - Filling up the DagBag from /home/leizo/.local/lib/python3.8/site-packages/airflow/example_dags/subdags/subdag.py
[2022-06-20 15:59:22,080] {processor.py:654} WARNING - No viable dags retrieved from /home/leizo/.local/lib/python3.8/site-packages/airflow/example_dags/subdags/subdag.py
[2022-06-20 15:59:22,093] {processor.py:171} INFO - Processing /home/leizo/.local/lib/python3.8/site-packages/airflow/example_dags/subdags/subdag.py took 0.026 seconds
[2022-06-20 16:01:05,305] {processor.py:163} INFO - Started process (PID=14567) to work on /home/leizo/.local/lib/python3.8/site-packages/airflow/example_dags/subdags/subdag.py
[2022-06-20 16:01:05,307] {processor.py:642} INFO - Processing file /home/leizo/.local/lib/python3.8/site-packages/airflow/example_dags/subdags/subdag.py for tasks to queue
[2022-06-20 16:01:05,308] {logging_mixin.py:109} INFO - [2022-06-20 16:01:05,308] {dagbag.py:500} INFO - Filling up the DagBag from /home/leizo/.local/lib/python3.8/site-packages/airflow/example_dags/subdags/subdag.py
[2022-06-20 16:01:05,310] {processor.py:654} WARNING - No viable dags retrieved from /home/leizo/.local/lib/python3.8/site-packages/airflow/example_dags/subdags/subdag.py
[2022-06-20 16:01:05,318] {processor.py:171} INFO - Processing /home/leizo/.local/lib/python3.8/site-packages/airflow/example_dags/subdags/subdag.py took 0.015 seconds
[2022-06-20 16:03:41,692] {processor.py:163} INFO - Started process (PID=16753) to work on /home/leizo/.local/lib/python3.8/site-packages/airflow/example_dags/subdags/subdag.py
[2022-06-20 16:03:41,694] {processor.py:642} INFO - Processing file /home/leizo/.local/lib/python3.8/site-packages/airflow/example_dags/subdags/subdag.py for tasks to queue
[2022-06-20 16:03:41,695] {logging_mixin.py:109} INFO - [2022-06-20 16:03:41,695] {dagbag.py:500} INFO - Filling up the DagBag from /home/leizo/.local/lib/python3.8/site-packages/airflow/example_dags/subdags/subdag.py
[2022-06-20 16:03:41,698] {processor.py:654} WARNING - No viable dags retrieved from /home/leizo/.local/lib/python3.8/site-packages/airflow/example_dags/subdags/subdag.py
[2022-06-20 16:03:41,709] {processor.py:171} INFO - Processing /home/leizo/.local/lib/python3.8/site-packages/airflow/example_dags/subdags/subdag.py took 0.020 seconds
[2022-06-20 16:07:02,859] {processor.py:163} INFO - Started process (PID=18682) to work on /home/leizo/.local/lib/python3.8/site-packages/airflow/example_dags/subdags/subdag.py
[2022-06-20 16:07:02,861] {processor.py:642} INFO - Processing file /home/leizo/.local/lib/python3.8/site-packages/airflow/example_dags/subdags/subdag.py for tasks to queue
[2022-06-20 16:07:02,861] {logging_mixin.py:109} INFO - [2022-06-20 16:07:02,861] {dagbag.py:500} INFO - Filling up the DagBag from /home/leizo/.local/lib/python3.8/site-packages/airflow/example_dags/subdags/subdag.py
[2022-06-20 16:07:02,864] {processor.py:654} WARNING - No viable dags retrieved from /home/leizo/.local/lib/python3.8/site-packages/airflow/example_dags/subdags/subdag.py
[2022-06-20 16:07:02,885] {processor.py:171} INFO - Processing /home/leizo/.local/lib/python3.8/site-packages/airflow/example_dags/subdags/subdag.py took 0.029 seconds
[2022-06-20 16:09:35,367] {processor.py:163} INFO - Started process (PID=21130) to work on /home/leizo/.local/lib/python3.8/site-packages/airflow/example_dags/subdags/subdag.py
[2022-06-20 16:09:35,370] {processor.py:642} INFO - Processing file /home/leizo/.local/lib/python3.8/site-packages/airflow/example_dags/subdags/subdag.py for tasks to queue
[2022-06-20 16:09:35,371] {logging_mixin.py:109} INFO - [2022-06-20 16:09:35,370] {dagbag.py:500} INFO - Filling up the DagBag from /home/leizo/.local/lib/python3.8/site-packages/airflow/example_dags/subdags/subdag.py
[2022-06-20 16:09:35,374] {processor.py:654} WARNING - No viable dags retrieved from /home/leizo/.local/lib/python3.8/site-packages/airflow/example_dags/subdags/subdag.py
[2022-06-20 16:09:35,383] {processor.py:171} INFO - Processing /home/leizo/.local/lib/python3.8/site-packages/airflow/example_dags/subdags/subdag.py took 0.020 seconds
[2022-06-20 16:11:29,758] {processor.py:163} INFO - Started process (PID=22572) to work on /home/leizo/.local/lib/python3.8/site-packages/airflow/example_dags/subdags/subdag.py
[2022-06-20 16:11:29,759] {processor.py:642} INFO - Processing file /home/leizo/.local/lib/python3.8/site-packages/airflow/example_dags/subdags/subdag.py for tasks to queue
[2022-06-20 16:11:29,760] {logging_mixin.py:109} INFO - [2022-06-20 16:11:29,760] {dagbag.py:500} INFO - Filling up the DagBag from /home/leizo/.local/lib/python3.8/site-packages/airflow/example_dags/subdags/subdag.py
[2022-06-20 16:11:29,762] {processor.py:654} WARNING - No viable dags retrieved from /home/leizo/.local/lib/python3.8/site-packages/airflow/example_dags/subdags/subdag.py
[2022-06-20 16:11:29,771] {processor.py:171} INFO - Processing /home/leizo/.local/lib/python3.8/site-packages/airflow/example_dags/subdags/subdag.py took 0.017 seconds
[2022-06-20 16:15:20,321] {processor.py:163} INFO - Started process (PID=25770) to work on /home/leizo/.local/lib/python3.8/site-packages/airflow/example_dags/subdags/subdag.py
[2022-06-20 16:15:20,325] {processor.py:642} INFO - Processing file /home/leizo/.local/lib/python3.8/site-packages/airflow/example_dags/subdags/subdag.py for tasks to queue
[2022-06-20 16:15:20,326] {logging_mixin.py:109} INFO - [2022-06-20 16:15:20,325] {dagbag.py:500} INFO - Filling up the DagBag from /home/leizo/.local/lib/python3.8/site-packages/airflow/example_dags/subdags/subdag.py
[2022-06-20 16:15:20,328] {processor.py:654} WARNING - No viable dags retrieved from /home/leizo/.local/lib/python3.8/site-packages/airflow/example_dags/subdags/subdag.py
[2022-06-20 16:15:20,337] {processor.py:171} INFO - Processing /home/leizo/.local/lib/python3.8/site-packages/airflow/example_dags/subdags/subdag.py took 0.019 seconds
[2022-06-20 16:17:25,250] {processor.py:163} INFO - Started process (PID=27252) to work on /home/leizo/.local/lib/python3.8/site-packages/airflow/example_dags/subdags/subdag.py
[2022-06-20 16:17:25,253] {processor.py:642} INFO - Processing file /home/leizo/.local/lib/python3.8/site-packages/airflow/example_dags/subdags/subdag.py for tasks to queue
[2022-06-20 16:17:25,254] {logging_mixin.py:109} INFO - [2022-06-20 16:17:25,254] {dagbag.py:500} INFO - Filling up the DagBag from /home/leizo/.local/lib/python3.8/site-packages/airflow/example_dags/subdags/subdag.py
[2022-06-20 16:17:25,255] {processor.py:654} WARNING - No viable dags retrieved from /home/leizo/.local/lib/python3.8/site-packages/airflow/example_dags/subdags/subdag.py
[2022-06-20 16:17:25,264] {processor.py:171} INFO - Processing /home/leizo/.local/lib/python3.8/site-packages/airflow/example_dags/subdags/subdag.py took 0.016 seconds
[2022-06-20 16:19:17,092] {processor.py:163} INFO - Started process (PID=28514) to work on /home/leizo/.local/lib/python3.8/site-packages/airflow/example_dags/subdags/subdag.py
[2022-06-20 16:19:17,095] {processor.py:642} INFO - Processing file /home/leizo/.local/lib/python3.8/site-packages/airflow/example_dags/subdags/subdag.py for tasks to queue
[2022-06-20 16:19:17,096] {logging_mixin.py:109} INFO - [2022-06-20 16:19:17,095] {dagbag.py:500} INFO - Filling up the DagBag from /home/leizo/.local/lib/python3.8/site-packages/airflow/example_dags/subdags/subdag.py
[2022-06-20 16:19:17,098] {processor.py:654} WARNING - No viable dags retrieved from /home/leizo/.local/lib/python3.8/site-packages/airflow/example_dags/subdags/subdag.py
[2022-06-20 16:19:17,104] {processor.py:171} INFO - Processing /home/leizo/.local/lib/python3.8/site-packages/airflow/example_dags/subdags/subdag.py took 0.014 seconds
[2022-06-20 16:21:01,518] {processor.py:163} INFO - Started process (PID=29785) to work on /home/leizo/.local/lib/python3.8/site-packages/airflow/example_dags/subdags/subdag.py
[2022-06-20 16:21:01,521] {processor.py:642} INFO - Processing file /home/leizo/.local/lib/python3.8/site-packages/airflow/example_dags/subdags/subdag.py for tasks to queue
[2022-06-20 16:21:01,521] {logging_mixin.py:109} INFO - [2022-06-20 16:21:01,521] {dagbag.py:500} INFO - Filling up the DagBag from /home/leizo/.local/lib/python3.8/site-packages/airflow/example_dags/subdags/subdag.py
[2022-06-20 16:21:01,523] {processor.py:654} WARNING - No viable dags retrieved from /home/leizo/.local/lib/python3.8/site-packages/airflow/example_dags/subdags/subdag.py
[2022-06-20 16:21:01,535] {processor.py:171} INFO - Processing /home/leizo/.local/lib/python3.8/site-packages/airflow/example_dags/subdags/subdag.py took 0.020 seconds
[2022-06-20 16:22:47,557] {processor.py:163} INFO - Started process (PID=31047) to work on /home/leizo/.local/lib/python3.8/site-packages/airflow/example_dags/subdags/subdag.py
[2022-06-20 16:22:47,559] {processor.py:642} INFO - Processing file /home/leizo/.local/lib/python3.8/site-packages/airflow/example_dags/subdags/subdag.py for tasks to queue
[2022-06-20 16:22:47,560] {logging_mixin.py:109} INFO - [2022-06-20 16:22:47,560] {dagbag.py:500} INFO - Filling up the DagBag from /home/leizo/.local/lib/python3.8/site-packages/airflow/example_dags/subdags/subdag.py
[2022-06-20 16:22:47,562] {processor.py:654} WARNING - No viable dags retrieved from /home/leizo/.local/lib/python3.8/site-packages/airflow/example_dags/subdags/subdag.py
[2022-06-20 16:22:47,571] {processor.py:171} INFO - Processing /home/leizo/.local/lib/python3.8/site-packages/airflow/example_dags/subdags/subdag.py took 0.016 seconds
[2022-06-20 16:24:32,060] {processor.py:163} INFO - Started process (PID=32283) to work on /home/leizo/.local/lib/python3.8/site-packages/airflow/example_dags/subdags/subdag.py
[2022-06-20 16:24:32,062] {processor.py:642} INFO - Processing file /home/leizo/.local/lib/python3.8/site-packages/airflow/example_dags/subdags/subdag.py for tasks to queue
[2022-06-20 16:24:32,063] {logging_mixin.py:109} INFO - [2022-06-20 16:24:32,063] {dagbag.py:500} INFO - Filling up the DagBag from /home/leizo/.local/lib/python3.8/site-packages/airflow/example_dags/subdags/subdag.py
[2022-06-20 16:24:32,065] {processor.py:654} WARNING - No viable dags retrieved from /home/leizo/.local/lib/python3.8/site-packages/airflow/example_dags/subdags/subdag.py
[2022-06-20 16:24:32,072] {processor.py:171} INFO - Processing /home/leizo/.local/lib/python3.8/site-packages/airflow/example_dags/subdags/subdag.py took 0.015 seconds
[2022-06-20 16:26:25,116] {processor.py:163} INFO - Started process (PID=1202) to work on /home/leizo/.local/lib/python3.8/site-packages/airflow/example_dags/subdags/subdag.py
[2022-06-20 16:26:25,120] {processor.py:642} INFO - Processing file /home/leizo/.local/lib/python3.8/site-packages/airflow/example_dags/subdags/subdag.py for tasks to queue
[2022-06-20 16:26:25,121] {logging_mixin.py:109} INFO - [2022-06-20 16:26:25,121] {dagbag.py:500} INFO - Filling up the DagBag from /home/leizo/.local/lib/python3.8/site-packages/airflow/example_dags/subdags/subdag.py
[2022-06-20 16:26:25,124] {processor.py:654} WARNING - No viable dags retrieved from /home/leizo/.local/lib/python3.8/site-packages/airflow/example_dags/subdags/subdag.py
[2022-06-20 16:26:25,131] {processor.py:171} INFO - Processing /home/leizo/.local/lib/python3.8/site-packages/airflow/example_dags/subdags/subdag.py took 0.017 seconds
[2022-06-20 16:28:20,047] {processor.py:163} INFO - Started process (PID=2495) to work on /home/leizo/.local/lib/python3.8/site-packages/airflow/example_dags/subdags/subdag.py
[2022-06-20 16:28:20,049] {processor.py:642} INFO - Processing file /home/leizo/.local/lib/python3.8/site-packages/airflow/example_dags/subdags/subdag.py for tasks to queue
[2022-06-20 16:28:20,050] {logging_mixin.py:109} INFO - [2022-06-20 16:28:20,050] {dagbag.py:500} INFO - Filling up the DagBag from /home/leizo/.local/lib/python3.8/site-packages/airflow/example_dags/subdags/subdag.py
[2022-06-20 16:28:20,054] {processor.py:654} WARNING - No viable dags retrieved from /home/leizo/.local/lib/python3.8/site-packages/airflow/example_dags/subdags/subdag.py
[2022-06-20 16:28:20,063] {processor.py:171} INFO - Processing /home/leizo/.local/lib/python3.8/site-packages/airflow/example_dags/subdags/subdag.py took 0.021 seconds
[2022-06-20 16:30:06,955] {processor.py:163} INFO - Started process (PID=3758) to work on /home/leizo/.local/lib/python3.8/site-packages/airflow/example_dags/subdags/subdag.py
[2022-06-20 16:30:06,957] {processor.py:642} INFO - Processing file /home/leizo/.local/lib/python3.8/site-packages/airflow/example_dags/subdags/subdag.py for tasks to queue
[2022-06-20 16:30:06,958] {logging_mixin.py:109} INFO - [2022-06-20 16:30:06,958] {dagbag.py:500} INFO - Filling up the DagBag from /home/leizo/.local/lib/python3.8/site-packages/airflow/example_dags/subdags/subdag.py
[2022-06-20 16:30:06,961] {processor.py:654} WARNING - No viable dags retrieved from /home/leizo/.local/lib/python3.8/site-packages/airflow/example_dags/subdags/subdag.py
[2022-06-20 16:30:06,966] {processor.py:171} INFO - Processing /home/leizo/.local/lib/python3.8/site-packages/airflow/example_dags/subdags/subdag.py took 0.014 seconds
[2022-06-20 16:31:51,328] {processor.py:163} INFO - Started process (PID=4983) to work on /home/leizo/.local/lib/python3.8/site-packages/airflow/example_dags/subdags/subdag.py
[2022-06-20 16:31:51,332] {processor.py:642} INFO - Processing file /home/leizo/.local/lib/python3.8/site-packages/airflow/example_dags/subdags/subdag.py for tasks to queue
[2022-06-20 16:31:51,332] {logging_mixin.py:109} INFO - [2022-06-20 16:31:51,332] {dagbag.py:500} INFO - Filling up the DagBag from /home/leizo/.local/lib/python3.8/site-packages/airflow/example_dags/subdags/subdag.py
[2022-06-20 16:31:51,334] {processor.py:654} WARNING - No viable dags retrieved from /home/leizo/.local/lib/python3.8/site-packages/airflow/example_dags/subdags/subdag.py
[2022-06-20 16:31:51,340] {processor.py:171} INFO - Processing /home/leizo/.local/lib/python3.8/site-packages/airflow/example_dags/subdags/subdag.py took 0.014 seconds
[2022-06-20 16:33:36,403] {processor.py:163} INFO - Started process (PID=6257) to work on /home/leizo/.local/lib/python3.8/site-packages/airflow/example_dags/subdags/subdag.py
[2022-06-20 16:33:36,406] {processor.py:642} INFO - Processing file /home/leizo/.local/lib/python3.8/site-packages/airflow/example_dags/subdags/subdag.py for tasks to queue
[2022-06-20 16:33:36,407] {logging_mixin.py:109} INFO - [2022-06-20 16:33:36,407] {dagbag.py:500} INFO - Filling up the DagBag from /home/leizo/.local/lib/python3.8/site-packages/airflow/example_dags/subdags/subdag.py
[2022-06-20 16:33:36,409] {processor.py:654} WARNING - No viable dags retrieved from /home/leizo/.local/lib/python3.8/site-packages/airflow/example_dags/subdags/subdag.py
[2022-06-20 16:33:36,417] {processor.py:171} INFO - Processing /home/leizo/.local/lib/python3.8/site-packages/airflow/example_dags/subdags/subdag.py took 0.016 seconds
[2022-06-20 16:35:20,078] {processor.py:163} INFO - Started process (PID=7536) to work on /home/leizo/.local/lib/python3.8/site-packages/airflow/example_dags/subdags/subdag.py
[2022-06-20 16:35:20,081] {processor.py:642} INFO - Processing file /home/leizo/.local/lib/python3.8/site-packages/airflow/example_dags/subdags/subdag.py for tasks to queue
[2022-06-20 16:35:20,081] {logging_mixin.py:109} INFO - [2022-06-20 16:35:20,081] {dagbag.py:500} INFO - Filling up the DagBag from /home/leizo/.local/lib/python3.8/site-packages/airflow/example_dags/subdags/subdag.py
[2022-06-20 16:35:20,084] {processor.py:654} WARNING - No viable dags retrieved from /home/leizo/.local/lib/python3.8/site-packages/airflow/example_dags/subdags/subdag.py
[2022-06-20 16:35:20,092] {processor.py:171} INFO - Processing /home/leizo/.local/lib/python3.8/site-packages/airflow/example_dags/subdags/subdag.py took 0.016 seconds
[2022-06-20 16:37:11,567] {processor.py:163} INFO - Started process (PID=8816) to work on /home/leizo/.local/lib/python3.8/site-packages/airflow/example_dags/subdags/subdag.py
[2022-06-20 16:37:11,568] {processor.py:642} INFO - Processing file /home/leizo/.local/lib/python3.8/site-packages/airflow/example_dags/subdags/subdag.py for tasks to queue
[2022-06-20 16:37:11,569] {logging_mixin.py:109} INFO - [2022-06-20 16:37:11,569] {dagbag.py:500} INFO - Filling up the DagBag from /home/leizo/.local/lib/python3.8/site-packages/airflow/example_dags/subdags/subdag.py
[2022-06-20 16:37:11,571] {processor.py:654} WARNING - No viable dags retrieved from /home/leizo/.local/lib/python3.8/site-packages/airflow/example_dags/subdags/subdag.py
[2022-06-20 16:37:11,577] {processor.py:171} INFO - Processing /home/leizo/.local/lib/python3.8/site-packages/airflow/example_dags/subdags/subdag.py took 0.012 seconds
[2022-06-20 16:39:08,329] {processor.py:163} INFO - Started process (PID=10050) to work on /home/leizo/.local/lib/python3.8/site-packages/airflow/example_dags/subdags/subdag.py
[2022-06-20 16:39:08,332] {processor.py:642} INFO - Processing file /home/leizo/.local/lib/python3.8/site-packages/airflow/example_dags/subdags/subdag.py for tasks to queue
[2022-06-20 16:39:08,333] {logging_mixin.py:109} INFO - [2022-06-20 16:39:08,332] {dagbag.py:500} INFO - Filling up the DagBag from /home/leizo/.local/lib/python3.8/site-packages/airflow/example_dags/subdags/subdag.py
[2022-06-20 16:39:08,335] {processor.py:654} WARNING - No viable dags retrieved from /home/leizo/.local/lib/python3.8/site-packages/airflow/example_dags/subdags/subdag.py
[2022-06-20 16:39:08,341] {processor.py:171} INFO - Processing /home/leizo/.local/lib/python3.8/site-packages/airflow/example_dags/subdags/subdag.py took 0.015 seconds
[2022-06-20 16:46:29,697] {processor.py:163} INFO - Started process (PID=14648) to work on /home/leizo/.local/lib/python3.8/site-packages/airflow/example_dags/subdags/subdag.py
[2022-06-20 16:46:29,699] {processor.py:642} INFO - Processing file /home/leizo/.local/lib/python3.8/site-packages/airflow/example_dags/subdags/subdag.py for tasks to queue
[2022-06-20 16:46:29,699] {logging_mixin.py:109} INFO - [2022-06-20 16:46:29,699] {dagbag.py:500} INFO - Filling up the DagBag from /home/leizo/.local/lib/python3.8/site-packages/airflow/example_dags/subdags/subdag.py
[2022-06-20 16:46:29,703] {processor.py:654} WARNING - No viable dags retrieved from /home/leizo/.local/lib/python3.8/site-packages/airflow/example_dags/subdags/subdag.py
[2022-06-20 16:46:29,725] {processor.py:171} INFO - Processing /home/leizo/.local/lib/python3.8/site-packages/airflow/example_dags/subdags/subdag.py took 0.032 seconds
[2022-06-20 16:48:43,200] {processor.py:163} INFO - Started process (PID=15922) to work on /home/leizo/.local/lib/python3.8/site-packages/airflow/example_dags/subdags/subdag.py
[2022-06-20 16:48:43,202] {processor.py:642} INFO - Processing file /home/leizo/.local/lib/python3.8/site-packages/airflow/example_dags/subdags/subdag.py for tasks to queue
[2022-06-20 16:48:43,202] {logging_mixin.py:109} INFO - [2022-06-20 16:48:43,202] {dagbag.py:500} INFO - Filling up the DagBag from /home/leizo/.local/lib/python3.8/site-packages/airflow/example_dags/subdags/subdag.py
[2022-06-20 16:48:43,204] {processor.py:654} WARNING - No viable dags retrieved from /home/leizo/.local/lib/python3.8/site-packages/airflow/example_dags/subdags/subdag.py
[2022-06-20 16:48:43,211] {processor.py:171} INFO - Processing /home/leizo/.local/lib/python3.8/site-packages/airflow/example_dags/subdags/subdag.py took 0.013 seconds
[2022-06-20 16:50:57,542] {processor.py:163} INFO - Started process (PID=17690) to work on /home/leizo/.local/lib/python3.8/site-packages/airflow/example_dags/subdags/subdag.py
[2022-06-20 16:50:57,545] {processor.py:642} INFO - Processing file /home/leizo/.local/lib/python3.8/site-packages/airflow/example_dags/subdags/subdag.py for tasks to queue
[2022-06-20 16:50:57,546] {logging_mixin.py:109} INFO - [2022-06-20 16:50:57,546] {dagbag.py:500} INFO - Filling up the DagBag from /home/leizo/.local/lib/python3.8/site-packages/airflow/example_dags/subdags/subdag.py
[2022-06-20 16:50:57,550] {processor.py:654} WARNING - No viable dags retrieved from /home/leizo/.local/lib/python3.8/site-packages/airflow/example_dags/subdags/subdag.py
[2022-06-20 16:50:57,560] {processor.py:171} INFO - Processing /home/leizo/.local/lib/python3.8/site-packages/airflow/example_dags/subdags/subdag.py took 0.020 seconds
[2022-06-20 16:53:08,081] {processor.py:163} INFO - Started process (PID=19257) to work on /home/leizo/.local/lib/python3.8/site-packages/airflow/example_dags/subdags/subdag.py
[2022-06-20 16:53:08,084] {processor.py:642} INFO - Processing file /home/leizo/.local/lib/python3.8/site-packages/airflow/example_dags/subdags/subdag.py for tasks to queue
[2022-06-20 16:53:08,085] {logging_mixin.py:109} INFO - [2022-06-20 16:53:08,085] {dagbag.py:500} INFO - Filling up the DagBag from /home/leizo/.local/lib/python3.8/site-packages/airflow/example_dags/subdags/subdag.py
[2022-06-20 16:53:08,087] {processor.py:654} WARNING - No viable dags retrieved from /home/leizo/.local/lib/python3.8/site-packages/airflow/example_dags/subdags/subdag.py
[2022-06-20 16:53:08,093] {processor.py:171} INFO - Processing /home/leizo/.local/lib/python3.8/site-packages/airflow/example_dags/subdags/subdag.py took 0.014 seconds
[2022-06-20 16:55:36,583] {processor.py:163} INFO - Started process (PID=20511) to work on /home/leizo/.local/lib/python3.8/site-packages/airflow/example_dags/subdags/subdag.py
[2022-06-20 16:55:36,586] {processor.py:642} INFO - Processing file /home/leizo/.local/lib/python3.8/site-packages/airflow/example_dags/subdags/subdag.py for tasks to queue
[2022-06-20 16:55:36,586] {logging_mixin.py:109} INFO - [2022-06-20 16:55:36,586] {dagbag.py:500} INFO - Filling up the DagBag from /home/leizo/.local/lib/python3.8/site-packages/airflow/example_dags/subdags/subdag.py
[2022-06-20 16:55:36,588] {processor.py:654} WARNING - No viable dags retrieved from /home/leizo/.local/lib/python3.8/site-packages/airflow/example_dags/subdags/subdag.py
[2022-06-20 16:55:36,596] {processor.py:171} INFO - Processing /home/leizo/.local/lib/python3.8/site-packages/airflow/example_dags/subdags/subdag.py took 0.015 seconds
[2022-06-20 16:57:56,933] {processor.py:163} INFO - Started process (PID=21774) to work on /home/leizo/.local/lib/python3.8/site-packages/airflow/example_dags/subdags/subdag.py
[2022-06-20 16:57:56,937] {processor.py:642} INFO - Processing file /home/leizo/.local/lib/python3.8/site-packages/airflow/example_dags/subdags/subdag.py for tasks to queue
[2022-06-20 16:57:56,939] {logging_mixin.py:109} INFO - [2022-06-20 16:57:56,938] {dagbag.py:500} INFO - Filling up the DagBag from /home/leizo/.local/lib/python3.8/site-packages/airflow/example_dags/subdags/subdag.py
[2022-06-20 16:57:56,943] {processor.py:654} WARNING - No viable dags retrieved from /home/leizo/.local/lib/python3.8/site-packages/airflow/example_dags/subdags/subdag.py
[2022-06-20 16:57:56,952] {processor.py:171} INFO - Processing /home/leizo/.local/lib/python3.8/site-packages/airflow/example_dags/subdags/subdag.py took 0.021 seconds
[2022-06-20 17:00:42,179] {processor.py:163} INFO - Started process (PID=23070) to work on /home/leizo/.local/lib/python3.8/site-packages/airflow/example_dags/subdags/subdag.py
[2022-06-20 17:00:42,182] {processor.py:642} INFO - Processing file /home/leizo/.local/lib/python3.8/site-packages/airflow/example_dags/subdags/subdag.py for tasks to queue
[2022-06-20 17:00:42,184] {logging_mixin.py:109} INFO - [2022-06-20 17:00:42,184] {dagbag.py:500} INFO - Filling up the DagBag from /home/leizo/.local/lib/python3.8/site-packages/airflow/example_dags/subdags/subdag.py
[2022-06-20 17:00:42,188] {processor.py:654} WARNING - No viable dags retrieved from /home/leizo/.local/lib/python3.8/site-packages/airflow/example_dags/subdags/subdag.py
[2022-06-20 17:00:42,201] {processor.py:171} INFO - Processing /home/leizo/.local/lib/python3.8/site-packages/airflow/example_dags/subdags/subdag.py took 0.029 seconds
[2022-06-20 17:03:12,998] {processor.py:163} INFO - Started process (PID=24367) to work on /home/leizo/.local/lib/python3.8/site-packages/airflow/example_dags/subdags/subdag.py
[2022-06-20 17:03:13,002] {processor.py:642} INFO - Processing file /home/leizo/.local/lib/python3.8/site-packages/airflow/example_dags/subdags/subdag.py for tasks to queue
[2022-06-20 17:03:13,006] {logging_mixin.py:109} INFO - [2022-06-20 17:03:13,005] {dagbag.py:500} INFO - Filling up the DagBag from /home/leizo/.local/lib/python3.8/site-packages/airflow/example_dags/subdags/subdag.py
[2022-06-20 17:03:13,012] {processor.py:654} WARNING - No viable dags retrieved from /home/leizo/.local/lib/python3.8/site-packages/airflow/example_dags/subdags/subdag.py
[2022-06-20 17:03:13,038] {processor.py:171} INFO - Processing /home/leizo/.local/lib/python3.8/site-packages/airflow/example_dags/subdags/subdag.py took 0.046 seconds
[2022-06-20 17:06:23,105] {processor.py:163} INFO - Started process (PID=25659) to work on /home/leizo/.local/lib/python3.8/site-packages/airflow/example_dags/subdags/subdag.py
[2022-06-20 17:06:23,107] {processor.py:642} INFO - Processing file /home/leizo/.local/lib/python3.8/site-packages/airflow/example_dags/subdags/subdag.py for tasks to queue
[2022-06-20 17:06:23,108] {logging_mixin.py:109} INFO - [2022-06-20 17:06:23,108] {dagbag.py:500} INFO - Filling up the DagBag from /home/leizo/.local/lib/python3.8/site-packages/airflow/example_dags/subdags/subdag.py
[2022-06-20 17:06:23,110] {processor.py:654} WARNING - No viable dags retrieved from /home/leizo/.local/lib/python3.8/site-packages/airflow/example_dags/subdags/subdag.py
[2022-06-20 17:06:23,124] {processor.py:171} INFO - Processing /home/leizo/.local/lib/python3.8/site-packages/airflow/example_dags/subdags/subdag.py took 0.024 seconds
[2022-06-20 17:09:44,645] {processor.py:163} INFO - Started process (PID=26924) to work on /home/leizo/.local/lib/python3.8/site-packages/airflow/example_dags/subdags/subdag.py
[2022-06-20 17:09:44,648] {processor.py:642} INFO - Processing file /home/leizo/.local/lib/python3.8/site-packages/airflow/example_dags/subdags/subdag.py for tasks to queue
[2022-06-20 17:09:44,649] {logging_mixin.py:109} INFO - [2022-06-20 17:09:44,649] {dagbag.py:500} INFO - Filling up the DagBag from /home/leizo/.local/lib/python3.8/site-packages/airflow/example_dags/subdags/subdag.py
[2022-06-20 17:09:44,653] {processor.py:654} WARNING - No viable dags retrieved from /home/leizo/.local/lib/python3.8/site-packages/airflow/example_dags/subdags/subdag.py
[2022-06-20 17:09:44,666] {processor.py:171} INFO - Processing /home/leizo/.local/lib/python3.8/site-packages/airflow/example_dags/subdags/subdag.py took 0.025 seconds
[2022-06-20 17:13:12,967] {processor.py:163} INFO - Started process (PID=28171) to work on /home/leizo/.local/lib/python3.8/site-packages/airflow/example_dags/subdags/subdag.py
[2022-06-20 17:13:12,970] {processor.py:642} INFO - Processing file /home/leizo/.local/lib/python3.8/site-packages/airflow/example_dags/subdags/subdag.py for tasks to queue
[2022-06-20 17:13:12,971] {logging_mixin.py:109} INFO - [2022-06-20 17:13:12,971] {dagbag.py:500} INFO - Filling up the DagBag from /home/leizo/.local/lib/python3.8/site-packages/airflow/example_dags/subdags/subdag.py
[2022-06-20 17:13:12,977] {processor.py:654} WARNING - No viable dags retrieved from /home/leizo/.local/lib/python3.8/site-packages/airflow/example_dags/subdags/subdag.py
[2022-06-20 17:13:12,992] {processor.py:171} INFO - Processing /home/leizo/.local/lib/python3.8/site-packages/airflow/example_dags/subdags/subdag.py took 0.029 seconds
[2022-06-20 17:16:31,789] {processor.py:163} INFO - Started process (PID=29470) to work on /home/leizo/.local/lib/python3.8/site-packages/airflow/example_dags/subdags/subdag.py
[2022-06-20 17:16:31,791] {processor.py:642} INFO - Processing file /home/leizo/.local/lib/python3.8/site-packages/airflow/example_dags/subdags/subdag.py for tasks to queue
[2022-06-20 17:16:31,792] {logging_mixin.py:109} INFO - [2022-06-20 17:16:31,792] {dagbag.py:500} INFO - Filling up the DagBag from /home/leizo/.local/lib/python3.8/site-packages/airflow/example_dags/subdags/subdag.py
[2022-06-20 17:16:31,797] {processor.py:654} WARNING - No viable dags retrieved from /home/leizo/.local/lib/python3.8/site-packages/airflow/example_dags/subdags/subdag.py
[2022-06-20 17:16:31,811] {processor.py:171} INFO - Processing /home/leizo/.local/lib/python3.8/site-packages/airflow/example_dags/subdags/subdag.py took 0.027 seconds
[2022-06-20 17:19:35,527] {processor.py:163} INFO - Started process (PID=30784) to work on /home/leizo/.local/lib/python3.8/site-packages/airflow/example_dags/subdags/subdag.py
[2022-06-20 17:19:35,530] {processor.py:642} INFO - Processing file /home/leizo/.local/lib/python3.8/site-packages/airflow/example_dags/subdags/subdag.py for tasks to queue
[2022-06-20 17:19:35,531] {logging_mixin.py:109} INFO - [2022-06-20 17:19:35,531] {dagbag.py:500} INFO - Filling up the DagBag from /home/leizo/.local/lib/python3.8/site-packages/airflow/example_dags/subdags/subdag.py
[2022-06-20 17:19:35,536] {processor.py:654} WARNING - No viable dags retrieved from /home/leizo/.local/lib/python3.8/site-packages/airflow/example_dags/subdags/subdag.py
[2022-06-20 17:19:35,556] {processor.py:171} INFO - Processing /home/leizo/.local/lib/python3.8/site-packages/airflow/example_dags/subdags/subdag.py took 0.033 seconds
[2022-06-20 17:22:37,220] {processor.py:163} INFO - Started process (PID=32099) to work on /home/leizo/.local/lib/python3.8/site-packages/airflow/example_dags/subdags/subdag.py
[2022-06-20 17:22:37,224] {processor.py:642} INFO - Processing file /home/leizo/.local/lib/python3.8/site-packages/airflow/example_dags/subdags/subdag.py for tasks to queue
[2022-06-20 17:22:37,225] {logging_mixin.py:109} INFO - [2022-06-20 17:22:37,225] {dagbag.py:500} INFO - Filling up the DagBag from /home/leizo/.local/lib/python3.8/site-packages/airflow/example_dags/subdags/subdag.py
[2022-06-20 17:22:37,228] {processor.py:654} WARNING - No viable dags retrieved from /home/leizo/.local/lib/python3.8/site-packages/airflow/example_dags/subdags/subdag.py
[2022-06-20 17:22:37,243] {processor.py:171} INFO - Processing /home/leizo/.local/lib/python3.8/site-packages/airflow/example_dags/subdags/subdag.py took 0.027 seconds
[2022-06-20 17:25:38,599] {processor.py:163} INFO - Started process (PID=970) to work on /home/leizo/.local/lib/python3.8/site-packages/airflow/example_dags/subdags/subdag.py
[2022-06-20 17:25:38,601] {processor.py:642} INFO - Processing file /home/leizo/.local/lib/python3.8/site-packages/airflow/example_dags/subdags/subdag.py for tasks to queue
[2022-06-20 17:25:38,602] {logging_mixin.py:109} INFO - [2022-06-20 17:25:38,602] {dagbag.py:500} INFO - Filling up the DagBag from /home/leizo/.local/lib/python3.8/site-packages/airflow/example_dags/subdags/subdag.py
[2022-06-20 17:25:38,604] {processor.py:654} WARNING - No viable dags retrieved from /home/leizo/.local/lib/python3.8/site-packages/airflow/example_dags/subdags/subdag.py
[2022-06-20 17:25:38,615] {processor.py:171} INFO - Processing /home/leizo/.local/lib/python3.8/site-packages/airflow/example_dags/subdags/subdag.py took 0.019 seconds
[2022-06-20 17:28:42,807] {processor.py:163} INFO - Started process (PID=2362) to work on /home/leizo/.local/lib/python3.8/site-packages/airflow/example_dags/subdags/subdag.py
[2022-06-20 17:28:42,809] {processor.py:642} INFO - Processing file /home/leizo/.local/lib/python3.8/site-packages/airflow/example_dags/subdags/subdag.py for tasks to queue
[2022-06-20 17:28:42,810] {logging_mixin.py:109} INFO - [2022-06-20 17:28:42,810] {dagbag.py:500} INFO - Filling up the DagBag from /home/leizo/.local/lib/python3.8/site-packages/airflow/example_dags/subdags/subdag.py
[2022-06-20 17:28:42,814] {processor.py:654} WARNING - No viable dags retrieved from /home/leizo/.local/lib/python3.8/site-packages/airflow/example_dags/subdags/subdag.py
[2022-06-20 17:28:42,830] {processor.py:171} INFO - Processing /home/leizo/.local/lib/python3.8/site-packages/airflow/example_dags/subdags/subdag.py took 0.025 seconds
[2022-06-20 17:31:50,011] {processor.py:163} INFO - Started process (PID=3667) to work on /home/leizo/.local/lib/python3.8/site-packages/airflow/example_dags/subdags/subdag.py
[2022-06-20 17:31:50,014] {processor.py:642} INFO - Processing file /home/leizo/.local/lib/python3.8/site-packages/airflow/example_dags/subdags/subdag.py for tasks to queue
[2022-06-20 17:31:50,015] {logging_mixin.py:109} INFO - [2022-06-20 17:31:50,015] {dagbag.py:500} INFO - Filling up the DagBag from /home/leizo/.local/lib/python3.8/site-packages/airflow/example_dags/subdags/subdag.py
[2022-06-20 17:31:50,019] {processor.py:654} WARNING - No viable dags retrieved from /home/leizo/.local/lib/python3.8/site-packages/airflow/example_dags/subdags/subdag.py
[2022-06-20 17:31:50,033] {processor.py:171} INFO - Processing /home/leizo/.local/lib/python3.8/site-packages/airflow/example_dags/subdags/subdag.py took 0.025 seconds
[2022-06-20 17:35:01,269] {processor.py:163} INFO - Started process (PID=4916) to work on /home/leizo/.local/lib/python3.8/site-packages/airflow/example_dags/subdags/subdag.py
[2022-06-20 17:35:01,271] {processor.py:642} INFO - Processing file /home/leizo/.local/lib/python3.8/site-packages/airflow/example_dags/subdags/subdag.py for tasks to queue
[2022-06-20 17:35:01,271] {logging_mixin.py:109} INFO - [2022-06-20 17:35:01,271] {dagbag.py:500} INFO - Filling up the DagBag from /home/leizo/.local/lib/python3.8/site-packages/airflow/example_dags/subdags/subdag.py
[2022-06-20 17:35:01,273] {processor.py:654} WARNING - No viable dags retrieved from /home/leizo/.local/lib/python3.8/site-packages/airflow/example_dags/subdags/subdag.py
[2022-06-20 17:35:01,280] {processor.py:171} INFO - Processing /home/leizo/.local/lib/python3.8/site-packages/airflow/example_dags/subdags/subdag.py took 0.013 seconds
