[2022-06-14 09:31:08,187] {taskinstance.py:1043} INFO - Dependencies all met for <TaskInstance: my_first_dag.format_data_from_spotify manual__2022-06-14T07:29:56.541745+00:00 [queued]>
[2022-06-14 09:31:08,192] {taskinstance.py:1043} INFO - Dependencies all met for <TaskInstance: my_first_dag.format_data_from_spotify manual__2022-06-14T07:29:56.541745+00:00 [queued]>
[2022-06-14 09:31:08,192] {taskinstance.py:1249} INFO - 
--------------------------------------------------------------------------------
[2022-06-14 09:31:08,192] {taskinstance.py:1250} INFO - Starting attempt 1 of 2
[2022-06-14 09:31:08,192] {taskinstance.py:1251} INFO - 
--------------------------------------------------------------------------------
[2022-06-14 09:31:08,205] {taskinstance.py:1270} INFO - Executing <Task(PythonOperator): format_data_from_spotify> on 2022-06-14 07:29:56.541745+00:00
[2022-06-14 09:31:08,207] {standard_task_runner.py:52} INFO - Started process 9372 to run task
[2022-06-14 09:31:08,211] {standard_task_runner.py:79} INFO - Running: ['airflow', 'tasks', 'run', 'my_first_dag', 'format_data_from_spotify', 'manual__2022-06-14T07:29:56.541745+00:00', '--job-id', '64', '--raw', '--subdir', 'DAGS_FOLDER/my_first_dag.py', '--cfg-path', '/tmp/tmp5exd8v5o', '--error-file', '/tmp/tmpbuvym8am']
[2022-06-14 09:31:08,212] {standard_task_runner.py:80} INFO - Job 64: Subtask format_data_from_spotify
[2022-06-14 09:31:08,248] {logging_mixin.py:109} INFO - Running <TaskInstance: my_first_dag.format_data_from_spotify manual__2022-06-14T07:29:56.541745+00:00 [running]> on host LAPTOP-M1F9EL62.localdomain
[2022-06-14 09:31:08,291] {taskinstance.py:1446} INFO - Exporting the following env vars:
AIRFLOW_CTX_DAG_EMAIL=airflow@example.com
AIRFLOW_CTX_DAG_OWNER=airflow
AIRFLOW_CTX_DAG_ID=my_first_dag
AIRFLOW_CTX_TASK_ID=format_data_from_spotify
AIRFLOW_CTX_EXECUTION_DATE=2022-06-14T07:29:56.541745+00:00
AIRFLOW_CTX_DAG_RUN_ID=manual__2022-06-14T07:29:56.541745+00:00
[2022-06-14 09:31:13,238] {logging_mixin.py:109} INFO - paquet already exists dailyMix1 20220614
[2022-06-14 09:31:13,563] {logging_mixin.py:109} INFO - paquet already exists dailyMix2 20220614
[2022-06-14 09:31:13,926] {logging_mixin.py:109} INFO - paquet already exists dailyMix3 20220614
[2022-06-14 09:31:14,371] {logging_mixin.py:109} INFO - paquet already exists dailyMix4 20220614
[2022-06-14 09:31:14,682] {logging_mixin.py:109} INFO - paquet already exists dailyMix5 20220614
[2022-06-14 09:31:14,926] {logging_mixin.py:109} INFO - paquet already exists dailyMix6 20220614
[2022-06-14 09:31:15,170] {logging_mixin.py:109} INFO - paquet already exists mixRock 20220614
[2022-06-14 09:31:15,425] {logging_mixin.py:109} INFO - paquet already exists mixIndie 20220614
[2022-06-14 09:31:15,659] {logging_mixin.py:109} INFO - paquet already exists feelGoodIndieRock 20220614
[2022-06-14 09:31:15,882] {logging_mixin.py:109} INFO - paquet already exists topAlternative 20220614
[2022-06-14 09:31:15,882] {python.py:175} INFO - Done. Returned value was: None
[2022-06-14 09:31:15,889] {taskinstance.py:1278} INFO - Marking task as SUCCESS. dag_id=my_first_dag, task_id=format_data_from_spotify, execution_date=20220614T072956, start_date=20220614T073108, end_date=20220614T073115
[2022-06-14 09:31:15,929] {local_task_job.py:154} INFO - Task exited with return code 0
[2022-06-14 09:31:15,961] {local_task_job.py:264} INFO - 1 downstream tasks scheduled from follow-on schedule check
