[2022-06-16 00:46:36,914] {taskinstance.py:1043} INFO - Dependencies all met for <TaskInstance: my_first_dag.fetch_data_from_spotify manual__2022-06-15T22:45:35.067806+00:00 [queued]>
[2022-06-16 00:46:36,926] {taskinstance.py:1043} INFO - Dependencies all met for <TaskInstance: my_first_dag.fetch_data_from_spotify manual__2022-06-15T22:45:35.067806+00:00 [queued]>
[2022-06-16 00:46:36,926] {taskinstance.py:1249} INFO - 
--------------------------------------------------------------------------------
[2022-06-16 00:46:36,926] {taskinstance.py:1250} INFO - Starting attempt 1 of 2
[2022-06-16 00:46:36,926] {taskinstance.py:1251} INFO - 
--------------------------------------------------------------------------------
[2022-06-16 00:46:36,942] {taskinstance.py:1270} INFO - Executing <Task(PythonOperator): fetch_data_from_spotify> on 2022-06-15 22:45:35.067806+00:00
[2022-06-16 00:46:36,944] {standard_task_runner.py:52} INFO - Started process 12951 to run task
[2022-06-16 00:46:36,947] {standard_task_runner.py:79} INFO - Running: ['airflow', 'tasks', 'run', 'my_first_dag', 'fetch_data_from_spotify', 'manual__2022-06-15T22:45:35.067806+00:00', '--job-id', '72', '--raw', '--subdir', 'DAGS_FOLDER/my_first_dag.py', '--cfg-path', '/tmp/tmp3kkk15bl', '--error-file', '/tmp/tmp1ae8xgmg']
[2022-06-16 00:46:36,948] {standard_task_runner.py:80} INFO - Job 72: Subtask fetch_data_from_spotify
[2022-06-16 00:46:37,003] {logging_mixin.py:109} INFO - Running <TaskInstance: my_first_dag.fetch_data_from_spotify manual__2022-06-15T22:45:35.067806+00:00 [running]> on host LAPTOP-M1F9EL62.localdomain
[2022-06-16 00:46:37,054] {taskinstance.py:1446} INFO - Exporting the following env vars:
AIRFLOW_CTX_DAG_EMAIL=airflow@example.com
AIRFLOW_CTX_DAG_OWNER=airflow
AIRFLOW_CTX_DAG_ID=my_first_dag
AIRFLOW_CTX_TASK_ID=fetch_data_from_spotify
AIRFLOW_CTX_EXECUTION_DATE=2022-06-15T22:45:35.067806+00:00
AIRFLOW_CTX_DAG_RUN_ID=manual__2022-06-15T22:45:35.067806+00:00
[2022-06-16 00:46:37,449] {logging_mixin.py:109} INFO - Writing here:  /home/leizo/datalake/raw/spotify/playlists/dailyMix1/20220616/
[2022-06-16 00:46:37,830] {logging_mixin.py:109} INFO - Writing here:  /home/leizo/datalake/raw/spotify/playlists/dailyMix2/20220616/
[2022-06-16 00:46:38,192] {logging_mixin.py:109} INFO - Writing here:  /home/leizo/datalake/raw/spotify/playlists/dailyMix3/20220616/
[2022-06-16 00:46:38,591] {logging_mixin.py:109} INFO - Writing here:  /home/leizo/datalake/raw/spotify/playlists/dailyMix4/20220616/
[2022-06-16 00:46:39,833] {logging_mixin.py:109} INFO - Writing here:  /home/leizo/datalake/raw/spotify/playlists/dailyMix5/20220616/
[2022-06-16 00:46:40,192] {logging_mixin.py:109} INFO - Writing here:  /home/leizo/datalake/raw/spotify/playlists/dailyMix6/20220616/
[2022-06-16 00:46:40,621] {logging_mixin.py:109} INFO - Writing here:  /home/leizo/datalake/raw/spotify/playlists/mixRock/20220616/
[2022-06-16 00:46:41,245] {logging_mixin.py:109} INFO - Writing here:  /home/leizo/datalake/raw/spotify/playlists/mixIndie/20220616/
[2022-06-16 00:46:42,278] {logging_mixin.py:109} INFO - Writing here:  /home/leizo/datalake/raw/spotify/playlists/feelGoodIndieRock/20220616/
[2022-06-16 00:46:42,789] {logging_mixin.py:109} INFO - Writing here:  /home/leizo/datalake/raw/spotify/playlists/topAlternative/20220616/
[2022-06-16 00:46:42,795] {python.py:175} INFO - Done. Returned value was: None
[2022-06-16 00:46:42,803] {taskinstance.py:1278} INFO - Marking task as SUCCESS. dag_id=my_first_dag, task_id=fetch_data_from_spotify, execution_date=20220615T224535, start_date=20220615T224636, end_date=20220615T224642
[2022-06-16 00:46:42,846] {local_task_job.py:154} INFO - Task exited with return code 0
[2022-06-16 00:46:42,878] {local_task_job.py:264} INFO - 1 downstream tasks scheduled from follow-on schedule check
