[2022-06-13 22:37:38,782] {taskinstance.py:1043} INFO - Dependencies all met for <TaskInstance: my_first_dag.produce_usage manual__2022-06-13T20:37:14.187954+00:00 [queued]>
[2022-06-13 22:37:38,793] {taskinstance.py:1043} INFO - Dependencies all met for <TaskInstance: my_first_dag.produce_usage manual__2022-06-13T20:37:14.187954+00:00 [queued]>
[2022-06-13 22:37:38,794] {taskinstance.py:1249} INFO - 
--------------------------------------------------------------------------------
[2022-06-13 22:37:38,794] {taskinstance.py:1250} INFO - Starting attempt 1 of 2
[2022-06-13 22:37:38,794] {taskinstance.py:1251} INFO - 
--------------------------------------------------------------------------------
[2022-06-13 22:37:38,808] {taskinstance.py:1270} INFO - Executing <Task(PythonOperator): produce_usage> on 2022-06-13 20:37:14.187954+00:00
[2022-06-13 22:37:38,810] {standard_task_runner.py:52} INFO - Started process 5531 to run task
[2022-06-13 22:37:38,814] {standard_task_runner.py:79} INFO - Running: ['airflow', 'tasks', 'run', 'my_first_dag', 'produce_usage', 'manual__2022-06-13T20:37:14.187954+00:00', '--job-id', '57', '--raw', '--subdir', 'DAGS_FOLDER/my_first_dag.py', '--cfg-path', '/tmp/tmpb43x1vn8', '--error-file', '/tmp/tmpyxtmp41x']
[2022-06-13 22:37:38,815] {standard_task_runner.py:80} INFO - Job 57: Subtask produce_usage
[2022-06-13 22:37:38,899] {logging_mixin.py:109} INFO - Running <TaskInstance: my_first_dag.produce_usage manual__2022-06-13T20:37:14.187954+00:00 [running]> on host LAPTOP-M1F9EL62.localdomain
[2022-06-13 22:37:38,987] {taskinstance.py:1446} INFO - Exporting the following env vars:
AIRFLOW_CTX_DAG_EMAIL=airflow@example.com
AIRFLOW_CTX_DAG_OWNER=airflow
AIRFLOW_CTX_DAG_ID=my_first_dag
AIRFLOW_CTX_TASK_ID=produce_usage
AIRFLOW_CTX_EXECUTION_DATE=2022-06-13T20:37:14.187954+00:00
AIRFLOW_CTX_DAG_RUN_ID=manual__2022-06-13T20:37:14.187954+00:00
[2022-06-13 22:37:38,989] {logging_mixin.py:109} INFO - Hello Airflow - This is Task with task_number: task5
[2022-06-13 22:37:38,989] {logging_mixin.py:109} INFO - kwargs['dag_run'] 2022-06-13 20:37:14.187954+00:00
[2022-06-13 22:37:38,990] {python.py:175} INFO - Done. Returned value was: None
[2022-06-13 22:37:39,002] {taskinstance.py:1278} INFO - Marking task as SUCCESS. dag_id=my_first_dag, task_id=produce_usage, execution_date=20220613T203714, start_date=20220613T203738, end_date=20220613T203739
[2022-06-13 22:37:39,027] {local_task_job.py:154} INFO - Task exited with return code 0
[2022-06-13 22:37:39,055] {local_task_job.py:264} INFO - 1 downstream tasks scheduled from follow-on schedule check
