[2022-06-20 16:14:24,798] {taskinstance.py:1043} INFO - Dependencies all met for <TaskInstance: my_first_dag.format_data_from_spotify manual__2022-06-20T14:12:43.649664+00:00 [queued]>
[2022-06-20 16:14:24,804] {taskinstance.py:1043} INFO - Dependencies all met for <TaskInstance: my_first_dag.format_data_from_spotify manual__2022-06-20T14:12:43.649664+00:00 [queued]>
[2022-06-20 16:14:24,805] {taskinstance.py:1249} INFO - 
--------------------------------------------------------------------------------
[2022-06-20 16:14:24,805] {taskinstance.py:1250} INFO - Starting attempt 1 of 2
[2022-06-20 16:14:24,805] {taskinstance.py:1251} INFO - 
--------------------------------------------------------------------------------
[2022-06-20 16:14:24,817] {taskinstance.py:1270} INFO - Executing <Task(PythonOperator): format_data_from_spotify> on 2022-06-20 14:12:43.649664+00:00
[2022-06-20 16:14:24,819] {standard_task_runner.py:52} INFO - Started process 24816 to run task
[2022-06-20 16:14:24,823] {standard_task_runner.py:79} INFO - Running: ['airflow', 'tasks', 'run', 'my_first_dag', 'format_data_from_spotify', 'manual__2022-06-20T14:12:43.649664+00:00', '--job-id', '86', '--raw', '--subdir', 'DAGS_FOLDER/my_first_dag.py', '--cfg-path', '/tmp/tmpenbe4f2t', '--error-file', '/tmp/tmpkrr0fip2']
[2022-06-20 16:14:24,823] {standard_task_runner.py:80} INFO - Job 86: Subtask format_data_from_spotify
[2022-06-20 16:14:24,864] {logging_mixin.py:109} INFO - Running <TaskInstance: my_first_dag.format_data_from_spotify manual__2022-06-20T14:12:43.649664+00:00 [running]> on host LAPTOP-M1F9EL62.localdomain
[2022-06-20 16:14:24,898] {taskinstance.py:1446} INFO - Exporting the following env vars:
AIRFLOW_CTX_DAG_EMAIL=airflow@example.com
AIRFLOW_CTX_DAG_OWNER=airflow
AIRFLOW_CTX_DAG_ID=my_first_dag
AIRFLOW_CTX_TASK_ID=format_data_from_spotify
AIRFLOW_CTX_EXECUTION_DATE=2022-06-20T14:12:43.649664+00:00
AIRFLOW_CTX_DAG_RUN_ID=manual__2022-06-20T14:12:43.649664+00:00
[2022-06-20 16:14:25,569] {logging_mixin.py:109} INFO - paquet already exists dailyMix1 20220620
[2022-06-20 16:14:25,987] {logging_mixin.py:109} INFO - paquet already exists dailyMix2 20220620
[2022-06-20 16:14:26,344] {logging_mixin.py:109} INFO - paquet already exists dailyMix3 20220620
[2022-06-20 16:14:26,678] {logging_mixin.py:109} INFO - paquet already exists dailyMix4 20220620
[2022-06-20 16:14:27,001] {logging_mixin.py:109} INFO - paquet already exists dailyMix5 20220620
[2022-06-20 16:14:27,465] {logging_mixin.py:109} INFO - paquet already exists dailyMix6 20220620
[2022-06-20 16:14:27,780] {logging_mixin.py:109} INFO - paquet already exists mixRock 20220620
[2022-06-20 16:14:28,011] {logging_mixin.py:109} INFO - paquet already exists mixIndie 20220620
[2022-06-20 16:14:28,258] {logging_mixin.py:109} INFO - paquet already exists feelGoodIndieRock 20220620
[2022-06-20 16:14:28,486] {logging_mixin.py:109} INFO - paquet already exists topAlternative 20220620
[2022-06-20 16:14:28,486] {python.py:175} INFO - Done. Returned value was: None
[2022-06-20 16:14:28,493] {taskinstance.py:1278} INFO - Marking task as SUCCESS. dag_id=my_first_dag, task_id=format_data_from_spotify, execution_date=20220620T141243, start_date=20220620T141424, end_date=20220620T141428
[2022-06-20 16:14:28,517] {local_task_job.py:154} INFO - Task exited with return code 0
[2022-06-20 16:14:28,546] {local_task_job.py:264} INFO - 1 downstream tasks scheduled from follow-on schedule check
