[2022-06-17 01:00:07,557] {processor.py:163} INFO - Started process (PID=26082) to work on /home/leizo/airflow/dags/lib/raw_to_fmt_lastfm.py
[2022-06-17 01:00:07,558] {processor.py:642} INFO - Processing file /home/leizo/airflow/dags/lib/raw_to_fmt_lastfm.py for tasks to queue
[2022-06-17 01:00:07,560] {logging_mixin.py:109} INFO - [2022-06-17 01:00:07,560] {dagbag.py:500} INFO - Filling up the DagBag from /home/leizo/airflow/dags/lib/raw_to_fmt_lastfm.py
[2022-06-17 01:00:15,555] {logging_mixin.py:109} INFO - doesn't exist topArtist rock 20220617
[2022-06-17 01:00:15,555] {logging_mixin.py:109} INFO - doesn't exist topArtist indie 20220617
[2022-06-17 01:00:15,556] {logging_mixin.py:109} INFO - doesn't exist topArtist indie rock 20220617
[2022-06-17 01:00:15,556] {logging_mixin.py:109} INFO - doesn't exist topArtist alternative 20220617
[2022-06-17 01:00:15,556] {logging_mixin.py:109} INFO - doesn't exist topArtist pop 20220617
[2022-06-17 01:00:15,556] {logging_mixin.py:109} INFO - doesn't exist topTracks rock 20220617
[2022-06-17 01:00:15,556] {logging_mixin.py:109} INFO - doesn't exist topTracks indie 20220617
[2022-06-17 01:00:15,556] {logging_mixin.py:109} INFO - doesn't exist topTracks indie rock 20220617
[2022-06-17 01:00:15,556] {logging_mixin.py:109} INFO - doesn't exist topTracks alternative 20220617
[2022-06-17 01:00:15,556] {logging_mixin.py:109} INFO - doesn't exist topTracks pop 20220617
[2022-06-17 01:00:15,557] {processor.py:654} WARNING - No viable dags retrieved from /home/leizo/airflow/dags/lib/raw_to_fmt_lastfm.py
[2022-06-17 01:00:15,572] {processor.py:171} INFO - Processing /home/leizo/airflow/dags/lib/raw_to_fmt_lastfm.py took 8.018 seconds
[2022-06-17 01:01:11,991] {processor.py:163} INFO - Started process (PID=26711) to work on /home/leizo/airflow/dags/lib/raw_to_fmt_lastfm.py
[2022-06-17 01:01:11,993] {processor.py:642} INFO - Processing file /home/leizo/airflow/dags/lib/raw_to_fmt_lastfm.py for tasks to queue
[2022-06-17 01:01:11,994] {logging_mixin.py:109} INFO - [2022-06-17 01:01:11,994] {dagbag.py:500} INFO - Filling up the DagBag from /home/leizo/airflow/dags/lib/raw_to_fmt_lastfm.py
[2022-06-17 01:01:26,500] {logging_mixin.py:109} INFO - doesn't exist topArtist rock 20220617
[2022-06-17 01:01:26,501] {logging_mixin.py:109} INFO - doesn't exist topArtist indie 20220617
[2022-06-17 01:01:26,501] {logging_mixin.py:109} INFO - doesn't exist topArtist indie rock 20220617
[2022-06-17 01:01:26,501] {logging_mixin.py:109} INFO - doesn't exist topArtist alternative 20220617
[2022-06-17 01:01:26,501] {logging_mixin.py:109} INFO - doesn't exist topArtist pop 20220617
[2022-06-17 01:01:26,501] {logging_mixin.py:109} INFO - doesn't exist topTracks rock 20220617
[2022-06-17 01:01:26,501] {logging_mixin.py:109} INFO - doesn't exist topTracks indie 20220617
[2022-06-17 01:01:26,502] {logging_mixin.py:109} INFO - doesn't exist topTracks indie rock 20220617
[2022-06-17 01:01:26,502] {logging_mixin.py:109} INFO - doesn't exist topTracks alternative 20220617
[2022-06-17 01:01:26,502] {logging_mixin.py:109} INFO - doesn't exist topTracks pop 20220617
[2022-06-17 01:01:26,502] {processor.py:654} WARNING - No viable dags retrieved from /home/leizo/airflow/dags/lib/raw_to_fmt_lastfm.py
[2022-06-17 01:01:26,524] {processor.py:171} INFO - Processing /home/leizo/airflow/dags/lib/raw_to_fmt_lastfm.py took 14.536 seconds
[2022-06-17 01:02:08,049] {processor.py:163} INFO - Started process (PID=27677) to work on /home/leizo/airflow/dags/lib/raw_to_fmt_lastfm.py
[2022-06-17 01:02:08,050] {processor.py:642} INFO - Processing file /home/leizo/airflow/dags/lib/raw_to_fmt_lastfm.py for tasks to queue
[2022-06-17 01:02:08,051] {logging_mixin.py:109} INFO - [2022-06-17 01:02:08,051] {dagbag.py:500} INFO - Filling up the DagBag from /home/leizo/airflow/dags/lib/raw_to_fmt_lastfm.py
[2022-06-17 01:02:29,057] {logging_mixin.py:109} INFO - paquet already exists topArtist rock 20220617
[2022-06-17 01:02:29,528] {logging_mixin.py:109} INFO - paquet already exists topArtist indie 20220617
[2022-06-17 01:02:29,937] {logging_mixin.py:109} INFO - paquet already exists topArtist indie rock 20220617
[2022-06-17 01:02:30,386] {logging_mixin.py:109} INFO - paquet already exists topArtist alternative 20220617
[2022-06-17 01:02:30,802] {logging_mixin.py:109} INFO - paquet already exists topArtist pop 20220617
[2022-06-17 01:02:31,163] {logging_mixin.py:109} INFO - paquet already exists topTracks rock 20220617
[2022-06-17 01:02:31,577] {logging_mixin.py:109} INFO - paquet already exists topTracks indie 20220617
[2022-06-17 01:02:31,960] {logging_mixin.py:109} INFO - paquet already exists topTracks indie rock 20220617
[2022-06-17 01:02:32,331] {logging_mixin.py:109} INFO - paquet already exists topTracks alternative 20220617
[2022-06-17 01:02:32,742] {logging_mixin.py:109} INFO - paquet already exists topTracks pop 20220617
[2022-06-17 01:02:32,743] {processor.py:654} WARNING - No viable dags retrieved from /home/leizo/airflow/dags/lib/raw_to_fmt_lastfm.py
[2022-06-17 01:02:32,754] {processor.py:171} INFO - Processing /home/leizo/airflow/dags/lib/raw_to_fmt_lastfm.py took 24.708 seconds
