[2022-06-20 16:40:03,288] {taskinstance.py:1043} INFO - Dependencies all met for <TaskInstance: my_first_dag.fetch_data_from_lastfm manual__2022-06-20T14:39:37.517208+00:00 [queued]>
[2022-06-20 16:40:03,296] {taskinstance.py:1043} INFO - Dependencies all met for <TaskInstance: my_first_dag.fetch_data_from_lastfm manual__2022-06-20T14:39:37.517208+00:00 [queued]>
[2022-06-20 16:40:03,296] {taskinstance.py:1249} INFO - 
--------------------------------------------------------------------------------
[2022-06-20 16:40:03,296] {taskinstance.py:1250} INFO - Starting attempt 1 of 2
[2022-06-20 16:40:03,296] {taskinstance.py:1251} INFO - 
--------------------------------------------------------------------------------
[2022-06-20 16:40:03,309] {taskinstance.py:1270} INFO - Executing <Task(PythonOperator): fetch_data_from_lastfm> on 2022-06-20 14:39:37.517208+00:00
[2022-06-20 16:40:03,313] {standard_task_runner.py:52} INFO - Started process 10709 to run task
[2022-06-20 16:40:03,318] {standard_task_runner.py:79} INFO - Running: ['airflow', 'tasks', 'run', 'my_first_dag', 'fetch_data_from_lastfm', 'manual__2022-06-20T14:39:37.517208+00:00', '--job-id', '88', '--raw', '--subdir', 'DAGS_FOLDER/my_first_dag.py', '--cfg-path', '/tmp/tmp8fiuejh8', '--error-file', '/tmp/tmpqieek9qq']
[2022-06-20 16:40:03,319] {standard_task_runner.py:80} INFO - Job 88: Subtask fetch_data_from_lastfm
[2022-06-20 16:40:03,365] {logging_mixin.py:109} INFO - Running <TaskInstance: my_first_dag.fetch_data_from_lastfm manual__2022-06-20T14:39:37.517208+00:00 [running]> on host LAPTOP-M1F9EL62.localdomain
[2022-06-20 16:40:03,414] {taskinstance.py:1446} INFO - Exporting the following env vars:
AIRFLOW_CTX_DAG_EMAIL=airflow@example.com
AIRFLOW_CTX_DAG_OWNER=airflow
AIRFLOW_CTX_DAG_ID=my_first_dag
AIRFLOW_CTX_TASK_ID=fetch_data_from_lastfm
AIRFLOW_CTX_EXECUTION_DATE=2022-06-20T14:39:37.517208+00:00
AIRFLOW_CTX_DAG_RUN_ID=manual__2022-06-20T14:39:37.517208+00:00
[2022-06-20 16:40:04,253] {logging_mixin.py:109} INFO - Writing here:  /home/leizo/datalake/raw/lastfm/topArtist/rock/20220620/
[2022-06-20 16:40:05,373] {logging_mixin.py:109} INFO - Writing here:  /home/leizo/datalake/raw/lastfm/topTracks/rock/20220620/
[2022-06-20 16:40:06,139] {logging_mixin.py:109} INFO - Writing here:  /home/leizo/datalake/raw/lastfm/topArtist/indie/20220620/
[2022-06-20 16:40:06,855] {logging_mixin.py:109} INFO - Writing here:  /home/leizo/datalake/raw/lastfm/topTracks/indie/20220620/
[2022-06-20 16:40:08,085] {logging_mixin.py:109} INFO - Writing here:  /home/leizo/datalake/raw/lastfm/topArtist/indie rock/20220620/
[2022-06-20 16:40:09,374] {logging_mixin.py:109} INFO - Writing here:  /home/leizo/datalake/raw/lastfm/topTracks/indie rock/20220620/
[2022-06-20 16:40:10,681] {logging_mixin.py:109} INFO - Writing here:  /home/leizo/datalake/raw/lastfm/topArtist/alternative/20220620/
[2022-06-20 16:40:11,778] {logging_mixin.py:109} INFO - Writing here:  /home/leizo/datalake/raw/lastfm/topTracks/alternative/20220620/
[2022-06-20 16:40:12,485] {logging_mixin.py:109} INFO - Writing here:  /home/leizo/datalake/raw/lastfm/topArtist/pop/20220620/
[2022-06-20 16:40:13,224] {logging_mixin.py:109} INFO - Writing here:  /home/leizo/datalake/raw/lastfm/topTracks/pop/20220620/
[2022-06-20 16:40:13,226] {python.py:175} INFO - Done. Returned value was: None
[2022-06-20 16:40:13,233] {taskinstance.py:1278} INFO - Marking task as SUCCESS. dag_id=my_first_dag, task_id=fetch_data_from_lastfm, execution_date=20220620T143937, start_date=20220620T144003, end_date=20220620T144013
[2022-06-20 16:40:13,285] {local_task_job.py:154} INFO - Task exited with return code 0
[2022-06-20 16:40:13,310] {local_task_job.py:264} INFO - 1 downstream tasks scheduled from follow-on schedule check
